2023/11/17 09:34:09.792 - INICIO REGISTRO
2023/11/17 09:34:12.106 - MENSAJE: (FrondEnd CargaRecursos): Carga Controles - OK
2023/11/17 09:34:13.176 - MENSAJE: (FrondEnd CargaImagenes): Carga Imagenes - OK
2023/11/17 09:34:19.704 - MENSAJE: (Presenter ObtenerInfoModulo) OK
2023/11/17 09:34:20.830 - MENSAJE: (Presenter ObtenerInfoPartes) OK
2023/11/17 09:34:21.913 - MENSAJE: (Presenter ObtenerInfoParametros) OK
2023/11/17 09:34:29.062 - MENSAJE: 
2023/11/17 09:48:49.991 - INICIO REGISTRO
2023/11/17 09:48:58.767 - MENSAJE: (FrondEnd CargaRecursos): Carga Controles - OK
2023/11/17 09:49:00.428 - MENSAJE: (FrondEnd CargaImagenes): Carga Imagenes - OK
2023/11/17 09:49:03.391 - MENSAJE: (Presenter ObtenerInfoModulo) OK
2023/11/17 09:49:03.433 - MENSAJE: (Presenter ObtenerInfoPartes) OK
2023/11/17 09:49:03.460 - MENSAJE: (Presenter ObtenerInfoParametros) OK
2023/11/17 09:49:05.044 - MENSAJE: 
2023/11/17 09:49:07.442 - MENSAJE: (PRESENTER) Error Borrado Varibales PLC
2023/11/17 09:49:10.805 - MENSAJE: 
2023/11/17 09:49:10.811 - MENSAJE: 
2023/11/17 09:49:10.812 - MENSAJE: 
2023/11/17 09:49:10.898 - MENSAJE: 
2023/11/17 09:49:10.899 - MENSAJE: 
2023/11/17 09:49:10.909 - MENSAJE: 
2023/11/17 09:49:11.793 - MENSAJE: 
2023/11/17 09:49:11.793 - MENSAJE: 
2023/11/17 09:49:11.804 - MENSAJE: 
2023/11/17 09:49:12.794 - MENSAJE: 
2023/11/17 09:49:12.796 - MENSAJE: 
2023/11/17 09:49:12.804 - MENSAJE: 
2023/11/17 09:49:13.793 - MENSAJE: 
2023/11/17 09:49:13.793 - MENSAJE: 
2023/11/17 09:49:13.804 - MENSAJE: 
2023/11/17 09:49:14.809 - MENSAJE: 
2023/11/17 09:49:14.809 - MENSAJE: 
2023/11/17 09:49:14.820 - MENSAJE: 
2023/11/17 09:49:15.796 - MENSAJE: 
2023/11/17 09:49:15.796 - MENSAJE: 
2023/11/17 09:49:15.806 - MENSAJE: 
2023/11/17 09:49:16.823 - MENSAJE: 
2023/11/17 09:49:16.823 - MENSAJE: 
2023/11/17 09:49:16.839 - MENSAJE: 
2023/11/17 09:49:17.795 - MENSAJE: 
2023/11/17 09:49:17.795 - MENSAJE: 
2023/11/17 09:49:17.805 - MENSAJE: 
2023/11/17 09:49:18.787 - MENSAJE: 
2023/11/17 09:49:18.787 - MENSAJE: 
2023/11/17 09:49:18.797 - MENSAJE: 
2023/11/17 09:49:19.801 - MENSAJE: 
2023/11/17 09:49:19.801 - MENSAJE: 
2023/11/17 09:49:19.812 - MENSAJE: 
