2023/11/20 10:46:29.002 - INICIO REGISTRO
2023/11/20 10:46:29.012 - MENSAJE: (FrondEnd CargaRecursos): Carga Controles - OK
2023/11/20 10:46:29.179 - MENSAJE: (FrondEnd CargaImagenes): Carga Imagenes - OK
2023/11/20 10:46:30.113 - MENSAJE: (Presenter ObtenerInfoModulo) OK
2023/11/20 10:46:30.156 - MENSAJE: (Presenter ObtenerInfoPartes) OK
2023/11/20 10:46:30.192 - MENSAJE: (Presenter ObtenerInfoParametros) OK
2023/11/20 10:46:30.447 - MENSAJE: (PRESENTER) Error Borrado Varibales PLC
2023/11/20 10:47:25.348 - INICIO REGISTRO
2023/11/20 10:47:25.360 - MENSAJE: (FrondEnd CargaRecursos): Carga Controles - OK
2023/11/20 10:47:25.533 - MENSAJE: (FrondEnd CargaImagenes): Carga Imagenes - OK
2023/11/20 10:47:26.000 - MENSAJE: (Presenter ObtenerInfoModulo) OK
2023/11/20 10:47:26.029 - MENSAJE: (Presenter ObtenerInfoPartes) OK
2023/11/20 10:47:26.051 - MENSAJE: (Presenter ObtenerInfoParametros) OK
2023/11/20 10:47:26.161 - MENSAJE: (PRESENTER) Error Borrado Varibales PLC
2023/11/20 10:47:26.413 - MENSAJE: 
2023/11/20 10:47:26.414 - MENSAJE: 
2023/11/20 10:47:32.275 - MENSAJE: 
2023/11/20 10:47:43.114 - MENSAJE: Front End Secuencia IdTranasaccion: 2023112009364611
2023/11/20 10:47:44.120 - MENSAJE: 20/11/2023 10:38:36 a. m.
2023/11/20 10:47:44.121 - MENSAJE: ANTES DE OBTENER EVENTO
2023/11/20 10:47:44.157 - MENSAJE: ERROR Presenter ObtenerEvento
2023/11/20 10:47:44.158 - MENSAJE: DESPUES DE OBTENER EVENTO
2023/11/20 10:47:44.162 - MENSAJE: CALCULO TIEMPO FECHA ACTUAL CON LA FECHA DEL EVENTO
2023/11/20 10:47:44.163 - MENSAJE: HORAS :
2023/11/20 10:47:44.164 - MENSAJE: HORAS VACIO CALCULA TIMEPO DE REPAGO
2023/11/20 10:48:48.778 - INICIO REGISTRO
2023/11/20 10:48:48.787 - MENSAJE: (FrondEnd CargaRecursos): Carga Controles - OK
2023/11/20 10:48:48.961 - MENSAJE: (FrondEnd CargaImagenes): Carga Imagenes - OK
2023/11/20 10:48:49.420 - MENSAJE: (Presenter ObtenerInfoModulo) OK
2023/11/20 10:48:49.449 - MENSAJE: (Presenter ObtenerInfoPartes) OK
2023/11/20 10:48:49.470 - MENSAJE: (Presenter ObtenerInfoParametros) OK
2023/11/20 10:48:49.577 - MENSAJE: (PRESENTER) Error Borrado Varibales PLC
2023/11/20 10:49:03.990 - MENSAJE: Front End Secuencia IdTranasaccion: 2023112009364611
2023/11/20 10:49:04.440 - MENSAJE: 20/11/2023 10:38:36 a. m.
2023/11/20 10:49:04.441 - MENSAJE: ANTES DE OBTENER EVENTO
2023/11/20 10:49:04.458 - MENSAJE: ERROR Presenter ObtenerEvento
2023/11/20 10:49:04.458 - MENSAJE: DESPUES DE OBTENER EVENTO
2023/11/20 10:49:04.459 - MENSAJE: CALCULO TIEMPO FECHA ACTUAL CON LA FECHA DEL EVENTO
2023/11/20 10:49:04.460 - MENSAJE: HORAS :
2023/11/20 10:49:04.460 - MENSAJE: HORAS VACIO CALCULA TIMEPO DE REPAGO
2023/11/20 10:50:22.185 - INICIO REGISTRO
2023/11/20 10:50:22.193 - MENSAJE: (FrondEnd CargaRecursos): Carga Controles - OK
2023/11/20 10:50:22.366 - MENSAJE: (FrondEnd CargaImagenes): Carga Imagenes - OK
2023/11/20 10:50:22.887 - MENSAJE: (Presenter ObtenerInfoModulo) OK
2023/11/20 10:50:22.918 - MENSAJE: (Presenter ObtenerInfoPartes) OK
2023/11/20 10:50:22.941 - MENSAJE: (Presenter ObtenerInfoParametros) OK
2023/11/20 10:50:23.161 - MENSAJE: (PRESENTER) Error Borrado Varibales PLC
2023/11/20 10:50:31.281 - MENSAJE: Front End Secuencia IdTranasaccion: 2023112009464311
2023/11/20 10:50:35.383 - MENSAJE: (PRESENTER) Error Borrado Varibales PLC
2023/11/20 10:51:43.643 - MENSAJE: Front End Secuencia IdTranasaccion: 2023112009464311
2023/11/20 10:51:43.742 - MENSAJE: 20/11/2023 10:45:38 a. m.
2023/11/20 10:51:43.743 - MENSAJE: ANTES DE OBTENER EVENTO
2023/11/20 10:51:43.766 - MENSAJE: ERROR Presenter ObtenerEvento
2023/11/20 10:51:43.768 - MENSAJE: DESPUES DE OBTENER EVENTO
2023/11/20 10:51:43.769 - MENSAJE: CALCULO TIEMPO FECHA ACTUAL CON LA FECHA DEL EVENTO
2023/11/20 10:51:43.770 - MENSAJE: HORAS :
2023/11/20 10:51:43.770 - MENSAJE: HORAS VACIO CALCULA TIMEPO DE REPAGO
2023/11/20 10:51:54.130 - MENSAJE: 
2023/11/20 10:51:54.140 - MENSAJE: 
2023/11/20 10:51:54.766 - MENSAJE: 
2023/11/20 10:51:54.766 - MENSAJE: 
2023/11/20 10:51:54.777 - MENSAJE: 
2023/11/20 10:51:58.863 - MENSAJE: (PRESENTER) Error Borrado Varibales PLC
2023/11/20 10:51:59.859 - MENSAJE: 
2023/11/20 10:52:24.967 - MENSAJE: Front End Secuencia IdTranasaccion: 2023112010110511
2023/11/20 10:52:25.022 - MENSAJE: 20/11/2023 10:45:28 a. m.
2023/11/20 10:52:25.023 - MENSAJE: ANTES DE OBTENER EVENTO
2023/11/20 10:52:25.036 - MENSAJE: ERROR Presenter ObtenerEvento
2023/11/20 10:52:25.037 - MENSAJE: DESPUES DE OBTENER EVENTO
2023/11/20 10:52:25.038 - MENSAJE: CALCULO TIEMPO FECHA ACTUAL CON LA FECHA DEL EVENTO
2023/11/20 10:52:25.039 - MENSAJE: HORAS :
2023/11/20 10:52:25.040 - MENSAJE: HORAS VACIO CALCULA TIMEPO DE REPAGO
2023/11/20 10:52:30.027 - MENSAJE: (PRESENTER) Error Borrado Varibales PLC
2023/11/20 10:54:12.542 - MENSAJE: Front End Secuencia IdTranasaccion: 2023112010351611
2023/11/20 10:54:16.618 - MENSAJE: (PRESENTER) Error Borrado Varibales PLC
2023/11/20 10:54:17.614 - MENSAJE: 
2023/11/20 10:54:17.625 - MENSAJE: 
2023/11/20 10:54:18.605 - MENSAJE: 
2023/11/20 10:54:18.605 - MENSAJE: 
2023/11/20 10:54:18.616 - MENSAJE: 
2023/11/20 10:54:19.636 - MENSAJE: 
2023/11/20 10:56:35.364 - MENSAJE: 
2023/11/20 10:56:35.375 - MENSAJE: 
2023/11/20 10:56:36.367 - MENSAJE: 
2023/11/20 10:56:36.367 - MENSAJE: 
2023/11/20 10:56:36.378 - MENSAJE: 
2023/11/20 10:56:37.362 - MENSAJE: 
2023/11/20 10:56:37.362 - MENSAJE: 
2023/11/20 10:56:37.372 - MENSAJE: 
2023/11/20 10:56:38.401 - MENSAJE: 
2023/11/20 10:56:38.401 - MENSAJE: 
2023/11/20 10:56:38.412 - MENSAJE: 
2023/11/20 10:56:39.410 - MENSAJE: 
2023/11/20 10:56:39.410 - MENSAJE: 
2023/11/20 10:56:39.420 - MENSAJE: 
2023/11/20 10:56:40.386 - MENSAJE: 
2023/11/20 10:56:40.386 - MENSAJE: 
2023/11/20 10:56:40.397 - MENSAJE: 
2023/11/20 10:56:41.396 - MENSAJE: 
2023/11/20 10:56:41.396 - MENSAJE: 
2023/11/20 10:56:41.407 - MENSAJE: 
2023/11/20 10:56:42.391 - MENSAJE: 
2023/11/20 10:59:07.158 - MENSAJE: 
2023/11/20 10:59:07.167 - MENSAJE: 
2023/11/20 10:59:08.147 - MENSAJE: 
2023/11/20 10:59:08.147 - MENSAJE: 
2023/11/20 10:59:08.157 - MENSAJE: 
2023/11/20 10:59:09.148 - MENSAJE: 
2023/11/20 10:59:09.148 - MENSAJE: 
2023/11/20 10:59:09.159 - MENSAJE: 
2023/11/20 10:59:10.167 - MENSAJE: 
2023/11/20 11:00:54.804 - MENSAJE: 
2023/11/20 11:00:54.815 - MENSAJE: 
2023/11/20 11:00:55.786 - MENSAJE: 
2023/11/20 11:00:55.786 - MENSAJE: 
2023/11/20 11:00:55.797 - MENSAJE: 
2023/11/20 11:00:56.798 - MENSAJE: 
2023/11/20 11:00:56.798 - MENSAJE: 
2023/11/20 11:00:56.808 - MENSAJE: 
2023/11/20 11:00:57.787 - MENSAJE: 
2023/11/20 11:00:57.787 - MENSAJE: 
2023/11/20 11:00:57.798 - MENSAJE: 
2023/11/20 11:00:58.820 - MENSAJE: 
2023/11/20 11:00:58.821 - MENSAJE: 
2023/11/20 11:00:58.831 - MENSAJE: 
2023/11/20 11:00:59.832 - MENSAJE: 
2023/11/20 11:00:59.832 - MENSAJE: 
2023/11/20 11:00:59.843 - MENSAJE: 
2023/11/20 11:01:00.834 - MENSAJE: 
2023/11/20 11:02:38.382 - MENSAJE: 
2023/11/20 11:02:38.392 - MENSAJE: 
2023/11/20 11:02:39.368 - MENSAJE: 
2023/11/20 11:02:39.368 - MENSAJE: 
2023/11/20 11:02:39.378 - MENSAJE: 
2023/11/20 11:02:40.368 - MENSAJE: 
2023/11/20 11:02:40.368 - MENSAJE: 
2023/11/20 11:02:40.378 - MENSAJE: 
2023/11/20 11:02:41.388 - MENSAJE: 
2023/11/20 11:02:41.388 - MENSAJE: 
2023/11/20 11:02:41.398 - MENSAJE: 
2023/11/20 11:02:42.419 - MENSAJE: 
2023/11/20 11:02:42.419 - MENSAJE: 
2023/11/20 11:02:42.429 - MENSAJE: 
2023/11/20 11:02:43.426 - MENSAJE: 
2023/11/20 11:03:03.584 - MENSAJE: 
2023/11/20 11:03:03.594 - MENSAJE: 
2023/11/20 11:03:04.574 - MENSAJE: 
2023/11/20 11:03:04.574 - MENSAJE: 
2023/11/20 11:03:04.585 - MENSAJE: 
2023/11/20 11:03:05.587 - MENSAJE: 
2023/11/20 05:03:49.187 - INICIO REGISTRO
2023/11/20 05:03:49.195 - MENSAJE: (FrondEnd CargaRecursos): Carga Controles - OK
2023/11/20 05:03:49.382 - MENSAJE: (FrondEnd CargaImagenes): Carga Imagenes - OK
2023/11/20 05:03:49.982 - MENSAJE: (Presenter ObtenerInfoModulo) OK
2023/11/20 05:03:50.013 - MENSAJE: (Presenter ObtenerInfoPartes) OK
2023/11/20 05:03:50.036 - MENSAJE: (Presenter ObtenerInfoParametros) OK
2023/11/20 05:03:50.276 - MENSAJE: (PRESENTER) Error Borrado Varibales PLC
2023/11/20 05:04:32.723 - INICIO REGISTRO
2023/11/20 05:04:32.732 - MENSAJE: (FrondEnd CargaRecursos): Carga Controles - OK
2023/11/20 05:04:32.908 - MENSAJE: (FrondEnd CargaImagenes): Carga Imagenes - OK
2023/11/20 05:04:33.378 - MENSAJE: (Presenter ObtenerInfoModulo) OK
2023/11/20 05:04:33.413 - MENSAJE: (Presenter ObtenerInfoPartes) OK
2023/11/20 05:04:33.434 - MENSAJE: (Presenter ObtenerInfoParametros) OK
2023/11/20 05:04:33.542 - MENSAJE: (PRESENTER) Error Borrado Varibales PLC
2023/11/20 05:05:11.036 - INICIO REGISTRO
2023/11/20 05:05:11.047 - MENSAJE: (FrondEnd CargaRecursos): Carga Controles - OK
2023/11/20 05:05:11.252 - MENSAJE: (FrondEnd CargaImagenes): Carga Imagenes - OK
2023/11/20 05:05:11.733 - MENSAJE: (Presenter ObtenerInfoModulo) OK
2023/11/20 05:05:11.761 - MENSAJE: (Presenter ObtenerInfoPartes) OK
2023/11/20 05:05:11.782 - MENSAJE: (Presenter ObtenerInfoParametros) OK
2023/11/20 05:05:11.889 - MENSAJE: (PRESENTER) Error Borrado Varibales PLC
2023/11/20 05:05:17.053 - MENSAJE: Front End Secuencia IdTranasaccion: 2023112016272011
2023/11/20 05:05:21.103 - MENSAJE: (PRESENTER) Error Borrado Varibales PLC
2023/11/20 05:05:37.133 - MENSAJE: ID TARJETA = 2013EC
2023/11/20 05:05:41.085 - MENSAJE: (PRESENTER) Error Borrado Varibales PLC
2023/11/20 05:06:59.463 - INICIO REGISTRO
2023/11/20 05:06:59.471 - MENSAJE: (FrondEnd CargaRecursos): Carga Controles - OK
2023/11/20 05:06:59.646 - MENSAJE: (FrondEnd CargaImagenes): Carga Imagenes - OK
2023/11/20 05:07:00.122 - MENSAJE: (Presenter ObtenerInfoModulo) OK
2023/11/20 05:07:00.149 - MENSAJE: (Presenter ObtenerInfoPartes) OK
2023/11/20 05:07:00.174 - MENSAJE: (Presenter ObtenerInfoParametros) OK
2023/11/20 05:07:00.276 - MENSAJE: (PRESENTER) Error Borrado Varibales PLC
2023/11/20 05:07:40.965 - INICIO REGISTRO
2023/11/20 05:07:40.975 - MENSAJE: (FrondEnd CargaRecursos): Carga Controles - OK
2023/11/20 05:07:41.153 - MENSAJE: (FrondEnd CargaImagenes): Carga Imagenes - OK
2023/11/20 05:07:41.611 - MENSAJE: (Presenter ObtenerInfoModulo) OK
2023/11/20 05:07:41.640 - MENSAJE: (Presenter ObtenerInfoPartes) OK
2023/11/20 05:07:41.662 - MENSAJE: (Presenter ObtenerInfoParametros) OK
2023/11/20 05:07:41.767 - MENSAJE: (PRESENTER) Error Borrado Varibales PLC
2023/11/20 05:07:50.965 - MENSAJE: Front End Secuencia IdTranasaccion: 2023112016422711
2023/11/20 05:07:51.062 - MENSAJE: 20/11/2023 5:05:21 p. m.
2023/11/20 05:07:51.063 - MENSAJE: ANTES DE OBTENER EVENTO
2023/11/20 05:07:51.083 - MENSAJE: ERROR Presenter ObtenerEvento
2023/11/20 05:07:51.083 - MENSAJE: DESPUES DE OBTENER EVENTO
2023/11/20 05:07:51.084 - MENSAJE: CALCULO TIEMPO FECHA ACTUAL CON LA FECHA DEL EVENTO
2023/11/20 05:07:51.084 - MENSAJE: HORAS :
2023/11/20 05:07:51.085 - MENSAJE: HORAS VACIO CALCULA TIMEPO DE REPAGO
2023/11/20 05:08:58.477 - INICIO REGISTRO
2023/11/20 05:08:58.484 - MENSAJE: (FrondEnd CargaRecursos): Carga Controles - OK
2023/11/20 05:08:58.663 - MENSAJE: (FrondEnd CargaImagenes): Carga Imagenes - OK
2023/11/20 05:08:59.135 - MENSAJE: (Presenter ObtenerInfoModulo) OK
2023/11/20 05:15:41.272 - INICIO REGISTRO
2023/11/20 05:15:41.281 - MENSAJE: (FrondEnd CargaRecursos): Carga Controles - OK
2023/11/20 05:15:41.486 - MENSAJE: (FrondEnd CargaImagenes): Carga Imagenes - OK
2023/11/20 05:15:41.965 - MENSAJE: (Presenter ObtenerInfoModulo) OK
2023/11/20 05:15:41.992 - MENSAJE: (Presenter ObtenerInfoPartes) OK
2023/11/20 05:15:42.013 - MENSAJE: (Presenter ObtenerInfoParametros) OK
2023/11/20 05:15:42.132 - MENSAJE: (PRESENTER) Error Borrado Varibales PLC
2023/11/20 05:16:37.794 - INICIO REGISTRO
2023/11/20 05:16:37.803 - MENSAJE: (FrondEnd CargaRecursos): Carga Controles - OK
2023/11/20 05:16:37.971 - MENSAJE: (FrondEnd CargaImagenes): Carga Imagenes - OK
2023/11/20 05:16:38.440 - MENSAJE: (Presenter ObtenerInfoModulo) OK
2023/11/20 05:16:38.468 - MENSAJE: (Presenter ObtenerInfoPartes) OK
2023/11/20 05:16:38.490 - MENSAJE: (Presenter ObtenerInfoParametros) OK
2023/11/20 05:16:38.599 - MENSAJE: (PRESENTER) Error Borrado Varibales PLC
2023/11/20 05:16:41.345 - MENSAJE: 
2023/11/20 05:16:41.839 - MENSAJE: 
2023/11/20 05:16:42.352 - MENSAJE: 
2023/11/20 05:16:42.842 - MENSAJE: 
2023/11/20 05:16:43.348 - MENSAJE: 
2023/11/20 05:16:43.819 - MENSAJE: 
2023/11/20 05:17:00.734 - INICIO REGISTRO
2023/11/20 05:17:00.744 - MENSAJE: (FrondEnd CargaRecursos): Carga Controles - OK
2023/11/20 05:17:00.955 - MENSAJE: (FrondEnd CargaImagenes): Carga Imagenes - OK
2023/11/20 05:17:01.424 - MENSAJE: (Presenter ObtenerInfoModulo) OK
2023/11/20 05:17:01.453 - MENSAJE: (Presenter ObtenerInfoPartes) OK
2023/11/20 05:17:01.473 - MENSAJE: (Presenter ObtenerInfoParametros) OK
2023/11/20 05:17:01.577 - MENSAJE: (PRESENTER) Error Borrado Varibales PLC
2023/11/20 05:17:53.254 - INICIO REGISTRO
2023/11/20 05:17:53.263 - MENSAJE: (FrondEnd CargaRecursos): Carga Controles - OK
2023/11/20 05:17:53.436 - MENSAJE: (FrondEnd CargaImagenes): Carga Imagenes - OK
2023/11/20 05:17:53.910 - MENSAJE: (Presenter ObtenerInfoModulo) OK
2023/11/20 05:17:53.937 - MENSAJE: (Presenter ObtenerInfoPartes) OK
2023/11/20 05:17:53.959 - MENSAJE: (Presenter ObtenerInfoParametros) OK
2023/11/20 05:17:54.066 - MENSAJE: (PRESENTER) Error Borrado Varibales PLC
2023/11/20 05:18:29.912 - MENSAJE: ID TARJETA = 001c53
