2023/12/04 11:48:20.219 - INICIO REGISTRO
2023/12/04 11:48:20.224 - MENSAJE: (FrondEnd CargaRecursos): Carga Controles - OK
2023/12/04 11:48:20.274 - MENSAJE: (FrondEnd CargaImagenes): Carga Imagenes - OK
2023/12/04 11:48:20.792 - MENSAJE: (Presenter ObtenerInfoModulo) OK
2023/12/04 11:48:20.821 - MENSAJE: (Presenter ObtenerInfoPartes) OK
2023/12/04 11:48:20.847 - MENSAJE: (Presenter ObtenerInfoParametros) OK
2023/12/04 11:48:20.898 - MENSAJE: (PRESENTER) Error Borrado Varibales PLC
2023/12/04 11:48:38.870 - INICIO REGISTRO
2023/12/04 11:48:38.874 - MENSAJE: (FrondEnd CargaRecursos): Carga Controles - OK
2023/12/04 11:48:38.944 - MENSAJE: (FrondEnd CargaImagenes): Carga Imagenes - OK
2023/12/04 11:48:39.408 - MENSAJE: (Presenter ObtenerInfoModulo) OK
2023/12/04 11:48:39.422 - MENSAJE: (Presenter ObtenerInfoPartes) OK
2023/12/04 11:48:39.437 - MENSAJE: (Presenter ObtenerInfoParametros) OK
2023/12/04 11:48:39.483 - MENSAJE: (PRESENTER) Error Borrado Varibales PLC
2023/12/04 11:49:34.643 - INICIO REGISTRO
2023/12/04 11:49:34.647 - MENSAJE: (FrondEnd CargaRecursos): Carga Controles - OK
2023/12/04 11:49:34.696 - MENSAJE: (FrondEnd CargaImagenes): Carga Imagenes - OK
2023/12/04 11:49:35.453 - MENSAJE: (Presenter ObtenerInfoModulo) OK
2023/12/04 11:49:35.475 - MENSAJE: (Presenter ObtenerInfoPartes) OK
2023/12/04 11:49:35.493 - MENSAJE: (Presenter ObtenerInfoParametros) OK
2023/12/04 11:49:35.556 - MENSAJE: (PRESENTER) Error Borrado Varibales PLC
2023/12/04 11:50:09.754 - MENSAJE: (Presenter ObtenerEventoDispo) OK
2023/12/04 11:50:17.363 - MENSAJE: (Presenter ActualizarEventoDispositivo) OK
2023/12/04 04:28:50.636 - INICIO REGISTRO
2023/12/04 04:28:50.645 - MENSAJE: (FrondEnd CargaRecursos): Carga Controles - OK
2023/12/04 04:28:50.845 - MENSAJE: (FrondEnd CargaImagenes): Carga Imagenes - OK
2023/12/04 04:28:51.893 - MENSAJE: (Presenter ObtenerInfoModulo) OK
2023/12/04 04:28:51.957 - MENSAJE: (Presenter ObtenerInfoPartes) OK
2023/12/04 04:28:51.991 - MENSAJE: (Presenter ObtenerInfoParametros) OK
2023/12/04 04:28:52.108 - MENSAJE: 
2023/12/04 04:30:10.055 - INICIO REGISTRO
2023/12/04 04:30:10.064 - MENSAJE: (FrondEnd CargaRecursos): Carga Controles - OK
2023/12/04 04:30:10.236 - MENSAJE: (FrondEnd CargaImagenes): Carga Imagenes - OK
2023/12/04 04:30:10.981 - MENSAJE: (Presenter ObtenerInfoModulo) OK
2023/12/04 04:30:11.013 - MENSAJE: (Presenter ObtenerInfoPartes) OK
2023/12/04 04:30:11.037 - MENSAJE: (Presenter ObtenerInfoParametros) OK
2023/12/04 04:30:11.266 - MENSAJE: (PRESENTER) Error Borrado Varibales PLC
2023/12/04 04:30:16.812 - MENSAJE: (Presenter ObtenerEventoDispo) OK
2023/12/04 04:30:35.451 - MENSAJE: (Presenter ObtenerEventoDispo) OK
2023/12/04 04:30:56.959 - INICIO REGISTRO
2023/12/04 04:30:56.969 - MENSAJE: (FrondEnd CargaRecursos): Carga Controles - OK
2023/12/04 04:30:57.198 - MENSAJE: (FrondEnd CargaImagenes): Carga Imagenes - OK
2023/12/04 04:30:57.927 - MENSAJE: (Presenter ObtenerInfoModulo) OK
2023/12/04 04:30:57.953 - MENSAJE: (Presenter ObtenerInfoPartes) OK
2023/12/04 04:30:57.973 - MENSAJE: (Presenter ObtenerInfoParametros) OK
2023/12/04 04:30:58.076 - MENSAJE: (PRESENTER) Error Borrado Varibales PLC
2023/12/04 04:30:58.246 - MENSAJE: (Presenter ObtenerEventoDispo) OK
2023/12/04 04:30:58.273 - MENSAJE: (Presenter ActualizarEventoDispositivo) OK
2023/12/04 04:31:07.035 - MENSAJE: 
2023/12/04 04:31:07.552 - MENSAJE: 
2023/12/04 04:31:08.005 - MENSAJE: 
2023/12/04 04:31:26.985 - MENSAJE: Front End Secuencia IdTranasaccion: 2023120415435811
2023/12/04 04:31:27.113 - MENSAJE: 4/12/2023 4:29:44 p. m.
2023/12/04 04:31:27.114 - MENSAJE: ANTES DE OBTENER EVENTO
2023/12/04 04:31:27.154 - MENSAJE: ERROR Presenter ObtenerEvento
2023/12/04 04:31:27.154 - MENSAJE: DESPUES DE OBTENER EVENTO
2023/12/04 04:31:27.155 - MENSAJE: CALCULO TIEMPO FECHA ACTUAL CON LA FECHA DEL EVENTO
2023/12/04 04:31:27.155 - MENSAJE: HORAS :
2023/12/04 04:31:27.156 - MENSAJE: HORAS VACIO CALCULA TIMEPO DE REPAGO
2023/12/04 04:31:32.154 - MENSAJE: 
2023/12/04 04:31:32.994 - MENSAJE: 
2023/12/04 04:31:33.508 - MENSAJE: 
2023/12/04 04:31:33.991 - MENSAJE: 
2023/12/04 04:31:34.505 - MENSAJE: 
2023/12/04 04:31:34.988 - MENSAJE: 
2023/12/04 04:31:36.067 - MENSAJE: (PRESENTER) Error Borrado Varibales PLC
2023/12/04 04:32:23.025 - MENSAJE: (Presenter ObtenerEventoDispo) OK
2023/12/04 04:32:23.040 - MENSAJE: (Presenter ActualizarEventoDispositivo) OK
2023/12/04 04:32:29.299 - MENSAJE: 
2023/12/04 04:32:30.070 - MENSAJE: 
2023/12/04 04:33:14.989 - MENSAJE: Front End Secuencia IdTranasaccion: 2023120415151011
2023/12/04 04:33:15.052 - MENSAJE: 4/12/2023 4:31:05 p. m.
2023/12/04 04:33:15.053 - MENSAJE: ANTES DE OBTENER EVENTO
2023/12/04 04:33:15.068 - MENSAJE: ERROR Presenter ObtenerEvento
2023/12/04 04:33:15.069 - MENSAJE: DESPUES DE OBTENER EVENTO
2023/12/04 04:33:15.069 - MENSAJE: CALCULO TIEMPO FECHA ACTUAL CON LA FECHA DEL EVENTO
2023/12/04 04:33:15.070 - MENSAJE: HORAS :
2023/12/04 04:33:15.071 - MENSAJE: HORAS VACIO CALCULA TIMEPO DE REPAGO
2023/12/04 04:33:17.690 - MENSAJE: 
2023/12/04 04:33:17.988 - MENSAJE: 
2023/12/04 04:33:18.504 - MENSAJE: 
2023/12/04 04:33:18.997 - MENSAJE: 
2023/12/04 04:33:19.498 - MENSAJE: 
2023/12/04 04:33:19.986 - MENSAJE: 
2023/12/04 04:33:20.497 - MENSAJE: 
2023/12/04 04:33:20.996 - MENSAJE: 
2023/12/04 04:33:21.506 - MENSAJE: 
2023/12/04 04:33:21.989 - MENSAJE: 
2023/12/04 04:33:23.023 - MENSAJE: (PRESENTER) Error Borrado Varibales PLC
2023/12/04 04:33:30.996 - MENSAJE: Front End Secuencia IdTranasaccion: 2023120413551311
2023/12/04 04:33:31.067 - MENSAJE: 4/12/2023 4:31:52 p. m.
2023/12/04 04:33:31.068 - MENSAJE: ANTES DE OBTENER EVENTO
2023/12/04 04:33:31.086 - MENSAJE: ERROR Presenter ObtenerEvento
2023/12/04 04:33:31.087 - MENSAJE: DESPUES DE OBTENER EVENTO
2023/12/04 04:33:31.088 - MENSAJE: CALCULO TIEMPO FECHA ACTUAL CON LA FECHA DEL EVENTO
2023/12/04 04:33:31.089 - MENSAJE: HORAS :
2023/12/04 04:33:31.090 - MENSAJE: HORAS VACIO CALCULA TIMEPO DE REPAGO
2023/12/04 04:33:34.718 - MENSAJE: 
2023/12/04 04:33:34.996 - MENSAJE: 
2023/12/04 04:33:35.507 - MENSAJE: 
2023/12/04 04:33:35.989 - MENSAJE: 
2023/12/04 04:33:36.504 - MENSAJE: 
2023/12/04 04:33:36.986 - MENSAJE: 
2023/12/04 04:33:37.500 - MENSAJE: 
2023/12/04 04:33:37.996 - MENSAJE: 
2023/12/04 04:33:39.030 - MENSAJE: (PRESENTER) Error Borrado Varibales PLC
2023/12/04 04:34:20.998 - INICIO REGISTRO
2023/12/04 04:34:21.009 - MENSAJE: (FrondEnd CargaRecursos): Carga Controles - OK
2023/12/04 04:34:21.182 - MENSAJE: (FrondEnd CargaImagenes): Carga Imagenes - OK
2023/12/04 04:34:21.947 - MENSAJE: (Presenter ObtenerInfoModulo) OK
2023/12/04 04:34:21.978 - MENSAJE: (Presenter ObtenerInfoPartes) OK
2023/12/04 04:34:21.999 - MENSAJE: (Presenter ObtenerInfoParametros) OK
2023/12/04 04:34:22.112 - MENSAJE: (PRESENTER) Error Borrado Varibales PLC
2023/12/04 04:34:38.304 - MENSAJE: Front End Secuencia IdTranasaccion: 2023120415070911
2023/12/04 04:36:50.727 - INICIO REGISTRO
2023/12/04 04:36:50.736 - MENSAJE: (FrondEnd CargaRecursos): Carga Controles - OK
2023/12/04 04:36:50.972 - MENSAJE: (FrondEnd CargaImagenes): Carga Imagenes - OK
2023/12/04 04:36:51.725 - MENSAJE: (Presenter ObtenerInfoModulo) OK
2023/12/04 04:36:51.770 - MENSAJE: (Presenter ObtenerInfoPartes) OK
2023/12/04 04:36:51.798 - MENSAJE: (Presenter ObtenerInfoParametros) OK
2023/12/04 04:36:51.908 - MENSAJE: (PRESENTER) Error Borrado Varibales PLC
2023/12/04 04:37:24.155 - INICIO REGISTRO
2023/12/04 04:37:24.166 - MENSAJE: (FrondEnd CargaRecursos): Carga Controles - OK
2023/12/04 04:37:24.341 - MENSAJE: (FrondEnd CargaImagenes): Carga Imagenes - OK
2023/12/04 04:37:25.102 - MENSAJE: (Presenter ObtenerInfoModulo) OK
2023/12/04 04:37:25.127 - MENSAJE: (Presenter ObtenerInfoPartes) OK
2023/12/04 04:37:25.147 - MENSAJE: (Presenter ObtenerInfoParametros) OK
2023/12/04 04:37:25.268 - MENSAJE: (PRESENTER) Error Borrado Varibales PLC
2023/12/04 04:37:32.410 - MENSAJE: Front End Secuencia IdTranasaccion: 2023120411345011
2023/12/04 04:37:32.891 - MENSAJE: 4/12/2023 4:33:16 p. m.
2023/12/04 04:37:32.892 - MENSAJE: ANTES DE OBTENER EVENTO
2023/12/04 04:37:32.912 - MENSAJE: ERROR Presenter ObtenerEvento
2023/12/04 04:37:32.913 - MENSAJE: DESPUES DE OBTENER EVENTO
2023/12/04 04:37:32.914 - MENSAJE: CALCULO TIEMPO FECHA ACTUAL CON LA FECHA DEL EVENTO
2023/12/04 04:37:32.914 - MENSAJE: HORAS :
2023/12/04 04:37:32.915 - MENSAJE: HORAS VACIO CALCULA TIMEPO DE REPAGO
2023/12/04 04:41:36.751 - INICIO REGISTRO
2023/12/04 04:41:36.759 - MENSAJE: (FrondEnd CargaRecursos): Carga Controles - OK
2023/12/04 04:41:36.932 - MENSAJE: (FrondEnd CargaImagenes): Carga Imagenes - OK
2023/12/04 04:41:38.126 - MENSAJE: (Presenter ObtenerInfoModulo) OK
2023/12/04 04:41:38.156 - MENSAJE: (Presenter ObtenerInfoPartes) OK
2023/12/04 04:41:38.178 - MENSAJE: (Presenter ObtenerInfoParametros) OK
2023/12/04 04:41:38.294 - MENSAJE: (PRESENTER) Error Borrado Varibales PLC
2023/12/04 04:41:38.531 - MENSAJE: (Presenter ObtenerEventoDispo) OK
2023/12/04 04:41:38.551 - MENSAJE: (Presenter ActualizarEventoDispositivo) OK
2023/12/04 04:41:41.827 - MENSAJE: (PRESENTER) Error Borrado Varibales PLC
2023/12/04 04:41:52.404 - MENSAJE: Front End Secuencia IdTranasaccion: 2023120411345011
2023/12/04 04:41:52.474 - MENSAJE: 4/12/2023 4:33:16 p. m.
2023/12/04 04:41:52.475 - MENSAJE: ANTES DE OBTENER EVENTO
2023/12/04 04:41:52.493 - MENSAJE: ERROR Presenter ObtenerEvento
2023/12/04 04:41:52.494 - MENSAJE: DESPUES DE OBTENER EVENTO
2023/12/04 04:41:52.495 - MENSAJE: CALCULO TIEMPO FECHA ACTUAL CON LA FECHA DEL EVENTO
2023/12/04 04:41:52.495 - MENSAJE: HORAS :
2023/12/04 04:41:52.496 - MENSAJE: HORAS VACIO CALCULA TIMEPO DE REPAGO
2023/12/04 04:42:52.912 - INICIO REGISTRO
2023/12/04 04:42:52.920 - MENSAJE: (FrondEnd CargaRecursos): Carga Controles - OK
2023/12/04 04:42:53.097 - MENSAJE: (FrondEnd CargaImagenes): Carga Imagenes - OK
2023/12/04 04:42:53.874 - MENSAJE: (Presenter ObtenerInfoModulo) OK
2023/12/04 04:42:53.910 - MENSAJE: (Presenter ObtenerInfoPartes) OK
2023/12/04 04:42:53.933 - MENSAJE: (Presenter ObtenerInfoParametros) OK
2023/12/04 04:42:54.038 - MENSAJE: (PRESENTER) Error Borrado Varibales PLC
2023/12/04 04:43:01.021 - MENSAJE: Front End Secuencia IdTranasaccion: 2023120411345011
2023/12/04 04:43:01.104 - MENSAJE: 4/12/2023 4:33:16 p. m.
2023/12/04 04:43:01.105 - MENSAJE: ANTES DE OBTENER EVENTO
2023/12/04 04:43:01.121 - MENSAJE: ERROR Presenter ObtenerEvento
2023/12/04 04:43:01.122 - MENSAJE: DESPUES DE OBTENER EVENTO
2023/12/04 04:43:01.123 - MENSAJE: CALCULO TIEMPO FECHA ACTUAL CON LA FECHA DEL EVENTO
2023/12/04 04:43:01.123 - MENSAJE: HORAS :
2023/12/04 04:43:01.124 - MENSAJE: HORAS VACIO CALCULA TIMEPO DE REPAGO
2023/12/04 04:45:53.026 - INICIO REGISTRO
2023/12/04 04:45:53.039 - MENSAJE: (FrondEnd CargaRecursos): Carga Controles - OK
2023/12/04 04:45:53.209 - MENSAJE: (FrondEnd CargaImagenes): Carga Imagenes - OK
2023/12/04 04:45:54.000 - MENSAJE: (Presenter ObtenerInfoModulo) OK
2023/12/04 04:45:54.033 - MENSAJE: (Presenter ObtenerInfoPartes) OK
2023/12/04 04:45:54.056 - MENSAJE: (Presenter ObtenerInfoParametros) OK
2023/12/04 04:45:54.184 - MENSAJE: (PRESENTER) Error Borrado Varibales PLC
2023/12/04 04:45:57.224 - MENSAJE: Front End Secuencia IdTranasaccion: 2023120411345011
2023/12/04 04:45:57.289 - MENSAJE: 4/12/2023 4:33:16 p. m.
2023/12/04 04:45:57.289 - MENSAJE: ANTES DE OBTENER EVENTO
2023/12/04 04:45:57.310 - MENSAJE: ERROR Presenter ObtenerEvento
2023/12/04 04:45:57.310 - MENSAJE: DESPUES DE OBTENER EVENTO
2023/12/04 04:45:57.311 - MENSAJE: CALCULO TIEMPO FECHA ACTUAL CON LA FECHA DEL EVENTO
2023/12/04 04:45:57.312 - MENSAJE: HORAS :
2023/12/04 04:45:57.312 - MENSAJE: HORAS VACIO CALCULA TIMEPO DE REPAGO
2023/12/04 04:46:17.093 - INICIO REGISTRO
2023/12/04 04:46:17.102 - MENSAJE: (FrondEnd CargaRecursos): Carga Controles - OK
2023/12/04 04:46:17.291 - MENSAJE: (FrondEnd CargaImagenes): Carga Imagenes - OK
2023/12/04 04:46:18.063 - MENSAJE: (Presenter ObtenerInfoModulo) OK
2023/12/04 04:46:18.089 - MENSAJE: (Presenter ObtenerInfoPartes) OK
2023/12/04 04:46:18.111 - MENSAJE: (Presenter ObtenerInfoParametros) OK
2023/12/04 04:46:18.234 - MENSAJE: (PRESENTER) Error Borrado Varibales PLC
2023/12/04 04:46:22.208 - MENSAJE: Front End Secuencia IdTranasaccion: 2023120411345011
2023/12/04 04:46:22.302 - MENSAJE: 4/12/2023 4:33:16 p. m.
2023/12/04 04:46:22.303 - MENSAJE: ANTES DE OBTENER EVENTO
2023/12/04 04:46:22.327 - MENSAJE: ERROR Presenter ObtenerEvento
2023/12/04 04:46:22.328 - MENSAJE: DESPUES DE OBTENER EVENTO
2023/12/04 04:46:22.328 - MENSAJE: CALCULO TIEMPO FECHA ACTUAL CON LA FECHA DEL EVENTO
2023/12/04 04:46:22.329 - MENSAJE: HORAS :
2023/12/04 04:46:22.330 - MENSAJE: HORAS VACIO CALCULA TIMEPO DE REPAGO
2023/12/04 04:47:03.500 - INICIO REGISTRO
2023/12/04 04:47:03.508 - MENSAJE: (FrondEnd CargaRecursos): Carga Controles - OK
2023/12/04 04:47:03.690 - MENSAJE: (FrondEnd CargaImagenes): Carga Imagenes - OK
2023/12/04 04:47:04.476 - MENSAJE: (Presenter ObtenerInfoModulo) OK
2023/12/04 04:47:04.510 - MENSAJE: (Presenter ObtenerInfoPartes) OK
2023/12/04 04:47:04.533 - MENSAJE: (Presenter ObtenerInfoParametros) OK
2023/12/04 04:47:04.645 - MENSAJE: (PRESENTER) Error Borrado Varibales PLC
2023/12/04 04:47:13.250 - MENSAJE: Front End Secuencia IdTranasaccion: 2023120411345011
2023/12/04 04:47:13.713 - MENSAJE: 4/12/2023 4:33:16 p. m.
2023/12/04 04:47:13.714 - MENSAJE: ANTES DE OBTENER EVENTO
2023/12/04 04:47:13.750 - MENSAJE: ERROR Presenter ObtenerEvento
2023/12/04 04:47:13.750 - MENSAJE: DESPUES DE OBTENER EVENTO
2023/12/04 04:47:13.751 - MENSAJE: CALCULO TIEMPO FECHA ACTUAL CON LA FECHA DEL EVENTO
2023/12/04 04:47:13.751 - MENSAJE: HORAS :
2023/12/04 04:47:13.752 - MENSAJE: HORAS VACIO CALCULA TIMEPO DE REPAGO
2023/12/04 04:47:21.220 - INICIO REGISTRO
2023/12/04 04:47:21.229 - MENSAJE: (FrondEnd CargaRecursos): Carga Controles - OK
2023/12/04 04:47:21.429 - MENSAJE: (FrondEnd CargaImagenes): Carga Imagenes - OK
2023/12/04 04:47:22.253 - MENSAJE: (Presenter ObtenerInfoModulo) OK
2023/12/04 04:47:22.282 - MENSAJE: (Presenter ObtenerInfoPartes) OK
2023/12/04 04:47:22.310 - MENSAJE: (Presenter ObtenerInfoParametros) OK
2023/12/04 04:47:22.434 - MENSAJE: (PRESENTER) Error Borrado Varibales PLC
2023/12/04 04:47:55.023 - INICIO REGISTRO
2023/12/04 04:47:55.031 - MENSAJE: (FrondEnd CargaRecursos): Carga Controles - OK
2023/12/04 04:47:55.204 - MENSAJE: (FrondEnd CargaImagenes): Carga Imagenes - OK
2023/12/04 04:47:55.977 - MENSAJE: (Presenter ObtenerInfoModulo) OK
2023/12/04 04:47:56.009 - MENSAJE: (Presenter ObtenerInfoPartes) OK
2023/12/04 04:47:56.032 - MENSAJE: (Presenter ObtenerInfoParametros) OK
2023/12/04 04:47:56.143 - MENSAJE: (PRESENTER) Error Borrado Varibales PLC
2023/12/04 04:48:05.800 - MENSAJE: Front End Secuencia IdTranasaccion: 2023120411345011
2023/12/04 04:48:06.497 - MENSAJE: 4/12/2023 4:33:16 p. m.
2023/12/04 04:48:06.497 - MENSAJE: ANTES DE OBTENER EVENTO
2023/12/04 04:48:06.522 - MENSAJE: ERROR Presenter ObtenerEvento
2023/12/04 04:48:06.523 - MENSAJE: DESPUES DE OBTENER EVENTO
2023/12/04 04:48:06.524 - MENSAJE: CALCULO TIEMPO FECHA ACTUAL CON LA FECHA DEL EVENTO
2023/12/04 04:48:06.524 - MENSAJE: HORAS :
2023/12/04 04:48:06.525 - MENSAJE: HORAS VACIO CALCULA TIMEPO DE REPAGO
2023/12/04 04:49:08.725 - INICIO REGISTRO
2023/12/04 04:49:08.733 - MENSAJE: (FrondEnd CargaRecursos): Carga Controles - OK
2023/12/04 04:49:08.903 - MENSAJE: (FrondEnd CargaImagenes): Carga Imagenes - OK
2023/12/04 04:49:09.730 - MENSAJE: (Presenter ObtenerInfoModulo) OK
2023/12/04 04:49:09.759 - MENSAJE: (Presenter ObtenerInfoPartes) OK
2023/12/04 04:49:09.780 - MENSAJE: (Presenter ObtenerInfoParametros) OK
2023/12/04 04:49:09.887 - MENSAJE: (PRESENTER) Error Borrado Varibales PLC
2023/12/04 04:49:16.840 - MENSAJE: Front End Secuencia IdTranasaccion: 2023120411345011
2023/12/04 04:49:17.602 - MENSAJE: 4/12/2023 4:33:16 p. m.
2023/12/04 04:49:17.602 - MENSAJE: ANTES DE OBTENER EVENTO
2023/12/04 04:49:17.621 - MENSAJE: ERROR Presenter ObtenerEvento
2023/12/04 04:49:17.621 - MENSAJE: DESPUES DE OBTENER EVENTO
2023/12/04 04:49:17.622 - MENSAJE: CALCULO TIEMPO FECHA ACTUAL CON LA FECHA DEL EVENTO
2023/12/04 04:49:17.622 - MENSAJE: HORAS :
2023/12/04 04:49:17.623 - MENSAJE: HORAS VACIO CALCULA TIMEPO DE REPAGO
2023/12/04 04:52:01.262 - INICIO REGISTRO
2023/12/04 04:52:01.269 - MENSAJE: (FrondEnd CargaRecursos): Carga Controles - OK
2023/12/04 04:52:01.451 - MENSAJE: (FrondEnd CargaImagenes): Carga Imagenes - OK
2023/12/04 04:52:03.415 - MENSAJE: (Presenter ObtenerInfoModulo) OK
2023/12/04 04:52:03.461 - MENSAJE: (Presenter ObtenerInfoPartes) OK
2023/12/04 04:52:03.493 - MENSAJE: (Presenter ObtenerInfoParametros) OK
2023/12/04 04:52:03.612 - MENSAJE: (PRESENTER) Error Borrado Varibales PLC
2023/12/04 04:54:15.380 - INICIO REGISTRO
2023/12/04 04:54:15.388 - MENSAJE: (FrondEnd CargaRecursos): Carga Controles - OK
2023/12/04 04:54:15.558 - MENSAJE: (FrondEnd CargaImagenes): Carga Imagenes - OK
2023/12/04 04:54:17.954 - MENSAJE: (Presenter ObtenerInfoModulo) OK
2023/12/04 04:54:17.996 - MENSAJE: (Presenter ObtenerInfoPartes) OK
2023/12/04 04:54:18.030 - MENSAJE: (Presenter ObtenerInfoParametros) OK
2023/12/04 04:54:18.148 - MENSAJE: (PRESENTER) Error Borrado Varibales PLC
2023/12/04 04:54:43.292 - MENSAJE: Front End Secuencia IdTranasaccion: 2023120413311011
2023/12/04 04:54:43.394 - MENSAJE: 4/12/2023 4:53:34 p. m.
2023/12/04 04:54:43.395 - MENSAJE: ANTES DE OBTENER EVENTO
2023/12/04 04:54:43.423 - MENSAJE: ERROR Presenter ObtenerEvento
2023/12/04 04:54:43.424 - MENSAJE: DESPUES DE OBTENER EVENTO
2023/12/04 04:54:43.424 - MENSAJE: CALCULO TIEMPO FECHA ACTUAL CON LA FECHA DEL EVENTO
2023/12/04 04:54:43.425 - MENSAJE: HORAS :
2023/12/04 04:54:43.426 - MENSAJE: HORAS VACIO CALCULA TIMEPO DE REPAGO
2023/12/04 04:54:56.539 - MENSAJE: 
2023/12/04 04:54:57.388 - MENSAJE: 
2023/12/04 04:54:57.889 - MENSAJE: 
2023/12/04 04:54:58.385 - MENSAJE: 
2023/12/04 04:54:59.417 - MENSAJE: (PRESENTER) Error Borrado Varibales PLC
2023/12/04 04:56:39.852 - INICIO REGISTRO
2023/12/04 04:56:39.863 - MENSAJE: (FrondEnd CargaRecursos): Carga Controles - OK
2023/12/04 04:56:40.031 - MENSAJE: (FrondEnd CargaImagenes): Carga Imagenes - OK
2023/12/04 04:56:41.272 - MENSAJE: (Presenter ObtenerInfoModulo) OK
2023/12/04 04:56:41.313 - MENSAJE: (Presenter ObtenerInfoPartes) OK
2023/12/04 04:56:41.349 - MENSAJE: (Presenter ObtenerInfoParametros) OK
2023/12/04 04:56:41.470 - MENSAJE: (PRESENTER) Error Borrado Varibales PLC
2023/12/04 04:56:47.926 - MENSAJE: (PRESENTER) Error Borrado Varibales PLC
2023/12/04 04:56:55.426 - MENSAJE: 
2023/12/04 04:56:55.894 - MENSAJE: 
2023/12/04 04:57:02.909 - MENSAJE: (PRESENTER) Error Borrado Varibales PLC
2023/12/04 04:57:04.415 - MENSAJE: 
2023/12/04 04:57:04.922 - MENSAJE: 
2023/12/04 04:57:05.437 - MENSAJE: 
2023/12/04 04:57:05.916 - MENSAJE: 
2023/12/04 04:57:52.880 - INICIO REGISTRO
2023/12/04 04:57:52.888 - MENSAJE: (FrondEnd CargaRecursos): Carga Controles - OK
2023/12/04 04:57:53.064 - MENSAJE: (FrondEnd CargaImagenes): Carga Imagenes - OK
2023/12/04 04:57:53.622 - MENSAJE: (Presenter ObtenerInfoModulo) OK
2023/12/04 04:57:53.677 - MENSAJE: (Presenter ObtenerInfoPartes) OK
2023/12/04 04:57:53.714 - MENSAJE: (Presenter ObtenerInfoParametros) OK
2023/12/04 04:57:53.848 - MENSAJE: (PRESENTER) Error Borrado Varibales PLC
2023/12/04 04:58:06.933 - MENSAJE: (Presenter ObtenerEventoDispo) OK
2023/12/04 04:58:06.951 - MENSAJE: (Presenter ActualizarEventoDispositivo) OK
2023/12/04 04:58:44.120 - MENSAJE: (Presenter ObtenerEventoDispo) OK
2023/12/04 04:58:55.307 - MENSAJE: (Presenter ActualizarEventoDispositivo) OK
2023/12/04 04:59:10.358 - MENSAJE: 
2023/12/04 04:59:10.959 - MENSAJE: 
2023/12/04 04:59:17.977 - MENSAJE: (Presenter ObtenerEventoDispo) OK
2023/12/04 04:59:17.990 - MENSAJE: (Presenter ActualizarEventoDispositivo) OK
2023/12/04 04:59:27.014 - MENSAJE: 
2023/12/04 04:59:27.924 - MENSAJE: 
2023/12/04 05:02:38.434 - INICIO REGISTRO
2023/12/04 05:02:38.444 - MENSAJE: (FrondEnd CargaRecursos): Carga Controles - OK
2023/12/04 05:02:38.619 - MENSAJE: (FrondEnd CargaImagenes): Carga Imagenes - OK
2023/12/04 05:02:39.076 - MENSAJE: (Presenter ObtenerInfoModulo) OK
2023/12/04 05:02:39.104 - MENSAJE: (Presenter ObtenerInfoPartes) OK
2023/12/04 05:02:39.125 - MENSAJE: (Presenter ObtenerInfoParametros) OK
2023/12/04 05:02:39.233 - MENSAJE: (PRESENTER) Error Borrado Varibales PLC
2023/12/04 05:02:40.776 - MENSAJE: (Presenter ObtenerEventoDispo) OK
2023/12/04 05:02:54.602 - MENSAJE: (Presenter ObtenerEventoDispo) OK
2023/12/04 05:04:28.692 - INICIO REGISTRO
2023/12/04 05:04:28.700 - MENSAJE: (FrondEnd CargaRecursos): Carga Controles - OK
2023/12/04 05:04:28.873 - MENSAJE: (FrondEnd CargaImagenes): Carga Imagenes - OK
2023/12/04 05:04:29.397 - MENSAJE: (Presenter ObtenerInfoModulo) OK
2023/12/04 05:04:29.438 - MENSAJE: (Presenter ObtenerInfoPartes) OK
2023/12/04 05:04:29.462 - MENSAJE: (Presenter ObtenerInfoParametros) OK
2023/12/04 05:04:29.685 - MENSAJE: (PRESENTER) Error Borrado Varibales PLC
2023/12/04 05:04:29.847 - MENSAJE: (Presenter ObtenerEventoDispo) OK
2023/12/04 05:04:29.871 - MENSAJE: (Presenter ActualizarEventoDispositivo) OK
2023/12/04 05:04:35.731 - MENSAJE: (Presenter ObtenerEventoDispo) OK
2023/12/04 05:04:35.752 - MENSAJE: (Presenter ActualizarEventoDispositivo) OK
2023/12/04 05:04:42.393 - MENSAJE: 
2023/12/04 05:04:42.742 - MENSAJE: 
