2017/03/26 12:18:08.037 - INICIO REGISTRO
2017/03/26 12:18:08.104 - MENSAJE: (FrondEnd CargaRecursos): Carga Controles - OK
2017/03/26 12:18:08.430 - MENSAJE: (FrondEnd CargaImagenes): Carga Imagenes - OK
2017/03/26 12:18:12.359 - MENSAJE: (Presenter ObtenerInfoModulo) OK
2017/03/26 12:18:12.543 - MENSAJE: (Presenter ObtenerInfoPartes) OK
2017/03/26 12:18:12.721 - MENSAJE: (Presenter ObtenerInfoParametros) OK
2017/03/26 12:18:26.989 - INICIO REGISTRO
2017/03/26 12:18:27.001 - MENSAJE: (FrondEnd CargaRecursos): Carga Controles - OK
2017/03/26 12:18:27.109 - MENSAJE: (FrondEnd CargaImagenes): Carga Imagenes - OK
2017/03/26 12:18:27.984 - MENSAJE: (Presenter ObtenerInfoModulo) OK
2017/03/26 12:18:28.154 - MENSAJE: (Presenter ObtenerInfoPartes) OK
2017/03/26 12:18:28.307 - MENSAJE: (Presenter ObtenerInfoParametros) OK
2017/03/26 12:18:58.030 - MENSAJE: TestReceptor_ERROR
2017/03/26 12:18:58.314 - MENSAJE: Error_Conexion_Receptor
2017/03/26 12:18:58.322 - MENSAJE: COM_PORT Puerto COM ocupado o no disponible...
2017/03/26 12:18:58.999 - MENSAJE: Error_Conexion_Receptor
2017/03/26 12:18:59.012 - MENSAJE: COM_PORT Puerto COM ocupado o no disponible...
2017/03/26 12:19:00.005 - MENSAJE: Error_Conexion_Receptor
2017/03/26 12:19:00.047 - MENSAJE: COM_PORT Puerto COM ocupado o no disponible...
2017/03/26 12:19:00.998 - MENSAJE: Error_Conexion_Receptor
2017/03/26 12:19:01.014 - MENSAJE: COM_PORT Puerto COM ocupado o no disponible...
2017/03/26 12:19:01.997 - MENSAJE: Error_Conexion_Receptor
2017/03/26 12:19:02.013 - MENSAJE: COM_PORT Puerto COM ocupado o no disponible...
2017/03/26 12:19:11.500 - INICIO REGISTRO
2017/03/26 12:19:11.513 - MENSAJE: (FrondEnd CargaRecursos): Carga Controles - OK
2017/03/26 12:19:11.642 - MENSAJE: (FrondEnd CargaImagenes): Carga Imagenes - OK
2017/03/26 12:19:12.583 - MENSAJE: (Presenter ObtenerInfoModulo) OK
2017/03/26 12:19:12.741 - MENSAJE: (Presenter ObtenerInfoPartes) OK
2017/03/26 12:19:12.900 - MENSAJE: (Presenter ObtenerInfoParametros) OK
2017/03/26 12:19:26.962 - MENSAJE: TestReceptor_ERROR
2017/03/26 12:19:27.517 - MENSAJE: Error_Conexion_Receptor
2017/03/26 12:19:27.524 - MENSAJE: COM_PORT Puerto COM ocupado o no disponible...
2017/03/26 12:19:28.510 - MENSAJE: Error_Conexion_Receptor
2017/03/26 12:19:28.517 - MENSAJE: COM_PORT Puerto COM ocupado o no disponible...
2017/03/26 12:19:43.725 - INICIO REGISTRO
2017/03/26 12:19:43.737 - MENSAJE: (FrondEnd CargaRecursos): Carga Controles - OK
2017/03/26 12:19:43.851 - MENSAJE: (FrondEnd CargaImagenes): Carga Imagenes - OK
2017/03/26 12:19:44.784 - MENSAJE: (Presenter ObtenerInfoModulo) OK
2017/03/26 12:19:44.943 - MENSAJE: (Presenter ObtenerInfoPartes) OK
2017/03/26 12:19:45.094 - MENSAJE: (Presenter ObtenerInfoParametros) OK
2017/03/26 12:21:25.245 - INICIO REGISTRO
2017/03/26 12:21:25.276 - MENSAJE: (FrondEnd CargaRecursos): Carga Controles - OK
2017/03/26 12:21:25.499 - MENSAJE: (FrondEnd CargaImagenes): Carga Imagenes - OK
2017/03/26 12:21:26.631 - MENSAJE: (Presenter ObtenerInfoModulo) OK
2017/03/26 12:21:26.790 - MENSAJE: (Presenter ObtenerInfoPartes) OK
2017/03/26 12:21:26.963 - MENSAJE: (Presenter ObtenerInfoParametros) OK
2017/03/26 12:21:42.907 - INICIO REGISTRO
2017/03/26 12:21:42.921 - MENSAJE: (FrondEnd CargaRecursos): Carga Controles - OK
2017/03/26 12:21:43.029 - MENSAJE: (FrondEnd CargaImagenes): Carga Imagenes - OK
2017/03/26 12:21:44.014 - MENSAJE: (Presenter ObtenerInfoModulo) OK
2017/03/26 12:21:44.176 - MENSAJE: (Presenter ObtenerInfoPartes) OK
2017/03/26 12:21:44.340 - MENSAJE: (Presenter ObtenerInfoParametros) OK
2017/03/26 12:22:32.455 - INICIO REGISTRO
2017/03/26 12:22:32.471 - MENSAJE: (FrondEnd CargaRecursos): Carga Controles - OK
2017/03/26 12:22:32.583 - MENSAJE: (FrondEnd CargaImagenes): Carga Imagenes - OK
2017/03/26 12:22:33.479 - MENSAJE: (Presenter ObtenerInfoModulo) OK
2017/03/26 12:22:33.639 - MENSAJE: (Presenter ObtenerInfoPartes) OK
2017/03/26 12:22:33.790 - MENSAJE: (Presenter ObtenerInfoParametros) OK
2017/03/26 12:40:28.006 - INICIO REGISTRO
2017/03/26 12:40:28.062 - MENSAJE: (FrondEnd CargaRecursos): Carga Controles - OK
2017/03/26 12:40:28.185 - MENSAJE: (FrondEnd CargaImagenes): Carga Imagenes - OK
2017/03/26 12:40:31.255 - MENSAJE: (Presenter ObtenerInfoModulo) OK
2017/03/26 12:40:31.424 - MENSAJE: (Presenter ObtenerInfoPartes) OK
2017/03/26 12:40:31.593 - MENSAJE: (Presenter ObtenerInfoParametros) OK
2017/03/26 12:41:21.509 - INICIO REGISTRO
2017/03/26 12:41:21.521 - MENSAJE: (FrondEnd CargaRecursos): Carga Controles - OK
2017/03/26 12:41:21.629 - MENSAJE: (FrondEnd CargaImagenes): Carga Imagenes - OK
2017/03/26 12:41:22.558 - MENSAJE: (Presenter ObtenerInfoModulo) OK
2017/03/26 12:41:22.710 - MENSAJE: (Presenter ObtenerInfoPartes) OK
2017/03/26 12:41:22.866 - MENSAJE: (Presenter ObtenerInfoParametros) OK
2017/03/26 12:42:17.865 - MENSAJE: ID Tarjeta OK
2017/03/26 12:43:37.955 - INICIO REGISTRO
2017/03/26 12:43:37.967 - MENSAJE: (FrondEnd CargaRecursos): Carga Controles - OK
2017/03/26 12:43:38.126 - MENSAJE: (FrondEnd CargaImagenes): Carga Imagenes - OK
2017/03/26 12:43:40.779 - MENSAJE: (Presenter ObtenerInfoModulo) OK
2017/03/26 12:43:40.961 - MENSAJE: (Presenter ObtenerInfoPartes) OK
2017/03/26 12:43:41.152 - MENSAJE: (Presenter ObtenerInfoParametros) OK
2017/03/26 12:50:02.343 - INICIO REGISTRO
2017/03/26 12:50:02.357 - MENSAJE: (FrondEnd CargaRecursos): Carga Controles - OK
2017/03/26 12:50:02.464 - MENSAJE: (FrondEnd CargaImagenes): Carga Imagenes - OK
2017/03/26 12:50:05.132 - MENSAJE: (Presenter ObtenerInfoModulo) OK
2017/03/26 12:50:05.321 - MENSAJE: (Presenter ObtenerInfoPartes) OK
2017/03/26 12:50:05.496 - MENSAJE: (Presenter ObtenerInfoParametros) OK
2017/03/26 12:50:19.327 - MENSAJE: ID Tarjeta OK
2017/03/26 12:50:28.982 - MENSAJE: LoadKeyCRT_ok
2017/03/26 12:50:29.011 - MENSAJE: CheckKeyCRT_ok
2017/03/26 12:50:31.530 - MENSAJE: Tarjeta leida Correctamente
