2017/03/27 10:35:31.557 - INICIO REGISTRO
2017/03/27 10:35:31.633 - MENSAJE: (FrondEnd CargaRecursos): Carga Controles - OK
2017/03/27 10:35:31.772 - MENSAJE: (FrondEnd CargaImagenes): Carga Imagenes - OK
2017/03/27 10:35:41.171 - MENSAJE: (Presenter ObtenerInfoModulo) OK
2017/03/27 10:35:41.375 - MENSAJE: (Presenter ObtenerInfoPartes) OK
2017/03/27 10:35:41.625 - MENSAJE: (Presenter ObtenerInfoParametros) OK
2017/03/27 10:53:38.247 - INICIO REGISTRO
2017/03/27 10:53:38.258 - MENSAJE: (FrondEnd CargaRecursos): Carga Controles - OK
2017/03/27 10:53:38.375 - MENSAJE: (FrondEnd CargaImagenes): Carga Imagenes - OK
2017/03/27 10:53:39.727 - MENSAJE: (Presenter ObtenerInfoModulo) OK
2017/03/27 10:53:39.862 - MENSAJE: (Presenter ObtenerInfoPartes) OK
2017/03/27 10:53:40.008 - MENSAJE: (Presenter ObtenerInfoParametros) OK
2017/03/27 11:10:04.102 - INICIO REGISTRO
2017/03/27 11:10:04.113 - MENSAJE: (FrondEnd CargaRecursos): Carga Controles - OK
2017/03/27 11:10:04.220 - MENSAJE: (FrondEnd CargaImagenes): Carga Imagenes - OK
2017/03/27 11:10:05.901 - MENSAJE: (Presenter ObtenerInfoModulo) OK
2017/03/27 11:10:06.043 - MENSAJE: (Presenter ObtenerInfoPartes) OK
2017/03/27 11:10:06.172 - MENSAJE: (Presenter ObtenerInfoParametros) OK
2017/03/27 11:11:03.364 - INICIO REGISTRO
2017/03/27 11:11:03.377 - MENSAJE: (FrondEnd CargaRecursos): Carga Controles - OK
2017/03/27 11:11:03.488 - MENSAJE: (FrondEnd CargaImagenes): Carga Imagenes - OK
2017/03/27 11:11:04.505 - MENSAJE: (Presenter ObtenerInfoModulo) OK
2017/03/27 11:11:04.659 - MENSAJE: (Presenter ObtenerInfoPartes) OK
2017/03/27 11:11:04.796 - MENSAJE: (Presenter ObtenerInfoParametros) OK
2017/03/27 11:13:25.230 - INICIO REGISTRO
2017/03/27 11:13:25.240 - MENSAJE: (FrondEnd CargaRecursos): Carga Controles - OK
2017/03/27 11:13:25.607 - MENSAJE: (FrondEnd CargaImagenes): Carga Imagenes - OK
2017/03/27 11:13:26.571 - MENSAJE: (Presenter ObtenerInfoModulo) OK
2017/03/27 11:13:26.840 - MENSAJE: (Presenter ObtenerInfoPartes) OK
2017/03/27 11:13:26.992 - MENSAJE: (Presenter ObtenerInfoParametros) OK
2017/03/27 11:15:49.990 - INICIO REGISTRO
2017/03/27 11:15:50.005 - MENSAJE: (FrondEnd CargaRecursos): Carga Controles - OK
2017/03/27 11:15:50.116 - MENSAJE: (FrondEnd CargaImagenes): Carga Imagenes - OK
2017/03/27 11:15:52.726 - MENSAJE: (Presenter ObtenerInfoModulo) OK
2017/03/27 11:15:52.877 - MENSAJE: (Presenter ObtenerInfoPartes) OK
2017/03/27 11:15:53.030 - MENSAJE: (Presenter ObtenerInfoParametros) OK
2017/03/27 11:19:05.021 - INICIO REGISTRO
2017/03/27 11:19:05.034 - MENSAJE: (FrondEnd CargaRecursos): Carga Controles - OK
2017/03/27 11:19:05.138 - MENSAJE: (FrondEnd CargaImagenes): Carga Imagenes - OK
2017/03/27 11:19:06.048 - MENSAJE: (Presenter ObtenerInfoModulo) OK
2017/03/27 11:19:06.197 - MENSAJE: (Presenter ObtenerInfoPartes) OK
2017/03/27 11:19:06.350 - MENSAJE: (Presenter ObtenerInfoParametros) OK
2017/03/27 11:44:02.335 - INICIO REGISTRO
2017/03/27 11:44:02.386 - MENSAJE: (FrondEnd CargaRecursos): Carga Controles - OK
2017/03/27 11:44:02.592 - MENSAJE: (FrondEnd CargaImagenes): Carga Imagenes - OK
2017/03/27 11:44:07.233 - MENSAJE: (Presenter ObtenerInfoModulo) OK
2017/03/27 11:44:07.448 - MENSAJE: (Presenter ObtenerInfoPartes) OK
2017/03/27 11:44:07.624 - MENSAJE: (Presenter ObtenerInfoParametros) OK
2017/03/27 11:46:23.868 - INICIO REGISTRO
2017/03/27 11:46:23.880 - MENSAJE: (FrondEnd CargaRecursos): Carga Controles - OK
2017/03/27 11:46:23.984 - MENSAJE: (FrondEnd CargaImagenes): Carga Imagenes - OK
2017/03/27 11:46:24.898 - MENSAJE: (Presenter ObtenerInfoModulo) OK
2017/03/27 11:46:25.134 - MENSAJE: (Presenter ObtenerInfoPartes) OK
2017/03/27 11:46:25.319 - MENSAJE: (Presenter ObtenerInfoParametros) OK
2017/03/27 11:51:03.290 - INICIO REGISTRO
2017/03/27 11:51:03.300 - MENSAJE: (FrondEnd CargaRecursos): Carga Controles - OK
2017/03/27 11:51:03.407 - MENSAJE: (FrondEnd CargaImagenes): Carga Imagenes - OK
2017/03/27 11:51:05.022 - MENSAJE: (Presenter ObtenerInfoModulo) OK
2017/03/27 11:51:05.552 - MENSAJE: (Presenter ObtenerInfoPartes) OK
2017/03/27 11:51:06.135 - MENSAJE: (Presenter ObtenerInfoParametros) OK
2017/03/27 11:53:00.042 - INICIO REGISTRO
2017/03/27 11:53:00.055 - MENSAJE: (FrondEnd CargaRecursos): Carga Controles - OK
2017/03/27 11:53:00.159 - MENSAJE: (FrondEnd CargaImagenes): Carga Imagenes - OK
2017/03/27 11:53:01.041 - MENSAJE: (Presenter ObtenerInfoModulo) OK
2017/03/27 11:53:01.285 - MENSAJE: (Presenter ObtenerInfoPartes) OK
2017/03/27 11:53:01.580 - MENSAJE: (Presenter ObtenerInfoParametros) OK
2017/03/27 11:55:13.082 - MENSAJE: Error (Presenter Liquidacion): 
2017/03/27 11:55:20.867 - MENSAJE: TestReceptor_ERROR
2017/03/27 11:55:38.497 - MENSAJE: Error_Conexion_Receptor
2017/03/27 12:01:39.348 - INICIO REGISTRO
2017/03/27 12:01:39.358 - MENSAJE: (FrondEnd CargaRecursos): Carga Controles - OK
2017/03/27 12:01:39.462 - MENSAJE: (FrondEnd CargaImagenes): Carga Imagenes - OK
2017/03/27 12:01:40.947 - MENSAJE: (Presenter ObtenerInfoModulo) OK
2017/03/27 12:01:45.522 - MENSAJE: (Presenter ObtenerInfoPartes) Sistema Suspendido - Info Partes Error
2017/03/27 12:01:52.051 - INICIO REGISTRO
2017/03/27 12:01:52.062 - MENSAJE: (FrondEnd CargaRecursos): Carga Controles - OK
2017/03/27 12:01:52.168 - MENSAJE: (FrondEnd CargaImagenes): Carga Imagenes - OK
2017/03/27 12:01:54.825 - MENSAJE: (Presenter ObtenerInfoModulo) OK
2017/03/27 12:01:55.002 - MENSAJE: (Presenter ObtenerInfoPartes) OK
2017/03/27 12:01:55.170 - MENSAJE: (Presenter ObtenerInfoParametros) OK
2017/03/27 12:02:59.137 - INICIO REGISTRO
2017/03/27 12:02:59.161 - MENSAJE: (FrondEnd CargaRecursos): Carga Controles - OK
2017/03/27 12:02:59.308 - MENSAJE: (FrondEnd CargaImagenes): Carga Imagenes - OK
2017/03/27 12:03:00.224 - MENSAJE: (Presenter ObtenerInfoModulo) OK
2017/03/27 12:03:00.376 - MENSAJE: (Presenter ObtenerInfoPartes) OK
2017/03/27 12:03:00.611 - MENSAJE: (Presenter ObtenerInfoParametros) OK
2017/03/27 12:05:00.539 - INICIO REGISTRO
2017/03/27 12:05:00.552 - MENSAJE: (FrondEnd CargaRecursos): Carga Controles - OK
2017/03/27 12:05:00.656 - MENSAJE: (FrondEnd CargaImagenes): Carga Imagenes - OK
2017/03/27 12:05:01.519 - MENSAJE: (Presenter ObtenerInfoModulo) OK
2017/03/27 12:05:01.757 - MENSAJE: (Presenter ObtenerInfoPartes) OK
2017/03/27 12:05:01.952 - MENSAJE: (Presenter ObtenerInfoParametros) OK
2017/03/27 12:08:31.399 - INICIO REGISTRO
2017/03/27 12:08:31.411 - MENSAJE: (FrondEnd CargaRecursos): Carga Controles - OK
2017/03/27 12:08:31.520 - MENSAJE: (FrondEnd CargaImagenes): Carga Imagenes - OK
2017/03/27 12:08:32.886 - MENSAJE: (Presenter ObtenerInfoModulo) OK
2017/03/27 12:08:33.063 - MENSAJE: (Presenter ObtenerInfoPartes) OK
2017/03/27 12:08:33.314 - MENSAJE: (Presenter ObtenerInfoParametros) OK
2017/03/27 12:10:50.776 - INICIO REGISTRO
2017/03/27 12:10:50.787 - MENSAJE: (FrondEnd CargaRecursos): Carga Controles - OK
2017/03/27 12:10:50.891 - MENSAJE: (FrondEnd CargaImagenes): Carga Imagenes - OK
2017/03/27 12:10:51.738 - MENSAJE: (Presenter ObtenerInfoModulo) OK
2017/03/27 12:10:51.882 - MENSAJE: (Presenter ObtenerInfoPartes) OK
2017/03/27 12:10:52.020 - MENSAJE: (Presenter ObtenerInfoParametros) OK
2017/03/27 12:11:42.317 - INICIO REGISTRO
2017/03/27 12:11:42.330 - MENSAJE: (FrondEnd CargaRecursos): Carga Controles - OK
2017/03/27 12:11:42.435 - MENSAJE: (FrondEnd CargaImagenes): Carga Imagenes - OK
2017/03/27 12:11:43.501 - MENSAJE: (Presenter ObtenerInfoModulo) OK
2017/03/27 12:11:43.662 - MENSAJE: (Presenter ObtenerInfoPartes) OK
2017/03/27 12:11:43.867 - MENSAJE: (Presenter ObtenerInfoParametros) OK
2017/03/27 01:19:28.995 - INICIO REGISTRO
2017/03/27 01:19:29.033 - MENSAJE: (FrondEnd CargaRecursos): Carga Controles - OK
2017/03/27 01:19:29.122 - MENSAJE: (FrondEnd CargaImagenes): Carga Imagenes - OK
2017/03/27 01:19:31.995 - MENSAJE: (Presenter ObtenerInfoModulo) OK
2017/03/27 01:19:32.257 - MENSAJE: (Presenter ObtenerInfoPartes) OK
2017/03/27 01:19:32.393 - MENSAJE: (Presenter ObtenerInfoParametros) OK
