2023/11/18 10:18:08.493 - INICIO REGISTRO
2023/11/18 10:18:08.503 - MENSAJE: (FrondEnd CargaRecursos): Carga Controles - OK
2023/11/18 10:18:08.673 - MENSAJE: (FrondEnd CargaImagenes): Carga Imagenes - OK
2023/11/18 10:18:09.567 - MENSAJE: (Presenter ObtenerInfoModulo) OK
2023/11/18 10:18:09.623 - MENSAJE: (Presenter ObtenerInfoPartes) OK
2023/11/18 10:18:09.661 - MENSAJE: (Presenter ObtenerInfoParametros) OK
2023/11/18 10:18:09.924 - MENSAJE: (PRESENTER) Error Borrado Varibales PLC
2023/11/18 10:26:52.952 - INICIO REGISTRO
2023/11/18 10:26:52.961 - MENSAJE: (FrondEnd CargaRecursos): Carga Controles - OK
2023/11/18 10:26:53.143 - MENSAJE: (FrondEnd CargaImagenes): Carga Imagenes - OK
2023/11/18 10:26:53.615 - MENSAJE: (Presenter ObtenerInfoModulo) OK
2023/11/18 10:26:53.643 - MENSAJE: (Presenter ObtenerInfoPartes) OK
2023/11/18 10:26:53.663 - MENSAJE: (Presenter ObtenerInfoParametros) OK
2023/11/18 10:26:53.770 - MENSAJE: (PRESENTER) Error Borrado Varibales PLC
2023/11/18 10:26:59.986 - MENSAJE: Front End Secuencia IdTranasaccion: 2023111809301911
2023/11/18 10:27:04.075 - MENSAJE: (PRESENTER) Error Borrado Varibales PLC
2023/11/18 10:27:50.247 - MENSAJE: 
2023/11/18 10:27:50.257 - MENSAJE: 
2023/11/18 10:27:51.271 - MENSAJE: 
2023/11/18 10:27:51.271 - MENSAJE: 
2023/11/18 10:27:51.282 - MENSAJE: 
2023/11/18 10:27:52.290 - MENSAJE: 
2023/11/18 10:27:52.291 - MENSAJE: 
2023/11/18 10:27:52.301 - MENSAJE: 
2023/11/18 10:27:53.295 - MENSAJE: 
2023/11/18 10:27:53.295 - MENSAJE: 
2023/11/18 10:27:53.306 - MENSAJE: 
2023/11/18 10:27:54.298 - MENSAJE: 
2023/11/18 10:27:54.298 - MENSAJE: 
2023/11/18 10:27:54.310 - MENSAJE: 
2023/11/18 10:27:55.299 - MENSAJE: 
2023/11/18 10:27:55.299 - MENSAJE: 
2023/11/18 10:27:55.309 - MENSAJE: 
2023/11/18 10:27:56.285 - MENSAJE: 
2023/11/18 10:28:04.337 - MENSAJE: 
2023/11/18 10:28:04.347 - MENSAJE: 
2023/11/18 10:28:05.364 - MENSAJE: 
2023/11/18 10:28:05.364 - MENSAJE: 
2023/11/18 10:28:05.375 - MENSAJE: 
2023/11/18 10:28:06.372 - MENSAJE: 
2023/11/18 10:28:06.372 - MENSAJE: 
2023/11/18 10:28:06.382 - MENSAJE: 
2023/11/18 10:28:07.358 - MENSAJE: 
2023/11/18 10:28:07.358 - MENSAJE: 
2023/11/18 10:28:07.368 - MENSAJE: 
2023/11/18 10:28:08.365 - MENSAJE: 
2023/11/18 10:28:08.365 - MENSAJE: 
2023/11/18 10:28:08.376 - MENSAJE: 
2023/11/18 10:28:09.393 - MENSAJE: 
2023/11/18 10:28:09.393 - MENSAJE: 
2023/11/18 10:28:09.404 - MENSAJE: 
2023/11/18 10:28:10.386 - MENSAJE: 
2023/11/18 10:28:10.386 - MENSAJE: 
2023/11/18 10:28:10.396 - MENSAJE: 
2023/11/18 10:28:11.389 - MENSAJE: 
2023/11/18 10:28:11.389 - MENSAJE: 
2023/11/18 10:28:11.399 - MENSAJE: 
2023/11/18 10:28:12.378 - MENSAJE: 
2023/11/18 10:28:12.378 - MENSAJE: 
2023/11/18 10:28:12.388 - MENSAJE: 
2023/11/18 10:28:13.361 - MENSAJE: 
2023/11/18 10:28:13.361 - MENSAJE: 
2023/11/18 10:28:13.371 - MENSAJE: 
2023/11/18 10:28:14.388 - MENSAJE: 
2023/11/18 10:28:14.388 - MENSAJE: 
2023/11/18 10:28:14.399 - MENSAJE: 
2023/11/18 10:28:15.367 - MENSAJE: 
2023/11/18 10:28:15.367 - MENSAJE: 
2023/11/18 10:28:15.377 - MENSAJE: 
2023/11/18 10:28:16.369 - MENSAJE: 
2023/11/18 10:28:16.369 - MENSAJE: 
2023/11/18 10:28:16.380 - MENSAJE: 
2023/11/18 10:28:17.385 - MENSAJE: 
2023/11/18 10:28:17.385 - MENSAJE: 
2023/11/18 10:28:17.395 - MENSAJE: 
2023/11/18 10:28:18.389 - MENSAJE: 
2023/11/18 10:28:18.389 - MENSAJE: 
2023/11/18 10:28:18.399 - MENSAJE: 
2023/11/18 10:28:19.434 - MENSAJE: 
2023/11/18 10:28:19.434 - MENSAJE: 
2023/11/18 10:28:19.445 - MENSAJE: 
2023/11/18 10:28:20.384 - MENSAJE: 
2023/11/18 10:28:20.384 - MENSAJE: 
2023/11/18 10:28:20.394 - MENSAJE: 
2023/11/18 10:28:24.716 - INICIO REGISTRO
2023/11/18 10:28:24.725 - MENSAJE: (FrondEnd CargaRecursos): Carga Controles - OK
2023/11/18 10:28:24.899 - MENSAJE: (FrondEnd CargaImagenes): Carga Imagenes - OK
2023/11/18 10:28:25.356 - MENSAJE: (Presenter ObtenerInfoModulo) OK
2023/11/18 10:28:25.383 - MENSAJE: (Presenter ObtenerInfoPartes) OK
2023/11/18 10:28:25.405 - MENSAJE: (Presenter ObtenerInfoParametros) OK
2023/11/18 10:28:25.517 - MENSAJE: (PRESENTER) Error Borrado Varibales PLC
2023/11/18 10:28:31.757 - MENSAJE: Front End Secuencia IdTranasaccion: 20231118092826112023111809282611
2023/11/18 10:28:31.836 - MENSAJE: ErrorSystem.OverflowException: Valor demasiado grande o demasiado pequeño para Int64.
   en System.Number.ParseInt64(String value, NumberStyles options, NumberFormatInfo numfmt)
   en System.Convert.ToInt64(String value)
   en MC.ModuloSalida.WinForm.FrontEnd.frmPrincipal.ValidarSalida(String SecuenciaTransaccion) en c:\Users\Parquearse\Desktop\EntradaYSalida-PlazaCentral\MC.ModuloSalida.WinForm.FrontEnd\frmPrincipal.cs:línea 1785
2023/11/18 10:28:32.769 - MENSAJE: Front End Secuencia IdTranasaccion: 20231118092826112023111809282611
2023/11/18 10:28:32.808 - MENSAJE: ErrorSystem.OverflowException: Valor demasiado grande o demasiado pequeño para Int64.
   en System.Number.ParseInt64(String value, NumberStyles options, NumberFormatInfo numfmt)
   en System.Convert.ToInt64(String value)
   en MC.ModuloSalida.WinForm.FrontEnd.frmPrincipal.ValidarSalida(String SecuenciaTransaccion) en c:\Users\Parquearse\Desktop\EntradaYSalida-PlazaCentral\MC.ModuloSalida.WinForm.FrontEnd\frmPrincipal.cs:línea 1785
2023/11/18 10:28:33.795 - MENSAJE: Front End Secuencia IdTranasaccion: 20231118092826112023111809282611
2023/11/18 10:28:33.828 - MENSAJE: ErrorSystem.OverflowException: Valor demasiado grande o demasiado pequeño para Int64.
   en System.Number.ParseInt64(String value, NumberStyles options, NumberFormatInfo numfmt)
   en System.Convert.ToInt64(String value)
   en MC.ModuloSalida.WinForm.FrontEnd.frmPrincipal.ValidarSalida(String SecuenciaTransaccion) en c:\Users\Parquearse\Desktop\EntradaYSalida-PlazaCentral\MC.ModuloSalida.WinForm.FrontEnd\frmPrincipal.cs:línea 1785
2023/11/18 10:28:34.803 - MENSAJE: Front End Secuencia IdTranasaccion: 20231118092826112023111809282611
2023/11/18 10:28:34.838 - MENSAJE: ErrorSystem.OverflowException: Valor demasiado grande o demasiado pequeño para Int64.
   en System.Number.ParseInt64(String value, NumberStyles options, NumberFormatInfo numfmt)
   en System.Convert.ToInt64(String value)
   en MC.ModuloSalida.WinForm.FrontEnd.frmPrincipal.ValidarSalida(String SecuenciaTransaccion) en c:\Users\Parquearse\Desktop\EntradaYSalida-PlazaCentral\MC.ModuloSalida.WinForm.FrontEnd\frmPrincipal.cs:línea 1785
2023/11/18 10:28:35.809 - MENSAJE: Front End Secuencia IdTranasaccion: 20231118092826112023111809282611
2023/11/18 10:28:35.840 - MENSAJE: ErrorSystem.OverflowException: Valor demasiado grande o demasiado pequeño para Int64.
   en System.Number.ParseInt64(String value, NumberStyles options, NumberFormatInfo numfmt)
   en System.Convert.ToInt64(String value)
   en MC.ModuloSalida.WinForm.FrontEnd.frmPrincipal.ValidarSalida(String SecuenciaTransaccion) en c:\Users\Parquearse\Desktop\EntradaYSalida-PlazaCentral\MC.ModuloSalida.WinForm.FrontEnd\frmPrincipal.cs:línea 1785
2023/11/18 10:28:36.799 - MENSAJE: Front End Secuencia IdTranasaccion: 20231118092826112023111809282611
2023/11/18 10:28:36.832 - MENSAJE: ErrorSystem.OverflowException: Valor demasiado grande o demasiado pequeño para Int64.
   en System.Number.ParseInt64(String value, NumberStyles options, NumberFormatInfo numfmt)
   en System.Convert.ToInt64(String value)
   en MC.ModuloSalida.WinForm.FrontEnd.frmPrincipal.ValidarSalida(String SecuenciaTransaccion) en c:\Users\Parquearse\Desktop\EntradaYSalida-PlazaCentral\MC.ModuloSalida.WinForm.FrontEnd\frmPrincipal.cs:línea 1785
2023/11/18 10:28:37.799 - MENSAJE: Front End Secuencia IdTranasaccion: 20231118092826112023111809282611
2023/11/18 10:28:37.846 - MENSAJE: ErrorSystem.OverflowException: Valor demasiado grande o demasiado pequeño para Int64.
   en System.Number.ParseInt64(String value, NumberStyles options, NumberFormatInfo numfmt)
   en System.Convert.ToInt64(String value)
   en MC.ModuloSalida.WinForm.FrontEnd.frmPrincipal.ValidarSalida(String SecuenciaTransaccion) en c:\Users\Parquearse\Desktop\EntradaYSalida-PlazaCentral\MC.ModuloSalida.WinForm.FrontEnd\frmPrincipal.cs:línea 1785
2023/11/18 10:28:38.811 - MENSAJE: Front End Secuencia IdTranasaccion: 20231118092826112023111809282611
2023/11/18 10:28:38.842 - MENSAJE: ErrorSystem.OverflowException: Valor demasiado grande o demasiado pequeño para Int64.
   en System.Number.ParseInt64(String value, NumberStyles options, NumberFormatInfo numfmt)
   en System.Convert.ToInt64(String value)
   en MC.ModuloSalida.WinForm.FrontEnd.frmPrincipal.ValidarSalida(String SecuenciaTransaccion) en c:\Users\Parquearse\Desktop\EntradaYSalida-PlazaCentral\MC.ModuloSalida.WinForm.FrontEnd\frmPrincipal.cs:línea 1785
2023/11/18 10:28:42.334 - INICIO REGISTRO
2023/11/18 10:28:42.344 - MENSAJE: (FrondEnd CargaRecursos): Carga Controles - OK
2023/11/18 10:28:42.619 - MENSAJE: (FrondEnd CargaImagenes): Carga Imagenes - OK
2023/11/18 10:28:43.195 - MENSAJE: (Presenter ObtenerInfoModulo) OK
2023/11/18 10:28:43.228 - MENSAJE: (Presenter ObtenerInfoPartes) OK
2023/11/18 10:28:43.255 - MENSAJE: (Presenter ObtenerInfoParametros) OK
2023/11/18 10:28:43.361 - MENSAJE: (PRESENTER) Error Borrado Varibales PLC
2023/11/18 10:28:51.411 - MENSAJE: Front End Secuencia IdTranasaccion: 20231118092826112023111809282611
2023/11/18 10:28:51.480 - MENSAJE: ErrorSystem.OverflowException: Valor demasiado grande o demasiado pequeño para Int64.
   en System.Number.ParseInt64(String value, NumberStyles options, NumberFormatInfo numfmt)
   en System.Convert.ToInt64(String value)
   en MC.ModuloSalida.WinForm.FrontEnd.frmPrincipal.ValidarSalida(String SecuenciaTransaccion) en c:\Users\Parquearse\Desktop\EntradaYSalida-PlazaCentral\MC.ModuloSalida.WinForm.FrontEnd\frmPrincipal.cs:línea 1785
2023/11/18 10:28:52.429 - MENSAJE: Front End Secuencia IdTranasaccion: 20231118092826112023111809282611
2023/11/18 10:28:52.462 - MENSAJE: ErrorSystem.OverflowException: Valor demasiado grande o demasiado pequeño para Int64.
   en System.Number.ParseInt64(String value, NumberStyles options, NumberFormatInfo numfmt)
   en System.Convert.ToInt64(String value)
   en MC.ModuloSalida.WinForm.FrontEnd.frmPrincipal.ValidarSalida(String SecuenciaTransaccion) en c:\Users\Parquearse\Desktop\EntradaYSalida-PlazaCentral\MC.ModuloSalida.WinForm.FrontEnd\frmPrincipal.cs:línea 1785
2023/11/18 10:28:53.429 - MENSAJE: Front End Secuencia IdTranasaccion: 20231118092826112023111809282611
2023/11/18 10:28:53.463 - MENSAJE: ErrorSystem.OverflowException: Valor demasiado grande o demasiado pequeño para Int64.
   en System.Number.ParseInt64(String value, NumberStyles options, NumberFormatInfo numfmt)
   en System.Convert.ToInt64(String value)
   en MC.ModuloSalida.WinForm.FrontEnd.frmPrincipal.ValidarSalida(String SecuenciaTransaccion) en c:\Users\Parquearse\Desktop\EntradaYSalida-PlazaCentral\MC.ModuloSalida.WinForm.FrontEnd\frmPrincipal.cs:línea 1785
2023/11/18 10:28:54.436 - MENSAJE: Front End Secuencia IdTranasaccion: 20231118092826112023111809282611
2023/11/18 10:28:54.471 - MENSAJE: ErrorSystem.OverflowException: Valor demasiado grande o demasiado pequeño para Int64.
   en System.Number.ParseInt64(String value, NumberStyles options, NumberFormatInfo numfmt)
   en System.Convert.ToInt64(String value)
   en MC.ModuloSalida.WinForm.FrontEnd.frmPrincipal.ValidarSalida(String SecuenciaTransaccion) en c:\Users\Parquearse\Desktop\EntradaYSalida-PlazaCentral\MC.ModuloSalida.WinForm.FrontEnd\frmPrincipal.cs:línea 1785
2023/11/18 10:28:55.448 - MENSAJE: Front End Secuencia IdTranasaccion: 20231118092826112023111809282611
2023/11/18 10:28:55.485 - MENSAJE: ErrorSystem.OverflowException: Valor demasiado grande o demasiado pequeño para Int64.
   en System.Number.ParseInt64(String value, NumberStyles options, NumberFormatInfo numfmt)
   en System.Convert.ToInt64(String value)
   en MC.ModuloSalida.WinForm.FrontEnd.frmPrincipal.ValidarSalida(String SecuenciaTransaccion) en c:\Users\Parquearse\Desktop\EntradaYSalida-PlazaCentral\MC.ModuloSalida.WinForm.FrontEnd\frmPrincipal.cs:línea 1785
2023/11/18 10:29:13.784 - INICIO REGISTRO
2023/11/18 10:29:13.795 - MENSAJE: (FrondEnd CargaRecursos): Carga Controles - OK
2023/11/18 10:29:14.089 - MENSAJE: (FrondEnd CargaImagenes): Carga Imagenes - OK
2023/11/18 10:29:14.558 - MENSAJE: (Presenter ObtenerInfoModulo) OK
2023/11/18 10:29:14.588 - MENSAJE: (Presenter ObtenerInfoPartes) OK
2023/11/18 10:29:14.610 - MENSAJE: (Presenter ObtenerInfoParametros) OK
2023/11/18 10:29:14.720 - MENSAJE: (PRESENTER) Error Borrado Varibales PLC
2023/11/18 10:29:14.864 - MENSAJE: 
2023/11/18 10:29:14.867 - MENSAJE: 
2023/11/18 10:29:15.826 - MENSAJE: 
2023/11/18 10:29:15.826 - MENSAJE: 
2023/11/18 10:29:15.836 - MENSAJE: 
2023/11/18 10:29:16.844 - MENSAJE: 
2023/11/18 10:29:16.844 - MENSAJE: 
2023/11/18 10:29:16.854 - MENSAJE: 
2023/11/18 10:29:26.097 - MENSAJE: 
2023/11/18 10:29:26.097 - MENSAJE: 
2023/11/18 10:29:29.986 - MENSAJE: 
2023/11/18 10:29:38.527 - MENSAJE: Front End Secuencia IdTranasaccion: 2023111809282611
2023/11/18 10:29:39.017 - MENSAJE: 18/11/2023 10:22:45 a. m.
2023/11/18 10:29:39.018 - MENSAJE: ANTES DE OBTENER EVENTO
2023/11/18 10:29:39.067 - MENSAJE: ERROR Presenter ObtenerEvento
2023/11/18 10:29:39.068 - MENSAJE: DESPUES DE OBTENER EVENTO
2023/11/18 10:29:39.069 - MENSAJE: CALCULO TIEMPO FECHA ACTUAL CON LA FECHA DEL EVENTO
2023/11/18 10:29:39.070 - MENSAJE: HORAS :
2023/11/18 10:29:39.071 - MENSAJE: HORAS VACIO CALCULA TIMEPO DE REPAGO
2023/11/18 10:29:40.494 - MENSAJE: 
2023/11/18 10:29:40.494 - MENSAJE: 
2023/11/18 10:29:43.948 - MENSAJE: 
2023/11/18 10:29:43.948 - MENSAJE: 
2023/11/18 10:29:43.959 - MENSAJE: 
2023/11/18 10:29:46.851 - MENSAJE: (PRESENTER) Error Borrado Varibales PLC
2023/11/18 10:29:47.836 - MENSAJE: 
2023/11/18 10:29:47.836 - MENSAJE: 
2023/11/18 10:29:47.846 - MENSAJE: 
2023/11/18 10:29:48.877 - MENSAJE: 
2023/11/18 10:29:48.877 - MENSAJE: 
2023/11/18 10:29:48.888 - MENSAJE: 
2023/11/18 10:29:49.872 - MENSAJE: 
2023/11/18 10:29:49.872 - MENSAJE: 
2023/11/18 10:29:49.883 - MENSAJE: 
2023/11/18 10:29:50.860 - MENSAJE: 
2023/11/18 10:29:50.860 - MENSAJE: 
2023/11/18 10:29:50.870 - MENSAJE: 
2023/11/18 10:29:51.871 - MENSAJE: 
2023/11/18 10:29:51.871 - MENSAJE: 
2023/11/18 10:29:51.882 - MENSAJE: 
