2023/10/07 10:46:42.534 - INICIO REGISTRO
2023/10/07 10:46:42.552 - MENSAJE: (FrondEnd CargaRecursos): Carga Controles - OK
2023/10/07 10:46:42.658 - MENSAJE: (FrondEnd CargaImagenes): Carga Imagenes - OK
2023/10/07 10:46:47.247 - MENSAJE: (Presenter ObtenerInfoModulo) OK
2023/10/07 10:46:47.317 - MENSAJE: (Presenter ObtenerInfoPartes) OK
2023/10/07 10:46:47.345 - MENSAJE: (Presenter ObtenerInfoParametros) OK
2023/10/07 10:46:47.456 - MENSAJE: 
2023/10/07 10:50:23.353 - INICIO REGISTRO
2023/10/07 10:50:23.366 - MENSAJE: (FrondEnd CargaRecursos): Carga Controles - OK
2023/10/07 10:50:23.471 - MENSAJE: (FrondEnd CargaImagenes): Carga Imagenes - OK
2023/10/07 10:50:24.243 - MENSAJE: (Presenter ObtenerInfoModulo) OK
2023/10/07 10:50:24.267 - MENSAJE: (Presenter ObtenerInfoPartes) OK
2023/10/07 10:50:24.287 - MENSAJE: (Presenter ObtenerInfoParametros) OK
2023/10/07 10:50:24.316 - MENSAJE: 
2023/10/07 10:50:24.360 - MENSAJE: ConexionExitosa_Dispensador
2023/10/07 10:50:24.564 - MENSAJE: (PRESENTER) Error Borrado Varibales PLC
2023/10/07 10:51:27.034 - INICIO REGISTRO
2023/10/07 10:51:27.049 - MENSAJE: (FrondEnd CargaRecursos): Carga Controles - OK
2023/10/07 10:51:27.160 - MENSAJE: (FrondEnd CargaImagenes): Carga Imagenes - OK
2023/10/07 10:51:27.910 - MENSAJE: (Presenter ObtenerInfoModulo) OK
2023/10/07 10:51:27.934 - MENSAJE: (Presenter ObtenerInfoPartes) OK
2023/10/07 10:51:27.951 - MENSAJE: (Presenter ObtenerInfoParametros) OK
2023/10/07 10:51:27.989 - MENSAJE: 
2023/10/07 10:51:28.031 - MENSAJE: ConexionExitosa_Dispensador
2023/10/07 10:51:28.123 - MENSAJE: (PRESENTER) Error Borrado Varibales PLC
2023/10/07 10:51:31.756 - MENSAJE: 
2023/10/07 10:51:31.766 - MENSAJE: 
2023/10/07 10:51:32.391 - MENSAJE: 
2023/10/07 10:51:32.394 - MENSAJE: 
2023/10/07 10:51:32.395 - MENSAJE: (FrontEnd Antes AlistarTarjetaNew)
2023/10/07 10:51:32.402 - MENSAJE: 
2023/10/07 10:51:34.117 - MENSAJE: Tarjeta_Alistada
2023/10/07 10:51:34.159 - MENSAJE: Tarjeta Encontrada: 86403728
2023/10/07 10:51:34.160 - MENSAJE: (FrontEnd Despues AlistarTarjetaNew)
2023/10/07 10:51:34.160 - MENSAJE: (FrontEnd Antes CapturaPlaca)
2023/10/07 10:51:35.237 - MENSAJE: (FrontEnd CapturaPlaca) Placa: JHK859
2023/10/07 10:51:35.285 - MENSAJE: (FrontEnd CapturaPlaca) Placa: JHK859
2023/10/07 10:51:35.286 - MENSAJE: (FrontEnd Antes CapturaPlaca) ------
2023/10/07 10:51:35.314 - MENSAJE: (FrontEnd Antes EscribirTarjetaNew)
2023/10/07 10:51:37.771 - MENSAJE: Tarjeta_Escrita
2023/10/07 10:51:37.783 - MENSAJE: Tarjeta_MovidaReceptor_RF_TO_FRONT
2023/10/07 10:51:37.785 - MENSAJE: (FrontEnd Despues EscribirTarjetaNew)
2023/10/07 10:51:38.445 - MENSAJE: Tarjeta_En_Boca
2023/10/07 10:51:38.446 - MENSAJE: Tarjeta_En_Boca
2023/10/07 10:51:38.453 - MENSAJE: 
2023/10/07 10:51:38.453 - MENSAJE: 
2023/10/07 10:51:38.463 - MENSAJE: 
2023/10/07 10:51:39.038 - MENSAJE: Tarjeta_En_Boca
2023/10/07 10:51:39.039 - MENSAJE: Tarjeta_En_Boca
2023/10/07 10:51:39.046 - MENSAJE: 
2023/10/07 10:51:39.046 - MENSAJE: 
2023/10/07 10:51:39.057 - MENSAJE: 
2023/10/07 10:51:39.626 - MENSAJE: Tarjeta_En_Boca
2023/10/07 10:51:39.627 - MENSAJE: Tarjeta_En_Boca
2023/10/07 10:51:39.634 - MENSAJE: 
2023/10/07 10:51:39.635 - MENSAJE: 
2023/10/07 10:51:39.645 - MENSAJE: 
2023/10/07 10:51:40.569 - MENSAJE: Tarjeta_En_Boca
2023/10/07 10:51:40.569 - MENSAJE: Tarjeta_En_Boca
2023/10/07 10:51:40.576 - MENSAJE: 
2023/10/07 10:51:40.577 - MENSAJE: 
2023/10/07 10:51:40.587 - MENSAJE: 
2023/10/07 10:51:41.580 - MENSAJE: Tarjeta_En_Boca
2023/10/07 10:51:41.580 - MENSAJE: Tarjeta_En_Boca
2023/10/07 10:51:41.588 - MENSAJE: 
2023/10/07 10:51:41.588 - MENSAJE: 
2023/10/07 10:51:41.598 - MENSAJE: 
2023/10/07 10:51:42.580 - MENSAJE: Tarjeta_En_Boca
2023/10/07 10:51:42.581 - MENSAJE: Tarjeta_En_Boca
2023/10/07 10:51:42.588 - MENSAJE: 
2023/10/07 10:51:42.589 - MENSAJE: 
2023/10/07 10:51:42.600 - MENSAJE: 
2023/10/07 10:51:43.578 - MENSAJE: Tarjeta_En_Boca
2023/10/07 10:51:43.578 - MENSAJE: Tarjeta_En_Boca
2023/10/07 10:51:43.585 - MENSAJE: 
2023/10/07 10:51:43.586 - MENSAJE: 
2023/10/07 10:51:43.597 - MENSAJE: 
2023/10/07 10:51:44.598 - MENSAJE: Tarjeta_En_Boca
2023/10/07 10:51:44.599 - MENSAJE: Tarjeta_En_Boca
2023/10/07 10:51:44.607 - MENSAJE: 
2023/10/07 10:51:44.608 - MENSAJE: 
2023/10/07 10:51:44.618 - MENSAJE: 
2023/10/07 10:51:45.580 - MENSAJE: Tarjeta_En_Boca
2023/10/07 10:51:45.580 - MENSAJE: Tarjeta_En_Boca
2023/10/07 10:51:45.587 - MENSAJE: 
2023/10/07 10:51:45.587 - MENSAJE: 
2023/10/07 10:51:45.598 - MENSAJE: 
2023/10/07 10:51:46.580 - MENSAJE: Tarjeta_En_Boca
2023/10/07 10:51:46.580 - MENSAJE: Tarjeta_En_Boca
2023/10/07 10:51:46.587 - MENSAJE: 
2023/10/07 10:51:46.588 - MENSAJE: 
2023/10/07 10:51:46.598 - MENSAJE: 
2023/10/07 10:51:47.580 - MENSAJE: Tarjeta_En_Boca
2023/10/07 10:51:47.581 - MENSAJE: Tarjeta_En_Boca
2023/10/07 10:51:47.588 - MENSAJE: 
2023/10/07 10:51:47.588 - MENSAJE: 
2023/10/07 10:51:47.599 - MENSAJE: 
2023/10/07 10:51:48.628 - MENSAJE: Tarjeta_En_Boca
2023/10/07 10:51:48.629 - MENSAJE: Tarjeta_En_Boca
2023/10/07 10:51:48.636 - MENSAJE: 
2023/10/07 10:51:48.636 - MENSAJE: 
2023/10/07 10:51:48.647 - MENSAJE: 
2023/10/07 10:52:09.120 - INICIO REGISTRO
2023/10/07 10:52:09.135 - MENSAJE: (FrondEnd CargaRecursos): Carga Controles - OK
2023/10/07 10:52:09.236 - MENSAJE: (FrondEnd CargaImagenes): Carga Imagenes - OK
2023/10/07 10:52:10.000 - MENSAJE: (Presenter ObtenerInfoModulo) OK
2023/10/07 10:52:10.025 - MENSAJE: (Presenter ObtenerInfoPartes) OK
2023/10/07 10:52:10.045 - MENSAJE: (Presenter ObtenerInfoParametros) OK
2023/10/07 10:52:10.079 - MENSAJE: 
2023/10/07 10:52:10.110 - MENSAJE: ConexionExitosa_Dispensador
2023/10/07 10:52:10.203 - MENSAJE: (PRESENTER) Error Borrado Varibales PLC
2023/10/07 10:52:38.330 - INICIO REGISTRO
2023/10/07 10:52:38.345 - MENSAJE: (FrondEnd CargaRecursos): Carga Controles - OK
2023/10/07 10:52:38.446 - MENSAJE: (FrondEnd CargaImagenes): Carga Imagenes - OK
2023/10/07 10:52:39.205 - MENSAJE: (Presenter ObtenerInfoModulo) OK
2023/10/07 10:52:39.232 - MENSAJE: (Presenter ObtenerInfoPartes) OK
2023/10/07 10:52:39.251 - MENSAJE: (Presenter ObtenerInfoParametros) OK
2023/10/07 10:52:39.282 - MENSAJE: 
2023/10/07 10:52:39.326 - MENSAJE: ConexionExitosa_Dispensador
2023/10/07 10:52:39.414 - MENSAJE: (PRESENTER) Error Borrado Varibales PLC
2023/10/07 10:52:42.614 - MENSAJE: Sin_Tarjeta
2023/10/07 10:52:42.622 - MENSAJE: 
2023/10/07 10:52:42.632 - MENSAJE: 
2023/10/07 10:52:42.633 - MENSAJE: 
2023/10/07 10:52:43.225 - MENSAJE: Sin_Tarjeta
2023/10/07 10:52:43.226 - MENSAJE: 
2023/10/07 10:52:43.230 - MENSAJE: 
2023/10/07 10:52:43.238 - MENSAJE: 
2023/10/07 10:52:43.874 - MENSAJE: Sin_Tarjeta
2023/10/07 10:52:43.876 - MENSAJE: 
2023/10/07 10:52:43.876 - MENSAJE: 
2023/10/07 10:52:43.886 - MENSAJE: 
2023/10/07 10:52:44.872 - MENSAJE: Sin_Tarjeta
2023/10/07 10:52:44.872 - MENSAJE: 
2023/10/07 10:52:44.873 - MENSAJE: 
2023/10/07 10:52:44.883 - MENSAJE: 
2023/10/07 10:52:45.875 - MENSAJE: Sin_Tarjeta
2023/10/07 10:52:45.876 - MENSAJE: 
2023/10/07 10:52:45.876 - MENSAJE: 
2023/10/07 10:52:45.887 - MENSAJE: 
2023/10/07 10:52:46.875 - MENSAJE: Sin_Tarjeta
2023/10/07 10:52:46.876 - MENSAJE: 
2023/10/07 10:52:46.876 - MENSAJE: 
2023/10/07 10:52:46.887 - MENSAJE: 
2023/10/07 10:52:47.874 - MENSAJE: Sin_Tarjeta
2023/10/07 10:52:47.875 - MENSAJE: 
2023/10/07 10:52:47.875 - MENSAJE: 
2023/10/07 10:52:47.886 - MENSAJE: 
2023/10/07 10:52:48.875 - MENSAJE: Sin_Tarjeta
2023/10/07 10:52:48.875 - MENSAJE: 
2023/10/07 10:52:48.875 - MENSAJE: 
2023/10/07 10:52:48.886 - MENSAJE: 
2023/10/07 10:52:49.885 - MENSAJE: Sin_Tarjeta
2023/10/07 10:52:49.886 - MENSAJE: 
2023/10/07 10:52:49.887 - MENSAJE: (FrontEnd Antes AlistarTarjetaNew)
2023/10/07 10:52:49.887 - MENSAJE: 
2023/10/07 10:52:49.897 - MENSAJE: 
2023/10/07 10:52:51.621 - MENSAJE: Tarjeta_Alistada
2023/10/07 10:52:51.672 - MENSAJE: Tarjeta Encontrada: 6A7E708B
2023/10/07 10:52:51.673 - MENSAJE: (FrontEnd Despues AlistarTarjetaNew)
2023/10/07 10:52:51.673 - MENSAJE: (FrontEnd Antes CapturaPlaca)
2023/10/07 10:52:52.727 - MENSAJE: (FrontEnd CapturaPlaca) Placa: JHK859
2023/10/07 10:52:52.767 - MENSAJE: (FrontEnd CapturaPlaca) Placa: JHK859
2023/10/07 10:52:52.767 - MENSAJE: (FrontEnd Antes CapturaPlaca) HDM257
2023/10/07 10:52:52.793 - MENSAJE: oAutorizado.PlacaAuto : HDM257
2023/10/07 10:52:55.281 - MENSAJE: Tarjeta_Escrita
2023/10/07 10:52:55.293 - MENSAJE: Tarjeta_MovidaReceptor_RF_TO_FRONT
2023/10/07 10:52:55.991 - MENSAJE: Tarjeta_En_Boca
2023/10/07 10:52:55.992 - MENSAJE: Tarjeta_En_Boca
2023/10/07 10:52:55.992 - MENSAJE: oAutorizado.PlacaAuto : HDM257
2023/10/07 10:52:56.011 - MENSAJE: ObtenerAutorizadoPlaca ok 
2023/10/07 10:52:56.022 - MENSAJE: ObtenerAutorizado ok 
2023/10/07 10:52:56.041 - MENSAJE: 
2023/10/07 10:52:56.041 - MENSAJE: 
2023/10/07 10:52:56.051 - MENSAJE: 
2023/10/07 10:52:56.895 - MENSAJE: Tarjeta_En_Boca
2023/10/07 10:52:56.896 - MENSAJE: Tarjeta_En_Boca
2023/10/07 10:52:56.896 - MENSAJE: oAutorizado.PlacaAuto : HDM257
2023/10/07 10:52:56.910 - MENSAJE: ObtenerAutorizadoPlaca ok 
2023/10/07 10:52:56.924 - MENSAJE: ObtenerAutorizado ok 
2023/10/07 10:52:56.952 - MENSAJE: 
2023/10/07 10:52:56.952 - MENSAJE: 
2023/10/07 10:52:56.962 - MENSAJE: 
2023/10/07 10:52:57.911 - MENSAJE: Tarjeta_En_Boca
2023/10/07 10:52:57.911 - MENSAJE: Tarjeta_En_Boca
2023/10/07 10:52:57.912 - MENSAJE: oAutorizado.PlacaAuto : HDM257
2023/10/07 10:52:57.920 - MENSAJE: ObtenerAutorizadoPlaca ok 
2023/10/07 10:52:57.929 - MENSAJE: ObtenerAutorizado ok 
2023/10/07 10:52:57.951 - MENSAJE: 
2023/10/07 10:52:57.952 - MENSAJE: 
2023/10/07 10:52:57.962 - MENSAJE: 
2023/10/07 10:52:58.877 - MENSAJE: Tarjeta_En_Boca
2023/10/07 10:52:58.878 - MENSAJE: Tarjeta_En_Boca
2023/10/07 10:52:58.878 - MENSAJE: oAutorizado.PlacaAuto : HDM257
2023/10/07 10:52:58.895 - MENSAJE: ObtenerAutorizadoPlaca ok 
2023/10/07 10:52:58.909 - MENSAJE: ObtenerAutorizado ok 
2023/10/07 10:52:58.927 - MENSAJE: 
2023/10/07 10:52:58.927 - MENSAJE: 
2023/10/07 10:52:58.938 - MENSAJE: 
2023/10/07 10:52:59.874 - MENSAJE: Tarjeta_En_Boca
2023/10/07 10:52:59.875 - MENSAJE: Tarjeta_En_Boca
2023/10/07 10:52:59.876 - MENSAJE: oAutorizado.PlacaAuto : HDM257
2023/10/07 10:52:59.884 - MENSAJE: ObtenerAutorizadoPlaca ok 
2023/10/07 10:52:59.893 - MENSAJE: ObtenerAutorizado ok 
2023/10/07 10:52:59.909 - MENSAJE: 
2023/10/07 10:52:59.909 - MENSAJE: 
2023/10/07 10:52:59.919 - MENSAJE: 
2023/10/07 10:53:00.870 - MENSAJE: Tarjeta_En_Boca
2023/10/07 10:53:00.871 - MENSAJE: Tarjeta_En_Boca
2023/10/07 10:53:00.871 - MENSAJE: oAutorizado.PlacaAuto : HDM257
2023/10/07 10:53:00.881 - MENSAJE: ObtenerAutorizadoPlaca ok 
2023/10/07 10:53:00.890 - MENSAJE: ObtenerAutorizado ok 
2023/10/07 10:53:00.911 - MENSAJE: 
2023/10/07 10:53:00.911 - MENSAJE: 
2023/10/07 10:53:00.922 - MENSAJE: 
2023/10/07 10:53:01.870 - MENSAJE: Tarjeta_En_Boca
2023/10/07 10:53:01.870 - MENSAJE: Tarjeta_En_Boca
2023/10/07 10:53:01.871 - MENSAJE: oAutorizado.PlacaAuto : HDM257
2023/10/07 10:53:01.880 - MENSAJE: ObtenerAutorizadoPlaca ok 
2023/10/07 10:53:01.891 - MENSAJE: ObtenerAutorizado ok 
2023/10/07 10:53:01.913 - MENSAJE: 
2023/10/07 10:53:01.913 - MENSAJE: 
2023/10/07 10:53:01.924 - MENSAJE: 
2023/10/07 10:53:02.877 - MENSAJE: Tarjeta_En_Boca
2023/10/07 10:53:02.877 - MENSAJE: Tarjeta_En_Boca
2023/10/07 10:53:02.877 - MENSAJE: oAutorizado.PlacaAuto : HDM257
2023/10/07 10:53:02.902 - MENSAJE: ObtenerAutorizadoPlaca ok 
2023/10/07 10:53:02.919 - MENSAJE: ObtenerAutorizado ok 
2023/10/07 10:53:02.935 - MENSAJE: 
2023/10/07 10:53:02.935 - MENSAJE: 
2023/10/07 10:53:02.945 - MENSAJE: 
2023/10/07 10:53:03.869 - MENSAJE: Tarjeta_En_Boca
2023/10/07 10:53:03.869 - MENSAJE: Tarjeta_En_Boca
2023/10/07 10:53:03.869 - MENSAJE: oAutorizado.PlacaAuto : HDM257
2023/10/07 10:53:03.899 - MENSAJE: ObtenerAutorizadoPlaca ok 
2023/10/07 10:53:03.909 - MENSAJE: ObtenerAutorizado ok 
2023/10/07 10:53:03.955 - MENSAJE: 
2023/10/07 10:53:03.955 - MENSAJE: 
2023/10/07 10:53:03.966 - MENSAJE: 
2023/10/07 10:53:04.872 - MENSAJE: Tarjeta_En_Boca
2023/10/07 10:53:04.873 - MENSAJE: Tarjeta_En_Boca
2023/10/07 10:53:04.873 - MENSAJE: oAutorizado.PlacaAuto : HDM257
2023/10/07 10:53:04.919 - MENSAJE: ObtenerAutorizadoPlaca ok 
2023/10/07 10:53:04.948 - MENSAJE: ObtenerAutorizado ok 
2023/10/07 10:53:04.976 - MENSAJE: 
2023/10/07 10:53:04.976 - MENSAJE: 
2023/10/07 10:53:04.986 - MENSAJE: 
2023/10/07 10:53:05.886 - MENSAJE: Tarjeta_En_Boca
2023/10/07 10:53:05.887 - MENSAJE: Tarjeta_En_Boca
2023/10/07 10:53:05.887 - MENSAJE: oAutorizado.PlacaAuto : HDM257
2023/10/07 10:53:05.899 - MENSAJE: ObtenerAutorizadoPlaca ok 
2023/10/07 10:53:05.929 - MENSAJE: ObtenerAutorizado ok 
2023/10/07 10:53:05.952 - MENSAJE: 
2023/10/07 10:53:05.952 - MENSAJE: 
2023/10/07 10:53:05.962 - MENSAJE: 
2023/10/07 10:53:06.894 - MENSAJE: Tarjeta_En_Boca
2023/10/07 10:53:06.895 - MENSAJE: Tarjeta_En_Boca
2023/10/07 10:53:06.895 - MENSAJE: oAutorizado.PlacaAuto : HDM257
2023/10/07 10:53:06.907 - MENSAJE: ObtenerAutorizadoPlaca ok 
2023/10/07 10:53:06.919 - MENSAJE: ObtenerAutorizado ok 
2023/10/07 10:53:06.935 - MENSAJE: 
2023/10/07 10:53:06.935 - MENSAJE: 
2023/10/07 10:53:06.946 - MENSAJE: 
2023/10/07 10:53:07.916 - MENSAJE: Tarjeta_En_Boca
2023/10/07 10:53:07.917 - MENSAJE: Tarjeta_En_Boca
2023/10/07 10:53:07.917 - MENSAJE: oAutorizado.PlacaAuto : HDM257
2023/10/07 10:53:07.930 - MENSAJE: ObtenerAutorizadoPlaca ok 
2023/10/07 10:53:07.944 - MENSAJE: ObtenerAutorizado ok 
2023/10/07 10:53:07.968 - MENSAJE: 
2023/10/07 10:53:07.968 - MENSAJE: 
2023/10/07 10:53:07.979 - MENSAJE: 
2023/10/07 10:53:08.868 - MENSAJE: Tarjeta_En_Boca
2023/10/07 10:53:08.875 - MENSAJE: Tarjeta_En_Boca
2023/10/07 10:53:08.876 - MENSAJE: oAutorizado.PlacaAuto : HDM257
2023/10/07 10:53:08.885 - MENSAJE: ObtenerAutorizadoPlaca ok 
2023/10/07 10:53:08.893 - MENSAJE: ObtenerAutorizado ok 
2023/10/07 10:53:08.910 - MENSAJE: 
2023/10/07 10:53:08.910 - MENSAJE: 
2023/10/07 10:53:08.920 - MENSAJE: 
2023/10/07 10:53:09.867 - MENSAJE: Tarjeta_En_Boca
2023/10/07 10:53:09.868 - MENSAJE: Tarjeta_En_Boca
2023/10/07 10:53:09.868 - MENSAJE: oAutorizado.PlacaAuto : HDM257
2023/10/07 10:53:09.876 - MENSAJE: ObtenerAutorizadoPlaca ok 
2023/10/07 10:53:09.884 - MENSAJE: ObtenerAutorizado ok 
2023/10/07 10:53:09.899 - MENSAJE: 
2023/10/07 10:53:09.899 - MENSAJE: 
2023/10/07 10:53:09.909 - MENSAJE: 
2023/10/07 10:53:10.867 - MENSAJE: Tarjeta_En_Boca
2023/10/07 10:53:10.867 - MENSAJE: Tarjeta_En_Boca
2023/10/07 10:53:10.868 - MENSAJE: oAutorizado.PlacaAuto : HDM257
2023/10/07 10:53:10.875 - MENSAJE: ObtenerAutorizadoPlaca ok 
2023/10/07 10:53:10.883 - MENSAJE: ObtenerAutorizado ok 
2023/10/07 10:53:10.898 - MENSAJE: 
2023/10/07 10:53:10.898 - MENSAJE: 
2023/10/07 10:53:10.909 - MENSAJE: 
2023/10/07 10:53:11.869 - MENSAJE: Tarjeta_En_Boca
2023/10/07 10:53:11.870 - MENSAJE: Tarjeta_En_Boca
2023/10/07 10:53:11.870 - MENSAJE: oAutorizado.PlacaAuto : HDM257
2023/10/07 10:53:11.878 - MENSAJE: ObtenerAutorizadoPlaca ok 
2023/10/07 10:53:11.886 - MENSAJE: ObtenerAutorizado ok 
2023/10/07 10:53:11.902 - MENSAJE: 
2023/10/07 10:53:11.902 - MENSAJE: 
2023/10/07 10:53:11.913 - MENSAJE: 
2023/10/07 10:53:12.870 - MENSAJE: Tarjeta_En_Boca
2023/10/07 10:53:12.870 - MENSAJE: Tarjeta_En_Boca
2023/10/07 10:53:12.871 - MENSAJE: oAutorizado.PlacaAuto : HDM257
2023/10/07 10:53:12.891 - MENSAJE: ObtenerAutorizadoPlaca ok 
2023/10/07 10:53:12.906 - MENSAJE: ObtenerAutorizado ok 
2023/10/07 10:53:12.930 - MENSAJE: 
2023/10/07 10:53:12.930 - MENSAJE: 
2023/10/07 10:53:12.941 - MENSAJE: 
2023/10/07 10:53:13.870 - MENSAJE: Tarjeta_En_Boca
2023/10/07 10:53:13.871 - MENSAJE: Tarjeta_En_Boca
2023/10/07 10:53:13.871 - MENSAJE: oAutorizado.PlacaAuto : HDM257
2023/10/07 10:53:13.881 - MENSAJE: ObtenerAutorizadoPlaca ok 
2023/10/07 10:53:13.891 - MENSAJE: ObtenerAutorizado ok 
2023/10/07 10:53:13.911 - MENSAJE: 
2023/10/07 10:53:13.911 - MENSAJE: 
2023/10/07 10:53:13.922 - MENSAJE: 
2023/10/07 10:53:14.870 - MENSAJE: Tarjeta_En_Boca
2023/10/07 10:53:14.870 - MENSAJE: Tarjeta_En_Boca
2023/10/07 10:53:14.871 - MENSAJE: oAutorizado.PlacaAuto : HDM257
2023/10/07 10:53:14.878 - MENSAJE: ObtenerAutorizadoPlaca ok 
2023/10/07 10:53:14.886 - MENSAJE: ObtenerAutorizado ok 
2023/10/07 10:53:14.901 - MENSAJE: 
2023/10/07 10:53:14.901 - MENSAJE: 
2023/10/07 10:53:14.912 - MENSAJE: 
2023/10/07 10:53:14.931 - MENSAJE: (PRESENTER) Error Borrado Varibales PLC
2023/10/07 10:53:15.870 - MENSAJE: 
2023/10/07 10:53:15.870 - MENSAJE: 
2023/10/07 10:53:15.908 - MENSAJE: 
2023/10/07 10:53:16.869 - MENSAJE: 
2023/10/07 10:53:16.869 - MENSAJE: 
2023/10/07 10:53:16.880 - MENSAJE: 
2023/10/07 10:53:17.869 - MENSAJE: 
2023/10/07 10:53:17.870 - MENSAJE: 
2023/10/07 10:53:17.880 - MENSAJE: 
2023/10/07 10:53:18.867 - MENSAJE: 
2023/10/07 10:53:18.867 - MENSAJE: 
2023/10/07 10:53:18.878 - MENSAJE: 
2023/10/07 10:53:19.867 - MENSAJE: 
2023/10/07 10:53:19.867 - MENSAJE: 
2023/10/07 10:53:19.878 - MENSAJE: 
2023/10/07 10:53:20.886 - MENSAJE: 
2023/10/07 10:53:20.886 - MENSAJE: 
2023/10/07 10:53:20.897 - MENSAJE: 
2023/10/07 10:53:21.867 - MENSAJE: 
2023/10/07 10:53:21.867 - MENSAJE: 
2023/10/07 10:53:21.878 - MENSAJE: 
2023/10/07 10:53:22.870 - MENSAJE: 
2023/10/07 10:53:22.870 - MENSAJE: 
2023/10/07 10:53:22.880 - MENSAJE: 
2023/10/07 10:53:23.868 - MENSAJE: 
2023/10/07 10:53:23.868 - MENSAJE: 
2023/10/07 10:53:23.879 - MENSAJE: 
2023/10/07 10:53:24.869 - MENSAJE: 
2023/10/07 10:53:24.869 - MENSAJE: 
2023/10/07 10:53:24.879 - MENSAJE: 
2023/10/07 10:53:25.868 - MENSAJE: 
2023/10/07 10:53:25.868 - MENSAJE: 
2023/10/07 10:53:25.879 - MENSAJE: 
2023/10/07 10:53:26.868 - MENSAJE: 
2023/10/07 10:53:26.869 - MENSAJE: 
2023/10/07 10:53:26.880 - MENSAJE: 
2023/10/07 10:53:27.869 - MENSAJE: 
2023/10/07 10:53:27.869 - MENSAJE: 
2023/10/07 10:53:27.880 - MENSAJE: 
2023/10/07 10:53:28.868 - MENSAJE: 
2023/10/07 10:53:28.868 - MENSAJE: 
2023/10/07 10:53:28.879 - MENSAJE: 
2023/10/07 10:53:29.871 - MENSAJE: 
2023/10/07 10:53:29.871 - MENSAJE: 
2023/10/07 10:53:29.882 - MENSAJE: 
2023/10/07 10:53:30.877 - MENSAJE: 
2023/10/07 10:53:30.877 - MENSAJE: 
2023/10/07 10:53:30.888 - MENSAJE: 
2023/10/07 10:53:31.864 - MENSAJE: 
2023/10/07 10:53:31.865 - MENSAJE: 
2023/10/07 10:53:31.875 - MENSAJE: 
2023/10/07 10:53:32.865 - MENSAJE: 
2023/10/07 10:53:32.865 - MENSAJE: 
2023/10/07 10:53:32.875 - MENSAJE: 
2023/10/07 10:53:33.864 - MENSAJE: 
2023/10/07 10:53:33.864 - MENSAJE: 
2023/10/07 10:53:33.875 - MENSAJE: 
2023/10/07 10:53:34.866 - MENSAJE: 
2023/10/07 10:53:34.866 - MENSAJE: 
2023/10/07 10:53:34.877 - MENSAJE: 
2023/10/07 10:53:35.865 - MENSAJE: 
2023/10/07 10:53:35.865 - MENSAJE: 
2023/10/07 10:53:35.876 - MENSAJE: 
2023/10/07 10:53:36.867 - MENSAJE: 
2023/10/07 10:53:36.867 - MENSAJE: 
2023/10/07 10:53:36.878 - MENSAJE: 
2023/10/07 10:53:37.867 - MENSAJE: 
2023/10/07 10:53:37.867 - MENSAJE: 
2023/10/07 10:53:37.878 - MENSAJE: 
2023/10/07 10:53:38.868 - MENSAJE: 
2023/10/07 10:53:38.868 - MENSAJE: 
2023/10/07 10:53:38.878 - MENSAJE: 
2023/10/07 10:53:39.868 - MENSAJE: 
2023/10/07 10:53:39.868 - MENSAJE: 
2023/10/07 10:53:39.879 - MENSAJE: 
2023/10/07 10:53:40.870 - MENSAJE: 
2023/10/07 10:53:40.870 - MENSAJE: 
2023/10/07 10:53:40.881 - MENSAJE: 
2023/10/07 10:53:41.889 - MENSAJE: 
2023/10/07 10:53:41.889 - MENSAJE: 
2023/10/07 10:53:41.900 - MENSAJE: 
2023/10/07 10:53:42.868 - MENSAJE: 
2023/10/07 10:53:42.868 - MENSAJE: 
2023/10/07 10:53:42.878 - MENSAJE: 
2023/10/07 10:53:43.867 - MENSAJE: 
2023/10/07 10:53:43.867 - MENSAJE: 
2023/10/07 10:53:43.877 - MENSAJE: 
2023/10/07 10:53:44.871 - MENSAJE: 
2023/10/07 10:53:44.871 - MENSAJE: 
2023/10/07 10:53:44.882 - MENSAJE: 
2023/10/07 10:53:45.869 - MENSAJE: 
2023/10/07 10:53:45.870 - MENSAJE: 
2023/10/07 10:53:45.880 - MENSAJE: 
2023/10/07 10:53:46.871 - MENSAJE: 
2023/10/07 10:53:46.871 - MENSAJE: 
2023/10/07 10:53:46.881 - MENSAJE: 
2023/10/07 10:53:47.870 - MENSAJE: 
2023/10/07 10:53:47.870 - MENSAJE: 
2023/10/07 10:53:47.880 - MENSAJE: 
2023/10/07 10:53:48.871 - MENSAJE: 
2023/10/07 10:53:48.872 - MENSAJE: 
2023/10/07 10:53:48.883 - MENSAJE: 
2023/10/07 10:53:49.871 - MENSAJE: 
2023/10/07 10:53:49.871 - MENSAJE: 
2023/10/07 10:53:49.882 - MENSAJE: 
2023/10/07 10:53:50.872 - MENSAJE: 
2023/10/07 10:53:50.873 - MENSAJE: 
2023/10/07 10:53:50.883 - MENSAJE: 
2023/10/07 10:53:51.881 - MENSAJE: 
2023/10/07 10:53:51.882 - MENSAJE: 
2023/10/07 10:53:51.892 - MENSAJE: 
2023/10/07 10:53:52.873 - MENSAJE: 
2023/10/07 10:53:52.874 - MENSAJE: 
2023/10/07 10:53:52.884 - MENSAJE: 
2023/10/07 10:53:53.874 - MENSAJE: 
2023/10/07 10:53:53.874 - MENSAJE: 
2023/10/07 10:53:53.884 - MENSAJE: 
2023/10/07 10:53:54.874 - MENSAJE: 
2023/10/07 10:53:54.875 - MENSAJE: 
2023/10/07 10:53:54.885 - MENSAJE: 
2023/10/07 10:53:55.874 - MENSAJE: 
2023/10/07 10:53:55.874 - MENSAJE: 
2023/10/07 10:53:55.884 - MENSAJE: 
2023/10/07 10:53:56.874 - MENSAJE: 
2023/10/07 10:53:56.874 - MENSAJE: 
2023/10/07 10:53:56.885 - MENSAJE: 
2023/10/07 10:53:57.874 - MENSAJE: 
2023/10/07 10:53:57.874 - MENSAJE: 
2023/10/07 10:53:57.885 - MENSAJE: 
2023/10/07 10:53:58.874 - MENSAJE: 
2023/10/07 10:53:58.874 - MENSAJE: 
2023/10/07 10:53:58.885 - MENSAJE: 
2023/10/07 10:53:59.875 - MENSAJE: 
2023/10/07 10:53:59.875 - MENSAJE: 
2023/10/07 10:53:59.885 - MENSAJE: 
2023/10/07 10:54:00.874 - MENSAJE: 
2023/10/07 10:54:00.874 - MENSAJE: 
2023/10/07 10:54:00.885 - MENSAJE: 
2023/10/07 10:54:01.874 - MENSAJE: 
2023/10/07 10:54:01.874 - MENSAJE: 
2023/10/07 10:54:01.885 - MENSAJE: 
2023/10/07 10:54:02.888 - MENSAJE: 
2023/10/07 10:54:02.889 - MENSAJE: 
2023/10/07 10:54:02.899 - MENSAJE: 
2023/10/07 10:54:03.872 - MENSAJE: 
2023/10/07 10:54:03.872 - MENSAJE: 
2023/10/07 10:54:03.883 - MENSAJE: 
2023/10/07 10:54:04.870 - MENSAJE: 
2023/10/07 10:54:04.871 - MENSAJE: 
2023/10/07 10:54:04.881 - MENSAJE: 
2023/10/07 10:54:05.871 - MENSAJE: 
2023/10/07 10:54:05.871 - MENSAJE: 
2023/10/07 10:54:05.882 - MENSAJE: 
2023/10/07 10:54:06.870 - MENSAJE: 
2023/10/07 10:54:06.871 - MENSAJE: 
2023/10/07 10:54:06.881 - MENSAJE: 
2023/10/07 10:54:07.869 - MENSAJE: 
2023/10/07 10:54:07.869 - MENSAJE: 
2023/10/07 10:54:07.879 - MENSAJE: 
2023/10/07 10:54:08.868 - MENSAJE: 
2023/10/07 10:54:08.868 - MENSAJE: 
2023/10/07 10:54:08.879 - MENSAJE: 
2023/10/07 10:54:09.870 - MENSAJE: 
2023/10/07 10:54:09.871 - MENSAJE: 
2023/10/07 10:54:09.882 - MENSAJE: 
2023/10/07 10:54:10.868 - MENSAJE: 
2023/10/07 10:54:10.868 - MENSAJE: 
2023/10/07 10:54:10.879 - MENSAJE: 
2023/10/07 10:54:11.870 - MENSAJE: 
2023/10/07 10:54:11.871 - MENSAJE: 
2023/10/07 10:54:11.881 - MENSAJE: 
2023/10/07 10:54:12.879 - MENSAJE: 
2023/10/07 10:54:12.880 - MENSAJE: 
2023/10/07 10:54:12.890 - MENSAJE: 
2023/10/07 10:54:13.870 - MENSAJE: 
2023/10/07 10:54:13.871 - MENSAJE: 
2023/10/07 10:54:13.882 - MENSAJE: 
2023/10/07 10:54:14.871 - MENSAJE: 
2023/10/07 10:54:14.871 - MENSAJE: 
2023/10/07 10:54:14.882 - MENSAJE: 
2023/10/07 10:54:15.871 - MENSAJE: 
2023/10/07 10:54:15.871 - MENSAJE: 
2023/10/07 10:54:15.882 - MENSAJE: 
2023/10/07 10:54:16.872 - MENSAJE: 
2023/10/07 10:54:16.872 - MENSAJE: 
2023/10/07 10:54:16.872 - MENSAJE: (FrontEnd Antes AlistarTarjetaNew)
2023/10/07 10:54:16.882 - MENSAJE: 
2023/10/07 10:54:18.592 - MENSAJE: Tarjeta_Alistada
2023/10/07 10:54:18.641 - MENSAJE: Tarjeta Encontrada: 6A7E708B
2023/10/07 10:54:18.642 - MENSAJE: (FrontEnd Despues AlistarTarjetaNew)
2023/10/07 10:54:18.642 - MENSAJE: (FrontEnd Antes CapturaPlaca)
2023/10/07 10:54:18.670 - MENSAJE: (FrontEnd CapturaPlaca) Placa: JHK859
2023/10/07 10:54:18.713 - MENSAJE: (FrontEnd CapturaPlaca) Placa: JHK859
2023/10/07 10:54:18.713 - MENSAJE: (FrontEnd Antes CapturaPlaca) HDM257
2023/10/07 10:54:18.714 - MENSAJE: oAutorizado.PlacaAuto : HDM257
2023/10/07 10:54:18.747 - MENSAJE: 
2023/10/07 10:54:18.747 - MENSAJE: 
2023/10/07 10:54:18.757 - MENSAJE: 
2023/10/07 10:54:18.783 - MENSAJE: 
2023/10/07 10:54:18.783 - MENSAJE: 
2023/10/07 10:54:18.856 - MENSAJE: 
2023/10/07 10:54:19.346 - MENSAJE: 
2023/10/07 10:54:20.347 - MENSAJE: 
2023/10/07 10:54:21.347 - MENSAJE: 
2023/10/07 10:54:22.347 - MENSAJE: 
2023/10/07 10:54:23.347 - MENSAJE: 
2023/10/07 10:54:24.347 - MENSAJE: 
2023/10/07 10:54:25.347 - MENSAJE: 
2023/10/07 10:54:26.347 - MENSAJE: 
2023/10/07 10:54:27.337 - MENSAJE: 
2023/10/07 10:54:28.337 - MENSAJE: 
2023/10/07 10:54:28.650 - MENSAJE: 
2023/10/07 10:54:28.661 - MENSAJE: 
2023/10/07 10:54:29.337 - MENSAJE: 
2023/10/07 10:54:29.337 - MENSAJE: 
2023/10/07 10:54:29.348 - MENSAJE: 
2023/10/07 10:54:35.357 - MENSAJE: (PRESENTER) Error Borrado Varibales PLC
2023/10/07 10:54:36.870 - MENSAJE: 
2023/10/07 10:54:36.871 - MENSAJE: 
2023/10/07 10:54:36.871 - MENSAJE: (FrontEnd Antes AlistarTarjetaNew)
2023/10/07 10:54:36.881 - MENSAJE: 
2023/10/07 10:54:38.598 - MENSAJE: Tarjeta_Alistada
2023/10/07 10:54:38.633 - MENSAJE: Tarjeta Encontrada: 6A7E708B
2023/10/07 10:54:38.634 - MENSAJE: (FrontEnd Despues AlistarTarjetaNew)
2023/10/07 10:54:38.634 - MENSAJE: (FrontEnd Antes CapturaPlaca)
2023/10/07 10:54:38.662 - MENSAJE: (FrontEnd CapturaPlaca) Placa: JHK859
2023/10/07 10:54:38.676 - MENSAJE: (FrontEnd Antes CapturaPlaca) HDM257
2023/10/07 10:54:38.677 - MENSAJE: oAutorizado.PlacaAuto : HDM257
2023/10/07 10:54:41.096 - MENSAJE: Tarjeta_Escrita
2023/10/07 10:54:41.108 - MENSAJE: Tarjeta_MovidaReceptor_RF_TO_FRONT
2023/10/07 10:54:45.595 - INICIO REGISTRO
2023/10/07 10:54:45.608 - MENSAJE: (FrondEnd CargaRecursos): Carga Controles - OK
2023/10/07 10:54:45.709 - MENSAJE: (FrondEnd CargaImagenes): Carga Imagenes - OK
2023/10/07 10:54:46.472 - MENSAJE: (Presenter ObtenerInfoModulo) OK
2023/10/07 10:54:46.505 - MENSAJE: (Presenter ObtenerInfoPartes) OK
2023/10/07 10:54:46.527 - MENSAJE: (Presenter ObtenerInfoParametros) OK
2023/10/07 10:54:46.559 - MENSAJE: 
2023/10/07 10:54:46.600 - MENSAJE: ConexionExitosa_Dispensador
2023/10/07 10:54:46.689 - MENSAJE: (PRESENTER) Error Borrado Varibales PLC
2023/10/07 10:54:47.331 - MENSAJE: Tarjeta_En_Boca
2023/10/07 10:54:47.332 - MENSAJE: Tarjeta_En_Boca
2023/10/07 10:54:47.338 - MENSAJE: 
2023/10/07 10:54:47.345 - MENSAJE: 
2023/10/07 10:54:47.346 - MENSAJE: 
2023/10/07 10:54:48.131 - MENSAJE: Tarjeta_En_Boca
2023/10/07 10:54:48.132 - MENSAJE: Tarjeta_En_Boca
2023/10/07 10:54:48.135 - MENSAJE: 
2023/10/07 10:54:48.135 - MENSAJE: 
2023/10/07 10:54:48.143 - MENSAJE: 
2023/10/07 10:54:49.133 - MENSAJE: Tarjeta_En_Boca
2023/10/07 10:54:49.133 - MENSAJE: Tarjeta_En_Boca
2023/10/07 10:54:49.134 - MENSAJE: 
2023/10/07 10:54:49.134 - MENSAJE: 
2023/10/07 10:54:49.145 - MENSAJE: 
2023/10/07 10:54:50.134 - MENSAJE: Tarjeta_En_Boca
2023/10/07 10:54:50.135 - MENSAJE: Tarjeta_En_Boca
2023/10/07 10:54:50.136 - MENSAJE: 
2023/10/07 10:54:50.136 - MENSAJE: 
2023/10/07 10:54:50.146 - MENSAJE: 
2023/10/07 10:54:51.151 - MENSAJE: Tarjeta_En_Boca
2023/10/07 10:54:51.151 - MENSAJE: Tarjeta_En_Boca
2023/10/07 10:54:51.152 - MENSAJE: 
2023/10/07 10:54:51.152 - MENSAJE: 
2023/10/07 10:54:51.162 - MENSAJE: 
2023/10/07 10:54:52.131 - MENSAJE: Tarjeta_En_Boca
2023/10/07 10:54:52.131 - MENSAJE: Tarjeta_En_Boca
2023/10/07 10:54:52.132 - MENSAJE: 
2023/10/07 10:54:52.132 - MENSAJE: 
2023/10/07 10:54:52.143 - MENSAJE: 
2023/10/07 10:54:53.130 - MENSAJE: Tarjeta_En_Boca
2023/10/07 10:54:53.131 - MENSAJE: Tarjeta_En_Boca
2023/10/07 10:54:53.131 - MENSAJE: 
2023/10/07 10:54:53.132 - MENSAJE: 
2023/10/07 10:54:53.142 - MENSAJE: 
2023/10/07 10:54:54.131 - MENSAJE: Tarjeta_En_Boca
2023/10/07 10:54:54.131 - MENSAJE: Tarjeta_En_Boca
2023/10/07 10:54:54.132 - MENSAJE: 
2023/10/07 10:54:54.132 - MENSAJE: 
2023/10/07 10:54:54.143 - MENSAJE: 
2023/10/07 10:54:55.132 - MENSAJE: Tarjeta_En_Boca
2023/10/07 10:54:55.133 - MENSAJE: Tarjeta_En_Boca
2023/10/07 10:54:55.133 - MENSAJE: 
2023/10/07 10:54:55.134 - MENSAJE: 
2023/10/07 10:54:55.144 - MENSAJE: 
2023/10/07 10:54:56.133 - MENSAJE: Tarjeta_En_Boca
2023/10/07 10:54:56.133 - MENSAJE: Tarjeta_En_Boca
2023/10/07 10:54:56.134 - MENSAJE: 
2023/10/07 10:54:56.134 - MENSAJE: 
2023/10/07 10:54:56.145 - MENSAJE: 
2023/10/07 10:54:57.133 - MENSAJE: Tarjeta_En_Boca
2023/10/07 10:54:57.134 - MENSAJE: Tarjeta_En_Boca
2023/10/07 10:54:57.134 - MENSAJE: 
2023/10/07 10:54:57.135 - MENSAJE: 
2023/10/07 10:54:57.145 - MENSAJE: 
2023/10/07 10:54:58.133 - MENSAJE: Sin_Tarjeta
2023/10/07 10:54:58.133 - MENSAJE: 
2023/10/07 10:54:58.134 - MENSAJE: 
2023/10/07 10:54:58.144 - MENSAJE: 
2023/10/07 10:54:59.136 - MENSAJE: Sin_Tarjeta
2023/10/07 10:54:59.136 - MENSAJE: 
2023/10/07 10:54:59.137 - MENSAJE: 
2023/10/07 10:54:59.148 - MENSAJE: 
2023/10/07 10:55:00.134 - MENSAJE: Sin_Tarjeta
2023/10/07 10:55:00.134 - MENSAJE: 
2023/10/07 10:55:00.135 - MENSAJE: 
2023/10/07 10:55:00.135 - MENSAJE: (FrontEnd Antes AlistarTarjetaNew)
2023/10/07 10:55:00.145 - MENSAJE: 
2023/10/07 10:55:01.857 - MENSAJE: Tarjeta_Alistada
2023/10/07 10:55:01.901 - MENSAJE: Tarjeta Encontrada: 7A6D6F8B
2023/10/07 10:55:01.902 - MENSAJE: (FrontEnd Despues AlistarTarjetaNew)
2023/10/07 10:55:01.903 - MENSAJE: (FrontEnd Antes CapturaPlaca)
2023/10/07 10:55:02.991 - MENSAJE: (FrontEnd CapturaPlaca) Placa: JHK859
2023/10/07 10:55:03.012 - MENSAJE: (FrontEnd Antes CapturaPlaca) HDM257
2023/10/07 10:55:03.032 - MENSAJE: oAutorizado.PlacaAuto : HDM257
2023/10/07 10:55:05.494 - MENSAJE: Tarjeta_Escrita
2023/10/07 10:55:05.506 - MENSAJE: Tarjeta_MovidaReceptor_RF_TO_FRONT
2023/10/07 10:55:06.156 - MENSAJE: Tarjeta_En_Boca
2023/10/07 10:55:06.157 - MENSAJE: Tarjeta_En_Boca
2023/10/07 10:55:06.157 - MENSAJE: oAutorizado.PlacaAuto : HDM257
2023/10/07 10:55:06.171 - MENSAJE: ObtenerAutorizadoPlaca ok 
2023/10/07 10:55:06.178 - MENSAJE: ObtenerAutorizado ok 
2023/10/07 10:55:06.194 - MENSAJE: 
2023/10/07 10:55:06.194 - MENSAJE: 
2023/10/07 10:55:06.204 - MENSAJE: 
2023/10/07 10:55:07.143 - MENSAJE: Tarjeta_En_Boca
2023/10/07 10:55:07.143 - MENSAJE: Tarjeta_En_Boca
2023/10/07 10:55:07.144 - MENSAJE: oAutorizado.PlacaAuto : HDM257
2023/10/07 10:55:07.154 - MENSAJE: ObtenerAutorizadoPlaca ok 
2023/10/07 10:55:07.163 - MENSAJE: ObtenerAutorizado ok 
2023/10/07 10:55:07.183 - MENSAJE: 
2023/10/07 10:55:07.183 - MENSAJE: 
2023/10/07 10:55:07.194 - MENSAJE: 
2023/10/07 10:55:08.161 - MENSAJE: Tarjeta_En_Boca
2023/10/07 10:55:08.162 - MENSAJE: Tarjeta_En_Boca
2023/10/07 10:55:08.162 - MENSAJE: oAutorizado.PlacaAuto : HDM257
2023/10/07 10:55:08.171 - MENSAJE: ObtenerAutorizadoPlaca ok 
2023/10/07 10:55:08.181 - MENSAJE: ObtenerAutorizado ok 
2023/10/07 10:55:08.196 - MENSAJE: 
2023/10/07 10:55:08.196 - MENSAJE: 
2023/10/07 10:55:08.208 - MENSAJE: 
2023/10/07 10:55:09.137 - MENSAJE: Tarjeta_En_Boca
2023/10/07 10:55:09.137 - MENSAJE: Tarjeta_En_Boca
2023/10/07 10:55:09.138 - MENSAJE: oAutorizado.PlacaAuto : HDM257
2023/10/07 10:55:09.147 - MENSAJE: ObtenerAutorizadoPlaca ok 
2023/10/07 10:55:09.156 - MENSAJE: ObtenerAutorizado ok 
2023/10/07 10:55:09.174 - MENSAJE: 
2023/10/07 10:55:09.174 - MENSAJE: 
2023/10/07 10:55:09.185 - MENSAJE: 
2023/10/07 10:55:10.141 - MENSAJE: Tarjeta_En_Boca
2023/10/07 10:55:10.142 - MENSAJE: Tarjeta_En_Boca
2023/10/07 10:55:10.143 - MENSAJE: oAutorizado.PlacaAuto : HDM257
2023/10/07 10:55:10.152 - MENSAJE: ObtenerAutorizadoPlaca ok 
2023/10/07 10:55:10.162 - MENSAJE: ObtenerAutorizado ok 
2023/10/07 10:55:10.181 - MENSAJE: 
2023/10/07 10:55:10.182 - MENSAJE: 
2023/10/07 10:55:10.192 - MENSAJE: 
2023/10/07 10:55:11.145 - MENSAJE: Sin_Tarjeta
2023/10/07 10:55:11.146 - MENSAJE: 
2023/10/07 10:55:11.146 - MENSAJE: 
2023/10/07 10:55:11.157 - MENSAJE: 
2023/10/07 10:55:11.172 - MENSAJE: 
2023/10/07 10:55:11.172 - MENSAJE: 
2023/10/07 10:55:11.607 - MENSAJE: 
2023/10/07 10:55:12.605 - MENSAJE: 
2023/10/07 10:55:13.605 - MENSAJE: 
2023/10/07 10:55:14.463 - MENSAJE: 
2023/10/07 10:55:14.474 - MENSAJE: 
2023/10/07 10:55:14.605 - MENSAJE: 
2023/10/07 10:55:14.605 - MENSAJE: 
2023/10/07 10:55:14.615 - MENSAJE: 
2023/10/07 10:55:20.623 - MENSAJE: (PRESENTER) Error Borrado Varibales PLC
2023/10/07 10:55:22.137 - MENSAJE: Sin_Tarjeta
2023/10/07 10:55:22.138 - MENSAJE: 
2023/10/07 10:55:22.138 - MENSAJE: 
2023/10/07 10:55:22.138 - MENSAJE: (FrontEnd Antes AlistarTarjetaNew)
2023/10/07 10:55:22.149 - MENSAJE: 
2023/10/07 10:55:23.858 - MENSAJE: Tarjeta_Alistada
2023/10/07 10:55:23.889 - MENSAJE: Tarjeta Encontrada: BA4E6F8B
2023/10/07 10:55:23.890 - MENSAJE: (FrontEnd Despues AlistarTarjetaNew)
2023/10/07 10:55:23.890 - MENSAJE: (FrontEnd Antes CapturaPlaca)
2023/10/07 10:55:23.914 - MENSAJE: (FrontEnd CapturaPlaca) Placa: JHK859
2023/10/07 10:55:23.928 - MENSAJE: (FrontEnd Antes CapturaPlaca) HDM257
2023/10/07 10:55:23.929 - MENSAJE: oAutorizado.PlacaAuto : HDM257
2023/10/07 10:55:26.343 - MENSAJE: Tarjeta_Escrita
2023/10/07 10:55:26.354 - MENSAJE: Tarjeta_MovidaReceptor_RF_TO_FRONT
2023/10/07 10:55:26.997 - MENSAJE: Tarjeta_En_Boca
2023/10/07 10:55:26.997 - MENSAJE: Tarjeta_En_Boca
2023/10/07 10:55:26.998 - MENSAJE: oAutorizado.PlacaAuto : HDM257
2023/10/07 10:55:27.009 - MENSAJE: ObtenerAutorizadoPlaca ok 
2023/10/07 10:55:27.019 - MENSAJE: ObtenerAutorizado ok 
2023/10/07 10:55:27.036 - MENSAJE: 
2023/10/07 10:55:27.036 - MENSAJE: 
2023/10/07 10:55:27.047 - MENSAJE: 
2023/10/07 10:55:27.629 - MENSAJE: Tarjeta_En_Boca
2023/10/07 10:55:27.629 - MENSAJE: Tarjeta_En_Boca
2023/10/07 10:55:27.630 - MENSAJE: oAutorizado.PlacaAuto : HDM257
2023/10/07 10:55:27.639 - MENSAJE: ObtenerAutorizadoPlaca ok 
2023/10/07 10:55:27.649 - MENSAJE: ObtenerAutorizado ok 
2023/10/07 10:55:27.667 - MENSAJE: 
2023/10/07 10:55:27.667 - MENSAJE: 
2023/10/07 10:55:27.678 - MENSAJE: 
2023/10/07 10:55:28.247 - MENSAJE: Tarjeta_En_Boca
2023/10/07 10:55:28.247 - MENSAJE: Tarjeta_En_Boca
2023/10/07 10:55:28.248 - MENSAJE: oAutorizado.PlacaAuto : HDM257
2023/10/07 10:55:28.257 - MENSAJE: ObtenerAutorizadoPlaca ok 
2023/10/07 10:55:28.267 - MENSAJE: ObtenerAutorizado ok 
2023/10/07 10:55:28.285 - MENSAJE: 
2023/10/07 10:55:28.285 - MENSAJE: 
2023/10/07 10:55:28.295 - MENSAJE: 
2023/10/07 10:55:29.162 - MENSAJE: Sin_Tarjeta
2023/10/07 10:55:29.163 - MENSAJE: 
2023/10/07 10:55:29.163 - MENSAJE: 
2023/10/07 10:55:29.172 - MENSAJE: 
2023/10/07 10:55:29.174 - MENSAJE: 
2023/10/07 10:55:29.608 - MENSAJE: 
2023/10/07 10:55:29.608 - MENSAJE: 
2023/10/07 10:55:29.618 - MENSAJE: 
2023/10/07 10:56:21.581 - INICIO REGISTRO
2023/10/07 10:56:21.596 - MENSAJE: (FrondEnd CargaRecursos): Carga Controles - OK
2023/10/07 10:56:21.697 - MENSAJE: (FrondEnd CargaImagenes): Carga Imagenes - OK
2023/10/07 10:56:22.482 - MENSAJE: (Presenter ObtenerInfoModulo) OK
2023/10/07 10:56:22.511 - MENSAJE: (Presenter ObtenerInfoPartes) OK
2023/10/07 10:56:22.530 - MENSAJE: (Presenter ObtenerInfoParametros) OK
2023/10/07 10:56:22.562 - MENSAJE: 
2023/10/07 10:56:22.593 - MENSAJE: ConexionExitosa_Dispensador
2023/10/07 10:56:22.686 - MENSAJE: (PRESENTER) Error Borrado Varibales PLC
2023/10/07 10:57:02.007 - MENSAJE: Sin_Tarjeta
2023/10/07 10:57:05.972 - MENSAJE: 
2023/10/07 10:57:08.755 - MENSAJE: 
2023/10/07 10:57:25.729 - MENSAJE: Sin_Tarjeta
2023/10/07 10:57:27.106 - MENSAJE: 
2023/10/07 10:57:27.109 - MENSAJE: 
2023/10/07 10:57:28.109 - MENSAJE: 
2023/10/07 10:57:30.601 - MENSAJE: (FrontEnd Antes AlistarTarjetaNew)
2023/10/07 10:57:32.709 - MENSAJE: Tarjeta_Alistada
2023/10/07 10:57:32.760 - MENSAJE: Tarjeta Encontrada: EA726A8B
2023/10/07 10:57:33.508 - MENSAJE: (FrontEnd Despues AlistarTarjetaNew)
2023/10/07 10:57:33.690 - MENSAJE: (FrontEnd Antes CapturaPlaca)
2023/10/07 10:57:34.956 - MENSAJE: (FrontEnd CapturaPlaca) Placa: JHK859
2023/10/07 10:57:39.049 - MENSAJE: (FrontEnd Antes CapturaPlaca) JHK859
2023/10/07 10:57:44.849 - MENSAJE: oAutorizado.PlacaAuto : JHK859
2023/10/07 10:57:49.338 - MENSAJE: 
2023/10/07 10:57:49.338 - MENSAJE: 
2023/10/07 10:57:49.353 - MENSAJE: 
2023/10/07 10:57:49.381 - MENSAJE: 
2023/10/07 10:57:49.381 - MENSAJE: 
2023/10/07 10:58:05.301 - MENSAJE: 
2023/10/07 10:58:58.409 - MENSAJE: 
2023/10/07 10:59:03.882 - MENSAJE: 
2023/10/07 10:59:08.572 - MENSAJE: 
2023/10/07 10:59:09.285 - MENSAJE: 
2023/10/07 10:59:11.084 - MENSAJE: 
2023/10/07 10:59:51.607 - MENSAJE: (PRESENTER) Error Borrado Varibales PLC
2023/10/07 10:59:53.119 - MENSAJE: 
2023/10/07 10:59:53.119 - MENSAJE: (FrontEnd Antes AlistarTarjetaNew)
2023/10/07 10:59:53.119 - MENSAJE: 
2023/10/07 10:59:53.132 - MENSAJE: 
2023/10/07 10:59:54.845 - MENSAJE: Tarjeta_Alistada
2023/10/07 10:59:54.905 - MENSAJE: Tarjeta Encontrada: EA726A8B
2023/10/07 10:59:54.906 - MENSAJE: (FrontEnd Despues AlistarTarjetaNew)
2023/10/07 10:59:54.907 - MENSAJE: (FrontEnd Antes CapturaPlaca)
2023/10/07 10:59:55.630 - MENSAJE: (FrontEnd CapturaPlaca) Placa: JHK859
2023/10/07 10:59:55.683 - MENSAJE: (FrontEnd CapturaPlaca) Placa: JHK859
2023/10/07 10:59:55.683 - MENSAJE: (FrontEnd Antes CapturaPlaca) ------
2023/10/07 10:59:55.687 - MENSAJE: (FrontEnd Antes EscribirTarjetaNew)
2023/10/07 10:59:58.099 - MENSAJE: Tarjeta_Escrita
2023/10/07 10:59:58.111 - MENSAJE: Tarjeta_MovidaReceptor_RF_TO_FRONT
2023/10/07 10:59:58.113 - MENSAJE: (FrontEnd Despues EscribirTarjetaNew)
2023/10/07 11:00:01.903 - MENSAJE: Tarjeta_En_Boca
2023/10/07 11:00:01.904 - MENSAJE: Tarjeta_En_Boca
2023/10/07 11:00:01.913 - MENSAJE: 
2023/10/07 11:00:01.913 - MENSAJE: 
2023/10/07 11:00:01.924 - MENSAJE: 
2023/10/07 11:00:09.404 - MENSAJE: Sin_Tarjeta
2023/10/07 11:00:11.996 - MENSAJE: 
2023/10/07 11:00:11.997 - MENSAJE: 
2023/10/07 11:00:12.007 - MENSAJE: 
2023/10/07 11:00:12.013 - MENSAJE: 
2023/10/07 11:00:12.013 - MENSAJE: 
2023/10/07 11:00:22.724 - MENSAJE: 
2023/10/07 11:00:40.110 - MENSAJE: 
2023/10/07 11:00:46.580 - MENSAJE: 
2023/10/07 11:00:47.301 - MENSAJE: 
2023/10/07 11:00:55.311 - MENSAJE: 
2023/10/07 11:01:49.028 - INICIO REGISTRO
2023/10/07 11:01:49.042 - MENSAJE: (FrondEnd CargaRecursos): Carga Controles - OK
2023/10/07 11:01:49.146 - MENSAJE: (FrondEnd CargaImagenes): Carga Imagenes - OK
2023/10/07 11:01:49.901 - MENSAJE: (Presenter ObtenerInfoModulo) OK
2023/10/07 11:01:49.933 - MENSAJE: (Presenter ObtenerInfoPartes) OK
2023/10/07 11:01:49.953 - MENSAJE: (Presenter ObtenerInfoParametros) OK
2023/10/07 11:01:49.988 - MENSAJE: 
2023/10/07 11:01:50.035 - MENSAJE: ConexionExitosa_Dispensador
2023/10/07 11:01:50.125 - MENSAJE: (PRESENTER) Error Borrado Varibales PLC
2023/10/07 11:01:54.116 - MENSAJE: Sin_Tarjeta
2023/10/07 11:01:55.668 - MENSAJE: 
2023/10/07 11:03:49.282 - INICIO REGISTRO
2023/10/07 11:03:49.300 - MENSAJE: (FrondEnd CargaRecursos): Carga Controles - OK
2023/10/07 11:03:49.402 - MENSAJE: (FrondEnd CargaImagenes): Carga Imagenes - OK
2023/10/07 11:03:50.152 - MENSAJE: (Presenter ObtenerInfoModulo) OK
2023/10/07 11:03:50.177 - MENSAJE: (Presenter ObtenerInfoPartes) OK
2023/10/07 11:03:50.195 - MENSAJE: (Presenter ObtenerInfoParametros) OK
2023/10/07 11:03:50.227 - MENSAJE: 
2023/10/07 11:03:50.271 - MENSAJE: ConexionExitosa_Dispensador
2023/10/07 11:03:50.358 - MENSAJE: (PRESENTER) Error Borrado Varibales PLC
2023/10/07 11:03:55.918 - MENSAJE: Sin_Tarjeta
2023/10/07 11:03:55.928 - MENSAJE: 
2023/10/07 11:03:55.936 - MENSAJE: 
2023/10/07 11:03:55.937 - MENSAJE: 
2023/10/07 11:03:56.556 - MENSAJE: Sin_Tarjeta
2023/10/07 11:03:56.556 - MENSAJE: 
2023/10/07 11:03:56.559 - MENSAJE: 
2023/10/07 11:03:56.567 - MENSAJE: 
2023/10/07 11:03:57.139 - MENSAJE: Sin_Tarjeta
2023/10/07 11:03:57.140 - MENSAJE: 
2023/10/07 11:03:57.140 - MENSAJE: 
2023/10/07 11:03:57.150 - MENSAJE: 
2023/10/07 11:03:57.826 - MENSAJE: Sin_Tarjeta
2023/10/07 11:03:57.827 - MENSAJE: 
2023/10/07 11:03:57.827 - MENSAJE: 
2023/10/07 11:03:57.838 - MENSAJE: 
2023/10/07 11:03:58.821 - MENSAJE: Sin_Tarjeta
2023/10/07 11:03:58.822 - MENSAJE: 
2023/10/07 11:03:58.822 - MENSAJE: 
2023/10/07 11:03:58.833 - MENSAJE: 
2023/10/07 11:03:59.819 - MENSAJE: Sin_Tarjeta
2023/10/07 11:03:59.820 - MENSAJE: 
2023/10/07 11:03:59.820 - MENSAJE: 
2023/10/07 11:03:59.831 - MENSAJE: 
2023/10/07 11:04:00.821 - MENSAJE: Sin_Tarjeta
2023/10/07 11:04:00.821 - MENSAJE: 
2023/10/07 11:04:00.821 - MENSAJE: 
2023/10/07 11:04:00.832 - MENSAJE: 
2023/10/07 11:04:01.821 - MENSAJE: Sin_Tarjeta
2023/10/07 11:04:01.821 - MENSAJE: 
2023/10/07 11:04:01.821 - MENSAJE: 
2023/10/07 11:04:01.832 - MENSAJE: 
2023/10/07 11:04:02.821 - MENSAJE: Sin_Tarjeta
2023/10/07 11:04:02.822 - MENSAJE: 
2023/10/07 11:04:02.822 - MENSAJE: 
2023/10/07 11:04:02.822 - MENSAJE: (FrontEnd Antes AlistarTarjetaNew)
2023/10/07 11:04:02.832 - MENSAJE: 
2023/10/07 11:04:04.543 - MENSAJE: Tarjeta_Alistada
2023/10/07 11:04:04.589 - MENSAJE: Tarjeta Encontrada: 0A80708B
2023/10/07 11:04:04.590 - MENSAJE: (FrontEnd Despues AlistarTarjetaNew)
2023/10/07 11:04:04.591 - MENSAJE: (FrontEnd Antes CapturaPlaca)
2023/10/07 11:04:05.636 - MENSAJE: (FrontEnd CapturaPlaca) Placa: JHK859
2023/10/07 11:04:05.687 - MENSAJE: (FrontEnd CapturaPlaca) Placa: JHK859
2023/10/07 11:04:05.687 - MENSAJE: (FrontEnd Antes CapturaPlaca) DUW299
2023/10/07 11:04:05.711 - MENSAJE: oAutorizado.PlacaAuto : DUW299
2023/10/07 11:04:05.779 - MENSAJE: 
2023/10/07 11:04:05.779 - MENSAJE: 
2023/10/07 11:04:05.790 - MENSAJE: 
2023/10/07 11:04:05.819 - MENSAJE: 
2023/10/07 11:04:05.819 - MENSAJE: 
2023/10/07 11:04:05.884 - MENSAJE: 
2023/10/07 11:04:06.298 - MENSAJE: 
2023/10/07 11:04:07.290 - MENSAJE: 
2023/10/07 11:04:08.290 - MENSAJE: 
2023/10/07 11:04:09.291 - MENSAJE: 
2023/10/07 11:04:10.291 - MENSAJE: 
2023/10/07 11:04:11.290 - MENSAJE: 
2023/10/07 11:04:12.291 - MENSAJE: 
2023/10/07 11:04:12.903 - MENSAJE: 
2023/10/07 11:04:12.914 - MENSAJE: 
2023/10/07 11:04:13.291 - MENSAJE: 
2023/10/07 11:04:13.291 - MENSAJE: 
2023/10/07 11:04:13.302 - MENSAJE: 
2023/10/07 11:04:19.308 - MENSAJE: (PRESENTER) Error Borrado Varibales PLC
2023/10/07 11:04:20.827 - MENSAJE: 
2023/10/07 11:04:20.827 - MENSAJE: 
2023/10/07 11:04:20.838 - MENSAJE: 
2023/10/07 11:04:21.828 - MENSAJE: 
2023/10/07 11:04:21.828 - MENSAJE: 
2023/10/07 11:04:21.838 - MENSAJE: 
2023/10/07 11:04:22.828 - MENSAJE: 
2023/10/07 11:04:22.828 - MENSAJE: 
2023/10/07 11:04:22.829 - MENSAJE: (FrontEnd Antes AlistarTarjetaNew)
2023/10/07 11:04:22.839 - MENSAJE: 
2023/10/07 11:04:24.555 - MENSAJE: Tarjeta_Alistada
2023/10/07 11:04:24.589 - MENSAJE: Tarjeta Encontrada: 0A80708B
2023/10/07 11:04:24.590 - MENSAJE: (FrontEnd Despues AlistarTarjetaNew)
2023/10/07 11:04:24.590 - MENSAJE: (FrontEnd Antes CapturaPlaca)
2023/10/07 11:04:24.612 - MENSAJE: (FrontEnd CapturaPlaca) Placa: JHK859
2023/10/07 11:04:24.633 - MENSAJE: (FrontEnd Antes CapturaPlaca) DUW299
2023/10/07 11:04:24.634 - MENSAJE: oAutorizado.PlacaAuto : DUW299
2023/10/07 11:04:27.067 - MENSAJE: Tarjeta_Escrita
2023/10/07 11:04:27.079 - MENSAJE: Tarjeta_MovidaReceptor_RF_TO_FRONT
2023/10/07 11:04:27.675 - MENSAJE: Tarjeta_En_Boca
2023/10/07 11:04:27.676 - MENSAJE: Tarjeta_En_Boca
2023/10/07 11:04:27.676 - MENSAJE: oAutorizado.PlacaAuto : DUW299
2023/10/07 11:04:27.688 - MENSAJE: ObtenerAutorizadoPlaca ok 
2023/10/07 11:04:27.697 - MENSAJE: ObtenerAutorizado ok 
2023/10/07 11:04:27.713 - MENSAJE: 
2023/10/07 11:04:27.713 - MENSAJE: 
2023/10/07 11:04:27.724 - MENSAJE: 
2023/10/07 11:04:28.346 - MENSAJE: Tarjeta_En_Boca
2023/10/07 11:04:28.347 - MENSAJE: Tarjeta_En_Boca
2023/10/07 11:04:28.347 - MENSAJE: oAutorizado.PlacaAuto : DUW299
2023/10/07 11:04:28.358 - MENSAJE: ObtenerAutorizadoPlaca ok 
2023/10/07 11:04:28.370 - MENSAJE: ObtenerAutorizado ok 
2023/10/07 11:04:28.385 - MENSAJE: 
2023/10/07 11:04:28.385 - MENSAJE: 
2023/10/07 11:04:28.398 - MENSAJE: 
2023/10/07 11:04:28.970 - MENSAJE: Tarjeta_En_Boca
2023/10/07 11:04:28.970 - MENSAJE: Tarjeta_En_Boca
2023/10/07 11:04:28.971 - MENSAJE: oAutorizado.PlacaAuto : DUW299
2023/10/07 11:04:28.981 - MENSAJE: ObtenerAutorizadoPlaca ok 
2023/10/07 11:04:28.993 - MENSAJE: ObtenerAutorizado ok 
2023/10/07 11:04:29.014 - MENSAJE: 
2023/10/07 11:04:29.014 - MENSAJE: 
2023/10/07 11:04:29.025 - MENSAJE: 
2023/10/07 11:04:29.825 - MENSAJE: Sin_Tarjeta
2023/10/07 11:04:29.826 - MENSAJE: 
2023/10/07 11:04:29.826 - MENSAJE: 
2023/10/07 11:04:29.836 - MENSAJE: 
2023/10/07 11:04:29.837 - MENSAJE: 
2023/10/07 11:04:30.291 - MENSAJE: 
2023/10/07 11:04:30.291 - MENSAJE: 
2023/10/07 11:04:30.302 - MENSAJE: 
2023/10/07 11:04:36.306 - MENSAJE: (PRESENTER) Error Borrado Varibales PLC
2023/10/07 11:04:37.819 - MENSAJE: Sin_Tarjeta
2023/10/07 11:04:37.820 - MENSAJE: 
2023/10/07 11:04:37.820 - MENSAJE: 
2023/10/07 11:04:37.820 - MENSAJE: (FrontEnd Antes AlistarTarjetaNew)
2023/10/07 11:04:37.830 - MENSAJE: 
2023/10/07 11:04:39.540 - MENSAJE: Tarjeta_Alistada
2023/10/07 11:04:39.582 - MENSAJE: Tarjeta Encontrada: B6652127
2023/10/07 11:04:39.582 - MENSAJE: (FrontEnd Despues AlistarTarjetaNew)
2023/10/07 11:04:39.582 - MENSAJE: (FrontEnd Antes CapturaPlaca)
2023/10/07 11:04:39.607 - MENSAJE: (FrontEnd CapturaPlaca) Placa: JHK859
2023/10/07 11:04:39.620 - MENSAJE: (FrontEnd Antes CapturaPlaca) DUW299
2023/10/07 11:04:39.621 - MENSAJE: oAutorizado.PlacaAuto : DUW299
2023/10/07 11:04:42.048 - MENSAJE: Tarjeta_Escrita
2023/10/07 11:04:42.060 - MENSAJE: Tarjeta_MovidaReceptor_RF_TO_FRONT
2023/10/07 11:04:45.727 - MENSAJE: Tarjeta_En_Boca
2023/10/07 11:04:45.727 - MENSAJE: Tarjeta_En_Boca
2023/10/07 11:04:52.568 - MENSAJE: oAutorizado.PlacaAuto : DUW299
2023/10/07 11:04:53.115 - MENSAJE: ObtenerAutorizadoPlaca ok 
2023/10/07 11:04:54.056 - MENSAJE: ObtenerAutorizado ok 
2023/10/07 11:05:01.700 - MENSAJE: 
2023/10/07 11:05:01.700 - MENSAJE: 
2023/10/07 11:05:04.528 - MENSAJE: 
2023/10/07 11:05:05.556 - MENSAJE: (PRESENTER) Error Borrado Varibales PLC
2023/10/07 11:05:08.568 - MENSAJE: 
2023/10/07 11:05:08.569 - MENSAJE: 
2023/10/07 11:05:08.579 - MENSAJE: 
2023/10/07 11:05:10.173 - MENSAJE: 
2023/10/07 11:05:10.173 - MENSAJE: 
2023/10/07 11:05:10.187 - MENSAJE: 
2023/10/07 11:05:16.582 - MENSAJE: 
2023/10/07 11:05:16.582 - MENSAJE: 
2023/10/07 11:05:16.593 - MENSAJE: 
2023/10/07 11:05:21.381 - MENSAJE: 
2023/10/07 11:05:21.381 - MENSAJE: 
2023/10/07 11:05:21.392 - MENSAJE: 
2023/10/07 11:05:23.016 - MENSAJE: 
2023/10/07 11:05:23.016 - MENSAJE: 
2023/10/07 11:05:23.027 - MENSAJE: 
2023/10/07 11:05:24.473 - MENSAJE: 
2023/10/07 11:05:24.473 - MENSAJE: 
2023/10/07 11:05:24.474 - MENSAJE: (FrontEnd Antes AlistarTarjetaNew)
2023/10/07 11:05:24.484 - MENSAJE: 
2023/10/07 11:05:26.194 - MENSAJE: Tarjeta_Alistada
2023/10/07 11:05:26.245 - MENSAJE: Tarjeta Encontrada: B6652127
2023/10/07 11:05:26.246 - MENSAJE: (FrontEnd Despues AlistarTarjetaNew)
2023/10/07 11:05:26.246 - MENSAJE: (FrontEnd Antes CapturaPlaca)
2023/10/07 11:05:26.267 - MENSAJE: (FrontEnd CapturaPlaca) Placa: JHK859
2023/10/07 11:05:26.286 - MENSAJE: (FrontEnd Antes CapturaPlaca) DUW299
2023/10/07 11:05:26.287 - MENSAJE: oAutorizado.PlacaAuto : DUW299
2023/10/07 11:05:28.706 - MENSAJE: Tarjeta_Escrita
2023/10/07 11:05:28.718 - MENSAJE: Tarjeta_MovidaReceptor_RF_TO_FRONT
2023/10/07 11:05:33.840 - MENSAJE: Tarjeta_En_Boca
2023/10/07 11:05:33.840 - MENSAJE: Tarjeta_En_Boca
2023/10/07 11:05:48.348 - MENSAJE: oAutorizado.PlacaAuto : DUW299
2023/10/07 11:05:48.912 - MENSAJE: ObtenerAutorizadoPlaca ok 
2023/10/07 11:05:49.772 - MENSAJE: ObtenerAutorizado ok 
2023/10/07 11:05:56.403 - MENSAJE: 
2023/10/07 11:06:06.209 - MENSAJE: 
2023/10/07 11:06:06.210 - MENSAJE: 
2023/10/07 11:06:12.050 - MENSAJE: Sin_Tarjeta
2023/10/07 11:06:13.136 - MENSAJE: 
2023/10/07 11:06:13.136 - MENSAJE: 
2023/10/07 11:06:13.147 - MENSAJE: 
2023/10/07 11:06:13.154 - MENSAJE: 
2023/10/07 11:06:13.154 - MENSAJE: 
2023/10/07 11:06:17.704 - MENSAJE: 
2023/10/07 11:12:01.460 - INICIO REGISTRO
2023/10/07 11:12:01.474 - MENSAJE: (FrondEnd CargaRecursos): Carga Controles - OK
2023/10/07 11:12:01.586 - MENSAJE: (FrondEnd CargaImagenes): Carga Imagenes - OK
2023/10/07 11:12:02.355 - MENSAJE: (Presenter ObtenerInfoModulo) OK
2023/10/07 11:12:02.381 - MENSAJE: (Presenter ObtenerInfoPartes) OK
2023/10/07 11:12:02.400 - MENSAJE: (Presenter ObtenerInfoParametros) OK
2023/10/07 11:12:02.433 - MENSAJE: 
2023/10/07 11:12:02.466 - MENSAJE: ConexionExitosa_Dispensador
2023/10/07 11:12:02.554 - MENSAJE: (PRESENTER) Error Borrado Varibales PLC
2023/10/07 11:12:06.975 - MENSAJE: Sin_Tarjeta
2023/10/07 11:12:06.985 - MENSAJE: 
2023/10/07 11:12:07.015 - MENSAJE: 
2023/10/07 11:12:07.015 - MENSAJE: 
2023/10/07 11:12:07.630 - MENSAJE: Sin_Tarjeta
2023/10/07 11:12:07.631 - MENSAJE: 
2023/10/07 11:12:07.634 - MENSAJE: 
2023/10/07 11:12:07.642 - MENSAJE: 
2023/10/07 11:12:08.222 - MENSAJE: Sin_Tarjeta
2023/10/07 11:12:08.223 - MENSAJE: 
2023/10/07 11:12:08.223 - MENSAJE: 
2023/10/07 11:12:08.233 - MENSAJE: 
2023/10/07 11:12:08.993 - MENSAJE: Sin_Tarjeta
2023/10/07 11:12:08.993 - MENSAJE: 
2023/10/07 11:12:08.993 - MENSAJE: 
2023/10/07 11:12:09.004 - MENSAJE: 
2023/10/07 11:12:09.992 - MENSAJE: Sin_Tarjeta
2023/10/07 11:12:09.992 - MENSAJE: 
2023/10/07 11:12:09.993 - MENSAJE: 
2023/10/07 11:12:09.993 - MENSAJE: (FrontEnd Antes AlistarTarjetaNew)
2023/10/07 11:12:10.003 - MENSAJE: 
2023/10/07 11:12:11.715 - MENSAJE: Tarjeta_Alistada
2023/10/07 11:12:11.753 - MENSAJE: Tarjeta Encontrada: AA1F818B
2023/10/07 11:12:11.753 - MENSAJE: (FrontEnd Despues AlistarTarjetaNew)
2023/10/07 11:12:11.754 - MENSAJE: (FrontEnd Antes CapturaPlaca)
2023/10/07 11:12:12.814 - MENSAJE: (FrontEnd CapturaPlaca) Placa: JHK859
2023/10/07 11:12:12.831 - MENSAJE: (FrontEnd Antes CapturaPlaca) DUW299
2023/10/07 11:12:12.851 - MENSAJE: oAutorizado.PlacaAuto : DUW299
2023/10/07 11:12:15.326 - MENSAJE: Tarjeta_Escrita
2023/10/07 11:12:15.338 - MENSAJE: Tarjeta_MovidaReceptor_RF_TO_FRONT
2023/10/07 11:12:16.011 - MENSAJE: Tarjeta_En_Boca
2023/10/07 11:12:16.012 - MENSAJE: Tarjeta_En_Boca
2023/10/07 11:12:16.012 - MENSAJE: oAutorizado.PlacaAuto : DUW299
2023/10/07 11:12:16.026 - MENSAJE: ObtenerAutorizadoPlaca ok 
2023/10/07 11:12:16.035 - MENSAJE: ObtenerAutorizado ok 
2023/10/07 11:12:16.050 - MENSAJE: 
2023/10/07 11:12:16.050 - MENSAJE: 
2023/10/07 11:12:16.061 - MENSAJE: 
2023/10/07 11:12:17.000 - MENSAJE: Sin_Tarjeta
2023/10/07 11:12:17.002 - MENSAJE: 
2023/10/07 11:12:17.002 - MENSAJE: 
2023/10/07 11:12:17.012 - MENSAJE: 
2023/10/07 11:12:17.030 - MENSAJE: 
2023/10/07 11:12:17.030 - MENSAJE: 
2023/10/07 11:12:17.462 - MENSAJE: 
2023/10/07 11:12:18.464 - MENSAJE: 
2023/10/07 11:12:19.471 - MENSAJE: 
2023/10/07 11:12:20.465 - MENSAJE: 
2023/10/07 11:12:21.465 - MENSAJE: 
2023/10/07 11:12:22.466 - MENSAJE: 
2023/10/07 11:12:23.471 - MENSAJE: 
2023/10/07 11:12:24.468 - MENSAJE: 
2023/10/07 11:12:25.463 - MENSAJE: 
2023/10/07 11:12:26.469 - MENSAJE: 
2023/10/07 11:12:41.365 - MENSAJE: 
2023/10/07 11:12:44.375 - MENSAJE: 
2023/10/07 11:12:52.197 - MENSAJE: 
2023/10/07 11:12:52.198 - MENSAJE: 
2023/10/07 11:12:57.421 - MENSAJE: 
2023/10/07 11:12:57.423 - MENSAJE: 
2023/10/07 11:12:57.423 - MENSAJE: 
2023/10/07 11:12:58.977 - MENSAJE: 
2023/10/07 11:12:58.978 - MENSAJE: 
2023/10/07 11:12:58.979 - MENSAJE: 
2023/10/07 11:12:59.619 - MENSAJE: 
2023/10/07 11:13:06.623 - MENSAJE: 
2023/10/07 11:13:06.623 - MENSAJE: 
2023/10/07 11:13:07.271 - MENSAJE: 
2023/10/07 11:13:12.259 - MENSAJE: 
2023/10/07 11:13:12.259 - MENSAJE: 
2023/10/07 11:13:19.787 - MENSAJE: 
2023/10/07 11:13:19.791 - MENSAJE: 
2023/10/07 11:13:19.791 - MENSAJE: 
2023/10/07 11:13:23.938 - MENSAJE: 
2023/10/07 11:13:53.912 - MENSAJE: 
2023/10/07 11:13:53.913 - MENSAJE: 
2023/10/07 11:13:53.918 - MENSAJE: 
2023/10/07 11:13:53.923 - MENSAJE: 
2023/10/07 11:13:54.469 - MENSAJE: 
2023/10/07 11:13:54.469 - MENSAJE: 
2023/10/07 11:13:54.482 - MENSAJE: 
2023/10/07 11:13:54.489 - MENSAJE: (PRESENTER) Error Borrado Varibales PLC
2023/10/07 11:13:55.994 - MENSAJE: Sin_Tarjeta
2023/10/07 11:13:55.995 - MENSAJE: 
2023/10/07 11:13:55.995 - MENSAJE: (FrontEnd Antes AlistarTarjetaNew)
2023/10/07 11:13:55.995 - MENSAJE: 
2023/10/07 11:13:56.006 - MENSAJE: 
2023/10/07 11:13:57.715 - MENSAJE: Tarjeta_Alistada
2023/10/07 11:13:57.759 - MENSAJE: (FrontEnd Despues AlistarTarjetaNew)
2023/10/07 11:13:57.761 - MENSAJE: (FrontEnd Antes CapturaPlaca)
2023/10/07 11:13:58.485 - MENSAJE: (FrontEnd CapturaPlaca) Placa: JHK859
2023/10/07 11:13:58.501 - MENSAJE: (FrontEnd Antes CapturaPlaca) DUW299
2023/10/07 11:13:58.502 - MENSAJE: oAutorizado.PlacaAuto : DUW299
2023/10/07 11:14:00.926 - MENSAJE: Tarjeta_Escrita
2023/10/07 11:14:00.937 - MENSAJE: Tarjeta_MovidaReceptor_RF_TO_FRONT
2023/10/07 11:14:01.550 - MENSAJE: Tarjeta_En_Boca
2023/10/07 11:14:01.550 - MENSAJE: Tarjeta_En_Boca
2023/10/07 11:14:01.551 - MENSAJE: oAutorizado.PlacaAuto : DUW299
2023/10/07 11:14:01.564 - MENSAJE: ObtenerAutorizadoPlaca ok 
2023/10/07 11:14:01.572 - MENSAJE: ObtenerAutorizado ok 
2023/10/07 11:14:01.586 - MENSAJE: 
2023/10/07 11:14:01.586 - MENSAJE: 
2023/10/07 11:14:01.597 - MENSAJE: 
2023/10/07 11:14:02.168 - MENSAJE: Tarjeta_En_Boca
2023/10/07 11:14:02.168 - MENSAJE: Tarjeta_En_Boca
2023/10/07 11:14:02.169 - MENSAJE: oAutorizado.PlacaAuto : DUW299
2023/10/07 11:14:02.178 - MENSAJE: ObtenerAutorizadoPlaca ok 
2023/10/07 11:14:02.188 - MENSAJE: ObtenerAutorizado ok 
2023/10/07 11:14:02.206 - MENSAJE: 
2023/10/07 11:14:02.206 - MENSAJE: 
2023/10/07 11:14:02.217 - MENSAJE: 
2023/10/07 11:14:03.000 - MENSAJE: Tarjeta_En_Boca
2023/10/07 11:14:03.001 - MENSAJE: Tarjeta_En_Boca
2023/10/07 11:14:03.001 - MENSAJE: oAutorizado.PlacaAuto : DUW299
2023/10/07 11:14:03.010 - MENSAJE: ObtenerAutorizadoPlaca ok 
2023/10/07 11:14:03.021 - MENSAJE: ObtenerAutorizado ok 
2023/10/07 11:14:03.039 - MENSAJE: 
2023/10/07 11:14:03.039 - MENSAJE: 
2023/10/07 11:14:03.050 - MENSAJE: 
2023/10/07 11:14:03.999 - MENSAJE: Tarjeta_En_Boca
2023/10/07 11:14:04.000 - MENSAJE: Tarjeta_En_Boca
2023/10/07 11:14:04.000 - MENSAJE: oAutorizado.PlacaAuto : DUW299
2023/10/07 11:14:04.008 - MENSAJE: ObtenerAutorizadoPlaca ok 
2023/10/07 11:14:04.017 - MENSAJE: ObtenerAutorizado ok 
2023/10/07 11:14:04.033 - MENSAJE: 
2023/10/07 11:14:04.035 - MENSAJE: 
2023/10/07 11:14:04.044 - MENSAJE: 
2023/10/07 11:14:04.999 - MENSAJE: Tarjeta_En_Boca
2023/10/07 11:14:05.000 - MENSAJE: Tarjeta_En_Boca
2023/10/07 11:14:05.000 - MENSAJE: oAutorizado.PlacaAuto : DUW299
2023/10/07 11:14:05.009 - MENSAJE: ObtenerAutorizadoPlaca ok 
2023/10/07 11:14:05.019 - MENSAJE: ObtenerAutorizado ok 
2023/10/07 11:14:05.037 - MENSAJE: 
2023/10/07 11:14:05.037 - MENSAJE: 
2023/10/07 11:14:05.048 - MENSAJE: 
2023/10/07 11:14:05.999 - MENSAJE: Tarjeta_En_Boca
2023/10/07 11:14:05.999 - MENSAJE: Tarjeta_En_Boca
2023/10/07 11:14:06.000 - MENSAJE: oAutorizado.PlacaAuto : DUW299
2023/10/07 11:14:06.010 - MENSAJE: ObtenerAutorizadoPlaca ok 
2023/10/07 11:14:06.020 - MENSAJE: ObtenerAutorizado ok 
2023/10/07 11:14:06.041 - MENSAJE: 
2023/10/07 11:14:06.041 - MENSAJE: 
2023/10/07 11:14:06.051 - MENSAJE: 
2023/10/07 11:14:06.999 - MENSAJE: Tarjeta_En_Boca
2023/10/07 11:14:07.000 - MENSAJE: Tarjeta_En_Boca
2023/10/07 11:14:07.000 - MENSAJE: oAutorizado.PlacaAuto : DUW299
2023/10/07 11:14:07.008 - MENSAJE: ObtenerAutorizadoPlaca ok 
2023/10/07 11:14:07.016 - MENSAJE: ObtenerAutorizado ok 
2023/10/07 11:14:07.032 - MENSAJE: 
2023/10/07 11:14:07.032 - MENSAJE: 
2023/10/07 11:14:07.043 - MENSAJE: 
2023/10/07 11:14:07.999 - MENSAJE: Sin_Tarjeta
2023/10/07 11:14:08.000 - MENSAJE: 
2023/10/07 11:14:08.000 - MENSAJE: 
2023/10/07 11:14:08.010 - MENSAJE: 
2023/10/07 11:14:08.011 - MENSAJE: 
2023/10/07 11:14:08.462 - MENSAJE: 
2023/10/07 11:14:08.462 - MENSAJE: 
2023/10/07 11:14:21.121 - MENSAJE: 
2023/10/07 11:14:44.326 - MENSAJE: 
2023/10/07 11:14:51.539 - MENSAJE: 
2023/10/07 11:15:05.260 - INICIO REGISTRO
2023/10/07 11:15:05.278 - MENSAJE: (FrondEnd CargaRecursos): Carga Controles - OK
2023/10/07 11:15:05.385 - MENSAJE: (FrondEnd CargaImagenes): Carga Imagenes - OK
2023/10/07 11:15:06.166 - MENSAJE: (Presenter ObtenerInfoModulo) OK
2023/10/07 11:15:06.193 - MENSAJE: (Presenter ObtenerInfoPartes) OK
2023/10/07 11:15:06.212 - MENSAJE: (Presenter ObtenerInfoParametros) OK
2023/10/07 11:15:13.450 - MENSAJE: 
2023/10/07 11:15:13.488 - MENSAJE: ConexionExitosa_Dispensador
2023/10/07 11:15:13.561 - MENSAJE: (PRESENTER) Error Borrado Varibales PLC
2023/10/07 11:15:14.203 - MENSAJE: Sin_Tarjeta
2023/10/07 11:16:03.223 - INICIO REGISTRO
2023/10/07 11:16:03.235 - MENSAJE: (FrondEnd CargaRecursos): Carga Controles - OK
2023/10/07 11:16:03.341 - MENSAJE: (FrondEnd CargaImagenes): Carga Imagenes - OK
2023/10/07 11:16:04.099 - MENSAJE: (Presenter ObtenerInfoModulo) OK
2023/10/07 11:16:04.128 - MENSAJE: (Presenter ObtenerInfoPartes) OK
2023/10/07 11:16:04.148 - MENSAJE: (Presenter ObtenerInfoParametros) OK
2023/10/07 11:16:07.736 - MENSAJE: 
2023/10/07 11:16:11.639 - MENSAJE: ConexionExitosa_Dispensador
2023/10/07 11:16:11.708 - MENSAJE: (PRESENTER) Error Borrado Varibales PLC
2023/10/07 11:16:12.377 - MENSAJE: Sin_Tarjeta
2023/10/07 11:16:15.128 - MENSAJE: 
2023/10/07 11:16:16.301 - MENSAJE: 
2023/10/07 11:16:16.914 - MENSAJE: Sin_Tarjeta
2023/10/07 11:16:17.778 - MENSAJE: 
2023/10/07 11:16:22.089 - MENSAJE: (FrontEnd Antes AlistarTarjetaNew)
2023/10/07 11:16:29.208 - MENSAJE: 
2023/10/07 11:16:29.800 - MENSAJE: Tarjeta_Alistada
2023/10/07 11:16:37.209 - MENSAJE: 
2023/10/07 11:16:38.190 - MENSAJE: Tarjeta Encontrada: 5AD0648B
2023/10/07 11:16:38.191 - MENSAJE: (FrontEnd Despues AlistarTarjetaNew)
2023/10/07 11:16:38.192 - MENSAJE: (FrontEnd Antes CapturaPlaca)
2023/10/07 11:16:39.324 - MENSAJE: (FrontEnd CapturaPlaca) Placa: JHK859
2023/10/07 11:16:39.356 - MENSAJE: (FrontEnd Antes CapturaPlaca) DUW299
2023/10/07 11:16:39.381 - MENSAJE: oAutorizado.PlacaAuto : DUW299
2023/10/07 11:16:41.856 - MENSAJE: Tarjeta_Escrita
2023/10/07 11:16:41.869 - MENSAJE: Tarjeta_MovidaReceptor_RF_TO_FRONT
2023/10/07 11:16:42.531 - MENSAJE: Tarjeta_En_Boca
2023/10/07 11:16:42.532 - MENSAJE: Tarjeta_En_Boca
2023/10/07 11:16:42.532 - MENSAJE: oAutorizado.PlacaAuto : DUW299
2023/10/07 11:16:42.547 - MENSAJE: ObtenerAutorizadoPlaca ok 
2023/10/07 11:16:42.555 - MENSAJE: ObtenerAutorizado ok 
2023/10/07 11:16:51.676 - MENSAJE: 
2023/10/07 11:17:27.505 - MENSAJE: 
2023/10/07 11:24:33.245 - INICIO REGISTRO
2023/10/07 11:24:33.262 - MENSAJE: (FrondEnd CargaRecursos): Carga Controles - OK
2023/10/07 11:24:33.366 - MENSAJE: (FrondEnd CargaImagenes): Carga Imagenes - OK
2023/10/07 11:24:34.177 - MENSAJE: (Presenter ObtenerInfoModulo) OK
2023/10/07 11:24:34.206 - MENSAJE: (Presenter ObtenerInfoPartes) OK
2023/10/07 11:24:34.232 - MENSAJE: (Presenter ObtenerInfoParametros) OK
2023/10/07 11:24:43.357 - MENSAJE: 
2023/10/07 11:24:59.845 - MENSAJE: ConexionExitosa_Dispensador
2023/10/07 11:25:08.818 - MENSAJE: (PRESENTER) Error Borrado Varibales PLC
2023/10/07 11:25:09.544 - MENSAJE: Tarjeta_En_Boca
2023/10/07 11:25:09.544 - MENSAJE: Tarjeta_En_Boca
2023/10/07 11:25:14.393 - MENSAJE: 
2023/10/07 11:26:03.636 - MENSAJE: 
2023/10/07 11:26:04.267 - MENSAJE: Tarjeta_En_Boca
2023/10/07 11:26:04.267 - MENSAJE: Tarjeta_En_Boca
2023/10/07 11:26:22.505 - MENSAJE: 
2023/10/07 11:26:22.505 - MENSAJE: 
2023/10/07 11:26:33.621 - MENSAJE: 
2023/10/07 11:26:33.643 - MENSAJE: (FrontEnd Antes AlistarTarjetaNew)
2023/10/07 11:26:35.365 - MENSAJE: Tarjeta_Alistada
2023/10/07 11:26:35.448 - MENSAJE: Tarjeta Encontrada: 5AD0648B
2023/10/07 11:26:35.449 - MENSAJE: (FrontEnd Despues AlistarTarjetaNew)
2023/10/07 11:26:35.449 - MENSAJE: (FrontEnd Antes CapturaPlaca)
2023/10/07 11:26:36.538 - MENSAJE: (FrontEnd CapturaPlaca) Placa: JHK859
2023/10/07 11:26:36.565 - MENSAJE: (FrontEnd Antes CapturaPlaca) DUW299
2023/10/07 11:26:36.586 - MENSAJE: oAutorizado.PlacaAuto : DUW299
2023/10/07 11:26:39.068 - MENSAJE: Tarjeta_Escrita
2023/10/07 11:26:39.080 - MENSAJE: Tarjeta_MovidaReceptor_RF_TO_FRONT
2023/10/07 11:26:39.723 - MENSAJE: Tarjeta_En_Boca
2023/10/07 11:26:39.724 - MENSAJE: Tarjeta_En_Boca
2023/10/07 11:26:39.724 - MENSAJE: oAutorizado.PlacaAuto : DUW299
2023/10/07 11:26:39.757 - MENSAJE: ObtenerAutorizadoPlaca ok 
2023/10/07 11:26:39.772 - MENSAJE: ObtenerAutorizado ok 
2023/10/07 11:26:53.150 - MENSAJE: 
2023/10/07 11:26:53.150 - MENSAJE: 
2023/10/07 11:26:53.152 - MENSAJE: 
2023/10/07 11:26:53.751 - MENSAJE: Tarjeta_En_Boca
2023/10/07 11:26:53.751 - MENSAJE: Tarjeta_En_Boca
2023/10/07 11:26:53.751 - MENSAJE: oAutorizado.PlacaAuto : DUW299
2023/10/07 11:26:53.766 - MENSAJE: ObtenerAutorizadoPlaca ok 
2023/10/07 11:26:53.783 - MENSAJE: ObtenerAutorizado ok 
2023/10/07 11:27:00.249 - MENSAJE: 
2023/10/07 11:27:00.979 - MENSAJE: 
2023/10/07 11:27:03.553 - MENSAJE: 
2023/10/07 11:27:16.404 - MENSAJE: Tarjeta_En_Boca
2023/10/07 11:27:16.405 - MENSAJE: Tarjeta_En_Boca
2023/10/07 11:27:16.405 - MENSAJE: oAutorizado.PlacaAuto : DUW299
2023/10/07 11:27:16.419 - MENSAJE: ObtenerAutorizadoPlaca ok 
2023/10/07 11:27:16.431 - MENSAJE: ObtenerAutorizado ok 
2023/10/07 11:27:18.943 - MENSAJE: 
2023/10/07 11:27:18.943 - MENSAJE: 
2023/10/07 11:27:18.958 - MENSAJE: 
2023/10/07 11:27:19.563 - MENSAJE: Tarjeta_En_Boca
2023/10/07 11:27:19.564 - MENSAJE: Tarjeta_En_Boca
2023/10/07 11:27:19.565 - MENSAJE: oAutorizado.PlacaAuto : DUW299
2023/10/07 11:27:19.578 - MENSAJE: ObtenerAutorizadoPlaca ok 
2023/10/07 11:27:19.592 - MENSAJE: ObtenerAutorizado ok 
2023/10/07 11:27:20.414 - MENSAJE: 
2023/10/07 11:27:20.414 - MENSAJE: 
2023/10/07 11:27:20.424 - MENSAJE: 
2023/10/07 11:27:21.032 - MENSAJE: Tarjeta_En_Boca
2023/10/07 11:27:21.032 - MENSAJE: Tarjeta_En_Boca
2023/10/07 11:27:21.033 - MENSAJE: oAutorizado.PlacaAuto : DUW299
2023/10/07 11:27:21.048 - MENSAJE: ObtenerAutorizadoPlaca ok 
2023/10/07 11:27:21.058 - MENSAJE: ObtenerAutorizado ok 
2023/10/07 11:30:43.901 - INICIO REGISTRO
2023/10/07 11:30:43.918 - MENSAJE: (FrondEnd CargaRecursos): Carga Controles - OK
2023/10/07 11:30:44.023 - MENSAJE: (FrondEnd CargaImagenes): Carga Imagenes - OK
2023/10/07 11:30:44.770 - MENSAJE: (Presenter ObtenerInfoModulo) OK
2023/10/07 11:30:44.795 - MENSAJE: (Presenter ObtenerInfoPartes) OK
2023/10/07 11:30:44.812 - MENSAJE: (Presenter ObtenerInfoParametros) OK
2023/10/07 11:30:44.846 - MENSAJE: 
2023/10/07 11:30:44.891 - MENSAJE: ConexionExitosa_Dispensador
2023/10/07 11:30:44.984 - MENSAJE: (PRESENTER) Error Borrado Varibales PLC
2023/10/07 11:30:48.161 - MENSAJE: Sin_Tarjeta
2023/10/07 11:30:48.171 - MENSAJE: 
2023/10/07 11:30:48.183 - MENSAJE: 
2023/10/07 11:30:52.750 - MENSAJE: Sin_Tarjeta
2023/10/07 11:30:52.751 - MENSAJE: 
2023/10/07 11:30:52.752 - MENSAJE: 
2023/10/07 11:30:52.762 - MENSAJE: 
2023/10/07 11:30:57.958 - MENSAJE: Sin_Tarjeta
2023/10/07 11:31:04.203 - MENSAJE: 
2023/10/07 11:31:04.204 - MENSAJE: 
2023/10/07 11:31:04.902 - MENSAJE: 
2023/10/07 11:31:08.561 - MENSAJE: (FrontEnd Antes AlistarTarjetaNew)
2023/10/07 11:31:10.282 - MENSAJE: Tarjeta_Alistada
2023/10/07 11:31:10.340 - MENSAJE: Tarjeta Encontrada: 06DE3728
2023/10/07 11:31:10.341 - MENSAJE: (FrontEnd Despues AlistarTarjetaNew)
2023/10/07 11:31:10.341 - MENSAJE: (FrontEnd Antes CapturaPlaca)
2023/10/07 11:31:11.393 - MENSAJE: (FrontEnd CapturaPlaca) Placa: UDS194
2023/10/07 11:31:11.417 - MENSAJE: (FrontEnd Antes CapturaPlaca) DUW299
2023/10/07 11:31:11.438 - MENSAJE: oAutorizado.PlacaAuto : DUW299
2023/10/07 11:31:13.908 - MENSAJE: Tarjeta_Escrita
2023/10/07 11:31:13.920 - MENSAJE: Tarjeta_MovidaReceptor_RF_TO_FRONT
2023/10/07 11:31:18.130 - MENSAJE: Tarjeta_En_Boca
2023/10/07 11:31:18.131 - MENSAJE: Tarjeta_En_Boca
2023/10/07 11:31:33.673 - MENSAJE: Tarjeta_En_Boca
2023/10/07 11:31:33.674 - MENSAJE: Tarjeta_En_Boca
2023/10/07 11:31:54.387 - MENSAJE: oAutorizado.PlacaAuto : DUW299
2023/10/07 11:31:56.054 - MENSAJE: ObtenerAutorizadoPlaca ok 
2023/10/07 11:31:58.731 - MENSAJE: ObtenerAutorizado ok 
2023/10/07 11:32:08.497 - MENSAJE: 
2023/10/07 11:32:10.551 - MENSAJE: 
2023/10/07 11:32:18.773 - MENSAJE: Sin_Tarjeta
2023/10/07 11:32:28.651 - MENSAJE: 
2023/10/07 11:32:28.651 - MENSAJE: 
2023/10/07 11:32:30.349 - MENSAJE: 
2023/10/07 11:32:59.790 - MENSAJE: 
2023/10/07 11:33:01.252 - MENSAJE: 
2023/10/07 11:33:13.291 - MENSAJE: 
2023/10/07 11:33:23.117 - MENSAJE: 
2023/10/07 11:33:32.442 - MENSAJE: 
2023/10/07 11:33:33.687 - MENSAJE: 
2023/10/07 11:33:43.860 - MENSAJE: 
2023/10/07 11:33:44.051 - MENSAJE: 
2023/10/07 11:34:08.359 - MENSAJE: 
2023/10/07 11:34:50.931 - MENSAJE: 
2023/10/07 11:34:51.303 - MENSAJE: 
2023/10/07 11:35:18.198 - MENSAJE: 
2023/10/07 11:35:21.135 - MENSAJE: 
2023/10/07 11:35:41.171 - MENSAJE: 
2023/10/07 11:35:52.783 - MENSAJE: 
2023/10/07 11:35:52.785 - MENSAJE: 
2023/10/07 11:35:53.090 - MENSAJE: 
2023/10/07 11:35:56.981 - MENSAJE: 
2023/10/07 11:35:56.981 - MENSAJE: 
2023/10/07 11:36:00.817 - MENSAJE: 
2023/10/07 11:36:04.256 - MENSAJE: 
2023/10/07 11:36:04.258 - MENSAJE: 
2023/10/07 11:36:11.492 - MENSAJE: 
2023/10/07 11:36:15.678 - MENSAJE: (PRESENTER) Error Borrado Varibales PLC
2023/10/07 11:36:22.109 - MENSAJE: Sin_Tarjeta
2023/10/07 11:36:22.110 - MENSAJE: 
2023/10/07 11:36:22.110 - MENSAJE: 
2023/10/07 11:36:22.121 - MENSAJE: 
2023/10/07 11:36:35.057 - MENSAJE: Sin_Tarjeta
2023/10/07 11:36:39.184 - MENSAJE: 
2023/10/07 11:36:39.184 - MENSAJE: 
2023/10/07 11:36:39.945 - MENSAJE: 
2023/10/07 11:36:43.085 - MENSAJE: (FrontEnd Antes AlistarTarjetaNew)
2023/10/07 11:36:45.056 - MENSAJE: Tarjeta_Alistada
2023/10/07 11:36:46.004 - MENSAJE: (FrontEnd Despues AlistarTarjetaNew)
2023/10/07 11:36:46.278 - MENSAJE: (FrontEnd Antes CapturaPlaca)
2023/10/07 11:36:47.762 - MENSAJE: (FrontEnd CapturaPlaca) Placa: UDS194
2023/10/07 11:36:49.510 - MENSAJE: (FrontEnd Antes CapturaPlaca) DUW299
2023/10/07 11:36:55.645 - MENSAJE: oAutorizado.PlacaAuto : DUW299
2023/10/07 11:37:10.011 - MENSAJE: Tarjeta_Escrita
2023/10/07 11:37:10.023 - MENSAJE: Tarjeta_MovidaReceptor_RF_TO_FRONT
2023/10/07 11:37:33.086 - MENSAJE: Sin_Tarjeta
2023/10/07 11:38:03.018 - MENSAJE: 
2023/10/07 11:38:16.558 - MENSAJE: 
2023/10/07 11:38:39.913 - MENSAJE: 
2023/10/07 11:39:09.714 - MENSAJE: 
2023/10/07 11:39:23.986 - MENSAJE: 
2023/10/07 11:40:48.064 - INICIO REGISTRO
2023/10/07 11:40:48.077 - MENSAJE: (FrondEnd CargaRecursos): Carga Controles - OK
2023/10/07 11:40:48.188 - MENSAJE: (FrondEnd CargaImagenes): Carga Imagenes - OK
2023/10/07 11:40:52.331 - INICIO REGISTRO
2023/10/07 11:40:52.346 - MENSAJE: (FrondEnd CargaRecursos): Carga Controles - OK
2023/10/07 11:40:52.452 - MENSAJE: (FrondEnd CargaImagenes): Carga Imagenes - OK
2023/10/07 11:40:53.206 - MENSAJE: (Presenter ObtenerInfoModulo) OK
2023/10/07 11:40:53.236 - MENSAJE: (Presenter ObtenerInfoPartes) OK
2023/10/07 11:40:53.257 - MENSAJE: (Presenter ObtenerInfoParametros) OK
2023/10/07 11:40:53.289 - MENSAJE: 
2023/10/07 11:40:53.321 - MENSAJE: ConexionExitosa_Dispensador
2023/10/07 11:40:53.411 - MENSAJE: (PRESENTER) Error Borrado Varibales PLC
2023/10/07 11:40:56.013 - MENSAJE: Sin_Tarjeta
2023/10/07 11:40:56.023 - MENSAJE: 
2023/10/07 11:40:56.034 - MENSAJE: 
2023/10/07 11:40:56.034 - MENSAJE: 
2023/10/07 11:40:57.569 - MENSAJE: Sin_Tarjeta
2023/10/07 11:40:57.570 - MENSAJE: 
2023/10/07 11:40:57.571 - MENSAJE: 
2023/10/07 11:40:57.572 - MENSAJE: (FrontEnd Antes AlistarTarjetaNew)
2023/10/07 11:40:57.580 - MENSAJE: 
2023/10/07 11:40:59.294 - MENSAJE: Tarjeta_Alistada
2023/10/07 11:40:59.340 - MENSAJE: Tarjeta Encontrada: 9A0F818B
2023/10/07 11:40:59.340 - MENSAJE: (FrontEnd Despues AlistarTarjetaNew)
2023/10/07 11:40:59.341 - MENSAJE: (FrontEnd Antes CapturaPlaca)
2023/10/07 11:41:00.405 - MENSAJE: (FrontEnd CapturaPlaca) Placa: UDS194
2023/10/07 11:41:00.434 - MENSAJE: (FrontEnd Antes CapturaPlaca) DUW299
2023/10/07 11:41:00.458 - MENSAJE: oAutorizado.PlacaAuto : DUW299
2023/10/07 11:41:02.949 - MENSAJE: Tarjeta_Escrita
2023/10/07 11:41:02.961 - MENSAJE: Tarjeta_MovidaReceptor_RF_TO_FRONT
2023/10/07 11:41:09.367 - MENSAJE: Sin_Tarjeta
2023/10/07 11:41:23.350 - MENSAJE: 
2023/10/07 11:41:23.350 - MENSAJE: 
2023/10/07 11:41:31.118 - MENSAJE: 
2023/10/07 11:41:35.546 - MENSAJE: 
2023/10/07 11:41:39.443 - MENSAJE: 
2023/10/07 11:41:41.629 - MENSAJE: 
2023/10/07 11:41:41.630 - MENSAJE: 
2023/10/07 11:41:43.257 - MENSAJE: 
2023/10/07 11:42:06.162 - MENSAJE: (PRESENTER) Error Borrado Varibales PLC
2023/10/07 11:42:07.337 - MENSAJE: Sin_Tarjeta
2023/10/07 11:42:07.338 - MENSAJE: 
2023/10/07 11:42:07.338 - MENSAJE: 
2023/10/07 11:42:07.350 - MENSAJE: 
2023/10/07 11:42:16.118 - MENSAJE: Sin_Tarjeta
2023/10/07 11:42:19.013 - MENSAJE: 
2023/10/07 11:42:19.014 - MENSAJE: 
2023/10/07 11:42:19.702 - MENSAJE: 
2023/10/07 11:42:21.937 - MENSAJE: (FrontEnd Antes AlistarTarjetaNew)
2023/10/07 11:42:23.846 - MENSAJE: Tarjeta_Alistada
2023/10/07 11:42:23.897 - MENSAJE: Tarjeta Encontrada: 7A6D668B
2023/10/07 11:42:24.108 - MENSAJE: (FrontEnd Despues AlistarTarjetaNew)
2023/10/07 11:42:24.614 - MENSAJE: (FrontEnd Antes CapturaPlaca)
2023/10/07 11:42:24.825 - MENSAJE: (FrontEnd CapturaPlaca) Placa: UDS194
2023/10/07 11:42:29.531 - MENSAJE: (FrontEnd Antes CapturaPlaca) DUW299
2023/10/07 11:42:36.756 - MENSAJE: oAutorizado.PlacaAuto : DUW299
2023/10/07 11:42:42.076 - MENSAJE: Tarjeta_Escrita
2023/10/07 11:42:42.087 - MENSAJE: Tarjeta_MovidaReceptor_RF_TO_FRONT
2023/10/07 11:42:48.902 - MENSAJE: Sin_Tarjeta
2023/10/07 11:42:52.885 - MENSAJE: 
2023/10/07 11:42:52.885 - MENSAJE: 
2023/10/07 11:42:58.634 - MENSAJE: 
2023/10/07 11:48:15.799 - INICIO REGISTRO
2023/10/07 11:48:15.813 - MENSAJE: (FrondEnd CargaRecursos): Carga Controles - OK
2023/10/07 11:48:15.917 - MENSAJE: (FrondEnd CargaImagenes): Carga Imagenes - OK
2023/10/07 11:48:16.693 - MENSAJE: (Presenter ObtenerInfoModulo) OK
2023/10/07 11:48:16.723 - MENSAJE: (Presenter ObtenerInfoPartes) OK
2023/10/07 11:48:16.744 - MENSAJE: (Presenter ObtenerInfoParametros) OK
2023/10/07 11:48:16.777 - MENSAJE: 
2023/10/07 11:48:16.812 - MENSAJE: ConexionExitosa_Dispensador
2023/10/07 11:48:16.902 - MENSAJE: (PRESENTER) Error Borrado Varibales PLC
2023/10/07 11:48:19.421 - MENSAJE: Sin_Tarjeta
2023/10/07 11:48:19.453 - MENSAJE: 
2023/10/07 11:48:19.463 - MENSAJE: 
2023/10/07 11:48:34.865 - MENSAJE: Sin_Tarjeta
2023/10/07 11:48:34.866 - MENSAJE: 
2023/10/07 11:48:34.878 - MENSAJE: 
2023/10/07 11:48:34.902 - MENSAJE: 
2023/10/07 11:48:38.161 - MENSAJE: Sin_Tarjeta
2023/10/07 11:48:38.162 - MENSAJE: 
2023/10/07 11:48:38.162 - MENSAJE: 
2023/10/07 11:48:38.178 - MENSAJE: 
2023/10/07 11:48:39.782 - MENSAJE: Sin_Tarjeta
2023/10/07 11:48:39.782 - MENSAJE: 
2023/10/07 11:48:39.783 - MENSAJE: (FrontEnd Antes AlistarTarjetaNew)
2023/10/07 11:48:39.783 - MENSAJE: 
2023/10/07 11:48:39.793 - MENSAJE: 
2023/10/07 11:48:41.504 - MENSAJE: Tarjeta_Alistada
2023/10/07 11:48:41.567 - MENSAJE: Tarjeta Encontrada: 06012327
2023/10/07 11:48:41.568 - MENSAJE: (FrontEnd Despues AlistarTarjetaNew)
2023/10/07 11:48:41.568 - MENSAJE: (FrontEnd Antes CapturaPlaca)
2023/10/07 11:48:42.634 - MENSAJE: (FrontEnd CapturaPlaca) Placa: GHH156
2023/10/07 11:48:42.655 - MENSAJE: (FrontEnd Antes CapturaPlaca) GHH156
2023/10/07 11:48:42.676 - MENSAJE: oAutorizado.PlacaAuto : GHH156
2023/10/07 11:48:42.706 - MENSAJE: 
2023/10/07 11:48:42.707 - MENSAJE: 
2023/10/07 11:48:42.717 - MENSAJE: 
2023/10/07 11:48:45.117 - MENSAJE: Tarjeta_Escrita
2023/10/07 11:48:45.129 - MENSAJE: Tarjeta_MovidaReceptor_RF_TO_FRONT
2023/10/07 11:48:47.228 - MENSAJE: Sin_Tarjeta
2023/10/07 11:48:47.256 - MENSAJE: 
2023/10/07 11:48:47.256 - MENSAJE: 
2023/10/07 11:48:48.257 - MENSAJE: 
2023/10/07 11:48:49.308 - MENSAJE: 
2023/10/07 11:48:52.690 - MENSAJE: 
2023/10/07 11:48:57.815 - MENSAJE: 
2023/10/07 11:48:58.864 - MENSAJE: 
2023/10/07 11:48:58.864 - MENSAJE: 
2023/10/07 11:49:00.737 - MENSAJE: 
2023/10/07 11:49:09.923 - MENSAJE: 
2023/10/07 11:49:09.924 - MENSAJE: 
2023/10/07 11:49:12.202 - MENSAJE: 
2023/10/07 11:49:15.959 - MENSAJE: 
2023/10/07 11:49:15.960 - MENSAJE: 
2023/10/07 11:49:16.561 - MENSAJE: 
2023/10/07 11:49:24.615 - MENSAJE: 
2023/10/07 11:49:24.615 - MENSAJE: 
2023/10/07 11:49:26.516 - MENSAJE: 
2023/10/07 11:49:31.854 - MENSAJE: 
2023/10/07 11:49:31.854 - MENSAJE: 
2023/10/07 11:53:08.944 - INICIO REGISTRO
2023/10/07 11:53:08.961 - MENSAJE: (FrondEnd CargaRecursos): Carga Controles - OK
2023/10/07 11:53:09.071 - MENSAJE: (FrondEnd CargaImagenes): Carga Imagenes - OK
2023/10/07 11:53:09.847 - MENSAJE: (Presenter ObtenerInfoModulo) OK
2023/10/07 11:53:09.877 - MENSAJE: (Presenter ObtenerInfoPartes) OK
2023/10/07 11:53:09.899 - MENSAJE: (Presenter ObtenerInfoParametros) OK
2023/10/07 11:53:09.932 - MENSAJE: 
2023/10/07 11:53:09.968 - MENSAJE: ConexionExitosa_Dispensador
2023/10/07 11:53:10.059 - MENSAJE: (PRESENTER) Error Borrado Varibales PLC
2023/10/07 11:53:30.421 - MENSAJE: Sin_Tarjeta
2023/10/07 11:53:33.602 - MENSAJE: 
2023/10/07 11:53:37.001 - MENSAJE: 
2023/10/07 11:53:41.819 - MENSAJE: Sin_Tarjeta
2023/10/07 11:53:44.610 - MENSAJE: 
2023/10/07 11:53:54.205 - MENSAJE: 
2023/10/07 11:53:56.040 - MENSAJE: 
2023/10/07 11:54:06.983 - MENSAJE: Sin_Tarjeta
2023/10/07 11:54:10.027 - MENSAJE: 
2023/10/07 11:54:11.724 - MENSAJE: (FrontEnd Antes AlistarTarjetaNew)
2023/10/07 11:54:11.723 - MENSAJE: 
2023/10/07 11:54:22.891 - MENSAJE: 
2023/10/07 11:54:24.610 - MENSAJE: Tarjeta_Alistada
2023/10/07 11:54:24.663 - MENSAJE: Tarjeta Encontrada: 26F04F28
2023/10/07 11:54:24.664 - MENSAJE: (FrontEnd Despues AlistarTarjetaNew)
2023/10/07 11:54:24.664 - MENSAJE: (FrontEnd Antes CapturaPlaca)
2023/10/07 11:54:25.712 - MENSAJE: (FrontEnd CapturaPlaca) Placa: GHH156
2023/10/07 11:54:25.766 - MENSAJE: (FrontEnd CapturaPlaca) Placa: GHH156
2023/10/07 11:54:25.766 - MENSAJE: (FrontEnd Antes CapturaPlaca) ------
2023/10/07 11:54:25.791 - MENSAJE: (FrontEnd Antes EscribirTarjetaNew)
2023/10/07 11:54:28.200 - MENSAJE: Tarjeta_Escrita
2023/10/07 11:54:28.212 - MENSAJE: Tarjeta_MovidaReceptor_RF_TO_FRONT
2023/10/07 11:54:28.214 - MENSAJE: (FrontEnd Despues EscribirTarjetaNew)
2023/10/07 11:54:32.892 - MENSAJE: Sin_Tarjeta
2023/10/07 11:55:06.967 - MENSAJE: 
2023/10/07 11:55:13.520 - MENSAJE: 
2023/10/07 11:56:08.563 - MENSAJE: 
2023/10/07 11:56:17.007 - MENSAJE: 
2023/10/07 11:56:17.007 - MENSAJE: 
2023/10/07 11:57:00.456 - MENSAJE: 
2023/10/07 11:57:09.003 - MENSAJE: 
2023/10/07 11:57:50.116 - MENSAJE: 
2023/10/07 11:58:49.633 - MENSAJE: 
2023/10/07 11:58:55.119 - MENSAJE: 
2023/10/07 11:59:07.198 - MENSAJE: 
2023/10/07 11:59:25.268 - MENSAJE: 
2023/10/07 11:59:32.618 - MENSAJE: 
2023/10/07 11:59:32.618 - MENSAJE: 
2023/10/07 11:59:33.747 - MENSAJE: 
2023/10/07 11:59:34.593 - MENSAJE: 
2023/10/07 11:59:35.527 - MENSAJE: 
2023/10/07 11:59:36.367 - MENSAJE: 
2023/10/07 11:59:37.179 - MENSAJE: 
2023/10/07 11:59:37.201 - MENSAJE: (PRESENTER) Error Borrado Varibales PLC
2023/10/07 11:59:39.517 - MENSAJE: Sin_Tarjeta
2023/10/07 11:59:39.517 - MENSAJE: 
2023/10/07 11:59:55.868 - MENSAJE: 
2023/10/07 11:59:57.423 - MENSAJE: Sin_Tarjeta
2023/10/07 11:59:57.424 - MENSAJE: 
2023/10/07 11:59:57.645 - MENSAJE: 
2023/10/07 11:59:58.862 - MENSAJE: Sin_Tarjeta
2023/10/07 11:59:58.863 - MENSAJE: 
2023/10/07 11:59:59.270 - MENSAJE: 
2023/10/07 12:00:01.127 - MENSAJE: Sin_Tarjeta
2023/10/07 12:00:01.128 - MENSAJE: 
2023/10/07 12:00:12.006 - MENSAJE: 
2023/10/07 12:00:13.184 - MENSAJE: Sin_Tarjeta
2023/10/07 12:00:14.052 - MENSAJE: 
2023/10/07 12:00:15.584 - MENSAJE: (FrontEnd Antes AlistarTarjetaNew)
2023/10/07 12:00:17.326 - MENSAJE: 
2023/10/07 12:00:18.532 - MENSAJE: Tarjeta_Alistada
2023/10/07 12:00:18.585 - MENSAJE: Tarjeta Encontrada: B4455CED
2023/10/07 12:00:18.585 - MENSAJE: (FrontEnd Despues AlistarTarjetaNew)
2023/10/07 12:00:18.586 - MENSAJE: (FrontEnd Antes CapturaPlaca)
2023/10/07 12:00:19.301 - MENSAJE: (FrontEnd CapturaPlaca) Placa: GHH156
2023/10/07 12:00:19.338 - MENSAJE: (FrontEnd CapturaPlaca) Placa: GHH156
2023/10/07 12:00:19.338 - MENSAJE: (FrontEnd Antes CapturaPlaca) ------
2023/10/07 12:00:19.339 - MENSAJE: (FrontEnd Antes EscribirTarjetaNew)
2023/10/07 12:00:21.737 - MENSAJE: Tarjeta_Escrita
2023/10/07 12:00:21.749 - MENSAJE: Tarjeta_MovidaReceptor_RF_TO_FRONT
2023/10/07 12:00:21.751 - MENSAJE: (FrontEnd Despues EscribirTarjetaNew)
2023/10/07 12:00:24.477 - MENSAJE: Sin_Tarjeta
2023/10/07 12:00:24.494 - MENSAJE: 
2023/10/07 12:00:28.894 - MENSAJE: 
2023/10/07 12:00:31.112 - MENSAJE: 
2023/10/07 12:00:37.439 - MENSAJE: 
2023/10/07 12:00:41.809 - MENSAJE: 
2023/10/07 12:00:44.589 - MENSAJE: 
2023/10/07 12:00:52.315 - MENSAJE: 
2023/10/07 12:01:20.257 - MENSAJE: 
2023/10/07 12:01:24.509 - MENSAJE: 
2023/10/07 12:01:28.489 - MENSAJE: 
2023/10/07 12:01:40.361 - MENSAJE: (PRESENTER) Error Borrado Varibales PLC
2023/10/07 12:01:43.015 - MENSAJE: 
2023/10/07 12:01:43.855 - MENSAJE: 
2023/10/07 12:01:45.123 - MENSAJE: Sin_Tarjeta
2023/10/07 12:01:45.124 - MENSAJE: 
2023/10/07 12:01:46.002 - MENSAJE: 
2023/10/07 12:01:47.428 - MENSAJE: Sin_Tarjeta
2023/10/07 12:07:22.421 - INICIO REGISTRO
2023/10/07 12:07:22.434 - MENSAJE: (FrondEnd CargaRecursos): Carga Controles - OK
2023/10/07 12:07:22.546 - MENSAJE: (FrondEnd CargaImagenes): Carga Imagenes - OK
2023/10/07 12:07:23.375 - MENSAJE: (Presenter ObtenerInfoModulo) OK
2023/10/07 12:07:23.401 - MENSAJE: (Presenter ObtenerInfoPartes) OK
2023/10/07 12:07:23.423 - MENSAJE: (Presenter ObtenerInfoParametros) OK
2023/10/07 12:07:23.457 - MENSAJE: 
2023/10/07 12:07:23.489 - MENSAJE: ConexionExitosa_Dispensador
2023/10/07 12:07:23.579 - MENSAJE: (PRESENTER) Error Borrado Varibales PLC
2023/10/07 12:07:27.269 - MENSAJE: Sin_Tarjeta
2023/10/07 12:07:27.276 - MENSAJE: 
2023/10/07 12:07:30.940 - MENSAJE: 
2023/10/07 12:07:33.259 - MENSAJE: Sin_Tarjeta
2023/10/07 12:07:33.260 - MENSAJE: 
2023/10/07 12:07:33.260 - MENSAJE: 
2023/10/07 12:07:33.260 - MENSAJE: (FrontEnd Antes AlistarTarjetaNew)
2023/10/07 12:07:33.270 - MENSAJE: 
2023/10/07 12:07:34.982 - MENSAJE: Tarjeta_Alistada
2023/10/07 12:07:35.038 - MENSAJE: Tarjeta Encontrada: 56C23628
2023/10/07 12:07:35.038 - MENSAJE: (FrontEnd Despues AlistarTarjetaNew)
2023/10/07 12:07:35.039 - MENSAJE: (FrontEnd Antes CapturaPlaca)
2023/10/07 12:07:36.097 - MENSAJE: (FrontEnd CapturaPlaca) Placa: GHH156
2023/10/07 12:07:36.146 - MENSAJE: (FrontEnd CapturaPlaca) Placa: GHH156
2023/10/07 12:07:36.147 - MENSAJE: (FrontEnd Antes CapturaPlaca) ------
2023/10/07 12:07:36.170 - MENSAJE: (FrontEnd Antes EscribirTarjetaNew)
2023/10/07 12:07:38.580 - MENSAJE: Tarjeta_Escrita
2023/10/07 12:07:38.592 - MENSAJE: Tarjeta_MovidaReceptor_RF_TO_FRONT
2023/10/07 12:07:38.594 - MENSAJE: (FrontEnd Despues EscribirTarjetaNew)
2023/10/07 12:07:45.359 - MENSAJE: Sin_Tarjeta
2023/10/07 12:07:49.381 - MENSAJE: 
2023/10/07 12:07:49.381 - MENSAJE: 
2023/10/07 12:08:16.295 - MENSAJE: 
2023/10/07 12:08:16.298 - MENSAJE: 
2023/10/07 12:08:16.304 - MENSAJE: 
2023/10/07 12:08:22.143 - MENSAJE: 
2023/10/07 12:08:22.145 - MENSAJE: 
2023/10/07 12:08:25.695 - MENSAJE: 
2023/10/07 12:08:50.261 - MENSAJE: (PRESENTER) Error Borrado Varibales PLC
2023/10/07 12:08:58.395 - MENSAJE: Sin_Tarjeta
2023/10/07 12:08:58.396 - MENSAJE: 
2023/10/07 12:08:58.397 - MENSAJE: (FrontEnd Antes AlistarTarjetaNew)
2023/10/07 12:08:58.397 - MENSAJE: 
2023/10/07 12:08:58.409 - MENSAJE: 
2023/10/07 12:09:00.118 - MENSAJE: Tarjeta_Alistada
2023/10/07 12:09:00.170 - MENSAJE: Tarjeta Encontrada: 16C34E28
2023/10/07 12:09:00.170 - MENSAJE: (FrontEnd Despues AlistarTarjetaNew)
2023/10/07 12:09:00.171 - MENSAJE: (FrontEnd Antes CapturaPlaca)
2023/10/07 12:09:00.200 - MENSAJE: (FrontEnd CapturaPlaca) Placa: GHH156
2023/10/07 12:09:00.241 - MENSAJE: (FrontEnd CapturaPlaca) Placa: GHH156
2023/10/07 12:09:00.242 - MENSAJE: (FrontEnd Antes CapturaPlaca) ------
2023/10/07 12:09:00.245 - MENSAJE: (FrontEnd Antes EscribirTarjetaNew)
2023/10/07 12:09:02.645 - MENSAJE: Tarjeta_Escrita
2023/10/07 12:09:02.657 - MENSAJE: Tarjeta_MovidaReceptor_RF_TO_FRONT
2023/10/07 12:09:02.658 - MENSAJE: (FrontEnd Despues EscribirTarjetaNew)
2023/10/07 12:09:07.060 - MENSAJE: Sin_Tarjeta
2023/10/07 12:09:08.613 - MENSAJE: 
2023/10/07 12:09:08.614 - MENSAJE: 
2023/10/07 12:09:24.698 - MENSAJE: 
