2023/12/04 10:23:02.073 - INICIO REGISTRO
2023/12/04 10:23:02.084 - MENSAJE: (FrondEnd CargaRecursos): Carga Controles - OK
2023/12/04 10:23:02.221 - MENSAJE: (FrondEnd CargaImagenes): Carga Imagenes - OK
2023/12/04 10:23:02.809 - MENSAJE: (Presenter ObtenerInfoModulo) OK
2023/12/04 10:23:02.837 - MENSAJE: (Presenter ObtenerInfoPartes) OK
2023/12/04 10:23:02.861 - MENSAJE: (Presenter ObtenerInfoParametros) OK
2023/12/04 10:23:02.891 - MENSAJE: 
2023/12/04 10:23:03.141 - MENSAJE: (PRESENTER) Error Borrado Varibales PLC
2023/12/04 10:23:03.241 - MENSAJE: (FrontEnd Antes CapturaPlaca)
2023/12/04 10:23:03.297 - MENSAJE: (FrontEnd Antes CapturaPlaca) ------
2023/12/04 10:23:03.331 - MENSAJE: 
2023/12/04 10:23:11.511 - MENSAJE: 
2023/12/04 10:23:12.103 - MENSAJE: 
2023/12/04 10:23:14.788 - MENSAJE: 
2023/12/04 10:23:21.083 - MENSAJE: 
2023/12/04 10:23:21.084 - MENSAJE: 
2023/12/04 10:23:21.667 - MENSAJE: 
2023/12/04 10:23:24.296 - MENSAJE: Vehiculo en el mueble
2023/12/04 10:23:25.625 - MENSAJE: Captura de placa: ------
2023/12/04 10:23:39.768 - MENSAJE: (PRESENTER) Error Borrado Varibales PLC
2023/12/04 10:23:44.558 - MENSAJE: (FrontEnd Antes CapturaPlaca)
2023/12/04 10:23:47.008 - MENSAJE: (FrontEnd Antes CapturaPlaca) ------
2023/12/04 10:23:49.844 - MENSAJE: 
2023/12/04 10:24:22.838 - INICIO REGISTRO
2023/12/04 10:24:22.846 - MENSAJE: (FrondEnd CargaRecursos): Carga Controles - OK
2023/12/04 10:24:23.013 - MENSAJE: (FrondEnd CargaImagenes): Carga Imagenes - OK
2023/12/04 10:24:23.510 - MENSAJE: (Presenter ObtenerInfoModulo) OK
2023/12/04 10:24:23.540 - MENSAJE: (Presenter ObtenerInfoPartes) OK
2023/12/04 10:24:23.563 - MENSAJE: (Presenter ObtenerInfoParametros) OK
2023/12/04 10:24:23.591 - MENSAJE: 
2023/12/04 10:24:23.688 - MENSAJE: (PRESENTER) Error Borrado Varibales PLC
2023/12/04 10:24:23.843 - MENSAJE: (FrontEnd Antes CapturaPlaca)
2023/12/04 10:24:23.886 - MENSAJE: (FrontEnd Antes CapturaPlaca) ------
2023/12/04 10:24:23.891 - MENSAJE: 
2023/12/04 10:24:27.252 - MENSAJE: Vehiculo en el mueble
2023/12/04 10:24:28.279 - MENSAJE: 
2023/12/04 10:24:28.711 - MENSAJE: Captura de placa: ------
2023/12/04 10:24:53.743 - MENSAJE: Registrar Entrada OK
2023/12/04 10:25:14.825 - MENSAJE: Registrar Entrada OK
2023/12/04 10:25:30.496 - MENSAJE: 
2023/12/04 10:25:31.608 - MENSAJE: 
2023/12/04 10:35:14.515 - INICIO REGISTRO
2023/12/04 10:35:14.522 - MENSAJE: (FrondEnd CargaRecursos): Carga Controles - OK
2023/12/04 10:35:14.657 - MENSAJE: (FrondEnd CargaImagenes): Carga Imagenes - OK
2023/12/04 10:35:15.126 - MENSAJE: (Presenter ObtenerInfoModulo) OK
2023/12/04 10:35:15.156 - MENSAJE: (Presenter ObtenerInfoPartes) OK
2023/12/04 10:35:15.188 - MENSAJE: (Presenter ObtenerInfoParametros) OK
2023/12/04 10:35:15.216 - MENSAJE: 
2023/12/04 10:35:15.313 - MENSAJE: (PRESENTER) Error Borrado Varibales PLC
2023/12/04 10:35:15.535 - MENSAJE: (FrontEnd Antes CapturaPlaca)
2023/12/04 10:35:15.582 - MENSAJE: (FrontEnd Antes CapturaPlaca) ------
2023/12/04 10:35:15.617 - MENSAJE: 
2023/12/04 10:35:16.125 - MENSAJE: 
2023/12/04 10:35:16.528 - MENSAJE: (FrontEnd Antes CapturaPlaca)
2023/12/04 10:35:16.582 - MENSAJE: (FrontEnd Antes CapturaPlaca) ------
2023/12/04 10:35:16.583 - MENSAJE: 
2023/12/04 10:35:17.092 - MENSAJE: 
2023/12/04 10:35:17.527 - MENSAJE: (FrontEnd Antes CapturaPlaca)
2023/12/04 10:35:17.557 - MENSAJE: (FrontEnd Antes CapturaPlaca) ------
2023/12/04 10:35:17.558 - MENSAJE: 
2023/12/04 10:35:18.076 - MENSAJE: 
2023/12/04 10:35:18.529 - MENSAJE: (FrontEnd Antes CapturaPlaca)
2023/12/04 10:35:19.511 - MENSAJE: (FrontEnd Antes CapturaPlaca) ------
2023/12/04 10:35:19.512 - MENSAJE: 
2023/12/04 10:35:19.751 - MENSAJE: (FrontEnd Antes CapturaPlaca)
2023/12/04 10:35:19.890 - MENSAJE: (FrontEnd Antes CapturaPlaca) ------
2023/12/04 10:35:19.896 - MENSAJE: 
2023/12/04 10:35:20.018 - MENSAJE: 
2023/12/04 10:35:20.526 - MENSAJE: (FrontEnd Antes CapturaPlaca)
2023/12/04 10:35:21.877 - MENSAJE: (FrontEnd Antes CapturaPlaca) ------
2023/12/04 10:35:21.879 - MENSAJE: 
2023/12/04 10:35:21.987 - MENSAJE: (FrontEnd Antes CapturaPlaca)
2023/12/04 10:35:22.024 - MENSAJE: (FrontEnd Antes CapturaPlaca) ------
2023/12/04 10:35:22.026 - MENSAJE: 
2023/12/04 10:35:22.384 - MENSAJE: 
2023/12/04 10:35:22.525 - MENSAJE: (FrontEnd Antes CapturaPlaca)
2023/12/04 10:35:22.567 - MENSAJE: (FrontEnd Antes CapturaPlaca) ------
2023/12/04 10:35:22.568 - MENSAJE: 
2023/12/04 10:35:23.071 - MENSAJE: 
2023/12/04 10:35:23.521 - MENSAJE: (FrontEnd Antes CapturaPlaca)
2023/12/04 10:35:23.568 - MENSAJE: (FrontEnd Antes CapturaPlaca) ------
2023/12/04 10:35:23.570 - MENSAJE: 
2023/12/04 10:35:24.082 - MENSAJE: 
2023/12/04 10:35:24.531 - MENSAJE: (FrontEnd Antes CapturaPlaca)
2023/12/04 10:35:24.581 - MENSAJE: (FrontEnd Antes CapturaPlaca) ------
2023/12/04 10:35:24.582 - MENSAJE: 
2023/12/04 10:35:25.086 - MENSAJE: 
2023/12/04 10:35:25.523 - MENSAJE: (FrontEnd Antes CapturaPlaca)
2023/12/04 10:35:25.563 - MENSAJE: (FrontEnd Antes CapturaPlaca) ------
2023/12/04 10:35:25.564 - MENSAJE: 
2023/12/04 10:35:26.070 - MENSAJE: 
2023/12/04 10:35:26.523 - MENSAJE: (FrontEnd Antes CapturaPlaca)
2023/12/04 10:35:26.566 - MENSAJE: (FrontEnd Antes CapturaPlaca) ------
2023/12/04 10:35:26.567 - MENSAJE: 
2023/12/04 10:35:27.070 - MENSAJE: 
2023/12/04 10:35:27.522 - MENSAJE: (FrontEnd Antes CapturaPlaca)
2023/12/04 10:35:27.568 - MENSAJE: (FrontEnd Antes CapturaPlaca) ------
2023/12/04 10:35:27.569 - MENSAJE: 
2023/12/04 10:35:28.082 - MENSAJE: 
2023/12/04 10:35:28.524 - MENSAJE: (FrontEnd Antes CapturaPlaca)
2023/12/04 10:35:28.566 - MENSAJE: (FrontEnd Antes CapturaPlaca) ------
2023/12/04 10:35:28.568 - MENSAJE: 
2023/12/04 10:35:29.069 - MENSAJE: 
2023/12/04 10:35:29.523 - MENSAJE: (FrontEnd Antes CapturaPlaca)
2023/12/04 10:35:29.574 - MENSAJE: (FrontEnd Antes CapturaPlaca) ------
2023/12/04 10:35:29.575 - MENSAJE: 
2023/12/04 10:35:30.083 - MENSAJE: 
2023/12/04 10:35:30.534 - MENSAJE: (FrontEnd Antes CapturaPlaca)
2023/12/04 10:35:30.567 - MENSAJE: (FrontEnd Antes CapturaPlaca) ------
2023/12/04 10:35:30.568 - MENSAJE: 
2023/12/04 10:35:31.077 - MENSAJE: 
2023/12/04 10:35:31.529 - MENSAJE: (FrontEnd Antes CapturaPlaca)
2023/12/04 10:35:31.569 - MENSAJE: (FrontEnd Antes CapturaPlaca) ------
2023/12/04 10:35:31.570 - MENSAJE: 
2023/12/04 10:35:32.075 - MENSAJE: 
2023/12/04 10:35:32.529 - MENSAJE: (FrontEnd Antes CapturaPlaca)
2023/12/04 10:35:32.561 - MENSAJE: (FrontEnd Antes CapturaPlaca) ------
2023/12/04 10:35:32.562 - MENSAJE: 
2023/12/04 10:35:33.063 - MENSAJE: 
2023/12/04 10:35:33.533 - MENSAJE: (FrontEnd Antes CapturaPlaca)
2023/12/04 10:35:33.563 - MENSAJE: (FrontEnd Antes CapturaPlaca) ------
2023/12/04 10:35:33.564 - MENSAJE: 
2023/12/04 10:35:34.065 - MENSAJE: 
2023/12/04 10:35:34.521 - MENSAJE: (FrontEnd Antes CapturaPlaca)
2023/12/04 10:35:34.548 - MENSAJE: (FrontEnd Antes CapturaPlaca) ------
2023/12/04 10:35:34.549 - MENSAJE: 
2023/12/04 10:35:35.062 - MENSAJE: 
2023/12/04 10:35:35.530 - MENSAJE: (FrontEnd Antes CapturaPlaca)
2023/12/04 10:35:35.558 - MENSAJE: (FrontEnd Antes CapturaPlaca) ------
2023/12/04 10:35:35.559 - MENSAJE: 
2023/12/04 10:35:36.075 - MENSAJE: 
2023/12/04 10:35:36.532 - MENSAJE: (FrontEnd Antes CapturaPlaca)
2023/12/04 10:35:36.561 - MENSAJE: (FrontEnd Antes CapturaPlaca) ------
2023/12/04 10:35:36.563 - MENSAJE: 
2023/12/04 10:35:37.078 - MENSAJE: 
2023/12/04 10:35:37.533 - MENSAJE: (FrontEnd Antes CapturaPlaca)
2023/12/04 10:35:37.570 - MENSAJE: (FrontEnd Antes CapturaPlaca) ------
2023/12/04 10:35:37.571 - MENSAJE: 
2023/12/04 10:35:38.082 - MENSAJE: 
2023/12/04 10:35:38.535 - MENSAJE: (FrontEnd Antes CapturaPlaca)
2023/12/04 10:35:38.564 - MENSAJE: (FrontEnd Antes CapturaPlaca) ------
2023/12/04 10:35:38.565 - MENSAJE: 
2023/12/04 10:35:39.067 - MENSAJE: 
2023/12/04 10:35:39.534 - MENSAJE: (FrontEnd Antes CapturaPlaca)
2023/12/04 10:35:39.580 - MENSAJE: (FrontEnd Antes CapturaPlaca) ------
2023/12/04 10:35:39.582 - MENSAJE: 
2023/12/04 10:35:40.096 - MENSAJE: 
2023/12/04 10:35:40.529 - MENSAJE: (FrontEnd Antes CapturaPlaca)
2023/12/04 10:35:40.555 - MENSAJE: (FrontEnd Antes CapturaPlaca) ------
2023/12/04 10:35:40.557 - MENSAJE: 
2023/12/04 10:35:41.068 - MENSAJE: 
2023/12/04 10:35:41.523 - MENSAJE: (FrontEnd Antes CapturaPlaca)
2023/12/04 10:35:41.553 - MENSAJE: (FrontEnd Antes CapturaPlaca) ------
2023/12/04 10:35:41.555 - MENSAJE: 
2023/12/04 10:35:42.069 - MENSAJE: 
2023/12/04 10:35:42.526 - MENSAJE: (FrontEnd Antes CapturaPlaca)
2023/12/04 10:35:42.573 - MENSAJE: (FrontEnd Antes CapturaPlaca) ------
2023/12/04 10:35:42.574 - MENSAJE: 
2023/12/04 10:35:43.084 - MENSAJE: 
2023/12/04 10:35:43.522 - MENSAJE: (FrontEnd Antes CapturaPlaca)
2023/12/04 10:35:43.564 - MENSAJE: (FrontEnd Antes CapturaPlaca) ------
2023/12/04 10:35:43.565 - MENSAJE: 
2023/12/04 10:35:44.067 - MENSAJE: 
2023/12/04 10:35:44.521 - MENSAJE: (FrontEnd Antes CapturaPlaca)
2023/12/04 10:35:44.575 - MENSAJE: (FrontEnd Antes CapturaPlaca) ------
2023/12/04 10:35:44.577 - MENSAJE: 
2023/12/04 10:35:45.084 - MENSAJE: 
2023/12/04 10:35:45.522 - MENSAJE: (FrontEnd Antes CapturaPlaca)
2023/12/04 10:35:45.568 - MENSAJE: (FrontEnd Antes CapturaPlaca) ------
2023/12/04 10:35:45.569 - MENSAJE: 
2023/12/04 10:35:46.084 - MENSAJE: 
2023/12/04 10:35:46.521 - MENSAJE: (FrontEnd Antes CapturaPlaca)
2023/12/04 10:35:46.574 - MENSAJE: (FrontEnd Antes CapturaPlaca) ------
2023/12/04 10:35:46.575 - MENSAJE: 
2023/12/04 10:35:47.080 - MENSAJE: 
2023/12/04 10:35:47.533 - MENSAJE: (FrontEnd Antes CapturaPlaca)
2023/12/04 10:35:47.583 - MENSAJE: (FrontEnd Antes CapturaPlaca) ------
2023/12/04 10:35:47.584 - MENSAJE: 
2023/12/04 10:35:48.095 - MENSAJE: 
2023/12/04 10:35:48.533 - MENSAJE: (FrontEnd Antes CapturaPlaca)
2023/12/04 10:35:48.574 - MENSAJE: (FrontEnd Antes CapturaPlaca) ------
2023/12/04 10:35:48.575 - MENSAJE: 
2023/12/04 10:35:50.155 - MENSAJE: Vehiculo en el mueble
2023/12/04 10:35:50.155 - MENSAJE: 
2023/12/04 10:35:51.799 - MENSAJE: Captura de placa: ------
2023/12/04 10:36:05.175 - MENSAJE: Registrar Entrada OK
2023/12/04 10:36:09.871 - MENSAJE: FrondEnd-Imprimir -> Funcion imprimir Ticket.
2023/12/04 10:36:15.538 - MENSAJE: Apertura Barrera
2023/12/04 10:36:15.797 - MENSAJE: 
2023/12/04 10:36:16.592 - MENSAJE: 
2023/12/04 10:36:21.486 - MENSAJE: 
2023/12/04 10:36:25.865 - MENSAJE: 
2023/12/04 10:36:35.351 - MENSAJE: Registro correcto del vehiculo en el sistema
2023/12/04 10:36:35.407 - MENSAJE: 
2023/12/04 10:36:35.408 - MENSAJE: Vehiculo ya entró y pasó por la tanqquera
2023/12/04 10:36:35.437 - MENSAJE: (PRESENTER) Error Borrado Varibales PLC
2023/12/04 10:36:35.542 - MENSAJE: (FrontEnd Antes CapturaPlaca)
2023/12/04 10:36:35.585 - MENSAJE: (FrontEnd Antes CapturaPlaca) AZQ61G
2023/12/04 10:36:35.586 - MENSAJE: 
2023/12/04 10:36:39.204 - MENSAJE: Vehiculo en el mueble
2023/12/04 10:36:39.242 - MENSAJE: Captura de placa: AZQ61G
2023/12/04 10:36:39.439 - MENSAJE: Registrar Entrada OK
2023/12/04 10:36:39.479 - MENSAJE: FrondEnd-Imprimir -> Funcion imprimir Ticket.
2023/12/04 10:36:39.717 - MENSAJE: 
2023/12/04 10:36:40.585 - MENSAJE: Apertura Barrera
2023/12/04 10:36:40.642 - MENSAJE: 
2023/12/04 10:36:40.646 - MENSAJE: 
2023/12/04 10:36:40.648 - MENSAJE: Registro correcto del vehiculo en el sistema
2023/12/04 10:36:41.102 - MENSAJE: 
2023/12/04 10:36:41.538 - MENSAJE: 
2023/12/04 10:36:42.544 - MENSAJE: 
2023/12/04 10:36:43.543 - MENSAJE: 
2023/12/04 10:36:44.544 - MENSAJE: 
2023/12/04 10:36:45.544 - MENSAJE: 
2023/12/04 10:36:46.545 - MENSAJE: 
2023/12/04 10:36:47.545 - MENSAJE: 
2023/12/04 10:36:48.540 - MENSAJE: 
2023/12/04 10:36:49.538 - MENSAJE: 
2023/12/04 10:36:50.539 - MENSAJE: 
2023/12/04 10:36:51.538 - MENSAJE: 
2023/12/04 10:36:52.548 - MENSAJE: 
2023/12/04 10:36:53.549 - MENSAJE: 
2023/12/04 10:36:54.548 - MENSAJE: 
2023/12/04 10:36:55.542 - MENSAJE: 
2023/12/04 10:36:56.540 - MENSAJE: 
2023/12/04 10:36:57.539 - MENSAJE: 
2023/12/04 10:36:58.538 - MENSAJE: 
2023/12/04 10:36:59.539 - MENSAJE: 
2023/12/04 10:37:00.537 - MENSAJE: 
2023/12/04 10:37:01.539 - MENSAJE: 
2023/12/04 10:37:02.543 - MENSAJE: 
2023/12/04 10:37:03.543 - MENSAJE: 
2023/12/04 10:37:03.904 - MENSAJE: 
2023/12/04 10:37:04.538 - MENSAJE: 
2023/12/04 10:37:05.054 - MENSAJE: 
2023/12/04 10:37:05.540 - MENSAJE: 
2023/12/04 10:37:06.056 - MENSAJE: 
2023/12/04 10:37:06.540 - MENSAJE: 
2023/12/04 10:37:06.541 - MENSAJE: Vehiculo ya entró y pasó por la tanqquera
2023/12/04 10:37:06.570 - MENSAJE: (PRESENTER) Error Borrado Varibales PLC
2023/12/04 10:37:07.044 - MENSAJE: 
2023/12/04 10:37:07.545 - MENSAJE: (FrontEnd Antes CapturaPlaca)
2023/12/04 10:37:07.572 - MENSAJE: (FrontEnd Antes CapturaPlaca) DYS06G
2023/12/04 10:37:07.574 - MENSAJE: 
2023/12/04 10:37:07.575 - MENSAJE: oAutorizado.PlacaAuto : DYS06G
2023/12/04 10:37:08.083 - MENSAJE: 
2023/12/04 10:37:08.539 - MENSAJE: Registrar Entrada OK
2023/12/04 10:39:27.369 - INICIO REGISTRO
2023/12/04 10:39:27.378 - MENSAJE: (FrondEnd CargaRecursos): Carga Controles - OK
2023/12/04 10:39:27.529 - MENSAJE: (FrondEnd CargaImagenes): Carga Imagenes - OK
2023/12/04 10:39:28.040 - MENSAJE: (Presenter ObtenerInfoModulo) OK
2023/12/04 10:39:28.072 - MENSAJE: (Presenter ObtenerInfoPartes) OK
2023/12/04 10:39:28.096 - MENSAJE: (Presenter ObtenerInfoParametros) OK
2023/12/04 10:39:28.217 - MENSAJE: 
2023/12/04 10:39:33.692 - INICIO REGISTRO
2023/12/04 10:39:33.701 - MENSAJE: (FrondEnd CargaRecursos): Carga Controles - OK
2023/12/04 10:39:33.859 - MENSAJE: (FrondEnd CargaImagenes): Carga Imagenes - OK
2023/12/04 10:39:34.568 - MENSAJE: (Presenter ObtenerInfoModulo) OK
2023/12/04 10:39:34.596 - MENSAJE: (Presenter ObtenerInfoPartes) OK
2023/12/04 10:39:34.619 - MENSAJE: (Presenter ObtenerInfoParametros) OK
2023/12/04 10:39:34.650 - MENSAJE: 
2023/12/04 10:39:34.748 - MENSAJE: (PRESENTER) Error Borrado Varibales PLC
2023/12/04 10:39:34.849 - MENSAJE: (FrontEnd Antes CapturaPlaca)
2023/12/04 10:39:34.888 - MENSAJE: (FrontEnd Antes CapturaPlaca) ------
2023/12/04 10:39:34.894 - MENSAJE: 
2023/12/04 10:39:35.409 - MENSAJE: 
2023/12/04 10:39:35.706 - MENSAJE: (FrontEnd Antes CapturaPlaca)
2023/12/04 10:39:35.735 - MENSAJE: (FrontEnd Antes CapturaPlaca) ------
2023/12/04 10:39:35.736 - MENSAJE: 
2023/12/04 10:39:36.252 - MENSAJE: 
2023/12/04 10:39:36.707 - MENSAJE: (FrontEnd Antes CapturaPlaca)
2023/12/04 10:39:36.736 - MENSAJE: (FrontEnd Antes CapturaPlaca) ------
2023/12/04 10:39:36.737 - MENSAJE: 
2023/12/04 10:39:37.240 - MENSAJE: 
2023/12/04 10:39:37.694 - MENSAJE: (FrontEnd Antes CapturaPlaca)
2023/12/04 10:39:37.730 - MENSAJE: (FrontEnd Antes CapturaPlaca) ------
2023/12/04 10:39:37.731 - MENSAJE: 
2023/12/04 10:39:38.241 - MENSAJE: 
2023/12/04 10:39:38.700 - MENSAJE: (FrontEnd Antes CapturaPlaca)
2023/12/04 10:39:38.740 - MENSAJE: (FrontEnd Antes CapturaPlaca) ------
2023/12/04 10:39:38.741 - MENSAJE: 
2023/12/04 10:39:39.248 - MENSAJE: 
2023/12/04 10:39:39.703 - MENSAJE: (FrontEnd Antes CapturaPlaca)
2023/12/04 10:39:39.738 - MENSAJE: (FrontEnd Antes CapturaPlaca) ------
2023/12/04 10:39:39.739 - MENSAJE: 
2023/12/04 10:39:40.252 - MENSAJE: 
2023/12/04 10:39:40.707 - MENSAJE: (FrontEnd Antes CapturaPlaca)
2023/12/04 10:39:40.738 - MENSAJE: (FrontEnd Antes CapturaPlaca) ------
2023/12/04 10:39:40.739 - MENSAJE: 
2023/12/04 10:39:41.255 - MENSAJE: 
2023/12/04 10:39:41.695 - MENSAJE: (FrontEnd Antes CapturaPlaca)
2023/12/04 10:39:41.750 - MENSAJE: (FrontEnd Antes CapturaPlaca) ------
2023/12/04 10:39:41.751 - MENSAJE: 
2023/12/04 10:39:42.258 - MENSAJE: 
2023/12/04 10:39:42.698 - MENSAJE: (FrontEnd Antes CapturaPlaca)
2023/12/04 10:39:42.729 - MENSAJE: (FrontEnd Antes CapturaPlaca) ------
2023/12/04 10:39:42.731 - MENSAJE: 
2023/12/04 10:39:43.232 - MENSAJE: 
2023/12/04 10:39:43.701 - MENSAJE: (FrontEnd Antes CapturaPlaca)
2023/12/04 10:39:43.736 - MENSAJE: (FrontEnd Antes CapturaPlaca) ------
2023/12/04 10:39:43.737 - MENSAJE: 
2023/12/04 10:39:44.247 - MENSAJE: 
2023/12/04 10:39:44.702 - MENSAJE: (FrontEnd Antes CapturaPlaca)
2023/12/04 10:39:44.755 - MENSAJE: (FrontEnd Antes CapturaPlaca) ------
2023/12/04 10:39:44.756 - MENSAJE: 
2023/12/04 10:39:45.265 - MENSAJE: 
2023/12/04 10:39:45.705 - MENSAJE: (FrontEnd Antes CapturaPlaca)
2023/12/04 10:39:45.736 - MENSAJE: (FrontEnd Antes CapturaPlaca) ------
2023/12/04 10:39:45.737 - MENSAJE: 
2023/12/04 10:39:46.240 - MENSAJE: 
2023/12/04 10:39:46.695 - MENSAJE: (FrontEnd Antes CapturaPlaca)
2023/12/04 10:39:46.728 - MENSAJE: (FrontEnd Antes CapturaPlaca) ------
2023/12/04 10:39:46.729 - MENSAJE: 
2023/12/04 10:39:47.241 - MENSAJE: 
2023/12/04 10:39:47.696 - MENSAJE: (FrontEnd Antes CapturaPlaca)
2023/12/04 10:39:47.732 - MENSAJE: (FrontEnd Antes CapturaPlaca) ------
2023/12/04 10:39:47.733 - MENSAJE: 
2023/12/04 10:39:48.244 - MENSAJE: 
2023/12/04 10:39:48.699 - MENSAJE: (FrontEnd Antes CapturaPlaca)
2023/12/04 10:39:48.730 - MENSAJE: (FrontEnd Antes CapturaPlaca) ------
2023/12/04 10:39:48.731 - MENSAJE: 
2023/12/04 10:39:49.233 - MENSAJE: 
2023/12/04 10:39:49.700 - MENSAJE: (FrontEnd Antes CapturaPlaca)
2023/12/04 10:39:49.730 - MENSAJE: (FrontEnd Antes CapturaPlaca) ------
2023/12/04 10:39:49.732 - MENSAJE: 
2023/12/04 10:39:50.247 - MENSAJE: 
2023/12/04 10:39:50.703 - MENSAJE: (FrontEnd Antes CapturaPlaca)
2023/12/04 10:39:50.729 - MENSAJE: (FrontEnd Antes CapturaPlaca) ------
2023/12/04 10:39:50.730 - MENSAJE: 
2023/12/04 10:39:51.237 - MENSAJE: 
2023/12/04 10:39:51.705 - MENSAJE: (FrontEnd Antes CapturaPlaca)
2023/12/04 10:39:51.736 - MENSAJE: (FrontEnd Antes CapturaPlaca) ------
2023/12/04 10:39:51.738 - MENSAJE: 
2023/12/04 10:39:52.251 - MENSAJE: 
2023/12/04 10:39:52.702 - MENSAJE: (FrontEnd Antes CapturaPlaca)
2023/12/04 10:39:52.739 - MENSAJE: (FrontEnd Antes CapturaPlaca) ------
2023/12/04 10:39:52.739 - MENSAJE: 
2023/12/04 10:39:53.247 - MENSAJE: 
2023/12/04 10:39:53.701 - MENSAJE: (FrontEnd Antes CapturaPlaca)
2023/12/04 10:39:53.729 - MENSAJE: (FrontEnd Antes CapturaPlaca) ------
2023/12/04 10:39:53.730 - MENSAJE: 
2023/12/04 10:39:54.245 - MENSAJE: 
2023/12/04 10:39:54.695 - MENSAJE: (FrontEnd Antes CapturaPlaca)
2023/12/04 10:39:54.730 - MENSAJE: (FrontEnd Antes CapturaPlaca) ------
2023/12/04 10:39:54.731 - MENSAJE: 
2023/12/04 10:39:55.234 - MENSAJE: 
2023/12/04 10:39:55.706 - MENSAJE: (FrontEnd Antes CapturaPlaca)
2023/12/04 10:39:55.734 - MENSAJE: (FrontEnd Antes CapturaPlaca) ------
2023/12/04 10:39:55.736 - MENSAJE: 
2023/12/04 10:39:56.251 - MENSAJE: 
2023/12/04 10:39:56.693 - MENSAJE: (FrontEnd Antes CapturaPlaca)
2023/12/04 10:39:56.722 - MENSAJE: (FrontEnd Antes CapturaPlaca) ------
2023/12/04 10:39:56.723 - MENSAJE: 
2023/12/04 10:39:56.723 - MENSAJE: Vehiculo en el mueble
2023/12/04 10:39:56.751 - MENSAJE: Captura de placa: ------
2023/12/04 10:39:57.233 - MENSAJE: 
2023/12/04 10:39:57.694 - MENSAJE: Registrar Entrada OK
2023/12/04 10:39:57.773 - MENSAJE: FrondEnd-Imprimir -> Funcion imprimir Ticket.
2023/12/04 10:40:00.155 - MENSAJE: Apertura Barrera
2023/12/04 10:40:00.157 - MENSAJE: 
2023/12/04 10:40:00.159 - MENSAJE: 
2023/12/04 10:40:00.214 - MENSAJE: 
2023/12/04 10:40:00.673 - MENSAJE: 
2023/12/04 10:40:00.703 - MENSAJE: 
2023/12/04 10:40:01.702 - MENSAJE: 
2023/12/04 10:40:02.699 - MENSAJE: 
2023/12/04 10:40:03.699 - MENSAJE: 
2023/12/04 10:40:04.694 - MENSAJE: 
2023/12/04 10:40:05.699 - MENSAJE: 
2023/12/04 10:40:06.699 - MENSAJE: 
2023/12/04 10:40:07.703 - MENSAJE: 
2023/12/04 10:40:08.702 - MENSAJE: 
2023/12/04 10:40:09.700 - MENSAJE: 
2023/12/04 10:40:10.700 - MENSAJE: 
2023/12/04 10:40:11.703 - MENSAJE: 
2023/12/04 10:40:11.813 - MENSAJE: 
2023/12/04 10:40:12.706 - MENSAJE: 
2023/12/04 10:40:12.719 - MENSAJE: Registro correcto del vehiculo en el sistema
2023/12/04 10:40:13.222 - MENSAJE: 
2023/12/04 10:40:13.701 - MENSAJE: 
2023/12/04 10:40:14.215 - MENSAJE: 
2023/12/04 10:40:14.700 - MENSAJE: 
2023/12/04 10:40:14.701 - MENSAJE: Vehiculo ya entró y pasó por la tanqquera
2023/12/04 10:40:14.762 - MENSAJE: (PRESENTER) Error Borrado Varibales PLC
2023/12/04 10:40:15.216 - MENSAJE: 
2023/12/04 10:40:15.700 - MENSAJE: (FrontEnd Antes CapturaPlaca)
2023/12/04 10:40:15.748 - MENSAJE: (FrontEnd Antes CapturaPlaca) ------
2023/12/04 10:40:15.749 - MENSAJE: 
2023/12/04 10:40:16.262 - MENSAJE: 
2023/12/04 10:40:16.699 - MENSAJE: (FrontEnd Antes CapturaPlaca)
2023/12/04 10:40:16.731 - MENSAJE: (FrontEnd Antes CapturaPlaca) ------
2023/12/04 10:40:16.732 - MENSAJE: 
2023/12/04 10:40:17.246 - MENSAJE: 
2023/12/04 10:40:17.698 - MENSAJE: (FrontEnd Antes CapturaPlaca)
2023/12/04 10:40:17.728 - MENSAJE: (FrontEnd Antes CapturaPlaca) ------
2023/12/04 10:40:17.729 - MENSAJE: 
2023/12/04 10:40:18.232 - MENSAJE: 
2023/12/04 10:40:18.701 - MENSAJE: (FrontEnd Antes CapturaPlaca)
2023/12/04 10:40:18.748 - MENSAJE: (FrontEnd Antes CapturaPlaca) ------
2023/12/04 10:40:18.749 - MENSAJE: 
2023/12/04 10:40:19.264 - MENSAJE: 
2023/12/04 10:40:19.699 - MENSAJE: (FrontEnd Antes CapturaPlaca)
2023/12/04 10:40:19.748 - MENSAJE: (FrontEnd Antes CapturaPlaca) ------
2023/12/04 10:40:19.749 - MENSAJE: 
2023/12/04 10:40:20.263 - MENSAJE: 
2023/12/04 10:40:20.704 - MENSAJE: (FrontEnd Antes CapturaPlaca)
2023/12/04 10:40:20.735 - MENSAJE: (FrontEnd Antes CapturaPlaca) ------
2023/12/04 10:40:20.736 - MENSAJE: 
2023/12/04 10:40:21.238 - MENSAJE: 
2023/12/04 10:40:21.706 - MENSAJE: (FrontEnd Antes CapturaPlaca)
2023/12/04 10:40:21.740 - MENSAJE: (FrontEnd Antes CapturaPlaca) ------
2023/12/04 10:40:21.741 - MENSAJE: 
2023/12/04 10:40:22.252 - MENSAJE: 
2023/12/04 10:40:22.707 - MENSAJE: (FrontEnd Antes CapturaPlaca)
2023/12/04 10:40:22.745 - MENSAJE: (FrontEnd Antes CapturaPlaca) ------
2023/12/04 10:40:22.746 - MENSAJE: 
2023/12/04 10:40:23.253 - MENSAJE: 
2023/12/04 10:40:23.694 - MENSAJE: (FrontEnd Antes CapturaPlaca)
2023/12/04 10:40:23.735 - MENSAJE: (FrontEnd Antes CapturaPlaca) ------
2023/12/04 10:40:23.736 - MENSAJE: 
2023/12/04 10:40:24.245 - MENSAJE: 
2023/12/04 10:40:24.703 - MENSAJE: (FrontEnd Antes CapturaPlaca)
2023/12/04 10:40:24.730 - MENSAJE: (FrontEnd Antes CapturaPlaca) ------
2023/12/04 10:40:24.731 - MENSAJE: 
2023/12/04 10:40:25.235 - MENSAJE: 
2023/12/04 10:40:25.706 - MENSAJE: (FrontEnd Antes CapturaPlaca)
2023/12/04 10:40:25.762 - MENSAJE: (FrontEnd Antes CapturaPlaca) ------
2023/12/04 10:40:25.763 - MENSAJE: 
2023/12/04 10:40:25.763 - MENSAJE: Vehiculo en el mueble
2023/12/04 10:40:25.794 - MENSAJE: Captura de placa: ------
2023/12/04 10:40:26.272 - MENSAJE: 
2023/12/04 10:40:26.699 - MENSAJE: Registrar Entrada OK
2023/12/04 10:40:26.710 - MENSAJE: FrondEnd-Imprimir -> Funcion imprimir Ticket.
2023/12/04 10:40:27.798 - MENSAJE: Apertura Barrera
2023/12/04 10:40:27.800 - MENSAJE: 
2023/12/04 10:40:27.861 - MENSAJE: 
2023/12/04 10:40:28.306 - MENSAJE: 
2023/12/04 10:40:28.698 - MENSAJE: 
2023/12/04 10:40:29.698 - MENSAJE: 
2023/12/04 10:40:30.698 - MENSAJE: 
2023/12/04 10:40:31.698 - MENSAJE: 
2023/12/04 10:40:32.694 - MENSAJE: 
2023/12/04 10:40:33.705 - MENSAJE: 
2023/12/04 10:40:34.703 - MENSAJE: 
2023/12/04 10:40:35.701 - MENSAJE: 
2023/12/04 10:40:36.701 - MENSAJE: 
2023/12/04 10:40:37.700 - MENSAJE: 
2023/12/04 10:40:38.695 - MENSAJE: 
2023/12/04 10:40:39.696 - MENSAJE: 
2023/12/04 10:40:40.696 - MENSAJE: 
2023/12/04 10:40:41.695 - MENSAJE: 
2023/12/04 10:40:42.706 - MENSAJE: 
2023/12/04 10:40:43.706 - MENSAJE: 
2023/12/04 10:40:44.707 - MENSAJE: 
2023/12/04 10:40:45.702 - MENSAJE: 
2023/12/04 10:40:46.704 - MENSAJE: 
2023/12/04 10:40:47.705 - MENSAJE: 
2023/12/04 10:40:48.700 - MENSAJE: 
2023/12/04 10:40:49.592 - MENSAJE: 
2023/12/04 10:40:49.702 - MENSAJE: 
2023/12/04 10:40:49.704 - MENSAJE: Registro correcto del vehiculo en el sistema
2023/12/04 10:40:50.217 - MENSAJE: 
2023/12/04 10:40:50.702 - MENSAJE: 
2023/12/04 10:40:50.702 - MENSAJE: Vehiculo ya entró y pasó por la tanqquera
2023/12/04 10:40:50.733 - MENSAJE: (PRESENTER) Error Borrado Varibales PLC
2023/12/04 10:40:51.217 - MENSAJE: 
2023/12/04 10:40:51.702 - MENSAJE: (FrontEnd Antes CapturaPlaca)
2023/12/04 10:40:51.760 - MENSAJE: (FrontEnd Antes CapturaPlaca) ABC159
2023/12/04 10:40:51.761 - MENSAJE: 
2023/12/04 10:40:51.762 - MENSAJE: oAutorizado.PlacaAuto : ABC159
2023/12/04 10:40:51.828 - MENSAJE: (PRESENTER) Error Borrado Varibales PLC
2023/12/04 10:40:52.263 - MENSAJE: 
2023/12/04 10:40:52.702 - MENSAJE: (FrontEnd Antes CapturaPlaca)
2023/12/04 10:40:52.736 - MENSAJE: (FrontEnd Antes CapturaPlaca) ABC159
2023/12/04 10:40:52.737 - MENSAJE: 
2023/12/04 10:40:52.738 - MENSAJE: oAutorizado.PlacaAuto : ABC159
2023/12/04 10:40:52.794 - MENSAJE: (PRESENTER) Error Borrado Varibales PLC
2023/12/04 10:40:53.254 - MENSAJE: 
2023/12/04 10:40:53.694 - MENSAJE: (FrontEnd Antes CapturaPlaca)
2023/12/04 10:40:53.720 - MENSAJE: (FrontEnd Antes CapturaPlaca) ABC159
2023/12/04 10:40:53.721 - MENSAJE: 
2023/12/04 10:40:53.722 - MENSAJE: oAutorizado.PlacaAuto : ABC159
2023/12/04 10:40:53.760 - MENSAJE: (PRESENTER) Error Borrado Varibales PLC
2023/12/04 10:40:54.234 - MENSAJE: 
2023/12/04 10:40:54.695 - MENSAJE: (FrontEnd Antes CapturaPlaca)
2023/12/04 10:40:54.810 - MENSAJE: (FrontEnd Antes CapturaPlaca) ABC159
2023/12/04 10:40:54.811 - MENSAJE: 
2023/12/04 10:40:54.812 - MENSAJE: oAutorizado.PlacaAuto : ABC159
2023/12/04 10:40:54.865 - MENSAJE: (PRESENTER) Error Borrado Varibales PLC
2023/12/04 10:40:55.325 - MENSAJE: 
2023/12/04 10:40:55.698 - MENSAJE: (FrontEnd Antes CapturaPlaca)
2023/12/04 10:40:55.727 - MENSAJE: (FrontEnd Antes CapturaPlaca) ABC159
2023/12/04 10:40:55.728 - MENSAJE: 
2023/12/04 10:40:55.728 - MENSAJE: oAutorizado.PlacaAuto : ABC159
2023/12/04 10:40:55.769 - MENSAJE: (PRESENTER) Error Borrado Varibales PLC
2023/12/04 10:40:56.231 - MENSAJE: 
2023/12/04 10:40:56.701 - MENSAJE: (FrontEnd Antes CapturaPlaca)
2023/12/04 10:40:56.755 - MENSAJE: (FrontEnd Antes CapturaPlaca) ABC159
2023/12/04 10:40:56.756 - MENSAJE: 
2023/12/04 10:40:56.757 - MENSAJE: oAutorizado.PlacaAuto : ABC159
2023/12/04 10:40:56.799 - MENSAJE: (PRESENTER) Error Borrado Varibales PLC
2023/12/04 10:40:57.262 - MENSAJE: 
2023/12/04 10:40:57.700 - MENSAJE: (FrontEnd Antes CapturaPlaca)
2023/12/04 10:40:57.728 - MENSAJE: (FrontEnd Antes CapturaPlaca) ABC159
2023/12/04 10:40:57.729 - MENSAJE: 
2023/12/04 10:40:57.730 - MENSAJE: oAutorizado.PlacaAuto : ABC159
2023/12/04 10:40:57.794 - MENSAJE: (PRESENTER) Error Borrado Varibales PLC
2023/12/04 10:40:58.266 - MENSAJE: 
2023/12/04 10:40:58.707 - MENSAJE: (FrontEnd Antes CapturaPlaca)
2023/12/04 10:40:58.756 - MENSAJE: (FrontEnd Antes CapturaPlaca) ABC159
2023/12/04 10:40:58.757 - MENSAJE: 
2023/12/04 10:40:58.757 - MENSAJE: oAutorizado.PlacaAuto : ABC159
2023/12/04 10:40:58.810 - MENSAJE: (PRESENTER) Error Borrado Varibales PLC
2023/12/04 10:40:59.271 - MENSAJE: 
2023/12/04 10:40:59.702 - MENSAJE: (FrontEnd Antes CapturaPlaca)
2023/12/04 10:40:59.729 - MENSAJE: (FrontEnd Antes CapturaPlaca) ABC159
2023/12/04 10:40:59.730 - MENSAJE: 
2023/12/04 10:40:59.731 - MENSAJE: oAutorizado.PlacaAuto : ABC159
2023/12/04 10:40:59.772 - MENSAJE: (PRESENTER) Error Borrado Varibales PLC
2023/12/04 10:41:00.237 - MENSAJE: 
2023/12/04 10:41:00.693 - MENSAJE: (FrontEnd Antes CapturaPlaca)
2023/12/04 10:41:00.727 - MENSAJE: (FrontEnd Antes CapturaPlaca) ABC159
2023/12/04 10:41:00.728 - MENSAJE: 
2023/12/04 10:41:00.728 - MENSAJE: oAutorizado.PlacaAuto : ABC159
2023/12/04 10:41:00.772 - MENSAJE: (PRESENTER) Error Borrado Varibales PLC
2023/12/04 10:41:01.242 - MENSAJE: 
2023/12/04 10:41:01.698 - MENSAJE: (FrontEnd Antes CapturaPlaca)
2023/12/04 10:41:01.738 - MENSAJE: (FrontEnd Antes CapturaPlaca) ABC159
2023/12/04 10:41:01.739 - MENSAJE: 
2023/12/04 10:41:01.740 - MENSAJE: Vehiculo en el mueble
2023/12/04 10:41:01.767 - MENSAJE: Captura de placa: ABC159
2023/12/04 10:41:02.244 - MENSAJE: 
2023/12/04 10:41:02.704 - MENSAJE: Registrar Entrada OK
2023/12/04 10:41:02.727 - MENSAJE: FrondEnd-Imprimir -> Funcion imprimir Ticket.
2023/12/04 10:41:03.931 - MENSAJE: Apertura Barrera
2023/12/04 10:41:03.933 - MENSAJE: 
2023/12/04 10:41:04.000 - MENSAJE: 
2023/12/04 10:41:04.440 - MENSAJE: 
2023/12/04 10:41:04.706 - MENSAJE: 
2023/12/04 10:41:05.708 - MENSAJE: 
2023/12/04 10:41:06.710 - MENSAJE: 
2023/12/04 10:41:07.710 - MENSAJE: 
2023/12/04 10:41:08.709 - MENSAJE: 
2023/12/04 10:41:09.722 - MENSAJE: 
2023/12/04 10:41:10.720 - MENSAJE: 
2023/12/04 10:41:11.723 - MENSAJE: 
2023/12/04 10:41:12.723 - MENSAJE: 
2023/12/04 10:41:13.708 - MENSAJE: 
2023/12/04 10:41:14.709 - MENSAJE: 
2023/12/04 10:41:15.710 - MENSAJE: 
2023/12/04 10:41:16.353 - MENSAJE: 
2023/12/04 10:41:16.714 - MENSAJE: 
2023/12/04 10:41:16.716 - MENSAJE: Registro correcto del vehiculo en el sistema
2023/12/04 10:41:17.227 - MENSAJE: 
2023/12/04 10:41:17.709 - MENSAJE: 
2023/12/04 10:41:17.710 - MENSAJE: Vehiculo ya entró y pasó por la tanqquera
2023/12/04 10:41:17.739 - MENSAJE: (PRESENTER) Error Borrado Varibales PLC
2023/12/04 10:41:18.224 - MENSAJE: 
2023/12/04 10:41:18.708 - MENSAJE: (FrontEnd Antes CapturaPlaca)
2023/12/04 10:41:18.764 - MENSAJE: (FrontEnd Antes CapturaPlaca) ------
2023/12/04 10:41:18.765 - MENSAJE: 
2023/12/04 10:41:19.270 - MENSAJE: 
2023/12/04 10:41:19.709 - MENSAJE: (FrontEnd Antes CapturaPlaca)
2023/12/04 10:41:19.764 - MENSAJE: (FrontEnd Antes CapturaPlaca) ------
2023/12/04 10:41:19.765 - MENSAJE: 
2023/12/04 10:41:20.274 - MENSAJE: 
2023/12/04 10:41:20.714 - MENSAJE: (FrontEnd Antes CapturaPlaca)
2023/12/04 10:41:20.797 - MENSAJE: (FrontEnd Antes CapturaPlaca) ------
2023/12/04 10:41:20.798 - MENSAJE: 
2023/12/04 10:41:21.304 - MENSAJE: 
2023/12/04 10:41:21.724 - MENSAJE: (FrontEnd Antes CapturaPlaca)
2023/12/04 10:41:21.776 - MENSAJE: (FrontEnd Antes CapturaPlaca) ------
2023/12/04 10:41:21.777 - MENSAJE: 
2023/12/04 10:59:55.400 - INICIO REGISTRO
2023/12/04 10:59:55.407 - MENSAJE: (FrondEnd CargaRecursos): Carga Controles - OK
2023/12/04 10:59:55.524 - MENSAJE: (FrondEnd CargaImagenes): Carga Imagenes - OK
2023/12/04 10:59:55.970 - MENSAJE: (Presenter ObtenerInfoModulo) OK
2023/12/04 10:59:56.005 - MENSAJE: (Presenter ObtenerInfoPartes) OK
2023/12/04 10:59:56.033 - MENSAJE: (Presenter ObtenerInfoParametros) OK
2023/12/04 10:59:56.076 - MENSAJE: 
2023/12/04 10:59:56.316 - MENSAJE: (PRESENTER) Error Borrado Varibales PLC
2023/12/04 10:59:56.427 - MENSAJE: (FrontEnd Antes CapturaPlaca)
2023/12/04 10:59:56.465 - MENSAJE: (FrontEnd Antes CapturaPlaca) QFG74G
2023/12/04 10:59:56.472 - MENSAJE: 
2023/12/04 10:59:56.474 - MENSAJE: oAutorizado.PlacaAuto : QFG74G
2023/12/04 10:59:56.578 - MENSAJE: (PRESENTER) Error Borrado Varibales PLC
2023/12/04 11:00:00.034 - MENSAJE: 
2023/12/04 11:01:21.270 - INICIO REGISTRO
2023/12/04 11:01:21.280 - MENSAJE: (FrondEnd CargaRecursos): Carga Controles - OK
2023/12/04 11:01:21.407 - MENSAJE: (FrondEnd CargaImagenes): Carga Imagenes - OK
2023/12/04 11:01:21.833 - MENSAJE: (Presenter ObtenerInfoModulo) OK
2023/12/04 11:01:21.872 - MENSAJE: (Presenter ObtenerInfoPartes) OK
2023/12/04 11:01:21.895 - MENSAJE: (Presenter ObtenerInfoParametros) OK
2023/12/04 11:01:21.924 - MENSAJE: 
2023/12/04 11:01:22.004 - MENSAJE: (PRESENTER) Error Borrado Varibales PLC
2023/12/04 11:01:22.304 - MENSAJE: (FrontEnd Antes CapturaPlaca)
2023/12/04 11:01:22.349 - MENSAJE: (FrontEnd Antes CapturaPlaca) CIX50E
2023/12/04 11:01:22.354 - MENSAJE: 
2023/12/04 11:01:22.360 - MENSAJE: oAutorizado.PlacaAuto : CIX50E
2023/12/04 11:01:22.433 - MENSAJE: (PRESENTER) Error Borrado Varibales PLC
2023/12/04 11:07:11.193 - INICIO REGISTRO
2023/12/04 11:07:11.200 - MENSAJE: (FrondEnd CargaRecursos): Carga Controles - OK
2023/12/04 11:07:11.320 - MENSAJE: (FrondEnd CargaImagenes): Carga Imagenes - OK
2023/12/04 11:07:11.808 - MENSAJE: (Presenter ObtenerInfoModulo) OK
2023/12/04 11:07:11.844 - MENSAJE: (Presenter ObtenerInfoPartes) OK
2023/12/04 11:07:11.866 - MENSAJE: (Presenter ObtenerInfoParametros) OK
2023/12/04 11:07:11.898 - MENSAJE: 
2023/12/04 11:07:12.093 - MENSAJE: (PRESENTER) Error Borrado Varibales PLC
2023/12/04 11:07:12.210 - MENSAJE: (FrontEnd Antes CapturaPlaca)
2023/12/04 11:07:12.263 - MENSAJE: (FrontEnd Antes CapturaPlaca) ------
2023/12/04 11:07:12.268 - MENSAJE: 
2023/12/04 11:07:17.182 - MENSAJE: 
2023/12/04 11:08:38.217 - INICIO REGISTRO
2023/12/04 11:08:38.227 - MENSAJE: (FrondEnd CargaRecursos): Carga Controles - OK
2023/12/04 11:08:38.416 - MENSAJE: (FrondEnd CargaImagenes): Carga Imagenes - OK
2023/12/04 11:08:39.474 - MENSAJE: (Presenter ObtenerInfoModulo) OK
2023/12/04 11:08:39.546 - MENSAJE: (Presenter ObtenerInfoPartes) OK
2023/12/04 11:08:44.535 - MENSAJE: (Presenter ObtenerInfoParametros) OK
2023/12/04 11:08:44.577 - MENSAJE: 
2023/12/04 11:08:44.670 - MENSAJE: (PRESENTER) Error Borrado Varibales PLC
2023/12/04 11:08:44.763 - MENSAJE: (FrontEnd Antes CapturaPlaca)
2023/12/04 11:08:44.838 - MENSAJE: (FrontEnd Antes CapturaPlaca) ------
2023/12/04 11:08:44.846 - MENSAJE: 
2023/12/04 11:09:32.382 - INICIO REGISTRO
2023/12/04 11:09:32.391 - MENSAJE: (FrondEnd CargaRecursos): Carga Controles - OK
2023/12/04 11:09:32.520 - MENSAJE: (FrondEnd CargaImagenes): Carga Imagenes - OK
2023/12/04 11:09:38.947 - MENSAJE: (Presenter ObtenerInfoModulo) OK
2023/12/04 11:09:38.991 - MENSAJE: (Presenter ObtenerInfoPartes) OK
2023/12/04 11:09:39.020 - MENSAJE: (Presenter ObtenerInfoParametros) OK
2023/12/04 11:09:39.051 - MENSAJE: 
2023/12/04 11:09:39.142 - MENSAJE: (PRESENTER) Error Borrado Varibales PLC
2023/12/04 11:09:39.234 - MENSAJE: (FrontEnd Antes CapturaPlaca)
2023/12/04 11:09:39.281 - MENSAJE: (FrontEnd Antes CapturaPlaca) ------
2023/12/04 11:09:39.286 - MENSAJE: 
2023/12/04 11:12:32.645 - INICIO REGISTRO
2023/12/04 11:12:32.655 - MENSAJE: (FrondEnd CargaRecursos): Carga Controles - OK
2023/12/04 11:12:32.790 - MENSAJE: (FrondEnd CargaImagenes): Carga Imagenes - OK
2023/12/04 11:12:34.172 - MENSAJE: (Presenter ObtenerInfoModulo) OK
2023/12/04 11:12:34.209 - MENSAJE: (Presenter ObtenerInfoPartes) OK
2023/12/04 11:12:34.235 - MENSAJE: (Presenter ObtenerInfoParametros) OK
2023/12/04 11:12:34.268 - MENSAJE: 
2023/12/04 11:12:34.360 - MENSAJE: (PRESENTER) Error Borrado Varibales PLC
2023/12/04 11:12:34.437 - MENSAJE: (FrontEnd Antes CapturaPlaca)
2023/12/04 11:12:34.483 - MENSAJE: (FrontEnd Antes CapturaPlaca) ------
2023/12/04 11:12:34.519 - MENSAJE: 
2023/12/04 11:12:36.401 - MENSAJE: 
2023/12/04 11:13:14.030 - INICIO REGISTRO
2023/12/04 11:13:14.039 - MENSAJE: (FrondEnd CargaRecursos): Carga Controles - OK
2023/12/04 11:13:14.181 - MENSAJE: (FrondEnd CargaImagenes): Carga Imagenes - OK
2023/12/04 11:13:16.724 - MENSAJE: (Presenter ObtenerInfoModulo) OK
2023/12/04 11:13:16.778 - MENSAJE: (Presenter ObtenerInfoPartes) OK
2023/12/04 11:13:16.818 - MENSAJE: (Presenter ObtenerInfoParametros) OK
2023/12/04 11:13:16.862 - MENSAJE: 
2023/12/04 11:13:16.954 - MENSAJE: (PRESENTER) Error Borrado Varibales PLC
2023/12/04 11:13:17.036 - MENSAJE: (FrontEnd Antes CapturaPlaca)
2023/12/04 11:13:17.097 - MENSAJE: (FrontEnd Antes CapturaPlaca) FLH49E
2023/12/04 11:13:17.106 - MENSAJE: 
2023/12/04 11:13:17.112 - MENSAJE: oAutorizado.PlacaAuto : FLH49E
2023/12/04 11:13:17.243 - MENSAJE: (PRESENTER) Error Borrado Varibales PLC
2023/12/04 11:13:18.966 - MENSAJE: 
2023/12/04 11:25:28.808 - INICIO REGISTRO
2023/12/04 11:25:28.811 - MENSAJE: (FrondEnd CargaRecursos): Carga Controles - OK
2023/12/04 11:25:28.842 - MENSAJE: (FrondEnd CargaImagenes): Carga Imagenes - OK
2023/12/04 11:26:12.512 - INICIO REGISTRO
2023/12/04 11:26:12.516 - MENSAJE: (FrondEnd CargaRecursos): Carga Controles - OK
2023/12/04 11:26:12.567 - MENSAJE: (FrondEnd CargaImagenes): Carga Imagenes - OK
2023/12/04 11:26:35.515 - INICIO REGISTRO
2023/12/04 11:26:35.519 - MENSAJE: (FrondEnd CargaRecursos): Carga Controles - OK
2023/12/04 11:26:35.578 - MENSAJE: (FrondEnd CargaImagenes): Carga Imagenes - OK
2023/12/04 11:27:34.951 - MENSAJE: (Presenter ObtenerInfoModulo) Sistema Suspendido - Info Modulo Error
2023/12/04 11:28:45.220 - INICIO REGISTRO
2023/12/04 11:28:45.224 - MENSAJE: (FrondEnd CargaRecursos): Carga Controles - OK
2023/12/04 11:28:45.274 - MENSAJE: (FrondEnd CargaImagenes): Carga Imagenes - OK
2023/12/04 11:28:49.541 - MENSAJE: (Presenter ObtenerInfoModulo) OK
2023/12/04 11:29:08.356 - MENSAJE: (Presenter ObtenerInfoPartes) OK
2023/12/04 11:29:08.386 - MENSAJE: (Presenter ObtenerInfoParametros) OK
2023/12/04 11:29:08.465 - MENSAJE: (PRESENTER) Error Borrado Varibales PLC
2023/12/04 11:29:08.534 - MENSAJE: (FrontEnd Antes CapturaPlaca)
2023/12/04 11:29:08.594 - MENSAJE: (FrontEnd Antes CapturaPlaca) ------
2023/12/04 11:29:08.615 - MENSAJE: 
2023/12/04 11:29:09.217 - MENSAJE: (FrontEnd Antes CapturaPlaca)
2023/12/04 11:29:09.246 - MENSAJE: (FrontEnd Antes CapturaPlaca) ------
2023/12/04 11:29:09.254 - MENSAJE: 
2023/12/04 11:29:10.222 - MENSAJE: (FrontEnd Antes CapturaPlaca)
2023/12/04 11:29:10.242 - MENSAJE: (FrontEnd Antes CapturaPlaca) ------
2023/12/04 11:29:10.250 - MENSAJE: 
2023/12/04 11:29:11.218 - MENSAJE: (FrontEnd Antes CapturaPlaca)
2023/12/04 11:29:11.237 - MENSAJE: (FrontEnd Antes CapturaPlaca) ------
2023/12/04 11:29:11.244 - MENSAJE: 
2023/12/04 11:29:12.216 - MENSAJE: (FrontEnd Antes CapturaPlaca)
2023/12/04 11:29:12.236 - MENSAJE: (FrontEnd Antes CapturaPlaca) ------
2023/12/04 11:29:12.244 - MENSAJE: 
2023/12/04 11:29:13.211 - MENSAJE: (FrontEnd Antes CapturaPlaca)
2023/12/04 11:29:13.232 - MENSAJE: (FrontEnd Antes CapturaPlaca) ------
2023/12/04 11:29:13.240 - MENSAJE: 
2023/12/04 11:29:14.219 - MENSAJE: (FrontEnd Antes CapturaPlaca)
2023/12/04 11:29:14.239 - MENSAJE: (FrontEnd Antes CapturaPlaca) ------
2023/12/04 11:29:14.246 - MENSAJE: 
2023/12/04 11:29:15.210 - MENSAJE: (FrontEnd Antes CapturaPlaca)
2023/12/04 11:29:15.230 - MENSAJE: (FrontEnd Antes CapturaPlaca) ------
2023/12/04 11:29:15.237 - MENSAJE: 
2023/12/04 11:29:16.214 - MENSAJE: (FrontEnd Antes CapturaPlaca)
2023/12/04 11:29:16.233 - MENSAJE: (FrontEnd Antes CapturaPlaca) ------
2023/12/04 11:29:16.241 - MENSAJE: 
2023/12/04 11:29:17.214 - MENSAJE: (FrontEnd Antes CapturaPlaca)
2023/12/04 11:29:17.246 - MENSAJE: (FrontEnd Antes CapturaPlaca) ------
2023/12/04 11:29:17.254 - MENSAJE: 
2023/12/04 11:29:18.213 - MENSAJE: (FrontEnd Antes CapturaPlaca)
2023/12/04 11:29:18.233 - MENSAJE: (FrontEnd Antes CapturaPlaca) ------
2023/12/04 11:29:18.240 - MENSAJE: 
2023/12/04 11:29:19.219 - MENSAJE: (FrontEnd Antes CapturaPlaca)
2023/12/04 11:29:19.239 - MENSAJE: (FrontEnd Antes CapturaPlaca) ------
2023/12/04 11:29:19.246 - MENSAJE: 
2023/12/04 11:29:20.219 - MENSAJE: (FrontEnd Antes CapturaPlaca)
2023/12/04 11:29:20.238 - MENSAJE: (FrontEnd Antes CapturaPlaca) ------
2023/12/04 11:29:20.246 - MENSAJE: 
2023/12/04 11:29:21.215 - MENSAJE: (FrontEnd Antes CapturaPlaca)
2023/12/04 11:29:21.235 - MENSAJE: (FrontEnd Antes CapturaPlaca) ------
2023/12/04 11:29:21.242 - MENSAJE: 
2023/12/04 11:29:29.677 - INICIO REGISTRO
2023/12/04 11:29:29.681 - MENSAJE: (FrondEnd CargaRecursos): Carga Controles - OK
2023/12/04 11:29:29.732 - MENSAJE: (FrondEnd CargaImagenes): Carga Imagenes - OK
2023/12/04 11:32:27.878 - INICIO REGISTRO
2023/12/04 11:32:27.881 - MENSAJE: (FrondEnd CargaRecursos): Carga Controles - OK
2023/12/04 11:32:27.912 - MENSAJE: (FrondEnd CargaImagenes): Carga Imagenes - OK
2023/12/04 11:32:31.467 - MENSAJE: (Presenter ObtenerInfoModulo) OK
2023/12/04 11:32:46.598 - MENSAJE: (Presenter ObtenerInfoPartes) OK
2023/12/04 11:32:46.649 - MENSAJE: (Presenter ObtenerInfoParametros) OK
2023/12/04 11:32:46.699 - MENSAJE: (PRESENTER) Error Borrado Varibales PLC
2023/12/04 11:32:46.729 - MENSAJE: (FrontEnd Antes CapturaPlaca)
2023/12/04 11:32:46.773 - MENSAJE: (FrontEnd Antes CapturaPlaca) ------
2023/12/04 11:32:46.794 - MENSAJE: 
2023/12/04 11:35:16.161 - INICIO REGISTRO
2023/12/04 11:35:16.164 - MENSAJE: (FrondEnd CargaRecursos): Carga Controles - OK
2023/12/04 11:35:16.213 - MENSAJE: (FrondEnd CargaImagenes): Carga Imagenes - OK
2023/12/04 11:35:19.176 - MENSAJE: (Presenter ObtenerInfoModulo) OK
2023/12/04 11:35:22.879 - MENSAJE: (Presenter ObtenerInfoPartes) OK
2023/12/04 11:35:22.914 - MENSAJE: (Presenter ObtenerInfoParametros) OK
2023/12/04 11:35:22.964 - MENSAJE: (PRESENTER) Error Borrado Varibales PLC
2023/12/04 11:35:23.005 - MENSAJE: (FrontEnd Antes CapturaPlaca)
2023/12/04 11:35:23.043 - MENSAJE: (FrontEnd Antes CapturaPlaca) ------
2023/12/04 11:35:23.063 - MENSAJE: 
2023/12/04 11:36:09.171 - INICIO REGISTRO
2023/12/04 11:36:09.174 - MENSAJE: (FrondEnd CargaRecursos): Carga Controles - OK
2023/12/04 11:36:09.229 - MENSAJE: (FrondEnd CargaImagenes): Carga Imagenes - OK
2023/12/04 11:36:09.657 - MENSAJE: (Presenter ObtenerInfoModulo) OK
2023/12/04 11:36:09.681 - MENSAJE: (Presenter ObtenerInfoPartes) OK
2023/12/04 11:36:09.703 - MENSAJE: (Presenter ObtenerInfoParametros) OK
2023/12/04 11:36:09.756 - MENSAJE: (PRESENTER) Error Borrado Varibales PLC
2023/12/04 11:36:10.181 - MENSAJE: (FrontEnd Antes CapturaPlaca)
2023/12/04 11:36:10.209 - MENSAJE: (FrontEnd Antes CapturaPlaca) ------
2023/12/04 11:36:10.230 - MENSAJE: 
2023/12/04 11:37:41.690 - INICIO REGISTRO
2023/12/04 11:37:41.693 - MENSAJE: (FrondEnd CargaRecursos): Carga Controles - OK
2023/12/04 11:37:41.742 - MENSAJE: (FrondEnd CargaImagenes): Carga Imagenes - OK
2023/12/04 11:37:42.152 - MENSAJE: (Presenter ObtenerInfoModulo) OK
2023/12/04 11:37:42.178 - MENSAJE: (Presenter ObtenerInfoPartes) OK
2023/12/04 11:37:42.201 - MENSAJE: (Presenter ObtenerInfoParametros) OK
2023/12/04 11:37:42.266 - MENSAJE: (PRESENTER) Error Borrado Varibales PLC
2023/12/04 11:37:42.692 - MENSAJE: (FrontEnd Antes CapturaPlaca)
2023/12/04 11:37:42.719 - MENSAJE: (FrontEnd Antes CapturaPlaca) ------
2023/12/04 11:37:42.742 - MENSAJE: 
2023/12/04 11:37:55.988 - MENSAJE: (FrontEnd Antes CapturaPlaca)
2023/12/04 11:37:56.014 - MENSAJE: (FrontEnd Antes CapturaPlaca) ------
2023/12/04 11:37:56.024 - MENSAJE: 
2023/12/04 11:38:03.370 - MENSAJE: (FrontEnd Antes CapturaPlaca)
2023/12/04 11:38:03.398 - MENSAJE: (FrontEnd Antes CapturaPlaca) ------
2023/12/04 11:38:03.408 - MENSAJE: 
2023/12/04 11:38:04.647 - MENSAJE: (FrontEnd Antes CapturaPlaca)
2023/12/04 11:38:04.668 - MENSAJE: (FrontEnd Antes CapturaPlaca) ------
2023/12/04 11:38:04.676 - MENSAJE: 
2023/12/04 11:38:05.162 - MENSAJE: (FrontEnd Antes CapturaPlaca)
2023/12/04 11:38:05.184 - MENSAJE: (FrontEnd Antes CapturaPlaca) ------
2023/12/04 11:38:05.192 - MENSAJE: 
2023/12/04 11:38:09.560 - MENSAJE: (FrontEnd Antes CapturaPlaca)
2023/12/04 11:38:09.587 - MENSAJE: (FrontEnd Antes CapturaPlaca) ------
2023/12/04 11:38:09.595 - MENSAJE: 
2023/12/04 11:38:11.450 - MENSAJE: (FrontEnd Antes CapturaPlaca)
2023/12/04 11:38:11.474 - MENSAJE: (FrontEnd Antes CapturaPlaca) ------
2023/12/04 11:38:11.483 - MENSAJE: 
2023/12/04 11:38:12.020 - MENSAJE: (FrontEnd Antes CapturaPlaca)
2023/12/04 11:38:12.046 - MENSAJE: (FrontEnd Antes CapturaPlaca) ------
2023/12/04 11:38:12.054 - MENSAJE: 
2023/12/04 11:38:12.681 - MENSAJE: (FrontEnd Antes CapturaPlaca)
2023/12/04 11:38:12.701 - MENSAJE: (FrontEnd Antes CapturaPlaca) ------
2023/12/04 11:38:12.708 - MENSAJE: 
2023/12/04 11:38:26.514 - MENSAJE: (Presenter ObtenerEventoDispo) OK
2023/12/04 12:16:40.762 - INICIO REGISTRO
2023/12/04 12:16:40.766 - MENSAJE: (FrondEnd CargaRecursos): Carga Controles - OK
2023/12/04 12:16:40.797 - MENSAJE: (FrondEnd CargaImagenes): Carga Imagenes - OK
2023/12/04 12:17:09.975 - MENSAJE: (Presenter ObtenerInfoModulo) Sistema Suspendido - Info Modulo Error
2023/12/04 12:17:58.287 - INICIO REGISTRO
2023/12/04 12:17:58.290 - MENSAJE: (FrondEnd CargaRecursos): Carga Controles - OK
2023/12/04 12:17:58.344 - MENSAJE: (FrondEnd CargaImagenes): Carga Imagenes - OK
2023/12/04 12:18:27.535 - INICIO REGISTRO
2023/12/04 12:18:27.538 - MENSAJE: (FrondEnd CargaRecursos): Carga Controles - OK
2023/12/04 12:18:27.591 - MENSAJE: (FrondEnd CargaImagenes): Carga Imagenes - OK
2023/12/04 12:18:29.147 - MENSAJE: (Presenter ObtenerInfoModulo) OK
2023/12/04 12:18:29.183 - MENSAJE: (Presenter ObtenerInfoPartes) OK
2023/12/04 12:18:29.220 - MENSAJE: (Presenter ObtenerInfoParametros) OK
2023/12/04 12:18:31.863 - MENSAJE: (PRESENTER) Error Borrado Varibales PLC
2023/12/04 12:18:34.001 - MENSAJE: (FrontEnd Antes CapturaPlaca)
2023/12/04 12:18:38.221 - MENSAJE: (FrontEnd Antes CapturaPlaca) ------
2023/12/04 12:18:39.073 - MENSAJE: 
2023/12/04 12:18:49.084 - MENSAJE: (Presenter ObtenerEventoDispo) OK
2023/12/04 12:18:50.737 - MENSAJE: 
2023/12/04 12:18:50.985 - MENSAJE: (Presenter ActualizarEventoDispositivo) OK
2023/12/04 12:18:56.052 - MENSAJE: (FrontEnd Antes CapturaPlaca)
2023/12/04 12:18:56.072 - MENSAJE: (FrontEnd Antes CapturaPlaca) ------
2023/12/04 12:18:56.079 - MENSAJE: 
2023/12/04 12:19:01.697 - MENSAJE: (FrontEnd Antes CapturaPlaca)
2023/12/04 12:19:01.727 - MENSAJE: (FrontEnd Antes CapturaPlaca) ------
2023/12/04 12:19:01.735 - MENSAJE: 
2023/12/04 12:19:04.226 - MENSAJE: (FrontEnd Antes CapturaPlaca)
2023/12/04 12:19:04.252 - MENSAJE: (FrontEnd Antes CapturaPlaca) ------
2023/12/04 12:19:04.261 - MENSAJE: 
2023/12/04 12:19:04.524 - MENSAJE: (FrontEnd Antes CapturaPlaca)
2023/12/04 12:19:04.545 - MENSAJE: (FrontEnd Antes CapturaPlaca) ------
2023/12/04 12:19:04.554 - MENSAJE: 
2023/12/04 12:19:05.538 - MENSAJE: (FrontEnd Antes CapturaPlaca)
2023/12/04 12:19:10.860 - MENSAJE: (FrontEnd Antes CapturaPlaca) ------
2023/12/04 12:19:10.868 - MENSAJE: 
2023/12/04 12:19:10.922 - MENSAJE: (FrontEnd Antes CapturaPlaca)
2023/12/04 12:19:10.948 - MENSAJE: (FrontEnd Antes CapturaPlaca) ------
2023/12/04 12:19:10.956 - MENSAJE: 
2023/12/04 12:19:11.536 - MENSAJE: (FrontEnd Antes CapturaPlaca)
2023/12/04 12:19:11.557 - MENSAJE: (FrontEnd Antes CapturaPlaca) ------
2023/12/04 12:19:11.565 - MENSAJE: 
2023/12/04 12:19:12.529 - MENSAJE: (FrontEnd Antes CapturaPlaca)
2023/12/04 12:19:12.550 - MENSAJE: (FrontEnd Antes CapturaPlaca) ------
2023/12/04 12:19:12.557 - MENSAJE: 
2023/12/04 12:19:13.536 - MENSAJE: (FrontEnd Antes CapturaPlaca)
2023/12/04 12:19:13.556 - MENSAJE: (FrontEnd Antes CapturaPlaca) ------
2023/12/04 12:19:13.563 - MENSAJE: 
2023/12/04 12:19:14.524 - MENSAJE: (FrontEnd Antes CapturaPlaca)
2023/12/04 12:19:14.545 - MENSAJE: (FrontEnd Antes CapturaPlaca) ------
2023/12/04 12:19:14.552 - MENSAJE: 
2023/12/04 12:19:15.524 - MENSAJE: (FrontEnd Antes CapturaPlaca)
2023/12/04 12:19:15.559 - MENSAJE: (FrontEnd Antes CapturaPlaca) ------
2023/12/04 12:19:15.567 - MENSAJE: 
2023/12/04 12:19:16.523 - MENSAJE: (FrontEnd Antes CapturaPlaca)
2023/12/04 12:19:16.548 - MENSAJE: (FrontEnd Antes CapturaPlaca) ------
2023/12/04 12:19:16.556 - MENSAJE: 
2023/12/04 12:19:17.530 - MENSAJE: (FrontEnd Antes CapturaPlaca)
2023/12/04 12:19:17.551 - MENSAJE: (FrontEnd Antes CapturaPlaca) ------
2023/12/04 12:19:17.559 - MENSAJE: 
2023/12/04 12:19:27.143 - MENSAJE: (Presenter ObtenerEventoDispo) OK
2023/12/04 12:19:30.692 - MENSAJE: 
2023/12/04 12:19:32.217 - MENSAJE: (Presenter ActualizarEventoDispositivo) OK
2023/12/04 03:15:07.085 - INICIO REGISTRO
2023/12/04 03:15:07.105 - MENSAJE: (FrondEnd CargaRecursos): Carga Controles - OK
2023/12/04 03:15:07.241 - MENSAJE: (FrondEnd CargaImagenes): Carga Imagenes - OK
2023/12/04 03:15:17.304 - MENSAJE: (Presenter ObtenerInfoModulo) OK
2023/12/04 03:15:17.418 - MENSAJE: (Presenter ObtenerInfoPartes) OK
2023/12/04 03:15:17.462 - MENSAJE: (Presenter ObtenerInfoParametros) OK
2023/12/04 03:15:17.801 - MENSAJE: (PRESENTER) Error Borrado Varibales PLC
2023/12/04 03:15:18.089 - MENSAJE: (FrontEnd Antes CapturaPlaca)
2023/12/04 03:15:18.159 - MENSAJE: (FrontEnd Antes CapturaPlaca) ------
2023/12/04 03:15:18.225 - MENSAJE: 
2023/12/04 03:15:18.306 - MENSAJE: (FrontEnd Antes CapturaPlaca)
2023/12/04 03:15:18.336 - MENSAJE: (FrontEnd Antes CapturaPlaca) ------
2023/12/04 03:15:18.360 - MENSAJE: 
2023/12/04 03:15:19.120 - MENSAJE: (FrontEnd Antes CapturaPlaca)
2023/12/04 03:15:19.174 - MENSAJE: (FrontEnd Antes CapturaPlaca) ------
2023/12/04 03:15:19.212 - MENSAJE: 
2023/12/04 03:15:20.120 - MENSAJE: (FrontEnd Antes CapturaPlaca)
2023/12/04 03:15:20.202 - MENSAJE: (FrontEnd Antes CapturaPlaca) ------
2023/12/04 03:15:20.225 - MENSAJE: 
2023/12/04 03:15:21.131 - MENSAJE: (FrontEnd Antes CapturaPlaca)
2023/12/04 03:15:21.195 - MENSAJE: (FrontEnd Antes CapturaPlaca) ------
2023/12/04 03:15:21.218 - MENSAJE: 
2023/12/04 03:15:22.127 - MENSAJE: (FrontEnd Antes CapturaPlaca)
2023/12/04 03:15:22.182 - MENSAJE: (FrontEnd Antes CapturaPlaca) ------
2023/12/04 03:15:22.206 - MENSAJE: 
2023/12/04 03:15:23.124 - MENSAJE: (FrontEnd Antes CapturaPlaca)
2023/12/04 03:15:23.171 - MENSAJE: (FrontEnd Antes CapturaPlaca) ------
2023/12/04 03:15:23.192 - MENSAJE: 
2023/12/04 03:15:24.127 - MENSAJE: (FrontEnd Antes CapturaPlaca)
2023/12/04 03:15:24.169 - MENSAJE: (FrontEnd Antes CapturaPlaca) ------
2023/12/04 03:15:24.190 - MENSAJE: 
2023/12/04 03:15:25.138 - MENSAJE: (FrontEnd Antes CapturaPlaca)
2023/12/04 03:15:25.168 - MENSAJE: (FrontEnd Antes CapturaPlaca) ------
2023/12/04 03:15:25.189 - MENSAJE: 
2023/12/04 03:15:26.117 - MENSAJE: (FrontEnd Antes CapturaPlaca)
2023/12/04 03:15:26.168 - MENSAJE: (FrontEnd Antes CapturaPlaca) ------
2023/12/04 03:15:26.190 - MENSAJE: 
2023/12/04 03:15:27.141 - MENSAJE: (FrontEnd Antes CapturaPlaca)
2023/12/04 03:15:27.188 - MENSAJE: (FrontEnd Antes CapturaPlaca) ------
2023/12/04 03:15:27.209 - MENSAJE: 
2023/12/04 03:15:28.119 - MENSAJE: (FrontEnd Antes CapturaPlaca)
2023/12/04 03:15:28.176 - MENSAJE: (FrontEnd Antes CapturaPlaca) ------
2023/12/04 03:15:28.199 - MENSAJE: 
2023/12/04 03:15:29.118 - MENSAJE: (FrontEnd Antes CapturaPlaca)
2023/12/04 03:15:29.175 - MENSAJE: (FrontEnd Antes CapturaPlaca) ------
2023/12/04 03:15:29.197 - MENSAJE: 
2023/12/04 03:16:20.509 - INICIO REGISTRO
2023/12/04 03:16:20.527 - MENSAJE: (FrondEnd CargaRecursos): Carga Controles - OK
2023/12/04 03:16:20.651 - MENSAJE: (FrondEnd CargaImagenes): Carga Imagenes - OK
2023/12/04 03:16:21.402 - MENSAJE: (Presenter ObtenerInfoModulo) OK
2023/12/04 03:16:21.442 - MENSAJE: (Presenter ObtenerInfoPartes) OK
2023/12/04 03:16:21.464 - MENSAJE: (Presenter ObtenerInfoParametros) OK
2023/12/04 03:16:22.306 - MENSAJE: (PRESENTER) Error Borrado Varibales PLC
2023/12/04 03:16:22.435 - MENSAJE: (FrontEnd Antes CapturaPlaca)
2023/12/04 03:16:22.493 - MENSAJE: (FrontEnd Antes CapturaPlaca) ------
2023/12/04 03:16:22.572 - MENSAJE: 
2023/12/04 03:16:46.094 - MENSAJE: (Presenter ObtenerEventoDispo) OK
2023/12/04 03:16:50.478 - MENSAJE: 
2023/12/04 03:18:35.538 - INICIO REGISTRO
2023/12/04 03:18:35.554 - MENSAJE: (FrondEnd CargaRecursos): Carga Controles - OK
2023/12/04 03:18:35.682 - MENSAJE: (FrondEnd CargaImagenes): Carga Imagenes - OK
2023/12/04 03:18:36.360 - MENSAJE: (Presenter ObtenerInfoModulo) OK
2023/12/04 03:18:36.391 - MENSAJE: (Presenter ObtenerInfoPartes) OK
2023/12/04 03:18:36.420 - MENSAJE: (Presenter ObtenerInfoParametros) OK
2023/12/04 03:18:37.134 - MENSAJE: (PRESENTER) Error Borrado Varibales PLC
2023/12/04 03:18:37.259 - MENSAJE: (FrontEnd Antes CapturaPlaca)
2023/12/04 03:18:37.298 - MENSAJE: (FrontEnd Antes CapturaPlaca) ------
2023/12/04 03:18:37.361 - MENSAJE: 
2023/12/04 03:18:38.064 - MENSAJE: (Presenter ObtenerEventoDispo) OK
2023/12/04 03:18:40.105 - MENSAJE: 
2023/12/04 03:18:40.690 - MENSAJE: 
2023/12/04 03:18:57.204 - MENSAJE: 
2023/12/04 03:19:01.719 - MENSAJE: 
2023/12/04 03:21:51.995 - INICIO REGISTRO
2023/12/04 03:21:52.013 - MENSAJE: (FrondEnd CargaRecursos): Carga Controles - OK
2023/12/04 03:21:52.134 - MENSAJE: (FrondEnd CargaImagenes): Carga Imagenes - OK
2023/12/04 03:21:52.852 - MENSAJE: (Presenter ObtenerInfoModulo) OK
2023/12/04 03:21:52.882 - MENSAJE: (Presenter ObtenerInfoPartes) OK
2023/12/04 03:21:52.906 - MENSAJE: (Presenter ObtenerInfoParametros) OK
2023/12/04 03:21:52.939 - MENSAJE: 
2023/12/04 03:21:53.018 - MENSAJE: (PRESENTER) Error Borrado Varibales PLC
2023/12/04 03:22:01.824 - MENSAJE: (FrontEnd Antes CapturaPlaca)
2023/12/04 03:22:01.895 - MENSAJE: (FrontEnd Antes CapturaPlaca) ------
2023/12/04 03:22:01.903 - MENSAJE: 
2023/12/04 03:22:03.055 - MENSAJE: 
2023/12/04 03:22:03.083 - MENSAJE: (Presenter ObtenerEventoDispo) OK
2023/12/04 03:22:10.662 - MENSAJE: 
2023/12/04 03:22:13.139 - MENSAJE: 
2023/12/04 03:22:21.746 - MENSAJE: (Presenter ActualizarEventoDispositivo) OK
2023/12/04 03:22:24.588 - MENSAJE: (FrontEnd Antes CapturaPlaca)
2023/12/04 03:22:24.630 - MENSAJE: (FrontEnd Antes CapturaPlaca) JYW53G
2023/12/04 03:22:24.631 - MENSAJE: 
2023/12/04 03:22:24.632 - MENSAJE: oAutorizado.PlacaAuto : JYW53G
2023/12/04 03:22:24.718 - MENSAJE: (PRESENTER) Error Borrado Varibales PLC
2023/12/04 03:22:28.404 - MENSAJE: 
2023/12/04 03:22:28.449 - MENSAJE: (FrontEnd Antes CapturaPlaca)
2023/12/04 03:22:28.478 - MENSAJE: (FrontEnd Antes CapturaPlaca) JYW53G
2023/12/04 03:22:28.479 - MENSAJE: 
2023/12/04 03:22:28.480 - MENSAJE: oAutorizado.PlacaAuto : JYW53G
2023/12/04 03:22:28.515 - MENSAJE: (PRESENTER) Error Borrado Varibales PLC
2023/12/04 03:22:28.982 - MENSAJE: 
2023/12/04 03:22:29.014 - MENSAJE: (FrontEnd Antes CapturaPlaca)
2023/12/04 03:22:29.041 - MENSAJE: (FrontEnd Antes CapturaPlaca) JYW53G
2023/12/04 03:22:29.042 - MENSAJE: 
2023/12/04 03:22:29.043 - MENSAJE: Vehiculo en el mueble
2023/12/04 03:22:29.075 - MENSAJE: Captura de placa: JYW53G
2023/12/04 03:22:29.545 - MENSAJE: 
2023/12/04 03:22:30.016 - MENSAJE: Registrar Entrada OK
2023/12/04 03:22:30.527 - MENSAJE: FrondEnd-Imprimir -> Funcion imprimir Ticket.
2023/12/04 03:22:33.034 - MENSAJE: Apertura Barrera
2023/12/04 03:22:33.035 - MENSAJE: 
2023/12/04 03:24:33.215 - INICIO REGISTRO
2023/12/04 03:24:33.233 - MENSAJE: (FrondEnd CargaRecursos): Carga Controles - OK
2023/12/04 03:24:33.353 - MENSAJE: (FrondEnd CargaImagenes): Carga Imagenes - OK
2023/12/04 03:24:34.063 - MENSAJE: (Presenter ObtenerInfoModulo) OK
2023/12/04 03:24:34.099 - MENSAJE: (Presenter ObtenerInfoPartes) OK
2023/12/04 03:24:34.124 - MENSAJE: (Presenter ObtenerInfoParametros) OK
2023/12/04 03:24:34.154 - MENSAJE: 
2023/12/04 03:24:34.234 - MENSAJE: (PRESENTER) Error Borrado Varibales PLC
2023/12/04 03:24:34.359 - MENSAJE: (FrontEnd Antes CapturaPlaca)
2023/12/04 03:24:34.410 - MENSAJE: (FrontEnd Antes CapturaPlaca) ------
2023/12/04 03:24:34.415 - MENSAJE: 
2023/12/04 03:24:46.853 - INICIO REGISTRO
2023/12/04 03:24:46.868 - MENSAJE: (FrondEnd CargaRecursos): Carga Controles - OK
2023/12/04 03:24:46.987 - MENSAJE: (FrondEnd CargaImagenes): Carga Imagenes - OK
2023/12/04 03:24:47.674 - MENSAJE: (Presenter ObtenerInfoModulo) OK
2023/12/04 03:24:47.702 - MENSAJE: (Presenter ObtenerInfoPartes) OK
2023/12/04 03:24:47.723 - MENSAJE: (Presenter ObtenerInfoParametros) OK
2023/12/04 03:24:47.749 - MENSAJE: 
2023/12/04 03:24:47.831 - MENSAJE: (PRESENTER) Error Borrado Varibales PLC
2023/12/04 03:24:47.980 - MENSAJE: (FrontEnd Antes CapturaPlaca)
2023/12/04 03:24:48.041 - MENSAJE: (FrontEnd Antes CapturaPlaca) ------
2023/12/04 03:24:48.045 - MENSAJE: 
2023/12/04 03:25:02.835 - MENSAJE: 
2023/12/04 03:25:04.760 - MENSAJE: (FrontEnd Antes CapturaPlaca)
2023/12/04 03:25:05.934 - MENSAJE: (FrontEnd Antes CapturaPlaca) ------
2023/12/04 03:25:06.278 - MENSAJE: 
2023/12/04 03:25:06.833 - MENSAJE: 
2023/12/04 03:25:06.848 - MENSAJE: (Presenter ObtenerEventoDispo) OK
2023/12/04 03:25:09.066 - MENSAJE: 
2023/12/04 03:25:13.334 - MENSAJE: 
2023/12/04 03:25:13.352 - MENSAJE: (Presenter ActualizarEventoDispositivo) OK
2023/12/04 03:25:13.383 - MENSAJE: (FrontEnd Antes CapturaPlaca)
2023/12/04 03:25:13.440 - MENSAJE: (FrontEnd Antes CapturaPlaca) ------
2023/12/04 03:25:13.440 - MENSAJE: 
2023/12/04 03:25:16.875 - MENSAJE: (FrontEnd Antes CapturaPlaca)
2023/12/04 03:25:16.925 - MENSAJE: (FrontEnd Antes CapturaPlaca) ------
2023/12/04 03:25:16.926 - MENSAJE: 
2023/12/04 03:25:16.960 - MENSAJE: (FrontEnd Antes CapturaPlaca)
2023/12/04 03:25:17.014 - MENSAJE: (FrontEnd Antes CapturaPlaca) ------
2023/12/04 03:25:17.015 - MENSAJE: 
2023/12/04 03:25:17.437 - MENSAJE: 
2023/12/04 03:25:17.888 - MENSAJE: (FrontEnd Antes CapturaPlaca)
2023/12/04 03:25:17.946 - MENSAJE: (FrontEnd Antes CapturaPlaca) ------
2023/12/04 03:25:17.947 - MENSAJE: 
2023/12/04 03:25:18.450 - MENSAJE: 
2023/12/04 03:25:18.884 - MENSAJE: (FrontEnd Antes CapturaPlaca)
2023/12/04 03:25:18.937 - MENSAJE: (FrontEnd Antes CapturaPlaca) ------
2023/12/04 03:25:18.938 - MENSAJE: 
2023/12/04 03:25:19.443 - MENSAJE: 
2023/12/04 03:25:19.895 - MENSAJE: (FrontEnd Antes CapturaPlaca)
2023/12/04 03:25:19.951 - MENSAJE: (FrontEnd Antes CapturaPlaca) ------
2023/12/04 03:25:19.953 - MENSAJE: 
2023/12/04 03:25:20.455 - MENSAJE: 
2023/12/04 03:25:20.891 - MENSAJE: (FrontEnd Antes CapturaPlaca)
2023/12/04 03:25:20.922 - MENSAJE: (FrontEnd Antes CapturaPlaca) ------
2023/12/04 03:25:20.927 - MENSAJE: 
2023/12/04 03:25:21.436 - MENSAJE: 
2023/12/04 03:25:21.888 - MENSAJE: (FrontEnd Antes CapturaPlaca)
2023/12/04 03:25:21.938 - MENSAJE: (FrontEnd Antes CapturaPlaca) ------
2023/12/04 03:25:21.940 - MENSAJE: 
2023/12/04 03:25:22.450 - MENSAJE: 
2023/12/04 03:25:22.889 - MENSAJE: (FrontEnd Antes CapturaPlaca)
2023/12/04 03:25:22.931 - MENSAJE: (FrontEnd Antes CapturaPlaca) ------
2023/12/04 03:25:22.932 - MENSAJE: 
2023/12/04 03:25:23.437 - MENSAJE: 
2023/12/04 03:25:23.890 - MENSAJE: (FrontEnd Antes CapturaPlaca)
2023/12/04 03:25:23.944 - MENSAJE: (FrontEnd Antes CapturaPlaca) ------
2023/12/04 03:25:23.945 - MENSAJE: 
2023/12/04 03:25:24.458 - MENSAJE: 
2023/12/04 03:25:24.897 - MENSAJE: (FrontEnd Antes CapturaPlaca)
2023/12/04 03:25:24.940 - MENSAJE: (FrontEnd Antes CapturaPlaca) ------
2023/12/04 03:25:24.941 - MENSAJE: 
2023/12/04 03:25:33.447 - MENSAJE: 
2023/12/04 03:25:33.463 - MENSAJE: (Presenter ObtenerEventoDispo) OK
2023/12/04 03:25:39.909 - MENSAJE: 
2023/12/04 03:25:41.058 - MENSAJE: 
2023/12/04 03:25:45.374 - MENSAJE: (Presenter ActualizarEventoDispositivo) OK
2023/12/04 03:25:45.447 - MENSAJE: (FrontEnd Antes CapturaPlaca)
2023/12/04 03:25:45.480 - MENSAJE: (FrontEnd Antes CapturaPlaca) ------
2023/12/04 03:25:45.481 - MENSAJE: 
2023/12/04 03:25:47.949 - MENSAJE: (FrontEnd Antes CapturaPlaca)
2023/12/04 03:25:47.989 - MENSAJE: (FrontEnd Antes CapturaPlaca) ------
2023/12/04 03:25:47.990 - MENSAJE: 
2023/12/04 03:25:48.448 - MENSAJE: 
2023/12/04 03:25:48.884 - MENSAJE: (FrontEnd Antes CapturaPlaca)
2023/12/04 03:25:48.916 - MENSAJE: (FrontEnd Antes CapturaPlaca) ------
2023/12/04 03:25:48.917 - MENSAJE: 
2023/12/04 03:25:49.433 - MENSAJE: 
2023/12/04 03:25:49.883 - MENSAJE: (FrontEnd Antes CapturaPlaca)
2023/12/04 03:25:49.913 - MENSAJE: (FrontEnd Antes CapturaPlaca) ------
2023/12/04 03:25:49.914 - MENSAJE: 
2023/12/04 03:25:50.427 - MENSAJE: 
2023/12/04 03:25:50.891 - MENSAJE: (FrontEnd Antes CapturaPlaca)
2023/12/04 03:25:50.921 - MENSAJE: (FrontEnd Antes CapturaPlaca) ------
2023/12/04 03:25:50.923 - MENSAJE: 
2023/12/04 03:25:51.437 - MENSAJE: 
2023/12/04 03:25:51.889 - MENSAJE: (FrontEnd Antes CapturaPlaca)
2023/12/04 03:25:51.920 - MENSAJE: (FrontEnd Antes CapturaPlaca) ------
2023/12/04 03:25:51.921 - MENSAJE: 
2023/12/04 03:25:52.432 - MENSAJE: 
2023/12/04 03:25:52.885 - MENSAJE: (FrontEnd Antes CapturaPlaca)
2023/12/04 03:25:52.917 - MENSAJE: (FrontEnd Antes CapturaPlaca) ------
2023/12/04 03:25:52.918 - MENSAJE: 
2023/12/04 03:25:53.431 - MENSAJE: 
2023/12/04 03:25:53.884 - MENSAJE: (FrontEnd Antes CapturaPlaca)
2023/12/04 03:25:53.914 - MENSAJE: (FrontEnd Antes CapturaPlaca) ------
2023/12/04 03:25:53.916 - MENSAJE: 
2023/12/04 03:25:54.428 - MENSAJE: 
2023/12/04 03:25:54.896 - MENSAJE: (FrontEnd Antes CapturaPlaca)
2023/12/04 03:25:54.933 - MENSAJE: (FrontEnd Antes CapturaPlaca) ------
2023/12/04 03:25:54.935 - MENSAJE: 
2023/12/04 03:25:55.439 - MENSAJE: 
2023/12/04 03:25:55.892 - MENSAJE: (FrontEnd Antes CapturaPlaca)
2023/12/04 03:25:55.919 - MENSAJE: (FrontEnd Antes CapturaPlaca) ------
2023/12/04 03:25:55.920 - MENSAJE: 
2023/12/04 03:25:56.435 - MENSAJE: 
2023/12/04 03:25:56.886 - MENSAJE: (FrontEnd Antes CapturaPlaca)
2023/12/04 03:25:56.931 - MENSAJE: (FrontEnd Antes CapturaPlaca) ------
2023/12/04 03:25:56.932 - MENSAJE: 
2023/12/04 03:25:57.433 - MENSAJE: 
2023/12/04 03:25:57.884 - MENSAJE: (FrontEnd Antes CapturaPlaca)
2023/12/04 03:25:57.937 - MENSAJE: (FrontEnd Antes CapturaPlaca) ------
2023/12/04 03:25:57.938 - MENSAJE: 
2023/12/04 03:25:57.951 - MENSAJE: (Presenter ObtenerEventoDispo) OK
2023/12/04 03:25:57.953 - MENSAJE: 
2023/12/04 03:25:57.965 - MENSAJE: (Presenter ActualizarEventoDispositivo) OK
2023/12/04 03:25:58.445 - MENSAJE: 
2023/12/04 03:25:58.896 - MENSAJE: (FrontEnd Antes CapturaPlaca)
2023/12/04 03:25:58.929 - MENSAJE: (FrontEnd Antes CapturaPlaca) ------
2023/12/04 03:25:58.930 - MENSAJE: 
2023/12/04 03:25:59.885 - MENSAJE: (FrontEnd Antes CapturaPlaca)
2023/12/04 03:25:59.933 - MENSAJE: (FrontEnd Antes CapturaPlaca) ------
2023/12/04 03:25:59.935 - MENSAJE: 
2023/12/04 03:26:00.896 - MENSAJE: (FrontEnd Antes CapturaPlaca)
2023/12/04 03:26:00.935 - MENSAJE: (FrontEnd Antes CapturaPlaca) ------
2023/12/04 03:26:00.936 - MENSAJE: 
2023/12/04 03:26:01.886 - MENSAJE: (FrontEnd Antes CapturaPlaca)
2023/12/04 03:26:01.920 - MENSAJE: (FrontEnd Antes CapturaPlaca) ------
2023/12/04 03:26:01.922 - MENSAJE: 
2023/12/04 03:26:02.894 - MENSAJE: (FrontEnd Antes CapturaPlaca)
2023/12/04 03:26:02.940 - MENSAJE: (FrontEnd Antes CapturaPlaca) ------
2023/12/04 03:26:02.941 - MENSAJE: 
2023/12/04 03:26:03.781 - MENSAJE: 
2023/12/04 03:26:03.891 - MENSAJE: (FrontEnd Antes CapturaPlaca)
2023/12/04 03:26:03.931 - MENSAJE: (FrontEnd Antes CapturaPlaca) ------
2023/12/04 03:26:03.932 - MENSAJE: 
2023/12/04 03:26:04.433 - MENSAJE: 
2023/12/04 03:26:04.885 - MENSAJE: (FrontEnd Antes CapturaPlaca)
2023/12/04 03:26:04.941 - MENSAJE: (FrontEnd Antes CapturaPlaca) ------
2023/12/04 03:26:04.942 - MENSAJE: 
2023/12/04 03:26:05.450 - MENSAJE: 
2023/12/04 03:26:05.888 - MENSAJE: (FrontEnd Antes CapturaPlaca)
2023/12/04 03:26:05.987 - MENSAJE: (FrontEnd Antes CapturaPlaca) ------
2023/12/04 03:26:05.989 - MENSAJE: 
2023/12/04 03:26:06.496 - MENSAJE: 
2023/12/04 03:26:06.887 - MENSAJE: (FrontEnd Antes CapturaPlaca)
2023/12/04 03:26:06.948 - MENSAJE: (FrontEnd Antes CapturaPlaca) ------
2023/12/04 03:26:06.950 - MENSAJE: 
2023/12/04 03:26:07.459 - MENSAJE: 
2023/12/04 03:26:07.895 - MENSAJE: (FrontEnd Antes CapturaPlaca)
2023/12/04 03:26:07.948 - MENSAJE: (FrontEnd Antes CapturaPlaca) ------
2023/12/04 03:26:07.949 - MENSAJE: 
2023/12/04 03:26:08.456 - MENSAJE: 
2023/12/04 03:26:08.889 - MENSAJE: (FrontEnd Antes CapturaPlaca)
2023/12/04 03:26:08.945 - MENSAJE: (FrontEnd Antes CapturaPlaca) ------
2023/12/04 03:26:08.947 - MENSAJE: 
2023/12/04 03:26:09.462 - MENSAJE: 
2023/12/04 03:26:09.898 - MENSAJE: (FrontEnd Antes CapturaPlaca)
2023/12/04 03:26:09.971 - MENSAJE: (FrontEnd Antes CapturaPlaca) ------
2023/12/04 03:26:09.972 - MENSAJE: 
2023/12/04 03:26:10.474 - MENSAJE: 
2023/12/04 03:26:10.892 - MENSAJE: (FrontEnd Antes CapturaPlaca)
2023/12/04 03:26:10.924 - MENSAJE: (FrontEnd Antes CapturaPlaca) ------
2023/12/04 03:26:10.925 - MENSAJE: 
2023/12/04 03:26:10.951 - MENSAJE: (Presenter ObtenerEventoDispo) OK
2023/12/04 03:26:10.953 - MENSAJE: 
2023/12/04 03:26:10.967 - MENSAJE: (Presenter ActualizarEventoDispositivo) OK
2023/12/04 03:26:11.435 - MENSAJE: 
2023/12/04 03:26:11.887 - MENSAJE: (FrontEnd Antes CapturaPlaca)
2023/12/04 03:26:11.917 - MENSAJE: (FrontEnd Antes CapturaPlaca) ------
2023/12/04 03:26:11.918 - MENSAJE: 
2023/12/04 03:26:12.887 - MENSAJE: (FrontEnd Antes CapturaPlaca)
2023/12/04 03:26:12.944 - MENSAJE: (FrontEnd Antes CapturaPlaca) ------
2023/12/04 03:26:12.945 - MENSAJE: 
2023/12/04 03:26:13.896 - MENSAJE: (FrontEnd Antes CapturaPlaca)
2023/12/04 03:26:13.935 - MENSAJE: (FrontEnd Antes CapturaPlaca) ------
2023/12/04 03:26:13.937 - MENSAJE: 
2023/12/04 03:26:14.891 - MENSAJE: (FrontEnd Antes CapturaPlaca)
2023/12/04 03:26:14.925 - MENSAJE: (FrontEnd Antes CapturaPlaca) ------
2023/12/04 03:26:14.926 - MENSAJE: 
2023/12/04 03:26:15.886 - MENSAJE: (FrontEnd Antes CapturaPlaca)
2023/12/04 03:26:15.917 - MENSAJE: (FrontEnd Antes CapturaPlaca) ------
2023/12/04 03:26:15.918 - MENSAJE: 
2023/12/04 03:26:16.884 - MENSAJE: (FrontEnd Antes CapturaPlaca)
2023/12/04 03:26:16.929 - MENSAJE: (FrontEnd Antes CapturaPlaca) ------
2023/12/04 03:26:16.930 - MENSAJE: 
2023/12/04 03:26:17.897 - MENSAJE: (FrontEnd Antes CapturaPlaca)
2023/12/04 03:26:17.945 - MENSAJE: (FrontEnd Antes CapturaPlaca) ------
2023/12/04 03:26:17.946 - MENSAJE: 
2023/12/04 03:26:18.893 - MENSAJE: (FrontEnd Antes CapturaPlaca)
2023/12/04 03:26:18.924 - MENSAJE: (FrontEnd Antes CapturaPlaca) ------
2023/12/04 03:26:18.926 - MENSAJE: 
2023/12/04 03:26:19.888 - MENSAJE: (FrontEnd Antes CapturaPlaca)
2023/12/04 03:26:19.932 - MENSAJE: (FrontEnd Antes CapturaPlaca) ------
2023/12/04 03:26:19.933 - MENSAJE: 
2023/12/04 03:26:20.839 - MENSAJE: 
2023/12/04 03:26:20.887 - MENSAJE: (FrontEnd Antes CapturaPlaca)
2023/12/04 03:26:20.918 - MENSAJE: (FrontEnd Antes CapturaPlaca) ------
2023/12/04 03:26:20.919 - MENSAJE: 
2023/12/04 03:26:21.433 - MENSAJE: 
2023/12/04 03:26:21.886 - MENSAJE: (FrontEnd Antes CapturaPlaca)
2023/12/04 03:26:21.935 - MENSAJE: (FrontEnd Antes CapturaPlaca) ------
2023/12/04 03:26:21.937 - MENSAJE: 
2023/12/04 03:26:22.448 - MENSAJE: 
2023/12/04 03:26:22.896 - MENSAJE: (FrontEnd Antes CapturaPlaca)
2023/12/04 03:26:22.926 - MENSAJE: (FrontEnd Antes CapturaPlaca) ------
2023/12/04 03:26:22.927 - MENSAJE: 
2023/12/04 03:26:23.443 - MENSAJE: 
2023/12/04 03:26:23.883 - MENSAJE: (FrontEnd Antes CapturaPlaca)
2023/12/04 03:26:23.916 - MENSAJE: (FrontEnd Antes CapturaPlaca) ------
2023/12/04 03:26:23.917 - MENSAJE: 
2023/12/04 03:26:24.422 - MENSAJE: 
2023/12/04 03:26:24.887 - MENSAJE: (FrontEnd Antes CapturaPlaca)
2023/12/04 03:26:24.920 - MENSAJE: (FrontEnd Antes CapturaPlaca) ------
2023/12/04 03:26:24.921 - MENSAJE: 
2023/12/04 03:26:25.432 - MENSAJE: 
2023/12/04 03:26:25.897 - MENSAJE: (FrontEnd Antes CapturaPlaca)
2023/12/04 03:26:25.928 - MENSAJE: (FrontEnd Antes CapturaPlaca) ------
2023/12/04 03:26:25.929 - MENSAJE: 
2023/12/04 03:26:26.444 - MENSAJE: 
2023/12/04 03:26:26.932 - MENSAJE: (FrontEnd Antes CapturaPlaca)
2023/12/04 03:26:26.980 - MENSAJE: (FrontEnd Antes CapturaPlaca) ------
2023/12/04 03:26:26.981 - MENSAJE: 
2023/12/04 03:26:27.485 - MENSAJE: 
2023/12/04 03:26:27.924 - MENSAJE: (FrontEnd Antes CapturaPlaca)
2023/12/04 03:26:27.968 - MENSAJE: (FrontEnd Antes CapturaPlaca) ------
2023/12/04 03:26:27.969 - MENSAJE: 
2023/12/04 03:26:28.480 - MENSAJE: 
2023/12/04 03:26:28.887 - MENSAJE: (FrontEnd Antes CapturaPlaca)
2023/12/04 03:26:28.917 - MENSAJE: (FrontEnd Antes CapturaPlaca) ------
2023/12/04 03:26:28.918 - MENSAJE: 
2023/12/04 03:26:29.432 - MENSAJE: 
2023/12/04 03:26:29.921 - MENSAJE: (FrontEnd Antes CapturaPlaca)
2023/12/04 03:26:29.951 - MENSAJE: (FrontEnd Antes CapturaPlaca) ------
2023/12/04 03:26:29.952 - MENSAJE: 
2023/12/04 03:26:30.454 - MENSAJE: 
2023/12/04 03:26:30.919 - MENSAJE: (FrontEnd Antes CapturaPlaca)
2023/12/04 03:26:30.953 - MENSAJE: (FrontEnd Antes CapturaPlaca) ------
2023/12/04 03:26:30.954 - MENSAJE: 
2023/12/04 03:26:31.465 - MENSAJE: 
2023/12/04 03:26:31.907 - MENSAJE: (FrontEnd Antes CapturaPlaca)
2023/12/04 03:26:32.055 - MENSAJE: (FrontEnd Antes CapturaPlaca) ------
2023/12/04 03:26:32.057 - MENSAJE: 
2023/12/04 03:26:32.568 - MENSAJE: 
2023/12/04 03:26:32.900 - MENSAJE: (FrontEnd Antes CapturaPlaca)
2023/12/04 03:26:32.934 - MENSAJE: (FrontEnd Antes CapturaPlaca) ------
2023/12/04 03:26:32.935 - MENSAJE: 
2023/12/04 03:26:33.437 - MENSAJE: 
2023/12/04 03:26:33.894 - MENSAJE: (FrontEnd Antes CapturaPlaca)
2023/12/04 03:26:33.926 - MENSAJE: (FrontEnd Antes CapturaPlaca) ------
2023/12/04 03:26:33.927 - MENSAJE: 
2023/12/04 03:26:33.928 - MENSAJE: Vehiculo en el mueble
2023/12/04 03:26:33.959 - MENSAJE: Captura de placa: ------
2023/12/04 03:26:34.437 - MENSAJE: 
2023/12/04 03:26:34.886 - MENSAJE: Registrar Entrada OK
2023/12/04 03:26:34.977 - MENSAJE: FrondEnd-Imprimir -> Funcion imprimir Ticket.
2023/12/04 03:26:37.146 - MENSAJE: Apertura Barrera
2023/12/04 03:26:37.147 - MENSAJE: 
2023/12/04 03:26:37.200 - MENSAJE: 
2023/12/04 03:26:37.655 - MENSAJE: 
2023/12/04 03:26:37.891 - MENSAJE: 
2023/12/04 03:26:38.887 - MENSAJE: 
2023/12/04 03:26:39.893 - MENSAJE: 
2023/12/04 03:26:40.883 - MENSAJE: 
2023/12/04 03:26:41.898 - MENSAJE: 
2023/12/04 03:26:42.887 - MENSAJE: 
2023/12/04 03:26:43.884 - MENSAJE: 
2023/12/04 03:26:44.506 - MENSAJE: 
2023/12/04 03:26:44.897 - MENSAJE: 
2023/12/04 03:26:44.914 - MENSAJE: Registro correcto del vehiculo en el sistema
2023/12/04 03:26:45.410 - MENSAJE: 
2023/12/04 03:26:45.895 - MENSAJE: 
2023/12/04 03:26:45.896 - MENSAJE: Vehiculo ya entró y pasó por la tanqquera
2023/12/04 03:26:45.942 - MENSAJE: (PRESENTER) Error Borrado Varibales PLC
2023/12/04 03:26:46.409 - MENSAJE: 
2023/12/04 03:26:46.894 - MENSAJE: (FrontEnd Antes CapturaPlaca)
2023/12/04 03:26:46.939 - MENSAJE: (FrontEnd Antes CapturaPlaca) ------
2023/12/04 03:26:46.941 - MENSAJE: 
2023/12/04 03:26:47.454 - MENSAJE: 
2023/12/04 03:26:47.892 - MENSAJE: (FrontEnd Antes CapturaPlaca)
2023/12/04 03:26:47.954 - MENSAJE: (FrontEnd Antes CapturaPlaca) ------
2023/12/04 03:26:47.956 - MENSAJE: 
2023/12/04 03:26:48.470 - MENSAJE: 
2023/12/04 03:26:48.891 - MENSAJE: (FrontEnd Antes CapturaPlaca)
2023/12/04 03:26:48.924 - MENSAJE: (FrontEnd Antes CapturaPlaca) ------
2023/12/04 03:26:48.925 - MENSAJE: 
2023/12/04 03:26:49.434 - MENSAJE: 
2023/12/04 03:26:49.887 - MENSAJE: (FrontEnd Antes CapturaPlaca)
2023/12/04 03:26:49.920 - MENSAJE: (FrontEnd Antes CapturaPlaca) ------
2023/12/04 03:26:49.922 - MENSAJE: 
2023/12/04 03:26:50.432 - MENSAJE: 
2023/12/04 03:26:50.884 - MENSAJE: (FrontEnd Antes CapturaPlaca)
2023/12/04 03:26:50.924 - MENSAJE: (FrontEnd Antes CapturaPlaca) ------
2023/12/04 03:26:50.925 - MENSAJE: 
2023/12/04 03:26:51.429 - MENSAJE: 
2023/12/04 03:26:51.896 - MENSAJE: (FrontEnd Antes CapturaPlaca)
2023/12/04 03:26:51.928 - MENSAJE: (FrontEnd Antes CapturaPlaca) ------
2023/12/04 03:26:51.929 - MENSAJE: 
2023/12/04 03:26:52.439 - MENSAJE: 
2023/12/04 03:26:52.893 - MENSAJE: (FrontEnd Antes CapturaPlaca)
2023/12/04 03:26:52.934 - MENSAJE: (FrontEnd Antes CapturaPlaca) ------
2023/12/04 03:26:52.935 - MENSAJE: 
2023/12/04 03:26:53.437 - MENSAJE: 
2023/12/04 03:26:53.890 - MENSAJE: (FrontEnd Antes CapturaPlaca)
2023/12/04 03:26:53.947 - MENSAJE: (FrontEnd Antes CapturaPlaca) ------
2023/12/04 03:26:53.948 - MENSAJE: 
2023/12/04 03:26:54.449 - MENSAJE: 
2023/12/04 03:26:54.885 - MENSAJE: (FrontEnd Antes CapturaPlaca)
2023/12/04 03:26:54.933 - MENSAJE: (FrontEnd Antes CapturaPlaca) ------
2023/12/04 03:26:54.934 - MENSAJE: 
2023/12/04 03:26:55.446 - MENSAJE: 
2023/12/04 03:26:55.896 - MENSAJE: (FrontEnd Antes CapturaPlaca)
2023/12/04 03:26:55.953 - MENSAJE: (FrontEnd Antes CapturaPlaca) ------
2023/12/04 03:26:55.954 - MENSAJE: 
2023/12/04 03:26:56.458 - MENSAJE: 
2023/12/04 03:26:56.896 - MENSAJE: (FrontEnd Antes CapturaPlaca)
2023/12/04 03:26:56.947 - MENSAJE: (FrontEnd Antes CapturaPlaca) ------
2023/12/04 03:26:56.948 - MENSAJE: 
2023/12/04 03:26:57.453 - MENSAJE: 
2023/12/04 03:26:57.889 - MENSAJE: (FrontEnd Antes CapturaPlaca)
2023/12/04 03:26:57.918 - MENSAJE: (FrontEnd Antes CapturaPlaca) ------
2023/12/04 03:26:57.919 - MENSAJE: 
2023/12/04 03:26:58.432 - MENSAJE: 
2023/12/04 03:26:58.885 - MENSAJE: (FrontEnd Antes CapturaPlaca)
2023/12/04 03:26:58.936 - MENSAJE: (FrontEnd Antes CapturaPlaca) ZZFU1E
2023/12/04 03:26:58.937 - MENSAJE: 
2023/12/04 03:26:58.939 - MENSAJE: oAutorizado.PlacaAuto : ZZFU1E
2023/12/04 03:26:59.004 - MENSAJE: (PRESENTER) Error Borrado Varibales PLC
2023/12/04 03:26:59.442 - MENSAJE: 
2023/12/04 03:26:59.893 - MENSAJE: (FrontEnd Antes CapturaPlaca)
2023/12/04 03:26:59.934 - MENSAJE: (FrontEnd Antes CapturaPlaca) ZZFU1E
2023/12/04 03:26:59.935 - MENSAJE: 
2023/12/04 03:26:59.936 - MENSAJE: Vehiculo en el mueble
2023/12/04 03:26:59.970 - MENSAJE: Captura de placa: ZZFU1E
2023/12/04 03:27:00.440 - MENSAJE: 
2023/12/04 03:27:00.895 - MENSAJE: Registrar Entrada OK
2023/12/04 03:27:00.914 - MENSAJE: FrondEnd-Imprimir -> Funcion imprimir Ticket.
2023/12/04 03:27:01.738 - MENSAJE: Apertura Barrera
2023/12/04 03:27:01.739 - MENSAJE: 
2023/12/04 03:27:01.884 - MENSAJE: 
2023/12/04 03:27:02.243 - MENSAJE: 
2023/12/04 03:27:02.895 - MENSAJE: 
2023/12/04 03:27:03.891 - MENSAJE: 
2023/12/04 03:27:04.886 - MENSAJE: 
2023/12/04 03:27:05.896 - MENSAJE: 
2023/12/04 03:27:06.885 - MENSAJE: 
2023/12/04 03:27:07.895 - MENSAJE: 
2023/12/04 03:27:08.887 - MENSAJE: 
2023/12/04 03:27:09.598 - MENSAJE: 
2023/12/04 03:27:09.893 - MENSAJE: 
2023/12/04 03:27:09.895 - MENSAJE: Registro correcto del vehiculo en el sistema
2023/12/04 03:27:10.408 - MENSAJE: 
2023/12/04 03:27:10.891 - MENSAJE: 
2023/12/04 03:27:11.407 - MENSAJE: 
2023/12/04 03:27:11.893 - MENSAJE: 
2023/12/04 03:27:11.895 - MENSAJE: Vehiculo ya entró y pasó por la tanqquera
2023/12/04 03:27:11.934 - MENSAJE: (PRESENTER) Error Borrado Varibales PLC
2023/12/04 03:27:12.398 - MENSAJE: 
2023/12/04 03:27:12.896 - MENSAJE: (FrontEnd Antes CapturaPlaca)
2023/12/04 03:27:12.940 - MENSAJE: (FrontEnd Antes CapturaPlaca) ------
2023/12/04 03:27:12.941 - MENSAJE: 
2023/12/04 03:27:13.457 - MENSAJE: 
2023/12/04 03:27:13.891 - MENSAJE: (FrontEnd Antes CapturaPlaca)
2023/12/04 03:27:13.932 - MENSAJE: (FrontEnd Antes CapturaPlaca) ------
2023/12/04 03:27:13.933 - MENSAJE: 
2023/12/04 03:27:14.439 - MENSAJE: 
2023/12/04 03:27:14.892 - MENSAJE: (FrontEnd Antes CapturaPlaca)
2023/12/04 03:27:14.946 - MENSAJE: (FrontEnd Antes CapturaPlaca) ------
2023/12/04 03:27:14.947 - MENSAJE: 
2023/12/04 03:27:15.452 - MENSAJE: 
2023/12/04 03:27:15.890 - MENSAJE: (FrontEnd Antes CapturaPlaca)
2023/12/04 03:27:15.935 - MENSAJE: (FrontEnd Antes CapturaPlaca) ------
2023/12/04 03:27:15.936 - MENSAJE: 
2023/12/04 03:27:16.450 - MENSAJE: 
2023/12/04 03:27:16.887 - MENSAJE: (FrontEnd Antes CapturaPlaca)
2023/12/04 03:27:16.915 - MENSAJE: (FrontEnd Antes CapturaPlaca) ------
2023/12/04 03:27:16.916 - MENSAJE: 
2023/12/04 03:27:17.431 - MENSAJE: 
2023/12/04 03:27:17.883 - MENSAJE: (FrontEnd Antes CapturaPlaca)
2023/12/04 03:27:17.937 - MENSAJE: (FrontEnd Antes CapturaPlaca) ------
2023/12/04 03:27:17.939 - MENSAJE: 
2023/12/04 03:27:18.443 - MENSAJE: 
2023/12/04 03:27:18.894 - MENSAJE: (FrontEnd Antes CapturaPlaca)
2023/12/04 03:27:18.925 - MENSAJE: (FrontEnd Antes CapturaPlaca) ------
2023/12/04 03:27:18.926 - MENSAJE: 
2023/12/04 03:27:19.434 - MENSAJE: 
2023/12/04 03:27:19.886 - MENSAJE: (FrontEnd Antes CapturaPlaca)
2023/12/04 03:27:19.915 - MENSAJE: (FrontEnd Antes CapturaPlaca) ------
2023/12/04 03:27:19.916 - MENSAJE: 
2023/12/04 03:27:20.417 - MENSAJE: 
2023/12/04 03:27:20.883 - MENSAJE: (FrontEnd Antes CapturaPlaca)
2023/12/04 03:27:20.921 - MENSAJE: (FrontEnd Antes CapturaPlaca) ------
2023/12/04 03:27:20.922 - MENSAJE: 
2023/12/04 03:27:21.426 - MENSAJE: 
2023/12/04 03:27:21.891 - MENSAJE: (FrontEnd Antes CapturaPlaca)
2023/12/04 03:27:21.936 - MENSAJE: (FrontEnd Antes CapturaPlaca) ------
2023/12/04 03:27:21.937 - MENSAJE: 
2023/12/04 03:27:22.452 - MENSAJE: 
2023/12/04 03:27:22.889 - MENSAJE: (FrontEnd Antes CapturaPlaca)
2023/12/04 03:27:22.933 - MENSAJE: (FrontEnd Antes CapturaPlaca) ------
2023/12/04 03:27:22.935 - MENSAJE: 
2023/12/04 03:27:23.447 - MENSAJE: 
2023/12/04 03:27:23.898 - MENSAJE: (FrontEnd Antes CapturaPlaca)
2023/12/04 03:27:23.931 - MENSAJE: (FrontEnd Antes CapturaPlaca) ------
2023/12/04 03:27:23.932 - MENSAJE: 
2023/12/04 03:27:24.445 - MENSAJE: 
2023/12/04 03:27:24.896 - MENSAJE: (FrontEnd Antes CapturaPlaca)
2023/12/04 03:27:24.944 - MENSAJE: (FrontEnd Antes CapturaPlaca) ------
2023/12/04 03:27:24.945 - MENSAJE: 
2023/12/04 03:27:25.457 - MENSAJE: 
2023/12/04 03:27:25.893 - MENSAJE: (FrontEnd Antes CapturaPlaca)
2023/12/04 03:27:25.951 - MENSAJE: (FrontEnd Antes CapturaPlaca) ------
2023/12/04 03:27:25.953 - MENSAJE: 
2023/12/04 03:27:26.468 - MENSAJE: 
2023/12/04 03:27:26.890 - MENSAJE: (FrontEnd Antes CapturaPlaca)
2023/12/04 03:27:26.941 - MENSAJE: (FrontEnd Antes CapturaPlaca) ------
2023/12/04 03:27:26.943 - MENSAJE: 
2023/12/04 03:27:26.955 - MENSAJE: (Presenter ObtenerEventoDispo) OK
2023/12/04 03:27:26.957 - MENSAJE: 
2023/12/04 03:27:26.971 - MENSAJE: (Presenter ActualizarEventoDispositivo) OK
2023/12/04 03:27:27.448 - MENSAJE: 
2023/12/04 03:27:27.897 - MENSAJE: (FrontEnd Antes CapturaPlaca)
2023/12/04 03:27:27.951 - MENSAJE: (FrontEnd Antes CapturaPlaca) ------
2023/12/04 03:27:27.952 - MENSAJE: 
2023/12/04 03:27:28.891 - MENSAJE: (FrontEnd Antes CapturaPlaca)
2023/12/04 03:27:28.942 - MENSAJE: (FrontEnd Antes CapturaPlaca) ------
2023/12/04 03:27:28.943 - MENSAJE: 
2023/12/04 03:27:29.897 - MENSAJE: (FrontEnd Antes CapturaPlaca)
2023/12/04 03:27:29.937 - MENSAJE: (FrontEnd Antes CapturaPlaca) ------
2023/12/04 03:27:29.938 - MENSAJE: 
2023/12/04 03:27:30.895 - MENSAJE: (FrontEnd Antes CapturaPlaca)
2023/12/04 03:27:30.941 - MENSAJE: (FrontEnd Antes CapturaPlaca) ------
2023/12/04 03:27:30.942 - MENSAJE: 
2023/12/04 03:27:31.894 - MENSAJE: (FrontEnd Antes CapturaPlaca)
2023/12/04 03:27:31.955 - MENSAJE: (FrontEnd Antes CapturaPlaca) ------
2023/12/04 03:27:31.956 - MENSAJE: 
2023/12/04 03:27:32.890 - MENSAJE: (FrontEnd Antes CapturaPlaca)
2023/12/04 03:27:32.927 - MENSAJE: (FrontEnd Antes CapturaPlaca) ------
2023/12/04 03:27:32.928 - MENSAJE: 
2023/12/04 03:27:33.883 - MENSAJE: (FrontEnd Antes CapturaPlaca)
2023/12/04 03:27:33.936 - MENSAJE: (FrontEnd Antes CapturaPlaca) ------
2023/12/04 03:27:33.937 - MENSAJE: 
2023/12/04 03:27:34.895 - MENSAJE: (FrontEnd Antes CapturaPlaca)
2023/12/04 03:27:34.953 - MENSAJE: (FrontEnd Antes CapturaPlaca) ------
2023/12/04 03:27:34.954 - MENSAJE: 
2023/12/04 03:27:35.890 - MENSAJE: (FrontEnd Antes CapturaPlaca)
2023/12/04 03:27:35.943 - MENSAJE: (FrontEnd Antes CapturaPlaca) ------
2023/12/04 03:27:35.944 - MENSAJE: 
2023/12/04 03:27:36.888 - MENSAJE: (FrontEnd Antes CapturaPlaca)
2023/12/04 03:27:36.942 - MENSAJE: (FrontEnd Antes CapturaPlaca) ------
2023/12/04 03:27:36.943 - MENSAJE: 
2023/12/04 03:27:37.887 - MENSAJE: (FrontEnd Antes CapturaPlaca)
2023/12/04 03:27:37.922 - MENSAJE: (FrontEnd Antes CapturaPlaca) ------
2023/12/04 03:27:37.923 - MENSAJE: 
2023/12/04 03:27:38.898 - MENSAJE: (FrontEnd Antes CapturaPlaca)
2023/12/04 03:27:38.934 - MENSAJE: (FrontEnd Antes CapturaPlaca) ------
2023/12/04 03:27:38.935 - MENSAJE: 
2023/12/04 03:27:39.892 - MENSAJE: (FrontEnd Antes CapturaPlaca)
2023/12/04 03:27:39.928 - MENSAJE: (FrontEnd Antes CapturaPlaca) ------
2023/12/04 03:27:39.929 - MENSAJE: 
2023/12/04 03:27:40.888 - MENSAJE: (FrontEnd Antes CapturaPlaca)
2023/12/04 03:27:40.925 - MENSAJE: (FrontEnd Antes CapturaPlaca) ------
2023/12/04 03:27:40.926 - MENSAJE: 
2023/12/04 03:27:41.649 - MENSAJE: 
2023/12/04 03:27:41.897 - MENSAJE: (FrontEnd Antes CapturaPlaca)
2023/12/04 03:27:41.945 - MENSAJE: (FrontEnd Antes CapturaPlaca) ------
2023/12/04 03:27:41.946 - MENSAJE: 
2023/12/04 03:27:42.462 - MENSAJE: 
2023/12/04 03:27:42.897 - MENSAJE: (FrontEnd Antes CapturaPlaca)
2023/12/04 03:27:42.953 - MENSAJE: (FrontEnd Antes CapturaPlaca) ------
2023/12/04 03:27:42.954 - MENSAJE: 
2023/12/04 03:27:43.456 - MENSAJE: 
2023/12/04 03:27:43.890 - MENSAJE: (FrontEnd Antes CapturaPlaca)
2023/12/04 03:27:43.945 - MENSAJE: (FrontEnd Antes CapturaPlaca) ------
2023/12/04 03:27:43.947 - MENSAJE: 
2023/12/04 03:27:44.453 - MENSAJE: 
2023/12/04 03:27:44.886 - MENSAJE: (FrontEnd Antes CapturaPlaca)
2023/12/04 03:27:44.927 - MENSAJE: (FrontEnd Antes CapturaPlaca) ------
2023/12/04 03:27:44.928 - MENSAJE: 
2023/12/04 03:27:45.436 - MENSAJE: 
2023/12/04 03:27:45.889 - MENSAJE: (FrontEnd Antes CapturaPlaca)
2023/12/04 03:27:45.938 - MENSAJE: (FrontEnd Antes CapturaPlaca) LJL21D
2023/12/04 03:27:45.939 - MENSAJE: 
2023/12/04 03:27:45.940 - MENSAJE: oAutorizado.PlacaAuto : LJL21D
2023/12/04 03:27:45.990 - MENSAJE: (PRESENTER) Error Borrado Varibales PLC
2023/12/04 03:27:46.450 - MENSAJE: 
2023/12/04 03:27:46.883 - MENSAJE: (FrontEnd Antes CapturaPlaca)
2023/12/04 03:27:46.929 - MENSAJE: (FrontEnd Antes CapturaPlaca) LJL21D
2023/12/04 03:27:46.930 - MENSAJE: 
2023/12/04 03:27:46.931 - MENSAJE: oAutorizado.PlacaAuto : LJL21D
2023/12/04 03:27:46.977 - MENSAJE: (PRESENTER) Error Borrado Varibales PLC
2023/12/04 03:27:47.444 - MENSAJE: 
2023/12/04 03:27:47.894 - MENSAJE: (FrontEnd Antes CapturaPlaca)
2023/12/04 03:27:47.928 - MENSAJE: (FrontEnd Antes CapturaPlaca) LJL21D
2023/12/04 03:27:47.929 - MENSAJE: 
2023/12/04 03:27:47.930 - MENSAJE: oAutorizado.PlacaAuto : LJL21D
2023/12/04 03:27:47.977 - MENSAJE: (PRESENTER) Error Borrado Varibales PLC
2023/12/04 03:27:48.440 - MENSAJE: 
2023/12/04 03:27:48.889 - MENSAJE: (FrontEnd Antes CapturaPlaca)
2023/12/04 03:27:48.935 - MENSAJE: (FrontEnd Antes CapturaPlaca) LJL21D
2023/12/04 03:27:48.936 - MENSAJE: 
2023/12/04 03:27:48.937 - MENSAJE: Vehiculo en el mueble
2023/12/04 03:27:48.965 - MENSAJE: Captura de placa: LJL21D
2023/12/04 03:27:49.452 - MENSAJE: 
2023/12/04 03:27:49.888 - MENSAJE: Registrar Entrada OK
2023/12/04 03:27:49.913 - MENSAJE: FrondEnd-Imprimir -> Funcion imprimir Ticket.
2023/12/04 03:27:50.795 - MENSAJE: Apertura Barrera
2023/12/04 03:27:50.796 - MENSAJE: 
2023/12/04 03:27:50.895 - MENSAJE: 
2023/12/04 03:27:51.312 - MENSAJE: 
2023/12/04 03:27:51.891 - MENSAJE: 
2023/12/04 03:27:52.887 - MENSAJE: 
2023/12/04 03:27:53.895 - MENSAJE: 
2023/12/04 03:27:54.891 - MENSAJE: 
2023/12/04 03:27:55.884 - MENSAJE: 
2023/12/04 03:27:56.892 - MENSAJE: 
2023/12/04 03:27:57.897 - MENSAJE: 
2023/12/04 03:27:58.893 - MENSAJE: 
2023/12/04 03:27:59.885 - MENSAJE: 
2023/12/04 03:28:00.898 - MENSAJE: 
2023/12/04 03:28:01.889 - MENSAJE: 
2023/12/04 03:28:02.887 - MENSAJE: 
2023/12/04 03:28:03.474 - MENSAJE: 
2023/12/04 03:28:03.893 - MENSAJE: 
2023/12/04 03:28:03.895 - MENSAJE: Registro correcto del vehiculo en el sistema
2023/12/04 03:28:04.399 - MENSAJE: 
2023/12/04 03:28:04.896 - MENSAJE: 
2023/12/04 03:28:04.897 - MENSAJE: Vehiculo ya entró y pasó por la tanqquera
2023/12/04 03:28:04.940 - MENSAJE: (PRESENTER) Error Borrado Varibales PLC
2023/12/04 03:28:05.398 - MENSAJE: 
2023/12/04 03:28:05.895 - MENSAJE: (FrontEnd Antes CapturaPlaca)
2023/12/04 03:28:05.923 - MENSAJE: (FrontEnd Antes CapturaPlaca) ------
2023/12/04 03:28:05.924 - MENSAJE: 
2023/12/04 03:28:06.437 - MENSAJE: 
2023/12/04 03:28:06.886 - MENSAJE: (FrontEnd Antes CapturaPlaca)
2023/12/04 03:28:06.930 - MENSAJE: (FrontEnd Antes CapturaPlaca) ------
2023/12/04 03:28:06.931 - MENSAJE: 
2023/12/04 03:28:07.436 - MENSAJE: 
2023/12/04 03:28:07.886 - MENSAJE: (FrontEnd Antes CapturaPlaca)
2023/12/04 03:28:07.914 - MENSAJE: (FrontEnd Antes CapturaPlaca) RIT24C
2023/12/04 03:28:07.915 - MENSAJE: 
2023/12/04 03:28:07.915 - MENSAJE: oAutorizado.PlacaAuto : RIT24C
2023/12/04 03:28:07.949 - MENSAJE: (PRESENTER) Error Borrado Varibales PLC
2023/12/04 03:28:08.416 - MENSAJE: 
2023/12/04 03:28:08.896 - MENSAJE: (FrontEnd Antes CapturaPlaca)
2023/12/04 03:28:08.948 - MENSAJE: (FrontEnd Antes CapturaPlaca) RIT24C
2023/12/04 03:28:08.950 - MENSAJE: 
2023/12/04 03:28:08.951 - MENSAJE: oAutorizado.PlacaAuto : RIT24C
2023/12/04 03:28:08.999 - MENSAJE: (PRESENTER) Error Borrado Varibales PLC
2023/12/04 03:28:09.455 - MENSAJE: 
2023/12/04 03:28:09.893 - MENSAJE: (FrontEnd Antes CapturaPlaca)
2023/12/04 03:28:09.924 - MENSAJE: (FrontEnd Antes CapturaPlaca) RIT24C
2023/12/04 03:28:09.925 - MENSAJE: 
2023/12/04 03:28:09.926 - MENSAJE: oAutorizado.PlacaAuto : RIT24C
2023/12/04 03:28:09.970 - MENSAJE: (PRESENTER) Error Borrado Varibales PLC
2023/12/04 03:28:10.436 - MENSAJE: 
2023/12/04 03:28:10.890 - MENSAJE: (FrontEnd Antes CapturaPlaca)
2023/12/04 03:28:10.921 - MENSAJE: (FrontEnd Antes CapturaPlaca) RIT24C
2023/12/04 03:28:10.922 - MENSAJE: 
2023/12/04 03:28:10.923 - MENSAJE: oAutorizado.PlacaAuto : RIT24C
2023/12/04 03:28:10.975 - MENSAJE: (PRESENTER) Error Borrado Varibales PLC
2023/12/04 03:28:11.435 - MENSAJE: 
2023/12/04 03:28:11.885 - MENSAJE: (FrontEnd Antes CapturaPlaca)
2023/12/04 03:28:11.916 - MENSAJE: (FrontEnd Antes CapturaPlaca) RIT24C
2023/12/04 03:28:11.917 - MENSAJE: 
2023/12/04 03:28:11.918 - MENSAJE: Vehiculo en el mueble
2023/12/04 03:28:11.951 - MENSAJE: Captura de placa: RIT24C
2023/12/04 03:28:12.433 - MENSAJE: 
2023/12/04 03:28:12.886 - MENSAJE: Registrar Entrada OK
2023/12/04 03:28:12.895 - MENSAJE: FrondEnd-Imprimir -> Funcion imprimir Ticket.
2023/12/04 03:28:13.716 - MENSAJE: Apertura Barrera
2023/12/04 03:28:13.717 - MENSAJE: 
2023/12/04 03:28:13.895 - MENSAJE: 
2023/12/04 03:28:14.222 - MENSAJE: 
2023/12/04 03:28:14.894 - MENSAJE: 
2023/12/04 03:28:15.889 - MENSAJE: 
2023/12/04 03:28:16.897 - MENSAJE: 
2023/12/04 03:28:17.890 - MENSAJE: 
2023/12/04 03:28:18.896 - MENSAJE: 
2023/12/04 03:28:19.888 - MENSAJE: 
2023/12/04 03:28:20.886 - MENSAJE: 
2023/12/04 03:28:21.896 - MENSAJE: 
2023/12/04 03:28:22.890 - MENSAJE: 
2023/12/04 03:28:23.603 - MENSAJE: 
2023/12/04 03:28:23.896 - MENSAJE: 
2023/12/04 03:28:23.898 - MENSAJE: Registro correcto del vehiculo en el sistema
2023/12/04 03:28:24.411 - MENSAJE: 
2023/12/04 03:28:24.894 - MENSAJE: 
2023/12/04 03:28:25.406 - MENSAJE: 
2023/12/04 03:28:25.886 - MENSAJE: 
2023/12/04 03:28:25.887 - MENSAJE: Vehiculo ya entró y pasó por la tanqquera
2023/12/04 03:28:25.922 - MENSAJE: (PRESENTER) Error Borrado Varibales PLC
2023/12/04 03:28:26.401 - MENSAJE: 
2023/12/04 03:28:26.898 - MENSAJE: (FrontEnd Antes CapturaPlaca)
2023/12/04 03:28:26.932 - MENSAJE: (FrontEnd Antes CapturaPlaca) ------
2023/12/04 03:28:26.933 - MENSAJE: 
2023/12/04 03:28:27.441 - MENSAJE: 
2023/12/04 03:28:27.925 - MENSAJE: (FrontEnd Antes CapturaPlaca)
2023/12/04 03:28:27.956 - MENSAJE: (FrontEnd Antes CapturaPlaca) ------
2023/12/04 03:28:27.956 - MENSAJE: 
2023/12/04 03:28:28.467 - MENSAJE: 
2023/12/04 03:28:28.930 - MENSAJE: (FrontEnd Antes CapturaPlaca)
2023/12/04 03:28:28.964 - MENSAJE: (FrontEnd Antes CapturaPlaca) ------
2023/12/04 03:28:28.965 - MENSAJE: 
2023/12/04 03:28:29.467 - MENSAJE: 
2023/12/04 03:28:29.927 - MENSAJE: (FrontEnd Antes CapturaPlaca)
2023/12/04 03:28:29.979 - MENSAJE: (FrontEnd Antes CapturaPlaca) ------
2023/12/04 03:28:29.980 - MENSAJE: 
2023/12/04 03:28:30.493 - MENSAJE: 
2023/12/04 03:28:30.921 - MENSAJE: (FrontEnd Antes CapturaPlaca)
2023/12/04 03:28:30.950 - MENSAJE: (FrontEnd Antes CapturaPlaca) ------
2023/12/04 03:28:30.951 - MENSAJE: 
2023/12/04 03:28:31.455 - MENSAJE: 
2023/12/04 03:28:31.911 - MENSAJE: (FrontEnd Antes CapturaPlaca)
2023/12/04 03:28:31.957 - MENSAJE: (FrontEnd Antes CapturaPlaca) ------
2023/12/04 03:28:31.958 - MENSAJE: 
2023/12/04 03:28:32.463 - MENSAJE: 
2023/12/04 03:28:32.907 - MENSAJE: (FrontEnd Antes CapturaPlaca)
2023/12/04 03:28:32.939 - MENSAJE: (FrontEnd Antes CapturaPlaca) ------
2023/12/04 03:28:32.940 - MENSAJE: 
2023/12/04 03:28:33.441 - MENSAJE: 
2023/12/04 03:28:33.910 - MENSAJE: (FrontEnd Antes CapturaPlaca)
2023/12/04 03:28:33.939 - MENSAJE: (FrontEnd Antes CapturaPlaca) ------
2023/12/04 03:28:33.940 - MENSAJE: 
2023/12/04 03:28:34.442 - MENSAJE: 
2023/12/04 03:28:34.910 - MENSAJE: (FrontEnd Antes CapturaPlaca)
2023/12/04 03:28:34.938 - MENSAJE: (FrontEnd Antes CapturaPlaca) ------
2023/12/04 03:28:34.939 - MENSAJE: 
2023/12/04 03:28:35.452 - MENSAJE: 
2023/12/04 03:28:35.903 - MENSAJE: (FrontEnd Antes CapturaPlaca)
2023/12/04 03:28:35.953 - MENSAJE: (FrontEnd Antes CapturaPlaca) ------
2023/12/04 03:28:35.957 - MENSAJE: 
2023/12/04 03:28:36.464 - MENSAJE: 
2023/12/04 03:28:36.901 - MENSAJE: (FrontEnd Antes CapturaPlaca)
2023/12/04 03:28:36.931 - MENSAJE: (FrontEnd Antes CapturaPlaca) ------
2023/12/04 03:28:36.932 - MENSAJE: 
