2022/06/25 09:44:15.056 - INICIO REGISTRO
2022/06/25 09:44:15.065 - MENSAJE: (FrondEnd CargaRecursos): Carga Controles - OK
2022/06/25 09:44:15.179 - MENSAJE: (FrondEnd CargaImagenes): Carga Imagenes - OK
2022/06/25 09:44:15.688 - MENSAJE: (Presenter ObtenerInfoModulo) OK
2022/06/25 09:44:15.732 - MENSAJE: (Presenter ObtenerInfoPartes) OK
2022/06/25 09:44:15.757 - MENSAJE: (Presenter ObtenerInfoParametros) OK
2022/06/25 09:44:16.001 - MENSAJE: (PRESENTER) Conexion Exitosa PLC
2022/06/25 09:44:16.140 - MENSAJE: (PRESENTER) Borrado Exitoso Variables PLC
2022/06/25 09:44:16.168 - MENSAJE: ConexionExitosa_Dispensador
2022/06/25 09:44:18.703 - MENSAJE: (PRESENTER) Borrado Exitoso Variables PLC
2022/06/25 09:44:19.413 - MENSAJE: Sin_Tarjeta
2022/06/25 09:44:20.028 - MENSAJE: Sin_Tarjeta
2022/06/25 09:44:20.640 - MENSAJE: Sin_Tarjeta
2022/06/25 09:44:21.657 - MENSAJE: Sin_Tarjeta
2022/06/25 09:44:22.660 - MENSAJE: Sin_Tarjeta
2022/06/25 09:44:23.665 - MENSAJE: Sin_Tarjeta
2022/06/25 09:44:24.669 - MENSAJE: Sin_Tarjeta
2022/06/25 09:44:25.674 - MENSAJE: Sin_Tarjeta
2022/06/25 09:44:26.659 - MENSAJE: Sin_Tarjeta
2022/06/25 09:44:27.677 - MENSAJE: Sin_Tarjeta
2022/06/25 09:44:28.662 - MENSAJE: Sin_Tarjeta
2022/06/25 09:44:29.688 - MENSAJE: Sin_Tarjeta
2022/06/25 09:44:30.675 - MENSAJE: Sin_Tarjeta
2022/06/25 09:44:31.699 - MENSAJE: Sin_Tarjeta
2022/06/25 09:44:32.719 - MENSAJE: Sin_Tarjeta
2022/06/25 09:44:33.701 - MENSAJE: Sin_Tarjeta
2022/06/25 09:44:34.716 - MENSAJE: Sin_Tarjeta
2022/06/25 09:44:35.733 - MENSAJE: Sin_Tarjeta
2022/06/25 09:44:36.738 - MENSAJE: Sin_Tarjeta
2022/06/25 09:44:37.740 - MENSAJE: Sin_Tarjeta
2022/06/25 09:44:38.735 - MENSAJE: Sin_Tarjeta
2022/06/25 09:44:39.744 - MENSAJE: Sin_Tarjeta
2022/06/25 09:44:40.743 - MENSAJE: Sin_Tarjeta
2022/06/25 09:44:40.763 - MENSAJE: Vehiculo En Mueble
2022/06/25 09:44:40.764 - MENSAJE: (FrontEnd Antes AlistarTarjetaNew)
2022/06/25 09:44:42.503 - MENSAJE: Tarjeta_Alistada
2022/06/25 09:44:42.536 - MENSAJE: Tarjeta Encontrada: 64184DED
2022/06/25 09:44:42.537 - MENSAJE: (FrontEnd CapturaPlaca) 
2022/06/25 09:44:42.606 - MENSAJE: Vehiculo En Mueble
2022/06/25 09:44:44.776 - MENSAJE: Tarjeta_Escrita
2022/06/25 09:44:44.788 - MENSAJE: Tarjeta_MovidaReceptor_RF_TO_FRONT
2022/06/25 09:44:45.487 - MENSAJE: Tarjeta_En_Boca
2022/06/25 09:44:45.487 - MENSAJE: Tarjeta_En_Boca
2022/06/25 09:44:45.524 - MENSAJE: Vehiculo En Mueble
2022/06/25 09:44:46.157 - MENSAJE: Tarjeta_En_Boca
2022/06/25 09:44:46.158 - MENSAJE: Tarjeta_En_Boca
2022/06/25 09:44:46.196 - MENSAJE: Vehiculo En Mueble
2022/06/25 09:44:46.788 - MENSAJE: Tarjeta_En_Boca
2022/06/25 09:44:46.789 - MENSAJE: Tarjeta_En_Boca
2022/06/25 09:44:46.828 - MENSAJE: Vehiculo En Mueble
2022/06/25 09:44:47.755 - MENSAJE: Tarjeta_En_Boca
2022/06/25 09:44:47.756 - MENSAJE: Tarjeta_En_Boca
2022/06/25 09:44:47.794 - MENSAJE: Vehiculo En Mueble
2022/06/25 09:44:48.757 - MENSAJE: Tarjeta_En_Boca
2022/06/25 09:44:48.757 - MENSAJE: Tarjeta_En_Boca
2022/06/25 09:44:48.794 - MENSAJE: Vehiculo En Mueble
2022/06/25 09:44:49.744 - MENSAJE: Tarjeta_En_Boca
2022/06/25 09:44:49.745 - MENSAJE: Tarjeta_En_Boca
2022/06/25 09:44:49.925 - MENSAJE: (PRESENTER) Borrado Exitoso Variables PLC
2022/06/25 09:45:05.895 - MENSAJE: (FrontEnd CapturaPlaca) Placa: MNO534
2022/06/25 09:45:07.886 - MENSAJE: Vehiculo En Mueble
2022/06/25 09:45:07.886 - MENSAJE: (FrontEnd Antes AlistarTarjetaNew)
2022/06/25 09:45:09.626 - MENSAJE: Tarjeta_Alistada
2022/06/25 09:45:09.652 - MENSAJE: Tarjeta Encontrada: 64184DED
2022/06/25 09:45:09.652 - MENSAJE: (FrontEnd CapturaPlaca) MNO534
2022/06/25 09:45:09.654 - MENSAJE: oAutorizado.PlacaAuto : MNO534
2022/06/25 09:45:10.305 - MENSAJE: Vehiculo En Mueble
2022/06/25 09:45:10.306 - MENSAJE: (FrontEnd Antes AlistarTarjetaNew)
2022/06/25 09:45:12.045 - MENSAJE: Tarjeta_Alistada
2022/06/25 09:45:12.064 - MENSAJE: Tarjeta Encontrada: 64184DED
2022/06/25 09:45:12.064 - MENSAJE: (FrontEnd CapturaPlaca) MNO534
2022/06/25 09:45:12.065 - MENSAJE: oAutorizado.PlacaAuto : MNO534
2022/06/25 09:45:12.662 - MENSAJE: Vehiculo En Mueble
2022/06/25 09:45:12.663 - MENSAJE: (FrontEnd Antes AlistarTarjetaNew)
2022/06/25 09:45:14.422 - MENSAJE: Tarjeta_Alistada
2022/06/25 09:45:14.441 - MENSAJE: Tarjeta Encontrada: 64184DED
2022/06/25 09:45:14.441 - MENSAJE: (FrontEnd CapturaPlaca) MNO534
2022/06/25 09:45:14.442 - MENSAJE: oAutorizado.PlacaAuto : MNO534
2022/06/25 09:45:15.037 - MENSAJE: Vehiculo En Mueble
2022/06/25 09:45:15.038 - MENSAJE: (FrontEnd Antes AlistarTarjetaNew)
2022/06/25 09:45:16.786 - MENSAJE: Tarjeta_Alistada
2022/06/25 09:45:16.807 - MENSAJE: Tarjeta Encontrada: 64184DED
2022/06/25 09:45:16.807 - MENSAJE: (FrontEnd CapturaPlaca) MNO534
2022/06/25 09:45:16.808 - MENSAJE: oAutorizado.PlacaAuto : MNO534
2022/06/25 09:45:17.410 - MENSAJE: Vehiculo En Mueble
2022/06/25 09:45:17.411 - MENSAJE: (FrontEnd Antes AlistarTarjetaNew)
2022/06/25 09:45:19.169 - MENSAJE: Tarjeta_Alistada
2022/06/25 09:45:19.188 - MENSAJE: Tarjeta Encontrada: 64184DED
2022/06/25 09:45:19.188 - MENSAJE: (FrontEnd CapturaPlaca) MNO534
2022/06/25 09:45:19.189 - MENSAJE: oAutorizado.PlacaAuto : MNO534
2022/06/25 09:45:19.784 - MENSAJE: Vehiculo En Mueble
2022/06/25 09:45:19.785 - MENSAJE: (FrontEnd Antes AlistarTarjetaNew)
2022/06/25 09:45:21.527 - MENSAJE: Tarjeta_Alistada
2022/06/25 09:45:21.553 - MENSAJE: Tarjeta Encontrada: 64184DED
2022/06/25 09:45:21.554 - MENSAJE: (FrontEnd CapturaPlaca) MNO534
2022/06/25 09:45:21.554 - MENSAJE: oAutorizado.PlacaAuto : MNO534
2022/06/25 09:45:22.155 - MENSAJE: Vehiculo En Mueble
2022/06/25 09:45:22.156 - MENSAJE: (FrontEnd Antes AlistarTarjetaNew)
2022/06/25 09:45:23.895 - MENSAJE: Tarjeta_Alistada
2022/06/25 09:45:23.914 - MENSAJE: Tarjeta Encontrada: 64184DED
2022/06/25 09:45:23.914 - MENSAJE: (FrontEnd CapturaPlaca) MNO534
2022/06/25 09:45:23.915 - MENSAJE: oAutorizado.PlacaAuto : MNO534
2022/06/25 09:45:24.528 - MENSAJE: Vehiculo En Mueble
2022/06/25 09:45:24.529 - MENSAJE: (FrontEnd Antes AlistarTarjetaNew)
2022/06/25 09:45:26.280 - MENSAJE: Tarjeta_Alistada
2022/06/25 09:45:26.299 - MENSAJE: Tarjeta Encontrada: 64184DED
2022/06/25 09:45:26.299 - MENSAJE: (FrontEnd CapturaPlaca) MNO534
2022/06/25 09:45:26.301 - MENSAJE: oAutorizado.PlacaAuto : MNO534
2022/06/25 09:45:26.915 - MENSAJE: Vehiculo En Mueble
2022/06/25 09:45:26.916 - MENSAJE: (FrontEnd Antes AlistarTarjetaNew)
2022/06/25 09:45:28.660 - MENSAJE: Tarjeta_Alistada
2022/06/25 09:45:28.677 - MENSAJE: Tarjeta Encontrada: 64184DED
2022/06/25 09:45:28.677 - MENSAJE: (FrontEnd CapturaPlaca) MNO534
2022/06/25 09:45:28.678 - MENSAJE: oAutorizado.PlacaAuto : MNO534
2022/06/25 09:45:29.279 - MENSAJE: Vehiculo En Mueble
2022/06/25 09:45:29.280 - MENSAJE: (FrontEnd Antes AlistarTarjetaNew)
2022/06/25 09:45:31.021 - MENSAJE: Tarjeta_Alistada
2022/06/25 09:45:31.041 - MENSAJE: Tarjeta Encontrada: 64184DED
2022/06/25 09:45:31.042 - MENSAJE: (FrontEnd CapturaPlaca) MNO534
2022/06/25 09:45:31.042 - MENSAJE: oAutorizado.PlacaAuto : MNO534
2022/06/25 09:45:31.651 - MENSAJE: Vehiculo En Mueble
2022/06/25 09:45:31.651 - MENSAJE: (FrontEnd Antes AlistarTarjetaNew)
2022/06/25 09:45:33.401 - MENSAJE: Tarjeta_Alistada
2022/06/25 09:45:33.420 - MENSAJE: Tarjeta Encontrada: 64184DED
2022/06/25 09:45:33.420 - MENSAJE: (FrontEnd CapturaPlaca) MNO534
2022/06/25 09:45:33.421 - MENSAJE: oAutorizado.PlacaAuto : MNO534
2022/06/25 09:45:34.016 - MENSAJE: Vehiculo En Mueble
2022/06/25 09:45:34.016 - MENSAJE: (FrontEnd Antes AlistarTarjetaNew)
2022/06/25 09:45:35.769 - MENSAJE: Tarjeta_Alistada
2022/06/25 09:45:35.790 - MENSAJE: Tarjeta Encontrada: 64184DED
2022/06/25 09:45:35.790 - MENSAJE: (FrontEnd CapturaPlaca) MNO534
2022/06/25 09:45:35.791 - MENSAJE: oAutorizado.PlacaAuto : MNO534
2022/06/25 09:45:36.387 - MENSAJE: Vehiculo En Mueble
2022/06/25 09:45:36.388 - MENSAJE: (FrontEnd Antes AlistarTarjetaNew)
2022/06/25 09:45:38.143 - MENSAJE: Tarjeta_Alistada
2022/06/25 09:45:38.189 - MENSAJE: Tarjeta Encontrada: 64184DED
2022/06/25 09:45:38.190 - MENSAJE: (FrontEnd CapturaPlaca) MNO534
2022/06/25 09:45:38.192 - MENSAJE: oAutorizado.PlacaAuto : MNO534
2022/06/25 09:45:38.978 - MENSAJE: Vehiculo En Mueble
2022/06/25 09:45:38.979 - MENSAJE: (FrontEnd Antes AlistarTarjetaNew)
2022/06/25 09:45:40.736 - MENSAJE: Tarjeta_Alistada
2022/06/25 09:45:40.762 - MENSAJE: Tarjeta Encontrada: 64184DED
2022/06/25 09:45:40.763 - MENSAJE: (FrontEnd CapturaPlaca) MNO534
2022/06/25 09:45:40.764 - MENSAJE: oAutorizado.PlacaAuto : MNO534
2022/06/25 09:45:41.438 - MENSAJE: Vehiculo En Mueble
2022/06/25 09:45:41.439 - MENSAJE: (FrontEnd Antes AlistarTarjetaNew)
2022/06/25 09:45:43.185 - MENSAJE: Tarjeta_Alistada
2022/06/25 09:45:43.206 - MENSAJE: Tarjeta Encontrada: 64184DED
2022/06/25 09:45:43.207 - MENSAJE: (FrontEnd CapturaPlaca) MNO534
2022/06/25 09:45:43.208 - MENSAJE: oAutorizado.PlacaAuto : MNO534
2022/06/25 09:45:43.861 - MENSAJE: Vehiculo En Mueble
2022/06/25 09:45:43.862 - MENSAJE: (FrontEnd Antes AlistarTarjetaNew)
2022/06/25 09:45:45.611 - MENSAJE: Tarjeta_Alistada
2022/06/25 09:45:45.635 - MENSAJE: Tarjeta Encontrada: 64184DED
2022/06/25 09:45:45.636 - MENSAJE: (FrontEnd CapturaPlaca) MNO534
2022/06/25 09:45:45.639 - MENSAJE: oAutorizado.PlacaAuto : MNO534
2022/06/25 09:45:46.317 - MENSAJE: Vehiculo En Mueble
2022/06/25 09:45:46.318 - MENSAJE: (FrontEnd Antes AlistarTarjetaNew)
2022/06/25 09:45:48.058 - MENSAJE: Tarjeta_Alistada
2022/06/25 09:45:48.416 - MENSAJE: Tarjeta Encontrada: 64184DED
2022/06/25 09:45:48.417 - MENSAJE: (FrontEnd CapturaPlaca) MNO534
2022/06/25 09:45:48.419 - MENSAJE: oAutorizado.PlacaAuto : MNO534
2022/06/25 09:45:49.046 - MENSAJE: Vehiculo En Mueble
2022/06/25 09:45:49.047 - MENSAJE: (FrontEnd Antes AlistarTarjetaNew)
2022/06/25 09:45:50.790 - MENSAJE: Tarjeta_Alistada
2022/06/25 09:45:50.814 - MENSAJE: Tarjeta Encontrada: 64184DED
2022/06/25 09:45:50.814 - MENSAJE: (FrontEnd CapturaPlaca) MNO534
2022/06/25 09:45:50.816 - MENSAJE: oAutorizado.PlacaAuto : MNO534
2022/06/25 09:45:51.425 - MENSAJE: Vehiculo En Mueble
2022/06/25 09:45:51.426 - MENSAJE: (FrontEnd Antes AlistarTarjetaNew)
2022/06/25 09:45:53.177 - MENSAJE: Tarjeta_Alistada
2022/06/25 09:45:53.203 - MENSAJE: Tarjeta Encontrada: 64184DED
2022/06/25 09:45:53.204 - MENSAJE: (FrontEnd CapturaPlaca) MNO534
2022/06/25 09:45:53.206 - MENSAJE: oAutorizado.PlacaAuto : MNO534
2022/06/25 09:45:53.855 - MENSAJE: Vehiculo En Mueble
2022/06/25 09:45:53.856 - MENSAJE: (FrontEnd Antes AlistarTarjetaNew)
2022/06/25 09:45:55.604 - MENSAJE: Tarjeta_Alistada
2022/06/25 09:45:55.629 - MENSAJE: Tarjeta Encontrada: 64184DED
2022/06/25 09:45:55.630 - MENSAJE: (FrontEnd CapturaPlaca) MNO534
2022/06/25 09:45:55.632 - MENSAJE: oAutorizado.PlacaAuto : MNO534
2022/06/25 09:45:56.259 - MENSAJE: Vehiculo En Mueble
2022/06/25 09:45:56.260 - MENSAJE: (FrontEnd Antes AlistarTarjetaNew)
2022/06/25 09:45:58.025 - MENSAJE: Tarjeta_Alistada
2022/06/25 09:45:58.043 - MENSAJE: Tarjeta Encontrada: 64184DED
2022/06/25 09:45:58.043 - MENSAJE: (FrontEnd CapturaPlaca) MNO534
2022/06/25 09:45:58.045 - MENSAJE: oAutorizado.PlacaAuto : MNO534
2022/06/25 09:45:58.711 - MENSAJE: Vehiculo En Mueble
2022/06/25 09:45:58.711 - MENSAJE: (FrontEnd Antes AlistarTarjetaNew)
2022/06/25 09:46:00.460 - MENSAJE: Tarjeta_Alistada
2022/06/25 09:46:00.490 - MENSAJE: Tarjeta Encontrada: 64184DED
2022/06/25 09:46:00.493 - MENSAJE: (FrontEnd CapturaPlaca) MNO534
2022/06/25 09:46:00.495 - MENSAJE: oAutorizado.PlacaAuto : MNO534
2022/06/25 09:46:01.134 - MENSAJE: Vehiculo En Mueble
2022/06/25 09:46:01.135 - MENSAJE: (FrontEnd Antes AlistarTarjetaNew)
2022/06/25 09:46:02.888 - MENSAJE: Tarjeta_Alistada
2022/06/25 09:46:02.916 - MENSAJE: Tarjeta Encontrada: 64184DED
2022/06/25 09:46:02.916 - MENSAJE: (FrontEnd CapturaPlaca) MNO534
2022/06/25 09:46:02.918 - MENSAJE: oAutorizado.PlacaAuto : MNO534
2022/06/25 09:46:03.563 - MENSAJE: Vehiculo En Mueble
2022/06/25 09:46:03.564 - MENSAJE: (FrontEnd Antes AlistarTarjetaNew)
2022/06/25 09:46:05.316 - MENSAJE: Tarjeta_Alistada
2022/06/25 09:46:05.346 - MENSAJE: Tarjeta Encontrada: 64184DED
2022/06/25 09:46:05.348 - MENSAJE: (FrontEnd CapturaPlaca) MNO534
2022/06/25 09:46:05.350 - MENSAJE: oAutorizado.PlacaAuto : MNO534
2022/06/25 09:46:05.977 - MENSAJE: Vehiculo En Mueble
2022/06/25 09:46:05.978 - MENSAJE: (FrontEnd Antes AlistarTarjetaNew)
2022/06/25 09:46:07.743 - MENSAJE: Tarjeta_Alistada
2022/06/25 09:46:07.765 - MENSAJE: Tarjeta Encontrada: 64184DED
2022/06/25 09:46:07.765 - MENSAJE: (FrontEnd CapturaPlaca) MNO534
2022/06/25 09:46:07.767 - MENSAJE: oAutorizado.PlacaAuto : MNO534
2022/06/25 09:46:08.385 - MENSAJE: Vehiculo En Mueble
2022/06/25 09:46:08.386 - MENSAJE: (FrontEnd Antes AlistarTarjetaNew)
2022/06/25 09:46:10.136 - MENSAJE: Tarjeta_Alistada
2022/06/25 09:46:10.164 - MENSAJE: Tarjeta Encontrada: 64184DED
2022/06/25 09:46:10.164 - MENSAJE: (FrontEnd CapturaPlaca) MNO534
2022/06/25 09:46:10.166 - MENSAJE: oAutorizado.PlacaAuto : MNO534
2022/06/25 09:46:10.792 - MENSAJE: Vehiculo En Mueble
2022/06/25 09:46:10.793 - MENSAJE: (FrontEnd Antes AlistarTarjetaNew)
2022/06/25 09:46:12.534 - MENSAJE: Tarjeta_Alistada
2022/06/25 09:46:12.555 - MENSAJE: Tarjeta Encontrada: 64184DED
2022/06/25 09:46:12.556 - MENSAJE: (FrontEnd CapturaPlaca) MNO534
2022/06/25 09:46:12.557 - MENSAJE: oAutorizado.PlacaAuto : MNO534
2022/06/25 09:46:13.178 - MENSAJE: Vehiculo En Mueble
2022/06/25 09:46:13.179 - MENSAJE: (FrontEnd Antes AlistarTarjetaNew)
2022/06/25 09:46:14.926 - MENSAJE: Tarjeta_Alistada
2022/06/25 09:46:14.950 - MENSAJE: Tarjeta Encontrada: 64184DED
2022/06/25 09:46:14.951 - MENSAJE: (FrontEnd CapturaPlaca) MNO534
2022/06/25 09:46:14.953 - MENSAJE: oAutorizado.PlacaAuto : MNO534
2022/06/25 09:46:15.602 - MENSAJE: Vehiculo En Mueble
2022/06/25 09:46:15.603 - MENSAJE: (FrontEnd Antes AlistarTarjetaNew)
2022/06/25 09:46:17.364 - MENSAJE: Tarjeta_Alistada
2022/06/25 09:46:17.384 - MENSAJE: Tarjeta Encontrada: 64184DED
2022/06/25 09:46:17.384 - MENSAJE: (FrontEnd CapturaPlaca) MNO534
2022/06/25 09:46:22.449 - MENSAJE: oAutorizado.PlacaAuto : MNO534
2022/06/25 09:52:51.207 - MENSAJE: (PRESENTER) Borrado Exitoso Variables PLC
2022/06/25 09:54:31.165 - MENSAJE: Sin_Tarjeta
2022/06/25 09:54:32.172 - MENSAJE: Sin_Tarjeta
2022/06/25 09:54:33.181 - MENSAJE: Sin_Tarjeta
2022/06/25 09:54:34.167 - MENSAJE: Sin_Tarjeta
2022/06/25 09:54:35.201 - MENSAJE: Sin_Tarjeta
2022/06/25 09:54:36.206 - MENSAJE: Sin_Tarjeta
2022/06/25 09:54:37.211 - MENSAJE: Sin_Tarjeta
2022/06/25 09:54:38.205 - MENSAJE: Sin_Tarjeta
2022/06/25 09:54:39.201 - MENSAJE: Sin_Tarjeta
2022/06/25 09:54:40.215 - MENSAJE: Sin_Tarjeta
2022/06/25 09:54:41.213 - MENSAJE: Sin_Tarjeta
2022/06/25 09:54:42.199 - MENSAJE: Sin_Tarjeta
2022/06/25 09:54:43.206 - MENSAJE: Sin_Tarjeta
2022/06/25 09:54:44.215 - MENSAJE: Sin_Tarjeta
2022/06/25 09:54:45.201 - MENSAJE: Sin_Tarjeta
2022/06/25 09:54:46.218 - MENSAJE: Sin_Tarjeta
2022/06/25 09:54:47.232 - MENSAJE: Sin_Tarjeta
2022/06/25 09:54:48.247 - MENSAJE: Sin_Tarjeta
2022/06/25 09:54:49.233 - MENSAJE: Sin_Tarjeta
2022/06/25 09:54:50.244 - MENSAJE: Sin_Tarjeta
2022/06/25 09:54:51.260 - MENSAJE: Sin_Tarjeta
2022/06/25 09:54:52.271 - MENSAJE: Sin_Tarjeta
2022/06/25 09:54:53.246 - MENSAJE: Sin_Tarjeta
2022/06/25 09:54:54.253 - MENSAJE: Sin_Tarjeta
2022/06/25 09:54:55.246 - MENSAJE: Sin_Tarjeta
2022/06/25 09:54:56.263 - MENSAJE: Sin_Tarjeta
2022/06/25 09:54:57.284 - MENSAJE: Sin_Tarjeta
2022/06/25 09:54:58.283 - MENSAJE: Sin_Tarjeta
2022/06/25 09:54:59.294 - MENSAJE: Sin_Tarjeta
2022/06/25 09:55:00.282 - MENSAJE: Sin_Tarjeta
2022/06/25 09:55:01.287 - MENSAJE: Sin_Tarjeta
2022/06/25 09:55:02.302 - MENSAJE: Sin_Tarjeta
2022/06/25 09:55:03.294 - MENSAJE: Sin_Tarjeta
2022/06/25 09:55:04.304 - MENSAJE: Sin_Tarjeta
2022/06/25 09:55:05.304 - MENSAJE: Sin_Tarjeta
2022/06/25 09:55:06.303 - MENSAJE: Sin_Tarjeta
2022/06/25 09:55:07.306 - MENSAJE: Sin_Tarjeta
2022/06/25 09:55:08.329 - MENSAJE: Sin_Tarjeta
2022/06/25 09:55:09.338 - MENSAJE: Sin_Tarjeta
2022/06/25 09:55:10.337 - MENSAJE: Sin_Tarjeta
2022/06/25 09:55:11.346 - MENSAJE: Sin_Tarjeta
2022/06/25 09:55:12.366 - MENSAJE: Sin_Tarjeta
2022/06/25 09:55:13.362 - MENSAJE: Sin_Tarjeta
2022/06/25 09:55:14.359 - MENSAJE: Sin_Tarjeta
2022/06/25 09:55:15.363 - MENSAJE: Sin_Tarjeta
2022/06/25 09:55:16.351 - MENSAJE: Sin_Tarjeta
2022/06/25 09:55:17.360 - MENSAJE: Sin_Tarjeta
2022/06/25 09:55:18.376 - MENSAJE: Sin_Tarjeta
2022/06/25 09:55:19.372 - MENSAJE: Sin_Tarjeta
2022/06/25 09:55:20.356 - MENSAJE: Sin_Tarjeta
2022/06/25 09:55:21.368 - MENSAJE: Sin_Tarjeta
2022/06/25 09:55:22.390 - MENSAJE: Sin_Tarjeta
2022/06/25 09:55:23.376 - MENSAJE: Sin_Tarjeta
2022/06/25 09:55:24.400 - MENSAJE: Sin_Tarjeta
2022/06/25 09:55:25.400 - MENSAJE: Sin_Tarjeta
2022/06/25 09:55:26.408 - MENSAJE: Sin_Tarjeta
2022/06/25 09:55:27.398 - MENSAJE: Sin_Tarjeta
2022/06/25 09:55:28.398 - MENSAJE: Sin_Tarjeta
2022/06/25 09:55:29.396 - MENSAJE: Sin_Tarjeta
2022/06/25 09:55:30.414 - MENSAJE: Sin_Tarjeta
2022/06/25 09:55:31.454 - MENSAJE: Sin_Tarjeta
2022/06/25 09:55:32.414 - MENSAJE: Sin_Tarjeta
2022/06/25 09:55:33.403 - MENSAJE: Sin_Tarjeta
2022/06/25 09:55:34.421 - MENSAJE: Sin_Tarjeta
2022/06/25 09:55:35.446 - MENSAJE: Sin_Tarjeta
2022/06/25 09:55:36.447 - MENSAJE: Sin_Tarjeta
2022/06/25 09:55:37.448 - MENSAJE: Sin_Tarjeta
2022/06/25 09:55:38.446 - MENSAJE: Sin_Tarjeta
2022/06/25 09:56:14.194 - INICIO REGISTRO
2022/06/25 09:56:14.201 - MENSAJE: (FrondEnd CargaRecursos): Carga Controles - OK
2022/06/25 09:56:14.307 - MENSAJE: (FrondEnd CargaImagenes): Carga Imagenes - OK
2022/06/25 09:56:14.727 - MENSAJE: (Presenter ObtenerInfoModulo) OK
2022/06/25 09:56:14.766 - MENSAJE: (Presenter ObtenerInfoPartes) OK
2022/06/25 09:56:14.786 - MENSAJE: (Presenter ObtenerInfoParametros) OK
2022/06/25 09:56:14.952 - MENSAJE: (PRESENTER) Conexion Exitosa PLC
2022/06/25 09:56:15.092 - MENSAJE: (PRESENTER) Borrado Exitoso Variables PLC
2022/06/25 09:56:15.120 - MENSAJE: ConexionExitosa_Dispensador
2022/06/25 09:56:17.691 - MENSAJE: (PRESENTER) Borrado Exitoso Variables PLC
2022/06/25 09:56:18.375 - MENSAJE: Sin_Tarjeta
2022/06/25 09:56:18.985 - MENSAJE: Sin_Tarjeta
2022/06/25 09:56:19.740 - MENSAJE: Sin_Tarjeta
2022/06/25 09:56:20.733 - MENSAJE: Sin_Tarjeta
2022/06/25 09:56:21.757 - MENSAJE: Sin_Tarjeta
2022/06/25 09:56:22.762 - MENSAJE: Sin_Tarjeta
2022/06/25 09:56:23.762 - MENSAJE: Sin_Tarjeta
2022/06/25 09:56:24.811 - MENSAJE: Sin_Tarjeta
2022/06/25 09:56:25.782 - MENSAJE: Sin_Tarjeta
2022/06/25 09:56:26.799 - MENSAJE: Sin_Tarjeta
2022/06/25 09:56:27.808 - MENSAJE: Sin_Tarjeta
2022/06/25 09:56:28.802 - MENSAJE: Sin_Tarjeta
2022/06/25 09:56:29.807 - MENSAJE: Sin_Tarjeta
2022/06/25 09:56:30.783 - MENSAJE: Sin_Tarjeta
2022/06/25 09:56:31.792 - MENSAJE: Sin_Tarjeta
2022/06/25 09:56:32.799 - MENSAJE: Sin_Tarjeta
2022/06/25 09:56:33.804 - MENSAJE: Sin_Tarjeta
2022/06/25 09:56:34.827 - MENSAJE: Sin_Tarjeta
2022/06/25 09:56:35.819 - MENSAJE: Sin_Tarjeta
2022/06/25 09:56:36.847 - MENSAJE: Sin_Tarjeta
2022/06/25 09:56:37.844 - MENSAJE: Sin_Tarjeta
2022/06/25 09:56:38.857 - MENSAJE: Sin_Tarjeta
2022/06/25 09:56:39.847 - MENSAJE: Sin_Tarjeta
2022/06/25 09:56:40.860 - MENSAJE: Sin_Tarjeta
2022/06/25 09:56:41.872 - MENSAJE: Sin_Tarjeta
2022/06/25 09:56:42.879 - MENSAJE: Sin_Tarjeta
2022/06/25 09:56:43.902 - MENSAJE: Sin_Tarjeta
2022/06/25 09:56:44.913 - MENSAJE: Sin_Tarjeta
2022/06/25 09:56:45.937 - MENSAJE: Sin_Tarjeta
2022/06/25 09:56:46.948 - MENSAJE: Sin_Tarjeta
2022/06/25 09:56:47.961 - MENSAJE: Sin_Tarjeta
2022/06/25 09:56:48.954 - MENSAJE: Sin_Tarjeta
2022/06/25 09:56:49.969 - MENSAJE: Sin_Tarjeta
2022/06/25 09:56:50.969 - MENSAJE: Sin_Tarjeta
2022/06/25 09:56:51.966 - MENSAJE: Sin_Tarjeta
2022/06/25 09:56:52.964 - MENSAJE: Sin_Tarjeta
2022/06/25 09:56:53.956 - MENSAJE: Sin_Tarjeta
2022/06/25 09:56:54.982 - MENSAJE: Sin_Tarjeta
2022/06/25 09:56:55.989 - MENSAJE: Sin_Tarjeta
2022/06/25 09:56:57.017 - MENSAJE: Sin_Tarjeta
2022/06/25 09:56:58.013 - MENSAJE: Sin_Tarjeta
2022/06/25 09:56:59.054 - MENSAJE: Sin_Tarjeta
2022/06/25 09:57:00.023 - MENSAJE: Sin_Tarjeta
2022/06/25 09:57:01.032 - MENSAJE: Sin_Tarjeta
2022/06/25 09:57:02.047 - MENSAJE: Sin_Tarjeta
2022/06/25 09:57:03.057 - MENSAJE: Sin_Tarjeta
2022/06/25 09:57:04.065 - MENSAJE: Sin_Tarjeta
2022/06/25 09:57:05.093 - MENSAJE: Sin_Tarjeta
2022/06/25 09:57:06.092 - MENSAJE: Sin_Tarjeta
2022/06/25 09:57:07.120 - MENSAJE: Sin_Tarjeta
2022/06/25 09:57:08.113 - MENSAJE: Sin_Tarjeta
2022/06/25 09:57:09.124 - MENSAJE: Sin_Tarjeta
2022/06/25 09:57:10.119 - MENSAJE: Sin_Tarjeta
2022/06/25 09:57:11.113 - MENSAJE: Sin_Tarjeta
2022/06/25 09:57:12.139 - MENSAJE: Sin_Tarjeta
2022/06/25 09:57:13.144 - MENSAJE: Sin_Tarjeta
2022/06/25 09:57:14.168 - MENSAJE: Sin_Tarjeta
2022/06/25 09:57:15.160 - MENSAJE: Sin_Tarjeta
2022/06/25 09:57:16.094 - MENSAJE: (FrontEnd CapturaPlaca) Placa: MNO534
2022/06/25 09:57:16.175 - MENSAJE: Sin_Tarjeta
2022/06/25 09:57:17.201 - MENSAJE: Sin_Tarjeta
2022/06/25 09:57:17.222 - MENSAJE: Vehiculo En Mueble
2022/06/25 09:57:17.223 - MENSAJE: (FrontEnd Antes AlistarTarjetaNew)
2022/06/25 09:57:18.970 - MENSAJE: Tarjeta_Alistada
2022/06/25 09:57:18.997 - MENSAJE: Tarjeta Encontrada: 34144CED
2022/06/25 09:57:18.998 - MENSAJE: (FrontEnd CapturaPlaca) MNO534
2022/06/25 09:57:40.628 - MENSAJE: oAutorizado.PlacaAuto : MNO534
2022/06/25 09:57:57.295 - MENSAJE: Tarjeta_Escrita
2022/06/25 09:57:57.307 - MENSAJE: Tarjeta_MovidaReceptor_RF_TO_FRONT
2022/06/25 09:58:12.015 - MENSAJE: Tarjeta_En_Boca
2022/06/25 09:58:12.015 - MENSAJE: Tarjeta_En_Boca
2022/06/25 09:58:12.016 - MENSAJE: oAutorizado.PlacaAuto : MNO534
2022/06/25 09:58:12.035 - MENSAJE: ObtenerAutorizadoPlaca ok 
2022/06/25 09:58:12.046 - MENSAJE: ObtenerAutorizado ok 
2022/06/25 09:58:12.115 - MENSAJE: Vehiculo En Mueble
2022/06/25 09:58:18.920 - MENSAJE: Tarjeta_En_Boca
2022/06/25 09:58:18.921 - MENSAJE: Tarjeta_En_Boca
2022/06/25 09:58:23.784 - MENSAJE: oAutorizado.IdTarjeta : ABCD123
2022/06/25 09:58:35.153 - MENSAJE: Tarjeta_En_Boca
2022/06/25 09:58:35.154 - MENSAJE: Tarjeta_En_Boca
2022/06/25 09:58:35.188 - MENSAJE: Vehiculo En Mueble
2022/06/25 09:58:35.722 - MENSAJE: Tarjeta_En_Boca
2022/06/25 09:58:35.723 - MENSAJE: Tarjeta_En_Boca
2022/06/25 09:58:35.802 - MENSAJE: Vehiculo En Mueble
2022/06/25 09:58:36.499 - MENSAJE: Tarjeta_En_Boca
2022/06/25 09:58:36.499 - MENSAJE: Tarjeta_En_Boca
2022/06/25 09:58:36.520 - MENSAJE: Vehiculo En Mueble
2022/06/25 09:58:37.495 - MENSAJE: Tarjeta_En_Boca
2022/06/25 09:58:37.496 - MENSAJE: Tarjeta_En_Boca
2022/06/25 09:58:37.518 - MENSAJE: Vehiculo En Mueble
2022/06/25 09:58:38.491 - MENSAJE: Tarjeta_En_Boca
2022/06/25 09:58:38.491 - MENSAJE: Tarjeta_En_Boca
2022/06/25 09:58:38.512 - MENSAJE: Vehiculo En Mueble
2022/06/25 09:58:39.510 - MENSAJE: Tarjeta_En_Boca
2022/06/25 09:58:39.511 - MENSAJE: Tarjeta_En_Boca
2022/06/25 09:58:39.532 - MENSAJE: Vehiculo En Mueble
2022/06/25 09:58:40.521 - MENSAJE: Sin_Tarjeta
2022/06/25 09:58:40.574 - MENSAJE: Talanquera Abierta
2022/06/25 09:58:40.649 - MENSAJE: Vehiculo En Mueble
2022/06/25 09:58:47.090 - MENSAJE: Vehiculo En Talanquera
2022/06/25 09:58:49.130 - MENSAJE: Vehiculo Salio Talanquera
2022/06/25 09:58:49.191 - MENSAJE: (PRESENTER) Borrado Exitoso Variables PLC
2022/06/25 09:58:49.316 - MENSAJE: (PRESENTER) Borrado Exitoso Variables PLC
2022/06/25 09:58:50.646 - MENSAJE: Sin_Tarjeta
2022/06/25 09:58:51.654 - MENSAJE: Sin_Tarjeta
2022/06/25 09:58:52.664 - MENSAJE: Sin_Tarjeta
2022/06/25 09:58:53.674 - MENSAJE: Sin_Tarjeta
2022/06/25 09:58:54.667 - MENSAJE: Sin_Tarjeta
2022/06/25 09:58:55.684 - MENSAJE: Sin_Tarjeta
2022/06/25 09:58:56.682 - MENSAJE: Sin_Tarjeta
2022/06/25 09:58:57.700 - MENSAJE: Sin_Tarjeta
2022/06/25 09:58:58.707 - MENSAJE: Sin_Tarjeta
2022/06/25 09:58:59.718 - MENSAJE: Sin_Tarjeta
2022/06/25 09:59:00.709 - MENSAJE: Sin_Tarjeta
2022/06/25 09:59:01.733 - MENSAJE: Sin_Tarjeta
2022/06/25 09:59:02.732 - MENSAJE: Sin_Tarjeta
2022/06/25 09:59:03.742 - MENSAJE: Sin_Tarjeta
2022/06/25 09:59:04.750 - MENSAJE: Sin_Tarjeta
2022/06/25 09:59:05.743 - MENSAJE: Sin_Tarjeta
2022/06/25 09:59:06.742 - MENSAJE: Sin_Tarjeta
2022/06/25 09:59:07.751 - MENSAJE: Sin_Tarjeta
2022/06/25 09:59:08.740 - MENSAJE: Sin_Tarjeta
2022/06/25 09:59:09.748 - MENSAJE: Sin_Tarjeta
2022/06/25 09:59:10.744 - MENSAJE: Sin_Tarjeta
2022/06/25 09:59:11.753 - MENSAJE: Sin_Tarjeta
2022/06/25 09:59:12.778 - MENSAJE: Sin_Tarjeta
2022/06/25 09:59:13.786 - MENSAJE: Sin_Tarjeta
2022/06/25 09:59:14.811 - MENSAJE: Sin_Tarjeta
2022/06/25 09:59:15.808 - MENSAJE: Sin_Tarjeta
2022/06/25 09:59:16.800 - MENSAJE: Sin_Tarjeta
2022/06/25 09:59:17.814 - MENSAJE: Sin_Tarjeta
2022/06/25 09:59:18.824 - MENSAJE: Sin_Tarjeta
2022/06/25 09:59:19.817 - MENSAJE: Sin_Tarjeta
2022/06/25 09:59:20.840 - MENSAJE: Sin_Tarjeta
2022/06/25 09:59:21.841 - MENSAJE: Sin_Tarjeta
2022/06/25 09:59:22.867 - MENSAJE: Sin_Tarjeta
2022/06/25 09:59:23.876 - MENSAJE: Sin_Tarjeta
2022/06/25 09:59:24.883 - MENSAJE: Sin_Tarjeta
2022/06/25 09:59:25.892 - MENSAJE: Sin_Tarjeta
2022/06/25 09:59:26.915 - MENSAJE: Sin_Tarjeta
2022/06/25 09:59:27.921 - MENSAJE: Sin_Tarjeta
2022/06/25 09:59:28.930 - MENSAJE: Sin_Tarjeta
2022/06/25 09:59:29.923 - MENSAJE: Sin_Tarjeta
2022/06/25 09:59:30.947 - MENSAJE: Sin_Tarjeta
2022/06/25 09:59:31.954 - MENSAJE: Sin_Tarjeta
2022/06/25 09:59:32.944 - MENSAJE: Sin_Tarjeta
2022/06/25 09:59:33.966 - MENSAJE: Sin_Tarjeta
2022/06/25 09:59:34.977 - MENSAJE: Sin_Tarjeta
2022/06/25 09:59:35.975 - MENSAJE: Sin_Tarjeta
2022/06/25 09:59:36.986 - MENSAJE: Sin_Tarjeta
2022/06/25 09:59:37.978 - MENSAJE: Sin_Tarjeta
2022/06/25 09:59:39.002 - MENSAJE: Sin_Tarjeta
2022/06/25 09:59:39.986 - MENSAJE: Sin_Tarjeta
2022/06/25 09:59:40.995 - MENSAJE: Sin_Tarjeta
2022/06/25 09:59:41.996 - MENSAJE: Sin_Tarjeta
2022/06/25 09:59:42.985 - MENSAJE: Sin_Tarjeta
2022/06/25 09:59:44.012 - MENSAJE: Sin_Tarjeta
2022/06/25 09:59:45.025 - MENSAJE: Sin_Tarjeta
2022/06/25 09:59:46.035 - MENSAJE: Sin_Tarjeta
2022/06/25 09:59:47.045 - MENSAJE: Sin_Tarjeta
2022/06/25 09:59:48.037 - MENSAJE: Sin_Tarjeta
2022/06/25 09:59:49.067 - MENSAJE: Sin_Tarjeta
2022/06/25 09:59:50.308 - MENSAJE: Sin_Tarjeta
2022/06/25 09:59:51.047 - MENSAJE: Sin_Tarjeta
2022/06/25 09:59:52.073 - MENSAJE: Sin_Tarjeta
2022/06/25 09:59:53.082 - MENSAJE: Sin_Tarjeta
2022/06/25 09:59:54.098 - MENSAJE: Sin_Tarjeta
2022/06/25 09:59:55.127 - MENSAJE: Sin_Tarjeta
2022/06/25 09:59:56.126 - MENSAJE: Sin_Tarjeta
2022/06/25 09:59:57.122 - MENSAJE: Sin_Tarjeta
2022/06/25 09:59:58.117 - MENSAJE: Sin_Tarjeta
2022/06/25 09:59:59.117 - MENSAJE: Sin_Tarjeta
2022/06/25 10:00:00.124 - MENSAJE: Sin_Tarjeta
2022/06/25 10:00:01.114 - MENSAJE: Sin_Tarjeta
2022/06/25 10:00:02.125 - MENSAJE: Sin_Tarjeta
2022/06/25 10:00:03.120 - MENSAJE: Sin_Tarjeta
2022/06/25 10:00:04.125 - MENSAJE: Sin_Tarjeta
2022/06/25 10:00:05.134 - MENSAJE: Sin_Tarjeta
2022/06/25 10:00:06.141 - MENSAJE: Sin_Tarjeta
2022/06/25 10:00:07.133 - MENSAJE: Sin_Tarjeta
2022/06/25 10:00:08.142 - MENSAJE: Sin_Tarjeta
2022/06/25 10:00:09.136 - MENSAJE: Sin_Tarjeta
2022/06/25 10:00:10.128 - MENSAJE: Sin_Tarjeta
2022/06/25 10:00:11.137 - MENSAJE: Sin_Tarjeta
2022/06/25 10:00:12.130 - MENSAJE: Sin_Tarjeta
2022/06/25 10:00:13.137 - MENSAJE: Sin_Tarjeta
2022/06/25 10:00:14.145 - MENSAJE: Sin_Tarjeta
2022/06/25 10:00:15.155 - MENSAJE: Sin_Tarjeta
2022/06/25 10:00:16.145 - MENSAJE: Sin_Tarjeta
2022/06/25 10:00:17.168 - MENSAJE: Sin_Tarjeta
2022/06/25 10:00:18.161 - MENSAJE: Sin_Tarjeta
2022/06/25 10:00:19.169 - MENSAJE: Sin_Tarjeta
2022/06/25 10:00:20.167 - MENSAJE: Sin_Tarjeta
2022/06/25 10:00:21.171 - MENSAJE: Sin_Tarjeta
2022/06/25 10:00:22.166 - MENSAJE: Sin_Tarjeta
2022/06/25 10:02:17.830 - INICIO REGISTRO
2022/06/25 10:02:17.838 - MENSAJE: (FrondEnd CargaRecursos): Carga Controles - OK
2022/06/25 10:02:17.946 - MENSAJE: (FrondEnd CargaImagenes): Carga Imagenes - OK
2022/06/25 10:02:18.365 - MENSAJE: (Presenter ObtenerInfoModulo) OK
2022/06/25 10:02:18.402 - MENSAJE: (Presenter ObtenerInfoPartes) OK
2022/06/25 10:02:18.425 - MENSAJE: (Presenter ObtenerInfoParametros) OK
2022/06/25 10:02:18.602 - MENSAJE: (PRESENTER) Conexion Exitosa PLC
2022/06/25 10:02:18.726 - MENSAJE: (PRESENTER) Borrado Exitoso Variables PLC
2022/06/25 10:02:18.754 - MENSAJE: ConexionExitosa_Dispensador
2022/06/25 10:02:21.071 - MENSAJE: (PRESENTER) Borrado Exitoso Variables PLC
2022/06/25 10:02:21.774 - MENSAJE: Sin_Tarjeta
2022/06/25 10:02:22.394 - MENSAJE: Sin_Tarjeta
2022/06/25 10:02:23.376 - MENSAJE: Sin_Tarjeta
2022/06/25 10:02:24.402 - MENSAJE: Sin_Tarjeta
2022/06/25 10:02:25.409 - MENSAJE: Sin_Tarjeta
2022/06/25 10:02:26.420 - MENSAJE: Sin_Tarjeta
2022/06/25 10:02:27.415 - MENSAJE: Sin_Tarjeta
2022/06/25 10:02:28.424 - MENSAJE: Sin_Tarjeta
2022/06/25 10:02:29.434 - MENSAJE: Sin_Tarjeta
2022/06/25 10:02:30.426 - MENSAJE: Sin_Tarjeta
2022/06/25 10:02:31.429 - MENSAJE: Sin_Tarjeta
2022/06/25 10:02:32.460 - MENSAJE: Sin_Tarjeta
2022/06/25 10:02:33.453 - MENSAJE: Sin_Tarjeta
2022/06/25 10:02:34.475 - MENSAJE: Sin_Tarjeta
2022/06/25 10:02:35.505 - MENSAJE: Sin_Tarjeta
2022/06/25 10:02:36.498 - MENSAJE: Sin_Tarjeta
2022/06/25 10:02:37.490 - MENSAJE: Sin_Tarjeta
2022/06/25 10:02:38.501 - MENSAJE: Sin_Tarjeta
2022/06/25 10:02:39.506 - MENSAJE: Sin_Tarjeta
2022/06/25 10:02:40.531 - MENSAJE: Sin_Tarjeta
2022/06/25 10:02:41.541 - MENSAJE: Sin_Tarjeta
2022/06/25 10:02:42.544 - MENSAJE: Sin_Tarjeta
2022/06/25 10:02:43.542 - MENSAJE: Sin_Tarjeta
2022/06/25 10:02:44.567 - MENSAJE: Sin_Tarjeta
2022/06/25 10:02:45.568 - MENSAJE: Sin_Tarjeta
2022/06/25 10:02:46.581 - MENSAJE: Sin_Tarjeta
2022/06/25 10:02:47.587 - MENSAJE: Sin_Tarjeta
2022/06/25 10:02:48.597 - MENSAJE: Sin_Tarjeta
2022/06/25 10:02:49.618 - MENSAJE: Sin_Tarjeta
2022/06/25 10:02:50.630 - MENSAJE: Sin_Tarjeta
2022/06/25 10:02:51.643 - MENSAJE: Sin_Tarjeta
2022/06/25 10:02:52.657 - MENSAJE: Sin_Tarjeta
2022/06/25 10:02:53.646 - MENSAJE: Sin_Tarjeta
2022/06/25 10:02:54.666 - MENSAJE: Sin_Tarjeta
2022/06/25 10:02:55.662 - MENSAJE: Sin_Tarjeta
2022/06/25 10:02:56.688 - MENSAJE: Sin_Tarjeta
2022/06/25 10:02:57.701 - MENSAJE: Sin_Tarjeta
2022/06/25 10:02:58.706 - MENSAJE: Sin_Tarjeta
2022/06/25 10:02:59.719 - MENSAJE: Sin_Tarjeta
2022/06/25 10:03:00.732 - MENSAJE: Sin_Tarjeta
2022/06/25 10:03:01.739 - MENSAJE: Sin_Tarjeta
2022/06/25 10:03:02.749 - MENSAJE: Sin_Tarjeta
2022/06/25 10:03:03.744 - MENSAJE: Sin_Tarjeta
2022/06/25 10:03:04.751 - MENSAJE: Sin_Tarjeta
2022/06/25 10:03:05.771 - MENSAJE: Sin_Tarjeta
2022/06/25 10:03:06.780 - MENSAJE: Sin_Tarjeta
2022/06/25 10:03:07.791 - MENSAJE: Sin_Tarjeta
2022/06/25 10:03:08.804 - MENSAJE: Sin_Tarjeta
2022/06/25 10:03:09.820 - MENSAJE: Sin_Tarjeta
2022/06/25 10:03:10.827 - MENSAJE: Sin_Tarjeta
2022/06/25 10:03:11.835 - MENSAJE: Sin_Tarjeta
2022/06/25 10:03:12.842 - MENSAJE: Sin_Tarjeta
2022/06/25 10:03:13.839 - MENSAJE: Sin_Tarjeta
2022/06/25 10:03:14.850 - MENSAJE: Sin_Tarjeta
2022/06/25 10:03:15.859 - MENSAJE: Sin_Tarjeta
2022/06/25 10:03:16.855 - MENSAJE: Sin_Tarjeta
2022/06/25 10:03:17.859 - MENSAJE: Sin_Tarjeta
2022/06/25 10:03:18.884 - MENSAJE: Sin_Tarjeta
2022/06/25 10:03:19.893 - MENSAJE: Sin_Tarjeta
2022/06/25 10:03:20.914 - MENSAJE: Sin_Tarjeta
2022/06/25 10:03:21.909 - MENSAJE: Sin_Tarjeta
2022/06/25 10:03:22.932 - MENSAJE: Sin_Tarjeta
2022/06/25 10:03:23.939 - MENSAJE: Sin_Tarjeta
2022/06/25 10:03:24.965 - MENSAJE: Sin_Tarjeta
2022/06/25 10:03:25.974 - MENSAJE: Sin_Tarjeta
2022/06/25 10:03:26.987 - MENSAJE: Sin_Tarjeta
2022/06/25 10:03:28.000 - MENSAJE: Sin_Tarjeta
2022/06/25 10:03:29.014 - MENSAJE: Sin_Tarjeta
2022/06/25 10:03:30.024 - MENSAJE: Sin_Tarjeta
2022/06/25 10:03:31.033 - MENSAJE: Sin_Tarjeta
2022/06/25 10:03:32.043 - MENSAJE: Sin_Tarjeta
2022/06/25 10:03:33.034 - MENSAJE: Sin_Tarjeta
2022/06/25 10:03:34.057 - MENSAJE: Sin_Tarjeta
2022/06/25 10:03:35.061 - MENSAJE: Sin_Tarjeta
2022/06/25 10:03:36.070 - MENSAJE: Sin_Tarjeta
2022/06/25 10:03:37.077 - MENSAJE: Sin_Tarjeta
2022/06/25 10:03:38.071 - MENSAJE: Sin_Tarjeta
2022/06/25 10:03:39.066 - MENSAJE: Sin_Tarjeta
2022/06/25 10:03:40.092 - MENSAJE: Sin_Tarjeta
2022/06/25 10:03:41.102 - MENSAJE: Sin_Tarjeta
2022/06/25 10:03:42.099 - MENSAJE: Sin_Tarjeta
2022/06/25 10:03:43.109 - MENSAJE: Sin_Tarjeta
2022/06/25 10:03:44.117 - MENSAJE: Sin_Tarjeta
2022/06/25 10:03:45.141 - MENSAJE: Sin_Tarjeta
2022/06/25 10:03:46.147 - MENSAJE: Sin_Tarjeta
2022/06/25 10:03:47.169 - MENSAJE: Sin_Tarjeta
2022/06/25 10:03:48.178 - MENSAJE: Sin_Tarjeta
2022/06/25 10:03:49.192 - MENSAJE: Sin_Tarjeta
2022/06/25 10:03:49.213 - MENSAJE: Vehiculo En Mueble
2022/06/25 10:03:49.214 - MENSAJE: (FrontEnd Antes AlistarTarjetaNew)
2022/06/25 10:03:49.499 - MENSAJE: (FrontEnd CapturaPlaca) Placa: MNO534
2022/06/25 10:03:50.960 - MENSAJE: Tarjeta_Alistada
2022/06/25 10:03:50.991 - MENSAJE: Tarjeta Encontrada: D6A03E28
2022/06/25 10:03:50.991 - MENSAJE: (FrontEnd CapturaPlaca) MNO534
2022/06/25 10:03:51.007 - MENSAJE: oAutorizado.PlacaAuto : MNO534
2022/06/25 10:03:55.800 - MENSAJE: (PRESENTER) Borrado Exitoso Variables PLC
