2022/06/17 07:36:55.236 - INICIO REGISTRO
2022/06/17 07:36:55.248 - MENSAJE: (FrondEnd CargaRecursos): Carga Controles - OK
2022/06/17 07:36:55.360 - MENSAJE: (FrondEnd CargaImagenes): Carga Imagenes - OK
2022/06/17 07:36:56.023 - MENSAJE: (Presenter ObtenerInfoModulo) OK
2022/06/17 07:36:56.088 - MENSAJE: (Presenter ObtenerInfoPartes) OK
2022/06/17 07:36:56.117 - MENSAJE: (Presenter ObtenerInfoParametros) OK
2022/06/17 07:36:56.400 - MENSAJE: (PRESENTER) Conexion Exitosa PLC
2022/06/17 07:36:56.559 - MENSAJE: (PRESENTER) Borrado Exitoso Variables PLC
2022/06/17 07:36:56.591 - MENSAJE: ConexionExitosa_Dispensador
2022/06/17 07:36:59.408 - MENSAJE: (PRESENTER) Borrado Exitoso Variables PLC
2022/06/17 07:37:04.798 - MENSAJE: Vehiculo En Mueble
2022/06/17 07:37:10.084 - MENSAJE: (FrontEnd Antes AlistarTarjetaNew)
2022/06/17 07:37:10.619 - MENSAJE: (FrontEnd CapturaPlaca) Placa: CWC400
2022/06/17 07:37:12.370 - MENSAJE: Tarjeta_Alistada
2022/06/17 07:37:12.413 - MENSAJE: Tarjeta Encontrada: 84DA47ED
2022/06/17 07:37:15.034 - MENSAJE: Tarjeta_Borrada
2022/06/17 07:37:15.746 - MENSAJE: (FrontEnd CapturaPlaca) CWC400
2022/06/17 07:38:02.966 - MENSAJE: oAutorizado.PlacaAuto : CWC400
2022/06/17 07:40:08.590 - MENSAJE: (FrontEnd CapturaPlaca) Placa: KKT206
2022/06/17 08:00:05.820 - INICIO REGISTRO
2022/06/17 08:00:05.827 - MENSAJE: (FrondEnd CargaRecursos): Carga Controles - OK
2022/06/17 08:00:05.933 - MENSAJE: (FrondEnd CargaImagenes): Carga Imagenes - OK
2022/06/17 08:00:11.506 - INICIO REGISTRO
2022/06/17 08:00:11.513 - MENSAJE: (FrondEnd CargaRecursos): Carga Controles - OK
2022/06/17 08:00:11.614 - MENSAJE: (FrondEnd CargaImagenes): Carga Imagenes - OK
2022/06/17 08:00:12.036 - MENSAJE: (Presenter ObtenerInfoModulo) OK
2022/06/17 08:00:12.064 - MENSAJE: (Presenter ObtenerInfoPartes) OK
2022/06/17 08:00:12.083 - MENSAJE: (Presenter ObtenerInfoParametros) OK
2022/06/17 08:00:12.240 - MENSAJE: (PRESENTER) Conexion Exitosa PLC
2022/06/17 08:00:12.380 - MENSAJE: (PRESENTER) Borrado Exitoso Variables PLC
2022/06/17 08:00:12.410 - MENSAJE: ConexionExitosa_Dispensador
2022/06/17 08:00:14.205 - MENSAJE: (PRESENTER) Borrado Exitoso Variables PLC
2022/06/17 08:00:14.888 - MENSAJE: Sin_Tarjeta
2022/06/17 08:00:15.507 - MENSAJE: Sin_Tarjeta
2022/06/17 08:00:16.070 - MENSAJE: Sin_Tarjeta
2022/06/17 08:00:17.050 - MENSAJE: Sin_Tarjeta
2022/06/17 08:00:18.046 - MENSAJE: Sin_Tarjeta
2022/06/17 08:00:19.041 - MENSAJE: Sin_Tarjeta
2022/06/17 08:00:20.043 - MENSAJE: Sin_Tarjeta
2022/06/17 08:00:21.044 - MENSAJE: Sin_Tarjeta
2022/06/17 08:00:22.029 - MENSAJE: Sin_Tarjeta
2022/06/17 08:00:23.058 - MENSAJE: Sin_Tarjeta
2022/06/17 08:00:24.064 - MENSAJE: Sin_Tarjeta
2022/06/17 08:00:25.074 - MENSAJE: Sin_Tarjeta
2022/06/17 08:00:26.065 - MENSAJE: Sin_Tarjeta
2022/06/17 08:00:27.065 - MENSAJE: Sin_Tarjeta
2022/06/17 08:00:28.059 - MENSAJE: Sin_Tarjeta
2022/06/17 08:00:29.070 - MENSAJE: Sin_Tarjeta
2022/06/17 08:00:30.064 - MENSAJE: Sin_Tarjeta
2022/06/17 08:00:31.063 - MENSAJE: Sin_Tarjeta
2022/06/17 08:00:32.051 - MENSAJE: Sin_Tarjeta
2022/06/17 08:00:33.064 - MENSAJE: Sin_Tarjeta
2022/06/17 08:00:34.060 - MENSAJE: Sin_Tarjeta
2022/06/17 08:00:35.049 - MENSAJE: Sin_Tarjeta
2022/06/17 08:00:36.062 - MENSAJE: Sin_Tarjeta
2022/06/17 08:00:37.046 - MENSAJE: Sin_Tarjeta
2022/06/17 08:00:38.057 - MENSAJE: Sin_Tarjeta
2022/06/17 08:00:39.070 - MENSAJE: Sin_Tarjeta
2022/06/17 08:00:40.062 - MENSAJE: Sin_Tarjeta
2022/06/17 08:00:41.056 - MENSAJE: Sin_Tarjeta
2022/06/17 08:00:42.062 - MENSAJE: Sin_Tarjeta
2022/06/17 08:00:43.060 - MENSAJE: Sin_Tarjeta
2022/06/17 08:00:44.057 - MENSAJE: Sin_Tarjeta
2022/06/17 08:00:45.070 - MENSAJE: Sin_Tarjeta
2022/06/17 08:00:46.064 - MENSAJE: Sin_Tarjeta
2022/06/17 08:00:47.060 - MENSAJE: Sin_Tarjeta
2022/06/17 08:00:48.059 - MENSAJE: Sin_Tarjeta
2022/06/17 08:00:49.072 - MENSAJE: Sin_Tarjeta
2022/06/17 08:00:50.075 - MENSAJE: Sin_Tarjeta
2022/06/17 08:00:51.086 - MENSAJE: Sin_Tarjeta
2022/06/17 08:00:52.086 - MENSAJE: Sin_Tarjeta
2022/06/17 08:00:53.085 - MENSAJE: Sin_Tarjeta
2022/06/17 08:00:54.090 - MENSAJE: Sin_Tarjeta
2022/06/17 08:00:55.074 - MENSAJE: Sin_Tarjeta
2022/06/17 08:00:56.086 - MENSAJE: Sin_Tarjeta
2022/06/17 08:00:57.085 - MENSAJE: Sin_Tarjeta
2022/06/17 08:00:58.084 - MENSAJE: Sin_Tarjeta
2022/06/17 08:00:59.079 - MENSAJE: Sin_Tarjeta
2022/06/17 08:01:00.076 - MENSAJE: Sin_Tarjeta
2022/06/17 08:01:01.082 - MENSAJE: Sin_Tarjeta
2022/06/17 08:01:02.068 - MENSAJE: Sin_Tarjeta
2022/06/17 08:01:03.065 - MENSAJE: Sin_Tarjeta
2022/06/17 08:01:04.067 - MENSAJE: Sin_Tarjeta
2022/06/17 08:01:04.088 - MENSAJE: Vehiculo En Mueble
2022/06/17 08:01:08.701 - MENSAJE: (FrontEnd Antes AlistarTarjetaNew)
2022/06/17 08:01:11.299 - MENSAJE: Tarjeta_Alistada
2022/06/17 08:01:11.356 - MENSAJE: Tarjeta Encontrada: 74055FED
2022/06/17 08:01:13.992 - MENSAJE: Tarjeta_Borrada
2022/06/17 08:01:16.858 - MENSAJE: (FrontEnd CapturaPlaca) 
2022/06/17 08:01:21.465 - MENSAJE: Vehiculo En Mueble
2022/06/17 08:05:29.685 - INICIO REGISTRO
2022/06/17 08:05:29.693 - MENSAJE: (FrondEnd CargaRecursos): Carga Controles - OK
2022/06/17 08:05:29.790 - MENSAJE: (FrondEnd CargaImagenes): Carga Imagenes - OK
2022/06/17 08:05:30.211 - MENSAJE: (Presenter ObtenerInfoModulo) OK
2022/06/17 08:05:30.241 - MENSAJE: (Presenter ObtenerInfoPartes) OK
2022/06/17 08:05:30.259 - MENSAJE: (Presenter ObtenerInfoParametros) OK
2022/06/17 08:05:30.413 - MENSAJE: (PRESENTER) Conexion Exitosa PLC
2022/06/17 08:05:30.555 - MENSAJE: (PRESENTER) Borrado Exitoso Variables PLC
2022/06/17 08:05:30.582 - MENSAJE: ConexionExitosa_Dispensador
2022/06/17 08:05:32.317 - MENSAJE: (PRESENTER) Borrado Exitoso Variables PLC
2022/06/17 08:05:33.051 - MENSAJE: Vehiculo En Mueble
2022/06/17 08:05:38.912 - MENSAJE: (FrontEnd Antes AlistarTarjetaNew)
2022/06/17 08:05:40.672 - MENSAJE: Tarjeta_Alistada
2022/06/17 08:05:40.711 - MENSAJE: Tarjeta Encontrada: 74055FED
2022/06/17 08:05:43.345 - MENSAJE: Tarjeta_Borrada
2022/06/17 08:05:43.345 - MENSAJE: (FrontEnd CapturaPlaca) 
2022/06/17 08:05:43.424 - MENSAJE: Vehiculo En Mueble
2022/06/17 08:20:21.049 - INICIO REGISTRO
2022/06/17 08:20:21.059 - MENSAJE: (FrondEnd CargaRecursos): Carga Controles - OK
2022/06/17 08:20:21.178 - MENSAJE: (FrondEnd CargaImagenes): Carga Imagenes - OK
2022/06/17 08:20:21.768 - MENSAJE: (Presenter ObtenerInfoModulo) OK
2022/06/17 08:20:21.796 - MENSAJE: (Presenter ObtenerInfoPartes) OK
2022/06/17 08:20:21.814 - MENSAJE: (Presenter ObtenerInfoParametros) OK
2022/06/17 08:20:22.059 - MENSAJE: (PRESENTER) Conexion Exitosa PLC
2022/06/17 08:20:22.203 - MENSAJE: (PRESENTER) Borrado Exitoso Variables PLC
2022/06/17 08:20:22.232 - MENSAJE: ConexionExitosa_Dispensador
2022/06/17 08:20:24.930 - MENSAJE: (PRESENTER) Borrado Exitoso Variables PLC
2022/06/17 08:20:42.857 - MENSAJE: Sin_Tarjeta
2022/06/17 08:20:43.687 - MENSAJE: Sin_Tarjeta
2022/06/17 08:20:44.708 - MENSAJE: Sin_Tarjeta
2022/06/17 08:20:45.721 - MENSAJE: Sin_Tarjeta
2022/06/17 08:20:46.729 - MENSAJE: Sin_Tarjeta
2022/06/17 08:20:47.754 - MENSAJE: Sin_Tarjeta
2022/06/17 08:20:48.738 - MENSAJE: Sin_Tarjeta
2022/06/17 08:20:49.768 - MENSAJE: Sin_Tarjeta
2022/06/17 08:20:50.764 - MENSAJE: Sin_Tarjeta
2022/06/17 08:20:51.762 - MENSAJE: Sin_Tarjeta
2022/06/17 08:20:52.772 - MENSAJE: Sin_Tarjeta
2022/06/17 08:20:53.772 - MENSAJE: Sin_Tarjeta
2022/06/17 08:20:54.802 - MENSAJE: Sin_Tarjeta
2022/06/17 08:20:55.816 - MENSAJE: Sin_Tarjeta
2022/06/17 08:20:56.814 - MENSAJE: Sin_Tarjeta
2022/06/17 08:20:57.814 - MENSAJE: Sin_Tarjeta
2022/06/17 08:20:58.809 - MENSAJE: Sin_Tarjeta
2022/06/17 08:20:59.810 - MENSAJE: Sin_Tarjeta
2022/06/17 08:21:00.822 - MENSAJE: Sin_Tarjeta
2022/06/17 08:21:01.836 - MENSAJE: Sin_Tarjeta
2022/06/17 08:21:02.834 - MENSAJE: Sin_Tarjeta
2022/06/17 08:21:03.833 - MENSAJE: Sin_Tarjeta
2022/06/17 08:21:04.833 - MENSAJE: Sin_Tarjeta
2022/06/17 08:21:05.863 - MENSAJE: Sin_Tarjeta
2022/06/17 08:21:06.860 - MENSAJE: Sin_Tarjeta
2022/06/17 08:21:07.861 - MENSAJE: Sin_Tarjeta
2022/06/17 08:21:08.876 - MENSAJE: Sin_Tarjeta
2022/06/17 08:21:09.860 - MENSAJE: Sin_Tarjeta
2022/06/17 08:21:10.872 - MENSAJE: Sin_Tarjeta
2022/06/17 08:21:11.882 - MENSAJE: Sin_Tarjeta
2022/06/17 08:21:12.897 - MENSAJE: Sin_Tarjeta
2022/06/17 08:21:13.912 - MENSAJE: Sin_Tarjeta
2022/06/17 08:21:14.929 - MENSAJE: Sin_Tarjeta
2022/06/17 08:21:15.930 - MENSAJE: Sin_Tarjeta
2022/06/17 08:21:16.939 - MENSAJE: Sin_Tarjeta
2022/06/17 08:21:17.935 - MENSAJE: Sin_Tarjeta
2022/06/17 08:21:18.936 - MENSAJE: Sin_Tarjeta
2022/06/17 08:21:19.962 - MENSAJE: Sin_Tarjeta
2022/06/17 08:21:19.983 - MENSAJE: Vehiculo En Mueble
2022/06/17 08:21:24.620 - MENSAJE: (FrontEnd Antes AlistarTarjetaNew)
2022/06/17 08:21:26.368 - MENSAJE: Tarjeta_Alistada
2022/06/17 08:21:26.410 - MENSAJE: Tarjeta Encontrada: 546748ED
2022/06/17 08:21:29.054 - MENSAJE: Tarjeta_Borrada
2022/06/17 08:21:29.054 - MENSAJE: (FrontEnd CapturaPlaca) 
2022/06/17 08:21:29.133 - MENSAJE: Vehiculo En Mueble
2022/06/17 08:23:14.086 - INICIO REGISTRO
2022/06/17 08:23:14.093 - MENSAJE: (FrondEnd CargaRecursos): Carga Controles - OK
2022/06/17 08:23:14.198 - MENSAJE: (FrondEnd CargaImagenes): Carga Imagenes - OK
2022/06/17 08:23:14.649 - MENSAJE: (Presenter ObtenerInfoModulo) OK
2022/06/17 08:23:14.678 - MENSAJE: (Presenter ObtenerInfoPartes) OK
2022/06/17 08:23:14.696 - MENSAJE: (Presenter ObtenerInfoParametros) OK
2022/06/17 08:23:20.735 - MENSAJE: (PRESENTER) Conexion Exitosa PLC
2022/06/17 08:23:21.612 - MENSAJE: (PRESENTER) Borrado Exitoso Variables PLC
2022/06/17 08:23:41.512 - MENSAJE: ConexionExitosa_Dispensador
2022/06/17 08:23:55.545 - MENSAJE: (PRESENTER) Borrado Exitoso Variables PLC
2022/06/17 08:26:15.292 - MENSAJE: Vehiculo En Mueble
2022/06/17 08:26:16.449 - MENSAJE: (FrontEnd Antes AlistarTarjetaNew)
2022/06/17 08:26:49.677 - MENSAJE: Tarjeta_Alistada
2022/06/17 08:27:12.775 - MENSAJE: Tarjeta Encontrada: 546748ED
2022/06/17 08:30:12.056 - INICIO REGISTRO
2022/06/17 08:30:12.063 - MENSAJE: (FrondEnd CargaRecursos): Carga Controles - OK
2022/06/17 08:30:12.164 - MENSAJE: (FrondEnd CargaImagenes): Carga Imagenes - OK
2022/06/17 08:30:12.609 - MENSAJE: (Presenter ObtenerInfoModulo) OK
2022/06/17 08:30:12.637 - MENSAJE: (Presenter ObtenerInfoPartes) OK
2022/06/17 08:30:12.653 - MENSAJE: (Presenter ObtenerInfoParametros) OK
2022/06/17 08:30:15.910 - MENSAJE: (PRESENTER) Conexion Exitosa PLC
2022/06/17 08:30:16.051 - MENSAJE: (PRESENTER) Borrado Exitoso Variables PLC
2022/06/17 08:30:18.530 - MENSAJE: ConexionExitosa_Dispensador
2022/06/17 08:30:20.585 - MENSAJE: (PRESENTER) Borrado Exitoso Variables PLC
2022/06/17 08:30:57.618 - MENSAJE: Vehiculo En Mueble
2022/06/17 08:31:02.382 - MENSAJE: (FrontEnd Antes AlistarTarjetaNew)
2022/06/17 08:31:04.123 - MENSAJE: Tarjeta_Alistada
2022/06/17 08:31:10.120 - MENSAJE: Tarjeta Encontrada: 546748ED
2022/06/17 08:31:12.765 - MENSAJE: Tarjeta_Borrada
2022/06/17 08:31:12.765 - MENSAJE: (FrontEnd CapturaPlaca) 
2022/06/17 08:31:12.846 - MENSAJE: Vehiculo En Mueble
2022/06/17 08:31:39.517 - MENSAJE: Tarjeta_Escrita
2022/06/17 08:31:39.529 - MENSAJE: Tarjeta_MovidaReceptor_RF_TO_FRONT
2022/06/17 08:31:40.183 - MENSAJE: Tarjeta_En_Boca
2022/06/17 08:31:40.183 - MENSAJE: Tarjeta_En_Boca
2022/06/17 08:31:40.266 - MENSAJE: Vehiculo En Mueble
2022/06/17 08:31:40.865 - MENSAJE: Tarjeta_En_Boca
2022/06/17 08:31:40.865 - MENSAJE: Tarjeta_En_Boca
2022/06/17 08:31:40.903 - MENSAJE: Vehiculo En Mueble
2022/06/17 08:31:41.614 - MENSAJE: Tarjeta_En_Boca
2022/06/17 08:31:41.615 - MENSAJE: Tarjeta_En_Boca
2022/06/17 08:31:41.651 - MENSAJE: Vehiculo En Mueble
2022/06/17 08:31:42.613 - MENSAJE: Tarjeta_En_Boca
2022/06/17 08:31:42.614 - MENSAJE: Tarjeta_En_Boca
2022/06/17 08:31:42.650 - MENSAJE: Vehiculo En Mueble
2022/06/17 08:31:43.611 - MENSAJE: Sin_Tarjeta
2022/06/17 08:31:43.665 - MENSAJE: Talanquera Abierta
2022/06/17 08:31:58.107 - MENSAJE: Vehiculo En Talanquera
2022/06/17 08:31:59.104 - MENSAJE: Vehiculo Salio Talanquera
2022/06/17 08:31:59.167 - MENSAJE: (PRESENTER) Borrado Exitoso Variables PLC
2022/06/17 08:31:59.308 - MENSAJE: (PRESENTER) Borrado Exitoso Variables PLC
2022/06/17 08:32:00.617 - MENSAJE: Sin_Tarjeta
2022/06/17 08:32:01.612 - MENSAJE: Sin_Tarjeta
2022/06/17 08:32:02.612 - MENSAJE: Sin_Tarjeta
2022/06/17 08:32:03.610 - MENSAJE: Sin_Tarjeta
2022/06/17 08:32:04.609 - MENSAJE: Sin_Tarjeta
2022/06/17 08:32:05.608 - MENSAJE: Sin_Tarjeta
2022/06/17 08:32:06.607 - MENSAJE: Sin_Tarjeta
2022/06/17 08:32:06.629 - MENSAJE: Vehiculo En Mueble
2022/06/17 08:32:11.329 - MENSAJE: (FrontEnd Antes AlistarTarjetaNew)
2022/06/17 08:32:13.079 - MENSAJE: Tarjeta_Alistada
2022/06/17 08:32:13.103 - MENSAJE: Tarjeta Encontrada: 84095EED
2022/06/17 08:32:15.736 - MENSAJE: Tarjeta_Borrada
2022/06/17 08:32:15.736 - MENSAJE: (FrontEnd CapturaPlaca) 
2022/06/17 08:32:15.800 - MENSAJE: Vehiculo En Mueble
2022/06/17 08:32:17.662 - MENSAJE: Tarjeta_Escrita
2022/06/17 08:32:17.672 - MENSAJE: Tarjeta_MovidaReceptor_RF_TO_FRONT
2022/06/17 08:32:18.347 - MENSAJE: Tarjeta_En_Boca
2022/06/17 08:32:18.348 - MENSAJE: Tarjeta_En_Boca
2022/06/17 08:32:18.385 - MENSAJE: Vehiculo En Mueble
2022/06/17 08:32:18.973 - MENSAJE: Sin_Tarjeta
2022/06/17 08:32:19.026 - MENSAJE: Talanquera Abierta
2022/06/17 08:32:29.102 - MENSAJE: Vehiculo En Talanquera
2022/06/17 08:32:31.099 - MENSAJE: Vehiculo Salio Talanquera
2022/06/17 08:32:31.163 - MENSAJE: (PRESENTER) Borrado Exitoso Variables PLC
2022/06/17 08:32:31.239 - MENSAJE: (PRESENTER) Borrado Exitoso Variables PLC
2022/06/17 08:32:32.606 - MENSAJE: Sin_Tarjeta
2022/06/17 08:32:33.604 - MENSAJE: Sin_Tarjeta
2022/06/17 08:32:34.617 - MENSAJE: Sin_Tarjeta
2022/06/17 08:32:35.619 - MENSAJE: Sin_Tarjeta
2022/06/17 08:32:36.620 - MENSAJE: Sin_Tarjeta
2022/06/17 08:32:37.617 - MENSAJE: Sin_Tarjeta
2022/06/17 08:32:37.639 - MENSAJE: Vehiculo En Mueble
2022/06/17 08:32:37.640 - MENSAJE: (FrontEnd Antes AlistarTarjetaNew)
2022/06/17 08:32:39.367 - MENSAJE: Tarjeta_Alistada
2022/06/17 08:32:39.380 - MENSAJE: Tarjeta Encontrada: 462E2327
2022/06/17 08:32:42.023 - MENSAJE: Tarjeta_Borrada
2022/06/17 08:32:42.023 - MENSAJE: (FrontEnd CapturaPlaca) 
2022/06/17 08:32:42.089 - MENSAJE: Vehiculo En Mueble
2022/06/17 08:32:43.936 - MENSAJE: Tarjeta_Escrita
2022/06/17 08:32:43.947 - MENSAJE: Tarjeta_MovidaReceptor_RF_TO_FRONT
2022/06/17 08:32:44.584 - MENSAJE: Tarjeta_En_Boca
2022/06/17 08:32:44.585 - MENSAJE: Tarjeta_En_Boca
2022/06/17 08:32:44.622 - MENSAJE: Vehiculo En Mueble
2022/06/17 08:32:45.210 - MENSAJE: Tarjeta_En_Boca
2022/06/17 08:32:45.211 - MENSAJE: Tarjeta_En_Boca
2022/06/17 08:32:45.248 - MENSAJE: Vehiculo En Mueble
2022/06/17 08:32:45.838 - MENSAJE: Tarjeta_En_Boca
2022/06/17 08:32:45.839 - MENSAJE: Tarjeta_En_Boca
2022/06/17 08:32:45.876 - MENSAJE: Vehiculo En Mueble
2022/06/17 08:32:46.630 - MENSAJE: Sin_Tarjeta
2022/06/17 08:32:46.652 - MENSAJE: Talanquera Abierta
2022/06/17 08:32:53.111 - MENSAJE: Vehiculo En Talanquera
2022/06/17 08:32:55.126 - MENSAJE: Vehiculo Salio Talanquera
2022/06/17 08:32:55.188 - MENSAJE: (PRESENTER) Borrado Exitoso Variables PLC
2022/06/17 08:32:55.298 - MENSAJE: (PRESENTER) Borrado Exitoso Variables PLC
2022/06/17 08:32:56.631 - MENSAJE: Sin_Tarjeta
2022/06/17 08:32:57.630 - MENSAJE: Sin_Tarjeta
2022/06/17 08:32:58.612 - MENSAJE: Sin_Tarjeta
2022/06/17 08:32:59.614 - MENSAJE: Sin_Tarjeta
2022/06/17 08:33:00.619 - MENSAJE: Sin_Tarjeta
2022/06/17 08:33:01.632 - MENSAJE: Sin_Tarjeta
2022/06/17 08:33:02.624 - MENSAJE: Sin_Tarjeta
2022/06/17 08:33:03.623 - MENSAJE: Sin_Tarjeta
2022/06/17 08:33:04.626 - MENSAJE: Sin_Tarjeta
2022/06/17 08:33:05.624 - MENSAJE: Sin_Tarjeta
2022/06/17 08:33:06.636 - MENSAJE: Sin_Tarjeta
2022/06/17 08:33:07.622 - MENSAJE: Sin_Tarjeta
2022/06/17 08:33:08.622 - MENSAJE: Sin_Tarjeta
2022/06/17 08:33:09.635 - MENSAJE: Sin_Tarjeta
2022/06/17 08:33:10.630 - MENSAJE: Sin_Tarjeta
2022/06/17 08:33:11.620 - MENSAJE: Sin_Tarjeta
2022/06/17 08:33:12.616 - MENSAJE: Sin_Tarjeta
2022/06/17 08:33:13.633 - MENSAJE: Sin_Tarjeta
2022/06/17 08:33:14.630 - MENSAJE: Sin_Tarjeta
2022/06/17 08:33:15.618 - MENSAJE: Sin_Tarjeta
2022/06/17 08:33:16.633 - MENSAJE: Sin_Tarjeta
2022/06/17 08:33:17.634 - MENSAJE: Sin_Tarjeta
2022/06/17 08:33:18.628 - MENSAJE: Sin_Tarjeta
2022/06/17 08:33:19.627 - MENSAJE: Sin_Tarjeta
2022/06/17 08:33:20.623 - MENSAJE: Sin_Tarjeta
2022/06/17 08:33:21.635 - MENSAJE: Sin_Tarjeta
2022/06/17 08:33:22.631 - MENSAJE: Sin_Tarjeta
2022/06/17 08:33:23.629 - MENSAJE: Sin_Tarjeta
2022/06/17 08:33:24.626 - MENSAJE: Sin_Tarjeta
2022/06/17 08:33:25.622 - MENSAJE: Sin_Tarjeta
2022/06/17 08:33:26.622 - MENSAJE: Sin_Tarjeta
2022/06/17 08:33:27.634 - MENSAJE: Sin_Tarjeta
2022/06/17 08:33:28.624 - MENSAJE: Sin_Tarjeta
2022/06/17 08:33:29.633 - MENSAJE: Sin_Tarjeta
2022/06/17 08:33:30.630 - MENSAJE: Sin_Tarjeta
2022/06/17 08:33:31.627 - MENSAJE: Sin_Tarjeta
2022/06/17 08:33:32.625 - MENSAJE: Sin_Tarjeta
2022/06/17 08:33:33.624 - MENSAJE: Sin_Tarjeta
2022/06/17 08:33:34.609 - MENSAJE: Sin_Tarjeta
2022/06/17 08:33:35.623 - MENSAJE: Sin_Tarjeta
2022/06/17 08:33:36.619 - MENSAJE: Sin_Tarjeta
2022/06/17 08:33:37.632 - MENSAJE: Sin_Tarjeta
2022/06/17 08:33:38.631 - MENSAJE: Sin_Tarjeta
2022/06/17 08:33:39.629 - MENSAJE: Sin_Tarjeta
2022/06/17 08:33:40.620 - MENSAJE: Sin_Tarjeta
2022/06/17 08:33:41.635 - MENSAJE: Sin_Tarjeta
2022/06/17 08:33:42.631 - MENSAJE: Sin_Tarjeta
2022/06/17 08:33:43.632 - MENSAJE: Sin_Tarjeta
2022/06/17 08:33:44.629 - MENSAJE: Sin_Tarjeta
2022/06/17 08:33:45.612 - MENSAJE: Sin_Tarjeta
2022/06/17 08:33:46.615 - MENSAJE: Sin_Tarjeta
2022/06/17 08:33:47.627 - MENSAJE: Sin_Tarjeta
2022/06/17 08:33:48.623 - MENSAJE: Sin_Tarjeta
2022/06/17 08:33:49.621 - MENSAJE: Sin_Tarjeta
2022/06/17 08:33:50.624 - MENSAJE: Sin_Tarjeta
2022/06/17 08:33:51.625 - MENSAJE: Sin_Tarjeta
2022/06/17 08:33:52.617 - MENSAJE: Sin_Tarjeta
2022/06/17 08:33:53.637 - MENSAJE: Sin_Tarjeta
2022/06/17 08:33:54.635 - MENSAJE: Sin_Tarjeta
2022/06/17 08:33:55.630 - MENSAJE: Sin_Tarjeta
2022/06/17 08:33:56.620 - MENSAJE: Sin_Tarjeta
2022/06/17 08:33:57.633 - MENSAJE: Sin_Tarjeta
2022/06/17 08:33:58.631 - MENSAJE: Sin_Tarjeta
2022/06/17 08:33:59.630 - MENSAJE: Sin_Tarjeta
2022/06/17 08:34:00.627 - MENSAJE: Sin_Tarjeta
2022/06/17 08:34:01.627 - MENSAJE: Sin_Tarjeta
2022/06/17 08:34:02.624 - MENSAJE: Sin_Tarjeta
2022/06/17 08:34:03.624 - MENSAJE: Sin_Tarjeta
2022/06/17 08:34:04.610 - MENSAJE: Sin_Tarjeta
2022/06/17 08:34:05.626 - MENSAJE: Sin_Tarjeta
2022/06/17 08:34:06.620 - MENSAJE: Sin_Tarjeta
2022/06/17 08:34:07.620 - MENSAJE: Sin_Tarjeta
2022/06/17 08:34:08.631 - MENSAJE: Sin_Tarjeta
2022/06/17 08:34:09.630 - MENSAJE: Sin_Tarjeta
2022/06/17 08:34:10.612 - MENSAJE: Sin_Tarjeta
2022/06/17 08:34:11.626 - MENSAJE: Sin_Tarjeta
2022/06/17 08:34:12.626 - MENSAJE: Sin_Tarjeta
2022/06/17 08:34:13.610 - MENSAJE: Sin_Tarjeta
2022/06/17 08:34:14.623 - MENSAJE: Sin_Tarjeta
2022/06/17 08:34:15.624 - MENSAJE: Sin_Tarjeta
2022/06/17 08:34:16.612 - MENSAJE: Sin_Tarjeta
2022/06/17 08:34:17.609 - MENSAJE: Sin_Tarjeta
2022/06/17 08:34:18.616 - MENSAJE: Sin_Tarjeta
2022/06/17 08:34:19.632 - MENSAJE: Sin_Tarjeta
2022/06/17 08:34:20.627 - MENSAJE: Sin_Tarjeta
2022/06/17 08:34:21.624 - MENSAJE: Sin_Tarjeta
2022/06/17 08:34:22.624 - MENSAJE: Sin_Tarjeta
2022/06/17 08:34:23.625 - MENSAJE: Sin_Tarjeta
2022/06/17 08:34:24.619 - MENSAJE: Sin_Tarjeta
2022/06/17 08:34:25.634 - MENSAJE: Sin_Tarjeta
2022/06/17 08:34:26.631 - MENSAJE: Sin_Tarjeta
2022/06/17 08:34:27.617 - MENSAJE: Sin_Tarjeta
2022/06/17 08:34:28.632 - MENSAJE: Sin_Tarjeta
2022/06/17 08:34:29.613 - MENSAJE: Sin_Tarjeta
2022/06/17 08:34:30.619 - MENSAJE: Sin_Tarjeta
2022/06/17 08:34:31.634 - MENSAJE: Sin_Tarjeta
2022/06/17 08:34:32.633 - MENSAJE: Sin_Tarjeta
2022/06/17 08:34:33.633 - MENSAJE: Sin_Tarjeta
2022/06/17 08:34:34.630 - MENSAJE: Sin_Tarjeta
2022/06/17 08:34:35.618 - MENSAJE: Sin_Tarjeta
2022/06/17 08:34:36.631 - MENSAJE: Sin_Tarjeta
2022/06/17 08:34:37.634 - MENSAJE: Sin_Tarjeta
2022/06/17 08:34:38.632 - MENSAJE: Sin_Tarjeta
2022/06/17 08:34:39.619 - MENSAJE: Sin_Tarjeta
2022/06/17 08:34:40.627 - MENSAJE: Sin_Tarjeta
2022/06/17 08:34:41.613 - MENSAJE: Sin_Tarjeta
2022/06/17 08:34:42.631 - MENSAJE: Sin_Tarjeta
2022/06/17 08:34:43.613 - MENSAJE: Sin_Tarjeta
2022/06/17 08:34:44.626 - MENSAJE: Sin_Tarjeta
2022/06/17 08:34:45.618 - MENSAJE: Sin_Tarjeta
2022/06/17 08:34:46.629 - MENSAJE: Sin_Tarjeta
2022/06/17 08:34:47.626 - MENSAJE: Sin_Tarjeta
2022/06/17 08:34:48.622 - MENSAJE: Sin_Tarjeta
2022/06/17 08:34:49.619 - MENSAJE: Sin_Tarjeta
2022/06/17 08:34:50.621 - MENSAJE: Sin_Tarjeta
2022/06/17 08:34:51.622 - MENSAJE: Sin_Tarjeta
2022/06/17 08:34:52.623 - MENSAJE: Sin_Tarjeta
2022/06/17 08:34:53.634 - MENSAJE: Sin_Tarjeta
2022/06/17 08:34:54.631 - MENSAJE: Sin_Tarjeta
2022/06/17 08:34:55.631 - MENSAJE: Sin_Tarjeta
2022/06/17 08:34:56.628 - MENSAJE: Sin_Tarjeta
2022/06/17 08:34:57.610 - MENSAJE: Sin_Tarjeta
2022/06/17 08:34:58.625 - MENSAJE: Sin_Tarjeta
2022/06/17 08:34:59.623 - MENSAJE: Sin_Tarjeta
2022/06/17 08:35:00.632 - MENSAJE: Sin_Tarjeta
2022/06/17 08:35:01.631 - MENSAJE: Sin_Tarjeta
2022/06/17 08:35:02.627 - MENSAJE: Sin_Tarjeta
2022/06/17 08:35:03.622 - MENSAJE: Sin_Tarjeta
2022/06/17 08:35:04.607 - MENSAJE: Sin_Tarjeta
2022/06/17 08:35:05.608 - MENSAJE: Sin_Tarjeta
2022/06/17 08:35:06.611 - MENSAJE: Sin_Tarjeta
2022/06/17 08:35:07.624 - MENSAJE: Sin_Tarjeta
2022/06/17 08:35:08.610 - MENSAJE: Sin_Tarjeta
2022/06/17 08:35:09.624 - MENSAJE: Sin_Tarjeta
2022/06/17 08:35:10.624 - MENSAJE: Sin_Tarjeta
2022/06/17 08:35:11.623 - MENSAJE: Sin_Tarjeta
2022/06/17 08:35:12.623 - MENSAJE: Sin_Tarjeta
2022/06/17 08:35:13.622 - MENSAJE: Sin_Tarjeta
2022/06/17 08:35:14.608 - MENSAJE: Sin_Tarjeta
2022/06/17 08:35:15.621 - MENSAJE: Sin_Tarjeta
2022/06/17 08:35:16.619 - MENSAJE: Sin_Tarjeta
2022/06/17 08:35:17.631 - MENSAJE: Sin_Tarjeta
2022/06/17 08:35:18.631 - MENSAJE: Sin_Tarjeta
2022/06/17 08:35:19.627 - MENSAJE: Sin_Tarjeta
2022/06/17 08:35:20.607 - MENSAJE: Sin_Tarjeta
2022/06/17 08:35:21.623 - MENSAJE: Sin_Tarjeta
2022/06/17 08:35:22.621 - MENSAJE: Sin_Tarjeta
2022/06/17 08:35:23.617 - MENSAJE: Sin_Tarjeta
2022/06/17 08:35:24.631 - MENSAJE: Sin_Tarjeta
2022/06/17 08:35:25.619 - MENSAJE: Sin_Tarjeta
2022/06/17 08:35:26.622 - MENSAJE: Sin_Tarjeta
2022/06/17 08:35:27.608 - MENSAJE: Sin_Tarjeta
2022/06/17 08:35:28.621 - MENSAJE: Sin_Tarjeta
2022/06/17 08:35:29.617 - MENSAJE: Sin_Tarjeta
2022/06/17 08:35:30.618 - MENSAJE: Sin_Tarjeta
2022/06/17 08:35:31.631 - MENSAJE: Sin_Tarjeta
2022/06/17 08:35:32.632 - MENSAJE: Sin_Tarjeta
2022/06/17 08:35:33.618 - MENSAJE: Sin_Tarjeta
2022/06/17 08:35:34.624 - MENSAJE: Sin_Tarjeta
2022/06/17 08:35:35.621 - MENSAJE: Sin_Tarjeta
2022/06/17 08:35:36.632 - MENSAJE: Sin_Tarjeta
2022/06/17 08:35:36.635 - MENSAJE: (FrontEnd CapturaPlaca) Placa: KBO419
2022/06/17 08:35:37.633 - MENSAJE: Sin_Tarjeta
2022/06/17 08:35:37.654 - MENSAJE: Vehiculo En Mueble
2022/06/17 08:35:37.654 - MENSAJE: (FrontEnd Antes AlistarTarjetaNew)
2022/06/17 08:35:39.408 - MENSAJE: Tarjeta_Alistada
2022/06/17 08:35:39.422 - MENSAJE: Tarjeta Encontrada: E4F752ED
2022/06/17 08:35:42.061 - MENSAJE: Tarjeta_Borrada
2022/06/17 08:35:42.061 - MENSAJE: (FrontEnd CapturaPlaca) KBO419
2022/06/17 08:35:42.063 - MENSAJE: oAutorizado.PlacaAuto : KBO419
2022/06/17 08:35:42.204 - MENSAJE: Talanquera Abierta
2022/06/17 08:35:48.127 - MENSAJE: Vehiculo En Talanquera
2022/06/17 08:35:50.126 - MENSAJE: Vehiculo Salio Talanquera
2022/06/17 08:35:50.187 - MENSAJE: (PRESENTER) Borrado Exitoso Variables PLC
2022/06/17 08:35:50.329 - MENSAJE: (PRESENTER) Borrado Exitoso Variables PLC
2022/06/17 08:38:20.697 - MENSAJE: Vehiculo En Mueble
2022/06/17 08:38:20.698 - MENSAJE: (FrontEnd Antes AlistarTarjetaNew)
2022/06/17 08:38:22.443 - MENSAJE: Tarjeta_Alistada
2022/06/17 08:38:22.458 - MENSAJE: Tarjeta Encontrada: E4F752ED
2022/06/17 08:38:25.087 - MENSAJE: Tarjeta_Borrada
2022/06/17 08:38:25.087 - MENSAJE: (FrontEnd CapturaPlaca) 
2022/06/17 08:38:25.120 - MENSAJE: Vehiculo En Mueble
2022/06/17 08:38:26.980 - MENSAJE: Tarjeta_Escrita
2022/06/17 08:38:26.991 - MENSAJE: Tarjeta_MovidaReceptor_RF_TO_FRONT
2022/06/17 08:38:27.599 - MENSAJE: Tarjeta_En_Boca
2022/06/17 08:38:27.600 - MENSAJE: Tarjeta_En_Boca
2022/06/17 08:38:27.638 - MENSAJE: Vehiculo En Mueble
2022/06/17 08:38:28.222 - MENSAJE: Tarjeta_En_Boca
2022/06/17 08:38:28.222 - MENSAJE: Tarjeta_En_Boca
2022/06/17 08:38:28.259 - MENSAJE: Vehiculo En Mueble
2022/06/17 08:38:28.843 - MENSAJE: Sin_Tarjeta
2022/06/17 08:38:28.897 - MENSAJE: Talanquera Abierta
2022/06/17 08:38:34.162 - MENSAJE: Vehiculo En Talanquera
2022/06/17 08:38:44.161 - MENSAJE: Vehiculo Salio Talanquera
2022/06/17 08:38:44.224 - MENSAJE: (PRESENTER) Borrado Exitoso Variables PLC
2022/06/17 08:38:44.286 - MENSAJE: (PRESENTER) Borrado Exitoso Variables PLC
2022/06/17 08:38:45.668 - MENSAJE: Sin_Tarjeta
2022/06/17 08:38:46.681 - MENSAJE: Sin_Tarjeta
2022/06/17 08:38:47.676 - MENSAJE: Sin_Tarjeta
2022/06/17 08:38:48.672 - MENSAJE: Sin_Tarjeta
2022/06/17 08:38:49.659 - MENSAJE: Sin_Tarjeta
2022/06/17 08:38:50.674 - MENSAJE: Sin_Tarjeta
2022/06/17 08:38:51.674 - MENSAJE: Sin_Tarjeta
2022/06/17 08:38:52.661 - MENSAJE: Sin_Tarjeta
2022/06/17 08:38:53.661 - MENSAJE: Sin_Tarjeta
2022/06/17 08:38:54.672 - MENSAJE: Sin_Tarjeta
2022/06/17 08:38:55.669 - MENSAJE: Sin_Tarjeta
2022/06/17 08:38:56.681 - MENSAJE: Sin_Tarjeta
2022/06/17 08:38:57.678 - MENSAJE: Sin_Tarjeta
2022/06/17 08:38:58.676 - MENSAJE: Sin_Tarjeta
2022/06/17 08:38:59.671 - MENSAJE: Sin_Tarjeta
2022/06/17 08:39:00.670 - MENSAJE: Sin_Tarjeta
2022/06/17 08:39:01.665 - MENSAJE: Sin_Tarjeta
2022/06/17 08:39:02.677 - MENSAJE: Sin_Tarjeta
2022/06/17 08:39:03.672 - MENSAJE: Sin_Tarjeta
2022/06/17 08:39:04.676 - MENSAJE: Sin_Tarjeta
2022/06/17 08:39:05.675 - MENSAJE: Sin_Tarjeta
2022/06/17 08:39:06.671 - MENSAJE: Sin_Tarjeta
2022/06/17 08:39:07.670 - MENSAJE: Sin_Tarjeta
2022/06/17 08:39:08.670 - MENSAJE: Sin_Tarjeta
2022/06/17 08:39:09.670 - MENSAJE: Sin_Tarjeta
2022/06/17 08:39:10.671 - MENSAJE: Sin_Tarjeta
2022/06/17 08:39:11.659 - MENSAJE: Sin_Tarjeta
2022/06/17 08:39:12.666 - MENSAJE: Sin_Tarjeta
2022/06/17 08:39:13.682 - MENSAJE: Sin_Tarjeta
2022/06/17 08:39:14.678 - MENSAJE: Sin_Tarjeta
2022/06/17 08:39:15.666 - MENSAJE: Sin_Tarjeta
2022/06/17 08:39:16.680 - MENSAJE: Sin_Tarjeta
2022/06/17 08:39:17.672 - MENSAJE: Sin_Tarjeta
2022/06/17 08:39:18.672 - MENSAJE: Sin_Tarjeta
2022/06/17 08:39:19.667 - MENSAJE: Sin_Tarjeta
2022/06/17 08:39:20.676 - MENSAJE: Sin_Tarjeta
2022/06/17 08:39:21.674 - MENSAJE: Sin_Tarjeta
2022/06/17 08:39:22.675 - MENSAJE: Sin_Tarjeta
2022/06/17 08:39:23.673 - MENSAJE: Sin_Tarjeta
2022/06/17 08:39:24.674 - MENSAJE: Sin_Tarjeta
2022/06/17 08:39:25.670 - MENSAJE: Sin_Tarjeta
2022/06/17 08:39:26.669 - MENSAJE: Sin_Tarjeta
2022/06/17 08:39:27.666 - MENSAJE: Sin_Tarjeta
2022/06/17 08:39:28.668 - MENSAJE: Sin_Tarjeta
2022/06/17 08:39:29.684 - MENSAJE: Sin_Tarjeta
2022/06/17 08:39:30.668 - MENSAJE: Sin_Tarjeta
2022/06/17 08:39:31.656 - MENSAJE: Sin_Tarjeta
2022/06/17 08:39:32.667 - MENSAJE: Sin_Tarjeta
2022/06/17 08:39:33.678 - MENSAJE: Sin_Tarjeta
2022/06/17 08:39:34.674 - MENSAJE: Sin_Tarjeta
2022/06/17 08:39:35.671 - MENSAJE: Sin_Tarjeta
2022/06/17 08:39:36.670 - MENSAJE: Sin_Tarjeta
2022/06/17 08:39:37.655 - MENSAJE: Sin_Tarjeta
2022/06/17 08:39:38.666 - MENSAJE: Sin_Tarjeta
2022/06/17 08:39:39.682 - MENSAJE: Sin_Tarjeta
2022/06/17 08:39:40.683 - MENSAJE: Sin_Tarjeta
2022/06/17 08:39:41.678 - MENSAJE: Sin_Tarjeta
2022/06/17 08:39:42.681 - MENSAJE: Sin_Tarjeta
2022/06/17 08:39:43.667 - MENSAJE: Sin_Tarjeta
2022/06/17 08:39:44.678 - MENSAJE: Sin_Tarjeta
2022/06/17 08:39:45.665 - MENSAJE: Sin_Tarjeta
2022/06/17 08:39:46.672 - MENSAJE: Sin_Tarjeta
2022/06/17 08:39:47.658 - MENSAJE: Sin_Tarjeta
2022/06/17 08:39:48.661 - MENSAJE: Sin_Tarjeta
2022/06/17 08:39:49.670 - MENSAJE: Sin_Tarjeta
2022/06/17 08:39:50.655 - MENSAJE: Sin_Tarjeta
2022/06/17 08:39:51.667 - MENSAJE: Sin_Tarjeta
2022/06/17 08:39:52.678 - MENSAJE: Sin_Tarjeta
2022/06/17 08:39:53.678 - MENSAJE: Sin_Tarjeta
2022/06/17 08:39:54.677 - MENSAJE: Sin_Tarjeta
2022/06/17 08:39:55.664 - MENSAJE: Sin_Tarjeta
2022/06/17 08:39:56.670 - MENSAJE: Sin_Tarjeta
2022/06/17 08:39:57.673 - MENSAJE: Sin_Tarjeta
2022/06/17 08:39:58.673 - MENSAJE: Sin_Tarjeta
2022/06/17 08:39:59.676 - MENSAJE: Sin_Tarjeta
2022/06/17 08:40:00.674 - MENSAJE: Sin_Tarjeta
2022/06/17 08:40:01.675 - MENSAJE: Sin_Tarjeta
2022/06/17 08:40:02.659 - MENSAJE: Sin_Tarjeta
2022/06/17 08:40:03.676 - MENSAJE: Sin_Tarjeta
2022/06/17 08:40:04.676 - MENSAJE: Sin_Tarjeta
2022/06/17 08:40:05.676 - MENSAJE: Sin_Tarjeta
2022/06/17 08:40:06.670 - MENSAJE: Sin_Tarjeta
2022/06/17 08:40:07.669 - MENSAJE: Sin_Tarjeta
2022/06/17 08:40:08.679 - MENSAJE: Sin_Tarjeta
2022/06/17 08:40:09.663 - MENSAJE: Sin_Tarjeta
2022/06/17 08:40:10.670 - MENSAJE: Sin_Tarjeta
2022/06/17 08:40:11.656 - MENSAJE: Sin_Tarjeta
2022/06/17 08:40:12.672 - MENSAJE: Sin_Tarjeta
2022/06/17 08:40:13.671 - MENSAJE: Sin_Tarjeta
2022/06/17 08:40:14.669 - MENSAJE: Sin_Tarjeta
2022/06/17 08:40:15.670 - MENSAJE: Sin_Tarjeta
2022/06/17 08:40:16.656 - MENSAJE: Sin_Tarjeta
2022/06/17 08:40:17.668 - MENSAJE: Sin_Tarjeta
2022/06/17 08:40:18.682 - MENSAJE: Sin_Tarjeta
2022/06/17 08:40:19.679 - MENSAJE: Sin_Tarjeta
2022/06/17 08:40:20.681 - MENSAJE: Sin_Tarjeta
2022/06/17 08:40:21.678 - MENSAJE: Sin_Tarjeta
2022/06/17 08:40:22.674 - MENSAJE: Sin_Tarjeta
2022/06/17 08:40:23.672 - MENSAJE: Sin_Tarjeta
2022/06/17 08:40:24.660 - MENSAJE: Sin_Tarjeta
2022/06/17 08:40:25.676 - MENSAJE: Sin_Tarjeta
2022/06/17 08:40:26.668 - MENSAJE: Sin_Tarjeta
2022/06/17 08:40:27.667 - MENSAJE: Sin_Tarjeta
2022/06/17 08:40:28.667 - MENSAJE: Sin_Tarjeta
2022/06/17 08:40:29.680 - MENSAJE: Sin_Tarjeta
2022/06/17 08:40:30.678 - MENSAJE: Sin_Tarjeta
2022/06/17 08:40:31.666 - MENSAJE: Sin_Tarjeta
2022/06/17 08:40:32.674 - MENSAJE: Sin_Tarjeta
2022/06/17 08:40:33.671 - MENSAJE: Sin_Tarjeta
2022/06/17 08:40:34.671 - MENSAJE: Sin_Tarjeta
2022/06/17 08:40:35.674 - MENSAJE: Sin_Tarjeta
2022/06/17 08:40:36.658 - MENSAJE: Sin_Tarjeta
2022/06/17 08:40:37.675 - MENSAJE: Sin_Tarjeta
2022/06/17 08:40:38.674 - MENSAJE: Sin_Tarjeta
2022/06/17 08:40:39.675 - MENSAJE: Sin_Tarjeta
2022/06/17 08:40:40.674 - MENSAJE: Sin_Tarjeta
2022/06/17 08:40:41.670 - MENSAJE: Sin_Tarjeta
2022/06/17 08:40:42.670 - MENSAJE: Sin_Tarjeta
2022/06/17 08:40:43.667 - MENSAJE: Sin_Tarjeta
2022/06/17 08:40:44.667 - MENSAJE: Sin_Tarjeta
2022/06/17 08:40:45.681 - MENSAJE: Sin_Tarjeta
2022/06/17 08:40:46.679 - MENSAJE: Sin_Tarjeta
2022/06/17 08:40:47.673 - MENSAJE: Sin_Tarjeta
2022/06/17 08:40:48.674 - MENSAJE: Sin_Tarjeta
2022/06/17 08:40:49.674 - MENSAJE: Sin_Tarjeta
2022/06/17 08:40:50.671 - MENSAJE: Sin_Tarjeta
2022/06/17 08:40:51.669 - MENSAJE: Sin_Tarjeta
2022/06/17 08:40:52.668 - MENSAJE: Sin_Tarjeta
2022/06/17 08:40:53.671 - MENSAJE: Sin_Tarjeta
2022/06/17 08:40:54.679 - MENSAJE: Sin_Tarjeta
2022/06/17 08:40:55.682 - MENSAJE: Sin_Tarjeta
2022/06/17 08:40:56.679 - MENSAJE: Sin_Tarjeta
2022/06/17 08:40:57.671 - MENSAJE: Sin_Tarjeta
2022/06/17 08:40:58.672 - MENSAJE: Sin_Tarjeta
2022/06/17 08:40:59.666 - MENSAJE: Sin_Tarjeta
2022/06/17 08:41:00.665 - MENSAJE: Sin_Tarjeta
2022/06/17 08:41:01.674 - MENSAJE: Sin_Tarjeta
2022/06/17 08:41:02.657 - MENSAJE: Sin_Tarjeta
2022/06/17 08:41:03.670 - MENSAJE: Sin_Tarjeta
2022/06/17 08:41:04.673 - MENSAJE: Sin_Tarjeta
2022/06/17 08:41:05.659 - MENSAJE: Sin_Tarjeta
2022/06/17 08:41:06.677 - MENSAJE: Sin_Tarjeta
2022/06/17 08:41:07.678 - MENSAJE: Sin_Tarjeta
2022/06/17 08:41:08.676 - MENSAJE: Sin_Tarjeta
2022/06/17 08:41:09.677 - MENSAJE: Sin_Tarjeta
2022/06/17 08:41:10.678 - MENSAJE: Sin_Tarjeta
2022/06/17 08:41:11.666 - MENSAJE: Sin_Tarjeta
2022/06/17 08:41:12.680 - MENSAJE: Sin_Tarjeta
2022/06/17 08:41:13.678 - MENSAJE: Sin_Tarjeta
2022/06/17 08:41:14.676 - MENSAJE: Sin_Tarjeta
2022/06/17 08:41:15.659 - MENSAJE: Sin_Tarjeta
2022/06/17 08:41:16.677 - MENSAJE: Sin_Tarjeta
2022/06/17 08:41:17.675 - MENSAJE: Sin_Tarjeta
2022/06/17 08:41:18.672 - MENSAJE: Sin_Tarjeta
2022/06/17 08:41:19.671 - MENSAJE: Sin_Tarjeta
2022/06/17 08:41:20.667 - MENSAJE: Sin_Tarjeta
2022/06/17 08:41:21.678 - MENSAJE: Sin_Tarjeta
2022/06/17 08:41:22.679 - MENSAJE: Sin_Tarjeta
2022/06/17 08:41:23.675 - MENSAJE: Sin_Tarjeta
2022/06/17 08:41:24.664 - MENSAJE: Sin_Tarjeta
2022/06/17 08:41:25.676 - MENSAJE: Sin_Tarjeta
2022/06/17 08:41:26.679 - MENSAJE: Sin_Tarjeta
2022/06/17 08:41:27.663 - MENSAJE: Sin_Tarjeta
2022/06/17 08:41:28.672 - MENSAJE: Sin_Tarjeta
2022/06/17 08:41:29.671 - MENSAJE: Sin_Tarjeta
2022/06/17 08:41:30.667 - MENSAJE: Sin_Tarjeta
2022/06/17 08:41:31.678 - MENSAJE: Sin_Tarjeta
2022/06/17 08:41:32.667 - MENSAJE: Sin_Tarjeta
2022/06/17 08:41:33.682 - MENSAJE: Sin_Tarjeta
2022/06/17 08:41:34.663 - MENSAJE: Sin_Tarjeta
2022/06/17 08:41:35.664 - MENSAJE: Sin_Tarjeta
2022/06/17 08:41:36.677 - MENSAJE: Sin_Tarjeta
2022/06/17 08:41:37.663 - MENSAJE: Sin_Tarjeta
2022/06/17 08:41:38.677 - MENSAJE: Sin_Tarjeta
2022/06/17 08:41:39.668 - MENSAJE: Sin_Tarjeta
2022/06/17 08:41:40.681 - MENSAJE: Sin_Tarjeta
2022/06/17 08:41:41.681 - MENSAJE: Sin_Tarjeta
2022/06/17 08:41:42.656 - MENSAJE: Sin_Tarjeta
2022/06/17 08:41:43.667 - MENSAJE: Sin_Tarjeta
2022/06/17 08:41:44.680 - MENSAJE: Sin_Tarjeta
2022/06/17 08:41:45.679 - MENSAJE: Sin_Tarjeta
2022/06/17 08:41:46.676 - MENSAJE: Sin_Tarjeta
2022/06/17 08:41:47.671 - MENSAJE: Sin_Tarjeta
2022/06/17 08:41:47.695 - MENSAJE: Vehiculo En Mueble
2022/06/17 08:41:47.696 - MENSAJE: (FrontEnd Antes AlistarTarjetaNew)
2022/06/17 08:41:49.450 - MENSAJE: Tarjeta_Alistada
2022/06/17 08:41:49.463 - MENSAJE: Tarjeta Encontrada: E42940ED
2022/06/17 08:41:52.089 - MENSAJE: Tarjeta_Borrada
2022/06/17 08:41:52.089 - MENSAJE: (FrontEnd CapturaPlaca) 
2022/06/17 08:41:52.153 - MENSAJE: Vehiculo En Mueble
2022/06/17 08:41:54.009 - MENSAJE: Tarjeta_Escrita
2022/06/17 08:41:54.020 - MENSAJE: Tarjeta_MovidaReceptor_RF_TO_FRONT
2022/06/17 08:41:54.631 - MENSAJE: Tarjeta_En_Boca
2022/06/17 08:41:54.631 - MENSAJE: Tarjeta_En_Boca
2022/06/17 08:41:54.669 - MENSAJE: Vehiculo En Mueble
2022/06/17 08:41:55.301 - MENSAJE: Tarjeta_En_Boca
2022/06/17 08:41:55.301 - MENSAJE: Tarjeta_En_Boca
2022/06/17 08:41:55.302 - MENSAJE: oAutorizado.IdTarjeta : C6BA2227
2022/06/17 08:41:55.401 - MENSAJE: Talanquera Abierta
2022/06/17 08:42:01.160 - MENSAJE: Vehiculo En Talanquera
2022/06/17 08:42:04.166 - MENSAJE: Vehiculo Salio Talanquera
2022/06/17 08:42:04.228 - MENSAJE: (PRESENTER) Borrado Exitoso Variables PLC
2022/06/17 08:42:04.382 - MENSAJE: (PRESENTER) Borrado Exitoso Variables PLC
2022/06/17 02:44:35.614 - INICIO REGISTRO
2022/06/17 02:44:35.623 - MENSAJE: (FrondEnd CargaRecursos): Carga Controles - OK
2022/06/17 02:44:35.736 - MENSAJE: (FrondEnd CargaImagenes): Carga Imagenes - OK
2022/06/17 02:44:36.274 - MENSAJE: (Presenter ObtenerInfoModulo) OK
2022/06/17 02:44:36.303 - MENSAJE: (Presenter ObtenerInfoPartes) OK
2022/06/17 02:44:36.321 - MENSAJE: (Presenter ObtenerInfoParametros) OK
2022/06/17 02:44:36.541 - MENSAJE: (PRESENTER) Conexion Exitosa PLC
2022/06/17 02:44:36.681 - MENSAJE: (PRESENTER) Borrado Exitoso Variables PLC
2022/06/17 02:44:36.713 - MENSAJE: ConexionExitosa_Dispensador
2022/06/17 02:44:38.813 - MENSAJE: (PRESENTER) Borrado Exitoso Variables PLC
2022/06/17 02:44:44.198 - MENSAJE: Vehiculo En Mueble
2022/06/17 02:44:44.199 - MENSAJE: (FrontEnd Antes AlistarTarjetaNew)
2022/06/17 02:44:45.954 - MENSAJE: Tarjeta_Alistada
2022/06/17 02:44:45.987 - MENSAJE: (FrontEnd CapturaPlaca) 
2022/06/17 02:45:07.179 - MENSAJE: Vehiculo En Mueble
2022/06/17 02:45:57.051 - MENSAJE: Tarjeta_Alistada
2022/06/17 02:45:57.060 - MENSAJE: (FrontEnd CapturaPlaca) Placa: GHP395
2022/06/17 02:46:09.172 - MENSAJE: Vehiculo En Mueble
2022/06/17 02:46:09.172 - MENSAJE: (FrontEnd Antes AlistarTarjetaNew)
2022/06/17 02:46:12.826 - MENSAJE: (FrontEnd CapturaPlaca) Placa: GYW046
2022/06/17 02:46:33.109 - MENSAJE: Tarjeta_Alistada
2022/06/17 02:46:33.122 - MENSAJE: (FrontEnd CapturaPlaca) GYW046
2022/06/17 02:46:33.132 - MENSAJE: oAutorizado.PlacaAuto : GYW046
2022/06/17 02:46:33.268 - MENSAJE: Talanquera Abierta
2022/06/17 02:46:33.374 - MENSAJE: Vehiculo En Talanquera
2022/06/17 02:46:33.653 - MENSAJE: Vehiculo Salio Talanquera
2022/06/17 02:46:33.718 - MENSAJE: (PRESENTER) Borrado Exitoso Variables PLC
2022/06/17 02:46:33.780 - MENSAJE: (PRESENTER) Borrado Exitoso Variables PLC
2022/06/17 02:46:35.171 - MENSAJE: Vehiculo En Mueble
2022/06/17 02:46:35.172 - MENSAJE: (FrontEnd Antes AlistarTarjetaNew)
2022/06/17 02:46:43.960 - MENSAJE: Tarjeta_Alistada
2022/06/17 02:46:43.984 - MENSAJE: (FrontEnd CapturaPlaca) 
2022/06/17 02:46:46.871 - MENSAJE: Vehiculo En Mueble
2022/06/17 02:48:12.304 - INICIO REGISTRO
2022/06/17 02:48:12.311 - MENSAJE: (FrondEnd CargaRecursos): Carga Controles - OK
2022/06/17 02:48:12.408 - MENSAJE: (FrondEnd CargaImagenes): Carga Imagenes - OK
2022/06/17 02:48:12.886 - MENSAJE: (Presenter ObtenerInfoModulo) OK
2022/06/17 02:48:12.913 - MENSAJE: (Presenter ObtenerInfoPartes) OK
2022/06/17 02:48:12.932 - MENSAJE: (Presenter ObtenerInfoParametros) OK
2022/06/17 02:48:13.160 - MENSAJE: (PRESENTER) Conexion Exitosa PLC
2022/06/17 02:48:13.290 - MENSAJE: (PRESENTER) Borrado Exitoso Variables PLC
2022/06/17 02:48:13.317 - MENSAJE: ConexionExitosa_Dispensador
2022/06/17 02:48:15.904 - MENSAJE: (PRESENTER) Borrado Exitoso Variables PLC
2022/06/17 02:48:16.586 - MENSAJE: Sin_Tarjeta
2022/06/17 02:48:16.624 - MENSAJE: Vehiculo En Mueble
2022/06/17 02:48:16.625 - MENSAJE: (FrontEnd Antes AlistarTarjetaNew)
2022/06/17 02:48:30.238 - MENSAJE: Tarjeta_Alistada
2022/06/17 02:48:30.280 - MENSAJE: (FrontEnd CapturaPlaca) 
2022/06/17 02:48:31.612 - MENSAJE: Vehiculo En Mueble
2022/06/17 02:48:46.888 - MENSAJE: Tarjeta_Alistada
2022/06/17 02:48:47.503 - MENSAJE: Vehiculo En Mueble
2022/06/17 02:48:47.504 - MENSAJE: (FrontEnd Antes AlistarTarjetaNew)
2022/06/17 02:48:49.243 - MENSAJE: Tarjeta_Alistada
2022/06/17 02:48:49.273 - MENSAJE: (FrontEnd CapturaPlaca) 
2022/06/17 02:48:51.651 - MENSAJE: Vehiculo En Mueble
2022/06/17 02:49:42.654 - INICIO REGISTRO
2022/06/17 02:49:42.663 - MENSAJE: (FrondEnd CargaRecursos): Carga Controles - OK
2022/06/17 02:49:42.764 - MENSAJE: (FrondEnd CargaImagenes): Carga Imagenes - OK
2022/06/17 02:49:43.176 - MENSAJE: (Presenter ObtenerInfoModulo) OK
2022/06/17 02:49:43.205 - MENSAJE: (Presenter ObtenerInfoPartes) OK
2022/06/17 02:49:43.223 - MENSAJE: (Presenter ObtenerInfoParametros) OK
2022/06/17 02:49:43.373 - MENSAJE: (PRESENTER) Conexion Exitosa PLC
2022/06/17 02:49:43.498 - MENSAJE: (PRESENTER) Borrado Exitoso Variables PLC
2022/06/17 02:49:43.525 - MENSAJE: ConexionExitosa_Dispensador
2022/06/17 02:49:45.137 - MENSAJE: (PRESENTER) Borrado Exitoso Variables PLC
2022/06/17 02:49:45.869 - MENSAJE: Vehiculo En Mueble
2022/06/17 02:49:45.870 - MENSAJE: (FrontEnd Antes AlistarTarjetaNew)
2022/06/17 02:49:47.626 - MENSAJE: Tarjeta_Alistada
2022/06/17 02:49:47.652 - MENSAJE: (FrontEnd CapturaPlaca) 
2022/06/17 02:49:51.156 - MENSAJE: Vehiculo En Mueble
2022/06/17 02:50:28.210 - MENSAJE: Tarjeta_Escrita
2022/06/17 02:50:28.222 - MENSAJE: Tarjeta_MovidaReceptor_RF_TO_FRONT
2022/06/17 02:50:28.971 - MENSAJE: Tarjeta_En_Boca
2022/06/17 02:50:28.972 - MENSAJE: Tarjeta_En_Boca
2022/06/17 02:50:29.026 - MENSAJE: Vehiculo En Mueble
2022/06/17 02:50:29.671 - MENSAJE: Tarjeta_En_Boca
2022/06/17 02:50:29.672 - MENSAJE: Tarjeta_En_Boca
2022/06/17 02:50:29.708 - MENSAJE: Vehiculo En Mueble
2022/06/17 02:50:30.295 - MENSAJE: Tarjeta_En_Boca
2022/06/17 02:50:30.296 - MENSAJE: Tarjeta_En_Boca
2022/06/17 02:50:30.334 - MENSAJE: Vehiculo En Mueble
2022/06/17 02:50:31.203 - MENSAJE: Tarjeta_En_Boca
2022/06/17 02:50:31.204 - MENSAJE: Tarjeta_En_Boca
2022/06/17 02:50:31.240 - MENSAJE: Vehiculo En Mueble
2022/06/17 02:50:32.201 - MENSAJE: Tarjeta_En_Boca
2022/06/17 02:50:32.201 - MENSAJE: Tarjeta_En_Boca
2022/06/17 02:50:32.239 - MENSAJE: Vehiculo En Mueble
2022/06/17 02:50:33.201 - MENSAJE: Tarjeta_En_Boca
2022/06/17 02:50:33.202 - MENSAJE: Tarjeta_En_Boca
2022/06/17 02:50:33.240 - MENSAJE: Vehiculo En Mueble
2022/06/17 02:50:34.198 - MENSAJE: Sin_Tarjeta
2022/06/17 02:50:34.250 - MENSAJE: Talanquera Abierta
2022/06/17 02:50:43.693 - MENSAJE: Vehiculo En Talanquera
2022/06/17 02:50:44.695 - MENSAJE: Vehiculo Salio Talanquera
2022/06/17 02:50:44.757 - MENSAJE: (PRESENTER) Borrado Exitoso Variables PLC
2022/06/17 02:50:44.835 - MENSAJE: (PRESENTER) Borrado Exitoso Variables PLC
2022/06/17 02:50:46.198 - MENSAJE: Sin_Tarjeta
2022/06/17 02:50:47.207 - MENSAJE: Sin_Tarjeta
2022/06/17 02:50:48.206 - MENSAJE: Sin_Tarjeta
2022/06/17 02:50:49.204 - MENSAJE: Sin_Tarjeta
2022/06/17 02:50:50.205 - MENSAJE: Sin_Tarjeta
2022/06/17 02:50:51.201 - MENSAJE: Sin_Tarjeta
2022/06/17 02:50:52.202 - MENSAJE: Sin_Tarjeta
2022/06/17 02:50:53.200 - MENSAJE: Sin_Tarjeta
2022/06/17 02:50:54.201 - MENSAJE: Sin_Tarjeta
2022/06/17 02:50:55.185 - MENSAJE: Sin_Tarjeta
2022/06/17 02:50:56.213 - MENSAJE: Sin_Tarjeta
2022/06/17 02:50:57.210 - MENSAJE: Sin_Tarjeta
2022/06/17 02:50:58.212 - MENSAJE: Sin_Tarjeta
2022/06/17 02:50:59.208 - MENSAJE: Sin_Tarjeta
2022/06/17 02:51:00.209 - MENSAJE: Sin_Tarjeta
2022/06/17 02:51:01.204 - MENSAJE: Sin_Tarjeta
2022/06/17 02:51:02.188 - MENSAJE: Sin_Tarjeta
2022/06/17 02:51:03.201 - MENSAJE: Sin_Tarjeta
2022/06/17 02:51:04.202 - MENSAJE: Sin_Tarjeta
2022/06/17 02:51:05.203 - MENSAJE: Sin_Tarjeta
2022/06/17 02:51:06.213 - MENSAJE: Sin_Tarjeta
2022/06/17 02:51:07.208 - MENSAJE: Sin_Tarjeta
2022/06/17 02:51:08.204 - MENSAJE: Sin_Tarjeta
2022/06/17 02:51:09.203 - MENSAJE: Sin_Tarjeta
2022/06/17 02:51:10.187 - MENSAJE: Sin_Tarjeta
2022/06/17 02:51:11.189 - MENSAJE: Sin_Tarjeta
2022/06/17 02:51:12.202 - MENSAJE: Sin_Tarjeta
2022/06/17 02:51:13.191 - MENSAJE: Sin_Tarjeta
2022/06/17 02:51:14.206 - MENSAJE: Sin_Tarjeta
2022/06/17 02:51:15.207 - MENSAJE: Sin_Tarjeta
2022/06/17 02:51:16.193 - MENSAJE: Sin_Tarjeta
2022/06/17 02:51:17.205 - MENSAJE: Sin_Tarjeta
2022/06/17 02:51:18.204 - MENSAJE: Sin_Tarjeta
2022/06/17 02:51:19.201 - MENSAJE: Sin_Tarjeta
2022/06/17 02:51:20.201 - MENSAJE: Sin_Tarjeta
2022/06/17 02:51:21.196 - MENSAJE: Sin_Tarjeta
2022/06/17 02:51:22.207 - MENSAJE: Sin_Tarjeta
2022/06/17 02:51:23.207 - MENSAJE: Sin_Tarjeta
2022/06/17 02:51:24.206 - MENSAJE: Sin_Tarjeta
2022/06/17 02:51:25.203 - MENSAJE: Sin_Tarjeta
2022/06/17 02:51:26.201 - MENSAJE: Sin_Tarjeta
2022/06/17 02:51:27.187 - MENSAJE: Sin_Tarjeta
2022/06/17 02:51:28.200 - MENSAJE: Sin_Tarjeta
2022/06/17 02:51:29.199 - MENSAJE: Sin_Tarjeta
2022/06/17 02:51:30.200 - MENSAJE: Sin_Tarjeta
2022/06/17 02:51:31.198 - MENSAJE: Sin_Tarjeta
2022/06/17 02:51:32.210 - MENSAJE: Sin_Tarjeta
2022/06/17 02:51:33.208 - MENSAJE: Sin_Tarjeta
2022/06/17 02:51:34.204 - MENSAJE: Sin_Tarjeta
2022/06/17 02:51:35.203 - MENSAJE: Sin_Tarjeta
2022/06/17 02:51:36.201 - MENSAJE: Sin_Tarjeta
2022/06/17 02:51:37.200 - MENSAJE: Sin_Tarjeta
2022/06/17 02:51:38.195 - MENSAJE: Sin_Tarjeta
2022/06/17 02:51:39.203 - MENSAJE: Sin_Tarjeta
2022/06/17 02:51:40.204 - MENSAJE: Sin_Tarjeta
2022/06/17 02:51:41.205 - MENSAJE: Sin_Tarjeta
2022/06/17 02:51:42.204 - MENSAJE: Sin_Tarjeta
2022/06/17 02:51:43.192 - MENSAJE: Sin_Tarjeta
2022/06/17 02:51:44.196 - MENSAJE: Sin_Tarjeta
2022/06/17 02:51:45.208 - MENSAJE: Sin_Tarjeta
2022/06/17 02:51:46.207 - MENSAJE: Sin_Tarjeta
2022/06/17 02:51:47.204 - MENSAJE: Sin_Tarjeta
2022/06/17 02:51:48.203 - MENSAJE: Sin_Tarjeta
2022/06/17 02:51:49.202 - MENSAJE: Sin_Tarjeta
2022/06/17 02:51:50.200 - MENSAJE: Sin_Tarjeta
2022/06/17 02:51:51.201 - MENSAJE: Sin_Tarjeta
2022/06/17 02:51:52.202 - MENSAJE: Sin_Tarjeta
2022/06/17 02:51:53.200 - MENSAJE: Sin_Tarjeta
2022/06/17 02:51:54.199 - MENSAJE: Sin_Tarjeta
2022/06/17 02:51:55.185 - MENSAJE: Sin_Tarjeta
2022/06/17 02:51:56.196 - MENSAJE: Sin_Tarjeta
2022/06/17 02:51:57.205 - MENSAJE: Sin_Tarjeta
2022/06/17 02:51:58.193 - MENSAJE: Sin_Tarjeta
2022/06/17 02:51:59.206 - MENSAJE: Sin_Tarjeta
2022/06/17 02:52:00.194 - MENSAJE: Sin_Tarjeta
2022/06/17 02:52:01.207 - MENSAJE: Sin_Tarjeta
2022/06/17 02:52:02.206 - MENSAJE: Sin_Tarjeta
2022/06/17 02:52:03.192 - MENSAJE: Sin_Tarjeta
2022/06/17 02:52:04.210 - MENSAJE: Sin_Tarjeta
2022/06/17 02:52:05.208 - MENSAJE: Sin_Tarjeta
2022/06/17 02:52:06.204 - MENSAJE: Sin_Tarjeta
2022/06/17 02:52:07.202 - MENSAJE: Sin_Tarjeta
2022/06/17 02:52:08.188 - MENSAJE: Sin_Tarjeta
2022/06/17 02:52:09.202 - MENSAJE: Sin_Tarjeta
2022/06/17 02:52:10.201 - MENSAJE: Sin_Tarjeta
2022/06/17 02:52:11.184 - MENSAJE: Sin_Tarjeta
2022/06/17 02:52:12.196 - MENSAJE: Sin_Tarjeta
2022/06/17 02:52:13.192 - MENSAJE: Sin_Tarjeta
2022/06/17 02:52:14.205 - MENSAJE: Sin_Tarjeta
2022/06/17 02:52:15.187 - MENSAJE: Sin_Tarjeta
2022/06/17 02:52:16.198 - MENSAJE: Sin_Tarjeta
2022/06/17 02:52:17.209 - MENSAJE: Sin_Tarjeta
2022/06/17 02:52:18.212 - MENSAJE: Sin_Tarjeta
2022/06/17 02:52:19.206 - MENSAJE: Sin_Tarjeta
2022/06/17 02:52:20.192 - MENSAJE: Sin_Tarjeta
2022/06/17 02:52:21.195 - MENSAJE: Sin_Tarjeta
2022/06/17 02:52:22.183 - MENSAJE: Sin_Tarjeta
2022/06/17 02:52:23.186 - MENSAJE: Sin_Tarjeta
2022/06/17 02:52:24.199 - MENSAJE: Sin_Tarjeta
2022/06/17 02:52:25.187 - MENSAJE: Sin_Tarjeta
2022/06/17 02:52:26.185 - MENSAJE: Sin_Tarjeta
2022/06/17 02:52:27.199 - MENSAJE: Sin_Tarjeta
2022/06/17 02:52:28.197 - MENSAJE: Sin_Tarjeta
2022/06/17 02:52:29.213 - MENSAJE: Sin_Tarjeta
2022/06/17 02:52:30.211 - MENSAJE: Sin_Tarjeta
2022/06/17 02:52:31.208 - MENSAJE: Sin_Tarjeta
2022/06/17 02:52:32.190 - MENSAJE: Sin_Tarjeta
2022/06/17 02:52:33.203 - MENSAJE: Sin_Tarjeta
2022/06/17 02:52:34.187 - MENSAJE: Sin_Tarjeta
2022/06/17 02:52:35.202 - MENSAJE: Sin_Tarjeta
2022/06/17 02:52:36.190 - MENSAJE: Sin_Tarjeta
2022/06/17 02:52:37.207 - MENSAJE: Sin_Tarjeta
2022/06/17 02:52:38.193 - MENSAJE: Sin_Tarjeta
2022/06/17 02:52:39.209 - MENSAJE: Sin_Tarjeta
2022/06/17 02:52:40.207 - MENSAJE: Sin_Tarjeta
2022/06/17 02:52:41.203 - MENSAJE: Sin_Tarjeta
2022/06/17 02:52:42.200 - MENSAJE: Sin_Tarjeta
2022/06/17 02:52:42.221 - MENSAJE: Vehiculo En Mueble
2022/06/17 02:52:42.222 - MENSAJE: (FrontEnd Antes AlistarTarjetaNew)
2022/06/17 02:52:43.963 - MENSAJE: Tarjeta_Alistada
2022/06/17 02:52:43.977 - MENSAJE: (FrontEnd CapturaPlaca) 
