2023/10/27 08:36:32.020 - INICIO REGISTRO
2023/10/27 08:36:32.028 - MENSAJE: (FrondEnd CargaRecursos): Carga Controles - OK
2023/10/27 08:36:32.156 - MENSAJE: (FrondEnd CargaImagenes): Carga Imagenes - OK
2023/10/27 08:36:33.525 - MENSAJE: (Presenter ObtenerInfoModulo) OK
2023/10/27 08:36:33.570 - MENSAJE: (Presenter ObtenerInfoPartes) OK
2023/10/27 08:36:33.606 - MENSAJE: (Presenter ObtenerInfoParametros) OK
2023/10/27 08:36:33.646 - MENSAJE: 
2023/10/27 08:36:33.725 - MENSAJE: (PRESENTER) Error Borrado Varibales PLC
2023/10/27 08:36:33.820 - MENSAJE: (FrontEnd Antes CapturaPlaca)
2023/10/27 08:36:33.871 - MENSAJE: (FrontEnd Antes CapturaPlaca) ------
2023/10/27 08:36:33.899 - MENSAJE: 
2023/10/27 08:36:33.902 - MENSAJE: 
2023/10/27 08:36:34.035 - MENSAJE: (FrontEnd Antes CapturaPlaca)
2023/10/27 08:36:34.054 - MENSAJE: (FrontEnd Antes CapturaPlaca) ------
2023/10/27 08:36:34.055 - MENSAJE: 
2023/10/27 08:36:34.055 - MENSAJE: 
2023/10/27 08:36:34.066 - MENSAJE: 
2023/10/27 08:36:35.034 - MENSAJE: (FrontEnd Antes CapturaPlaca)
2023/10/27 08:36:35.048 - MENSAJE: (FrontEnd Antes CapturaPlaca) ------
2023/10/27 08:36:35.049 - MENSAJE: 
2023/10/27 08:36:35.050 - MENSAJE: 
2023/10/27 08:36:35.060 - MENSAJE: 
2023/10/27 08:36:36.043 - MENSAJE: (FrontEnd Antes CapturaPlaca)
2023/10/27 08:36:36.058 - MENSAJE: (FrontEnd Antes CapturaPlaca) ------
2023/10/27 08:36:36.059 - MENSAJE: 
2023/10/27 08:36:36.059 - MENSAJE: 
2023/10/27 08:36:36.070 - MENSAJE: 
2023/10/27 08:36:37.033 - MENSAJE: (FrontEnd Antes CapturaPlaca)
2023/10/27 08:36:37.047 - MENSAJE: (FrontEnd Antes CapturaPlaca) ------
2023/10/27 08:36:37.048 - MENSAJE: 
2023/10/27 08:36:37.048 - MENSAJE: 
2023/10/27 08:36:37.059 - MENSAJE: 
2023/10/27 08:36:38.041 - MENSAJE: (FrontEnd Antes CapturaPlaca)
2023/10/27 08:36:38.055 - MENSAJE: (FrontEnd Antes CapturaPlaca) ------
2023/10/27 08:36:38.056 - MENSAJE: 
2023/10/27 08:36:38.056 - MENSAJE: 
2023/10/27 08:36:38.067 - MENSAJE: 
2023/10/27 08:36:39.057 - MENSAJE: (FrontEnd Antes CapturaPlaca)
2023/10/27 08:36:39.071 - MENSAJE: (FrontEnd Antes CapturaPlaca) ------
2023/10/27 08:36:39.072 - MENSAJE: 
2023/10/27 08:36:39.072 - MENSAJE: 
2023/10/27 08:36:39.082 - MENSAJE: 
2023/10/27 08:36:40.058 - MENSAJE: (FrontEnd Antes CapturaPlaca)
2023/10/27 08:36:40.072 - MENSAJE: (FrontEnd Antes CapturaPlaca) ------
2023/10/27 08:36:40.073 - MENSAJE: 
2023/10/27 08:36:40.073 - MENSAJE: 
2023/10/27 08:36:40.084 - MENSAJE: 
2023/10/27 08:36:41.071 - MENSAJE: (FrontEnd Antes CapturaPlaca)
2023/10/27 08:36:41.086 - MENSAJE: (FrontEnd Antes CapturaPlaca) ------
2023/10/27 08:36:41.086 - MENSAJE: 
2023/10/27 08:36:41.087 - MENSAJE: 
2023/10/27 08:36:41.098 - MENSAJE: 
2023/10/27 08:36:42.029 - MENSAJE: (FrontEnd Antes CapturaPlaca)
2023/10/27 08:36:42.052 - MENSAJE: (FrontEnd Antes CapturaPlaca) ------
2023/10/27 08:36:42.054 - MENSAJE: 
2023/10/27 08:36:42.054 - MENSAJE: 
2023/10/27 08:36:42.064 - MENSAJE: 
2023/10/27 08:36:43.033 - MENSAJE: (FrontEnd Antes CapturaPlaca)
2023/10/27 08:36:43.047 - MENSAJE: (FrontEnd Antes CapturaPlaca) ------
2023/10/27 08:36:43.048 - MENSAJE: 
2023/10/27 08:36:43.048 - MENSAJE: 
2023/10/27 08:36:43.059 - MENSAJE: 
2023/10/27 08:36:44.029 - MENSAJE: (FrontEnd Antes CapturaPlaca)
2023/10/27 08:36:44.048 - MENSAJE: (FrontEnd Antes CapturaPlaca) ------
2023/10/27 08:36:44.049 - MENSAJE: 
2023/10/27 08:36:44.050 - MENSAJE: 
2023/10/27 08:36:44.060 - MENSAJE: 
2023/10/27 08:36:45.035 - MENSAJE: (FrontEnd Antes CapturaPlaca)
2023/10/27 08:36:45.050 - MENSAJE: (FrontEnd Antes CapturaPlaca) ------
2023/10/27 08:36:45.051 - MENSAJE: 
2023/10/27 08:36:45.052 - MENSAJE: 
2023/10/27 08:36:45.062 - MENSAJE: 
2023/10/27 08:36:46.034 - MENSAJE: (FrontEnd Antes CapturaPlaca)
2023/10/27 08:36:46.052 - MENSAJE: (FrontEnd Antes CapturaPlaca) ------
2023/10/27 08:36:46.053 - MENSAJE: 
2023/10/27 08:36:46.053 - MENSAJE: 
2023/10/27 08:36:46.064 - MENSAJE: 
2023/10/27 08:36:47.028 - MENSAJE: (FrontEnd Antes CapturaPlaca)
2023/10/27 08:36:47.047 - MENSAJE: (FrontEnd Antes CapturaPlaca) ------
2023/10/27 08:36:47.048 - MENSAJE: 
2023/10/27 08:36:47.049 - MENSAJE: 
2023/10/27 08:36:47.059 - MENSAJE: 
2023/10/27 08:36:48.033 - MENSAJE: (FrontEnd Antes CapturaPlaca)
2023/10/27 08:36:48.056 - MENSAJE: (FrontEnd Antes CapturaPlaca) ------
2023/10/27 08:36:48.057 - MENSAJE: 
2023/10/27 08:36:48.057 - MENSAJE: 
2023/10/27 08:36:48.068 - MENSAJE: 
2023/10/27 08:36:49.037 - MENSAJE: (FrontEnd Antes CapturaPlaca)
2023/10/27 08:36:49.053 - MENSAJE: (FrontEnd Antes CapturaPlaca) ------
2023/10/27 08:36:49.054 - MENSAJE: 
2023/10/27 08:36:49.055 - MENSAJE: 
2023/10/27 08:36:49.066 - MENSAJE: 
2023/10/27 08:36:50.030 - MENSAJE: (FrontEnd Antes CapturaPlaca)
2023/10/27 08:36:50.042 - MENSAJE: (FrontEnd Antes CapturaPlaca) ------
2023/10/27 08:36:50.043 - MENSAJE: 
2023/10/27 08:36:50.044 - MENSAJE: 
2023/10/27 08:36:50.054 - MENSAJE: 
2023/10/27 08:36:51.030 - MENSAJE: (FrontEnd Antes CapturaPlaca)
2023/10/27 08:36:51.044 - MENSAJE: (FrontEnd Antes CapturaPlaca) ------
2023/10/27 08:36:51.045 - MENSAJE: 
2023/10/27 08:36:51.045 - MENSAJE: 
2023/10/27 08:36:51.056 - MENSAJE: 
2023/10/27 08:36:52.029 - MENSAJE: (FrontEnd Antes CapturaPlaca)
2023/10/27 08:36:52.040 - MENSAJE: (FrontEnd Antes CapturaPlaca) ------
2023/10/27 08:36:52.040 - MENSAJE: 
2023/10/27 08:36:52.041 - MENSAJE: 
2023/10/27 08:36:52.051 - MENSAJE: 
2023/10/27 08:36:53.032 - MENSAJE: (FrontEnd Antes CapturaPlaca)
2023/10/27 08:36:53.042 - MENSAJE: (FrontEnd Antes CapturaPlaca) ------
2023/10/27 08:36:53.043 - MENSAJE: 
2023/10/27 08:36:53.043 - MENSAJE: 
2023/10/27 08:36:53.053 - MENSAJE: 
2023/10/27 08:36:54.031 - MENSAJE: (FrontEnd Antes CapturaPlaca)
2023/10/27 08:36:54.045 - MENSAJE: (FrontEnd Antes CapturaPlaca) ------
2023/10/27 08:36:54.046 - MENSAJE: 
2023/10/27 08:36:54.046 - MENSAJE: 
2023/10/27 08:36:54.057 - MENSAJE: 
2023/10/27 08:36:55.031 - MENSAJE: (FrontEnd Antes CapturaPlaca)
2023/10/27 08:36:55.046 - MENSAJE: (FrontEnd Antes CapturaPlaca) ------
2023/10/27 08:36:55.047 - MENSAJE: 
2023/10/27 08:36:55.047 - MENSAJE: 
2023/10/27 08:36:55.058 - MENSAJE: 
2023/10/27 08:36:56.028 - MENSAJE: (FrontEnd Antes CapturaPlaca)
2023/10/27 08:36:56.042 - MENSAJE: (FrontEnd Antes CapturaPlaca) ------
2023/10/27 08:36:56.043 - MENSAJE: 
2023/10/27 08:36:56.043 - MENSAJE: 
2023/10/27 08:36:56.054 - MENSAJE: 
2023/10/27 08:36:57.034 - MENSAJE: (FrontEnd Antes CapturaPlaca)
2023/10/27 08:36:57.048 - MENSAJE: (FrontEnd Antes CapturaPlaca) ------
2023/10/27 08:36:57.049 - MENSAJE: 
2023/10/27 08:36:57.049 - MENSAJE: 
2023/10/27 08:36:57.060 - MENSAJE: 
2023/10/27 08:36:58.045 - MENSAJE: (FrontEnd Antes CapturaPlaca)
2023/10/27 08:36:58.057 - MENSAJE: (FrontEnd Antes CapturaPlaca) ------
2023/10/27 08:36:58.058 - MENSAJE: 
2023/10/27 08:36:58.058 - MENSAJE: 
2023/10/27 08:36:58.070 - MENSAJE: 
2023/10/27 08:36:59.065 - MENSAJE: (FrontEnd Antes CapturaPlaca)
2023/10/27 08:36:59.080 - MENSAJE: (FrontEnd Antes CapturaPlaca) ------
2023/10/27 08:36:59.080 - MENSAJE: 
2023/10/27 08:36:59.081 - MENSAJE: 
2023/10/27 08:36:59.091 - MENSAJE: 
2023/10/27 08:37:00.052 - MENSAJE: (FrontEnd Antes CapturaPlaca)
2023/10/27 08:37:00.067 - MENSAJE: (FrontEnd Antes CapturaPlaca) ------
2023/10/27 08:37:00.068 - MENSAJE: 
2023/10/27 08:37:00.068 - MENSAJE: 
2023/10/27 08:37:00.079 - MENSAJE: 
2023/10/27 08:37:01.033 - MENSAJE: (FrontEnd Antes CapturaPlaca)
2023/10/27 08:37:01.052 - MENSAJE: (FrontEnd Antes CapturaPlaca) ------
2023/10/27 08:37:01.053 - MENSAJE: 
2023/10/27 08:37:01.053 - MENSAJE: 
2023/10/27 08:37:01.064 - MENSAJE: 
2023/10/27 08:37:02.030 - MENSAJE: (FrontEnd Antes CapturaPlaca)
2023/10/27 08:37:02.047 - MENSAJE: (FrontEnd Antes CapturaPlaca) ------
2023/10/27 08:37:02.048 - MENSAJE: 
2023/10/27 08:37:02.048 - MENSAJE: 
2023/10/27 08:37:02.059 - MENSAJE: 
2023/10/27 08:37:03.031 - MENSAJE: (FrontEnd Antes CapturaPlaca)
2023/10/27 08:37:03.049 - MENSAJE: (FrontEnd Antes CapturaPlaca) ------
2023/10/27 08:37:03.050 - MENSAJE: 
2023/10/27 08:37:03.051 - MENSAJE: 
2023/10/27 08:37:03.062 - MENSAJE: 
2023/10/27 08:37:04.033 - MENSAJE: (FrontEnd Antes CapturaPlaca)
2023/10/27 08:37:04.050 - MENSAJE: (FrontEnd Antes CapturaPlaca) ------
2023/10/27 08:37:04.052 - MENSAJE: 
2023/10/27 08:37:04.052 - MENSAJE: 
2023/10/27 08:37:04.062 - MENSAJE: 
2023/10/27 08:37:05.035 - MENSAJE: (FrontEnd Antes CapturaPlaca)
2023/10/27 08:37:05.053 - MENSAJE: (FrontEnd Antes CapturaPlaca) ------
2023/10/27 08:37:05.054 - MENSAJE: 
2023/10/27 08:37:05.055 - MENSAJE: 
2023/10/27 08:37:05.066 - MENSAJE: 
2023/10/27 08:37:06.036 - MENSAJE: (FrontEnd Antes CapturaPlaca)
2023/10/27 08:37:06.055 - MENSAJE: (FrontEnd Antes CapturaPlaca) ------
2023/10/27 08:37:06.057 - MENSAJE: 
2023/10/27 08:37:06.057 - MENSAJE: 
2023/10/27 08:37:06.067 - MENSAJE: 
2023/10/27 08:37:07.029 - MENSAJE: (FrontEnd Antes CapturaPlaca)
2023/10/27 08:37:07.048 - MENSAJE: (FrontEnd Antes CapturaPlaca) ------
2023/10/27 08:37:07.049 - MENSAJE: 
2023/10/27 08:37:07.049 - MENSAJE: 
2023/10/27 08:37:07.059 - MENSAJE: 
2023/10/27 08:37:08.033 - MENSAJE: (FrontEnd Antes CapturaPlaca)
2023/10/27 08:37:08.050 - MENSAJE: (FrontEnd Antes CapturaPlaca) ------
2023/10/27 08:37:08.052 - MENSAJE: 
2023/10/27 08:37:08.052 - MENSAJE: 
2023/10/27 08:37:08.062 - MENSAJE: 
2023/10/27 08:37:09.033 - MENSAJE: (FrontEnd Antes CapturaPlaca)
2023/10/27 08:37:09.048 - MENSAJE: (FrontEnd Antes CapturaPlaca) ------
2023/10/27 08:37:09.050 - MENSAJE: 
2023/10/27 08:37:09.050 - MENSAJE: 
2023/10/27 08:37:09.061 - MENSAJE: 
2023/10/27 08:37:10.031 - MENSAJE: (FrontEnd Antes CapturaPlaca)
2023/10/27 08:37:10.045 - MENSAJE: (FrontEnd Antes CapturaPlaca) ------
2023/10/27 08:37:10.047 - MENSAJE: 
2023/10/27 08:37:10.047 - MENSAJE: 
2023/10/27 08:37:10.057 - MENSAJE: 
2023/10/27 08:37:11.032 - MENSAJE: (FrontEnd Antes CapturaPlaca)
2023/10/27 08:37:11.047 - MENSAJE: (FrontEnd Antes CapturaPlaca) ------
2023/10/27 08:37:11.048 - MENSAJE: 
2023/10/27 08:37:11.049 - MENSAJE: 
2023/10/27 08:37:11.059 - MENSAJE: 
2023/10/27 08:37:12.029 - MENSAJE: (FrontEnd Antes CapturaPlaca)
2023/10/27 08:37:12.043 - MENSAJE: (FrontEnd Antes CapturaPlaca) ------
2023/10/27 08:37:12.044 - MENSAJE: 
2023/10/27 08:37:12.044 - MENSAJE: 
2023/10/27 08:37:12.054 - MENSAJE: 
2023/10/27 08:37:13.028 - MENSAJE: (FrontEnd Antes CapturaPlaca)
2023/10/27 08:37:13.049 - MENSAJE: (FrontEnd Antes CapturaPlaca) ------
2023/10/27 08:37:13.050 - MENSAJE: 
2023/10/27 08:37:13.050 - MENSAJE: 
2023/10/27 08:37:13.061 - MENSAJE: 
2023/10/27 08:37:14.027 - MENSAJE: (FrontEnd Antes CapturaPlaca)
2023/10/27 08:37:14.041 - MENSAJE: (FrontEnd Antes CapturaPlaca) ------
2023/10/27 08:37:14.042 - MENSAJE: 
2023/10/27 08:37:14.042 - MENSAJE: 
2023/10/27 08:37:14.053 - MENSAJE: 
2023/10/27 08:37:15.035 - MENSAJE: (FrontEnd Antes CapturaPlaca)
2023/10/27 08:37:15.050 - MENSAJE: (FrontEnd Antes CapturaPlaca) ------
2023/10/27 08:37:15.051 - MENSAJE: 
2023/10/27 08:37:15.051 - MENSAJE: 
2023/10/27 08:37:15.066 - MENSAJE: 
2023/10/27 08:37:16.033 - MENSAJE: (FrontEnd Antes CapturaPlaca)
2023/10/27 08:37:16.047 - MENSAJE: (FrontEnd Antes CapturaPlaca) ------
2023/10/27 08:37:16.048 - MENSAJE: 
2023/10/27 08:37:16.048 - MENSAJE: 
2023/10/27 08:37:16.059 - MENSAJE: 
2023/10/27 08:37:17.038 - MENSAJE: (FrontEnd Antes CapturaPlaca)
2023/10/27 08:37:17.052 - MENSAJE: (FrontEnd Antes CapturaPlaca) ------
2023/10/27 08:37:17.053 - MENSAJE: 
2023/10/27 08:37:17.053 - MENSAJE: 
2023/10/27 08:37:17.064 - MENSAJE: 
2023/10/27 08:37:18.039 - MENSAJE: (FrontEnd Antes CapturaPlaca)
2023/10/27 08:37:18.055 - MENSAJE: (FrontEnd Antes CapturaPlaca) ------
2023/10/27 08:37:18.056 - MENSAJE: 
2023/10/27 08:37:18.056 - MENSAJE: 
2023/10/27 08:37:18.067 - MENSAJE: 
2023/10/27 08:37:19.053 - MENSAJE: (FrontEnd Antes CapturaPlaca)
2023/10/27 08:37:19.074 - MENSAJE: (FrontEnd Antes CapturaPlaca) ------
2023/10/27 08:37:19.074 - MENSAJE: 
2023/10/27 08:37:19.075 - MENSAJE: 
2023/10/27 08:37:19.085 - MENSAJE: 
2023/10/27 08:37:19.094 - MENSAJE: oAutorizado.PlacaAuto : ------
2023/10/27 08:37:19.250 - MENSAJE: 
2023/10/27 08:37:19.250 - MENSAJE: 
2023/10/27 08:37:20.031 - MENSAJE: 
2023/10/27 08:37:20.033 - MENSAJE: 
2023/10/27 08:37:21.028 - MENSAJE: 
2023/10/27 08:37:21.029 - MENSAJE: 
2023/10/27 08:37:22.028 - MENSAJE: 
2023/10/27 08:37:22.030 - MENSAJE: 
2023/10/27 08:37:23.036 - MENSAJE: 
2023/10/27 08:37:23.037 - MENSAJE: 
2023/10/27 08:37:24.036 - MENSAJE: 
2023/10/27 08:37:24.037 - MENSAJE: 
2023/10/27 08:37:25.031 - MENSAJE: 
2023/10/27 08:37:25.033 - MENSAJE: 
2023/10/27 08:37:26.033 - MENSAJE: 
2023/10/27 08:37:26.034 - MENSAJE: 
2023/10/27 08:37:27.034 - MENSAJE: 
2023/10/27 08:37:27.035 - MENSAJE: 
2023/10/27 08:37:28.036 - MENSAJE: 
2023/10/27 08:37:28.037 - MENSAJE: 
2023/10/27 08:37:29.033 - MENSAJE: 
2023/10/27 08:37:29.034 - MENSAJE: 
2023/10/27 08:37:30.035 - MENSAJE: 
2023/10/27 08:37:30.036 - MENSAJE: 
2023/10/27 08:37:31.037 - MENSAJE: 
2023/10/27 08:37:31.038 - MENSAJE: 
2023/10/27 08:37:32.029 - MENSAJE: 
2023/10/27 08:37:32.030 - MENSAJE: 
2023/10/27 08:37:33.034 - MENSAJE: 
2023/10/27 08:37:33.036 - MENSAJE: 
2023/10/27 08:37:34.027 - MENSAJE: 
2023/10/27 08:37:34.028 - MENSAJE: 
2023/10/27 08:37:35.031 - MENSAJE: 
2023/10/27 08:37:35.032 - MENSAJE: 
2023/10/27 08:37:36.032 - MENSAJE: 
2023/10/27 08:37:36.033 - MENSAJE: 
2023/10/27 08:37:37.028 - MENSAJE: 
2023/10/27 08:37:37.029 - MENSAJE: 
2023/10/27 08:37:38.036 - MENSAJE: 
2023/10/27 08:37:38.037 - MENSAJE: 
2023/10/27 08:37:39.036 - MENSAJE: 
2023/10/27 08:37:39.037 - MENSAJE: 
2023/10/27 08:37:40.032 - MENSAJE: 
2023/10/27 08:37:40.033 - MENSAJE: 
2023/10/27 08:37:41.029 - MENSAJE: 
2023/10/27 08:37:41.030 - MENSAJE: 
2023/10/27 08:37:42.035 - MENSAJE: 
2023/10/27 08:37:42.036 - MENSAJE: 
2023/10/27 08:37:43.037 - MENSAJE: 
2023/10/27 08:37:43.038 - MENSAJE: 
2023/10/27 08:37:44.031 - MENSAJE: 
2023/10/27 08:37:44.032 - MENSAJE: 
2023/10/27 08:37:44.809 - MENSAJE: 
2023/10/27 08:37:44.815 - MENSAJE: 
2023/10/27 08:37:45.032 - MENSAJE: 
2023/10/27 08:37:45.033 - MENSAJE: 
2023/10/27 08:37:45.034 - MENSAJE: 
2023/10/27 08:37:45.043 - MENSAJE: 
2023/10/27 08:37:46.028 - MENSAJE: 
2023/10/27 08:37:46.029 - MENSAJE: 
2023/10/27 08:37:46.028 - MENSAJE: 
2023/10/27 08:37:46.039 - MENSAJE: 
2023/10/27 08:37:47.029 - MENSAJE: 
2023/10/27 08:37:47.029 - MENSAJE: 
2023/10/27 08:37:47.034 - MENSAJE: 
2023/10/27 08:37:47.039 - MENSAJE: 
2023/10/27 08:37:48.033 - MENSAJE: 
2023/10/27 08:37:48.034 - MENSAJE: 
2023/10/27 08:37:48.035 - MENSAJE: 
2023/10/27 08:37:48.044 - MENSAJE: 
2023/10/27 08:37:49.033 - MENSAJE: 
2023/10/27 08:37:49.035 - MENSAJE: 
2023/10/27 08:37:49.035 - MENSAJE: 
2023/10/27 08:37:49.044 - MENSAJE: 
2023/10/27 08:37:50.032 - MENSAJE: 
2023/10/27 08:37:50.032 - MENSAJE: 
2023/10/27 08:37:50.035 - MENSAJE: 
2023/10/27 08:37:50.042 - MENSAJE: 
2023/10/27 08:37:51.028 - MENSAJE: 
2023/10/27 08:37:51.028 - MENSAJE: 
2023/10/27 08:37:51.030 - MENSAJE: 
2023/10/27 08:37:51.038 - MENSAJE: 
2023/10/27 08:37:52.033 - MENSAJE: 
2023/10/27 08:37:52.033 - MENSAJE: 
2023/10/27 08:37:52.035 - MENSAJE: 
2023/10/27 08:37:52.044 - MENSAJE: 
2023/10/27 08:37:53.028 - MENSAJE: 
2023/10/27 08:37:53.028 - MENSAJE: 
2023/10/27 08:37:53.029 - MENSAJE: 
2023/10/27 08:37:53.038 - MENSAJE: 
2023/10/27 08:37:54.029 - MENSAJE: 
2023/10/27 08:37:54.029 - MENSAJE: 
2023/10/27 08:37:54.030 - MENSAJE: 
2023/10/27 08:37:54.040 - MENSAJE: 
2023/10/27 08:37:55.037 - MENSAJE: 
2023/10/27 08:37:55.038 - MENSAJE: 
2023/10/27 08:37:55.039 - MENSAJE: 
2023/10/27 08:37:55.048 - MENSAJE: 
2023/10/27 08:37:56.030 - MENSAJE: 
2023/10/27 08:37:56.030 - MENSAJE: 
2023/10/27 08:37:56.032 - MENSAJE: 
2023/10/27 08:37:56.041 - MENSAJE: 
2023/10/27 08:37:57.036 - MENSAJE: 
2023/10/27 08:37:57.036 - MENSAJE: 
2023/10/27 08:37:57.037 - MENSAJE: 
2023/10/27 08:37:57.046 - MENSAJE: 
2023/10/27 08:37:58.036 - MENSAJE: 
2023/10/27 08:37:58.036 - MENSAJE: 
2023/10/27 08:37:58.038 - MENSAJE: 
2023/10/27 08:37:58.047 - MENSAJE: 
2023/10/27 08:37:59.034 - MENSAJE: 
2023/10/27 08:37:59.034 - MENSAJE: 
2023/10/27 08:37:59.035 - MENSAJE: 
2023/10/27 08:37:59.045 - MENSAJE: 
2023/10/27 08:38:00.027 - MENSAJE: 
2023/10/27 08:38:00.028 - MENSAJE: 
2023/10/27 08:38:00.027 - MENSAJE: 
2023/10/27 08:38:00.038 - MENSAJE: 
2023/10/27 08:38:01.032 - MENSAJE: 
2023/10/27 08:38:01.033 - MENSAJE: 
2023/10/27 08:38:01.034 - MENSAJE: 
2023/10/27 08:38:01.044 - MENSAJE: 
2023/10/27 08:38:02.034 - MENSAJE: 
2023/10/27 08:38:02.034 - MENSAJE: 
2023/10/27 08:38:02.035 - MENSAJE: 
2023/10/27 08:38:02.044 - MENSAJE: 
2023/10/27 08:38:03.038 - MENSAJE: 
2023/10/27 08:38:03.038 - MENSAJE: 
2023/10/27 08:38:03.040 - MENSAJE: 
2023/10/27 08:38:03.049 - MENSAJE: 
2023/10/27 08:38:04.032 - MENSAJE: 
2023/10/27 08:38:04.032 - MENSAJE: 
2023/10/27 08:38:04.033 - MENSAJE: 
2023/10/27 08:38:04.042 - MENSAJE: 
2023/10/27 08:38:05.036 - MENSAJE: 
2023/10/27 08:38:05.036 - MENSAJE: 
2023/10/27 08:38:05.038 - MENSAJE: 
2023/10/27 08:38:05.047 - MENSAJE: 
2023/10/27 08:38:06.028 - MENSAJE: 
2023/10/27 08:38:06.028 - MENSAJE: 
2023/10/27 08:38:06.030 - MENSAJE: 
2023/10/27 08:38:06.039 - MENSAJE: 
2023/10/27 08:38:07.030 - MENSAJE: 
2023/10/27 08:38:07.030 - MENSAJE: 
2023/10/27 08:38:07.032 - MENSAJE: 
2023/10/27 08:38:07.041 - MENSAJE: 
2023/10/27 08:38:08.028 - MENSAJE: 
2023/10/27 08:38:08.028 - MENSAJE: 
2023/10/27 08:38:08.029 - MENSAJE: 
2023/10/27 08:38:08.038 - MENSAJE: 
2023/10/27 08:38:09.030 - MENSAJE: 
2023/10/27 08:38:09.031 - MENSAJE: 
2023/10/27 08:38:09.032 - MENSAJE: 
2023/10/27 08:38:09.041 - MENSAJE: 
2023/10/27 08:38:10.035 - MENSAJE: 
2023/10/27 08:38:10.035 - MENSAJE: 
2023/10/27 08:38:10.036 - MENSAJE: 
2023/10/27 08:38:10.046 - MENSAJE: 
2023/10/27 08:38:11.027 - MENSAJE: 
2023/10/27 08:38:11.028 - MENSAJE: 
2023/10/27 08:38:11.029 - MENSAJE: 
2023/10/27 08:38:11.038 - MENSAJE: 
2023/10/27 08:38:12.031 - MENSAJE: 
2023/10/27 08:38:12.031 - MENSAJE: 
2023/10/27 08:38:12.033 - MENSAJE: 
2023/10/27 08:38:12.042 - MENSAJE: 
2023/10/27 08:38:13.028 - MENSAJE: 
2023/10/27 08:38:13.028 - MENSAJE: 
2023/10/27 08:38:13.029 - MENSAJE: 
2023/10/27 08:38:13.039 - MENSAJE: 
2023/10/27 08:38:14.035 - MENSAJE: 
2023/10/27 08:38:14.035 - MENSAJE: 
2023/10/27 08:38:14.036 - MENSAJE: 
2023/10/27 08:38:14.045 - MENSAJE: 
2023/10/27 08:38:15.028 - MENSAJE: 
2023/10/27 08:38:15.028 - MENSAJE: 
2023/10/27 08:38:15.030 - MENSAJE: 
2023/10/27 08:38:15.039 - MENSAJE: 
2023/10/27 08:38:16.029 - MENSAJE: 
2023/10/27 08:38:16.029 - MENSAJE: 
2023/10/27 08:38:16.030 - MENSAJE: 
2023/10/27 08:38:16.039 - MENSAJE: 
2023/10/27 08:38:17.032 - MENSAJE: 
2023/10/27 08:38:17.032 - MENSAJE: 
2023/10/27 08:38:17.033 - MENSAJE: 
2023/10/27 08:38:17.043 - MENSAJE: 
2023/10/27 08:38:18.035 - MENSAJE: 
2023/10/27 08:38:18.035 - MENSAJE: 
2023/10/27 08:38:18.037 - MENSAJE: 
2023/10/27 08:38:18.046 - MENSAJE: 
2023/10/27 08:38:19.036 - MENSAJE: 
2023/10/27 08:38:19.036 - MENSAJE: 
2023/10/27 08:38:19.038 - MENSAJE: 
2023/10/27 08:38:19.047 - MENSAJE: 
2023/10/27 08:38:20.029 - MENSAJE: 
2023/10/27 08:38:20.029 - MENSAJE: 
2023/10/27 08:38:20.030 - MENSAJE: 
2023/10/27 08:38:20.040 - MENSAJE: 
2023/10/27 08:38:21.034 - MENSAJE: 
2023/10/27 08:38:21.035 - MENSAJE: 
2023/10/27 08:38:21.036 - MENSAJE: 
2023/10/27 08:38:21.045 - MENSAJE: 
2023/10/27 08:38:22.028 - MENSAJE: 
2023/10/27 08:38:22.028 - MENSAJE: 
2023/10/27 08:38:22.029 - MENSAJE: 
2023/10/27 08:38:22.039 - MENSAJE: 
2023/10/27 08:38:23.033 - MENSAJE: 
2023/10/27 08:38:23.033 - MENSAJE: 
2023/10/27 08:38:23.035 - MENSAJE: 
2023/10/27 08:38:23.044 - MENSAJE: 
2023/10/27 08:38:24.029 - MENSAJE: 
2023/10/27 08:38:24.029 - MENSAJE: 
2023/10/27 08:38:24.031 - MENSAJE: 
2023/10/27 08:38:24.040 - MENSAJE: 
2023/10/27 08:38:25.032 - MENSAJE: 
2023/10/27 08:38:25.032 - MENSAJE: 
2023/10/27 08:38:25.033 - MENSAJE: 
2023/10/27 08:38:25.042 - MENSAJE: 
2023/10/27 08:38:26.031 - MENSAJE: 
2023/10/27 08:38:26.031 - MENSAJE: 
2023/10/27 08:38:26.032 - MENSAJE: 
2023/10/27 08:38:26.042 - MENSAJE: 
2023/10/27 08:38:27.030 - MENSAJE: 
2023/10/27 08:38:27.030 - MENSAJE: 
2023/10/27 08:38:27.031 - MENSAJE: 
2023/10/27 08:38:27.041 - MENSAJE: 
2023/10/27 08:38:28.030 - MENSAJE: 
2023/10/27 08:38:28.030 - MENSAJE: 
2023/10/27 08:38:28.031 - MENSAJE: 
2023/10/27 08:38:28.040 - MENSAJE: 
2023/10/27 08:38:29.033 - MENSAJE: 
2023/10/27 08:38:29.033 - MENSAJE: 
2023/10/27 08:38:29.034 - MENSAJE: 
2023/10/27 08:38:29.044 - MENSAJE: 
2023/10/27 08:38:30.031 - MENSAJE: 
2023/10/27 08:38:30.031 - MENSAJE: 
2023/10/27 08:38:30.033 - MENSAJE: 
2023/10/27 08:38:30.042 - MENSAJE: 
2023/10/27 08:38:31.033 - MENSAJE: 
2023/10/27 08:38:31.033 - MENSAJE: 
2023/10/27 08:38:31.034 - MENSAJE: 
2023/10/27 08:38:31.044 - MENSAJE: 
2023/10/27 08:38:56.214 - INICIO REGISTRO
2023/10/27 08:38:56.222 - MENSAJE: (FrondEnd CargaRecursos): Carga Controles - OK
2023/10/27 08:38:56.338 - MENSAJE: (FrondEnd CargaImagenes): Carga Imagenes - OK
2023/10/27 08:38:56.949 - MENSAJE: (Presenter ObtenerInfoModulo) OK
2023/10/27 08:38:56.977 - MENSAJE: (Presenter ObtenerInfoPartes) OK
2023/10/27 08:38:56.999 - MENSAJE: (Presenter ObtenerInfoParametros) OK
2023/10/27 08:38:57.024 - MENSAJE: 
2023/10/27 08:38:57.103 - MENSAJE: (PRESENTER) Error Borrado Varibales PLC
2023/10/27 08:38:57.235 - MENSAJE: (FrontEnd Antes CapturaPlaca)
2023/10/27 08:38:57.267 - MENSAJE: (FrontEnd Antes CapturaPlaca) ------
2023/10/27 08:38:57.287 - MENSAJE: 
2023/10/27 08:38:57.289 - MENSAJE: 
2023/10/27 08:38:58.217 - MENSAJE: (FrontEnd Antes CapturaPlaca)
2023/10/27 08:38:58.232 - MENSAJE: (FrontEnd Antes CapturaPlaca) ------
2023/10/27 08:38:58.233 - MENSAJE: 
2023/10/27 08:38:58.233 - MENSAJE: 
2023/10/27 08:38:58.248 - MENSAJE: 
2023/10/27 08:38:59.215 - MENSAJE: (FrontEnd Antes CapturaPlaca)
2023/10/27 08:38:59.225 - MENSAJE: (FrontEnd Antes CapturaPlaca) ------
2023/10/27 08:38:59.226 - MENSAJE: 
2023/10/27 08:38:59.226 - MENSAJE: 
2023/10/27 08:38:59.237 - MENSAJE: 
2023/10/27 08:39:00.215 - MENSAJE: (FrontEnd Antes CapturaPlaca)
2023/10/27 08:39:00.229 - MENSAJE: (FrontEnd Antes CapturaPlaca) ------
2023/10/27 08:39:00.230 - MENSAJE: 
2023/10/27 08:39:00.231 - MENSAJE: 
2023/10/27 08:39:00.241 - MENSAJE: 
2023/10/27 08:39:01.224 - MENSAJE: (FrontEnd Antes CapturaPlaca)
2023/10/27 08:39:01.239 - MENSAJE: (FrontEnd Antes CapturaPlaca) ------
2023/10/27 08:39:01.240 - MENSAJE: 
2023/10/27 08:39:01.240 - MENSAJE: 
2023/10/27 08:39:01.251 - MENSAJE: 
2023/10/27 08:39:02.220 - MENSAJE: (FrontEnd Antes CapturaPlaca)
2023/10/27 08:39:02.234 - MENSAJE: (FrontEnd Antes CapturaPlaca) ------
2023/10/27 08:39:02.235 - MENSAJE: 
2023/10/27 08:39:02.235 - MENSAJE: 
2023/10/27 08:39:02.246 - MENSAJE: 
2023/10/27 08:39:03.247 - MENSAJE: (FrontEnd Antes CapturaPlaca)
2023/10/27 08:39:03.262 - MENSAJE: (FrontEnd Antes CapturaPlaca) ------
2023/10/27 08:39:03.263 - MENSAJE: 
2023/10/27 08:39:03.263 - MENSAJE: 
2023/10/27 08:39:03.274 - MENSAJE: 
2023/10/27 08:39:04.250 - MENSAJE: (FrontEnd Antes CapturaPlaca)
2023/10/27 08:39:04.262 - MENSAJE: (FrontEnd Antes CapturaPlaca) ------
2023/10/27 08:39:04.263 - MENSAJE: 
2023/10/27 08:39:04.263 - MENSAJE: 
2023/10/27 08:39:04.274 - MENSAJE: 
2023/10/27 08:39:05.255 - MENSAJE: (FrontEnd Antes CapturaPlaca)
2023/10/27 08:39:05.265 - MENSAJE: (FrontEnd Antes CapturaPlaca) ------
2023/10/27 08:39:05.266 - MENSAJE: 
2023/10/27 08:39:05.267 - MENSAJE: 
2023/10/27 08:39:05.277 - MENSAJE: 
2023/10/27 08:39:06.218 - MENSAJE: (FrontEnd Antes CapturaPlaca)
2023/10/27 08:39:06.232 - MENSAJE: (FrontEnd Antes CapturaPlaca) ------
2023/10/27 08:39:06.234 - MENSAJE: 
2023/10/27 08:39:06.234 - MENSAJE: 
2023/10/27 08:39:06.245 - MENSAJE: 
2023/10/27 08:39:07.219 - MENSAJE: (FrontEnd Antes CapturaPlaca)
2023/10/27 08:39:07.237 - MENSAJE: (FrontEnd Antes CapturaPlaca) ------
2023/10/27 08:39:07.239 - MENSAJE: 
2023/10/27 08:39:07.239 - MENSAJE: 
2023/10/27 08:39:07.249 - MENSAJE: 
2023/10/27 08:39:08.218 - MENSAJE: (FrontEnd Antes CapturaPlaca)
2023/10/27 08:39:08.232 - MENSAJE: (FrontEnd Antes CapturaPlaca) ------
2023/10/27 08:39:08.237 - MENSAJE: 
2023/10/27 08:39:08.237 - MENSAJE: 
2023/10/27 08:39:08.248 - MENSAJE: 
2023/10/27 08:39:09.222 - MENSAJE: (FrontEnd Antes CapturaPlaca)
2023/10/27 08:39:09.238 - MENSAJE: (FrontEnd Antes CapturaPlaca) ------
2023/10/27 08:39:09.240 - MENSAJE: 
2023/10/27 08:39:09.240 - MENSAJE: 
2023/10/27 08:39:09.251 - MENSAJE: 
2023/10/27 08:39:10.222 - MENSAJE: (FrontEnd Antes CapturaPlaca)
2023/10/27 08:39:10.236 - MENSAJE: (FrontEnd Antes CapturaPlaca) ------
2023/10/27 08:39:10.237 - MENSAJE: 
2023/10/27 08:39:10.237 - MENSAJE: 
2023/10/27 08:39:10.248 - MENSAJE: 
2023/10/27 08:39:11.221 - MENSAJE: (FrontEnd Antes CapturaPlaca)
2023/10/27 08:39:11.234 - MENSAJE: (FrontEnd Antes CapturaPlaca) ------
2023/10/27 08:39:11.235 - MENSAJE: 
2023/10/27 08:39:11.235 - MENSAJE: 
2023/10/27 08:39:11.246 - MENSAJE: 
2023/10/27 08:39:12.217 - MENSAJE: (FrontEnd Antes CapturaPlaca)
2023/10/27 08:39:12.230 - MENSAJE: (FrontEnd Antes CapturaPlaca) ------
2023/10/27 08:39:12.231 - MENSAJE: 
2023/10/27 08:39:12.232 - MENSAJE: 
2023/10/27 08:39:12.242 - MENSAJE: 
2023/10/27 08:39:13.223 - MENSAJE: (FrontEnd Antes CapturaPlaca)
2023/10/27 08:39:13.233 - MENSAJE: (FrontEnd Antes CapturaPlaca) ------
2023/10/27 08:39:13.234 - MENSAJE: 
2023/10/27 08:39:13.234 - MENSAJE: 
2023/10/27 08:39:13.245 - MENSAJE: 
2023/10/27 08:39:14.218 - MENSAJE: (FrontEnd Antes CapturaPlaca)
2023/10/27 08:39:14.235 - MENSAJE: (FrontEnd Antes CapturaPlaca) ------
2023/10/27 08:39:14.237 - MENSAJE: 
2023/10/27 08:39:14.237 - MENSAJE: 
2023/10/27 08:39:14.248 - MENSAJE: 
2023/10/27 08:39:15.222 - MENSAJE: (FrontEnd Antes CapturaPlaca)
2023/10/27 08:39:15.233 - MENSAJE: (FrontEnd Antes CapturaPlaca) ------
2023/10/27 08:39:15.234 - MENSAJE: 
2023/10/27 08:39:15.234 - MENSAJE: 
2023/10/27 08:39:15.244 - MENSAJE: 
2023/10/27 08:39:16.223 - MENSAJE: (FrontEnd Antes CapturaPlaca)
2023/10/27 08:39:16.234 - MENSAJE: (FrontEnd Antes CapturaPlaca) ------
2023/10/27 08:39:16.234 - MENSAJE: 
2023/10/27 08:39:16.235 - MENSAJE: 
2023/10/27 08:39:16.245 - MENSAJE: 
2023/10/27 08:39:17.224 - MENSAJE: (FrontEnd Antes CapturaPlaca)
2023/10/27 08:39:17.236 - MENSAJE: (FrontEnd Antes CapturaPlaca) ------
2023/10/27 08:39:17.237 - MENSAJE: 
2023/10/27 08:39:17.237 - MENSAJE: 
2023/10/27 08:39:17.247 - MENSAJE: 
2023/10/27 08:39:18.221 - MENSAJE: (FrontEnd Antes CapturaPlaca)
2023/10/27 08:39:18.235 - MENSAJE: (FrontEnd Antes CapturaPlaca) ------
2023/10/27 08:39:18.239 - MENSAJE: 
2023/10/27 08:39:18.239 - MENSAJE: 
2023/10/27 08:39:18.250 - MENSAJE: 
2023/10/27 08:39:19.218 - MENSAJE: (FrontEnd Antes CapturaPlaca)
2023/10/27 08:39:19.232 - MENSAJE: (FrontEnd Antes CapturaPlaca) ------
2023/10/27 08:39:19.233 - MENSAJE: 
2023/10/27 08:39:19.233 - MENSAJE: 
2023/10/27 08:39:19.244 - MENSAJE: 
2023/10/27 08:39:20.223 - MENSAJE: (FrontEnd Antes CapturaPlaca)
2023/10/27 08:39:20.237 - MENSAJE: (FrontEnd Antes CapturaPlaca) ------
2023/10/27 08:39:20.238 - MENSAJE: 
2023/10/27 08:39:20.238 - MENSAJE: 
2023/10/27 08:39:20.249 - MENSAJE: 
2023/10/27 08:39:21.223 - MENSAJE: (FrontEnd Antes CapturaPlaca)
2023/10/27 08:39:21.243 - MENSAJE: (FrontEnd Antes CapturaPlaca) ------
2023/10/27 08:39:21.244 - MENSAJE: 
2023/10/27 08:39:21.244 - MENSAJE: 
2023/10/27 08:39:21.255 - MENSAJE: 
2023/10/27 08:39:22.233 - MENSAJE: (FrontEnd Antes CapturaPlaca)
2023/10/27 08:39:22.243 - MENSAJE: (FrontEnd Antes CapturaPlaca) ------
2023/10/27 08:39:22.244 - MENSAJE: 
2023/10/27 08:39:22.244 - MENSAJE: 
2023/10/27 08:39:22.255 - MENSAJE: 
2023/10/27 08:39:23.245 - MENSAJE: (FrontEnd Antes CapturaPlaca)
2023/10/27 08:39:23.257 - MENSAJE: (FrontEnd Antes CapturaPlaca) ------
2023/10/27 08:39:23.258 - MENSAJE: 
2023/10/27 08:39:23.258 - MENSAJE: 
2023/10/27 08:39:23.268 - MENSAJE: 
2023/10/27 08:39:24.247 - MENSAJE: (FrontEnd Antes CapturaPlaca)
2023/10/27 08:39:24.259 - MENSAJE: (FrontEnd Antes CapturaPlaca) ------
2023/10/27 08:39:24.260 - MENSAJE: 
2023/10/27 08:39:24.260 - MENSAJE: 
2023/10/27 08:39:24.270 - MENSAJE: 
2023/10/27 08:39:25.218 - MENSAJE: (FrontEnd Antes CapturaPlaca)
2023/10/27 08:39:25.234 - MENSAJE: (FrontEnd Antes CapturaPlaca) ------
2023/10/27 08:39:25.235 - MENSAJE: 
2023/10/27 08:39:25.236 - MENSAJE: 
2023/10/27 08:39:25.246 - MENSAJE: 
2023/10/27 08:39:26.216 - MENSAJE: (FrontEnd Antes CapturaPlaca)
2023/10/27 08:39:26.235 - MENSAJE: (FrontEnd Antes CapturaPlaca) ------
2023/10/27 08:39:26.236 - MENSAJE: 
2023/10/27 08:39:26.237 - MENSAJE: 
2023/10/27 08:39:26.247 - MENSAJE: 
2023/10/27 08:39:27.219 - MENSAJE: (FrontEnd Antes CapturaPlaca)
2023/10/27 08:39:27.236 - MENSAJE: (FrontEnd Antes CapturaPlaca) ------
2023/10/27 08:39:27.237 - MENSAJE: 
2023/10/27 08:39:27.237 - MENSAJE: 
2023/10/27 08:39:27.248 - MENSAJE: 
2023/10/27 08:39:28.224 - MENSAJE: (FrontEnd Antes CapturaPlaca)
2023/10/27 08:39:28.237 - MENSAJE: (FrontEnd Antes CapturaPlaca) ------
2023/10/27 08:39:28.239 - MENSAJE: 
2023/10/27 08:39:28.239 - MENSAJE: 
2023/10/27 08:39:28.250 - MENSAJE: 
2023/10/27 08:39:29.219 - MENSAJE: (FrontEnd Antes CapturaPlaca)
2023/10/27 08:39:29.238 - MENSAJE: (FrontEnd Antes CapturaPlaca) ------
2023/10/27 08:39:29.240 - MENSAJE: 
2023/10/27 08:39:29.240 - MENSAJE: 
2023/10/27 08:39:29.250 - MENSAJE: 
2023/10/27 08:39:30.221 - MENSAJE: (FrontEnd Antes CapturaPlaca)
2023/10/27 08:39:30.239 - MENSAJE: (FrontEnd Antes CapturaPlaca) ------
2023/10/27 08:39:30.241 - MENSAJE: 
2023/10/27 08:39:30.243 - MENSAJE: 
2023/10/27 08:39:30.252 - MENSAJE: 
2023/10/27 08:39:31.219 - MENSAJE: (FrontEnd Antes CapturaPlaca)
2023/10/27 08:39:31.237 - MENSAJE: (FrontEnd Antes CapturaPlaca) ------
2023/10/27 08:39:31.238 - MENSAJE: 
2023/10/27 08:39:31.238 - MENSAJE: 
2023/10/27 08:39:31.249 - MENSAJE: 
2023/10/27 08:39:32.215 - MENSAJE: (FrontEnd Antes CapturaPlaca)
2023/10/27 08:39:32.238 - MENSAJE: (FrontEnd Antes CapturaPlaca) ------
2023/10/27 08:39:32.239 - MENSAJE: 
2023/10/27 08:39:32.240 - MENSAJE: 
2023/10/27 08:39:32.249 - MENSAJE: 
2023/10/27 08:39:33.219 - MENSAJE: (FrontEnd Antes CapturaPlaca)
2023/10/27 08:39:33.237 - MENSAJE: (FrontEnd Antes CapturaPlaca) ------
2023/10/27 08:39:33.239 - MENSAJE: 
2023/10/27 08:39:33.239 - MENSAJE: 
2023/10/27 08:39:33.249 - MENSAJE: 
2023/10/27 08:39:34.221 - MENSAJE: (FrontEnd Antes CapturaPlaca)
2023/10/27 08:39:34.237 - MENSAJE: (FrontEnd Antes CapturaPlaca) ------
2023/10/27 08:39:34.239 - MENSAJE: 
2023/10/27 08:39:34.239 - MENSAJE: 
2023/10/27 08:39:34.249 - MENSAJE: 
2023/10/27 08:39:35.223 - MENSAJE: (FrontEnd Antes CapturaPlaca)
2023/10/27 08:39:35.232 - MENSAJE: (FrontEnd Antes CapturaPlaca) ------
2023/10/27 08:39:35.233 - MENSAJE: 
2023/10/27 08:39:35.233 - MENSAJE: 
2023/10/27 08:39:35.243 - MENSAJE: 
2023/10/27 08:39:36.216 - MENSAJE: (FrontEnd Antes CapturaPlaca)
2023/10/27 08:39:36.230 - MENSAJE: (FrontEnd Antes CapturaPlaca) ------
2023/10/27 08:39:36.231 - MENSAJE: 
2023/10/27 08:39:36.231 - MENSAJE: 
2023/10/27 08:39:36.242 - MENSAJE: 
2023/10/27 08:39:37.223 - MENSAJE: (FrontEnd Antes CapturaPlaca)
2023/10/27 08:39:37.245 - MENSAJE: (FrontEnd Antes CapturaPlaca) ------
2023/10/27 08:39:37.246 - MENSAJE: 
2023/10/27 08:39:37.246 - MENSAJE: 
2023/10/27 08:39:37.257 - MENSAJE: 
2023/10/27 08:39:38.221 - MENSAJE: (FrontEnd Antes CapturaPlaca)
2023/10/27 08:39:38.235 - MENSAJE: (FrontEnd Antes CapturaPlaca) ------
2023/10/27 08:39:38.236 - MENSAJE: 
2023/10/27 08:39:38.236 - MENSAJE: 
2023/10/27 08:39:38.247 - MENSAJE: 
2023/10/27 08:39:39.220 - MENSAJE: (FrontEnd Antes CapturaPlaca)
2023/10/27 08:39:39.232 - MENSAJE: (FrontEnd Antes CapturaPlaca) ------
2023/10/27 08:39:39.233 - MENSAJE: 
2023/10/27 08:39:39.233 - MENSAJE: 
2023/10/27 08:39:39.243 - MENSAJE: 
2023/10/27 08:39:40.222 - MENSAJE: (FrontEnd Antes CapturaPlaca)
2023/10/27 08:39:40.235 - MENSAJE: (FrontEnd Antes CapturaPlaca) ------
2023/10/27 08:39:40.236 - MENSAJE: 
2023/10/27 08:39:40.236 - MENSAJE: 
2023/10/27 08:39:40.247 - MENSAJE: 
2023/10/27 08:39:41.226 - MENSAJE: (FrontEnd Antes CapturaPlaca)
2023/10/27 08:39:41.241 - MENSAJE: (FrontEnd Antes CapturaPlaca) ------
2023/10/27 08:39:41.242 - MENSAJE: 
2023/10/27 08:39:41.242 - MENSAJE: 
2023/10/27 08:39:41.253 - MENSAJE: 
2023/10/27 08:39:42.234 - MENSAJE: (FrontEnd Antes CapturaPlaca)
2023/10/27 08:39:42.250 - MENSAJE: (FrontEnd Antes CapturaPlaca) ------
2023/10/27 08:39:42.251 - MENSAJE: 
2023/10/27 08:39:42.251 - MENSAJE: 
2023/10/27 08:39:42.261 - MENSAJE: 
2023/10/27 08:39:43.237 - MENSAJE: (FrontEnd Antes CapturaPlaca)
2023/10/27 08:39:43.251 - MENSAJE: (FrontEnd Antes CapturaPlaca) ------
2023/10/27 08:39:43.252 - MENSAJE: 
2023/10/27 08:39:43.252 - MENSAJE: 
2023/10/27 08:39:43.262 - MENSAJE: 
2023/10/27 08:39:44.253 - MENSAJE: (FrontEnd Antes CapturaPlaca)
2023/10/27 08:39:44.267 - MENSAJE: (FrontEnd Antes CapturaPlaca) ------
2023/10/27 08:39:44.268 - MENSAJE: 
2023/10/27 08:39:44.268 - MENSAJE: 
2023/10/27 08:39:44.278 - MENSAJE: 
2023/10/27 08:39:45.220 - MENSAJE: (FrontEnd Antes CapturaPlaca)
2023/10/27 08:39:45.233 - MENSAJE: (FrontEnd Antes CapturaPlaca) ------
2023/10/27 08:39:45.234 - MENSAJE: 
2023/10/27 08:39:45.235 - MENSAJE: 
2023/10/27 08:39:45.245 - MENSAJE: 
2023/10/27 08:39:46.216 - MENSAJE: (FrontEnd Antes CapturaPlaca)
2023/10/27 08:39:46.234 - MENSAJE: (FrontEnd Antes CapturaPlaca) ------
2023/10/27 08:39:46.236 - MENSAJE: 
2023/10/27 08:39:46.236 - MENSAJE: 
2023/10/27 08:39:46.247 - MENSAJE: 
2023/10/27 08:39:47.221 - MENSAJE: (FrontEnd Antes CapturaPlaca)
2023/10/27 08:39:47.238 - MENSAJE: (FrontEnd Antes CapturaPlaca) ------
2023/10/27 08:39:47.240 - MENSAJE: 
2023/10/27 08:39:47.240 - MENSAJE: 
2023/10/27 08:39:47.250 - MENSAJE: 
2023/10/27 08:39:48.220 - MENSAJE: (FrontEnd Antes CapturaPlaca)
2023/10/27 08:39:48.237 - MENSAJE: (FrontEnd Antes CapturaPlaca) ------
2023/10/27 08:39:48.239 - MENSAJE: 
2023/10/27 08:39:48.239 - MENSAJE: 
2023/10/27 08:39:48.250 - MENSAJE: 
2023/10/27 08:39:49.214 - MENSAJE: (FrontEnd Antes CapturaPlaca)
2023/10/27 08:39:49.233 - MENSAJE: (FrontEnd Antes CapturaPlaca) ------
2023/10/27 08:39:49.235 - MENSAJE: 
2023/10/27 08:39:49.235 - MENSAJE: 
2023/10/27 08:39:49.245 - MENSAJE: 
2023/10/27 08:39:50.216 - MENSAJE: (FrontEnd Antes CapturaPlaca)
2023/10/27 08:39:50.234 - MENSAJE: (FrontEnd Antes CapturaPlaca) ------
2023/10/27 08:39:50.236 - MENSAJE: 
2023/10/27 08:39:50.236 - MENSAJE: 
2023/10/27 08:39:50.247 - MENSAJE: 
2023/10/27 08:39:51.218 - MENSAJE: (FrontEnd Antes CapturaPlaca)
2023/10/27 08:39:51.235 - MENSAJE: (FrontEnd Antes CapturaPlaca) ------
2023/10/27 08:39:51.236 - MENSAJE: 
2023/10/27 08:39:51.236 - MENSAJE: 
2023/10/27 08:39:51.247 - MENSAJE: 
2023/10/27 08:39:52.224 - MENSAJE: (FrontEnd Antes CapturaPlaca)
2023/10/27 08:39:52.244 - MENSAJE: (FrontEnd Antes CapturaPlaca) ------
2023/10/27 08:39:52.246 - MENSAJE: 
2023/10/27 08:39:52.246 - MENSAJE: 
2023/10/27 08:39:52.256 - MENSAJE: 
2023/10/27 08:39:53.221 - MENSAJE: (FrontEnd Antes CapturaPlaca)
2023/10/27 08:39:53.241 - MENSAJE: (FrontEnd Antes CapturaPlaca) ------
2023/10/27 08:39:53.242 - MENSAJE: 
2023/10/27 08:39:53.243 - MENSAJE: 
2023/10/27 08:39:53.254 - MENSAJE: 
2023/10/27 08:39:54.218 - MENSAJE: (FrontEnd Antes CapturaPlaca)
2023/10/27 08:39:54.232 - MENSAJE: (FrontEnd Antes CapturaPlaca) ------
2023/10/27 08:39:54.234 - MENSAJE: 
2023/10/27 08:39:54.234 - MENSAJE: 
2023/10/27 08:39:54.245 - MENSAJE: 
2023/10/27 08:39:55.219 - MENSAJE: (FrontEnd Antes CapturaPlaca)
2023/10/27 08:39:55.231 - MENSAJE: (FrontEnd Antes CapturaPlaca) ------
2023/10/27 08:39:55.233 - MENSAJE: 
2023/10/27 08:39:55.233 - MENSAJE: 
2023/10/27 08:39:55.243 - MENSAJE: 
2023/10/27 08:39:56.219 - MENSAJE: (FrontEnd Antes CapturaPlaca)
2023/10/27 08:39:56.237 - MENSAJE: (FrontEnd Antes CapturaPlaca) ------
2023/10/27 08:39:56.238 - MENSAJE: 
2023/10/27 08:39:56.239 - MENSAJE: 
2023/10/27 08:39:56.249 - MENSAJE: 
2023/10/27 08:39:57.216 - MENSAJE: (FrontEnd Antes CapturaPlaca)
2023/10/27 08:39:57.227 - MENSAJE: (FrontEnd Antes CapturaPlaca) ------
2023/10/27 08:39:57.228 - MENSAJE: 
2023/10/27 08:39:57.229 - MENSAJE: 
2023/10/27 08:39:57.239 - MENSAJE: 
2023/10/27 08:39:58.218 - MENSAJE: (FrontEnd Antes CapturaPlaca)
2023/10/27 08:39:58.234 - MENSAJE: (FrontEnd Antes CapturaPlaca) ------
2023/10/27 08:39:58.235 - MENSAJE: 
2023/10/27 08:39:58.236 - MENSAJE: 
2023/10/27 08:39:58.247 - MENSAJE: 
2023/10/27 08:39:59.217 - MENSAJE: (FrontEnd Antes CapturaPlaca)
2023/10/27 08:39:59.231 - MENSAJE: (FrontEnd Antes CapturaPlaca) ------
2023/10/27 08:39:59.232 - MENSAJE: 
2023/10/27 08:39:59.232 - MENSAJE: 
2023/10/27 08:39:59.242 - MENSAJE: 
2023/10/27 08:40:00.215 - MENSAJE: (FrontEnd Antes CapturaPlaca)
2023/10/27 08:40:00.229 - MENSAJE: (FrontEnd Antes CapturaPlaca) ------
2023/10/27 08:40:00.230 - MENSAJE: 
2023/10/27 08:40:00.230 - MENSAJE: 
2023/10/27 08:40:00.241 - MENSAJE: 
2023/10/27 08:40:01.227 - MENSAJE: (FrontEnd Antes CapturaPlaca)
2023/10/27 08:40:01.242 - MENSAJE: (FrontEnd Antes CapturaPlaca) ------
2023/10/27 08:40:01.243 - MENSAJE: 
2023/10/27 08:40:01.243 - MENSAJE: 
2023/10/27 08:40:01.253 - MENSAJE: 
2023/10/27 08:40:02.241 - MENSAJE: (FrontEnd Antes CapturaPlaca)
2023/10/27 08:40:02.257 - MENSAJE: (FrontEnd Antes CapturaPlaca) ------
2023/10/27 08:40:02.258 - MENSAJE: 
2023/10/27 08:40:02.259 - MENSAJE: 
2023/10/27 08:40:02.269 - MENSAJE: 
2023/10/27 08:40:03.244 - MENSAJE: (FrontEnd Antes CapturaPlaca)
2023/10/27 08:40:03.260 - MENSAJE: (FrontEnd Antes CapturaPlaca) ------
2023/10/27 08:40:03.261 - MENSAJE: 
2023/10/27 08:40:03.261 - MENSAJE: 
2023/10/27 08:40:03.272 - MENSAJE: 
2023/10/27 08:40:04.259 - MENSAJE: (FrontEnd Antes CapturaPlaca)
2023/10/27 08:40:04.274 - MENSAJE: (FrontEnd Antes CapturaPlaca) ------
2023/10/27 08:40:04.274 - MENSAJE: 
2023/10/27 08:40:04.275 - MENSAJE: 
2023/10/27 08:40:04.285 - MENSAJE: 
2023/10/27 08:40:05.217 - MENSAJE: (FrontEnd Antes CapturaPlaca)
2023/10/27 08:40:05.234 - MENSAJE: (FrontEnd Antes CapturaPlaca) ------
2023/10/27 08:40:05.236 - MENSAJE: 
2023/10/27 08:40:05.236 - MENSAJE: 
2023/10/27 08:40:05.247 - MENSAJE: 
2023/10/27 08:40:06.215 - MENSAJE: (FrontEnd Antes CapturaPlaca)
2023/10/27 08:40:06.233 - MENSAJE: (FrontEnd Antes CapturaPlaca) ------
2023/10/27 08:40:06.235 - MENSAJE: 
2023/10/27 08:40:06.235 - MENSAJE: 
2023/10/27 08:40:06.245 - MENSAJE: 
2023/10/27 08:40:07.216 - MENSAJE: (FrontEnd Antes CapturaPlaca)
2023/10/27 08:40:07.234 - MENSAJE: (FrontEnd Antes CapturaPlaca) ------
2023/10/27 08:40:07.235 - MENSAJE: 
2023/10/27 08:40:07.235 - MENSAJE: 
2023/10/27 08:40:07.246 - MENSAJE: 
2023/10/27 08:40:08.219 - MENSAJE: (FrontEnd Antes CapturaPlaca)
2023/10/27 08:40:08.237 - MENSAJE: (FrontEnd Antes CapturaPlaca) ------
2023/10/27 08:40:08.238 - MENSAJE: 
2023/10/27 08:40:08.238 - MENSAJE: 
2023/10/27 08:40:08.249 - MENSAJE: 
2023/10/27 08:40:09.219 - MENSAJE: (FrontEnd Antes CapturaPlaca)
2023/10/27 08:40:09.237 - MENSAJE: (FrontEnd Antes CapturaPlaca) ------
2023/10/27 08:40:09.239 - MENSAJE: 
2023/10/27 08:40:09.239 - MENSAJE: 
2023/10/27 08:40:09.249 - MENSAJE: 
2023/10/27 08:40:10.222 - MENSAJE: (FrontEnd Antes CapturaPlaca)
2023/10/27 08:40:10.241 - MENSAJE: (FrontEnd Antes CapturaPlaca) ------
2023/10/27 08:40:10.242 - MENSAJE: 
2023/10/27 08:40:10.242 - MENSAJE: 
2023/10/27 08:40:10.253 - MENSAJE: 
2023/10/27 08:40:11.220 - MENSAJE: (FrontEnd Antes CapturaPlaca)
2023/10/27 08:40:11.239 - MENSAJE: (FrontEnd Antes CapturaPlaca) ------
2023/10/27 08:40:11.241 - MENSAJE: 
2023/10/27 08:40:11.241 - MENSAJE: 
2023/10/27 08:40:11.251 - MENSAJE: 
2023/10/27 08:40:12.215 - MENSAJE: (FrontEnd Antes CapturaPlaca)
2023/10/27 08:40:12.228 - MENSAJE: (FrontEnd Antes CapturaPlaca) ------
2023/10/27 08:40:12.230 - MENSAJE: 
2023/10/27 08:40:12.230 - MENSAJE: 
2023/10/27 08:40:12.240 - MENSAJE: 
2023/10/27 08:40:13.221 - MENSAJE: (FrontEnd Antes CapturaPlaca)
2023/10/27 08:40:13.239 - MENSAJE: (FrontEnd Antes CapturaPlaca) ------
2023/10/27 08:40:13.240 - MENSAJE: 
2023/10/27 08:40:13.241 - MENSAJE: 
2023/10/27 08:40:13.251 - MENSAJE: 
2023/10/27 08:40:14.224 - MENSAJE: (FrontEnd Antes CapturaPlaca)
2023/10/27 08:40:14.237 - MENSAJE: (FrontEnd Antes CapturaPlaca) ------
2023/10/27 08:40:14.239 - MENSAJE: 
2023/10/27 08:40:14.239 - MENSAJE: 
2023/10/27 08:40:14.249 - MENSAJE: 
2023/10/27 08:40:15.221 - MENSAJE: (FrontEnd Antes CapturaPlaca)
2023/10/27 08:40:15.232 - MENSAJE: (FrontEnd Antes CapturaPlaca) ------
2023/10/27 08:40:15.233 - MENSAJE: 
2023/10/27 08:40:15.233 - MENSAJE: 
2023/10/27 08:40:15.243 - MENSAJE: 
2023/10/27 08:40:16.218 - MENSAJE: (FrontEnd Antes CapturaPlaca)
2023/10/27 08:40:16.228 - MENSAJE: (FrontEnd Antes CapturaPlaca) ------
2023/10/27 08:40:16.230 - MENSAJE: 
2023/10/27 08:40:16.230 - MENSAJE: 
2023/10/27 08:40:16.240 - MENSAJE: 
2023/10/27 08:40:17.223 - MENSAJE: (FrontEnd Antes CapturaPlaca)
2023/10/27 08:40:17.238 - MENSAJE: (FrontEnd Antes CapturaPlaca) ------
2023/10/27 08:40:17.240 - MENSAJE: 
2023/10/27 08:40:17.240 - MENSAJE: 
2023/10/27 08:40:17.250 - MENSAJE: 
2023/10/27 08:40:18.222 - MENSAJE: (FrontEnd Antes CapturaPlaca)
2023/10/27 08:40:18.236 - MENSAJE: (FrontEnd Antes CapturaPlaca) ------
2023/10/27 08:40:18.237 - MENSAJE: 
2023/10/27 08:40:18.237 - MENSAJE: 
2023/10/27 08:40:18.248 - MENSAJE: 
2023/10/27 08:40:19.218 - MENSAJE: (FrontEnd Antes CapturaPlaca)
2023/10/27 08:40:19.236 - MENSAJE: (FrontEnd Antes CapturaPlaca) ------
2023/10/27 08:40:19.237 - MENSAJE: 
2023/10/27 08:40:19.237 - MENSAJE: 
2023/10/27 08:40:19.248 - MENSAJE: 
2023/10/27 08:40:20.217 - MENSAJE: (FrontEnd Antes CapturaPlaca)
2023/10/27 08:40:20.228 - MENSAJE: (FrontEnd Antes CapturaPlaca) ------
2023/10/27 08:40:20.229 - MENSAJE: 
2023/10/27 08:40:20.229 - MENSAJE: 
2023/10/27 08:40:20.240 - MENSAJE: 
2023/10/27 08:40:21.215 - MENSAJE: (FrontEnd Antes CapturaPlaca)
2023/10/27 08:40:21.229 - MENSAJE: (FrontEnd Antes CapturaPlaca) ------
2023/10/27 08:40:21.230 - MENSAJE: 
2023/10/27 08:40:21.230 - MENSAJE: 
2023/10/27 08:40:21.241 - MENSAJE: 
2023/10/27 08:40:22.228 - MENSAJE: (FrontEnd Antes CapturaPlaca)
2023/10/27 08:40:22.243 - MENSAJE: (FrontEnd Antes CapturaPlaca) ------
2023/10/27 08:40:22.244 - MENSAJE: 
2023/10/27 08:40:22.244 - MENSAJE: 
2023/10/27 08:40:22.255 - MENSAJE: 
2023/10/27 08:40:23.236 - MENSAJE: (FrontEnd Antes CapturaPlaca)
2023/10/27 08:40:23.248 - MENSAJE: (FrontEnd Antes CapturaPlaca) ------
2023/10/27 08:40:23.248 - MENSAJE: 
2023/10/27 08:40:23.249 - MENSAJE: 
2023/10/27 08:40:23.259 - MENSAJE: 
2023/10/27 08:40:24.242 - MENSAJE: (FrontEnd Antes CapturaPlaca)
2023/10/27 08:40:24.257 - MENSAJE: (FrontEnd Antes CapturaPlaca) ------
2023/10/27 08:40:24.258 - MENSAJE: 
2023/10/27 08:40:24.258 - MENSAJE: 
2023/10/27 08:40:24.269 - MENSAJE: 
2023/10/27 08:40:25.255 - MENSAJE: (FrontEnd Antes CapturaPlaca)
2023/10/27 08:40:25.269 - MENSAJE: (FrontEnd Antes CapturaPlaca) ------
2023/10/27 08:40:25.270 - MENSAJE: 
2023/10/27 08:40:25.270 - MENSAJE: 
2023/10/27 08:40:25.281 - MENSAJE: 
2023/10/27 08:40:26.222 - MENSAJE: (FrontEnd Antes CapturaPlaca)
2023/10/27 08:40:26.240 - MENSAJE: (FrontEnd Antes CapturaPlaca) ------
2023/10/27 08:40:26.241 - MENSAJE: 
2023/10/27 08:40:26.241 - MENSAJE: 
2023/10/27 08:40:26.251 - MENSAJE: 
2023/10/27 08:40:27.219 - MENSAJE: (FrontEnd Antes CapturaPlaca)
2023/10/27 08:40:27.237 - MENSAJE: (FrontEnd Antes CapturaPlaca) ------
2023/10/27 08:40:27.238 - MENSAJE: 
2023/10/27 08:40:27.239 - MENSAJE: 
2023/10/27 08:40:27.249 - MENSAJE: 
2023/10/27 08:40:28.219 - MENSAJE: (FrontEnd Antes CapturaPlaca)
2023/10/27 08:40:28.237 - MENSAJE: (FrontEnd Antes CapturaPlaca) ------
2023/10/27 08:40:28.238 - MENSAJE: 
2023/10/27 08:40:28.238 - MENSAJE: 
2023/10/27 08:40:28.249 - MENSAJE: 
2023/10/27 08:40:29.219 - MENSAJE: (FrontEnd Antes CapturaPlaca)
2023/10/27 08:40:29.236 - MENSAJE: (FrontEnd Antes CapturaPlaca) ------
2023/10/27 08:40:29.238 - MENSAJE: 
2023/10/27 08:40:29.238 - MENSAJE: 
2023/10/27 08:40:29.248 - MENSAJE: 
2023/10/27 08:40:30.220 - MENSAJE: (FrontEnd Antes CapturaPlaca)
2023/10/27 08:40:30.245 - MENSAJE: (FrontEnd Antes CapturaPlaca) ------
2023/10/27 08:40:30.246 - MENSAJE: 
2023/10/27 08:40:30.247 - MENSAJE: 
2023/10/27 08:40:30.257 - MENSAJE: 
2023/10/27 08:40:31.222 - MENSAJE: (FrontEnd Antes CapturaPlaca)
2023/10/27 08:40:31.240 - MENSAJE: (FrontEnd Antes CapturaPlaca) ------
2023/10/27 08:40:31.241 - MENSAJE: 
2023/10/27 08:40:31.241 - MENSAJE: 
2023/10/27 08:40:31.252 - MENSAJE: 
2023/10/27 08:40:32.223 - MENSAJE: (FrontEnd Antes CapturaPlaca)
2023/10/27 08:40:32.241 - MENSAJE: (FrontEnd Antes CapturaPlaca) ------
2023/10/27 08:40:32.242 - MENSAJE: 
2023/10/27 08:40:32.242 - MENSAJE: 
2023/10/27 08:40:32.253 - MENSAJE: 
2023/10/27 08:40:33.217 - MENSAJE: (FrontEnd Antes CapturaPlaca)
2023/10/27 08:40:33.235 - MENSAJE: (FrontEnd Antes CapturaPlaca) ------
2023/10/27 08:40:33.236 - MENSAJE: 
2023/10/27 08:40:33.237 - MENSAJE: 
2023/10/27 08:40:33.247 - MENSAJE: 
2023/10/27 08:40:34.221 - MENSAJE: (FrontEnd Antes CapturaPlaca)
2023/10/27 08:40:34.237 - MENSAJE: (FrontEnd Antes CapturaPlaca) ------
2023/10/27 08:40:34.238 - MENSAJE: 
2023/10/27 08:40:34.239 - MENSAJE: 
2023/10/27 08:40:34.249 - MENSAJE: 
2023/10/27 08:40:35.219 - MENSAJE: (FrontEnd Antes CapturaPlaca)
2023/10/27 08:40:35.232 - MENSAJE: (FrontEnd Antes CapturaPlaca) ------
2023/10/27 08:40:35.234 - MENSAJE: 
2023/10/27 08:40:35.234 - MENSAJE: 
2023/10/27 08:40:35.244 - MENSAJE: 
2023/10/27 08:40:36.216 - MENSAJE: (FrontEnd Antes CapturaPlaca)
2023/10/27 08:40:36.234 - MENSAJE: (FrontEnd Antes CapturaPlaca) ------
2023/10/27 08:40:36.235 - MENSAJE: 
2023/10/27 08:40:36.236 - MENSAJE: 
2023/10/27 08:40:36.247 - MENSAJE: 
2023/10/27 08:40:37.214 - MENSAJE: (FrontEnd Antes CapturaPlaca)
2023/10/27 08:40:37.228 - MENSAJE: (FrontEnd Antes CapturaPlaca) ------
2023/10/27 08:40:37.228 - MENSAJE: 
2023/10/27 08:40:37.229 - MENSAJE: 
2023/10/27 08:40:37.240 - MENSAJE: 
2023/10/27 08:40:38.216 - MENSAJE: (FrontEnd Antes CapturaPlaca)
2023/10/27 08:40:38.235 - MENSAJE: (FrontEnd Antes CapturaPlaca) ------
2023/10/27 08:40:38.237 - MENSAJE: 
2023/10/27 08:40:38.237 - MENSAJE: 
2023/10/27 08:40:38.248 - MENSAJE: 
2023/10/27 08:40:39.225 - MENSAJE: (FrontEnd Antes CapturaPlaca)
2023/10/27 08:40:39.239 - MENSAJE: (FrontEnd Antes CapturaPlaca) ------
2023/10/27 08:40:39.240 - MENSAJE: 
2023/10/27 08:40:39.240 - MENSAJE: 
2023/10/27 08:40:39.251 - MENSAJE: 
2023/10/27 08:40:40.220 - MENSAJE: (FrontEnd Antes CapturaPlaca)
2023/10/27 08:40:40.237 - MENSAJE: (FrontEnd Antes CapturaPlaca) ------
2023/10/27 08:40:40.238 - MENSAJE: 
2023/10/27 08:40:40.238 - MENSAJE: 
2023/10/27 08:40:40.249 - MENSAJE: 
2023/10/27 08:40:41.220 - MENSAJE: (FrontEnd Antes CapturaPlaca)
2023/10/27 08:40:41.239 - MENSAJE: (FrontEnd Antes CapturaPlaca) ------
2023/10/27 08:40:41.240 - MENSAJE: 
2023/10/27 08:40:41.240 - MENSAJE: 
2023/10/27 08:40:41.251 - MENSAJE: 
2023/10/27 08:40:42.219 - MENSAJE: (FrontEnd Antes CapturaPlaca)
2023/10/27 08:40:42.233 - MENSAJE: (FrontEnd Antes CapturaPlaca) ------
2023/10/27 08:40:42.234 - MENSAJE: 
2023/10/27 08:40:42.234 - MENSAJE: 
2023/10/27 08:40:42.245 - MENSAJE: 
2023/10/27 08:40:43.224 - MENSAJE: (FrontEnd Antes CapturaPlaca)
2023/10/27 08:40:43.245 - MENSAJE: (FrontEnd Antes CapturaPlaca) ------
2023/10/27 08:40:43.246 - MENSAJE: 
2023/10/27 08:40:43.246 - MENSAJE: 
2023/10/27 08:40:43.258 - MENSAJE: 
2023/10/27 08:40:44.227 - MENSAJE: (FrontEnd Antes CapturaPlaca)
2023/10/27 08:40:44.246 - MENSAJE: (FrontEnd Antes CapturaPlaca) ------
2023/10/27 08:40:44.247 - MENSAJE: 
2023/10/27 08:40:44.247 - MENSAJE: 
2023/10/27 08:40:44.258 - MENSAJE: 
2023/10/27 08:40:45.239 - MENSAJE: (FrontEnd Antes CapturaPlaca)
2023/10/27 08:40:45.253 - MENSAJE: (FrontEnd Antes CapturaPlaca) ------
2023/10/27 08:40:45.254 - MENSAJE: 
2023/10/27 08:40:45.254 - MENSAJE: 
2023/10/27 08:40:45.265 - MENSAJE: 
2023/10/27 08:40:46.250 - MENSAJE: (FrontEnd Antes CapturaPlaca)
2023/10/27 08:40:46.267 - MENSAJE: (FrontEnd Antes CapturaPlaca) ------
2023/10/27 08:40:46.268 - MENSAJE: 
2023/10/27 08:40:46.268 - MENSAJE: 
2023/10/27 08:40:46.279 - MENSAJE: 
2023/10/27 08:40:47.255 - MENSAJE: (FrontEnd Antes CapturaPlaca)
2023/10/27 08:40:47.269 - MENSAJE: (FrontEnd Antes CapturaPlaca) ------
2023/10/27 08:40:47.270 - MENSAJE: 
2023/10/27 08:40:47.270 - MENSAJE: 
2023/10/27 08:40:47.281 - MENSAJE: 
2023/10/27 08:40:48.217 - MENSAJE: (FrontEnd Antes CapturaPlaca)
2023/10/27 08:40:48.234 - MENSAJE: (FrontEnd Antes CapturaPlaca) ------
2023/10/27 08:40:48.235 - MENSAJE: 
2023/10/27 08:40:48.235 - MENSAJE: 
2023/10/27 08:40:48.246 - MENSAJE: 
2023/10/27 08:40:49.216 - MENSAJE: (FrontEnd Antes CapturaPlaca)
2023/10/27 08:40:49.234 - MENSAJE: (FrontEnd Antes CapturaPlaca) ------
2023/10/27 08:40:49.235 - MENSAJE: 
2023/10/27 08:40:49.235 - MENSAJE: 
2023/10/27 08:40:49.246 - MENSAJE: 
2023/10/27 08:40:50.222 - MENSAJE: (FrontEnd Antes CapturaPlaca)
2023/10/27 08:40:50.245 - MENSAJE: (FrontEnd Antes CapturaPlaca) ------
2023/10/27 08:40:50.246 - MENSAJE: 
2023/10/27 08:40:50.246 - MENSAJE: 
2023/10/27 08:40:50.256 - MENSAJE: 
2023/10/27 08:40:51.217 - MENSAJE: (FrontEnd Antes CapturaPlaca)
2023/10/27 08:40:51.235 - MENSAJE: (FrontEnd Antes CapturaPlaca) ------
2023/10/27 08:40:51.237 - MENSAJE: 
2023/10/27 08:40:51.237 - MENSAJE: 
2023/10/27 08:40:51.247 - MENSAJE: 
2023/10/27 08:40:52.221 - MENSAJE: (FrontEnd Antes CapturaPlaca)
2023/10/27 08:40:52.239 - MENSAJE: (FrontEnd Antes CapturaPlaca) ------
2023/10/27 08:40:52.241 - MENSAJE: 
2023/10/27 08:40:52.241 - MENSAJE: 
2023/10/27 08:40:52.252 - MENSAJE: 
2023/10/27 08:40:53.222 - MENSAJE: (FrontEnd Antes CapturaPlaca)
2023/10/27 08:40:53.240 - MENSAJE: (FrontEnd Antes CapturaPlaca) ------
2023/10/27 08:40:53.242 - MENSAJE: 
2023/10/27 08:40:53.242 - MENSAJE: 
2023/10/27 08:40:53.252 - MENSAJE: 
2023/10/27 08:40:54.219 - MENSAJE: (FrontEnd Antes CapturaPlaca)
2023/10/27 08:40:54.236 - MENSAJE: (FrontEnd Antes CapturaPlaca) ------
2023/10/27 08:40:54.238 - MENSAJE: 
2023/10/27 08:40:54.238 - MENSAJE: 
2023/10/27 08:40:54.249 - MENSAJE: 
2023/10/27 08:40:55.219 - MENSAJE: (FrontEnd Antes CapturaPlaca)
2023/10/27 08:40:55.236 - MENSAJE: (FrontEnd Antes CapturaPlaca) ------
2023/10/27 08:40:55.237 - MENSAJE: 
2023/10/27 08:40:55.237 - MENSAJE: 
2023/10/27 08:40:55.248 - MENSAJE: 
2023/10/27 08:40:56.225 - MENSAJE: (FrontEnd Antes CapturaPlaca)
2023/10/27 08:40:56.249 - MENSAJE: (FrontEnd Antes CapturaPlaca) ------
2023/10/27 08:40:56.250 - MENSAJE: 
2023/10/27 08:40:56.250 - MENSAJE: 
2023/10/27 08:40:56.261 - MENSAJE: 
2023/10/27 08:40:57.215 - MENSAJE: (FrontEnd Antes CapturaPlaca)
2023/10/27 08:40:57.236 - MENSAJE: (FrontEnd Antes CapturaPlaca) ------
2023/10/27 08:40:57.237 - MENSAJE: 
2023/10/27 08:40:57.237 - MENSAJE: 
2023/10/27 08:40:57.247 - MENSAJE: 
2023/10/27 08:40:58.218 - MENSAJE: (FrontEnd Antes CapturaPlaca)
2023/10/27 08:40:58.231 - MENSAJE: (FrontEnd Antes CapturaPlaca) ------
2023/10/27 08:40:58.232 - MENSAJE: 
2023/10/27 08:40:58.232 - MENSAJE: 
2023/10/27 08:40:58.243 - MENSAJE: 
2023/10/27 08:40:59.224 - MENSAJE: (FrontEnd Antes CapturaPlaca)
2023/10/27 08:40:59.238 - MENSAJE: (FrontEnd Antes CapturaPlaca) ------
2023/10/27 08:40:59.240 - MENSAJE: 
2023/10/27 08:40:59.240 - MENSAJE: 
2023/10/27 08:40:59.251 - MENSAJE: 
2023/10/27 08:41:00.216 - MENSAJE: (FrontEnd Antes CapturaPlaca)
2023/10/27 08:41:00.230 - MENSAJE: (FrontEnd Antes CapturaPlaca) ------
2023/10/27 08:41:00.231 - MENSAJE: 
2023/10/27 08:41:00.231 - MENSAJE: 
2023/10/27 08:41:00.242 - MENSAJE: 
2023/10/27 08:41:01.216 - MENSAJE: (FrontEnd Antes CapturaPlaca)
2023/10/27 08:41:01.230 - MENSAJE: (FrontEnd Antes CapturaPlaca) ------
2023/10/27 08:41:01.231 - MENSAJE: 
2023/10/27 08:41:01.231 - MENSAJE: 
2023/10/27 08:41:01.242 - MENSAJE: 
2023/10/27 08:41:02.219 - MENSAJE: (FrontEnd Antes CapturaPlaca)
2023/10/27 08:41:02.239 - MENSAJE: (FrontEnd Antes CapturaPlaca) ------
2023/10/27 08:41:02.239 - MENSAJE: 
2023/10/27 08:41:02.240 - MENSAJE: 
2023/10/27 08:41:02.251 - MENSAJE: 
2023/10/27 08:41:03.223 - MENSAJE: (FrontEnd Antes CapturaPlaca)
2023/10/27 08:41:03.235 - MENSAJE: (FrontEnd Antes CapturaPlaca) ------
2023/10/27 08:41:03.236 - MENSAJE: 
2023/10/27 08:41:03.236 - MENSAJE: 
2023/10/27 08:41:03.247 - MENSAJE: 
2023/10/27 08:41:04.225 - MENSAJE: (FrontEnd Antes CapturaPlaca)
2023/10/27 08:41:04.241 - MENSAJE: (FrontEnd Antes CapturaPlaca) ------
2023/10/27 08:41:04.242 - MENSAJE: 
2023/10/27 08:41:04.242 - MENSAJE: 
2023/10/27 08:41:04.253 - MENSAJE: 
2023/10/27 08:41:05.227 - MENSAJE: (FrontEnd Antes CapturaPlaca)
2023/10/27 08:41:05.239 - MENSAJE: (FrontEnd Antes CapturaPlaca) ------
2023/10/27 08:41:05.240 - MENSAJE: 
2023/10/27 08:41:05.240 - MENSAJE: 
2023/10/27 08:41:05.251 - MENSAJE: 
2023/10/27 08:41:06.239 - MENSAJE: (FrontEnd Antes CapturaPlaca)
2023/10/27 08:41:06.260 - MENSAJE: (FrontEnd Antes CapturaPlaca) ------
2023/10/27 08:41:06.261 - MENSAJE: 
2023/10/27 08:41:06.261 - MENSAJE: 
2023/10/27 08:41:06.272 - MENSAJE: 
2023/10/27 08:41:07.242 - MENSAJE: (FrontEnd Antes CapturaPlaca)
2023/10/27 08:41:07.258 - MENSAJE: (FrontEnd Antes CapturaPlaca) ------
2023/10/27 08:41:07.258 - MENSAJE: 
2023/10/27 08:41:07.260 - MENSAJE: 
2023/10/27 08:41:07.269 - MENSAJE: 
2023/10/27 08:41:08.220 - MENSAJE: (FrontEnd Antes CapturaPlaca)
2023/10/27 08:41:08.234 - MENSAJE: (FrontEnd Antes CapturaPlaca) ------
2023/10/27 08:41:08.236 - MENSAJE: 
2023/10/27 08:41:08.236 - MENSAJE: 
2023/10/27 08:41:08.246 - MENSAJE: 
2023/10/27 08:41:09.220 - MENSAJE: (FrontEnd Antes CapturaPlaca)
2023/10/27 08:41:09.238 - MENSAJE: (FrontEnd Antes CapturaPlaca) ------
2023/10/27 08:41:09.240 - MENSAJE: 
2023/10/27 08:41:09.240 - MENSAJE: 
2023/10/27 08:41:09.251 - MENSAJE: 
2023/10/27 08:41:10.221 - MENSAJE: (FrontEnd Antes CapturaPlaca)
2023/10/27 08:41:10.239 - MENSAJE: (FrontEnd Antes CapturaPlaca) ------
2023/10/27 08:41:10.240 - MENSAJE: 
2023/10/27 08:41:10.240 - MENSAJE: 
2023/10/27 08:41:10.251 - MENSAJE: 
2023/10/27 08:41:11.223 - MENSAJE: (FrontEnd Antes CapturaPlaca)
2023/10/27 08:41:11.236 - MENSAJE: (FrontEnd Antes CapturaPlaca) ------
2023/10/27 08:41:11.237 - MENSAJE: 
2023/10/27 08:41:11.238 - MENSAJE: 
2023/10/27 08:41:11.248 - MENSAJE: 
2023/10/27 08:41:12.225 - MENSAJE: (FrontEnd Antes CapturaPlaca)
2023/10/27 08:41:12.238 - MENSAJE: (FrontEnd Antes CapturaPlaca) ------
2023/10/27 08:41:12.240 - MENSAJE: 
2023/10/27 08:41:12.240 - MENSAJE: 
2023/10/27 08:41:12.250 - MENSAJE: 
2023/10/27 08:41:13.218 - MENSAJE: (FrontEnd Antes CapturaPlaca)
2023/10/27 08:41:13.237 - MENSAJE: (FrontEnd Antes CapturaPlaca) ------
2023/10/27 08:41:13.239 - MENSAJE: 
2023/10/27 08:41:13.239 - MENSAJE: 
2023/10/27 08:41:13.249 - MENSAJE: 
2023/10/27 08:41:14.221 - MENSAJE: (FrontEnd Antes CapturaPlaca)
2023/10/27 08:41:14.234 - MENSAJE: (FrontEnd Antes CapturaPlaca) ------
2023/10/27 08:41:14.236 - MENSAJE: 
2023/10/27 08:41:14.236 - MENSAJE: 
2023/10/27 08:41:14.247 - MENSAJE: 
2023/10/27 08:41:15.221 - MENSAJE: (FrontEnd Antes CapturaPlaca)
2023/10/27 08:41:15.236 - MENSAJE: (FrontEnd Antes CapturaPlaca) ------
2023/10/27 08:41:15.237 - MENSAJE: 
2023/10/27 08:41:15.237 - MENSAJE: 
2023/10/27 08:41:15.248 - MENSAJE: 
2023/10/27 08:41:16.222 - MENSAJE: (FrontEnd Antes CapturaPlaca)
2023/10/27 08:41:16.239 - MENSAJE: (FrontEnd Antes CapturaPlaca) ------
2023/10/27 08:41:16.240 - MENSAJE: 
2023/10/27 08:41:16.240 - MENSAJE: 
2023/10/27 08:41:16.250 - MENSAJE: 
2023/10/27 08:41:17.222 - MENSAJE: (FrontEnd Antes CapturaPlaca)
2023/10/27 08:41:17.235 - MENSAJE: (FrontEnd Antes CapturaPlaca) ------
2023/10/27 08:41:17.237 - MENSAJE: 
2023/10/27 08:41:17.237 - MENSAJE: 
2023/10/27 08:41:17.247 - MENSAJE: 
2023/10/27 08:41:18.223 - MENSAJE: (FrontEnd Antes CapturaPlaca)
2023/10/27 08:41:18.241 - MENSAJE: (FrontEnd Antes CapturaPlaca) ------
2023/10/27 08:41:18.242 - MENSAJE: 
2023/10/27 08:41:18.242 - MENSAJE: 
2023/10/27 08:41:18.253 - MENSAJE: 
2023/10/27 08:41:19.217 - MENSAJE: (FrontEnd Antes CapturaPlaca)
2023/10/27 08:41:19.232 - MENSAJE: (FrontEnd Antes CapturaPlaca) ------
2023/10/27 08:41:19.234 - MENSAJE: 
2023/10/27 08:41:19.234 - MENSAJE: 
2023/10/27 08:41:19.246 - MENSAJE: 
2023/10/27 08:41:20.216 - MENSAJE: (FrontEnd Antes CapturaPlaca)
2023/10/27 08:41:20.234 - MENSAJE: (FrontEnd Antes CapturaPlaca) ------
2023/10/27 08:41:20.236 - MENSAJE: 
2023/10/27 08:41:20.236 - MENSAJE: 
2023/10/27 08:41:20.247 - MENSAJE: 
2023/10/27 08:41:21.225 - MENSAJE: (FrontEnd Antes CapturaPlaca)
2023/10/27 08:41:21.238 - MENSAJE: (FrontEnd Antes CapturaPlaca) ------
2023/10/27 08:41:21.239 - MENSAJE: 
2023/10/27 08:41:21.239 - MENSAJE: 
2023/10/27 08:41:21.250 - MENSAJE: 
2023/10/27 08:41:22.217 - MENSAJE: (FrontEnd Antes CapturaPlaca)
2023/10/27 08:41:22.231 - MENSAJE: (FrontEnd Antes CapturaPlaca) ------
2023/10/27 08:41:22.232 - MENSAJE: 
2023/10/27 08:41:22.232 - MENSAJE: 
2023/10/27 08:41:22.243 - MENSAJE: 
2023/10/27 08:41:23.221 - MENSAJE: (FrontEnd Antes CapturaPlaca)
2023/10/27 08:41:23.238 - MENSAJE: (FrontEnd Antes CapturaPlaca) ------
2023/10/27 08:41:23.239 - MENSAJE: 
2023/10/27 08:41:23.239 - MENSAJE: 
2023/10/27 08:41:23.250 - MENSAJE: 
2023/10/27 08:41:24.215 - MENSAJE: (FrontEnd Antes CapturaPlaca)
2023/10/27 08:41:24.229 - MENSAJE: (FrontEnd Antes CapturaPlaca) ------
2023/10/27 08:41:24.230 - MENSAJE: 
2023/10/27 08:41:24.230 - MENSAJE: 
2023/10/27 08:41:24.241 - MENSAJE: 
2023/10/27 08:41:25.229 - MENSAJE: (FrontEnd Antes CapturaPlaca)
2023/10/27 08:41:25.243 - MENSAJE: (FrontEnd Antes CapturaPlaca) ------
2023/10/27 08:41:25.244 - MENSAJE: 
2023/10/27 08:41:25.244 - MENSAJE: 
2023/10/27 08:41:25.256 - MENSAJE: 
2023/10/27 08:41:26.231 - MENSAJE: (FrontEnd Antes CapturaPlaca)
2023/10/27 08:41:26.252 - MENSAJE: (FrontEnd Antes CapturaPlaca) ------
2023/10/27 08:41:26.253 - MENSAJE: 
2023/10/27 08:41:26.253 - MENSAJE: 
2023/10/27 08:41:26.264 - MENSAJE: 
2023/10/27 08:41:27.246 - MENSAJE: (FrontEnd Antes CapturaPlaca)
2023/10/27 08:41:27.257 - MENSAJE: (FrontEnd Antes CapturaPlaca) ------
2023/10/27 08:41:27.258 - MENSAJE: 
2023/10/27 08:41:27.258 - MENSAJE: 
2023/10/27 08:41:27.268 - MENSAJE: 
2023/10/27 08:41:28.223 - MENSAJE: (FrontEnd Antes CapturaPlaca)
2023/10/27 08:41:28.238 - MENSAJE: (FrontEnd Antes CapturaPlaca) ------
2023/10/27 08:41:28.240 - MENSAJE: 
2023/10/27 08:41:28.240 - MENSAJE: 
2023/10/27 08:41:28.251 - MENSAJE: 
2023/10/27 08:41:29.223 - MENSAJE: (FrontEnd Antes CapturaPlaca)
2023/10/27 08:41:29.237 - MENSAJE: (FrontEnd Antes CapturaPlaca) ------
2023/10/27 08:41:29.239 - MENSAJE: 
2023/10/27 08:41:29.239 - MENSAJE: 
2023/10/27 08:41:29.250 - MENSAJE: 
2023/10/27 08:41:30.222 - MENSAJE: (FrontEnd Antes CapturaPlaca)
2023/10/27 08:41:30.240 - MENSAJE: (FrontEnd Antes CapturaPlaca) ------
2023/10/27 08:41:30.241 - MENSAJE: 
2023/10/27 08:41:30.241 - MENSAJE: 
2023/10/27 08:41:30.252 - MENSAJE: 
2023/10/27 08:41:31.223 - MENSAJE: (FrontEnd Antes CapturaPlaca)
2023/10/27 08:41:31.239 - MENSAJE: (FrontEnd Antes CapturaPlaca) ------
2023/10/27 08:41:31.240 - MENSAJE: 
2023/10/27 08:41:31.240 - MENSAJE: 
2023/10/27 08:41:31.251 - MENSAJE: 
2023/10/27 08:41:32.221 - MENSAJE: (FrontEnd Antes CapturaPlaca)
2023/10/27 08:41:32.237 - MENSAJE: (FrontEnd Antes CapturaPlaca) ------
2023/10/27 08:41:32.239 - MENSAJE: 
2023/10/27 08:41:32.239 - MENSAJE: 
2023/10/27 08:41:32.250 - MENSAJE: 
2023/10/27 08:41:33.224 - MENSAJE: (FrontEnd Antes CapturaPlaca)
2023/10/27 08:41:33.242 - MENSAJE: (FrontEnd Antes CapturaPlaca) ------
2023/10/27 08:41:33.244 - MENSAJE: 
2023/10/27 08:41:33.244 - MENSAJE: 
2023/10/27 08:41:33.255 - MENSAJE: 
2023/10/27 08:41:34.219 - MENSAJE: (FrontEnd Antes CapturaPlaca)
2023/10/27 08:41:34.236 - MENSAJE: (FrontEnd Antes CapturaPlaca) ------
2023/10/27 08:41:34.237 - MENSAJE: 
2023/10/27 08:41:34.238 - MENSAJE: 
2023/10/27 08:41:34.248 - MENSAJE: 
2023/10/27 08:41:35.217 - MENSAJE: (FrontEnd Antes CapturaPlaca)
2023/10/27 08:41:35.238 - MENSAJE: (FrontEnd Antes CapturaPlaca) ------
2023/10/27 08:41:35.240 - MENSAJE: 
2023/10/27 08:41:35.240 - MENSAJE: 
2023/10/27 08:41:35.251 - MENSAJE: 
2023/10/27 08:41:36.223 - MENSAJE: (FrontEnd Antes CapturaPlaca)
2023/10/27 08:41:36.237 - MENSAJE: (FrontEnd Antes CapturaPlaca) ------
2023/10/27 08:41:36.238 - MENSAJE: 
2023/10/27 08:41:36.238 - MENSAJE: 
2023/10/27 08:41:36.250 - MENSAJE: 
2023/10/27 08:41:37.214 - MENSAJE: (FrontEnd Antes CapturaPlaca)
2023/10/27 08:41:37.237 - MENSAJE: (FrontEnd Antes CapturaPlaca) ------
2023/10/27 08:41:37.239 - MENSAJE: 
2023/10/27 08:41:37.239 - MENSAJE: 
2023/10/27 08:41:37.249 - MENSAJE: 
2023/10/27 08:41:38.219 - MENSAJE: (FrontEnd Antes CapturaPlaca)
2023/10/27 08:41:38.234 - MENSAJE: (FrontEnd Antes CapturaPlaca) ------
2023/10/27 08:41:38.236 - MENSAJE: 
2023/10/27 08:41:38.236 - MENSAJE: 
2023/10/27 08:41:38.247 - MENSAJE: 
2023/10/27 08:41:39.216 - MENSAJE: (FrontEnd Antes CapturaPlaca)
2023/10/27 08:41:39.229 - MENSAJE: (FrontEnd Antes CapturaPlaca) ------
2023/10/27 08:41:39.230 - MENSAJE: 
2023/10/27 08:41:39.230 - MENSAJE: 
2023/10/27 08:41:39.241 - MENSAJE: 
2023/10/27 08:41:40.223 - MENSAJE: (FrontEnd Antes CapturaPlaca)
2023/10/27 08:41:40.240 - MENSAJE: (FrontEnd Antes CapturaPlaca) ------
2023/10/27 08:41:40.241 - MENSAJE: 
2023/10/27 08:41:40.241 - MENSAJE: 
2023/10/27 08:41:40.252 - MENSAJE: 
2023/10/27 08:41:41.216 - MENSAJE: (FrontEnd Antes CapturaPlaca)
2023/10/27 08:41:41.228 - MENSAJE: (FrontEnd Antes CapturaPlaca) ------
2023/10/27 08:41:41.229 - MENSAJE: 
2023/10/27 08:41:41.229 - MENSAJE: 
2023/10/27 08:41:41.240 - MENSAJE: 
2023/10/27 08:41:42.222 - MENSAJE: (FrontEnd Antes CapturaPlaca)
2023/10/27 08:41:42.233 - MENSAJE: (FrontEnd Antes CapturaPlaca) ------
2023/10/27 08:41:42.234 - MENSAJE: 
2023/10/27 08:41:42.234 - MENSAJE: 
2023/10/27 08:41:42.244 - MENSAJE: 
2023/10/27 08:41:43.224 - MENSAJE: (FrontEnd Antes CapturaPlaca)
2023/10/27 08:41:43.236 - MENSAJE: (FrontEnd Antes CapturaPlaca) ------
2023/10/27 08:41:43.237 - MENSAJE: 
2023/10/27 08:41:43.237 - MENSAJE: 
2023/10/27 08:41:43.247 - MENSAJE: 
2023/10/27 08:41:44.220 - MENSAJE: (FrontEnd Antes CapturaPlaca)
2023/10/27 08:41:44.234 - MENSAJE: (FrontEnd Antes CapturaPlaca) ------
2023/10/27 08:41:44.235 - MENSAJE: 
2023/10/27 08:41:44.235 - MENSAJE: 
2023/10/27 08:41:44.245 - MENSAJE: 
2023/10/27 08:41:45.221 - MENSAJE: (FrontEnd Antes CapturaPlaca)
2023/10/27 08:41:45.235 - MENSAJE: (FrontEnd Antes CapturaPlaca) ------
2023/10/27 08:41:45.236 - MENSAJE: 
2023/10/27 08:41:45.236 - MENSAJE: 
2023/10/27 08:41:45.247 - MENSAJE: 
2023/10/27 08:41:46.224 - MENSAJE: (FrontEnd Antes CapturaPlaca)
2023/10/27 08:41:46.238 - MENSAJE: (FrontEnd Antes CapturaPlaca) ------
2023/10/27 08:41:46.239 - MENSAJE: 
2023/10/27 08:41:46.239 - MENSAJE: 
2023/10/27 08:41:46.250 - MENSAJE: 
2023/10/27 08:41:47.229 - MENSAJE: (FrontEnd Antes CapturaPlaca)
2023/10/27 08:41:47.244 - MENSAJE: (FrontEnd Antes CapturaPlaca) ------
2023/10/27 08:41:47.245 - MENSAJE: 
2023/10/27 08:41:47.245 - MENSAJE: 
2023/10/27 08:41:47.256 - MENSAJE: 
2023/10/27 08:41:48.243 - MENSAJE: (FrontEnd Antes CapturaPlaca)
2023/10/27 08:41:48.265 - MENSAJE: (FrontEnd Antes CapturaPlaca) ------
2023/10/27 08:41:48.265 - MENSAJE: 
2023/10/27 08:41:48.265 - MENSAJE: 
2023/10/27 08:41:48.276 - MENSAJE: 
2023/10/27 08:41:49.254 - MENSAJE: (FrontEnd Antes CapturaPlaca)
2023/10/27 08:41:49.267 - MENSAJE: (FrontEnd Antes CapturaPlaca) ------
2023/10/27 08:41:49.268 - MENSAJE: 
2023/10/27 08:41:49.268 - MENSAJE: 
2023/10/27 08:41:49.279 - MENSAJE: 
2023/10/27 08:41:50.217 - MENSAJE: (FrontEnd Antes CapturaPlaca)
2023/10/27 08:41:50.234 - MENSAJE: (FrontEnd Antes CapturaPlaca) ------
2023/10/27 08:41:50.235 - MENSAJE: 
2023/10/27 08:41:50.235 - MENSAJE: 
2023/10/27 08:41:50.245 - MENSAJE: 
2023/10/27 08:41:51.221 - MENSAJE: (FrontEnd Antes CapturaPlaca)
2023/10/27 08:41:51.238 - MENSAJE: (FrontEnd Antes CapturaPlaca) ------
2023/10/27 08:41:51.239 - MENSAJE: 
2023/10/27 08:41:51.239 - MENSAJE: 
2023/10/27 08:41:51.250 - MENSAJE: 
2023/10/27 08:41:52.222 - MENSAJE: (FrontEnd Antes CapturaPlaca)
2023/10/27 08:41:52.236 - MENSAJE: (FrontEnd Antes CapturaPlaca) ------
2023/10/27 08:41:52.238 - MENSAJE: 
2023/10/27 08:41:52.238 - MENSAJE: 
2023/10/27 08:41:52.248 - MENSAJE: 
2023/10/27 08:41:53.217 - MENSAJE: (FrontEnd Antes CapturaPlaca)
2023/10/27 08:41:53.243 - MENSAJE: (FrontEnd Antes CapturaPlaca) ------
2023/10/27 08:41:53.245 - MENSAJE: 
2023/10/27 08:41:53.244 - MENSAJE: 
2023/10/27 08:41:53.255 - MENSAJE: 
2023/10/27 08:41:54.214 - MENSAJE: (FrontEnd Antes CapturaPlaca)
2023/10/27 08:41:54.227 - MENSAJE: (FrontEnd Antes CapturaPlaca) ------
2023/10/27 08:41:54.229 - MENSAJE: 
2023/10/27 08:41:54.229 - MENSAJE: 
2023/10/27 08:41:54.240 - MENSAJE: 
2023/10/27 08:41:55.220 - MENSAJE: (FrontEnd Antes CapturaPlaca)
2023/10/27 08:41:55.234 - MENSAJE: (FrontEnd Antes CapturaPlaca) ------
2023/10/27 08:41:55.235 - MENSAJE: 
2023/10/27 08:41:55.236 - MENSAJE: 
2023/10/27 08:41:55.246 - MENSAJE: 
2023/10/27 08:41:56.219 - MENSAJE: (FrontEnd Antes CapturaPlaca)
2023/10/27 08:41:56.237 - MENSAJE: (FrontEnd Antes CapturaPlaca) ------
2023/10/27 08:41:56.239 - MENSAJE: 
2023/10/27 08:41:56.239 - MENSAJE: 
2023/10/27 08:41:56.249 - MENSAJE: 
2023/10/27 08:41:57.218 - MENSAJE: (FrontEnd Antes CapturaPlaca)
2023/10/27 08:41:57.242 - MENSAJE: (FrontEnd Antes CapturaPlaca) ------
2023/10/27 08:41:57.243 - MENSAJE: 
2023/10/27 08:41:57.243 - MENSAJE: 
2023/10/27 08:41:57.254 - MENSAJE: 
2023/10/27 08:41:58.219 - MENSAJE: (FrontEnd Antes CapturaPlaca)
2023/10/27 08:41:58.237 - MENSAJE: (FrontEnd Antes CapturaPlaca) ------
2023/10/27 08:41:58.238 - MENSAJE: 
2023/10/27 08:41:58.238 - MENSAJE: 
2023/10/27 08:41:58.249 - MENSAJE: 
2023/10/27 08:41:59.215 - MENSAJE: (FrontEnd Antes CapturaPlaca)
2023/10/27 08:41:59.228 - MENSAJE: (FrontEnd Antes CapturaPlaca) ------
2023/10/27 08:41:59.229 - MENSAJE: 
2023/10/27 08:41:59.230 - MENSAJE: 
2023/10/27 08:41:59.240 - MENSAJE: 
2023/10/27 08:42:00.217 - MENSAJE: (FrontEnd Antes CapturaPlaca)
2023/10/27 08:42:00.230 - MENSAJE: (FrontEnd Antes CapturaPlaca) ------
2023/10/27 08:42:00.231 - MENSAJE: 
2023/10/27 08:42:00.231 - MENSAJE: 
2023/10/27 08:42:00.241 - MENSAJE: 
2023/10/27 08:42:01.221 - MENSAJE: (FrontEnd Antes CapturaPlaca)
2023/10/27 08:42:01.235 - MENSAJE: (FrontEnd Antes CapturaPlaca) ------
2023/10/27 08:42:01.236 - MENSAJE: 
2023/10/27 08:42:01.236 - MENSAJE: 
2023/10/27 08:42:01.247 - MENSAJE: 
2023/10/27 08:42:02.218 - MENSAJE: (FrontEnd Antes CapturaPlaca)
2023/10/27 08:42:02.234 - MENSAJE: (FrontEnd Antes CapturaPlaca) ------
2023/10/27 08:42:02.236 - MENSAJE: 
2023/10/27 08:42:02.236 - MENSAJE: 
2023/10/27 08:42:02.247 - MENSAJE: 
2023/10/27 08:42:03.223 - MENSAJE: (FrontEnd Antes CapturaPlaca)
2023/10/27 08:42:03.237 - MENSAJE: (FrontEnd Antes CapturaPlaca) ------
2023/10/27 08:42:03.238 - MENSAJE: 
2023/10/27 08:42:03.239 - MENSAJE: 
2023/10/27 08:42:03.249 - MENSAJE: 
2023/10/27 08:42:04.223 - MENSAJE: (FrontEnd Antes CapturaPlaca)
2023/10/27 08:42:04.237 - MENSAJE: (FrontEnd Antes CapturaPlaca) ------
2023/10/27 08:42:04.238 - MENSAJE: 
2023/10/27 08:42:04.238 - MENSAJE: 
2023/10/27 08:42:04.249 - MENSAJE: 
2023/10/27 08:42:05.218 - MENSAJE: (FrontEnd Antes CapturaPlaca)
2023/10/27 08:42:05.231 - MENSAJE: (FrontEnd Antes CapturaPlaca) ------
2023/10/27 08:42:05.232 - MENSAJE: 
2023/10/27 08:42:05.232 - MENSAJE: 
2023/10/27 08:42:05.243 - MENSAJE: 
2023/10/27 08:42:06.217 - MENSAJE: (FrontEnd Antes CapturaPlaca)
2023/10/27 08:42:06.231 - MENSAJE: (FrontEnd Antes CapturaPlaca) ------
2023/10/27 08:42:06.232 - MENSAJE: 
2023/10/27 08:42:06.232 - MENSAJE: 
2023/10/27 08:42:06.243 - MENSAJE: 
2023/10/27 08:42:07.232 - MENSAJE: (FrontEnd Antes CapturaPlaca)
2023/10/27 08:42:07.245 - MENSAJE: (FrontEnd Antes CapturaPlaca) ------
2023/10/27 08:42:07.246 - MENSAJE: 
2023/10/27 08:42:07.246 - MENSAJE: 
2023/10/27 08:42:07.257 - MENSAJE: 
2023/10/27 08:42:08.245 - MENSAJE: (FrontEnd Antes CapturaPlaca)
2023/10/27 08:42:08.260 - MENSAJE: (FrontEnd Antes CapturaPlaca) ------
2023/10/27 08:42:08.261 - MENSAJE: 
2023/10/27 08:42:08.261 - MENSAJE: 
2023/10/27 08:42:08.272 - MENSAJE: 
2023/10/27 08:42:09.248 - MENSAJE: (FrontEnd Antes CapturaPlaca)
2023/10/27 08:42:09.262 - MENSAJE: (FrontEnd Antes CapturaPlaca) ------
2023/10/27 08:42:09.263 - MENSAJE: 
2023/10/27 08:42:09.263 - MENSAJE: 
2023/10/27 08:42:09.273 - MENSAJE: 
2023/10/27 08:42:10.224 - MENSAJE: (FrontEnd Antes CapturaPlaca)
2023/10/27 08:42:10.241 - MENSAJE: (FrontEnd Antes CapturaPlaca) ------
2023/10/27 08:42:10.242 - MENSAJE: 
2023/10/27 08:42:10.242 - MENSAJE: 
2023/10/27 08:42:10.253 - MENSAJE: 
2023/10/27 08:42:11.222 - MENSAJE: (FrontEnd Antes CapturaPlaca)
2023/10/27 08:42:11.239 - MENSAJE: (FrontEnd Antes CapturaPlaca) ------
2023/10/27 08:42:11.241 - MENSAJE: 
2023/10/27 08:42:11.241 - MENSAJE: 
2023/10/27 08:42:11.252 - MENSAJE: 
2023/10/27 08:42:12.215 - MENSAJE: (FrontEnd Antes CapturaPlaca)
2023/10/27 08:42:12.227 - MENSAJE: (FrontEnd Antes CapturaPlaca) ------
2023/10/27 08:42:12.229 - MENSAJE: 
2023/10/27 08:42:12.229 - MENSAJE: 
2023/10/27 08:42:12.240 - MENSAJE: 
2023/10/27 08:42:13.216 - MENSAJE: (FrontEnd Antes CapturaPlaca)
2023/10/27 08:42:13.232 - MENSAJE: (FrontEnd Antes CapturaPlaca) ------
2023/10/27 08:42:13.234 - MENSAJE: 
2023/10/27 08:42:13.234 - MENSAJE: 
2023/10/27 08:42:13.245 - MENSAJE: 
2023/10/27 08:42:14.220 - MENSAJE: (FrontEnd Antes CapturaPlaca)
2023/10/27 08:42:14.238 - MENSAJE: (FrontEnd Antes CapturaPlaca) ------
2023/10/27 08:42:14.240 - MENSAJE: 
2023/10/27 08:42:14.240 - MENSAJE: 
2023/10/27 08:42:14.251 - MENSAJE: 
2023/10/27 08:42:15.223 - MENSAJE: (FrontEnd Antes CapturaPlaca)
2023/10/27 08:42:15.237 - MENSAJE: (FrontEnd Antes CapturaPlaca) ------
2023/10/27 08:42:15.239 - MENSAJE: 
2023/10/27 08:42:15.239 - MENSAJE: 
2023/10/27 08:42:15.250 - MENSAJE: 
2023/10/27 08:42:16.222 - MENSAJE: (FrontEnd Antes CapturaPlaca)
2023/10/27 08:42:16.240 - MENSAJE: (FrontEnd Antes CapturaPlaca) ------
2023/10/27 08:42:16.242 - MENSAJE: 
2023/10/27 08:42:16.242 - MENSAJE: 
2023/10/27 08:42:16.252 - MENSAJE: 
2023/10/27 08:42:17.222 - MENSAJE: (FrontEnd Antes CapturaPlaca)
2023/10/27 08:42:17.239 - MENSAJE: (FrontEnd Antes CapturaPlaca) ------
2023/10/27 08:42:17.240 - MENSAJE: 
2023/10/27 08:42:17.240 - MENSAJE: 
2023/10/27 08:42:17.251 - MENSAJE: 
2023/10/27 08:42:18.218 - MENSAJE: (FrontEnd Antes CapturaPlaca)
2023/10/27 08:42:18.234 - MENSAJE: (FrontEnd Antes CapturaPlaca) ------
2023/10/27 08:42:18.236 - MENSAJE: 
2023/10/27 08:42:18.236 - MENSAJE: 
2023/10/27 08:42:18.247 - MENSAJE: 
2023/10/27 08:42:19.222 - MENSAJE: (FrontEnd Antes CapturaPlaca)
2023/10/27 08:42:19.237 - MENSAJE: (FrontEnd Antes CapturaPlaca) ------
2023/10/27 08:42:19.238 - MENSAJE: 
2023/10/27 08:42:19.239 - MENSAJE: 
2023/10/27 08:42:19.249 - MENSAJE: 
2023/10/27 08:42:20.220 - MENSAJE: (FrontEnd Antes CapturaPlaca)
2023/10/27 08:42:20.232 - MENSAJE: (FrontEnd Antes CapturaPlaca) ------
2023/10/27 08:42:20.233 - MENSAJE: 
2023/10/27 08:42:20.233 - MENSAJE: 
2023/10/27 08:42:20.244 - MENSAJE: 
2023/10/27 08:42:21.214 - MENSAJE: (FrontEnd Antes CapturaPlaca)
2023/10/27 08:42:21.230 - MENSAJE: (FrontEnd Antes CapturaPlaca) ------
2023/10/27 08:42:21.232 - MENSAJE: 
2023/10/27 08:42:21.232 - MENSAJE: 
2023/10/27 08:42:21.242 - MENSAJE: 
2023/10/27 08:42:22.224 - MENSAJE: (FrontEnd Antes CapturaPlaca)
2023/10/27 08:42:22.238 - MENSAJE: (FrontEnd Antes CapturaPlaca) ------
2023/10/27 08:42:22.239 - MENSAJE: 
2023/10/27 08:42:22.239 - MENSAJE: 
2023/10/27 08:42:22.250 - MENSAJE: 
2023/10/27 08:42:23.223 - MENSAJE: (FrontEnd Antes CapturaPlaca)
2023/10/27 08:42:23.233 - MENSAJE: (FrontEnd Antes CapturaPlaca) ------
2023/10/27 08:42:23.234 - MENSAJE: 
2023/10/27 08:42:23.234 - MENSAJE: 
2023/10/27 08:42:23.245 - MENSAJE: 
2023/10/27 08:42:24.217 - MENSAJE: (FrontEnd Antes CapturaPlaca)
2023/10/27 08:42:24.238 - MENSAJE: (FrontEnd Antes CapturaPlaca) ------
2023/10/27 08:42:24.240 - MENSAJE: 
2023/10/27 08:42:24.240 - MENSAJE: 
2023/10/27 08:42:24.250 - MENSAJE: 
2023/10/27 08:42:25.218 - MENSAJE: (FrontEnd Antes CapturaPlaca)
2023/10/27 08:42:25.229 - MENSAJE: (FrontEnd Antes CapturaPlaca) ------
2023/10/27 08:42:25.230 - MENSAJE: 
2023/10/27 08:42:25.230 - MENSAJE: 
2023/10/27 08:42:25.242 - MENSAJE: 
2023/10/27 08:42:26.220 - MENSAJE: (FrontEnd Antes CapturaPlaca)
2023/10/27 08:42:26.231 - MENSAJE: (FrontEnd Antes CapturaPlaca) ------
2023/10/27 08:42:26.232 - MENSAJE: 
2023/10/27 08:42:26.232 - MENSAJE: 
2023/10/27 08:42:26.243 - MENSAJE: 
2023/10/27 08:42:27.231 - MENSAJE: (FrontEnd Antes CapturaPlaca)
2023/10/27 08:42:27.243 - MENSAJE: (FrontEnd Antes CapturaPlaca) ------
2023/10/27 08:42:27.244 - MENSAJE: 
2023/10/27 08:42:27.245 - MENSAJE: 
2023/10/27 08:42:27.255 - MENSAJE: 
2023/10/27 08:42:28.235 - MENSAJE: (FrontEnd Antes CapturaPlaca)
2023/10/27 08:42:28.246 - MENSAJE: (FrontEnd Antes CapturaPlaca) ------
2023/10/27 08:42:28.247 - MENSAJE: 
2023/10/27 08:42:28.247 - MENSAJE: 
2023/10/27 08:42:28.258 - MENSAJE: 
2023/10/27 08:42:29.251 - MENSAJE: (FrontEnd Antes CapturaPlaca)
2023/10/27 08:42:29.266 - MENSAJE: (FrontEnd Antes CapturaPlaca) ------
2023/10/27 08:42:29.267 - MENSAJE: 
2023/10/27 08:42:29.267 - MENSAJE: 
2023/10/27 08:42:29.278 - MENSAJE: 
2023/10/27 08:42:30.215 - MENSAJE: (FrontEnd Antes CapturaPlaca)
2023/10/27 08:42:30.230 - MENSAJE: (FrontEnd Antes CapturaPlaca) ------
2023/10/27 08:42:30.231 - MENSAJE: 
2023/10/27 08:42:30.231 - MENSAJE: 
2023/10/27 08:42:30.242 - MENSAJE: 
2023/10/27 08:42:31.224 - MENSAJE: (FrontEnd Antes CapturaPlaca)
2023/10/27 08:42:31.238 - MENSAJE: (FrontEnd Antes CapturaPlaca) ------
2023/10/27 08:42:31.239 - MENSAJE: 
2023/10/27 08:42:31.239 - MENSAJE: 
2023/10/27 08:42:31.250 - MENSAJE: 
2023/10/27 08:42:32.216 - MENSAJE: (FrontEnd Antes CapturaPlaca)
2023/10/27 08:42:32.233 - MENSAJE: (FrontEnd Antes CapturaPlaca) ------
2023/10/27 08:42:32.234 - MENSAJE: 
2023/10/27 08:42:32.234 - MENSAJE: 
2023/10/27 08:42:32.245 - MENSAJE: 
2023/10/27 08:42:33.221 - MENSAJE: (FrontEnd Antes CapturaPlaca)
2023/10/27 08:42:33.248 - MENSAJE: (FrontEnd Antes CapturaPlaca) ------
2023/10/27 08:42:33.249 - MENSAJE: 
2023/10/27 08:42:33.250 - MENSAJE: 
2023/10/27 08:42:33.260 - MENSAJE: 
2023/10/27 08:42:34.221 - MENSAJE: (FrontEnd Antes CapturaPlaca)
2023/10/27 08:42:34.238 - MENSAJE: (FrontEnd Antes CapturaPlaca) ------
2023/10/27 08:42:34.239 - MENSAJE: 
2023/10/27 08:42:34.239 - MENSAJE: 
2023/10/27 08:42:34.250 - MENSAJE: 
2023/10/27 08:42:35.219 - MENSAJE: (FrontEnd Antes CapturaPlaca)
2023/10/27 08:42:35.236 - MENSAJE: (FrontEnd Antes CapturaPlaca) ------
2023/10/27 08:42:35.238 - MENSAJE: 
2023/10/27 08:42:35.238 - MENSAJE: 
2023/10/27 08:42:35.248 - MENSAJE: 
2023/10/27 08:42:36.222 - MENSAJE: (FrontEnd Antes CapturaPlaca)
2023/10/27 08:42:36.239 - MENSAJE: (FrontEnd Antes CapturaPlaca) ------
2023/10/27 08:42:36.240 - MENSAJE: 
2023/10/27 08:42:36.240 - MENSAJE: 
2023/10/27 08:42:36.251 - MENSAJE: 
2023/10/27 08:42:37.223 - MENSAJE: (FrontEnd Antes CapturaPlaca)
2023/10/27 08:42:37.233 - MENSAJE: (FrontEnd Antes CapturaPlaca) ------
2023/10/27 08:42:37.234 - MENSAJE: 
2023/10/27 08:42:37.234 - MENSAJE: 
2023/10/27 08:42:37.245 - MENSAJE: 
2023/10/27 08:42:38.222 - MENSAJE: (FrontEnd Antes CapturaPlaca)
2023/10/27 08:42:38.236 - MENSAJE: (FrontEnd Antes CapturaPlaca) ------
2023/10/27 08:42:38.237 - MENSAJE: 
2023/10/27 08:42:38.237 - MENSAJE: 
2023/10/27 08:42:38.247 - MENSAJE: 
2023/10/27 08:42:39.217 - MENSAJE: (FrontEnd Antes CapturaPlaca)
2023/10/27 08:42:39.227 - MENSAJE: (FrontEnd Antes CapturaPlaca) ------
2023/10/27 08:42:39.228 - MENSAJE: 
2023/10/27 08:42:39.228 - MENSAJE: 
2023/10/27 08:42:39.238 - MENSAJE: 
2023/10/27 08:42:40.217 - MENSAJE: (FrontEnd Antes CapturaPlaca)
2023/10/27 08:42:40.230 - MENSAJE: (FrontEnd Antes CapturaPlaca) ------
2023/10/27 08:42:40.232 - MENSAJE: 
2023/10/27 08:42:40.232 - MENSAJE: 
2023/10/27 08:42:40.242 - MENSAJE: 
2023/10/27 08:42:41.220 - MENSAJE: (FrontEnd Antes CapturaPlaca)
2023/10/27 08:42:41.229 - MENSAJE: (FrontEnd Antes CapturaPlaca) ------
2023/10/27 08:42:41.230 - MENSAJE: 
2023/10/27 08:42:41.231 - MENSAJE: 
2023/10/27 08:42:41.241 - MENSAJE: 
2023/10/27 08:42:42.223 - MENSAJE: (FrontEnd Antes CapturaPlaca)
2023/10/27 08:42:42.233 - MENSAJE: (FrontEnd Antes CapturaPlaca) ------
2023/10/27 08:42:42.234 - MENSAJE: 
2023/10/27 08:42:42.234 - MENSAJE: 
2023/10/27 08:42:42.245 - MENSAJE: 
2023/10/27 08:42:43.216 - MENSAJE: (FrontEnd Antes CapturaPlaca)
2023/10/27 08:42:43.227 - MENSAJE: (FrontEnd Antes CapturaPlaca) ------
2023/10/27 08:42:43.228 - MENSAJE: 
2023/10/27 08:42:43.228 - MENSAJE: 
2023/10/27 08:42:43.240 - MENSAJE: 
2023/10/27 08:42:44.215 - MENSAJE: (FrontEnd Antes CapturaPlaca)
2023/10/27 08:42:44.227 - MENSAJE: (FrontEnd Antes CapturaPlaca) ------
2023/10/27 08:42:44.227 - MENSAJE: 
2023/10/27 08:42:44.228 - MENSAJE: 
2023/10/27 08:42:44.239 - MENSAJE: 
2023/10/27 08:42:45.219 - MENSAJE: (FrontEnd Antes CapturaPlaca)
2023/10/27 08:42:45.230 - MENSAJE: (FrontEnd Antes CapturaPlaca) ------
2023/10/27 08:42:45.231 - MENSAJE: 
2023/10/27 08:42:45.231 - MENSAJE: 
2023/10/27 08:42:45.242 - MENSAJE: 
2023/10/27 08:42:46.224 - MENSAJE: (FrontEnd Antes CapturaPlaca)
2023/10/27 08:42:46.234 - MENSAJE: (FrontEnd Antes CapturaPlaca) ------
2023/10/27 08:42:46.235 - MENSAJE: 
2023/10/27 08:42:46.235 - MENSAJE: 
2023/10/27 08:42:46.246 - MENSAJE: 
2023/10/27 08:42:47.216 - MENSAJE: (FrontEnd Antes CapturaPlaca)
2023/10/27 08:42:47.228 - MENSAJE: (FrontEnd Antes CapturaPlaca) ------
2023/10/27 08:42:47.229 - MENSAJE: 
2023/10/27 08:42:47.229 - MENSAJE: 
2023/10/27 08:42:47.240 - MENSAJE: 
2023/10/27 08:42:48.223 - MENSAJE: (FrontEnd Antes CapturaPlaca)
2023/10/27 08:42:48.243 - MENSAJE: (FrontEnd Antes CapturaPlaca) ------
2023/10/27 08:42:48.244 - MENSAJE: 
2023/10/27 08:42:48.244 - MENSAJE: 
2023/10/27 08:42:48.254 - MENSAJE: 
2023/10/27 08:42:49.233 - MENSAJE: (FrontEnd Antes CapturaPlaca)
2023/10/27 08:42:49.253 - MENSAJE: (FrontEnd Antes CapturaPlaca) ------
2023/10/27 08:42:49.254 - MENSAJE: 
2023/10/27 08:42:49.254 - MENSAJE: 
2023/10/27 08:42:49.265 - MENSAJE: 
2023/10/27 08:42:50.246 - MENSAJE: (FrontEnd Antes CapturaPlaca)
2023/10/27 08:42:50.257 - MENSAJE: (FrontEnd Antes CapturaPlaca) ------
2023/10/27 08:42:50.258 - MENSAJE: 
2023/10/27 08:42:50.258 - MENSAJE: 
2023/10/27 08:42:50.269 - MENSAJE: 
2023/10/27 08:42:51.247 - MENSAJE: (FrontEnd Antes CapturaPlaca)
2023/10/27 08:42:51.259 - MENSAJE: (FrontEnd Antes CapturaPlaca) ------
2023/10/27 08:42:51.260 - MENSAJE: 
2023/10/27 08:42:51.260 - MENSAJE: 
2023/10/27 08:42:51.271 - MENSAJE: 
2023/10/27 08:42:52.215 - MENSAJE: (FrontEnd Antes CapturaPlaca)
2023/10/27 08:42:52.228 - MENSAJE: (FrontEnd Antes CapturaPlaca) ------
2023/10/27 08:42:52.230 - MENSAJE: 
2023/10/27 08:42:52.230 - MENSAJE: 
2023/10/27 08:42:52.241 - MENSAJE: 
2023/10/27 08:42:53.219 - MENSAJE: (FrontEnd Antes CapturaPlaca)
2023/10/27 08:42:53.235 - MENSAJE: (FrontEnd Antes CapturaPlaca) ------
2023/10/27 08:42:53.236 - MENSAJE: 
2023/10/27 08:42:53.237 - MENSAJE: 
2023/10/27 08:42:53.247 - MENSAJE: 
2023/10/27 08:42:54.224 - MENSAJE: (FrontEnd Antes CapturaPlaca)
2023/10/27 08:42:54.241 - MENSAJE: (FrontEnd Antes CapturaPlaca) ------
2023/10/27 08:42:54.243 - MENSAJE: 
2023/10/27 08:42:54.243 - MENSAJE: 
2023/10/27 08:42:54.253 - MENSAJE: 
2023/10/27 08:42:55.222 - MENSAJE: (FrontEnd Antes CapturaPlaca)
2023/10/27 08:42:55.239 - MENSAJE: (FrontEnd Antes CapturaPlaca) ------
2023/10/27 08:42:55.240 - MENSAJE: 
2023/10/27 08:42:55.241 - MENSAJE: 
2023/10/27 08:42:55.251 - MENSAJE: 
2023/10/27 08:42:56.220 - MENSAJE: (FrontEnd Antes CapturaPlaca)
2023/10/27 08:42:56.235 - MENSAJE: (FrontEnd Antes CapturaPlaca) ------
2023/10/27 08:42:56.236 - MENSAJE: 
2023/10/27 08:42:56.237 - MENSAJE: 
2023/10/27 08:42:56.247 - MENSAJE: 
2023/10/27 08:42:57.218 - MENSAJE: (FrontEnd Antes CapturaPlaca)
2023/10/27 08:42:57.236 - MENSAJE: (FrontEnd Antes CapturaPlaca) ------
2023/10/27 08:42:57.238 - MENSAJE: 
2023/10/27 08:42:57.238 - MENSAJE: 
2023/10/27 08:42:57.249 - MENSAJE: 
2023/10/27 08:42:58.224 - MENSAJE: (FrontEnd Antes CapturaPlaca)
2023/10/27 08:42:58.237 - MENSAJE: (FrontEnd Antes CapturaPlaca) ------
2023/10/27 08:42:58.238 - MENSAJE: 
2023/10/27 08:42:58.239 - MENSAJE: 
2023/10/27 08:42:58.250 - MENSAJE: 
2023/10/27 08:42:59.224 - MENSAJE: (FrontEnd Antes CapturaPlaca)
2023/10/27 08:42:59.239 - MENSAJE: (FrontEnd Antes CapturaPlaca) ------
2023/10/27 08:42:59.240 - MENSAJE: 
2023/10/27 08:42:59.240 - MENSAJE: 
2023/10/27 08:42:59.251 - MENSAJE: 
2023/10/27 08:43:00.221 - MENSAJE: (FrontEnd Antes CapturaPlaca)
2023/10/27 08:43:00.235 - MENSAJE: (FrontEnd Antes CapturaPlaca) ------
2023/10/27 08:43:00.236 - MENSAJE: 
2023/10/27 08:43:00.236 - MENSAJE: 
2023/10/27 08:43:00.247 - MENSAJE: 
2023/10/27 08:43:01.214 - MENSAJE: (FrontEnd Antes CapturaPlaca)
2023/10/27 08:43:01.227 - MENSAJE: (FrontEnd Antes CapturaPlaca) ------
2023/10/27 08:43:01.229 - MENSAJE: 
2023/10/27 08:43:01.229 - MENSAJE: 
2023/10/27 08:43:01.240 - MENSAJE: 
2023/10/27 08:43:02.225 - MENSAJE: (FrontEnd Antes CapturaPlaca)
2023/10/27 08:43:02.237 - MENSAJE: (FrontEnd Antes CapturaPlaca) ------
2023/10/27 08:43:02.238 - MENSAJE: 
2023/10/27 08:43:02.238 - MENSAJE: 
2023/10/27 08:43:02.249 - MENSAJE: 
2023/10/27 08:43:03.220 - MENSAJE: (FrontEnd Antes CapturaPlaca)
2023/10/27 08:43:03.234 - MENSAJE: (FrontEnd Antes CapturaPlaca) ------
2023/10/27 08:43:03.235 - MENSAJE: 
2023/10/27 08:43:03.235 - MENSAJE: 
2023/10/27 08:43:03.246 - MENSAJE: 
2023/10/27 08:43:04.218 - MENSAJE: (FrontEnd Antes CapturaPlaca)
2023/10/27 08:43:04.241 - MENSAJE: (FrontEnd Antes CapturaPlaca) ------
2023/10/27 08:43:04.242 - MENSAJE: 
2023/10/27 08:43:04.242 - MENSAJE: 
2023/10/27 08:43:04.252 - MENSAJE: 
2023/10/27 08:43:05.222 - MENSAJE: (FrontEnd Antes CapturaPlaca)
2023/10/27 08:43:05.235 - MENSAJE: (FrontEnd Antes CapturaPlaca) ------
2023/10/27 08:43:05.236 - MENSAJE: 
2023/10/27 08:43:05.236 - MENSAJE: 
2023/10/27 08:43:05.247 - MENSAJE: 
2023/10/27 08:43:06.222 - MENSAJE: (FrontEnd Antes CapturaPlaca)
2023/10/27 08:43:06.234 - MENSAJE: (FrontEnd Antes CapturaPlaca) ------
2023/10/27 08:43:06.235 - MENSAJE: 
2023/10/27 08:43:06.235 - MENSAJE: 
2023/10/27 08:43:06.246 - MENSAJE: 
2023/10/27 08:43:07.215 - MENSAJE: (FrontEnd Antes CapturaPlaca)
2023/10/27 08:43:07.225 - MENSAJE: (FrontEnd Antes CapturaPlaca) ------
2023/10/27 08:43:07.226 - MENSAJE: 
2023/10/27 08:43:07.226 - MENSAJE: 
2023/10/27 08:43:07.236 - MENSAJE: 
2023/10/27 08:43:08.223 - MENSAJE: (FrontEnd Antes CapturaPlaca)
2023/10/27 08:43:08.235 - MENSAJE: (FrontEnd Antes CapturaPlaca) ------
2023/10/27 08:43:08.236 - MENSAJE: 
2023/10/27 08:43:08.236 - MENSAJE: 
2023/10/27 08:43:08.246 - MENSAJE: 
2023/10/27 08:43:09.222 - MENSAJE: (FrontEnd Antes CapturaPlaca)
2023/10/27 08:43:09.234 - MENSAJE: (FrontEnd Antes CapturaPlaca) ------
2023/10/27 08:43:09.235 - MENSAJE: 
2023/10/27 08:43:09.235 - MENSAJE: 
2023/10/27 08:43:09.246 - MENSAJE: 
2023/10/27 08:43:10.233 - MENSAJE: (FrontEnd Antes CapturaPlaca)
2023/10/27 08:43:10.250 - MENSAJE: (FrontEnd Antes CapturaPlaca) ------
2023/10/27 08:43:10.250 - MENSAJE: 
2023/10/27 08:43:10.251 - MENSAJE: 
2023/10/27 08:43:10.261 - MENSAJE: 
2023/10/27 08:43:11.247 - MENSAJE: (FrontEnd Antes CapturaPlaca)
2023/10/27 08:43:11.258 - MENSAJE: (FrontEnd Antes CapturaPlaca) ------
2023/10/27 08:43:11.259 - MENSAJE: 
2023/10/27 08:43:11.259 - MENSAJE: 
2023/10/27 08:43:11.269 - MENSAJE: 
2023/10/27 08:43:12.248 - MENSAJE: (FrontEnd Antes CapturaPlaca)
2023/10/27 08:43:12.262 - MENSAJE: (FrontEnd Antes CapturaPlaca) ------
2023/10/27 08:43:12.263 - MENSAJE: 
2023/10/27 08:43:12.263 - MENSAJE: 
2023/10/27 08:43:12.273 - MENSAJE: 
2023/10/27 08:43:13.222 - MENSAJE: (FrontEnd Antes CapturaPlaca)
2023/10/27 08:43:13.237 - MENSAJE: (FrontEnd Antes CapturaPlaca) ------
2023/10/27 08:43:13.239 - MENSAJE: 
2023/10/27 08:43:13.239 - MENSAJE: 
2023/10/27 08:43:13.251 - MENSAJE: 
2023/10/27 08:43:14.222 - MENSAJE: (FrontEnd Antes CapturaPlaca)
2023/10/27 08:43:14.239 - MENSAJE: (FrontEnd Antes CapturaPlaca) ------
2023/10/27 08:43:14.240 - MENSAJE: 
2023/10/27 08:43:14.240 - MENSAJE: 
2023/10/27 08:43:14.250 - MENSAJE: 
2023/10/27 08:43:15.223 - MENSAJE: (FrontEnd Antes CapturaPlaca)
2023/10/27 08:43:15.238 - MENSAJE: (FrontEnd Antes CapturaPlaca) ------
2023/10/27 08:43:15.240 - MENSAJE: 
2023/10/27 08:43:15.240 - MENSAJE: 
2023/10/27 08:43:15.251 - MENSAJE: 
2023/10/27 08:43:16.223 - MENSAJE: (FrontEnd Antes CapturaPlaca)
2023/10/27 08:43:16.239 - MENSAJE: (FrontEnd Antes CapturaPlaca) ------
2023/10/27 08:43:16.241 - MENSAJE: 
2023/10/27 08:43:16.241 - MENSAJE: 
2023/10/27 08:43:16.252 - MENSAJE: 
2023/10/27 08:43:17.218 - MENSAJE: (FrontEnd Antes CapturaPlaca)
2023/10/27 08:43:17.234 - MENSAJE: (FrontEnd Antes CapturaPlaca) ------
2023/10/27 08:43:17.235 - MENSAJE: 
2023/10/27 08:43:17.235 - MENSAJE: 
2023/10/27 08:43:17.246 - MENSAJE: 
2023/10/27 08:43:18.220 - MENSAJE: (FrontEnd Antes CapturaPlaca)
2023/10/27 08:43:18.237 - MENSAJE: (FrontEnd Antes CapturaPlaca) ------
2023/10/27 08:43:18.238 - MENSAJE: 
2023/10/27 08:43:18.238 - MENSAJE: 
2023/10/27 08:43:18.249 - MENSAJE: 
2023/10/27 08:43:19.224 - MENSAJE: (FrontEnd Antes CapturaPlaca)
2023/10/27 08:43:19.240 - MENSAJE: (FrontEnd Antes CapturaPlaca) ------
2023/10/27 08:43:19.242 - MENSAJE: 
2023/10/27 08:43:19.242 - MENSAJE: 
2023/10/27 08:43:19.252 - MENSAJE: 
2023/10/27 08:43:20.224 - MENSAJE: (FrontEnd Antes CapturaPlaca)
2023/10/27 08:43:20.240 - MENSAJE: (FrontEnd Antes CapturaPlaca) ------
2023/10/27 08:43:20.242 - MENSAJE: 
2023/10/27 08:43:20.242 - MENSAJE: 
2023/10/27 08:43:20.252 - MENSAJE: 
2023/10/27 08:43:21.221 - MENSAJE: (FrontEnd Antes CapturaPlaca)
2023/10/27 08:43:21.238 - MENSAJE: (FrontEnd Antes CapturaPlaca) ------
2023/10/27 08:43:21.240 - MENSAJE: 
2023/10/27 08:43:21.240 - MENSAJE: 
2023/10/27 08:43:21.250 - MENSAJE: 
2023/10/27 08:43:22.217 - MENSAJE: (FrontEnd Antes CapturaPlaca)
2023/10/27 08:43:22.229 - MENSAJE: (FrontEnd Antes CapturaPlaca) ------
2023/10/27 08:43:22.231 - MENSAJE: 
2023/10/27 08:43:22.231 - MENSAJE: 
2023/10/27 08:43:22.241 - MENSAJE: 
2023/10/27 08:43:23.223 - MENSAJE: (FrontEnd Antes CapturaPlaca)
2023/10/27 08:43:23.235 - MENSAJE: (FrontEnd Antes CapturaPlaca) ------
2023/10/27 08:43:23.236 - MENSAJE: 
2023/10/27 08:43:23.236 - MENSAJE: 
2023/10/27 08:43:23.247 - MENSAJE: 
2023/10/27 08:43:24.219 - MENSAJE: (FrontEnd Antes CapturaPlaca)
2023/10/27 08:43:24.234 - MENSAJE: (FrontEnd Antes CapturaPlaca) ------
2023/10/27 08:43:24.236 - MENSAJE: 
2023/10/27 08:43:24.236 - MENSAJE: 
2023/10/27 08:43:24.247 - MENSAJE: 
2023/10/27 08:43:25.221 - MENSAJE: (FrontEnd Antes CapturaPlaca)
2023/10/27 08:43:25.233 - MENSAJE: (FrontEnd Antes CapturaPlaca) ------
2023/10/27 08:43:25.234 - MENSAJE: 
2023/10/27 08:43:25.234 - MENSAJE: 
2023/10/27 08:43:25.244 - MENSAJE: 
2023/10/27 08:43:26.216 - MENSAJE: (FrontEnd Antes CapturaPlaca)
2023/10/27 08:43:26.228 - MENSAJE: (FrontEnd Antes CapturaPlaca) ------
2023/10/27 08:43:26.229 - MENSAJE: 
2023/10/27 08:43:26.229 - MENSAJE: 
2023/10/27 08:43:26.239 - MENSAJE: 
2023/10/27 08:43:27.223 - MENSAJE: (FrontEnd Antes CapturaPlaca)
2023/10/27 08:43:27.234 - MENSAJE: (FrontEnd Antes CapturaPlaca) ------
2023/10/27 08:43:27.235 - MENSAJE: 
2023/10/27 08:43:27.236 - MENSAJE: 
2023/10/27 08:43:27.247 - MENSAJE: 
2023/10/27 08:43:28.221 - MENSAJE: (FrontEnd Antes CapturaPlaca)
2023/10/27 08:43:28.234 - MENSAJE: (FrontEnd Antes CapturaPlaca) ------
2023/10/27 08:43:28.235 - MENSAJE: 
2023/10/27 08:43:28.235 - MENSAJE: 
2023/10/27 08:43:28.245 - MENSAJE: 
2023/10/27 08:43:29.225 - MENSAJE: (FrontEnd Antes CapturaPlaca)
2023/10/27 08:43:29.236 - MENSAJE: (FrontEnd Antes CapturaPlaca) ------
2023/10/27 08:43:29.237 - MENSAJE: 
2023/10/27 08:43:29.237 - MENSAJE: 
2023/10/27 08:43:29.248 - MENSAJE: 
2023/10/27 08:43:30.236 - MENSAJE: (FrontEnd Antes CapturaPlaca)
2023/10/27 08:43:30.249 - MENSAJE: (FrontEnd Antes CapturaPlaca) ------
2023/10/27 08:43:30.250 - MENSAJE: 
2023/10/27 08:43:30.251 - MENSAJE: 
2023/10/27 08:43:30.261 - MENSAJE: 
2023/10/27 08:43:31.238 - MENSAJE: (FrontEnd Antes CapturaPlaca)
2023/10/27 08:43:31.259 - MENSAJE: (FrontEnd Antes CapturaPlaca) ------
2023/10/27 08:43:31.260 - MENSAJE: 
2023/10/27 08:43:31.260 - MENSAJE: 
2023/10/27 08:43:31.270 - MENSAJE: 
2023/10/27 08:43:32.251 - MENSAJE: (FrontEnd Antes CapturaPlaca)
2023/10/27 08:43:32.264 - MENSAJE: (FrontEnd Antes CapturaPlaca) ------
2023/10/27 08:43:32.265 - MENSAJE: 
2023/10/27 08:43:32.265 - MENSAJE: 
2023/10/27 08:43:32.276 - MENSAJE: 
2023/10/27 08:43:33.221 - MENSAJE: (FrontEnd Antes CapturaPlaca)
2023/10/27 08:43:33.234 - MENSAJE: (FrontEnd Antes CapturaPlaca) ------
2023/10/27 08:43:33.236 - MENSAJE: 
2023/10/27 08:43:33.236 - MENSAJE: 
2023/10/27 08:43:33.246 - MENSAJE: 
2023/10/27 08:43:34.215 - MENSAJE: (FrontEnd Antes CapturaPlaca)
2023/10/27 08:43:34.229 - MENSAJE: (FrontEnd Antes CapturaPlaca) ------
2023/10/27 08:43:34.230 - MENSAJE: 
2023/10/27 08:43:34.230 - MENSAJE: 
2023/10/27 08:43:34.241 - MENSAJE: 
2023/10/27 08:43:35.216 - MENSAJE: (FrontEnd Antes CapturaPlaca)
2023/10/27 08:43:35.230 - MENSAJE: (FrontEnd Antes CapturaPlaca) ------
2023/10/27 08:43:35.232 - MENSAJE: 
2023/10/27 08:43:35.232 - MENSAJE: 
2023/10/27 08:43:35.243 - MENSAJE: 
2023/10/27 08:43:36.219 - MENSAJE: (FrontEnd Antes CapturaPlaca)
2023/10/27 08:43:36.232 - MENSAJE: (FrontEnd Antes CapturaPlaca) ------
2023/10/27 08:43:36.234 - MENSAJE: 
2023/10/27 08:43:36.234 - MENSAJE: 
2023/10/27 08:43:36.244 - MENSAJE: 
2023/10/27 08:43:37.223 - MENSAJE: (FrontEnd Antes CapturaPlaca)
2023/10/27 08:43:37.238 - MENSAJE: (FrontEnd Antes CapturaPlaca) ------
2023/10/27 08:43:37.240 - MENSAJE: 
2023/10/27 08:43:37.240 - MENSAJE: 
2023/10/27 08:43:37.251 - MENSAJE: 
2023/10/27 08:43:38.215 - MENSAJE: (FrontEnd Antes CapturaPlaca)
2023/10/27 08:43:38.229 - MENSAJE: (FrontEnd Antes CapturaPlaca) ------
2023/10/27 08:43:38.230 - MENSAJE: 
2023/10/27 08:43:38.230 - MENSAJE: 
2023/10/27 08:43:38.241 - MENSAJE: 
2023/10/27 08:43:39.223 - MENSAJE: (FrontEnd Antes CapturaPlaca)
2023/10/27 08:43:39.238 - MENSAJE: (FrontEnd Antes CapturaPlaca) ------
2023/10/27 08:43:39.239 - MENSAJE: 
2023/10/27 08:43:39.239 - MENSAJE: 
2023/10/27 08:43:39.250 - MENSAJE: 
2023/10/27 08:43:39.269 - MENSAJE: oAutorizado.PlacaAuto : ------
2023/10/27 08:43:39.357 - MENSAJE: 
2023/10/27 08:43:39.357 - MENSAJE: 
2023/10/27 08:43:40.215 - MENSAJE: 
2023/10/27 08:43:40.216 - MENSAJE: 
2023/10/27 08:43:41.221 - MENSAJE: 
2023/10/27 08:43:41.222 - MENSAJE: 
2023/10/27 08:43:42.219 - MENSAJE: 
2023/10/27 08:43:42.220 - MENSAJE: 
2023/10/27 08:43:43.218 - MENSAJE: 
2023/10/27 08:43:43.219 - MENSAJE: 
2023/10/27 08:43:44.223 - MENSAJE: 
2023/10/27 08:43:44.224 - MENSAJE: 
2023/10/27 08:43:45.221 - MENSAJE: 
2023/10/27 08:43:45.222 - MENSAJE: 
2023/10/27 08:43:46.215 - MENSAJE: 
2023/10/27 08:43:46.216 - MENSAJE: 
