2023/10/18 03:57:50.564 - INICIO REGISTRO
2023/10/18 03:57:50.638 - MENSAJE: (FrondEnd CargaRecursos): Carga Controles - OK
2023/10/18 03:57:50.769 - MENSAJE: (FrondEnd CargaImagenes): Carga Imagenes - OK
2023/10/18 03:58:08.793 - MENSAJE: (Presenter ObtenerInfoModulo) OK
2023/10/18 03:58:09.470 - MENSAJE: (Presenter ObtenerInfoPartes) OK
2023/10/18 03:58:09.554 - MENSAJE: (Presenter ObtenerInfoParametros) OK
2023/10/18 03:58:09.714 - MENSAJE: 
2023/10/18 04:24:20.281 - INICIO REGISTRO
2023/10/18 04:24:20.288 - MENSAJE: (FrondEnd CargaRecursos): Carga Controles - OK
2023/10/18 04:24:20.415 - MENSAJE: (FrondEnd CargaImagenes): Carga Imagenes - OK
2023/10/18 04:24:22.363 - MENSAJE: (Presenter ObtenerInfoModulo) OK
2023/10/18 04:24:22.403 - MENSAJE: (Presenter ObtenerInfoPartes) OK
2023/10/18 04:24:22.435 - MENSAJE: (Presenter ObtenerInfoParametros) OK
2023/10/18 04:24:22.662 - MENSAJE: 
2023/10/18 04:24:22.855 - MENSAJE: (PRESENTER) Error Borrado Varibales PLC
2023/10/18 04:24:22.927 - MENSAJE: 
2023/10/18 04:24:22.935 - MENSAJE: 
2023/10/18 04:24:22.937 - MENSAJE: 
2023/10/18 04:24:23.283 - MENSAJE: 
2023/10/18 04:24:23.286 - MENSAJE: 
2023/10/18 04:24:23.294 - MENSAJE: 
2023/10/18 04:24:24.296 - MENSAJE: 
2023/10/18 04:24:24.296 - MENSAJE: 
2023/10/18 04:24:24.307 - MENSAJE: 
2023/10/18 04:24:25.291 - MENSAJE: 
2023/10/18 04:24:25.291 - MENSAJE: 
2023/10/18 04:24:25.302 - MENSAJE: 
2023/10/18 04:24:26.315 - MENSAJE: 
2023/10/18 04:24:26.315 - MENSAJE: 
2023/10/18 04:24:26.326 - MENSAJE: 
2023/10/18 04:24:27.304 - MENSAJE: 
2023/10/18 04:24:27.307 - MENSAJE: 
2023/10/18 04:24:27.315 - MENSAJE: 
2023/10/18 04:24:28.302 - MENSAJE: 
2023/10/18 04:24:28.304 - MENSAJE: 
2023/10/18 04:24:28.313 - MENSAJE: 
2023/10/18 04:24:29.313 - MENSAJE: 
2023/10/18 04:24:29.313 - MENSAJE: 
2023/10/18 04:24:29.323 - MENSAJE: 
2023/10/18 04:24:30.310 - MENSAJE: 
2023/10/18 04:24:30.310 - MENSAJE: 
2023/10/18 04:24:30.320 - MENSAJE: 
2023/10/18 04:24:31.311 - MENSAJE: 
2023/10/18 04:24:31.311 - MENSAJE: 
2023/10/18 04:24:31.322 - MENSAJE: 
2023/10/18 04:24:32.314 - MENSAJE: 
2023/10/18 04:24:32.315 - MENSAJE: 
2023/10/18 04:24:32.325 - MENSAJE: 
2023/10/18 04:24:33.315 - MENSAJE: 
2023/10/18 04:24:33.315 - MENSAJE: 
2023/10/18 04:24:33.326 - MENSAJE: 
2023/10/18 04:24:34.319 - MENSAJE: 
2023/10/18 04:24:34.319 - MENSAJE: 
2023/10/18 04:24:34.330 - MENSAJE: 
2023/10/18 04:24:35.326 - MENSAJE: 
2023/10/18 04:24:35.326 - MENSAJE: 
2023/10/18 04:24:35.336 - MENSAJE: 
2023/10/18 04:24:36.317 - MENSAJE: 
2023/10/18 04:24:36.317 - MENSAJE: 
2023/10/18 04:24:36.328 - MENSAJE: 
2023/10/18 04:25:12.868 - MENSAJE: FrondEnd-Imprimir -> Funcion imprimir Ticket.
2023/10/18 04:26:02.424 - INICIO REGISTRO
2023/10/18 04:26:02.431 - MENSAJE: (FrondEnd CargaRecursos): Carga Controles - OK
2023/10/18 04:26:02.546 - MENSAJE: (FrondEnd CargaImagenes): Carga Imagenes - OK
2023/10/18 04:26:03.219 - MENSAJE: (Presenter ObtenerInfoModulo) OK
2023/10/18 04:26:03.244 - MENSAJE: (Presenter ObtenerInfoPartes) OK
2023/10/18 04:26:03.267 - MENSAJE: (Presenter ObtenerInfoParametros) OK
2023/10/18 04:26:03.314 - MENSAJE: 
2023/10/18 04:26:03.394 - MENSAJE: (PRESENTER) Error Borrado Varibales PLC
2023/10/18 04:26:31.719 - MENSAJE: FrondEnd-Imprimir -> Funcion imprimir Ticket.
2023/10/18 04:27:39.559 - INICIO REGISTRO
2023/10/18 04:27:39.566 - MENSAJE: (FrondEnd CargaRecursos): Carga Controles - OK
2023/10/18 04:27:39.683 - MENSAJE: (FrondEnd CargaImagenes): Carga Imagenes - OK
2023/10/18 04:27:40.335 - MENSAJE: (Presenter ObtenerInfoModulo) OK
2023/10/18 04:27:40.360 - MENSAJE: (Presenter ObtenerInfoPartes) OK
2023/10/18 04:27:40.380 - MENSAJE: (Presenter ObtenerInfoParametros) OK
2023/10/18 04:27:40.461 - MENSAJE: 
2023/10/18 04:27:40.549 - MENSAJE: (PRESENTER) Error Borrado Varibales PLC
2023/10/18 04:28:04.254 - MENSAJE: FrondEnd-Imprimir -> Funcion imprimir Ticket.
2023/10/18 04:28:48.410 - INICIO REGISTRO
2023/10/18 04:28:48.418 - MENSAJE: (FrondEnd CargaRecursos): Carga Controles - OK
2023/10/18 04:28:48.539 - MENSAJE: (FrondEnd CargaImagenes): Carga Imagenes - OK
2023/10/18 04:28:50.339 - MENSAJE: (Presenter ObtenerInfoModulo) OK
2023/10/18 04:28:50.381 - MENSAJE: (Presenter ObtenerInfoPartes) OK
2023/10/18 04:28:50.410 - MENSAJE: (Presenter ObtenerInfoParametros) OK
2023/10/18 04:28:50.440 - MENSAJE: 
2023/10/18 04:28:50.632 - MENSAJE: (PRESENTER) Error Borrado Varibales PLC
2023/10/18 04:29:14.750 - MENSAJE: FrondEnd-Imprimir -> Funcion imprimir Ticket.
2023/10/18 04:33:36.682 - INICIO REGISTRO
2023/10/18 04:33:36.690 - MENSAJE: (FrondEnd CargaRecursos): Carga Controles - OK
2023/10/18 04:33:36.810 - MENSAJE: (FrondEnd CargaImagenes): Carga Imagenes - OK
2023/10/18 04:33:37.456 - MENSAJE: (Presenter ObtenerInfoModulo) OK
2023/10/18 04:33:37.483 - MENSAJE: (Presenter ObtenerInfoPartes) OK
2023/10/18 04:33:37.504 - MENSAJE: (Presenter ObtenerInfoParametros) OK
2023/10/18 04:33:37.529 - MENSAJE: 
2023/10/18 04:33:37.612 - MENSAJE: (PRESENTER) Error Borrado Varibales PLC
2023/10/18 04:33:59.722 - MENSAJE: FrondEnd-Imprimir -> Funcion imprimir Ticket.
2023/10/18 04:39:04.950 - INICIO REGISTRO
2023/10/18 04:39:04.958 - MENSAJE: (FrondEnd CargaRecursos): Carga Controles - OK
2023/10/18 04:39:05.076 - MENSAJE: (FrondEnd CargaImagenes): Carga Imagenes - OK
2023/10/18 04:39:05.755 - MENSAJE: (Presenter ObtenerInfoModulo) OK
2023/10/18 04:39:05.782 - MENSAJE: (Presenter ObtenerInfoPartes) OK
2023/10/18 04:39:05.803 - MENSAJE: (Presenter ObtenerInfoParametros) OK
2023/10/18 04:39:05.829 - MENSAJE: 
2023/10/18 04:39:05.905 - MENSAJE: (PRESENTER) Error Borrado Varibales PLC
2023/10/18 04:39:29.158 - MENSAJE: FrondEnd-Imprimir -> Funcion imprimir Ticket.
2023/10/18 04:40:50.859 - MENSAJE: FrondEnd-Imprimir -> Funcion imprimir Ticket.
2023/10/18 04:54:13.448 - INICIO REGISTRO
2023/10/18 04:54:13.456 - MENSAJE: (FrondEnd CargaRecursos): Carga Controles - OK
2023/10/18 04:54:13.575 - MENSAJE: (FrondEnd CargaImagenes): Carga Imagenes - OK
2023/10/18 04:54:14.237 - MENSAJE: (Presenter ObtenerInfoModulo) OK
2023/10/18 04:54:14.264 - MENSAJE: (Presenter ObtenerInfoPartes) OK
2023/10/18 04:54:14.283 - MENSAJE: (Presenter ObtenerInfoParametros) OK
2023/10/18 04:54:14.361 - MENSAJE: 
2023/10/18 04:54:14.453 - MENSAJE: (PRESENTER) Error Borrado Varibales PLC
2023/10/18 04:54:38.952 - MENSAJE: FrondEnd-Imprimir -> Funcion imprimir Ticket.
2023/10/18 04:54:49.747 - MENSAJE: 
2023/10/18 04:54:49.747 - MENSAJE: 
2023/10/18 04:54:57.386 - MENSAJE: 
2023/10/18 04:55:02.969 - MENSAJE: 
2023/10/18 04:55:02.970 - MENSAJE: 
2023/10/18 04:55:03.459 - MENSAJE: 
2023/10/18 04:55:04.460 - MENSAJE: 
2023/10/18 04:55:05.461 - MENSAJE: 
2023/10/18 04:55:06.461 - MENSAJE: 
2023/10/18 04:55:07.460 - MENSAJE: 
2023/10/18 04:55:08.461 - MENSAJE: 
2023/10/18 04:55:09.462 - MENSAJE: 
2023/10/18 04:55:10.461 - MENSAJE: 
2023/10/18 04:55:11.462 - MENSAJE: 
2023/10/18 04:55:12.460 - MENSAJE: 
2023/10/18 04:55:13.463 - MENSAJE: 
2023/10/18 04:55:14.462 - MENSAJE: 
2023/10/18 04:55:15.292 - MENSAJE: 
2023/10/18 04:55:15.298 - MENSAJE: 
2023/10/18 04:55:15.462 - MENSAJE: 
2023/10/18 04:55:15.462 - MENSAJE: 
2023/10/18 04:55:15.473 - MENSAJE: 
2023/10/18 04:55:16.462 - MENSAJE: 
2023/10/18 04:55:16.462 - MENSAJE: 
2023/10/18 04:55:16.473 - MENSAJE: 
2023/10/18 04:55:17.464 - MENSAJE: 
2023/10/18 04:55:17.464 - MENSAJE: 
2023/10/18 04:55:17.475 - MENSAJE: 
2023/10/18 04:55:18.464 - MENSAJE: 
2023/10/18 04:55:18.464 - MENSAJE: 
2023/10/18 04:55:18.474 - MENSAJE: 
2023/10/18 04:55:19.455 - MENSAJE: 
2023/10/18 04:55:19.455 - MENSAJE: 
2023/10/18 04:55:19.466 - MENSAJE: 
2023/10/18 04:55:20.459 - MENSAJE: 
2023/10/18 04:55:20.459 - MENSAJE: 
2023/10/18 04:55:20.470 - MENSAJE: 
2023/10/18 04:55:21.463 - MENSAJE: 
2023/10/18 04:55:21.463 - MENSAJE: 
2023/10/18 04:55:21.473 - MENSAJE: 
2023/10/18 04:55:22.464 - MENSAJE: 
2023/10/18 04:55:22.464 - MENSAJE: 
2023/10/18 04:55:22.475 - MENSAJE: 
2023/10/18 04:55:23.462 - MENSAJE: 
2023/10/18 04:55:23.462 - MENSAJE: 
2023/10/18 04:55:23.473 - MENSAJE: 
2023/10/18 04:55:24.454 - MENSAJE: 
2023/10/18 04:55:24.454 - MENSAJE: 
2023/10/18 04:55:24.465 - MENSAJE: 
2023/10/18 04:55:25.456 - MENSAJE: 
2023/10/18 04:55:25.456 - MENSAJE: 
2023/10/18 04:55:25.466 - MENSAJE: 
2023/10/18 04:55:26.463 - MENSAJE: 
2023/10/18 04:55:26.463 - MENSAJE: 
2023/10/18 04:55:26.480 - MENSAJE: 
2023/10/18 04:55:27.455 - MENSAJE: 
2023/10/18 04:55:27.455 - MENSAJE: 
2023/10/18 04:55:27.466 - MENSAJE: 
2023/10/18 04:55:28.457 - MENSAJE: 
2023/10/18 04:55:28.457 - MENSAJE: 
2023/10/18 04:55:28.468 - MENSAJE: 
2023/10/18 04:55:29.456 - MENSAJE: 
2023/10/18 04:55:29.457 - MENSAJE: 
2023/10/18 04:55:29.468 - MENSAJE: 
2023/10/18 04:55:30.456 - MENSAJE: 
2023/10/18 04:55:30.456 - MENSAJE: 
2023/10/18 04:55:30.467 - MENSAJE: 
2023/10/18 04:55:31.459 - MENSAJE: 
2023/10/18 04:55:31.460 - MENSAJE: 
2023/10/18 04:55:31.470 - MENSAJE: 
2023/10/18 04:55:32.454 - MENSAJE: 
2023/10/18 04:55:32.454 - MENSAJE: 
2023/10/18 04:55:32.465 - MENSAJE: 
2023/10/18 04:55:33.455 - MENSAJE: 
2023/10/18 04:55:33.456 - MENSAJE: 
2023/10/18 04:55:33.466 - MENSAJE: 
2023/10/18 04:55:34.456 - MENSAJE: 
2023/10/18 04:55:34.456 - MENSAJE: 
2023/10/18 04:55:34.467 - MENSAJE: 
2023/10/18 04:55:35.456 - MENSAJE: 
2023/10/18 04:55:35.456 - MENSAJE: 
2023/10/18 04:55:35.467 - MENSAJE: 
2023/10/18 04:55:36.457 - MENSAJE: 
2023/10/18 04:55:36.457 - MENSAJE: 
2023/10/18 04:55:36.468 - MENSAJE: 
2023/10/18 04:55:37.459 - MENSAJE: 
2023/10/18 04:55:37.459 - MENSAJE: 
2023/10/18 04:55:37.471 - MENSAJE: 
2023/10/18 04:55:38.460 - MENSAJE: 
2023/10/18 04:55:38.461 - MENSAJE: 
2023/10/18 04:55:38.472 - MENSAJE: 
2023/10/18 04:55:39.457 - MENSAJE: 
2023/10/18 04:55:39.457 - MENSAJE: 
2023/10/18 04:55:39.468 - MENSAJE: 
2023/10/18 04:55:40.461 - MENSAJE: 
2023/10/18 04:55:40.461 - MENSAJE: 
2023/10/18 04:55:40.472 - MENSAJE: 
2023/10/18 04:55:41.458 - MENSAJE: 
2023/10/18 04:55:41.458 - MENSAJE: 
2023/10/18 04:55:41.468 - MENSAJE: 
2023/10/18 04:55:42.464 - MENSAJE: 
2023/10/18 04:55:42.464 - MENSAJE: 
2023/10/18 04:55:42.474 - MENSAJE: 
2023/10/18 04:55:43.464 - MENSAJE: 
2023/10/18 04:55:43.464 - MENSAJE: 
2023/10/18 04:55:43.475 - MENSAJE: 
2023/10/18 04:55:44.459 - MENSAJE: 
2023/10/18 04:55:44.460 - MENSAJE: 
2023/10/18 04:55:44.470 - MENSAJE: 
2023/10/18 04:55:45.462 - MENSAJE: 
2023/10/18 04:55:45.462 - MENSAJE: 
2023/10/18 04:55:45.472 - MENSAJE: 
2023/10/18 04:55:46.456 - MENSAJE: 
2023/10/18 04:55:46.456 - MENSAJE: 
2023/10/18 04:55:46.467 - MENSAJE: 
2023/10/18 04:55:47.461 - MENSAJE: 
2023/10/18 04:55:47.461 - MENSAJE: 
2023/10/18 04:55:47.472 - MENSAJE: 
2023/10/18 04:55:48.463 - MENSAJE: 
2023/10/18 04:55:48.463 - MENSAJE: 
2023/10/18 04:55:48.474 - MENSAJE: 
2023/10/18 04:55:49.455 - MENSAJE: 
2023/10/18 04:55:49.455 - MENSAJE: 
2023/10/18 04:55:49.465 - MENSAJE: 
2023/10/18 04:55:50.459 - MENSAJE: 
2023/10/18 04:55:50.460 - MENSAJE: 
2023/10/18 04:55:50.470 - MENSAJE: 
2023/10/18 04:55:51.458 - MENSAJE: 
2023/10/18 04:55:51.458 - MENSAJE: 
2023/10/18 04:55:51.469 - MENSAJE: 
2023/10/18 04:55:52.455 - MENSAJE: 
2023/10/18 04:55:52.455 - MENSAJE: 
2023/10/18 04:55:52.466 - MENSAJE: 
2023/10/18 04:55:53.459 - MENSAJE: 
2023/10/18 04:55:53.459 - MENSAJE: 
2023/10/18 04:55:53.470 - MENSAJE: 
2023/10/18 04:55:54.455 - MENSAJE: 
2023/10/18 04:55:54.456 - MENSAJE: 
2023/10/18 04:55:54.466 - MENSAJE: 
2023/10/18 04:55:55.458 - MENSAJE: 
2023/10/18 04:55:55.458 - MENSAJE: 
2023/10/18 04:55:55.469 - MENSAJE: 
2023/10/18 04:55:56.463 - MENSAJE: 
2023/10/18 04:55:56.463 - MENSAJE: 
2023/10/18 04:55:56.474 - MENSAJE: 
2023/10/18 04:55:57.456 - MENSAJE: 
2023/10/18 04:55:57.456 - MENSAJE: 
2023/10/18 04:55:57.467 - MENSAJE: 
2023/10/18 04:55:58.463 - MENSAJE: 
2023/10/18 04:55:58.463 - MENSAJE: 
2023/10/18 04:55:58.474 - MENSAJE: 
2023/10/18 04:55:59.459 - MENSAJE: 
2023/10/18 04:55:59.459 - MENSAJE: 
2023/10/18 04:55:59.470 - MENSAJE: 
2023/10/18 04:56:00.460 - MENSAJE: 
2023/10/18 04:56:00.460 - MENSAJE: 
2023/10/18 04:56:00.470 - MENSAJE: 
2023/10/18 04:56:01.461 - MENSAJE: 
2023/10/18 04:56:01.461 - MENSAJE: 
2023/10/18 04:56:01.472 - MENSAJE: 
2023/10/18 04:56:02.455 - MENSAJE: 
2023/10/18 04:56:02.455 - MENSAJE: 
2023/10/18 04:56:02.466 - MENSAJE: 
2023/10/18 04:56:03.464 - MENSAJE: 
2023/10/18 04:56:03.464 - MENSAJE: 
2023/10/18 04:56:03.475 - MENSAJE: 
2023/10/18 04:56:04.460 - MENSAJE: 
2023/10/18 04:56:04.460 - MENSAJE: 
2023/10/18 04:56:04.471 - MENSAJE: 
2023/10/18 04:56:05.461 - MENSAJE: 
2023/10/18 04:56:05.461 - MENSAJE: 
2023/10/18 04:56:05.471 - MENSAJE: 
2023/10/18 04:56:06.464 - MENSAJE: 
2023/10/18 04:56:06.464 - MENSAJE: 
2023/10/18 04:56:06.475 - MENSAJE: 
2023/10/18 04:56:07.455 - MENSAJE: 
2023/10/18 04:56:07.455 - MENSAJE: 
2023/10/18 04:56:07.466 - MENSAJE: 
2023/10/18 04:56:08.460 - MENSAJE: 
2023/10/18 04:56:08.461 - MENSAJE: 
2023/10/18 04:56:08.471 - MENSAJE: 
2023/10/18 04:56:09.455 - MENSAJE: 
2023/10/18 04:56:09.455 - MENSAJE: 
2023/10/18 04:56:09.471 - MENSAJE: 
2023/10/18 04:56:10.454 - MENSAJE: 
2023/10/18 04:56:10.455 - MENSAJE: 
2023/10/18 04:56:10.465 - MENSAJE: 
2023/10/18 04:56:11.456 - MENSAJE: 
2023/10/18 04:56:11.456 - MENSAJE: 
2023/10/18 04:56:11.466 - MENSAJE: 
2023/10/18 04:56:12.454 - MENSAJE: 
2023/10/18 04:56:12.455 - MENSAJE: 
2023/10/18 04:56:12.466 - MENSAJE: 
2023/10/18 04:56:13.455 - MENSAJE: 
2023/10/18 04:56:13.456 - MENSAJE: 
2023/10/18 04:56:13.467 - MENSAJE: 
2023/10/18 04:56:14.455 - MENSAJE: 
2023/10/18 04:56:14.456 - MENSAJE: 
2023/10/18 04:56:14.466 - MENSAJE: 
2023/10/18 04:56:15.456 - MENSAJE: 
2023/10/18 04:56:15.456 - MENSAJE: 
2023/10/18 04:56:15.466 - MENSAJE: 
2023/10/18 04:56:16.456 - MENSAJE: 
2023/10/18 04:56:16.456 - MENSAJE: 
2023/10/18 04:56:16.467 - MENSAJE: 
2023/10/18 04:56:17.455 - MENSAJE: 
2023/10/18 04:56:17.455 - MENSAJE: 
2023/10/18 04:56:17.466 - MENSAJE: 
2023/10/18 04:56:18.454 - MENSAJE: 
2023/10/18 04:56:18.454 - MENSAJE: 
2023/10/18 04:56:18.465 - MENSAJE: 
2023/10/18 04:56:19.456 - MENSAJE: 
2023/10/18 04:56:19.456 - MENSAJE: 
2023/10/18 04:56:19.467 - MENSAJE: 
2023/10/18 04:56:20.457 - MENSAJE: 
2023/10/18 04:56:20.457 - MENSAJE: 
2023/10/18 04:56:20.468 - MENSAJE: 
2023/10/18 04:56:21.457 - MENSAJE: 
2023/10/18 04:56:21.457 - MENSAJE: 
2023/10/18 04:56:21.468 - MENSAJE: 
2023/10/18 04:56:22.457 - MENSAJE: 
2023/10/18 04:56:22.457 - MENSAJE: 
2023/10/18 04:56:22.467 - MENSAJE: 
2023/10/18 04:56:23.458 - MENSAJE: 
2023/10/18 04:56:23.471 - MENSAJE: 
2023/10/18 04:56:23.475 - MENSAJE: 
2023/10/18 04:56:24.458 - MENSAJE: 
2023/10/18 04:56:24.458 - MENSAJE: 
2023/10/18 04:56:24.472 - MENSAJE: 
2023/10/18 04:56:35.161 - INICIO REGISTRO
2023/10/18 04:56:35.168 - MENSAJE: (FrondEnd CargaRecursos): Carga Controles - OK
2023/10/18 04:56:35.287 - MENSAJE: (FrondEnd CargaImagenes): Carga Imagenes - OK
2023/10/18 04:56:35.945 - MENSAJE: (Presenter ObtenerInfoModulo) OK
2023/10/18 04:56:35.971 - MENSAJE: (Presenter ObtenerInfoPartes) OK
2023/10/18 04:56:35.993 - MENSAJE: (Presenter ObtenerInfoParametros) OK
2023/10/18 04:56:36.018 - MENSAJE: 
2023/10/18 04:56:36.097 - MENSAJE: (PRESENTER) Error Borrado Varibales PLC
2023/10/18 04:56:36.175 - MENSAJE: 
2023/10/18 04:56:36.185 - MENSAJE: 
2023/10/18 04:56:36.192 - MENSAJE: 
2023/10/18 04:56:37.163 - MENSAJE: 
2023/10/18 04:56:37.163 - MENSAJE: 
2023/10/18 04:56:37.174 - MENSAJE: 
2023/10/18 04:56:38.159 - MENSAJE: 
2023/10/18 04:56:38.159 - MENSAJE: 
2023/10/18 04:56:38.172 - MENSAJE: 
2023/10/18 04:56:59.028 - MENSAJE: FrondEnd-Imprimir -> Funcion imprimir Ticket.
2023/10/18 04:57:07.554 - MENSAJE: 
2023/10/18 04:57:07.555 - MENSAJE: 
2023/10/18 04:57:07.571 - MENSAJE: 
2023/10/18 04:57:07.613 - MENSAJE: 
2023/10/18 04:57:07.615 - MENSAJE: 
2023/10/18 04:57:07.623 - MENSAJE: 
2023/10/18 04:57:08.159 - MENSAJE: 
2023/10/18 04:57:08.160 - MENSAJE: 
2023/10/18 04:57:08.170 - MENSAJE: 
2023/10/18 04:57:09.165 - MENSAJE: 
2023/10/18 04:57:09.165 - MENSAJE: 
2023/10/18 04:57:09.177 - MENSAJE: 
2023/10/18 04:57:10.160 - MENSAJE: 
2023/10/18 04:57:10.160 - MENSAJE: 
2023/10/18 04:57:10.171 - MENSAJE: 
2023/10/18 04:57:11.157 - MENSAJE: 
2023/10/18 04:57:11.157 - MENSAJE: 
2023/10/18 04:57:11.168 - MENSAJE: 
2023/10/18 04:57:12.159 - MENSAJE: 
2023/10/18 04:57:12.159 - MENSAJE: 
2023/10/18 04:57:12.170 - MENSAJE: 
2023/10/18 04:57:13.163 - MENSAJE: 
2023/10/18 04:57:13.163 - MENSAJE: 
2023/10/18 04:57:13.173 - MENSAJE: 
2023/10/18 04:57:14.160 - MENSAJE: 
2023/10/18 04:57:14.160 - MENSAJE: 
2023/10/18 04:57:14.171 - MENSAJE: 
2023/10/18 04:57:15.341 - MENSAJE: 
2023/10/18 04:57:15.341 - MENSAJE: 
2023/10/18 04:57:15.387 - MENSAJE: 
2023/10/18 04:57:16.163 - MENSAJE: 
2023/10/18 04:57:17.158 - MENSAJE: 
2023/10/18 04:57:18.162 - MENSAJE: 
2023/10/18 04:57:19.167 - MENSAJE: 
2023/10/18 04:57:20.158 - MENSAJE: 
2023/10/18 04:57:21.162 - MENSAJE: 
2023/10/18 04:57:22.168 - MENSAJE: 
2023/10/18 04:57:23.166 - MENSAJE: 
2023/10/18 04:57:24.166 - MENSAJE: 
2023/10/18 04:57:25.159 - MENSAJE: 
2023/10/18 04:57:26.164 - MENSAJE: 
2023/10/18 04:57:27.163 - MENSAJE: 
2023/10/18 04:57:28.158 - MENSAJE: 
2023/10/18 04:57:29.164 - MENSAJE: 
2023/10/18 05:04:53.536 - INICIO REGISTRO
2023/10/18 05:04:53.543 - MENSAJE: (FrondEnd CargaRecursos): Carga Controles - OK
2023/10/18 05:04:53.659 - MENSAJE: (FrondEnd CargaImagenes): Carga Imagenes - OK
2023/10/18 05:04:54.307 - MENSAJE: (Presenter ObtenerInfoModulo) OK
2023/10/18 05:04:54.339 - MENSAJE: (Presenter ObtenerInfoPartes) OK
2023/10/18 05:04:54.360 - MENSAJE: (Presenter ObtenerInfoParametros) OK
2023/10/18 05:04:54.478 - MENSAJE: 
2023/10/18 05:04:54.570 - MENSAJE: (PRESENTER) Error Borrado Varibales PLC
2023/10/18 05:04:54.639 - MENSAJE: 
2023/10/18 05:04:54.649 - MENSAJE: 
2023/10/18 05:04:54.651 - MENSAJE: 
2023/10/18 05:04:55.534 - MENSAJE: 
2023/10/18 05:04:55.534 - MENSAJE: 
2023/10/18 05:04:55.545 - MENSAJE: 
2023/10/18 05:04:56.536 - MENSAJE: 
2023/10/18 05:04:56.536 - MENSAJE: 
2023/10/18 05:04:56.547 - MENSAJE: 
2023/10/18 05:04:57.537 - MENSAJE: 
2023/10/18 05:04:57.539 - MENSAJE: 
2023/10/18 05:04:57.547 - MENSAJE: 
2023/10/18 05:04:58.556 - MENSAJE: 
2023/10/18 05:04:58.557 - MENSAJE: 
2023/10/18 05:04:58.567 - MENSAJE: 
2023/10/18 05:04:59.561 - MENSAJE: 
2023/10/18 05:04:59.561 - MENSAJE: 
2023/10/18 05:04:59.572 - MENSAJE: 
2023/10/18 05:05:00.568 - MENSAJE: 
2023/10/18 05:05:00.568 - MENSAJE: 
2023/10/18 05:05:00.579 - MENSAJE: 
2023/10/18 05:05:01.536 - MENSAJE: 
2023/10/18 05:05:01.536 - MENSAJE: 
2023/10/18 05:05:01.547 - MENSAJE: 
2023/10/18 05:05:22.915 - MENSAJE: FrondEnd-Imprimir -> Funcion imprimir Ticket.
2023/10/18 05:06:33.015 - INICIO REGISTRO
2023/10/18 05:06:33.022 - MENSAJE: (FrondEnd CargaRecursos): Carga Controles - OK
2023/10/18 05:06:33.141 - MENSAJE: (FrondEnd CargaImagenes): Carga Imagenes - OK
2023/10/18 05:06:33.807 - MENSAJE: (Presenter ObtenerInfoModulo) OK
2023/10/18 05:06:33.837 - MENSAJE: (Presenter ObtenerInfoPartes) OK
2023/10/18 05:06:33.859 - MENSAJE: (Presenter ObtenerInfoParametros) OK
2023/10/18 05:06:33.885 - MENSAJE: 
2023/10/18 05:06:33.962 - MENSAJE: (PRESENTER) Error Borrado Varibales PLC
2023/10/18 05:06:55.271 - MENSAJE: FrondEnd-Imprimir -> Funcion imprimir Ticket.
2023/10/18 05:08:00.549 - INICIO REGISTRO
2023/10/18 05:08:00.556 - MENSAJE: (FrondEnd CargaRecursos): Carga Controles - OK
2023/10/18 05:08:00.679 - MENSAJE: (FrondEnd CargaImagenes): Carga Imagenes - OK
2023/10/18 05:08:01.376 - MENSAJE: (Presenter ObtenerInfoModulo) OK
2023/10/18 05:08:01.403 - MENSAJE: (Presenter ObtenerInfoPartes) OK
2023/10/18 05:08:01.423 - MENSAJE: (Presenter ObtenerInfoParametros) OK
2023/10/18 05:08:01.448 - MENSAJE: 
2023/10/18 05:08:01.525 - MENSAJE: (PRESENTER) Error Borrado Varibales PLC
2023/10/18 05:08:20.588 - MENSAJE: FrondEnd-Imprimir -> Funcion imprimir Ticket.
2023/10/18 05:13:14.034 - INICIO REGISTRO
2023/10/18 05:13:14.042 - MENSAJE: (FrondEnd CargaRecursos): Carga Controles - OK
2023/10/18 05:13:14.169 - MENSAJE: (FrondEnd CargaImagenes): Carga Imagenes - OK
2023/10/18 05:13:15.654 - MENSAJE: (Presenter ObtenerInfoModulo) OK
2023/10/18 05:13:15.699 - MENSAJE: (Presenter ObtenerInfoPartes) OK
2023/10/18 05:13:15.737 - MENSAJE: (Presenter ObtenerInfoParametros) OK
2023/10/18 05:13:15.791 - MENSAJE: 
2023/10/18 05:13:15.878 - MENSAJE: (PRESENTER) Error Borrado Varibales PLC
2023/10/18 05:13:15.962 - MENSAJE: 
2023/10/18 05:13:15.964 - MENSAJE: 
2023/10/18 05:13:15.967 - MENSAJE: 
2023/10/18 05:13:16.050 - MENSAJE: 
2023/10/18 05:13:16.051 - MENSAJE: 
2023/10/18 05:13:16.061 - MENSAJE: 
2023/10/18 05:13:17.061 - MENSAJE: 
2023/10/18 05:13:17.061 - MENSAJE: 
2023/10/18 05:13:17.072 - MENSAJE: 
2023/10/18 05:13:18.038 - MENSAJE: 
2023/10/18 05:13:18.038 - MENSAJE: 
2023/10/18 05:13:18.048 - MENSAJE: 
2023/10/18 05:13:19.040 - MENSAJE: 
2023/10/18 05:13:19.040 - MENSAJE: 
2023/10/18 05:13:19.051 - MENSAJE: 
2023/10/18 05:13:20.038 - MENSAJE: 
2023/10/18 05:13:20.038 - MENSAJE: 
2023/10/18 05:13:20.048 - MENSAJE: 
2023/10/18 05:13:21.035 - MENSAJE: 
2023/10/18 05:13:21.035 - MENSAJE: 
2023/10/18 05:13:21.045 - MENSAJE: 
2023/10/18 05:13:22.038 - MENSAJE: 
2023/10/18 05:13:22.038 - MENSAJE: 
2023/10/18 05:13:22.049 - MENSAJE: 
2023/10/18 05:13:23.609 - MENSAJE: 
2023/10/18 05:13:23.610 - MENSAJE: 
2023/10/18 05:13:23.618 - MENSAJE: 
2023/10/18 05:13:24.040 - MENSAJE: 
2023/10/18 05:13:24.040 - MENSAJE: 
2023/10/18 05:13:24.051 - MENSAJE: 
2023/10/18 05:13:25.036 - MENSAJE: 
2023/10/18 05:13:25.036 - MENSAJE: 
2023/10/18 05:13:25.047 - MENSAJE: 
2023/10/18 05:13:26.042 - MENSAJE: 
2023/10/18 05:13:26.042 - MENSAJE: 
2023/10/18 05:13:26.053 - MENSAJE: 
2023/10/18 05:13:27.065 - MENSAJE: 
2023/10/18 05:13:27.065 - MENSAJE: 
2023/10/18 05:13:27.075 - MENSAJE: 
2023/10/18 05:13:28.043 - MENSAJE: 
2023/10/18 05:13:28.043 - MENSAJE: 
2023/10/18 05:13:28.055 - MENSAJE: 
2023/10/18 05:13:49.385 - MENSAJE: FrondEnd-Imprimir -> Funcion imprimir Ticket.
