2019/11/05 06:43:49.542 - INICIO REGISTRO
2019/11/05 06:43:55.040 - MENSAJE: (FrondEnd CargaRecursos): Carga Controles - OK
2019/11/05 06:43:56.253 - MENSAJE: (FrondEnd CargaImagenes): Carga Imagenes - OK
2019/11/05 06:44:02.900 - MENSAJE: (Presenter ObtenerInfoModulo) Sistema Suspendido - Info Modulo Error
2019/11/05 06:44:03.982 - MENSAJE: Error_AlistarTarjeta
2019/11/05 06:44:04.208 - MENSAJE: Error_AlistarTarjeta
2019/11/05 06:44:05.237 - MENSAJE: Error_AlistarTarjeta
2019/11/05 06:44:06.213 - MENSAJE: Error_AlistarTarjeta
2019/11/05 06:44:07.231 - MENSAJE: Error_AlistarTarjeta
2019/11/05 06:44:08.218 - MENSAJE: Error_AlistarTarjeta
2019/11/05 06:44:09.208 - MENSAJE: Error_AlistarTarjeta
2019/11/05 06:44:10.209 - MENSAJE: Error_AlistarTarjeta
2019/11/05 06:44:11.216 - MENSAJE: Error_AlistarTarjeta
2019/11/05 06:44:12.196 - MENSAJE: Error_AlistarTarjeta
2019/11/05 06:44:13.200 - MENSAJE: Error_AlistarTarjeta
2019/11/05 06:44:14.193 - MENSAJE: Error_AlistarTarjeta
2019/11/05 06:44:15.200 - MENSAJE: Error_AlistarTarjeta
2019/11/05 06:44:16.235 - MENSAJE: Error_AlistarTarjeta
2019/11/05 06:44:17.221 - MENSAJE: Error_AlistarTarjeta
2019/11/05 06:44:18.212 - MENSAJE: Error_AlistarTarjeta
2019/11/05 06:44:19.209 - MENSAJE: Error_AlistarTarjeta
2019/11/05 06:44:20.197 - MENSAJE: Error_AlistarTarjeta
2019/11/05 06:44:21.223 - MENSAJE: Error_AlistarTarjeta
2019/11/05 06:44:22.220 - MENSAJE: Error_AlistarTarjeta
2019/11/05 06:44:23.208 - MENSAJE: Error_AlistarTarjeta
2019/11/05 06:44:24.212 - MENSAJE: Error_AlistarTarjeta
2019/11/05 06:44:25.228 - MENSAJE: Error_AlistarTarjeta
2019/11/05 06:44:26.190 - MENSAJE: Error_AlistarTarjeta
2019/11/05 06:44:27.199 - MENSAJE: Error_AlistarTarjeta
2019/11/05 06:44:28.204 - MENSAJE: Error_AlistarTarjeta
2019/11/05 06:44:29.212 - MENSAJE: Error_AlistarTarjeta
2019/11/05 06:44:30.182 - MENSAJE: Error_AlistarTarjeta
2019/11/05 06:44:31.239 - MENSAJE: Error_AlistarTarjeta
2019/11/05 06:44:32.206 - MENSAJE: Error_AlistarTarjeta
2019/11/05 06:44:33.197 - MENSAJE: Error_AlistarTarjeta
2019/11/05 06:44:34.219 - MENSAJE: Error_AlistarTarjeta
2019/11/05 06:44:35.208 - MENSAJE: Error_AlistarTarjeta
2019/11/05 06:44:36.209 - MENSAJE: Error_AlistarTarjeta
2019/11/05 06:44:37.217 - MENSAJE: Error_AlistarTarjeta
2019/11/05 06:44:38.184 - MENSAJE: Error_AlistarTarjeta
2019/11/05 06:44:47.782 - INICIO REGISTRO
2019/11/05 06:44:50.683 - MENSAJE: (FrondEnd CargaRecursos): Carga Controles - OK
2019/11/05 06:44:52.297 - MENSAJE: (FrondEnd CargaImagenes): Carga Imagenes - OK
2019/11/05 06:44:57.712 - MENSAJE: (Presenter ObtenerInfoModulo) Sistema Suspendido - Info Modulo Error
2019/11/05 06:47:02.083 - INICIO REGISTRO
2019/11/05 06:47:05.790 - MENSAJE: (FrondEnd CargaRecursos): Carga Controles - OK
2019/11/05 06:47:07.492 - MENSAJE: (FrondEnd CargaImagenes): Carga Imagenes - OK
2019/11/05 06:47:15.042 - MENSAJE: (Presenter ObtenerInfoModulo) OK
2019/11/05 06:47:15.521 - MENSAJE: (Presenter ObtenerInfoPartes) OK
2019/11/05 06:47:15.758 - MENSAJE: (Presenter ObtenerInfoParametros) OK
2019/11/05 06:48:16.426 - MENSAJE: TestDispensador_ERROR
2019/11/05 06:48:17.198 - MENSAJE: Error_AlistarTarjeta
2019/11/05 06:48:18.018 - MENSAJE: Error_AlistarTarjeta
2019/11/05 06:48:18.974 - MENSAJE: Error_AlistarTarjeta
2019/11/05 06:48:19.959 - MENSAJE: Error_AlistarTarjeta
2019/11/05 06:49:00.331 - INICIO REGISTRO
2019/11/05 06:49:04.670 - MENSAJE: (FrondEnd CargaRecursos): Carga Controles - OK
2019/11/05 06:49:05.367 - MENSAJE: (FrondEnd CargaImagenes): Carga Imagenes - OK
2019/11/05 06:49:07.876 - MENSAJE: (Presenter ObtenerInfoModulo) OK
2019/11/05 06:49:08.094 - MENSAJE: (Presenter ObtenerInfoPartes) OK
2019/11/05 06:49:08.530 - MENSAJE: (Presenter ObtenerInfoParametros) OK
2019/11/05 06:54:07.967 - INICIO REGISTRO
2019/11/05 06:54:10.933 - MENSAJE: (FrondEnd CargaRecursos): Carga Controles - OK
2019/11/05 06:54:11.481 - MENSAJE: (FrondEnd CargaImagenes): Carga Imagenes - OK
2019/11/05 06:54:13.211 - MENSAJE: (Presenter ObtenerInfoModulo) OK
2019/11/05 06:54:13.594 - MENSAJE: (Presenter ObtenerInfoPartes) OK
2019/11/05 06:54:13.767 - MENSAJE: (Presenter ObtenerInfoParametros) OK
2019/11/05 06:54:42.051 - INICIO REGISTRO
2019/11/05 06:54:44.195 - MENSAJE: (FrondEnd CargaRecursos): Carga Controles - OK
2019/11/05 06:54:44.757 - MENSAJE: (FrondEnd CargaImagenes): Carga Imagenes - OK
2019/11/05 06:54:46.062 - MENSAJE: (Presenter ObtenerInfoModulo) OK
2019/11/05 06:54:46.305 - MENSAJE: (Presenter ObtenerInfoPartes) OK
2019/11/05 06:54:46.851 - MENSAJE: (Presenter ObtenerInfoParametros) OK
2019/11/05 06:56:47.853 - INICIO REGISTRO
2019/11/05 06:56:51.912 - MENSAJE: (FrondEnd CargaRecursos): Carga Controles - OK
2019/11/05 06:56:52.420 - MENSAJE: (FrondEnd CargaImagenes): Carga Imagenes - OK
2019/11/05 06:56:53.632 - MENSAJE: (Presenter ObtenerInfoModulo) OK
2019/11/05 06:56:53.816 - MENSAJE: (Presenter ObtenerInfoPartes) OK
2019/11/05 06:56:54.055 - MENSAJE: (Presenter ObtenerInfoParametros) OK
2019/11/05 06:57:27.755 - INICIO REGISTRO
2019/11/05 06:57:29.597 - MENSAJE: (FrondEnd CargaRecursos): Carga Controles - OK
2019/11/05 06:57:30.355 - MENSAJE: (FrondEnd CargaImagenes): Carga Imagenes - OK
2019/11/05 06:57:32.250 - MENSAJE: (Presenter ObtenerInfoModulo) OK
2019/11/05 06:57:32.422 - MENSAJE: (Presenter ObtenerInfoPartes) OK
2019/11/05 06:57:32.592 - MENSAJE: (Presenter ObtenerInfoParametros) OK
2019/11/05 06:58:17.284 - INICIO REGISTRO
2019/11/05 06:58:18.819 - MENSAJE: (FrondEnd CargaRecursos): Carga Controles - OK
2019/11/05 06:58:19.425 - MENSAJE: (FrondEnd CargaImagenes): Carga Imagenes - OK
2019/11/05 06:58:21.772 - MENSAJE: (Presenter ObtenerInfoModulo) OK
2019/11/05 06:58:21.951 - MENSAJE: (Presenter ObtenerInfoPartes) OK
2019/11/05 06:58:22.097 - MENSAJE: (Presenter ObtenerInfoParametros) OK
2019/11/05 06:59:10.947 - INICIO REGISTRO
2019/11/05 06:59:13.218 - MENSAJE: (FrondEnd CargaRecursos): Carga Controles - OK
2019/11/05 06:59:13.747 - MENSAJE: (FrondEnd CargaImagenes): Carga Imagenes - OK
2019/11/05 06:59:15.560 - MENSAJE: (Presenter ObtenerInfoModulo) OK
2019/11/05 06:59:16.057 - MENSAJE: (Presenter ObtenerInfoPartes) OK
2019/11/05 06:59:16.288 - MENSAJE: (Presenter ObtenerInfoParametros) OK
2019/11/05 06:59:18.217 - MENSAJE: System.IO.IOException: El puerto 'COM1' no existe.
   en System.IO.Ports.InternalResources.WinIOError(Int32 errorCode, String str)
   en System.IO.Ports.SerialStream..ctor(String portName, Int32 baudRate, Parity parity, Int32 dataBits, StopBits stopBits, Int32 readTimeout, Int32 writeTimeout, Handshake handshake, Boolean dtrEnable, Boolean rtsEnable, Boolean discardNull, Byte parityReplace)
   en System.IO.Ports.SerialPort.Open()
   en MC.PLCDevice.PLCDeviceClass.Conectar(String sPuertoPLC) en c:\Proyectos\Desarrollo_ParkingColombia\MC.PLCDevice\PLCDevice.cs:línea 173
