2023/10/25 10:28:56.574 - INICIO REGISTRO
2023/10/25 10:28:56.581 - MENSAJE: (FrondEnd CargaRecursos): Carga Controles - OK
2023/10/25 10:28:56.697 - MENSAJE: (FrondEnd CargaImagenes): Carga Imagenes - OK
2023/10/25 10:28:58.747 - MENSAJE: (Presenter ObtenerInfoModulo) OK
2023/10/25 10:28:58.785 - MENSAJE: (Presenter ObtenerInfoPartes) OK
2023/10/25 10:28:58.816 - MENSAJE: (Presenter ObtenerInfoParametros) OK
2023/10/25 10:28:58.848 - MENSAJE: 
2023/10/25 10:28:59.037 - MENSAJE: (PRESENTER) Error Borrado Varibales PLC
2023/10/25 10:28:59.111 - MENSAJE: (FrontEnd Antes CapturaPlaca)
2023/10/25 10:28:59.141 - MENSAJE: (FrontEnd Antes CapturaPlaca) ------
2023/10/25 10:28:59.155 - MENSAJE: 
2023/10/25 10:28:59.164 - MENSAJE: 
2023/10/25 10:28:59.585 - MENSAJE: (FrontEnd Antes CapturaPlaca)
2023/10/25 10:28:59.597 - MENSAJE: (FrontEnd Antes CapturaPlaca) ------
2023/10/25 10:28:59.600 - MENSAJE: 
2023/10/25 10:28:59.602 - MENSAJE: 
2023/10/25 10:28:59.609 - MENSAJE: 
2023/10/25 10:29:00.579 - MENSAJE: (FrontEnd Antes CapturaPlaca)
2023/10/25 10:29:00.598 - MENSAJE: (FrontEnd Antes CapturaPlaca) ------
2023/10/25 10:29:00.599 - MENSAJE: 
2023/10/25 10:29:00.599 - MENSAJE: 
2023/10/25 10:29:00.610 - MENSAJE: 
2023/10/25 10:29:01.584 - MENSAJE: (FrontEnd Antes CapturaPlaca)
2023/10/25 10:29:01.597 - MENSAJE: (FrontEnd Antes CapturaPlaca) ------
2023/10/25 10:29:01.598 - MENSAJE: 
2023/10/25 10:29:01.598 - MENSAJE: 
2023/10/25 10:29:01.609 - MENSAJE: 
2023/10/25 10:29:01.619 - MENSAJE: oAutorizado.PlacaAuto : ------
2023/10/25 10:29:01.766 - MENSAJE: 
2023/10/25 10:29:01.766 - MENSAJE: 
2023/10/25 10:29:02.579 - MENSAJE: 
2023/10/25 10:29:02.580 - MENSAJE: 
2023/10/25 10:29:03.584 - MENSAJE: 
2023/10/25 10:29:03.586 - MENSAJE: 
2023/10/25 10:29:04.579 - MENSAJE: 
2023/10/25 10:29:04.580 - MENSAJE: 
2023/10/25 10:29:05.585 - MENSAJE: 
2023/10/25 10:29:05.586 - MENSAJE: 
2023/10/25 10:29:06.585 - MENSAJE: 
2023/10/25 10:29:06.586 - MENSAJE: 
2023/10/25 10:29:07.587 - MENSAJE: 
2023/10/25 10:29:07.588 - MENSAJE: 
2023/10/25 10:29:08.588 - MENSAJE: 
2023/10/25 10:29:08.589 - MENSAJE: 
2023/10/25 10:29:08.853 - MENSAJE: 
2023/10/25 10:29:08.864 - MENSAJE: 
2023/10/25 10:29:09.584 - MENSAJE: 
2023/10/25 10:29:09.584 - MENSAJE: 
2023/10/25 10:29:09.585 - MENSAJE: 
2023/10/25 10:29:09.595 - MENSAJE: 
2023/10/25 10:29:10.584 - MENSAJE: 
2023/10/25 10:29:10.584 - MENSAJE: 
2023/10/25 10:29:10.585 - MENSAJE: 
2023/10/25 10:29:10.594 - MENSAJE: 
2023/10/25 10:29:11.586 - MENSAJE: 
2023/10/25 10:29:11.586 - MENSAJE: 
2023/10/25 10:29:11.588 - MENSAJE: 
2023/10/25 10:29:11.597 - MENSAJE: 
2023/10/25 10:29:12.580 - MENSAJE: 
2023/10/25 10:29:12.580 - MENSAJE: 
2023/10/25 10:29:12.582 - MENSAJE: 
2023/10/25 10:29:12.590 - MENSAJE: 
2023/10/25 10:29:18.646 - MENSAJE: (PRESENTER) Error Borrado Varibales PLC
2023/10/25 10:29:19.585 - MENSAJE: (FrontEnd Antes CapturaPlaca)
2023/10/25 10:29:19.600 - MENSAJE: (FrontEnd Antes CapturaPlaca) ------
2023/10/25 10:29:19.601 - MENSAJE: 
2023/10/25 10:29:19.601 - MENSAJE: 
2023/10/25 10:29:19.611 - MENSAJE: 
2023/10/25 10:29:20.586 - MENSAJE: (FrontEnd Antes CapturaPlaca)
2023/10/25 10:29:20.607 - MENSAJE: (FrontEnd Antes CapturaPlaca) ------
2023/10/25 10:29:20.607 - MENSAJE: 
2023/10/25 10:29:20.608 - MENSAJE: 
2023/10/25 10:29:20.619 - MENSAJE: 
2023/10/25 10:29:21.600 - MENSAJE: (FrontEnd Antes CapturaPlaca)
2023/10/25 10:29:21.618 - MENSAJE: (FrontEnd Antes CapturaPlaca) ------
2023/10/25 10:29:21.618 - MENSAJE: 
2023/10/25 10:29:21.618 - MENSAJE: 
2023/10/25 10:29:21.629 - MENSAJE: 
2023/10/25 10:29:22.616 - MENSAJE: (FrontEnd Antes CapturaPlaca)
2023/10/25 10:29:22.630 - MENSAJE: (FrontEnd Antes CapturaPlaca) ------
2023/10/25 10:29:22.631 - MENSAJE: 
2023/10/25 10:29:22.631 - MENSAJE: 
2023/10/25 10:29:22.642 - MENSAJE: 
2023/10/25 10:29:23.579 - MENSAJE: (FrontEnd Antes CapturaPlaca)
2023/10/25 10:29:23.603 - MENSAJE: (FrontEnd Antes CapturaPlaca) ------
2023/10/25 10:29:23.605 - MENSAJE: 
2023/10/25 10:29:23.605 - MENSAJE: 
2023/10/25 10:29:23.616 - MENSAJE: 
2023/10/25 10:29:24.580 - MENSAJE: (FrontEnd Antes CapturaPlaca)
2023/10/25 10:29:24.598 - MENSAJE: (FrontEnd Antes CapturaPlaca) ------
2023/10/25 10:29:24.600 - MENSAJE: 
2023/10/25 10:29:24.600 - MENSAJE: 
2023/10/25 10:29:24.611 - MENSAJE: 
2023/10/25 10:29:25.581 - MENSAJE: (FrontEnd Antes CapturaPlaca)
2023/10/25 10:29:25.600 - MENSAJE: (FrontEnd Antes CapturaPlaca) ------
2023/10/25 10:29:25.601 - MENSAJE: 
2023/10/25 10:29:25.601 - MENSAJE: 
2023/10/25 10:29:25.602 - MENSAJE: oAutorizado.PlacaAuto : ------
2023/10/25 10:29:25.612 - MENSAJE: 
2023/10/25 10:29:28.582 - MENSAJE: 
2023/10/25 10:29:28.582 - MENSAJE: 
2023/10/25 10:29:28.600 - MENSAJE: 
2023/10/25 10:29:28.621 - MENSAJE: (PRESENTER) Error Borrado Varibales PLC
2023/10/25 10:29:29.585 - MENSAJE: (FrontEnd Antes CapturaPlaca)
2023/10/25 10:29:29.598 - MENSAJE: (FrontEnd Antes CapturaPlaca) ------
2023/10/25 10:29:29.600 - MENSAJE: 
2023/10/25 10:29:29.600 - MENSAJE: 
2023/10/25 10:29:29.610 - MENSAJE: 
2023/10/25 10:29:30.579 - MENSAJE: (FrontEnd Antes CapturaPlaca)
2023/10/25 10:29:30.597 - MENSAJE: (FrontEnd Antes CapturaPlaca) ------
2023/10/25 10:29:30.598 - MENSAJE: 
2023/10/25 10:29:30.599 - MENSAJE: 
2023/10/25 10:29:30.609 - MENSAJE: 
2023/10/25 10:29:31.583 - MENSAJE: (FrontEnd Antes CapturaPlaca)
2023/10/25 10:29:31.594 - MENSAJE: (FrontEnd Antes CapturaPlaca) ------
2023/10/25 10:29:31.595 - MENSAJE: 
2023/10/25 10:29:31.595 - MENSAJE: 
2023/10/25 10:29:31.605 - MENSAJE: 
2023/10/25 10:29:32.585 - MENSAJE: (FrontEnd Antes CapturaPlaca)
2023/10/25 10:29:32.596 - MENSAJE: (FrontEnd Antes CapturaPlaca) ------
2023/10/25 10:29:32.597 - MENSAJE: 
2023/10/25 10:29:32.597 - MENSAJE: 
2023/10/25 10:29:32.607 - MENSAJE: 
2023/10/25 10:29:33.583 - MENSAJE: (FrontEnd Antes CapturaPlaca)
2023/10/25 10:29:33.592 - MENSAJE: (FrontEnd Antes CapturaPlaca) ------
2023/10/25 10:29:33.593 - MENSAJE: 
2023/10/25 10:29:33.593 - MENSAJE: 
2023/10/25 10:29:33.604 - MENSAJE: 
2023/10/25 10:29:34.582 - MENSAJE: (FrontEnd Antes CapturaPlaca)
2023/10/25 10:29:34.596 - MENSAJE: (FrontEnd Antes CapturaPlaca) ------
2023/10/25 10:29:34.597 - MENSAJE: 
2023/10/25 10:29:34.597 - MENSAJE: 
2023/10/25 10:29:34.598 - MENSAJE: oAutorizado.PlacaAuto : ------
2023/10/25 10:29:34.608 - MENSAJE: 
2023/10/25 10:29:34.626 - MENSAJE: 
2023/10/25 10:29:34.626 - MENSAJE: 
2023/10/25 10:29:35.588 - MENSAJE: 
2023/10/25 10:29:35.590 - MENSAJE: 
2023/10/25 10:29:36.584 - MENSAJE: 
2023/10/25 10:29:36.585 - MENSAJE: 
2023/10/25 10:29:37.581 - MENSAJE: 
2023/10/25 10:29:37.583 - MENSAJE: 
2023/10/25 10:29:38.579 - MENSAJE: 
2023/10/25 10:29:38.580 - MENSAJE: 
2023/10/25 10:29:39.588 - MENSAJE: 
2023/10/25 10:29:39.589 - MENSAJE: 
2023/10/25 10:29:40.579 - MENSAJE: 
2023/10/25 10:29:40.580 - MENSAJE: 
2023/10/25 10:29:41.460 - MENSAJE: 
2023/10/25 10:29:41.471 - MENSAJE: 
2023/10/25 10:29:41.583 - MENSAJE: 
2023/10/25 10:29:41.583 - MENSAJE: 
2023/10/25 10:29:41.585 - MENSAJE: 
2023/10/25 10:29:41.593 - MENSAJE: 
2023/10/25 10:29:47.619 - MENSAJE: (PRESENTER) Error Borrado Varibales PLC
2023/10/25 10:29:48.585 - MENSAJE: (FrontEnd Antes CapturaPlaca)
2023/10/25 10:29:48.976 - MENSAJE: (FrontEnd Antes CapturaPlaca) ------
2023/10/25 10:29:48.977 - MENSAJE: 
2023/10/25 10:29:48.977 - MENSAJE: 
2023/10/25 10:29:48.988 - MENSAJE: 
2023/10/25 10:29:49.592 - MENSAJE: (FrontEnd Antes CapturaPlaca)
2023/10/25 10:29:49.631 - MENSAJE: (FrontEnd Antes CapturaPlaca) ------
2023/10/25 10:29:49.632 - MENSAJE: 
2023/10/25 10:29:49.634 - MENSAJE: 
2023/10/25 10:29:49.643 - MENSAJE: 
2023/10/25 10:29:50.584 - MENSAJE: (FrontEnd Antes CapturaPlaca)
2023/10/25 10:29:50.599 - MENSAJE: (FrontEnd Antes CapturaPlaca) ------
2023/10/25 10:29:50.600 - MENSAJE: 
2023/10/25 10:29:50.600 - MENSAJE: 
2023/10/25 10:29:50.611 - MENSAJE: 
2023/10/25 11:36:18.705 - INICIO REGISTRO
2023/10/25 11:36:18.715 - MENSAJE: (FrondEnd CargaRecursos): Carga Controles - OK
2023/10/25 11:36:18.848 - MENSAJE: (FrondEnd CargaImagenes): Carga Imagenes - OK
2023/10/25 11:36:19.545 - MENSAJE: (Presenter ObtenerInfoModulo) OK
2023/10/25 11:36:19.582 - MENSAJE: (Presenter ObtenerInfoPartes) OK
2023/10/25 11:36:19.610 - MENSAJE: (Presenter ObtenerInfoParametros) OK
2023/10/25 11:36:19.645 - MENSAJE: 
2023/10/25 11:36:19.732 - MENSAJE: (PRESENTER) Error Borrado Varibales PLC
2023/10/25 11:36:19.811 - MENSAJE: (FrontEnd Antes CapturaPlaca)
2023/10/25 11:36:19.831 - MENSAJE: (FrontEnd Antes CapturaPlaca) ------
2023/10/25 11:36:19.847 - MENSAJE: 
2023/10/25 11:36:19.869 - MENSAJE: 
2023/10/25 11:36:20.710 - MENSAJE: (FrontEnd Antes CapturaPlaca)
2023/10/25 11:36:20.730 - MENSAJE: (FrontEnd Antes CapturaPlaca) ------
2023/10/25 11:36:20.731 - MENSAJE: 
2023/10/25 11:36:20.731 - MENSAJE: 
2023/10/25 11:36:20.745 - MENSAJE: 
2023/10/25 11:36:21.725 - MENSAJE: (FrontEnd Antes CapturaPlaca)
2023/10/25 11:36:21.738 - MENSAJE: (FrontEnd Antes CapturaPlaca) ------
2023/10/25 11:36:21.740 - MENSAJE: 
2023/10/25 11:36:21.740 - MENSAJE: 
2023/10/25 11:36:21.751 - MENSAJE: 
2023/10/25 11:36:22.740 - MENSAJE: (FrontEnd Antes CapturaPlaca)
2023/10/25 11:36:22.752 - MENSAJE: (FrontEnd Antes CapturaPlaca) ------
2023/10/25 11:36:22.754 - MENSAJE: 
2023/10/25 11:36:22.755 - MENSAJE: 
2023/10/25 11:36:22.764 - MENSAJE: 
2023/10/25 11:36:23.754 - MENSAJE: (FrontEnd Antes CapturaPlaca)
2023/10/25 11:36:23.769 - MENSAJE: (FrontEnd Antes CapturaPlaca) ------
2023/10/25 11:36:23.770 - MENSAJE: 
2023/10/25 11:36:23.770 - MENSAJE: 
2023/10/25 11:36:23.781 - MENSAJE: 
2023/10/25 11:36:24.711 - MENSAJE: (FrontEnd Antes CapturaPlaca)
2023/10/25 11:36:24.733 - MENSAJE: (FrontEnd Antes CapturaPlaca) ------
2023/10/25 11:36:24.734 - MENSAJE: 
2023/10/25 11:36:24.734 - MENSAJE: 
2023/10/25 11:36:24.744 - MENSAJE: 
2023/10/25 11:36:24.753 - MENSAJE: oAutorizado.PlacaAuto : ------
2023/10/25 11:36:24.849 - MENSAJE: 
2023/10/25 11:36:24.850 - MENSAJE: 
2023/10/25 11:36:25.706 - MENSAJE: 
2023/10/25 11:36:25.707 - MENSAJE: 
2023/10/25 11:36:26.705 - MENSAJE: 
2023/10/25 11:36:26.707 - MENSAJE: 
2023/10/25 11:36:27.706 - MENSAJE: 
2023/10/25 11:36:27.707 - MENSAJE: 
2023/10/25 11:36:28.708 - MENSAJE: 
2023/10/25 11:36:28.709 - MENSAJE: 
2023/10/25 11:36:29.704 - MENSAJE: 
2023/10/25 11:36:29.705 - MENSAJE: 
2023/10/25 11:36:30.165 - MENSAJE: 
2023/10/25 11:36:30.176 - MENSAJE: 
2023/10/25 11:36:30.713 - MENSAJE: 
2023/10/25 11:36:30.713 - MENSAJE: 
2023/10/25 11:36:30.714 - MENSAJE: 
2023/10/25 11:36:30.724 - MENSAJE: 
2023/10/25 11:36:34.772 - MENSAJE: (PRESENTER) Error Borrado Varibales PLC
2023/10/25 11:36:35.707 - MENSAJE: (FrontEnd Antes CapturaPlaca)
2023/10/25 11:36:35.722 - MENSAJE: (FrontEnd Antes CapturaPlaca) ------
2023/10/25 11:36:35.723 - MENSAJE: 
2023/10/25 11:36:35.723 - MENSAJE: 
2023/10/25 11:36:35.733 - MENSAJE: 
2023/10/25 11:36:36.719 - MENSAJE: (FrontEnd Antes CapturaPlaca)
2023/10/25 11:36:36.739 - MENSAJE: (FrontEnd Antes CapturaPlaca) ------
2023/10/25 11:36:36.740 - MENSAJE: 
2023/10/25 11:36:36.740 - MENSAJE: 
2023/10/25 11:36:36.751 - MENSAJE: 
2023/10/25 11:36:37.734 - MENSAJE: (FrontEnd Antes CapturaPlaca)
2023/10/25 11:36:37.749 - MENSAJE: (FrontEnd Antes CapturaPlaca) ------
2023/10/25 11:36:37.750 - MENSAJE: 
2023/10/25 11:36:37.750 - MENSAJE: 
2023/10/25 11:36:37.761 - MENSAJE: 
2023/10/25 11:36:38.738 - MENSAJE: (FrontEnd Antes CapturaPlaca)
2023/10/25 11:36:38.753 - MENSAJE: (FrontEnd Antes CapturaPlaca) ------
2023/10/25 11:36:38.754 - MENSAJE: 
2023/10/25 11:36:38.754 - MENSAJE: 
2023/10/25 11:36:38.755 - MENSAJE: oAutorizado.PlacaAuto : ------
2023/10/25 11:36:38.765 - MENSAJE: 
2023/10/25 11:36:38.787 - MENSAJE: 
2023/10/25 11:36:38.787 - MENSAJE: 
2023/10/25 11:36:39.711 - MENSAJE: 
2023/10/25 11:36:39.712 - MENSAJE: 
2023/10/25 11:36:40.713 - MENSAJE: 
2023/10/25 11:36:40.714 - MENSAJE: 
2023/10/25 11:36:41.706 - MENSAJE: 
2023/10/25 11:36:41.708 - MENSAJE: 
2023/10/25 11:36:42.708 - MENSAJE: 
2023/10/25 11:36:42.709 - MENSAJE: 
2023/10/25 11:36:43.711 - MENSAJE: 
2023/10/25 11:36:43.712 - MENSAJE: 
2023/10/25 11:36:44.104 - MENSAJE: 
2023/10/25 11:36:44.115 - MENSAJE: 
2023/10/25 11:36:44.705 - MENSAJE: 
2023/10/25 11:36:44.705 - MENSAJE: 
2023/10/25 11:36:44.706 - MENSAJE: 
2023/10/25 11:36:44.716 - MENSAJE: 
2023/10/25 11:36:48.745 - MENSAJE: (PRESENTER) Error Borrado Varibales PLC
2023/10/25 11:36:49.707 - MENSAJE: (FrontEnd Antes CapturaPlaca)
2023/10/25 11:36:49.726 - MENSAJE: (FrontEnd Antes CapturaPlaca) ------
2023/10/25 11:36:49.728 - MENSAJE: 
2023/10/25 11:36:49.728 - MENSAJE: 
2023/10/25 11:36:49.739 - MENSAJE: 
2023/10/25 11:36:50.711 - MENSAJE: (FrontEnd Antes CapturaPlaca)
2023/10/25 11:36:50.731 - MENSAJE: (FrontEnd Antes CapturaPlaca) ------
2023/10/25 11:36:50.732 - MENSAJE: 
2023/10/25 11:36:50.732 - MENSAJE: 
2023/10/25 11:36:50.743 - MENSAJE: 
2023/10/25 11:36:51.719 - MENSAJE: (FrontEnd Antes CapturaPlaca)
2023/10/25 11:36:51.755 - MENSAJE: (FrontEnd Antes CapturaPlaca) ------
2023/10/25 11:36:51.757 - MENSAJE: 
2023/10/25 11:36:51.760 - MENSAJE: 
2023/10/25 11:36:51.767 - MENSAJE: 
2023/10/25 11:36:52.712 - MENSAJE: (FrontEnd Antes CapturaPlaca)
2023/10/25 11:36:52.728 - MENSAJE: (FrontEnd Antes CapturaPlaca) ------
2023/10/25 11:36:52.730 - MENSAJE: 
2023/10/25 11:36:52.730 - MENSAJE: 
2023/10/25 11:36:52.741 - MENSAJE: 
2023/10/25 11:36:53.708 - MENSAJE: (FrontEnd Antes CapturaPlaca)
2023/10/25 11:36:53.725 - MENSAJE: (FrontEnd Antes CapturaPlaca) ------
2023/10/25 11:36:53.726 - MENSAJE: 
2023/10/25 11:36:53.726 - MENSAJE: 
2023/10/25 11:36:53.737 - MENSAJE: 
2023/10/25 11:47:53.060 - INICIO REGISTRO
2023/10/25 11:47:53.067 - MENSAJE: (FrondEnd CargaRecursos): Carga Controles - OK
2023/10/25 11:47:53.181 - MENSAJE: (FrondEnd CargaImagenes): Carga Imagenes - OK
2023/10/25 11:47:54.537 - MENSAJE: (Presenter ObtenerInfoModulo) OK
2023/10/25 11:47:54.572 - MENSAJE: (Presenter ObtenerInfoPartes) OK
2023/10/25 11:47:54.598 - MENSAJE: (Presenter ObtenerInfoParametros) OK
2023/10/25 11:47:54.636 - MENSAJE: 
2023/10/25 11:47:54.825 - MENSAJE: (PRESENTER) Error Borrado Varibales PLC
2023/10/25 11:47:54.896 - MENSAJE: (FrontEnd Antes CapturaPlaca)
2023/10/25 11:47:54.922 - MENSAJE: (FrontEnd Antes CapturaPlaca) ------
2023/10/25 11:47:54.941 - MENSAJE: 
2023/10/25 11:47:54.946 - MENSAJE: 
2023/10/25 11:47:55.067 - MENSAJE: (FrontEnd Antes CapturaPlaca)
2023/10/25 11:47:55.082 - MENSAJE: (FrontEnd Antes CapturaPlaca) ------
2023/10/25 11:47:55.082 - MENSAJE: 
2023/10/25 11:47:55.083 - MENSAJE: 
2023/10/25 11:47:55.095 - MENSAJE: 
2023/10/25 11:47:56.065 - MENSAJE: (FrontEnd Antes CapturaPlaca)
2023/10/25 11:47:56.079 - MENSAJE: (FrontEnd Antes CapturaPlaca) ------
2023/10/25 11:47:56.080 - MENSAJE: 
2023/10/25 11:47:56.080 - MENSAJE: 
2023/10/25 11:47:56.095 - MENSAJE: 
2023/10/25 11:47:57.071 - MENSAJE: (FrontEnd Antes CapturaPlaca)
2023/10/25 11:47:57.082 - MENSAJE: (FrontEnd Antes CapturaPlaca) ------
2023/10/25 11:47:57.083 - MENSAJE: 
2023/10/25 11:47:57.083 - MENSAJE: 
2023/10/25 11:47:57.094 - MENSAJE: 
2023/10/25 11:47:58.079 - MENSAJE: (FrontEnd Antes CapturaPlaca)
2023/10/25 11:47:58.094 - MENSAJE: (FrontEnd Antes CapturaPlaca) ------
2023/10/25 11:47:58.095 - MENSAJE: 
2023/10/25 11:47:58.095 - MENSAJE: 
2023/10/25 11:47:58.105 - MENSAJE: 
2023/10/25 11:47:59.093 - MENSAJE: (FrontEnd Antes CapturaPlaca)
2023/10/25 11:47:59.109 - MENSAJE: (FrontEnd Antes CapturaPlaca) ------
2023/10/25 11:47:59.110 - MENSAJE: 
2023/10/25 11:47:59.110 - MENSAJE: 
2023/10/25 11:47:59.121 - MENSAJE: 
2023/10/25 11:48:00.089 - MENSAJE: (FrontEnd Antes CapturaPlaca)
2023/10/25 11:48:00.102 - MENSAJE: (FrontEnd Antes CapturaPlaca) ------
2023/10/25 11:48:00.103 - MENSAJE: 
2023/10/25 11:48:00.103 - MENSAJE: 
2023/10/25 11:48:00.114 - MENSAJE: 
2023/10/25 11:48:00.123 - MENSAJE: oAutorizado.PlacaAuto : ------
2023/10/25 11:48:00.215 - MENSAJE: 
2023/10/25 11:48:00.215 - MENSAJE: 
2023/10/25 11:48:01.073 - MENSAJE: 
2023/10/25 11:48:01.075 - MENSAJE: 
2023/10/25 11:48:02.063 - MENSAJE: 
2023/10/25 11:48:02.064 - MENSAJE: 
2023/10/25 11:48:03.067 - MENSAJE: 
2023/10/25 11:48:03.069 - MENSAJE: 
2023/10/25 11:48:04.071 - MENSAJE: 
2023/10/25 11:48:04.073 - MENSAJE: 
2023/10/25 11:48:04.519 - MENSAJE: 
2023/10/25 11:48:04.530 - MENSAJE: 
2023/10/25 11:48:05.063 - MENSAJE: 
2023/10/25 11:48:05.063 - MENSAJE: 
2023/10/25 11:48:05.065 - MENSAJE: 
2023/10/25 11:48:05.074 - MENSAJE: 
2023/10/25 11:48:09.122 - MENSAJE: (PRESENTER) Error Borrado Varibales PLC
2023/10/25 11:48:10.066 - MENSAJE: (FrontEnd Antes CapturaPlaca)
2023/10/25 11:48:10.081 - MENSAJE: (FrontEnd Antes CapturaPlaca) ------
2023/10/25 11:48:10.082 - MENSAJE: 
2023/10/25 11:48:10.083 - MENSAJE: 
2023/10/25 11:48:10.085 - MENSAJE: oAutorizado.PlacaAuto : ------
2023/10/25 11:48:10.093 - MENSAJE: 
2023/10/25 11:48:10.123 - MENSAJE: 
2023/10/25 11:48:10.123 - MENSAJE: 
2023/10/25 11:48:11.064 - MENSAJE: 
2023/10/25 11:48:11.065 - MENSAJE: 
2023/10/25 11:48:12.070 - MENSAJE: 
2023/10/25 11:48:12.072 - MENSAJE: 
2023/10/25 11:48:13.072 - MENSAJE: 
2023/10/25 11:48:13.074 - MENSAJE: 
2023/10/25 11:48:13.922 - MENSAJE: 
2023/10/25 11:48:13.932 - MENSAJE: 
2023/10/25 11:48:14.066 - MENSAJE: 
2023/10/25 11:48:14.066 - MENSAJE: 
2023/10/25 11:48:14.067 - MENSAJE: 
2023/10/25 11:48:14.077 - MENSAJE: 
2023/10/25 11:48:18.105 - MENSAJE: (PRESENTER) Error Borrado Varibales PLC
2023/10/25 11:48:19.107 - MENSAJE: (FrontEnd Antes CapturaPlaca)
2023/10/25 11:48:19.122 - MENSAJE: (FrontEnd Antes CapturaPlaca) ------
2023/10/25 11:48:19.123 - MENSAJE: 
2023/10/25 11:48:19.123 - MENSAJE: 
2023/10/25 11:48:19.134 - MENSAJE: 
2023/10/25 11:48:20.064 - MENSAJE: (FrontEnd Antes CapturaPlaca)
2023/10/25 11:48:20.083 - MENSAJE: (FrontEnd Antes CapturaPlaca) ------
2023/10/25 11:48:20.084 - MENSAJE: 
2023/10/25 11:48:20.084 - MENSAJE: 
2023/10/25 11:48:20.095 - MENSAJE: 
2023/10/25 11:48:21.072 - MENSAJE: (FrontEnd Antes CapturaPlaca)
2023/10/25 11:48:21.096 - MENSAJE: (FrontEnd Antes CapturaPlaca) ------
2023/10/25 11:48:21.097 - MENSAJE: 
2023/10/25 11:48:21.097 - MENSAJE: 
2023/10/25 11:48:21.108 - MENSAJE: 
2023/10/25 11:48:22.082 - MENSAJE: (FrontEnd Antes CapturaPlaca)
2023/10/25 11:48:22.122 - MENSAJE: (FrontEnd Antes CapturaPlaca) ------
2023/10/25 11:48:22.123 - MENSAJE: 
2023/10/25 11:48:22.125 - MENSAJE: 
2023/10/25 11:48:22.134 - MENSAJE: 
2023/10/25 11:48:23.068 - MENSAJE: (FrontEnd Antes CapturaPlaca)
2023/10/25 11:48:23.081 - MENSAJE: (FrontEnd Antes CapturaPlaca) ------
2023/10/25 11:48:23.082 - MENSAJE: 
2023/10/25 11:48:23.082 - MENSAJE: 
2023/10/25 11:48:23.093 - MENSAJE: 
2023/10/25 11:51:41.161 - INICIO REGISTRO
2023/10/25 11:51:41.171 - MENSAJE: (FrondEnd CargaRecursos): Carga Controles - OK
2023/10/25 11:51:41.296 - MENSAJE: (FrondEnd CargaImagenes): Carga Imagenes - OK
2023/10/25 11:51:41.995 - MENSAJE: (Presenter ObtenerInfoModulo) OK
2023/10/25 11:51:42.022 - MENSAJE: (Presenter ObtenerInfoPartes) OK
2023/10/25 11:51:42.043 - MENSAJE: (Presenter ObtenerInfoParametros) OK
2023/10/25 11:51:42.074 - MENSAJE: 
2023/10/25 11:51:42.158 - MENSAJE: (PRESENTER) Error Borrado Varibales PLC
2023/10/25 11:51:42.228 - MENSAJE: (FrontEnd Antes CapturaPlaca)
2023/10/25 11:51:42.249 - MENSAJE: (FrontEnd Antes CapturaPlaca) ------
2023/10/25 11:51:42.262 - MENSAJE: 
2023/10/25 11:51:42.263 - MENSAJE: 
2023/10/25 11:51:43.158 - MENSAJE: (FrontEnd Antes CapturaPlaca)
2023/10/25 11:51:43.173 - MENSAJE: (FrontEnd Antes CapturaPlaca) ------
2023/10/25 11:51:43.176 - MENSAJE: 
2023/10/25 11:51:43.176 - MENSAJE: 
2023/10/25 11:51:43.185 - MENSAJE: 
2023/10/25 11:51:44.163 - MENSAJE: (FrontEnd Antes CapturaPlaca)
2023/10/25 11:51:44.179 - MENSAJE: (FrontEnd Antes CapturaPlaca) ------
2023/10/25 11:51:44.180 - MENSAJE: 
2023/10/25 11:51:44.180 - MENSAJE: 
2023/10/25 11:51:44.190 - MENSAJE: 
2023/10/25 11:51:45.171 - MENSAJE: (FrontEnd Antes CapturaPlaca)
2023/10/25 11:51:45.187 - MENSAJE: (FrontEnd Antes CapturaPlaca) ------
2023/10/25 11:51:45.188 - MENSAJE: 
2023/10/25 11:51:45.188 - MENSAJE: 
2023/10/25 11:51:45.198 - MENSAJE: 
2023/10/25 11:51:46.173 - MENSAJE: (FrontEnd Antes CapturaPlaca)
2023/10/25 11:51:46.188 - MENSAJE: (FrontEnd Antes CapturaPlaca) ------
2023/10/25 11:51:46.189 - MENSAJE: 
2023/10/25 11:51:46.189 - MENSAJE: 
2023/10/25 11:51:46.200 - MENSAJE: 
2023/10/25 11:51:47.188 - MENSAJE: (FrontEnd Antes CapturaPlaca)
2023/10/25 11:51:47.202 - MENSAJE: (FrontEnd Antes CapturaPlaca) ------
2023/10/25 11:51:47.203 - MENSAJE: 
2023/10/25 11:51:47.204 - MENSAJE: 
2023/10/25 11:51:47.214 - MENSAJE: 
2023/10/25 11:51:48.158 - MENSAJE: (FrontEnd Antes CapturaPlaca)
2023/10/25 11:51:48.176 - MENSAJE: (FrontEnd Antes CapturaPlaca) ------
2023/10/25 11:51:48.178 - MENSAJE: 
2023/10/25 11:51:48.178 - MENSAJE: 
2023/10/25 11:51:48.189 - MENSAJE: 
2023/10/25 11:51:49.166 - MENSAJE: (FrontEnd Antes CapturaPlaca)
2023/10/25 11:51:49.191 - MENSAJE: (FrontEnd Antes CapturaPlaca) ------
2023/10/25 11:51:49.193 - MENSAJE: 
2023/10/25 11:51:49.193 - MENSAJE: 
2023/10/25 11:51:49.203 - MENSAJE: 
2023/10/25 11:51:50.159 - MENSAJE: (FrontEnd Antes CapturaPlaca)
2023/10/25 11:51:50.173 - MENSAJE: (FrontEnd Antes CapturaPlaca) ------
2023/10/25 11:51:50.174 - MENSAJE: 
2023/10/25 11:51:50.175 - MENSAJE: 
2023/10/25 11:51:50.185 - MENSAJE: 
2023/10/25 11:51:51.161 - MENSAJE: (FrontEnd Antes CapturaPlaca)
2023/10/25 11:51:51.179 - MENSAJE: (FrontEnd Antes CapturaPlaca) ------
2023/10/25 11:51:51.180 - MENSAJE: 
2023/10/25 11:51:51.180 - MENSAJE: 
2023/10/25 11:51:51.191 - MENSAJE: 
2023/10/25 11:51:52.161 - MENSAJE: (FrontEnd Antes CapturaPlaca)
2023/10/25 11:51:52.177 - MENSAJE: (FrontEnd Antes CapturaPlaca) ------
2023/10/25 11:51:52.178 - MENSAJE: 
2023/10/25 11:51:52.179 - MENSAJE: 
2023/10/25 11:51:52.189 - MENSAJE: 
2023/10/25 11:51:52.204 - MENSAJE: oAutorizado.PlacaAuto : ------
2023/10/25 11:51:52.297 - MENSAJE: 
2023/10/25 11:51:52.297 - MENSAJE: 
2023/10/25 11:51:53.159 - MENSAJE: 
2023/10/25 11:51:53.160 - MENSAJE: 
2023/10/25 11:51:54.158 - MENSAJE: 
2023/10/25 11:51:54.159 - MENSAJE: 
2023/10/25 11:51:55.160 - MENSAJE: 
2023/10/25 11:51:55.162 - MENSAJE: 
2023/10/25 11:51:55.842 - MENSAJE: 
2023/10/25 11:51:55.852 - MENSAJE: 
2023/10/25 11:51:56.162 - MENSAJE: 
2023/10/25 11:51:56.163 - MENSAJE: 
2023/10/25 11:51:56.164 - MENSAJE: 
2023/10/25 11:51:56.173 - MENSAJE: 
2023/10/25 11:52:00.242 - MENSAJE: (PRESENTER) Error Borrado Varibales PLC
2023/10/25 11:52:01.175 - MENSAJE: (FrontEnd Antes CapturaPlaca)
2023/10/25 11:52:01.189 - MENSAJE: (FrontEnd Antes CapturaPlaca) ------
2023/10/25 11:52:01.190 - MENSAJE: 
2023/10/25 11:52:01.191 - MENSAJE: 
2023/10/25 11:52:01.192 - MENSAJE: oAutorizado.PlacaAuto : ------
2023/10/25 11:52:01.201 - MENSAJE: 
2023/10/25 11:52:01.222 - MENSAJE: 
2023/10/25 11:52:01.222 - MENSAJE: 
2023/10/25 11:52:02.162 - MENSAJE: 
2023/10/25 11:52:02.164 - MENSAJE: 
2023/10/25 11:52:03.160 - MENSAJE: 
2023/10/25 11:52:03.162 - MENSAJE: 
2023/10/25 11:52:03.755 - MENSAJE: 
2023/10/25 11:52:03.766 - MENSAJE: 
2023/10/25 11:52:04.160 - MENSAJE: 
2023/10/25 11:52:04.160 - MENSAJE: 
2023/10/25 11:52:04.162 - MENSAJE: 
2023/10/25 11:52:04.171 - MENSAJE: 
2023/10/25 11:52:08.199 - MENSAJE: (PRESENTER) Error Borrado Varibales PLC
2023/10/25 11:52:09.166 - MENSAJE: (FrontEnd Antes CapturaPlaca)
2023/10/25 11:52:09.190 - MENSAJE: (FrontEnd Antes CapturaPlaca) ------
2023/10/25 11:52:09.192 - MENSAJE: 
2023/10/25 11:52:09.192 - MENSAJE: 
2023/10/25 11:52:09.202 - MENSAJE: 
2023/10/25 11:52:10.163 - MENSAJE: (FrontEnd Antes CapturaPlaca)
2023/10/25 11:52:10.471 - MENSAJE: (FrontEnd Antes CapturaPlaca) ------
2023/10/25 11:52:10.472 - MENSAJE: 
2023/10/25 11:52:10.473 - MENSAJE: 
2023/10/25 11:52:10.484 - MENSAJE: 
2023/10/25 11:52:11.157 - MENSAJE: (FrontEnd Antes CapturaPlaca)
2023/10/25 11:52:11.173 - MENSAJE: (FrontEnd Antes CapturaPlaca) ------
2023/10/25 11:52:11.174 - MENSAJE: 
2023/10/25 11:52:11.175 - MENSAJE: 
2023/10/25 11:52:11.185 - MENSAJE: 
2023/10/25 11:52:12.163 - MENSAJE: (FrontEnd Antes CapturaPlaca)
2023/10/25 11:52:12.175 - MENSAJE: (FrontEnd Antes CapturaPlaca) ------
2023/10/25 11:52:12.176 - MENSAJE: 
2023/10/25 11:52:12.176 - MENSAJE: 
2023/10/25 11:52:12.187 - MENSAJE: 
2023/10/25 11:52:13.177 - MENSAJE: (FrontEnd Antes CapturaPlaca)
2023/10/25 11:52:13.226 - MENSAJE: (FrontEnd Antes CapturaPlaca) ------
2023/10/25 11:52:13.227 - MENSAJE: 
2023/10/25 11:52:13.229 - MENSAJE: 
2023/10/25 11:52:13.238 - MENSAJE: 
2023/10/25 11:52:14.160 - MENSAJE: (FrontEnd Antes CapturaPlaca)
2023/10/25 11:52:14.185 - MENSAJE: (FrontEnd Antes CapturaPlaca) ------
2023/10/25 11:52:14.186 - MENSAJE: 
2023/10/25 11:52:14.186 - MENSAJE: 
2023/10/25 11:52:14.197 - MENSAJE: 
2023/10/25 11:54:35.212 - INICIO REGISTRO
2023/10/25 11:54:35.220 - MENSAJE: (FrondEnd CargaRecursos): Carga Controles - OK
2023/10/25 11:54:35.335 - MENSAJE: (FrondEnd CargaImagenes): Carga Imagenes - OK
2023/10/25 11:54:36.020 - MENSAJE: (Presenter ObtenerInfoModulo) OK
2023/10/25 11:54:36.066 - MENSAJE: (Presenter ObtenerInfoPartes) OK
2023/10/25 11:54:36.087 - MENSAJE: (Presenter ObtenerInfoParametros) OK
2023/10/25 11:54:36.124 - MENSAJE: 
2023/10/25 11:54:36.206 - MENSAJE: (PRESENTER) Error Borrado Varibales PLC
2023/10/25 11:54:36.277 - MENSAJE: (FrontEnd Antes CapturaPlaca)
2023/10/25 11:54:36.296 - MENSAJE: (FrontEnd Antes CapturaPlaca) ------
2023/10/25 11:54:36.306 - MENSAJE: 
2023/10/25 11:54:36.319 - MENSAJE: 
2023/10/25 11:54:37.223 - MENSAJE: (FrontEnd Antes CapturaPlaca)
2023/10/25 11:54:37.243 - MENSAJE: (FrontEnd Antes CapturaPlaca) ------
2023/10/25 11:54:37.244 - MENSAJE: 
2023/10/25 11:54:37.244 - MENSAJE: 
2023/10/25 11:54:37.260 - MENSAJE: 
2023/10/25 11:54:38.221 - MENSAJE: (FrontEnd Antes CapturaPlaca)
2023/10/25 11:54:38.236 - MENSAJE: (FrontEnd Antes CapturaPlaca) ------
2023/10/25 11:54:38.237 - MENSAJE: 
2023/10/25 11:54:38.237 - MENSAJE: 
2023/10/25 11:54:38.248 - MENSAJE: 
2023/10/25 11:54:38.259 - MENSAJE: oAutorizado.PlacaAuto : ------
2023/10/25 11:54:38.357 - MENSAJE: 
2023/10/25 11:54:38.357 - MENSAJE: 
2023/10/25 11:54:39.219 - MENSAJE: 
2023/10/25 11:54:39.220 - MENSAJE: 
2023/10/25 11:54:40.224 - MENSAJE: 
2023/10/25 11:54:40.225 - MENSAJE: 
2023/10/25 11:54:41.226 - MENSAJE: 
2023/10/25 11:54:41.228 - MENSAJE: 
2023/10/25 11:54:41.396 - MENSAJE: 
2023/10/25 11:54:41.407 - MENSAJE: 
2023/10/25 11:54:42.224 - MENSAJE: 
2023/10/25 11:54:42.224 - MENSAJE: 
2023/10/25 11:54:42.225 - MENSAJE: 
2023/10/25 11:54:42.235 - MENSAJE: 
2023/10/25 11:54:46.287 - MENSAJE: (PRESENTER) Error Borrado Varibales PLC
2023/10/25 11:54:47.224 - MENSAJE: (FrontEnd Antes CapturaPlaca)
2023/10/25 11:54:47.244 - MENSAJE: (FrontEnd Antes CapturaPlaca) ------
2023/10/25 11:54:47.245 - MENSAJE: 
2023/10/25 11:54:47.245 - MENSAJE: 
2023/10/25 11:54:47.255 - MENSAJE: 
2023/10/25 11:54:48.220 - MENSAJE: (FrontEnd Antes CapturaPlaca)
2023/10/25 11:54:48.241 - MENSAJE: (FrontEnd Antes CapturaPlaca) ------
2023/10/25 11:54:48.242 - MENSAJE: 
2023/10/25 11:54:48.242 - MENSAJE: 
2023/10/25 11:54:48.243 - MENSAJE: oAutorizado.PlacaAuto : ------
2023/10/25 11:54:48.253 - MENSAJE: 
2023/10/25 11:54:48.279 - MENSAJE: 
2023/10/25 11:54:48.279 - MENSAJE: 
2023/10/25 11:54:49.223 - MENSAJE: 
2023/10/25 11:54:49.224 - MENSAJE: 
2023/10/25 11:54:50.221 - MENSAJE: 
2023/10/25 11:54:50.222 - MENSAJE: 
2023/10/25 11:54:51.222 - MENSAJE: 
2023/10/25 11:54:51.224 - MENSAJE: 
2023/10/25 11:54:52.229 - MENSAJE: 
2023/10/25 11:54:52.230 - MENSAJE: 
2023/10/25 11:54:53.225 - MENSAJE: 
2023/10/25 11:54:53.226 - MENSAJE: 
2023/10/25 11:54:53.595 - MENSAJE: 
2023/10/25 11:54:53.606 - MENSAJE: 
2023/10/25 11:54:54.228 - MENSAJE: 
2023/10/25 11:54:54.228 - MENSAJE: 
2023/10/25 11:54:54.230 - MENSAJE: 
2023/10/25 11:54:54.239 - MENSAJE: 
2023/10/25 11:54:58.248 - MENSAJE: (PRESENTER) Error Borrado Varibales PLC
2023/10/25 11:54:59.256 - MENSAJE: (FrontEnd Antes CapturaPlaca)
2023/10/25 11:54:59.272 - MENSAJE: (FrontEnd Antes CapturaPlaca) ------
2023/10/25 11:54:59.273 - MENSAJE: 
2023/10/25 11:54:59.273 - MENSAJE: 
2023/10/25 11:54:59.284 - MENSAJE: 
2023/10/25 11:55:00.220 - MENSAJE: (FrontEnd Antes CapturaPlaca)
2023/10/25 11:55:00.235 - MENSAJE: (FrontEnd Antes CapturaPlaca) ------
2023/10/25 11:55:00.237 - MENSAJE: 
2023/10/25 11:55:00.237 - MENSAJE: 
2023/10/25 11:55:00.254 - MENSAJE: 
2023/10/25 11:55:01.230 - MENSAJE: (FrontEnd Antes CapturaPlaca)
2023/10/25 11:55:01.247 - MENSAJE: (FrontEnd Antes CapturaPlaca) ------
2023/10/25 11:55:01.249 - MENSAJE: 
2023/10/25 11:55:01.249 - MENSAJE: 
2023/10/25 11:55:01.260 - MENSAJE: 
2023/10/25 11:55:02.227 - MENSAJE: (FrontEnd Antes CapturaPlaca)
2023/10/25 11:55:02.245 - MENSAJE: (FrontEnd Antes CapturaPlaca) ------
2023/10/25 11:55:02.246 - MENSAJE: 
2023/10/25 11:55:02.247 - MENSAJE: 
2023/10/25 11:55:02.257 - MENSAJE: 
2023/10/25 11:55:03.221 - MENSAJE: (FrontEnd Antes CapturaPlaca)
2023/10/25 11:55:03.247 - MENSAJE: (FrontEnd Antes CapturaPlaca) ------
2023/10/25 11:55:03.248 - MENSAJE: 
2023/10/25 11:55:03.248 - MENSAJE: 
2023/10/25 11:55:03.260 - MENSAJE: 
2023/10/25 11:55:04.235 - MENSAJE: (FrontEnd Antes CapturaPlaca)
2023/10/25 11:55:04.271 - MENSAJE: (FrontEnd Antes CapturaPlaca) ------
2023/10/25 11:55:04.272 - MENSAJE: 
2023/10/25 11:55:04.275 - MENSAJE: 
2023/10/25 11:55:04.283 - MENSAJE: 
2023/10/25 11:55:05.227 - MENSAJE: (FrontEnd Antes CapturaPlaca)
2023/10/25 11:55:05.249 - MENSAJE: (FrontEnd Antes CapturaPlaca) ------
2023/10/25 11:55:05.250 - MENSAJE: 
2023/10/25 11:55:05.250 - MENSAJE: 
2023/10/25 11:55:05.261 - MENSAJE: 
2023/10/25 12:02:38.704 - INICIO REGISTRO
2023/10/25 12:02:38.712 - MENSAJE: (FrondEnd CargaRecursos): Carga Controles - OK
2023/10/25 12:02:38.831 - MENSAJE: (FrondEnd CargaImagenes): Carga Imagenes - OK
2023/10/25 12:02:39.530 - MENSAJE: (Presenter ObtenerInfoModulo) OK
2023/10/25 12:02:39.557 - MENSAJE: (Presenter ObtenerInfoPartes) OK
2023/10/25 12:02:39.578 - MENSAJE: (Presenter ObtenerInfoParametros) OK
2023/10/25 12:02:39.605 - MENSAJE: 
2023/10/25 12:02:39.682 - MENSAJE: (PRESENTER) Error Borrado Varibales PLC
2023/10/25 12:02:39.756 - MENSAJE: (FrontEnd Antes CapturaPlaca)
2023/10/25 12:02:39.791 - MENSAJE: (FrontEnd Antes CapturaPlaca) ------
2023/10/25 12:02:39.799 - MENSAJE: 
2023/10/25 12:02:39.810 - MENSAJE: 
2023/10/25 12:02:39.815 - MENSAJE: 
2023/10/25 12:02:40.705 - MENSAJE: (FrontEnd Antes CapturaPlaca)
2023/10/25 12:02:40.722 - MENSAJE: (FrontEnd Antes CapturaPlaca) ------
2023/10/25 12:02:40.723 - MENSAJE: 
2023/10/25 12:02:40.723 - MENSAJE: 
2023/10/25 12:02:40.734 - MENSAJE: 
2023/10/25 12:02:41.705 - MENSAJE: (FrontEnd Antes CapturaPlaca)
2023/10/25 12:02:41.717 - MENSAJE: (FrontEnd Antes CapturaPlaca) ------
2023/10/25 12:02:41.718 - MENSAJE: 
2023/10/25 12:02:41.718 - MENSAJE: 
2023/10/25 12:02:41.728 - MENSAJE: 
2023/10/25 12:02:42.712 - MENSAJE: (FrontEnd Antes CapturaPlaca)
2023/10/25 12:02:42.728 - MENSAJE: (FrontEnd Antes CapturaPlaca) ------
2023/10/25 12:02:42.729 - MENSAJE: 
2023/10/25 12:02:42.729 - MENSAJE: 
2023/10/25 12:02:42.740 - MENSAJE: 
2023/10/25 12:02:43.714 - MENSAJE: (FrontEnd Antes CapturaPlaca)
2023/10/25 12:02:43.732 - MENSAJE: (FrontEnd Antes CapturaPlaca) ------
2023/10/25 12:02:43.733 - MENSAJE: 
2023/10/25 12:02:43.733 - MENSAJE: 
2023/10/25 12:02:43.744 - MENSAJE: 
2023/10/25 12:02:44.728 - MENSAJE: (FrontEnd Antes CapturaPlaca)
2023/10/25 12:02:44.738 - MENSAJE: (FrontEnd Antes CapturaPlaca) ------
2023/10/25 12:02:44.739 - MENSAJE: 
2023/10/25 12:02:44.739 - MENSAJE: 
2023/10/25 12:02:44.750 - MENSAJE: 
2023/10/25 12:02:45.741 - MENSAJE: (FrontEnd Antes CapturaPlaca)
2023/10/25 12:02:45.757 - MENSAJE: (FrontEnd Antes CapturaPlaca) ------
2023/10/25 12:02:45.757 - MENSAJE: 
2023/10/25 12:02:45.758 - MENSAJE: 
2023/10/25 12:02:45.768 - MENSAJE: 
2023/10/25 12:02:46.745 - MENSAJE: (FrontEnd Antes CapturaPlaca)
2023/10/25 12:02:46.759 - MENSAJE: (FrontEnd Antes CapturaPlaca) ------
2023/10/25 12:02:46.759 - MENSAJE: 
2023/10/25 12:02:46.760 - MENSAJE: 
2023/10/25 12:02:46.770 - MENSAJE: 
2023/10/25 12:02:47.712 - MENSAJE: (FrontEnd Antes CapturaPlaca)
2023/10/25 12:02:47.730 - MENSAJE: (FrontEnd Antes CapturaPlaca) ------
2023/10/25 12:02:47.731 - MENSAJE: 
2023/10/25 12:02:47.732 - MENSAJE: 
2023/10/25 12:02:47.743 - MENSAJE: 
2023/10/25 12:02:48.712 - MENSAJE: (FrontEnd Antes CapturaPlaca)
2023/10/25 12:02:48.734 - MENSAJE: (FrontEnd Antes CapturaPlaca) ------
2023/10/25 12:02:48.735 - MENSAJE: 
2023/10/25 12:02:48.735 - MENSAJE: 
2023/10/25 12:02:48.746 - MENSAJE: 
2023/10/25 12:02:49.709 - MENSAJE: (FrontEnd Antes CapturaPlaca)
2023/10/25 12:02:49.728 - MENSAJE: (FrontEnd Antes CapturaPlaca) ------
2023/10/25 12:02:49.730 - MENSAJE: 
2023/10/25 12:02:49.730 - MENSAJE: 
2023/10/25 12:02:49.741 - MENSAJE: 
2023/10/25 12:02:49.752 - MENSAJE: oAutorizado.PlacaAuto : ------
2023/10/25 12:02:49.845 - MENSAJE: 
2023/10/25 12:02:49.845 - MENSAJE: 
2023/10/25 12:02:50.709 - MENSAJE: 
2023/10/25 12:02:50.710 - MENSAJE: 
2023/10/25 12:02:51.710 - MENSAJE: 
2023/10/25 12:02:51.712 - MENSAJE: 
2023/10/25 12:02:52.710 - MENSAJE: 
2023/10/25 12:02:52.711 - MENSAJE: 
2023/10/25 12:02:53.710 - MENSAJE: 
2023/10/25 12:02:53.712 - MENSAJE: 
2023/10/25 12:02:54.710 - MENSAJE: 
2023/10/25 12:02:54.711 - MENSAJE: 
2023/10/25 12:02:55.712 - MENSAJE: 
2023/10/25 12:02:55.714 - MENSAJE: 
2023/10/25 12:02:56.714 - MENSAJE: 
2023/10/25 12:02:56.715 - MENSAJE: 
2023/10/25 12:02:57.709 - MENSAJE: 
2023/10/25 12:02:57.710 - MENSAJE: 
2023/10/25 12:02:58.197 - MENSAJE: 
2023/10/25 12:02:58.208 - MENSAJE: 
2023/10/25 12:02:58.712 - MENSAJE: 
2023/10/25 12:02:58.712 - MENSAJE: 
2023/10/25 12:02:58.714 - MENSAJE: 
2023/10/25 12:02:58.723 - MENSAJE: 
2023/10/25 12:03:02.780 - MENSAJE: (PRESENTER) Error Borrado Varibales PLC
2023/10/25 12:03:03.710 - MENSAJE: (FrontEnd Antes CapturaPlaca)
2023/10/25 12:03:03.725 - MENSAJE: (FrontEnd Antes CapturaPlaca) ------
2023/10/25 12:03:03.726 - MENSAJE: 
2023/10/25 12:03:03.726 - MENSAJE: 
2023/10/25 12:03:03.736 - MENSAJE: 
2023/10/25 12:03:04.713 - MENSAJE: (FrontEnd Antes CapturaPlaca)
2023/10/25 12:03:04.731 - MENSAJE: (FrontEnd Antes CapturaPlaca) ------
2023/10/25 12:03:04.733 - MENSAJE: 
2023/10/25 12:03:04.733 - MENSAJE: 
2023/10/25 12:03:04.743 - MENSAJE: 
2023/10/25 12:03:05.710 - MENSAJE: (FrontEnd Antes CapturaPlaca)
2023/10/25 12:03:05.729 - MENSAJE: (FrontEnd Antes CapturaPlaca) ------
2023/10/25 12:03:05.730 - MENSAJE: 
2023/10/25 12:03:05.730 - MENSAJE: 
2023/10/25 12:03:05.741 - MENSAJE: 
2023/10/25 12:03:06.710 - MENSAJE: (FrontEnd Antes CapturaPlaca)
2023/10/25 12:03:06.729 - MENSAJE: (FrontEnd Antes CapturaPlaca) ------
2023/10/25 12:03:06.730 - MENSAJE: 
2023/10/25 12:03:06.731 - MENSAJE: 
2023/10/25 12:03:06.741 - MENSAJE: 
2023/10/25 12:03:07.706 - MENSAJE: (FrontEnd Antes CapturaPlaca)
2023/10/25 12:03:07.903 - MENSAJE: (FrontEnd Antes CapturaPlaca) ------
2023/10/25 12:03:07.904 - MENSAJE: 
2023/10/25 12:03:07.904 - MENSAJE: 
2023/10/25 12:03:07.915 - MENSAJE: 
2023/10/25 12:03:08.712 - MENSAJE: (FrontEnd Antes CapturaPlaca)
2023/10/25 12:03:08.731 - MENSAJE: (FrontEnd Antes CapturaPlaca) ------
2023/10/25 12:03:08.733 - MENSAJE: 
2023/10/25 12:03:08.733 - MENSAJE: 
2023/10/25 12:03:08.744 - MENSAJE: 
2023/10/25 12:03:09.710 - MENSAJE: (FrontEnd Antes CapturaPlaca)
2023/10/25 12:03:09.737 - MENSAJE: (FrontEnd Antes CapturaPlaca) ------
2023/10/25 12:03:09.738 - MENSAJE: 
2023/10/25 12:03:09.738 - MENSAJE: 
2023/10/25 12:03:09.749 - MENSAJE: 
2023/10/25 12:03:10.712 - MENSAJE: (FrontEnd Antes CapturaPlaca)
2023/10/25 12:03:10.730 - MENSAJE: (FrontEnd Antes CapturaPlaca) ------
2023/10/25 12:03:10.732 - MENSAJE: 
2023/10/25 12:03:10.732 - MENSAJE: 
2023/10/25 12:03:10.742 - MENSAJE: 
2023/10/25 12:03:11.705 - MENSAJE: (FrontEnd Antes CapturaPlaca)
2023/10/25 12:03:11.716 - MENSAJE: (FrontEnd Antes CapturaPlaca) ------
2023/10/25 12:03:11.717 - MENSAJE: 
2023/10/25 12:03:11.717 - MENSAJE: 
2023/10/25 12:03:11.728 - MENSAJE: 
2023/10/25 12:03:12.709 - MENSAJE: (FrontEnd Antes CapturaPlaca)
2023/10/25 12:03:12.718 - MENSAJE: (FrontEnd Antes CapturaPlaca) ------
2023/10/25 12:03:12.719 - MENSAJE: 
2023/10/25 12:03:12.719 - MENSAJE: 
2023/10/25 12:03:12.730 - MENSAJE: 
2023/10/25 12:03:13.712 - MENSAJE: (FrontEnd Antes CapturaPlaca)
2023/10/25 12:03:13.730 - MENSAJE: (FrontEnd Antes CapturaPlaca) ------
2023/10/25 12:03:13.731 - MENSAJE: 
2023/10/25 12:03:13.731 - MENSAJE: 
2023/10/25 12:03:13.741 - MENSAJE: 
2023/10/25 12:03:14.705 - MENSAJE: (FrontEnd Antes CapturaPlaca)
2023/10/25 12:03:14.721 - MENSAJE: (FrontEnd Antes CapturaPlaca) ------
2023/10/25 12:03:14.722 - MENSAJE: 
2023/10/25 12:03:14.722 - MENSAJE: 
2023/10/25 12:03:14.733 - MENSAJE: 
2023/10/25 12:03:15.712 - MENSAJE: (FrontEnd Antes CapturaPlaca)
2023/10/25 12:03:15.728 - MENSAJE: (FrontEnd Antes CapturaPlaca) ------
2023/10/25 12:03:15.729 - MENSAJE: 
2023/10/25 12:03:15.729 - MENSAJE: 
2023/10/25 12:03:15.740 - MENSAJE: 
2023/10/25 12:03:16.712 - MENSAJE: (FrontEnd Antes CapturaPlaca)
2023/10/25 12:03:16.728 - MENSAJE: (FrontEnd Antes CapturaPlaca) ------
2023/10/25 12:03:16.729 - MENSAJE: 
2023/10/25 12:03:16.729 - MENSAJE: 
2023/10/25 12:03:16.740 - MENSAJE: 
2023/10/25 12:03:17.716 - MENSAJE: (FrontEnd Antes CapturaPlaca)
2023/10/25 12:03:17.731 - MENSAJE: (FrontEnd Antes CapturaPlaca) ------
2023/10/25 12:03:17.732 - MENSAJE: 
2023/10/25 12:03:17.733 - MENSAJE: oAutorizado.PlacaAuto : ------
2023/10/25 12:03:17.732 - MENSAJE: 
2023/10/25 12:03:17.743 - MENSAJE: 
2023/10/25 12:03:17.780 - MENSAJE: 
2023/10/25 12:03:17.780 - MENSAJE: 
2023/10/25 12:03:18.708 - MENSAJE: 
2023/10/25 12:03:18.710 - MENSAJE: 
2023/10/25 12:03:19.712 - MENSAJE: 
2023/10/25 12:03:19.713 - MENSAJE: 
2023/10/25 12:03:20.711 - MENSAJE: 
2023/10/25 12:03:20.715 - MENSAJE: 
2023/10/25 12:03:21.709 - MENSAJE: 
2023/10/25 12:03:21.711 - MENSAJE: 
2023/10/25 12:03:22.708 - MENSAJE: 
2023/10/25 12:03:22.709 - MENSAJE: 
2023/10/25 12:03:23.714 - MENSAJE: 
2023/10/25 12:03:23.715 - MENSAJE: 
2023/10/25 12:03:24.362 - MENSAJE: 
2023/10/25 12:03:24.373 - MENSAJE: 
2023/10/25 12:03:24.709 - MENSAJE: 
2023/10/25 12:03:24.709 - MENSAJE: 
2023/10/25 12:03:24.711 - MENSAJE: 
2023/10/25 12:03:24.720 - MENSAJE: 
2023/10/25 12:03:28.749 - MENSAJE: (PRESENTER) Error Borrado Varibales PLC
2023/10/25 12:03:29.704 - MENSAJE: (FrontEnd Antes CapturaPlaca)
2023/10/25 12:03:29.715 - MENSAJE: (FrontEnd Antes CapturaPlaca) ------
2023/10/25 12:03:29.716 - MENSAJE: 
2023/10/25 12:03:29.716 - MENSAJE: 
2023/10/25 12:03:29.726 - MENSAJE: 
2023/10/25 12:03:30.705 - MENSAJE: (FrontEnd Antes CapturaPlaca)
2023/10/25 12:03:30.725 - MENSAJE: (FrontEnd Antes CapturaPlaca) ------
2023/10/25 12:03:30.726 - MENSAJE: 
2023/10/25 12:03:30.726 - MENSAJE: 
2023/10/25 12:03:30.741 - MENSAJE: 
2023/10/25 12:03:31.705 - MENSAJE: (FrontEnd Antes CapturaPlaca)
2023/10/25 12:03:31.721 - MENSAJE: (FrontEnd Antes CapturaPlaca) ------
2023/10/25 12:03:31.723 - MENSAJE: 
2023/10/25 12:03:31.723 - MENSAJE: 
2023/10/25 12:03:31.733 - MENSAJE: 
2023/10/25 12:03:32.705 - MENSAJE: (FrontEnd Antes CapturaPlaca)
2023/10/25 12:03:32.719 - MENSAJE: (FrontEnd Antes CapturaPlaca) ------
2023/10/25 12:03:32.720 - MENSAJE: 
2023/10/25 12:03:32.720 - MENSAJE: 
2023/10/25 12:03:32.730 - MENSAJE: 
2023/10/25 12:03:33.710 - MENSAJE: (FrontEnd Antes CapturaPlaca)
2023/10/25 12:03:33.726 - MENSAJE: (FrontEnd Antes CapturaPlaca) ------
2023/10/25 12:03:33.727 - MENSAJE: 
2023/10/25 12:03:33.727 - MENSAJE: 
2023/10/25 12:03:33.738 - MENSAJE: 
2023/10/25 12:03:34.706 - MENSAJE: (FrontEnd Antes CapturaPlaca)
2023/10/25 12:03:34.721 - MENSAJE: (FrontEnd Antes CapturaPlaca) ------
2023/10/25 12:03:34.722 - MENSAJE: 
2023/10/25 12:03:34.722 - MENSAJE: 
2023/10/25 12:03:34.733 - MENSAJE: 
2023/10/25 12:03:35.705 - MENSAJE: (FrontEnd Antes CapturaPlaca)
2023/10/25 12:03:35.725 - MENSAJE: (FrontEnd Antes CapturaPlaca) ------
2023/10/25 12:03:35.725 - MENSAJE: 
2023/10/25 12:03:35.726 - MENSAJE: 
2023/10/25 12:03:35.736 - MENSAJE: 
2023/10/25 12:03:36.716 - MENSAJE: (FrontEnd Antes CapturaPlaca)
2023/10/25 12:03:36.731 - MENSAJE: (FrontEnd Antes CapturaPlaca) ------
2023/10/25 12:03:36.732 - MENSAJE: 
2023/10/25 12:03:36.732 - MENSAJE: 
2023/10/25 12:03:36.743 - MENSAJE: 
2023/10/25 12:03:37.728 - MENSAJE: (FrontEnd Antes CapturaPlaca)
2023/10/25 12:03:37.750 - MENSAJE: (FrontEnd Antes CapturaPlaca) ------
2023/10/25 12:03:37.751 - MENSAJE: 
2023/10/25 12:03:37.751 - MENSAJE: 
2023/10/25 12:03:37.762 - MENSAJE: 
2023/10/25 12:03:38.732 - MENSAJE: (FrontEnd Antes CapturaPlaca)
2023/10/25 12:03:38.752 - MENSAJE: (FrontEnd Antes CapturaPlaca) ------
2023/10/25 12:03:38.753 - MENSAJE: 
2023/10/25 12:03:38.753 - MENSAJE: 
2023/10/25 12:03:38.764 - MENSAJE: 
2023/10/25 12:03:39.707 - MENSAJE: (FrontEnd Antes CapturaPlaca)
2023/10/25 12:03:39.725 - MENSAJE: (FrontEnd Antes CapturaPlaca) ------
2023/10/25 12:03:39.727 - MENSAJE: 
2023/10/25 12:03:39.727 - MENSAJE: 
2023/10/25 12:03:39.737 - MENSAJE: 
2023/10/25 12:03:40.709 - MENSAJE: (FrontEnd Antes CapturaPlaca)
2023/10/25 12:03:40.726 - MENSAJE: (FrontEnd Antes CapturaPlaca) ------
2023/10/25 12:03:40.728 - MENSAJE: 
2023/10/25 12:03:40.728 - MENSAJE: 
2023/10/25 12:03:40.738 - MENSAJE: 
2023/10/25 12:03:41.712 - MENSAJE: (FrontEnd Antes CapturaPlaca)
2023/10/25 12:03:41.736 - MENSAJE: (FrontEnd Antes CapturaPlaca) ------
2023/10/25 12:03:41.737 - MENSAJE: 
2023/10/25 12:03:41.737 - MENSAJE: 
2023/10/25 12:03:41.748 - MENSAJE: 
2023/10/25 12:03:42.704 - MENSAJE: (FrontEnd Antes CapturaPlaca)
2023/10/25 12:03:42.717 - MENSAJE: (FrontEnd Antes CapturaPlaca) ------
2023/10/25 12:03:42.719 - MENSAJE: 
2023/10/25 12:03:42.719 - MENSAJE: 
2023/10/25 12:03:42.730 - MENSAJE: 
2023/10/25 12:03:43.706 - MENSAJE: (FrontEnd Antes CapturaPlaca)
2023/10/25 12:03:43.720 - MENSAJE: (FrontEnd Antes CapturaPlaca) ------
2023/10/25 12:03:43.721 - MENSAJE: 
2023/10/25 12:03:43.722 - MENSAJE: 
2023/10/25 12:03:43.732 - MENSAJE: 
2023/10/25 12:03:44.713 - MENSAJE: (FrontEnd Antes CapturaPlaca)
2023/10/25 12:03:44.749 - MENSAJE: (FrontEnd Antes CapturaPlaca) ------
2023/10/25 12:03:44.750 - MENSAJE: 
2023/10/25 12:03:44.752 - MENSAJE: 
2023/10/25 12:03:44.760 - MENSAJE: 
2023/10/25 12:03:45.707 - MENSAJE: (FrontEnd Antes CapturaPlaca)
2023/10/25 12:03:45.717 - MENSAJE: (FrontEnd Antes CapturaPlaca) ------
2023/10/25 12:03:45.718 - MENSAJE: 
2023/10/25 12:03:45.719 - MENSAJE: 
2023/10/25 12:03:45.729 - MENSAJE: 
2023/10/25 12:08:42.260 - INICIO REGISTRO
2023/10/25 12:08:42.266 - MENSAJE: (FrondEnd CargaRecursos): Carga Controles - OK
2023/10/25 12:08:42.386 - MENSAJE: (FrondEnd CargaImagenes): Carga Imagenes - OK
2023/10/25 12:08:43.080 - MENSAJE: (Presenter ObtenerInfoModulo) OK
2023/10/25 12:08:43.111 - MENSAJE: (Presenter ObtenerInfoPartes) OK
2023/10/25 12:08:43.133 - MENSAJE: (Presenter ObtenerInfoParametros) OK
2023/10/25 12:08:43.163 - MENSAJE: 
2023/10/25 12:08:43.241 - MENSAJE: (PRESENTER) Error Borrado Varibales PLC
2023/10/25 12:08:43.311 - MENSAJE: (FrontEnd Antes CapturaPlaca)
2023/10/25 12:08:43.339 - MENSAJE: (FrontEnd Antes CapturaPlaca) ------
2023/10/25 12:08:43.348 - MENSAJE: 
2023/10/25 12:08:43.353 - MENSAJE: 
2023/10/25 12:08:44.251 - MENSAJE: (FrontEnd Antes CapturaPlaca)
2023/10/25 12:08:44.263 - MENSAJE: (FrontEnd Antes CapturaPlaca) ------
2023/10/25 12:08:44.264 - MENSAJE: 
2023/10/25 12:08:44.267 - MENSAJE: 
2023/10/25 12:08:44.275 - MENSAJE: 
2023/10/25 12:08:45.252 - MENSAJE: (FrontEnd Antes CapturaPlaca)
2023/10/25 12:08:45.265 - MENSAJE: (FrontEnd Antes CapturaPlaca) ------
2023/10/25 12:08:45.266 - MENSAJE: 
2023/10/25 12:08:45.268 - MENSAJE: 
2023/10/25 12:08:45.277 - MENSAJE: 
2023/10/25 12:08:46.253 - MENSAJE: (FrontEnd Antes CapturaPlaca)
2023/10/25 12:08:46.269 - MENSAJE: (FrontEnd Antes CapturaPlaca) ------
2023/10/25 12:08:46.270 - MENSAJE: 
2023/10/25 12:08:46.270 - MENSAJE: 
2023/10/25 12:08:46.281 - MENSAJE: 
2023/10/25 12:08:47.255 - MENSAJE: (FrontEnd Antes CapturaPlaca)
2023/10/25 12:08:47.265 - MENSAJE: (FrontEnd Antes CapturaPlaca) ------
2023/10/25 12:08:47.266 - MENSAJE: 
2023/10/25 12:08:47.266 - MENSAJE: 
2023/10/25 12:08:47.276 - MENSAJE: 
2023/10/25 12:08:48.271 - MENSAJE: (FrontEnd Antes CapturaPlaca)
2023/10/25 12:08:48.280 - MENSAJE: (FrontEnd Antes CapturaPlaca) ------
2023/10/25 12:08:48.283 - MENSAJE: 
2023/10/25 12:08:48.285 - MENSAJE: 
2023/10/25 12:08:48.292 - MENSAJE: 
2023/10/25 12:08:48.305 - MENSAJE: oAutorizado.PlacaAuto : ------
2023/10/25 12:08:48.435 - MENSAJE: (PRESENTER) Error Borrado Varibales PLC
2023/10/25 12:08:49.254 - MENSAJE: (FrontEnd Antes CapturaPlaca)
2023/10/25 12:08:49.272 - MENSAJE: (FrontEnd Antes CapturaPlaca) ------
2023/10/25 12:08:49.273 - MENSAJE: 
2023/10/25 12:08:49.274 - MENSAJE: 
2023/10/25 12:08:49.284 - MENSAJE: 
2023/10/25 12:08:50.252 - MENSAJE: (FrontEnd Antes CapturaPlaca)
2023/10/25 12:08:50.266 - MENSAJE: (FrontEnd Antes CapturaPlaca) ------
2023/10/25 12:08:50.268 - MENSAJE: 
2023/10/25 12:08:50.268 - MENSAJE: 
2023/10/25 12:08:50.279 - MENSAJE: 
2023/10/25 12:08:51.255 - MENSAJE: (FrontEnd Antes CapturaPlaca)
2023/10/25 12:08:51.271 - MENSAJE: (FrontEnd Antes CapturaPlaca) ------
2023/10/25 12:08:51.272 - MENSAJE: 
2023/10/25 12:08:51.272 - MENSAJE: 
2023/10/25 12:08:51.283 - MENSAJE: 
2023/10/25 12:08:52.251 - MENSAJE: (FrontEnd Antes CapturaPlaca)
2023/10/25 12:08:52.277 - MENSAJE: (FrontEnd Antes CapturaPlaca) ------
2023/10/25 12:08:52.278 - MENSAJE: 
2023/10/25 12:08:52.278 - MENSAJE: 
2023/10/25 12:08:52.289 - MENSAJE: 
2023/10/25 12:08:53.255 - MENSAJE: (FrontEnd Antes CapturaPlaca)
2023/10/25 12:08:53.265 - MENSAJE: (FrontEnd Antes CapturaPlaca) ------
2023/10/25 12:08:53.266 - MENSAJE: 
2023/10/25 12:08:53.266 - MENSAJE: 
2023/10/25 12:08:53.277 - MENSAJE: 
2023/10/25 12:08:54.255 - MENSAJE: (FrontEnd Antes CapturaPlaca)
2023/10/25 12:08:54.275 - MENSAJE: (FrontEnd Antes CapturaPlaca) ------
2023/10/25 12:08:54.277 - MENSAJE: 
2023/10/25 12:08:54.277 - MENSAJE: 
2023/10/25 12:08:54.288 - MENSAJE: 
2023/10/25 12:08:55.255 - MENSAJE: (FrontEnd Antes CapturaPlaca)
2023/10/25 12:08:55.275 - MENSAJE: (FrontEnd Antes CapturaPlaca) ------
2023/10/25 12:08:55.276 - MENSAJE: 
2023/10/25 12:08:55.276 - MENSAJE: 
2023/10/25 12:08:55.287 - MENSAJE: 
2023/10/25 12:08:56.251 - MENSAJE: (FrontEnd Antes CapturaPlaca)
2023/10/25 12:08:56.271 - MENSAJE: (FrontEnd Antes CapturaPlaca) ------
2023/10/25 12:08:56.272 - MENSAJE: 
2023/10/25 12:08:56.272 - MENSAJE: 
2023/10/25 12:08:56.273 - MENSAJE: oAutorizado.PlacaAuto : ------
2023/10/25 12:08:56.283 - MENSAJE: 
2023/10/25 12:08:56.326 - MENSAJE: 
2023/10/25 12:08:56.326 - MENSAJE: 
2023/10/25 12:08:57.250 - MENSAJE: 
2023/10/25 12:08:57.251 - MENSAJE: 
2023/10/25 12:08:58.256 - MENSAJE: 
2023/10/25 12:08:58.258 - MENSAJE: 
2023/10/25 12:08:59.251 - MENSAJE: 
2023/10/25 12:08:59.252 - MENSAJE: 
2023/10/25 12:09:00.257 - MENSAJE: 
2023/10/25 12:09:00.258 - MENSAJE: 
2023/10/25 12:09:01.136 - MENSAJE: 
2023/10/25 12:09:01.147 - MENSAJE: 
2023/10/25 12:09:01.257 - MENSAJE: 
2023/10/25 12:09:01.257 - MENSAJE: 
2023/10/25 12:09:01.258 - MENSAJE: 
2023/10/25 12:09:01.267 - MENSAJE: 
2023/10/25 12:09:05.288 - MENSAJE: (PRESENTER) Error Borrado Varibales PLC
2023/10/25 12:09:06.255 - MENSAJE: (FrontEnd Antes CapturaPlaca)
2023/10/25 12:09:06.277 - MENSAJE: (FrontEnd Antes CapturaPlaca) ------
2023/10/25 12:09:06.279 - MENSAJE: 
2023/10/25 12:09:06.279 - MENSAJE: 
2023/10/25 12:09:06.290 - MENSAJE: 
2023/10/25 12:09:07.252 - MENSAJE: (FrontEnd Antes CapturaPlaca)
2023/10/25 12:09:07.277 - MENSAJE: (FrontEnd Antes CapturaPlaca) ------
2023/10/25 12:09:07.278 - MENSAJE: 
2023/10/25 12:09:07.278 - MENSAJE: 
2023/10/25 12:09:07.289 - MENSAJE: 
2023/10/25 12:09:08.251 - MENSAJE: (FrontEnd Antes CapturaPlaca)
2023/10/25 12:09:08.265 - MENSAJE: (FrontEnd Antes CapturaPlaca) ------
2023/10/25 12:09:08.267 - MENSAJE: 
2023/10/25 12:09:08.267 - MENSAJE: 
2023/10/25 12:09:08.278 - MENSAJE: 
2023/10/25 12:09:09.259 - MENSAJE: (FrontEnd Antes CapturaPlaca)
2023/10/25 12:09:09.290 - MENSAJE: (FrontEnd Antes CapturaPlaca) ------
2023/10/25 12:09:09.291 - MENSAJE: 
2023/10/25 12:09:09.293 - MENSAJE: 
2023/10/25 12:09:09.302 - MENSAJE: 
2023/10/25 12:09:10.255 - MENSAJE: (FrontEnd Antes CapturaPlaca)
2023/10/25 12:09:10.268 - MENSAJE: (FrontEnd Antes CapturaPlaca) ------
2023/10/25 12:09:10.270 - MENSAJE: 
2023/10/25 12:09:10.270 - MENSAJE: 
2023/10/25 12:09:10.281 - MENSAJE: 
2023/10/25 12:09:55.140 - INICIO REGISTRO
2023/10/25 12:09:55.148 - MENSAJE: (FrondEnd CargaRecursos): Carga Controles - OK
2023/10/25 12:09:55.274 - MENSAJE: (FrondEnd CargaImagenes): Carga Imagenes - OK
2023/10/25 12:09:55.967 - MENSAJE: (Presenter ObtenerInfoModulo) OK
2023/10/25 12:09:55.997 - MENSAJE: (Presenter ObtenerInfoPartes) OK
2023/10/25 12:09:56.020 - MENSAJE: (Presenter ObtenerInfoParametros) OK
2023/10/25 12:09:56.052 - MENSAJE: 
2023/10/25 12:09:56.131 - MENSAJE: (PRESENTER) Error Borrado Varibales PLC
2023/10/25 12:09:56.199 - MENSAJE: (FrontEnd Antes CapturaPlaca)
2023/10/25 12:09:56.233 - MENSAJE: (FrontEnd Antes CapturaPlaca) ------
2023/10/25 12:09:56.244 - MENSAJE: 
2023/10/25 12:09:56.252 - MENSAJE: 
2023/10/25 12:09:57.148 - MENSAJE: (FrontEnd Antes CapturaPlaca)
2023/10/25 12:09:57.161 - MENSAJE: (FrontEnd Antes CapturaPlaca) ------
2023/10/25 12:09:57.162 - MENSAJE: 
2023/10/25 12:09:57.169 - MENSAJE: 
2023/10/25 12:09:57.172 - MENSAJE: 
2023/10/25 12:09:58.146 - MENSAJE: (FrontEnd Antes CapturaPlaca)
2023/10/25 12:09:58.161 - MENSAJE: (FrontEnd Antes CapturaPlaca) ------
2023/10/25 12:09:58.162 - MENSAJE: 
2023/10/25 12:09:58.162 - MENSAJE: 
2023/10/25 12:09:58.173 - MENSAJE: 
2023/10/25 12:09:59.150 - MENSAJE: (FrontEnd Antes CapturaPlaca)
2023/10/25 12:09:59.165 - MENSAJE: (FrontEnd Antes CapturaPlaca) ------
2023/10/25 12:09:59.165 - MENSAJE: 
2023/10/25 12:09:59.165 - MENSAJE: 
2023/10/25 12:09:59.176 - MENSAJE: 
2023/10/25 12:10:00.151 - MENSAJE: (FrontEnd Antes CapturaPlaca)
2023/10/25 12:10:00.161 - MENSAJE: (FrontEnd Antes CapturaPlaca) ------
2023/10/25 12:10:00.162 - MENSAJE: 
2023/10/25 12:10:00.162 - MENSAJE: 
2023/10/25 12:10:00.173 - MENSAJE: 
2023/10/25 12:10:01.168 - MENSAJE: (FrontEnd Antes CapturaPlaca)
2023/10/25 12:10:01.187 - MENSAJE: (FrontEnd Antes CapturaPlaca) ------
2023/10/25 12:10:01.188 - MENSAJE: 
2023/10/25 12:10:01.188 - MENSAJE: 
2023/10/25 12:10:01.199 - MENSAJE: 
2023/10/25 12:10:02.183 - MENSAJE: (FrontEnd Antes CapturaPlaca)
2023/10/25 12:10:02.194 - MENSAJE: (FrontEnd Antes CapturaPlaca) ------
2023/10/25 12:10:02.195 - MENSAJE: 
2023/10/25 12:10:02.196 - MENSAJE: 
2023/10/25 12:10:02.207 - MENSAJE: 
2023/10/25 12:10:03.150 - MENSAJE: (FrontEnd Antes CapturaPlaca)
2023/10/25 12:10:03.164 - MENSAJE: (FrontEnd Antes CapturaPlaca) ------
2023/10/25 12:10:03.166 - MENSAJE: 
2023/10/25 12:10:03.166 - MENSAJE: 
2023/10/25 12:10:03.177 - MENSAJE: 
2023/10/25 12:10:04.147 - MENSAJE: (FrontEnd Antes CapturaPlaca)
2023/10/25 12:10:04.162 - MENSAJE: (FrontEnd Antes CapturaPlaca) ------
2023/10/25 12:10:04.163 - MENSAJE: 
2023/10/25 12:10:04.164 - MENSAJE: 
2023/10/25 12:10:04.174 - MENSAJE: 
2023/10/25 12:10:05.141 - MENSAJE: (FrontEnd Antes CapturaPlaca)
2023/10/25 12:10:05.154 - MENSAJE: (FrontEnd Antes CapturaPlaca) ------
2023/10/25 12:10:05.155 - MENSAJE: 
2023/10/25 12:10:05.156 - MENSAJE: 
2023/10/25 12:10:05.166 - MENSAJE: 
2023/10/25 12:10:06.143 - MENSAJE: (FrontEnd Antes CapturaPlaca)
2023/10/25 12:10:06.156 - MENSAJE: (FrontEnd Antes CapturaPlaca) ------
2023/10/25 12:10:06.158 - MENSAJE: 
2023/10/25 12:10:06.158 - MENSAJE: 
2023/10/25 12:10:06.168 - MENSAJE: 
2023/10/25 12:10:07.144 - MENSAJE: (FrontEnd Antes CapturaPlaca)
2023/10/25 12:10:07.158 - MENSAJE: (FrontEnd Antes CapturaPlaca) ------
2023/10/25 12:10:07.159 - MENSAJE: 
2023/10/25 12:10:07.159 - MENSAJE: 
2023/10/25 12:10:07.170 - MENSAJE: 
2023/10/25 12:10:08.147 - MENSAJE: (FrontEnd Antes CapturaPlaca)
2023/10/25 12:10:08.166 - MENSAJE: (FrontEnd Antes CapturaPlaca) ------
2023/10/25 12:10:08.167 - MENSAJE: 
2023/10/25 12:10:08.168 - MENSAJE: 
2023/10/25 12:10:08.178 - MENSAJE: 
2023/10/25 12:10:09.145 - MENSAJE: (FrontEnd Antes CapturaPlaca)
2023/10/25 12:10:09.159 - MENSAJE: (FrontEnd Antes CapturaPlaca) ------
2023/10/25 12:10:09.161 - MENSAJE: 
2023/10/25 12:10:09.161 - MENSAJE: 
2023/10/25 12:10:09.172 - MENSAJE: 
2023/10/25 12:10:10.145 - MENSAJE: (FrontEnd Antes CapturaPlaca)
2023/10/25 12:10:10.163 - MENSAJE: (FrontEnd Antes CapturaPlaca) ------
2023/10/25 12:10:10.164 - MENSAJE: 
2023/10/25 12:10:10.164 - MENSAJE: 
2023/10/25 12:10:10.175 - MENSAJE: 
2023/10/25 12:10:11.142 - MENSAJE: (FrontEnd Antes CapturaPlaca)
2023/10/25 12:10:11.162 - MENSAJE: (FrontEnd Antes CapturaPlaca) ------
2023/10/25 12:10:11.163 - MENSAJE: 
2023/10/25 12:10:11.163 - MENSAJE: 
2023/10/25 12:10:11.174 - MENSAJE: 
2023/10/25 12:10:12.147 - MENSAJE: (FrontEnd Antes CapturaPlaca)
2023/10/25 12:10:12.163 - MENSAJE: (FrontEnd Antes CapturaPlaca) ------
2023/10/25 12:10:12.165 - MENSAJE: 
2023/10/25 12:10:12.165 - MENSAJE: 
2023/10/25 12:10:12.176 - MENSAJE: 
2023/10/25 12:10:13.148 - MENSAJE: (FrontEnd Antes CapturaPlaca)
2023/10/25 12:10:13.166 - MENSAJE: (FrontEnd Antes CapturaPlaca) ------
2023/10/25 12:10:13.167 - MENSAJE: 
2023/10/25 12:10:13.168 - MENSAJE: 
2023/10/25 12:10:13.179 - MENSAJE: 
2023/10/25 12:10:14.142 - MENSAJE: (FrontEnd Antes CapturaPlaca)
2023/10/25 12:10:14.152 - MENSAJE: (FrontEnd Antes CapturaPlaca) ------
2023/10/25 12:10:14.153 - MENSAJE: 
2023/10/25 12:10:14.154 - MENSAJE: 
2023/10/25 12:10:14.164 - MENSAJE: 
2023/10/25 12:10:15.151 - MENSAJE: (FrontEnd Antes CapturaPlaca)
2023/10/25 12:10:15.168 - MENSAJE: (FrontEnd Antes CapturaPlaca) ------
2023/10/25 12:10:15.169 - MENSAJE: 
2023/10/25 12:10:15.170 - MENSAJE: 
2023/10/25 12:10:15.180 - MENSAJE: 
2023/10/25 12:10:16.145 - MENSAJE: (FrontEnd Antes CapturaPlaca)
2023/10/25 12:10:16.160 - MENSAJE: (FrontEnd Antes CapturaPlaca) ------
2023/10/25 12:10:16.160 - MENSAJE: 
2023/10/25 12:10:16.160 - MENSAJE: 
2023/10/25 12:10:16.171 - MENSAJE: 
2023/10/25 12:10:17.147 - MENSAJE: (FrontEnd Antes CapturaPlaca)
2023/10/25 12:10:17.157 - MENSAJE: (FrontEnd Antes CapturaPlaca) ------
2023/10/25 12:10:17.158 - MENSAJE: 
2023/10/25 12:10:17.158 - MENSAJE: 
2023/10/25 12:10:17.168 - MENSAJE: 
2023/10/25 12:10:18.147 - MENSAJE: (FrontEnd Antes CapturaPlaca)
2023/10/25 12:10:18.158 - MENSAJE: (FrontEnd Antes CapturaPlaca) ------
2023/10/25 12:10:18.159 - MENSAJE: 
2023/10/25 12:10:18.159 - MENSAJE: 
2023/10/25 12:10:18.170 - MENSAJE: 
2023/10/25 12:10:19.149 - MENSAJE: (FrontEnd Antes CapturaPlaca)
2023/10/25 12:10:19.160 - MENSAJE: (FrontEnd Antes CapturaPlaca) ------
2023/10/25 12:10:19.161 - MENSAJE: 
2023/10/25 12:10:19.161 - MENSAJE: 
2023/10/25 12:10:19.171 - MENSAJE: 
2023/10/25 12:10:20.164 - MENSAJE: (FrontEnd Antes CapturaPlaca)
2023/10/25 12:10:20.180 - MENSAJE: (FrontEnd Antes CapturaPlaca) ------
2023/10/25 12:10:20.181 - MENSAJE: 
2023/10/25 12:10:20.181 - MENSAJE: 
2023/10/25 12:10:20.192 - MENSAJE: 
2023/10/25 12:10:21.179 - MENSAJE: (FrontEnd Antes CapturaPlaca)
2023/10/25 12:10:21.194 - MENSAJE: (FrontEnd Antes CapturaPlaca) ------
2023/10/25 12:10:21.194 - MENSAJE: 
2023/10/25 12:10:21.194 - MENSAJE: 
2023/10/25 12:10:21.205 - MENSAJE: 
2023/10/25 12:10:22.142 - MENSAJE: (FrontEnd Antes CapturaPlaca)
2023/10/25 12:10:22.160 - MENSAJE: (FrontEnd Antes CapturaPlaca) ------
2023/10/25 12:10:22.162 - MENSAJE: 
2023/10/25 12:10:22.162 - MENSAJE: 
2023/10/25 12:10:22.173 - MENSAJE: 
2023/10/25 12:10:23.146 - MENSAJE: (FrontEnd Antes CapturaPlaca)
2023/10/25 12:10:23.159 - MENSAJE: (FrontEnd Antes CapturaPlaca) ------
2023/10/25 12:10:23.161 - MENSAJE: 
2023/10/25 12:10:23.161 - MENSAJE: 
2023/10/25 12:10:23.171 - MENSAJE: 
2023/10/25 12:10:24.147 - MENSAJE: (FrontEnd Antes CapturaPlaca)
2023/10/25 12:10:24.165 - MENSAJE: (FrontEnd Antes CapturaPlaca) ------
2023/10/25 12:10:24.166 - MENSAJE: 
2023/10/25 12:10:24.166 - MENSAJE: 
2023/10/25 12:10:24.176 - MENSAJE: 
2023/10/25 12:10:25.150 - MENSAJE: (FrontEnd Antes CapturaPlaca)
2023/10/25 12:10:25.165 - MENSAJE: (FrontEnd Antes CapturaPlaca) ------
2023/10/25 12:10:25.167 - MENSAJE: 
2023/10/25 12:10:25.167 - MENSAJE: 
2023/10/25 12:10:25.178 - MENSAJE: 
2023/10/25 12:10:26.148 - MENSAJE: (FrontEnd Antes CapturaPlaca)
2023/10/25 12:10:26.166 - MENSAJE: (FrontEnd Antes CapturaPlaca) ------
2023/10/25 12:10:26.168 - MENSAJE: 
2023/10/25 12:10:26.168 - MENSAJE: 
2023/10/25 12:10:26.178 - MENSAJE: 
2023/10/25 12:10:27.147 - MENSAJE: (FrontEnd Antes CapturaPlaca)
2023/10/25 12:10:27.163 - MENSAJE: (FrontEnd Antes CapturaPlaca) ------
2023/10/25 12:10:27.165 - MENSAJE: 
2023/10/25 12:10:27.165 - MENSAJE: 
2023/10/25 12:10:27.175 - MENSAJE: 
2023/10/25 12:10:28.149 - MENSAJE: (FrontEnd Antes CapturaPlaca)
2023/10/25 12:10:28.163 - MENSAJE: (FrontEnd Antes CapturaPlaca) ------
2023/10/25 12:10:28.165 - MENSAJE: 
2023/10/25 12:10:28.165 - MENSAJE: 
2023/10/25 12:10:28.176 - MENSAJE: 
2023/10/25 12:10:29.150 - MENSAJE: (FrontEnd Antes CapturaPlaca)
2023/10/25 12:10:29.170 - MENSAJE: (FrontEnd Antes CapturaPlaca) ------
2023/10/25 12:10:29.170 - MENSAJE: 
2023/10/25 12:10:29.171 - MENSAJE: 
2023/10/25 12:10:29.181 - MENSAJE: 
2023/10/25 12:10:30.142 - MENSAJE: (FrontEnd Antes CapturaPlaca)
2023/10/25 12:10:30.155 - MENSAJE: (FrontEnd Antes CapturaPlaca) ------
2023/10/25 12:10:30.156 - MENSAJE: 
2023/10/25 12:10:30.156 - MENSAJE: 
2023/10/25 12:10:30.167 - MENSAJE: 
2023/10/25 12:10:31.147 - MENSAJE: (FrontEnd Antes CapturaPlaca)
2023/10/25 12:10:31.161 - MENSAJE: (FrontEnd Antes CapturaPlaca) ------
2023/10/25 12:10:31.163 - MENSAJE: 
2023/10/25 12:10:31.163 - MENSAJE: 
2023/10/25 12:10:31.174 - MENSAJE: 
2023/10/25 12:10:32.150 - MENSAJE: (FrontEnd Antes CapturaPlaca)
2023/10/25 12:10:32.160 - MENSAJE: (FrontEnd Antes CapturaPlaca) ------
2023/10/25 12:10:32.161 - MENSAJE: 
2023/10/25 12:10:32.161 - MENSAJE: 
2023/10/25 12:10:32.172 - MENSAJE: 
2023/10/25 12:10:33.144 - MENSAJE: (FrontEnd Antes CapturaPlaca)
2023/10/25 12:10:33.159 - MENSAJE: (FrontEnd Antes CapturaPlaca) ------
2023/10/25 12:10:33.160 - MENSAJE: 
2023/10/25 12:10:33.160 - MENSAJE: 
2023/10/25 12:10:33.171 - MENSAJE: 
2023/10/25 12:10:34.144 - MENSAJE: (FrontEnd Antes CapturaPlaca)
2023/10/25 12:10:34.158 - MENSAJE: (FrontEnd Antes CapturaPlaca) ------
2023/10/25 12:10:34.159 - MENSAJE: 
2023/10/25 12:10:34.159 - MENSAJE: 
2023/10/25 12:10:34.170 - MENSAJE: 
2023/10/25 12:10:35.147 - MENSAJE: (FrontEnd Antes CapturaPlaca)
2023/10/25 12:10:35.158 - MENSAJE: (FrontEnd Antes CapturaPlaca) ------
2023/10/25 12:10:35.159 - MENSAJE: 
2023/10/25 12:10:35.159 - MENSAJE: 
2023/10/25 12:10:35.169 - MENSAJE: 
2023/10/25 12:10:36.150 - MENSAJE: (FrontEnd Antes CapturaPlaca)
2023/10/25 12:10:36.165 - MENSAJE: (FrontEnd Antes CapturaPlaca) ------
2023/10/25 12:10:36.166 - MENSAJE: 
2023/10/25 12:10:36.166 - MENSAJE: 
2023/10/25 12:10:36.177 - MENSAJE: 
2023/10/25 12:10:37.163 - MENSAJE: (FrontEnd Antes CapturaPlaca)
2023/10/25 12:10:37.178 - MENSAJE: (FrontEnd Antes CapturaPlaca) ------
2023/10/25 12:10:37.179 - MENSAJE: 
2023/10/25 12:10:37.179 - MENSAJE: 
2023/10/25 12:10:37.190 - MENSAJE: 
2023/10/25 12:10:38.166 - MENSAJE: (FrontEnd Antes CapturaPlaca)
2023/10/25 12:10:38.186 - MENSAJE: (FrontEnd Antes CapturaPlaca) ------
2023/10/25 12:10:38.187 - MENSAJE: 
2023/10/25 12:10:38.187 - MENSAJE: 
2023/10/25 12:10:38.199 - MENSAJE: 
2023/10/25 12:10:39.180 - MENSAJE: (FrontEnd Antes CapturaPlaca)
2023/10/25 12:10:39.195 - MENSAJE: (FrontEnd Antes CapturaPlaca) ------
2023/10/25 12:10:39.196 - MENSAJE: 
2023/10/25 12:10:39.196 - MENSAJE: 
2023/10/25 12:10:39.206 - MENSAJE: 
2023/10/25 12:10:40.142 - MENSAJE: (FrontEnd Antes CapturaPlaca)
2023/10/25 12:10:40.155 - MENSAJE: (FrontEnd Antes CapturaPlaca) ------
2023/10/25 12:10:40.156 - MENSAJE: 
2023/10/25 12:10:40.157 - MENSAJE: 
2023/10/25 12:10:40.167 - MENSAJE: 
2023/10/25 12:10:41.150 - MENSAJE: (FrontEnd Antes CapturaPlaca)
2023/10/25 12:10:41.164 - MENSAJE: (FrontEnd Antes CapturaPlaca) ------
2023/10/25 12:10:41.166 - MENSAJE: 
2023/10/25 12:10:41.166 - MENSAJE: 
2023/10/25 12:10:41.177 - MENSAJE: 
2023/10/25 12:10:42.150 - MENSAJE: (FrontEnd Antes CapturaPlaca)
2023/10/25 12:10:42.166 - MENSAJE: (FrontEnd Antes CapturaPlaca) ------
2023/10/25 12:10:42.168 - MENSAJE: 
2023/10/25 12:10:42.168 - MENSAJE: 
2023/10/25 12:10:42.179 - MENSAJE: 
2023/10/25 12:10:43.149 - MENSAJE: (FrontEnd Antes CapturaPlaca)
2023/10/25 12:10:43.169 - MENSAJE: (FrontEnd Antes CapturaPlaca) ------
2023/10/25 12:10:43.170 - MENSAJE: 
2023/10/25 12:10:43.170 - MENSAJE: 
2023/10/25 12:10:43.181 - MENSAJE: 
2023/10/25 12:10:44.146 - MENSAJE: (FrontEnd Antes CapturaPlaca)
2023/10/25 12:10:44.164 - MENSAJE: (FrontEnd Antes CapturaPlaca) ------
2023/10/25 12:10:44.166 - MENSAJE: 
2023/10/25 12:10:44.166 - MENSAJE: 
2023/10/25 12:10:44.176 - MENSAJE: 
2023/10/25 12:10:45.148 - MENSAJE: (FrontEnd Antes CapturaPlaca)
2023/10/25 12:10:45.163 - MENSAJE: (FrontEnd Antes CapturaPlaca) ------
2023/10/25 12:10:45.164 - MENSAJE: 
2023/10/25 12:10:45.164 - MENSAJE: 
2023/10/25 12:10:45.175 - MENSAJE: 
2023/10/25 12:10:46.147 - MENSAJE: (FrontEnd Antes CapturaPlaca)
2023/10/25 12:10:46.168 - MENSAJE: (FrontEnd Antes CapturaPlaca) ------
2023/10/25 12:10:46.170 - MENSAJE: 
2023/10/25 12:10:46.170 - MENSAJE: 
2023/10/25 12:10:46.181 - MENSAJE: 
2023/10/25 12:10:47.147 - MENSAJE: (FrontEnd Antes CapturaPlaca)
2023/10/25 12:10:47.163 - MENSAJE: (FrontEnd Antes CapturaPlaca) ------
2023/10/25 12:10:47.164 - MENSAJE: 
2023/10/25 12:10:47.164 - MENSAJE: 
2023/10/25 12:10:47.175 - MENSAJE: 
2023/10/25 12:10:48.151 - MENSAJE: (FrontEnd Antes CapturaPlaca)
2023/10/25 12:10:48.216 - MENSAJE: (FrontEnd Antes CapturaPlaca) ------
2023/10/25 12:10:48.218 - MENSAJE: 
2023/10/25 12:10:48.218 - MENSAJE: 
2023/10/25 12:10:48.229 - MENSAJE: 
2023/10/25 12:10:49.147 - MENSAJE: (FrontEnd Antes CapturaPlaca)
2023/10/25 12:10:49.174 - MENSAJE: (FrontEnd Antes CapturaPlaca) ------
2023/10/25 12:10:49.176 - MENSAJE: 
2023/10/25 12:10:49.176 - MENSAJE: 
2023/10/25 12:10:49.187 - MENSAJE: 
2023/10/25 12:10:50.147 - MENSAJE: (FrontEnd Antes CapturaPlaca)
2023/10/25 12:10:50.161 - MENSAJE: (FrontEnd Antes CapturaPlaca) ------
2023/10/25 12:10:50.162 - MENSAJE: 
2023/10/25 12:10:50.162 - MENSAJE: 
2023/10/25 12:10:50.173 - MENSAJE: 
2023/10/25 12:10:51.151 - MENSAJE: (FrontEnd Antes CapturaPlaca)
2023/10/25 12:10:51.173 - MENSAJE: (FrontEnd Antes CapturaPlaca) ------
2023/10/25 12:10:51.175 - MENSAJE: 
2023/10/25 12:10:51.175 - MENSAJE: 
2023/10/25 12:10:51.186 - MENSAJE: 
2023/10/25 12:10:52.148 - MENSAJE: (FrontEnd Antes CapturaPlaca)
2023/10/25 12:10:52.162 - MENSAJE: (FrontEnd Antes CapturaPlaca) ------
2023/10/25 12:10:52.163 - MENSAJE: 
2023/10/25 12:10:52.163 - MENSAJE: 
2023/10/25 12:10:52.173 - MENSAJE: 
2023/10/25 12:10:53.146 - MENSAJE: (FrontEnd Antes CapturaPlaca)
2023/10/25 12:10:53.159 - MENSAJE: (FrontEnd Antes CapturaPlaca) ------
2023/10/25 12:10:53.160 - MENSAJE: 
2023/10/25 12:10:53.160 - MENSAJE: 
2023/10/25 12:10:53.171 - MENSAJE: 
2023/10/25 12:10:54.149 - MENSAJE: (FrontEnd Antes CapturaPlaca)
2023/10/25 12:10:54.164 - MENSAJE: (FrontEnd Antes CapturaPlaca) ------
2023/10/25 12:10:54.165 - MENSAJE: 
2023/10/25 12:10:54.165 - MENSAJE: 
2023/10/25 12:10:54.175 - MENSAJE: 
2023/10/25 12:10:55.147 - MENSAJE: (FrontEnd Antes CapturaPlaca)
2023/10/25 12:10:55.161 - MENSAJE: (FrontEnd Antes CapturaPlaca) ------
2023/10/25 12:10:55.161 - MENSAJE: 
2023/10/25 12:10:55.162 - MENSAJE: 
2023/10/25 12:10:55.172 - MENSAJE: 
2023/10/25 12:10:56.159 - MENSAJE: (FrontEnd Antes CapturaPlaca)
2023/10/25 12:10:56.169 - MENSAJE: (FrontEnd Antes CapturaPlaca) ------
2023/10/25 12:10:56.170 - MENSAJE: 
2023/10/25 12:10:56.170 - MENSAJE: 
2023/10/25 12:10:56.180 - MENSAJE: 
2023/10/25 12:10:57.171 - MENSAJE: (FrontEnd Antes CapturaPlaca)
2023/10/25 12:10:57.184 - MENSAJE: (FrontEnd Antes CapturaPlaca) ------
2023/10/25 12:10:57.185 - MENSAJE: 
2023/10/25 12:10:57.185 - MENSAJE: 
2023/10/25 12:10:57.195 - MENSAJE: 
2023/10/25 12:10:58.176 - MENSAJE: (FrontEnd Antes CapturaPlaca)
2023/10/25 12:10:58.186 - MENSAJE: (FrontEnd Antes CapturaPlaca) ------
2023/10/25 12:10:58.187 - MENSAJE: 
2023/10/25 12:10:58.187 - MENSAJE: 
2023/10/25 12:10:58.198 - MENSAJE: 
2023/10/25 12:10:59.147 - MENSAJE: (FrontEnd Antes CapturaPlaca)
2023/10/25 12:10:59.161 - MENSAJE: (FrontEnd Antes CapturaPlaca) ------
2023/10/25 12:10:59.162 - MENSAJE: 
2023/10/25 12:10:59.163 - MENSAJE: 
2023/10/25 12:10:59.173 - MENSAJE: 
2023/10/25 12:11:00.145 - MENSAJE: (FrontEnd Antes CapturaPlaca)
2023/10/25 12:11:00.163 - MENSAJE: (FrontEnd Antes CapturaPlaca) ------
2023/10/25 12:11:00.165 - MENSAJE: 
2023/10/25 12:11:00.165 - MENSAJE: 
2023/10/25 12:11:00.176 - MENSAJE: 
2023/10/25 12:11:01.148 - MENSAJE: (FrontEnd Antes CapturaPlaca)
2023/10/25 12:11:01.164 - MENSAJE: (FrontEnd Antes CapturaPlaca) ------
2023/10/25 12:11:01.166 - MENSAJE: 
2023/10/25 12:11:01.166 - MENSAJE: 
2023/10/25 12:11:01.176 - MENSAJE: 
2023/10/25 12:11:02.144 - MENSAJE: (FrontEnd Antes CapturaPlaca)
2023/10/25 12:11:02.164 - MENSAJE: (FrontEnd Antes CapturaPlaca) ------
2023/10/25 12:11:02.165 - MENSAJE: 
2023/10/25 12:11:02.165 - MENSAJE: 
2023/10/25 12:11:02.176 - MENSAJE: 
2023/10/25 12:11:03.150 - MENSAJE: (FrontEnd Antes CapturaPlaca)
2023/10/25 12:11:03.164 - MENSAJE: (FrontEnd Antes CapturaPlaca) ------
2023/10/25 12:11:03.165 - MENSAJE: 
2023/10/25 12:11:03.165 - MENSAJE: 
2023/10/25 12:11:03.176 - MENSAJE: 
2023/10/25 12:11:04.142 - MENSAJE: (FrontEnd Antes CapturaPlaca)
2023/10/25 12:11:04.156 - MENSAJE: (FrontEnd Antes CapturaPlaca) ------
2023/10/25 12:11:04.157 - MENSAJE: 
2023/10/25 12:11:04.157 - MENSAJE: 
2023/10/25 12:11:04.168 - MENSAJE: 
2023/10/25 12:11:05.147 - MENSAJE: (FrontEnd Antes CapturaPlaca)
2023/10/25 12:11:05.172 - MENSAJE: (FrontEnd Antes CapturaPlaca) ------
2023/10/25 12:11:05.173 - MENSAJE: 
2023/10/25 12:11:05.173 - MENSAJE: 
2023/10/25 12:11:05.184 - MENSAJE: 
2023/10/25 12:11:06.142 - MENSAJE: (FrontEnd Antes CapturaPlaca)
2023/10/25 12:11:06.166 - MENSAJE: (FrontEnd Antes CapturaPlaca) ------
2023/10/25 12:11:06.166 - MENSAJE: 
2023/10/25 12:11:06.167 - MENSAJE: 
2023/10/25 12:11:06.177 - MENSAJE: 
2023/10/25 12:11:07.148 - MENSAJE: (FrontEnd Antes CapturaPlaca)
2023/10/25 12:11:07.162 - MENSAJE: (FrontEnd Antes CapturaPlaca) ------
2023/10/25 12:11:07.164 - MENSAJE: 
2023/10/25 12:11:07.164 - MENSAJE: 
2023/10/25 12:11:07.175 - MENSAJE: 
2023/10/25 12:11:08.143 - MENSAJE: (FrontEnd Antes CapturaPlaca)
2023/10/25 12:11:08.168 - MENSAJE: (FrontEnd Antes CapturaPlaca) ------
2023/10/25 12:11:08.169 - MENSAJE: 
2023/10/25 12:11:08.169 - MENSAJE: 
2023/10/25 12:11:08.180 - MENSAJE: 
2023/10/25 12:11:09.147 - MENSAJE: (FrontEnd Antes CapturaPlaca)
2023/10/25 12:11:09.164 - MENSAJE: (FrontEnd Antes CapturaPlaca) ------
2023/10/25 12:11:09.165 - MENSAJE: 
2023/10/25 12:11:09.165 - MENSAJE: 
2023/10/25 12:11:09.176 - MENSAJE: 
2023/10/25 12:11:10.151 - MENSAJE: (FrontEnd Antes CapturaPlaca)
2023/10/25 12:11:10.163 - MENSAJE: (FrontEnd Antes CapturaPlaca) ------
2023/10/25 12:11:10.164 - MENSAJE: 
2023/10/25 12:11:10.164 - MENSAJE: 
2023/10/25 12:11:10.174 - MENSAJE: 
2023/10/25 12:11:11.147 - MENSAJE: (FrontEnd Antes CapturaPlaca)
2023/10/25 12:11:11.163 - MENSAJE: (FrontEnd Antes CapturaPlaca) ------
2023/10/25 12:11:11.164 - MENSAJE: 
2023/10/25 12:11:11.164 - MENSAJE: 
2023/10/25 12:11:11.175 - MENSAJE: 
2023/10/25 12:11:12.149 - MENSAJE: (FrontEnd Antes CapturaPlaca)
2023/10/25 12:11:12.162 - MENSAJE: (FrontEnd Antes CapturaPlaca) ------
2023/10/25 12:11:12.163 - MENSAJE: 
2023/10/25 12:11:12.163 - MENSAJE: 
2023/10/25 12:11:12.174 - MENSAJE: 
2023/10/25 12:11:13.182 - MENSAJE: (FrontEnd Antes CapturaPlaca)
2023/10/25 12:11:13.197 - MENSAJE: (FrontEnd Antes CapturaPlaca) ------
2023/10/25 12:11:13.198 - MENSAJE: 
2023/10/25 12:11:13.203 - MENSAJE: 
2023/10/25 12:11:13.213 - MENSAJE: 
2023/10/25 12:11:14.148 - MENSAJE: (FrontEnd Antes CapturaPlaca)
2023/10/25 12:11:14.163 - MENSAJE: (FrontEnd Antes CapturaPlaca) ------
2023/10/25 12:11:14.164 - MENSAJE: 
2023/10/25 12:11:14.164 - MENSAJE: 
2023/10/25 12:11:14.174 - MENSAJE: 
2023/10/25 12:11:15.146 - MENSAJE: (FrontEnd Antes CapturaPlaca)
2023/10/25 12:11:15.172 - MENSAJE: (FrontEnd Antes CapturaPlaca) ------
2023/10/25 12:11:15.173 - MENSAJE: 
2023/10/25 12:11:15.173 - MENSAJE: 
2023/10/25 12:11:15.183 - MENSAJE: 
2023/10/25 12:11:16.144 - MENSAJE: (FrontEnd Antes CapturaPlaca)
2023/10/25 12:11:16.159 - MENSAJE: (FrontEnd Antes CapturaPlaca) ------
2023/10/25 12:11:16.160 - MENSAJE: 
2023/10/25 12:11:16.161 - MENSAJE: 
2023/10/25 12:11:16.171 - MENSAJE: 
2023/10/25 12:11:17.141 - MENSAJE: (FrontEnd Antes CapturaPlaca)
2023/10/25 12:11:17.156 - MENSAJE: (FrontEnd Antes CapturaPlaca) ------
2023/10/25 12:11:17.157 - MENSAJE: 
2023/10/25 12:11:17.158 - MENSAJE: 
2023/10/25 12:11:17.168 - MENSAJE: 
2023/10/25 12:11:18.144 - MENSAJE: (FrontEnd Antes CapturaPlaca)
2023/10/25 12:11:18.154 - MENSAJE: (FrontEnd Antes CapturaPlaca) ------
2023/10/25 12:11:18.154 - MENSAJE: 
2023/10/25 12:11:18.154 - MENSAJE: 
2023/10/25 12:11:18.165 - MENSAJE: 
2023/10/25 12:11:19.142 - MENSAJE: (FrontEnd Antes CapturaPlaca)
2023/10/25 12:11:19.181 - MENSAJE: (FrontEnd Antes CapturaPlaca) ------
2023/10/25 12:11:19.182 - MENSAJE: 
2023/10/25 12:11:19.184 - MENSAJE: 
2023/10/25 12:11:19.198 - MENSAJE: 
2023/10/25 12:11:20.149 - MENSAJE: (FrontEnd Antes CapturaPlaca)
2023/10/25 12:11:20.166 - MENSAJE: (FrontEnd Antes CapturaPlaca) ------
2023/10/25 12:11:20.167 - MENSAJE: 
2023/10/25 12:11:20.171 - MENSAJE: 
2023/10/25 12:11:20.184 - MENSAJE: 
2023/10/25 12:11:21.148 - MENSAJE: (FrontEnd Antes CapturaPlaca)
2023/10/25 12:11:21.171 - MENSAJE: (FrontEnd Antes CapturaPlaca) ------
2023/10/25 12:11:21.172 - MENSAJE: 
2023/10/25 12:11:21.172 - MENSAJE: 
2023/10/25 12:11:21.183 - MENSAJE: 
2023/10/25 12:11:22.172 - MENSAJE: (FrontEnd Antes CapturaPlaca)
2023/10/25 12:11:22.191 - MENSAJE: (FrontEnd Antes CapturaPlaca) ------
2023/10/25 12:11:22.192 - MENSAJE: 
2023/10/25 12:11:22.192 - MENSAJE: 
2023/10/25 12:11:22.203 - MENSAJE: 
2023/10/25 12:11:23.182 - MENSAJE: (FrontEnd Antes CapturaPlaca)
2023/10/25 12:11:23.195 - MENSAJE: (FrontEnd Antes CapturaPlaca) ------
2023/10/25 12:11:23.196 - MENSAJE: 
2023/10/25 12:11:23.196 - MENSAJE: 
2023/10/25 12:11:23.207 - MENSAJE: 
2023/10/25 12:11:24.185 - MENSAJE: (FrontEnd Antes CapturaPlaca)
2023/10/25 12:11:24.207 - MENSAJE: (FrontEnd Antes CapturaPlaca) ------
2023/10/25 12:11:24.208 - MENSAJE: 
2023/10/25 12:11:24.209 - MENSAJE: 
2023/10/25 12:11:24.219 - MENSAJE: 
2023/10/25 12:11:25.143 - MENSAJE: (FrontEnd Antes CapturaPlaca)
2023/10/25 12:11:25.159 - MENSAJE: (FrontEnd Antes CapturaPlaca) ------
2023/10/25 12:11:25.160 - MENSAJE: 
2023/10/25 12:11:25.161 - MENSAJE: 
2023/10/25 12:11:25.171 - MENSAJE: 
2023/10/25 12:11:26.147 - MENSAJE: (FrontEnd Antes CapturaPlaca)
2023/10/25 12:11:26.167 - MENSAJE: (FrontEnd Antes CapturaPlaca) ------
2023/10/25 12:11:26.168 - MENSAJE: 
2023/10/25 12:11:26.169 - MENSAJE: 
2023/10/25 12:11:26.179 - MENSAJE: 
2023/10/25 12:11:27.143 - MENSAJE: (FrontEnd Antes CapturaPlaca)
2023/10/25 12:11:27.162 - MENSAJE: (FrontEnd Antes CapturaPlaca) ------
2023/10/25 12:11:27.163 - MENSAJE: 
2023/10/25 12:11:27.164 - MENSAJE: 
2023/10/25 12:11:27.174 - MENSAJE: 
2023/10/25 12:11:28.149 - MENSAJE: (FrontEnd Antes CapturaPlaca)
2023/10/25 12:11:28.167 - MENSAJE: (FrontEnd Antes CapturaPlaca) ------
2023/10/25 12:11:28.168 - MENSAJE: 
2023/10/25 12:11:28.168 - MENSAJE: 
2023/10/25 12:11:28.179 - MENSAJE: 
2023/10/25 12:11:29.144 - MENSAJE: (FrontEnd Antes CapturaPlaca)
2023/10/25 12:11:29.162 - MENSAJE: (FrontEnd Antes CapturaPlaca) ------
2023/10/25 12:11:29.164 - MENSAJE: 
2023/10/25 12:11:29.164 - MENSAJE: 
2023/10/25 12:11:29.175 - MENSAJE: 
2023/10/25 12:11:30.144 - MENSAJE: (FrontEnd Antes CapturaPlaca)
2023/10/25 12:11:30.165 - MENSAJE: (FrontEnd Antes CapturaPlaca) ------
2023/10/25 12:11:30.165 - MENSAJE: 
2023/10/25 12:11:30.166 - MENSAJE: 
2023/10/25 12:11:30.177 - MENSAJE: 
2023/10/25 12:11:31.151 - MENSAJE: (FrontEnd Antes CapturaPlaca)
2023/10/25 12:11:31.171 - MENSAJE: (FrontEnd Antes CapturaPlaca) ------
2023/10/25 12:11:31.172 - MENSAJE: 
2023/10/25 12:11:31.172 - MENSAJE: 
2023/10/25 12:11:31.183 - MENSAJE: 
2023/10/25 02:35:52.723 - INICIO REGISTRO
2023/10/25 02:35:52.730 - MENSAJE: (FrondEnd CargaRecursos): Carga Controles - OK
2023/10/25 02:35:52.849 - MENSAJE: (FrondEnd CargaImagenes): Carga Imagenes - OK
2023/10/25 02:35:53.528 - MENSAJE: (Presenter ObtenerInfoModulo) OK
2023/10/25 02:35:53.556 - MENSAJE: (Presenter ObtenerInfoPartes) OK
2023/10/25 02:35:53.577 - MENSAJE: (Presenter ObtenerInfoParametros) OK
2023/10/25 02:35:53.602 - MENSAJE: 
2023/10/25 02:35:53.684 - MENSAJE: (PRESENTER) Error Borrado Varibales PLC
2023/10/25 02:35:53.761 - MENSAJE: (FrontEnd Antes CapturaPlaca)
2023/10/25 02:35:53.779 - MENSAJE: (FrontEnd Antes CapturaPlaca) ------
2023/10/25 02:35:53.794 - MENSAJE: 
2023/10/25 02:35:53.808 - MENSAJE: 
2023/10/25 02:35:54.722 - MENSAJE: (FrontEnd Antes CapturaPlaca)
2023/10/25 02:35:54.734 - MENSAJE: (FrontEnd Antes CapturaPlaca) ------
2023/10/25 02:35:54.735 - MENSAJE: 
2023/10/25 02:35:54.735 - MENSAJE: 
2023/10/25 02:35:54.748 - MENSAJE: 
2023/10/25 02:35:55.731 - MENSAJE: (FrontEnd Antes CapturaPlaca)
2023/10/25 02:35:55.744 - MENSAJE: (FrontEnd Antes CapturaPlaca) ------
2023/10/25 02:35:55.745 - MENSAJE: 
2023/10/25 02:35:55.746 - MENSAJE: 
2023/10/25 02:35:55.756 - MENSAJE: 
2023/10/25 02:35:56.738 - MENSAJE: (FrontEnd Antes CapturaPlaca)
2023/10/25 02:35:56.755 - MENSAJE: (FrontEnd Antes CapturaPlaca) ------
2023/10/25 02:35:56.756 - MENSAJE: 
2023/10/25 02:35:56.756 - MENSAJE: 
2023/10/25 02:35:56.767 - MENSAJE: 
2023/10/25 02:35:57.752 - MENSAJE: (FrontEnd Antes CapturaPlaca)
2023/10/25 02:35:57.767 - MENSAJE: (FrontEnd Antes CapturaPlaca) ------
2023/10/25 02:35:57.768 - MENSAJE: 
2023/10/25 02:35:57.768 - MENSAJE: 
2023/10/25 02:35:57.779 - MENSAJE: 
2023/10/25 02:35:58.724 - MENSAJE: (FrontEnd Antes CapturaPlaca)
2023/10/25 02:35:58.736 - MENSAJE: (FrontEnd Antes CapturaPlaca) ------
2023/10/25 02:35:58.737 - MENSAJE: 
2023/10/25 02:35:58.737 - MENSAJE: 
2023/10/25 02:35:58.748 - MENSAJE: 
2023/10/25 02:35:58.756 - MENSAJE: oAutorizado.PlacaAuto : ------
2023/10/25 02:35:58.851 - MENSAJE: 
2023/10/25 02:35:58.851 - MENSAJE: 
2023/10/25 02:35:59.721 - MENSAJE: 
2023/10/25 02:35:59.722 - MENSAJE: 
2023/10/25 02:36:00.724 - MENSAJE: 
2023/10/25 02:36:00.725 - MENSAJE: 
2023/10/25 02:36:01.723 - MENSAJE: 
2023/10/25 02:36:01.724 - MENSAJE: 
2023/10/25 02:36:02.728 - MENSAJE: 
2023/10/25 02:36:02.730 - MENSAJE: 
2023/10/25 02:36:03.719 - MENSAJE: 
2023/10/25 02:36:03.721 - MENSAJE: 
2023/10/25 02:36:04.673 - MENSAJE: 
2023/10/25 02:36:04.684 - MENSAJE: 
2023/10/25 02:36:04.728 - MENSAJE: 
2023/10/25 02:36:04.728 - MENSAJE: 
2023/10/25 02:36:04.729 - MENSAJE: 
2023/10/25 02:36:04.739 - MENSAJE: 
2023/10/25 02:36:08.785 - MENSAJE: (PRESENTER) Error Borrado Varibales PLC
2023/10/25 02:36:09.723 - MENSAJE: (FrontEnd Antes CapturaPlaca)
2023/10/25 02:36:09.742 - MENSAJE: (FrontEnd Antes CapturaPlaca) ------
2023/10/25 02:36:09.743 - MENSAJE: 
2023/10/25 02:36:09.743 - MENSAJE: 
2023/10/25 02:36:09.754 - MENSAJE: 
2023/10/25 02:36:10.731 - MENSAJE: (FrontEnd Antes CapturaPlaca)
2023/10/25 02:36:10.747 - MENSAJE: (FrontEnd Antes CapturaPlaca) ------
2023/10/25 02:36:10.748 - MENSAJE: 
2023/10/25 02:36:10.748 - MENSAJE: 
2023/10/25 02:36:10.759 - MENSAJE: 
2023/10/25 02:36:11.735 - MENSAJE: (FrontEnd Antes CapturaPlaca)
2023/10/25 02:36:11.745 - MENSAJE: (FrontEnd Antes CapturaPlaca) ------
2023/10/25 02:36:11.746 - MENSAJE: 
2023/10/25 02:36:11.746 - MENSAJE: 
2023/10/25 02:36:11.757 - MENSAJE: 
2023/10/25 02:36:12.759 - MENSAJE: (FrontEnd Antes CapturaPlaca)
2023/10/25 02:36:12.786 - MENSAJE: (FrontEnd Antes CapturaPlaca) ------
2023/10/25 02:36:12.787 - MENSAJE: 
2023/10/25 02:36:12.789 - MENSAJE: 
2023/10/25 02:36:12.798 - MENSAJE: 
2023/10/25 02:36:13.727 - MENSAJE: (FrontEnd Antes CapturaPlaca)
2023/10/25 02:36:13.752 - MENSAJE: (FrontEnd Antes CapturaPlaca) ------
2023/10/25 02:36:13.753 - MENSAJE: 
2023/10/25 02:36:13.755 - MENSAJE: 
2023/10/25 02:36:13.763 - MENSAJE: 
