2023/09/20 09:19:39.774 - INICIO REGISTRO
2023/09/20 09:19:39.784 - MENSAJE: (FrondEnd CargaRecursos): Carga Controles - OK
2023/09/20 09:19:39.950 - MENSAJE: (FrondEnd CargaImagenes): Carga Imagenes - OK
2023/09/20 09:19:42.928 - MENSAJE: (Presenter ObtenerInfoModulo) OK
2023/09/20 09:19:42.976 - MENSAJE: (Presenter ObtenerInfoPartes) OK
2023/09/20 09:19:43.015 - MENSAJE: (Presenter ObtenerInfoParametros) OK
2023/09/20 09:19:43.049 - MENSAJE: 
2023/09/20 09:19:43.086 - MENSAJE: ConexionExitosa_Dispensador
2023/09/20 09:19:43.297 - MENSAJE: (PRESENTER) Error Borrado Varibales PLC
2023/09/20 09:19:43.919 - MENSAJE: Tarjeta_En_Boca
2023/09/20 09:19:43.919 - MENSAJE: Tarjeta_En_Boca
2023/09/20 09:19:43.924 - MENSAJE: 
2023/09/20 09:19:43.959 - MENSAJE: 
2023/09/20 09:19:44.616 - MENSAJE: Tarjeta_En_Boca
2023/09/20 09:19:44.616 - MENSAJE: Tarjeta_En_Boca
2023/09/20 09:19:44.617 - MENSAJE: 
2023/09/20 09:19:44.619 - MENSAJE: (FrontEnd Antes AlistarTarjetaNew)
2023/09/20 09:19:44.620 - MENSAJE: 
2023/09/20 09:19:44.628 - MENSAJE: 
2023/09/20 09:19:46.367 - MENSAJE: Tarjeta_Alistada
2023/09/20 09:19:46.426 - MENSAJE: Tarjeta Encontrada: 9AF2698B
2023/09/20 09:19:46.426 - MENSAJE: (FrontEnd Despues AlistarTarjetaNew)
2023/09/20 09:19:46.427 - MENSAJE: (FrontEnd Antes CapturaPlaca)
2023/09/20 09:19:47.318 - MENSAJE: (FrontEnd CapturaPlaca) Placa: BXO833
2023/09/20 09:19:47.366 - MENSAJE: (FrontEnd CapturaPlaca) Placa: BXO833
2023/09/20 09:19:47.366 - MENSAJE: (FrontEnd Antes CapturaPlaca) ------
2023/09/20 09:19:47.388 - MENSAJE: (FrontEnd Antes EscribirTarjetaNew)
2023/09/20 09:19:49.895 - MENSAJE: Tarjeta_Escrita
2023/09/20 09:19:49.907 - MENSAJE: Tarjeta_MovidaReceptor_RF_TO_FRONT
2023/09/20 09:19:49.910 - MENSAJE: (FrontEnd Despues EscribirTarjetaNew)
2023/09/20 09:19:50.601 - MENSAJE: Tarjeta_En_Boca
2023/09/20 09:19:50.602 - MENSAJE: Tarjeta_En_Boca
2023/09/20 09:19:50.610 - MENSAJE: 
2023/09/20 09:19:50.610 - MENSAJE: 
2023/09/20 09:19:50.621 - MENSAJE: 
2023/09/20 09:19:51.336 - MENSAJE: Tarjeta_En_Boca
2023/09/20 09:19:51.337 - MENSAJE: Tarjeta_En_Boca
2023/09/20 09:19:51.352 - MENSAJE: 
2023/09/20 09:19:51.352 - MENSAJE: 
2023/09/20 09:19:51.363 - MENSAJE: 
2023/09/20 09:19:52.336 - MENSAJE: Tarjeta_En_Boca
2023/09/20 09:19:52.337 - MENSAJE: Tarjeta_En_Boca
2023/09/20 09:19:52.346 - MENSAJE: 
2023/09/20 09:19:52.347 - MENSAJE: 
2023/09/20 09:19:52.358 - MENSAJE: 
2023/09/20 09:19:53.335 - MENSAJE: Tarjeta_En_Boca
2023/09/20 09:19:53.336 - MENSAJE: Tarjeta_En_Boca
2023/09/20 09:19:53.348 - MENSAJE: 
2023/09/20 09:19:53.348 - MENSAJE: 
2023/09/20 09:19:53.359 - MENSAJE: 
2023/09/20 09:19:54.332 - MENSAJE: Tarjeta_En_Boca
2023/09/20 09:19:54.333 - MENSAJE: Tarjeta_En_Boca
2023/09/20 09:19:54.345 - MENSAJE: 
2023/09/20 09:19:54.345 - MENSAJE: 
2023/09/20 09:19:54.356 - MENSAJE: 
2023/09/20 09:19:55.332 - MENSAJE: Tarjeta_En_Boca
2023/09/20 09:19:55.333 - MENSAJE: Tarjeta_En_Boca
2023/09/20 09:19:55.341 - MENSAJE: 
2023/09/20 09:19:55.341 - MENSAJE: 
2023/09/20 09:19:55.352 - MENSAJE: 
2023/09/20 09:19:56.335 - MENSAJE: Tarjeta_En_Boca
2023/09/20 09:19:56.335 - MENSAJE: Tarjeta_En_Boca
2023/09/20 09:19:56.343 - MENSAJE: 
2023/09/20 09:19:56.343 - MENSAJE: 
2023/09/20 09:19:56.354 - MENSAJE: 
2023/09/20 09:19:57.333 - MENSAJE: Tarjeta_En_Boca
2023/09/20 09:19:57.333 - MENSAJE: Tarjeta_En_Boca
2023/09/20 09:19:57.342 - MENSAJE: 
2023/09/20 09:19:57.342 - MENSAJE: 
2023/09/20 09:19:57.353 - MENSAJE: 
2023/09/20 09:19:58.331 - MENSAJE: Tarjeta_En_Boca
2023/09/20 09:19:58.332 - MENSAJE: Tarjeta_En_Boca
2023/09/20 09:19:58.340 - MENSAJE: 
2023/09/20 09:19:58.340 - MENSAJE: 
2023/09/20 09:19:58.351 - MENSAJE: 
2023/09/20 09:19:59.326 - MENSAJE: Tarjeta_En_Boca
2023/09/20 09:19:59.326 - MENSAJE: Tarjeta_En_Boca
2023/09/20 09:19:59.335 - MENSAJE: 
2023/09/20 09:19:59.335 - MENSAJE: 
2023/09/20 09:19:59.346 - MENSAJE: 
2023/09/20 09:20:00.340 - MENSAJE: Tarjeta_En_Boca
2023/09/20 09:20:00.341 - MENSAJE: Tarjeta_En_Boca
2023/09/20 09:20:00.351 - MENSAJE: 
2023/09/20 09:20:00.351 - MENSAJE: 
2023/09/20 09:20:00.362 - MENSAJE: 
2023/09/20 09:20:01.326 - MENSAJE: Tarjeta_En_Boca
2023/09/20 09:20:01.326 - MENSAJE: Tarjeta_En_Boca
2023/09/20 09:20:01.335 - MENSAJE: 
2023/09/20 09:20:01.335 - MENSAJE: 
2023/09/20 09:20:01.346 - MENSAJE: 
2023/09/20 09:20:02.337 - MENSAJE: Tarjeta_En_Boca
2023/09/20 09:20:02.338 - MENSAJE: Tarjeta_En_Boca
2023/09/20 09:20:02.349 - MENSAJE: 
2023/09/20 09:20:02.349 - MENSAJE: 
2023/09/20 09:20:02.360 - MENSAJE: 
2023/09/20 09:20:03.325 - MENSAJE: Tarjeta_En_Boca
2023/09/20 09:20:03.325 - MENSAJE: Tarjeta_En_Boca
2023/09/20 09:20:03.340 - MENSAJE: 
2023/09/20 09:20:03.340 - MENSAJE: 
2023/09/20 09:20:03.350 - MENSAJE: 
2023/09/20 09:20:04.339 - MENSAJE: Tarjeta_En_Boca
2023/09/20 09:20:04.340 - MENSAJE: Tarjeta_En_Boca
2023/09/20 09:20:04.348 - MENSAJE: 
2023/09/20 09:20:04.348 - MENSAJE: 
2023/09/20 09:20:04.359 - MENSAJE: 
2023/09/20 09:20:05.324 - MENSAJE: Tarjeta_En_Boca
2023/09/20 09:20:05.325 - MENSAJE: Tarjeta_En_Boca
2023/09/20 09:20:05.337 - MENSAJE: 
2023/09/20 09:20:05.337 - MENSAJE: 
2023/09/20 09:20:05.348 - MENSAJE: 
2023/09/20 09:20:06.325 - MENSAJE: Tarjeta_En_Boca
2023/09/20 09:20:06.325 - MENSAJE: Tarjeta_En_Boca
2023/09/20 09:20:06.343 - MENSAJE: 
2023/09/20 09:20:06.344 - MENSAJE: 
2023/09/20 09:20:06.366 - MENSAJE: 
2023/09/20 09:20:07.320 - MENSAJE: Tarjeta_En_Boca
2023/09/20 09:20:07.320 - MENSAJE: Tarjeta_En_Boca
2023/09/20 09:20:07.338 - MENSAJE: 
2023/09/20 09:20:07.338 - MENSAJE: 
2023/09/20 09:20:07.348 - MENSAJE: 
2023/09/20 09:20:08.338 - MENSAJE: Tarjeta_En_Boca
2023/09/20 09:20:08.339 - MENSAJE: Tarjeta_En_Boca
2023/09/20 09:20:08.348 - MENSAJE: 
2023/09/20 09:20:08.348 - MENSAJE: 
2023/09/20 09:20:08.358 - MENSAJE: 
2023/09/20 09:20:09.339 - MENSAJE: Tarjeta_En_Boca
2023/09/20 09:20:09.340 - MENSAJE: Tarjeta_En_Boca
2023/09/20 09:20:09.349 - MENSAJE: 
2023/09/20 09:20:09.349 - MENSAJE: 
2023/09/20 09:20:09.359 - MENSAJE: 
2023/09/20 09:20:10.327 - MENSAJE: Tarjeta_En_Boca
2023/09/20 09:20:10.327 - MENSAJE: Tarjeta_En_Boca
2023/09/20 09:20:10.337 - MENSAJE: 
2023/09/20 09:20:10.337 - MENSAJE: 
2023/09/20 09:20:10.348 - MENSAJE: 
2023/09/20 09:20:11.330 - MENSAJE: Tarjeta_En_Boca
2023/09/20 09:20:11.330 - MENSAJE: Tarjeta_En_Boca
2023/09/20 09:20:11.345 - MENSAJE: 
2023/09/20 09:20:11.345 - MENSAJE: 
2023/09/20 09:20:11.355 - MENSAJE: 
2023/09/20 09:20:12.328 - MENSAJE: Tarjeta_En_Boca
2023/09/20 09:20:12.329 - MENSAJE: Tarjeta_En_Boca
2023/09/20 09:20:12.347 - MENSAJE: 
2023/09/20 09:20:12.347 - MENSAJE: 
2023/09/20 09:20:12.358 - MENSAJE: 
2023/09/20 09:20:13.327 - MENSAJE: Tarjeta_En_Boca
2023/09/20 09:20:13.328 - MENSAJE: Tarjeta_En_Boca
2023/09/20 09:20:13.338 - MENSAJE: 
2023/09/20 09:20:13.338 - MENSAJE: 
2023/09/20 09:20:13.348 - MENSAJE: 
2023/09/20 09:20:14.338 - MENSAJE: Tarjeta_En_Boca
2023/09/20 09:20:14.339 - MENSAJE: Tarjeta_En_Boca
2023/09/20 09:20:14.347 - MENSAJE: 
2023/09/20 09:20:14.347 - MENSAJE: 
2023/09/20 09:20:14.358 - MENSAJE: 
2023/09/20 09:20:15.340 - MENSAJE: Tarjeta_En_Boca
2023/09/20 09:20:15.341 - MENSAJE: Tarjeta_En_Boca
2023/09/20 09:20:15.350 - MENSAJE: 
2023/09/20 09:20:15.351 - MENSAJE: 
2023/09/20 09:20:15.361 - MENSAJE: 
2023/09/20 09:20:16.327 - MENSAJE: Tarjeta_En_Boca
2023/09/20 09:20:16.328 - MENSAJE: Tarjeta_En_Boca
2023/09/20 09:20:16.336 - MENSAJE: 
2023/09/20 09:20:16.336 - MENSAJE: 
2023/09/20 09:20:16.346 - MENSAJE: 
2023/09/20 09:20:17.329 - MENSAJE: Tarjeta_En_Boca
2023/09/20 09:20:17.330 - MENSAJE: Tarjeta_En_Boca
2023/09/20 09:20:17.338 - MENSAJE: 
2023/09/20 09:20:17.338 - MENSAJE: 
2023/09/20 09:20:17.349 - MENSAJE: 
2023/09/20 09:20:18.323 - MENSAJE: Tarjeta_En_Boca
2023/09/20 09:20:18.324 - MENSAJE: Tarjeta_En_Boca
2023/09/20 09:20:18.339 - MENSAJE: 
2023/09/20 09:20:18.339 - MENSAJE: 
2023/09/20 09:20:18.350 - MENSAJE: 
2023/09/20 09:20:19.329 - MENSAJE: Tarjeta_En_Boca
2023/09/20 09:20:19.330 - MENSAJE: Tarjeta_En_Boca
2023/09/20 09:20:19.338 - MENSAJE: 
2023/09/20 09:20:19.338 - MENSAJE: 
2023/09/20 09:20:19.349 - MENSAJE: 
2023/09/20 09:20:20.325 - MENSAJE: Tarjeta_En_Boca
2023/09/20 09:20:20.325 - MENSAJE: Tarjeta_En_Boca
2023/09/20 09:20:20.333 - MENSAJE: 
2023/09/20 09:20:20.334 - MENSAJE: 
2023/09/20 09:20:20.344 - MENSAJE: 
2023/09/20 09:20:21.323 - MENSAJE: Tarjeta_En_Boca
2023/09/20 09:20:21.324 - MENSAJE: Tarjeta_En_Boca
2023/09/20 09:20:21.333 - MENSAJE: 
2023/09/20 09:20:21.333 - MENSAJE: 
2023/09/20 09:20:21.344 - MENSAJE: 
2023/09/20 09:20:22.316 - MENSAJE: Tarjeta_En_Boca
2023/09/20 09:20:22.316 - MENSAJE: Tarjeta_En_Boca
2023/09/20 09:20:22.329 - MENSAJE: 
2023/09/20 09:20:22.330 - MENSAJE: 
2023/09/20 09:20:22.340 - MENSAJE: 
2023/09/20 09:20:23.328 - MENSAJE: Tarjeta_En_Boca
2023/09/20 09:20:23.329 - MENSAJE: Tarjeta_En_Boca
2023/09/20 09:20:23.337 - MENSAJE: 
2023/09/20 09:20:23.337 - MENSAJE: 
2023/09/20 09:20:23.347 - MENSAJE: 
2023/09/20 09:20:24.328 - MENSAJE: Tarjeta_En_Boca
2023/09/20 09:20:24.329 - MENSAJE: Tarjeta_En_Boca
2023/09/20 09:20:24.340 - MENSAJE: 
2023/09/20 09:20:24.340 - MENSAJE: 
2023/09/20 09:20:24.350 - MENSAJE: 
2023/09/20 09:20:25.327 - MENSAJE: Tarjeta_En_Boca
2023/09/20 09:20:25.327 - MENSAJE: Tarjeta_En_Boca
2023/09/20 09:20:25.335 - MENSAJE: 
2023/09/20 09:20:25.336 - MENSAJE: 
2023/09/20 09:20:25.346 - MENSAJE: 
2023/09/20 09:20:26.329 - MENSAJE: Tarjeta_En_Boca
2023/09/20 09:20:26.329 - MENSAJE: Tarjeta_En_Boca
2023/09/20 09:20:26.339 - MENSAJE: 
2023/09/20 09:20:26.339 - MENSAJE: 
2023/09/20 09:20:26.350 - MENSAJE: 
2023/09/20 09:20:27.332 - MENSAJE: Tarjeta_En_Boca
2023/09/20 09:20:27.333 - MENSAJE: Tarjeta_En_Boca
2023/09/20 09:20:27.341 - MENSAJE: 
2023/09/20 09:20:27.341 - MENSAJE: 
2023/09/20 09:20:27.352 - MENSAJE: 
2023/09/20 09:20:28.335 - MENSAJE: Tarjeta_En_Boca
2023/09/20 09:20:28.336 - MENSAJE: Tarjeta_En_Boca
2023/09/20 09:20:28.345 - MENSAJE: 
2023/09/20 09:20:28.345 - MENSAJE: 
2023/09/20 09:20:28.355 - MENSAJE: 
2023/09/20 09:20:29.334 - MENSAJE: Tarjeta_En_Boca
2023/09/20 09:20:29.334 - MENSAJE: Tarjeta_En_Boca
2023/09/20 09:20:29.350 - MENSAJE: 
2023/09/20 09:20:29.350 - MENSAJE: 
2023/09/20 09:20:29.361 - MENSAJE: 
2023/09/20 09:20:30.335 - MENSAJE: Tarjeta_En_Boca
2023/09/20 09:20:30.335 - MENSAJE: Tarjeta_En_Boca
2023/09/20 09:20:30.344 - MENSAJE: 
2023/09/20 09:20:30.344 - MENSAJE: 
2023/09/20 09:20:30.355 - MENSAJE: 
2023/09/20 09:20:31.336 - MENSAJE: Tarjeta_En_Boca
2023/09/20 09:20:31.337 - MENSAJE: Tarjeta_En_Boca
2023/09/20 09:20:31.345 - MENSAJE: 
2023/09/20 09:20:31.345 - MENSAJE: 
2023/09/20 09:20:31.356 - MENSAJE: 
2023/09/20 09:20:32.337 - MENSAJE: Tarjeta_En_Boca
2023/09/20 09:20:32.338 - MENSAJE: Tarjeta_En_Boca
2023/09/20 09:20:32.347 - MENSAJE: 
2023/09/20 09:20:32.347 - MENSAJE: 
2023/09/20 09:20:32.357 - MENSAJE: 
2023/09/20 09:20:33.338 - MENSAJE: Tarjeta_En_Boca
2023/09/20 09:20:33.338 - MENSAJE: Tarjeta_En_Boca
2023/09/20 09:20:33.346 - MENSAJE: 
2023/09/20 09:20:33.347 - MENSAJE: 
2023/09/20 09:20:33.358 - MENSAJE: 
2023/09/20 09:20:34.338 - MENSAJE: Tarjeta_En_Boca
2023/09/20 09:20:34.339 - MENSAJE: Tarjeta_En_Boca
2023/09/20 09:20:34.347 - MENSAJE: 
2023/09/20 09:20:34.348 - MENSAJE: 
2023/09/20 09:20:34.358 - MENSAJE: 
2023/09/20 09:20:35.342 - MENSAJE: Tarjeta_En_Boca
2023/09/20 09:20:35.342 - MENSAJE: Tarjeta_En_Boca
2023/09/20 09:20:35.351 - MENSAJE: 
2023/09/20 09:20:35.352 - MENSAJE: 
2023/09/20 09:20:35.363 - MENSAJE: 
2023/09/20 09:20:36.344 - MENSAJE: Tarjeta_En_Boca
2023/09/20 09:20:36.345 - MENSAJE: Tarjeta_En_Boca
2023/09/20 09:20:36.353 - MENSAJE: 
2023/09/20 09:20:36.353 - MENSAJE: 
2023/09/20 09:20:36.364 - MENSAJE: 
2023/09/20 09:20:37.340 - MENSAJE: Tarjeta_En_Boca
2023/09/20 09:20:37.341 - MENSAJE: Tarjeta_En_Boca
2023/09/20 09:20:37.349 - MENSAJE: 
2023/09/20 09:20:37.349 - MENSAJE: 
2023/09/20 09:20:37.359 - MENSAJE: 
2023/09/20 09:20:38.354 - MENSAJE: Tarjeta_En_Boca
2023/09/20 09:20:38.355 - MENSAJE: Tarjeta_En_Boca
2023/09/20 09:20:38.363 - MENSAJE: 
2023/09/20 09:20:38.363 - MENSAJE: 
2023/09/20 09:20:38.374 - MENSAJE: 
2023/09/20 09:20:39.355 - MENSAJE: Tarjeta_En_Boca
2023/09/20 09:20:39.355 - MENSAJE: Tarjeta_En_Boca
2023/09/20 09:20:39.363 - MENSAJE: 
2023/09/20 09:20:39.364 - MENSAJE: 
2023/09/20 09:20:39.374 - MENSAJE: 
2023/09/20 09:20:40.344 - MENSAJE: Tarjeta_En_Boca
2023/09/20 09:20:40.344 - MENSAJE: Tarjeta_En_Boca
2023/09/20 09:20:40.356 - MENSAJE: 
2023/09/20 09:20:40.356 - MENSAJE: 
2023/09/20 09:20:40.368 - MENSAJE: 
2023/09/20 09:20:41.343 - MENSAJE: Tarjeta_En_Boca
2023/09/20 09:20:41.343 - MENSAJE: Tarjeta_En_Boca
2023/09/20 09:20:41.352 - MENSAJE: 
2023/09/20 09:20:41.352 - MENSAJE: 
2023/09/20 09:20:41.363 - MENSAJE: 
2023/09/20 09:20:42.332 - MENSAJE: Tarjeta_En_Boca
2023/09/20 09:20:42.333 - MENSAJE: Tarjeta_En_Boca
2023/09/20 09:20:42.341 - MENSAJE: 
2023/09/20 09:20:42.341 - MENSAJE: 
2023/09/20 09:20:42.352 - MENSAJE: 
2023/09/20 09:20:43.347 - MENSAJE: Tarjeta_En_Boca
2023/09/20 09:20:43.348 - MENSAJE: Tarjeta_En_Boca
2023/09/20 09:20:43.356 - MENSAJE: 
2023/09/20 09:20:43.356 - MENSAJE: 
2023/09/20 09:20:43.367 - MENSAJE: 
2023/09/20 09:20:44.349 - MENSAJE: Tarjeta_En_Boca
2023/09/20 09:20:44.350 - MENSAJE: Tarjeta_En_Boca
2023/09/20 09:20:44.362 - MENSAJE: 
2023/09/20 09:20:44.362 - MENSAJE: 
2023/09/20 09:20:44.373 - MENSAJE: 
2023/09/20 09:20:45.349 - MENSAJE: Tarjeta_En_Boca
2023/09/20 09:20:45.349 - MENSAJE: Tarjeta_En_Boca
2023/09/20 09:20:45.364 - MENSAJE: 
2023/09/20 09:20:45.364 - MENSAJE: 
2023/09/20 09:20:45.375 - MENSAJE: 
2023/09/20 09:20:46.349 - MENSAJE: Tarjeta_En_Boca
2023/09/20 09:20:46.350 - MENSAJE: Tarjeta_En_Boca
2023/09/20 09:20:46.362 - MENSAJE: 
2023/09/20 09:20:46.362 - MENSAJE: 
2023/09/20 09:20:46.372 - MENSAJE: 
2023/09/20 09:20:47.339 - MENSAJE: Tarjeta_En_Boca
2023/09/20 09:20:47.339 - MENSAJE: Tarjeta_En_Boca
2023/09/20 09:20:47.347 - MENSAJE: 
2023/09/20 09:20:47.348 - MENSAJE: 
2023/09/20 09:20:47.358 - MENSAJE: 
2023/09/20 09:20:48.340 - MENSAJE: Tarjeta_En_Boca
2023/09/20 09:20:48.340 - MENSAJE: Tarjeta_En_Boca
2023/09/20 09:20:48.349 - MENSAJE: 
2023/09/20 09:20:48.349 - MENSAJE: 
2023/09/20 09:20:48.360 - MENSAJE: 
2023/09/20 09:20:49.346 - MENSAJE: Tarjeta_En_Boca
2023/09/20 09:20:49.346 - MENSAJE: Tarjeta_En_Boca
2023/09/20 09:20:49.354 - MENSAJE: 
2023/09/20 09:20:49.354 - MENSAJE: 
2023/09/20 09:20:49.365 - MENSAJE: 
2023/09/20 09:20:50.344 - MENSAJE: Tarjeta_En_Boca
2023/09/20 09:20:50.345 - MENSAJE: Tarjeta_En_Boca
2023/09/20 09:20:50.353 - MENSAJE: 
2023/09/20 09:20:50.353 - MENSAJE: 
2023/09/20 09:20:50.363 - MENSAJE: 
2023/09/20 09:20:51.342 - MENSAJE: Tarjeta_En_Boca
2023/09/20 09:20:51.343 - MENSAJE: Tarjeta_En_Boca
2023/09/20 09:20:51.351 - MENSAJE: 
2023/09/20 09:20:51.352 - MENSAJE: 
2023/09/20 09:20:51.362 - MENSAJE: 
2023/09/20 09:20:52.356 - MENSAJE: Tarjeta_En_Boca
2023/09/20 09:20:52.356 - MENSAJE: Tarjeta_En_Boca
2023/09/20 09:20:52.364 - MENSAJE: 
2023/09/20 09:20:52.365 - MENSAJE: 
2023/09/20 09:20:52.376 - MENSAJE: 
2023/09/20 09:20:53.355 - MENSAJE: Tarjeta_En_Boca
2023/09/20 09:20:53.356 - MENSAJE: Tarjeta_En_Boca
2023/09/20 09:20:53.364 - MENSAJE: 
2023/09/20 09:20:53.364 - MENSAJE: 
2023/09/20 09:20:53.375 - MENSAJE: 
2023/09/20 09:20:54.342 - MENSAJE: Tarjeta_En_Boca
2023/09/20 09:20:54.343 - MENSAJE: Tarjeta_En_Boca
2023/09/20 09:20:54.351 - MENSAJE: 
2023/09/20 09:20:54.351 - MENSAJE: 
2023/09/20 09:20:54.362 - MENSAJE: 
2023/09/20 09:20:55.345 - MENSAJE: Tarjeta_En_Boca
2023/09/20 09:20:55.346 - MENSAJE: Tarjeta_En_Boca
2023/09/20 09:20:55.354 - MENSAJE: 
2023/09/20 09:20:55.354 - MENSAJE: 
2023/09/20 09:20:55.365 - MENSAJE: 
2023/09/20 09:20:56.344 - MENSAJE: Tarjeta_En_Boca
2023/09/20 09:20:56.345 - MENSAJE: Tarjeta_En_Boca
2023/09/20 09:20:56.352 - MENSAJE: 
2023/09/20 09:20:56.352 - MENSAJE: 
2023/09/20 09:20:56.363 - MENSAJE: 
2023/09/20 09:20:57.349 - MENSAJE: Tarjeta_En_Boca
2023/09/20 09:20:57.349 - MENSAJE: Tarjeta_En_Boca
2023/09/20 09:20:57.358 - MENSAJE: 
2023/09/20 09:20:57.358 - MENSAJE: 
2023/09/20 09:20:57.368 - MENSAJE: 
2023/09/20 09:20:58.351 - MENSAJE: Tarjeta_En_Boca
2023/09/20 09:20:58.352 - MENSAJE: Tarjeta_En_Boca
2023/09/20 09:20:58.362 - MENSAJE: 
2023/09/20 09:20:58.362 - MENSAJE: 
2023/09/20 09:20:58.373 - MENSAJE: 
2023/09/20 09:20:59.339 - MENSAJE: Tarjeta_En_Boca
2023/09/20 09:20:59.339 - MENSAJE: Tarjeta_En_Boca
2023/09/20 09:20:59.348 - MENSAJE: 
2023/09/20 09:20:59.348 - MENSAJE: 
2023/09/20 09:20:59.359 - MENSAJE: 
2023/09/20 09:21:00.341 - MENSAJE: Tarjeta_En_Boca
2023/09/20 09:21:00.342 - MENSAJE: Tarjeta_En_Boca
2023/09/20 09:21:00.349 - MENSAJE: 
2023/09/20 09:21:00.349 - MENSAJE: 
2023/09/20 09:21:00.360 - MENSAJE: 
2023/09/20 09:21:01.356 - MENSAJE: Tarjeta_En_Boca
2023/09/20 09:21:01.357 - MENSAJE: Tarjeta_En_Boca
2023/09/20 09:21:01.365 - MENSAJE: 
2023/09/20 09:21:01.365 - MENSAJE: 
2023/09/20 09:21:01.375 - MENSAJE: 
2023/09/20 09:21:02.343 - MENSAJE: Tarjeta_En_Boca
2023/09/20 09:21:02.344 - MENSAJE: Tarjeta_En_Boca
2023/09/20 09:21:02.352 - MENSAJE: 
2023/09/20 09:21:02.352 - MENSAJE: 
2023/09/20 09:21:02.362 - MENSAJE: 
2023/09/20 09:21:03.344 - MENSAJE: Tarjeta_En_Boca
2023/09/20 09:21:03.344 - MENSAJE: Tarjeta_En_Boca
2023/09/20 09:21:03.359 - MENSAJE: 
2023/09/20 09:21:03.359 - MENSAJE: 
2023/09/20 09:21:03.370 - MENSAJE: 
2023/09/20 09:21:04.341 - MENSAJE: Tarjeta_En_Boca
2023/09/20 09:21:04.342 - MENSAJE: Tarjeta_En_Boca
2023/09/20 09:21:04.355 - MENSAJE: 
2023/09/20 09:21:04.355 - MENSAJE: 
2023/09/20 09:21:04.365 - MENSAJE: 
2023/09/20 09:21:05.341 - MENSAJE: Tarjeta_En_Boca
2023/09/20 09:21:05.342 - MENSAJE: Tarjeta_En_Boca
2023/09/20 09:21:05.350 - MENSAJE: 
2023/09/20 09:21:05.350 - MENSAJE: 
2023/09/20 09:21:05.361 - MENSAJE: 
2023/09/20 09:21:06.353 - MENSAJE: Tarjeta_En_Boca
2023/09/20 09:21:06.354 - MENSAJE: Tarjeta_En_Boca
2023/09/20 09:21:06.363 - MENSAJE: 
2023/09/20 09:21:06.364 - MENSAJE: 
2023/09/20 09:21:06.374 - MENSAJE: 
2023/09/20 09:21:07.351 - MENSAJE: Tarjeta_En_Boca
2023/09/20 09:21:07.351 - MENSAJE: Tarjeta_En_Boca
2023/09/20 09:21:07.363 - MENSAJE: 
2023/09/20 09:21:07.363 - MENSAJE: 
2023/09/20 09:21:07.374 - MENSAJE: 
2023/09/20 09:21:08.351 - MENSAJE: Tarjeta_En_Boca
2023/09/20 09:21:08.352 - MENSAJE: Tarjeta_En_Boca
2023/09/20 09:21:08.361 - MENSAJE: 
2023/09/20 09:21:08.361 - MENSAJE: 
2023/09/20 09:21:08.372 - MENSAJE: 
2023/09/20 09:21:09.354 - MENSAJE: Tarjeta_En_Boca
2023/09/20 09:21:09.354 - MENSAJE: Tarjeta_En_Boca
2023/09/20 09:21:09.366 - MENSAJE: 
2023/09/20 09:21:09.366 - MENSAJE: 
2023/09/20 09:21:09.378 - MENSAJE: 
2023/09/20 09:21:10.355 - MENSAJE: Tarjeta_En_Boca
2023/09/20 09:21:10.355 - MENSAJE: Tarjeta_En_Boca
2023/09/20 09:21:10.365 - MENSAJE: 
2023/09/20 09:21:10.365 - MENSAJE: 
2023/09/20 09:21:10.375 - MENSAJE: 
2023/09/20 09:21:11.341 - MENSAJE: Tarjeta_En_Boca
2023/09/20 09:21:11.342 - MENSAJE: Tarjeta_En_Boca
2023/09/20 09:21:11.350 - MENSAJE: 
2023/09/20 09:21:11.350 - MENSAJE: 
2023/09/20 09:21:11.360 - MENSAJE: 
2023/09/20 09:21:12.342 - MENSAJE: Tarjeta_En_Boca
2023/09/20 09:21:12.342 - MENSAJE: Tarjeta_En_Boca
2023/09/20 09:21:12.350 - MENSAJE: 
2023/09/20 09:21:12.351 - MENSAJE: 
2023/09/20 09:21:12.362 - MENSAJE: 
2023/09/20 09:21:13.354 - MENSAJE: Tarjeta_En_Boca
2023/09/20 09:21:13.355 - MENSAJE: Tarjeta_En_Boca
2023/09/20 09:21:13.364 - MENSAJE: 
2023/09/20 09:21:13.364 - MENSAJE: 
2023/09/20 09:21:13.375 - MENSAJE: 
2023/09/20 09:21:14.352 - MENSAJE: Tarjeta_En_Boca
2023/09/20 09:21:14.353 - MENSAJE: Tarjeta_En_Boca
2023/09/20 09:21:14.363 - MENSAJE: 
2023/09/20 09:21:14.363 - MENSAJE: 
2023/09/20 09:21:14.374 - MENSAJE: 
2023/09/20 09:21:15.353 - MENSAJE: Tarjeta_En_Boca
2023/09/20 09:21:15.354 - MENSAJE: Tarjeta_En_Boca
2023/09/20 09:21:15.364 - MENSAJE: 
2023/09/20 09:21:15.364 - MENSAJE: 
2023/09/20 09:21:15.375 - MENSAJE: 
2023/09/20 09:21:16.352 - MENSAJE: Tarjeta_En_Boca
2023/09/20 09:21:16.353 - MENSAJE: Tarjeta_En_Boca
2023/09/20 09:21:16.363 - MENSAJE: 
2023/09/20 09:21:16.363 - MENSAJE: 
2023/09/20 09:21:16.374 - MENSAJE: 
2023/09/20 09:21:17.351 - MENSAJE: Tarjeta_En_Boca
2023/09/20 09:21:17.352 - MENSAJE: Tarjeta_En_Boca
2023/09/20 09:21:17.366 - MENSAJE: 
2023/09/20 09:21:17.366 - MENSAJE: 
2023/09/20 09:21:17.376 - MENSAJE: 
2023/09/20 09:21:18.351 - MENSAJE: Tarjeta_En_Boca
2023/09/20 09:21:18.352 - MENSAJE: Tarjeta_En_Boca
2023/09/20 09:21:18.362 - MENSAJE: 
2023/09/20 09:21:18.362 - MENSAJE: 
2023/09/20 09:21:18.372 - MENSAJE: 
2023/09/20 09:21:19.346 - MENSAJE: Tarjeta_En_Boca
2023/09/20 09:21:19.347 - MENSAJE: Tarjeta_En_Boca
2023/09/20 09:21:19.357 - MENSAJE: 
2023/09/20 09:21:19.357 - MENSAJE: 
2023/09/20 09:21:19.368 - MENSAJE: 
2023/09/20 09:21:20.351 - MENSAJE: Tarjeta_En_Boca
2023/09/20 09:21:20.352 - MENSAJE: Tarjeta_En_Boca
2023/09/20 09:21:20.365 - MENSAJE: 
2023/09/20 09:21:20.365 - MENSAJE: 
2023/09/20 09:21:20.376 - MENSAJE: 
2023/09/20 09:21:20.411 - MENSAJE: (PRESENTER) Error Borrado Varibales PLC
2023/09/20 09:21:21.349 - MENSAJE: 
2023/09/20 09:21:21.349 - MENSAJE: 
2023/09/20 09:21:21.359 - MENSAJE: 
2023/09/20 09:21:22.345 - MENSAJE: 
2023/09/20 09:21:22.345 - MENSAJE: 
2023/09/20 09:21:22.356 - MENSAJE: 
2023/09/20 09:21:23.340 - MENSAJE: 
2023/09/20 09:21:23.341 - MENSAJE: 
2023/09/20 09:21:23.352 - MENSAJE: 
2023/09/20 09:21:24.353 - MENSAJE: 
2023/09/20 09:21:24.354 - MENSAJE: 
2023/09/20 09:21:24.364 - MENSAJE: 
2023/09/20 09:21:25.369 - MENSAJE: 
2023/09/20 09:21:25.369 - MENSAJE: 
2023/09/20 09:21:25.380 - MENSAJE: 
2023/09/20 09:21:26.369 - MENSAJE: 
2023/09/20 09:21:26.370 - MENSAJE: 
2023/09/20 09:21:26.380 - MENSAJE: 
2023/09/20 09:21:27.366 - MENSAJE: 
2023/09/20 09:21:27.366 - MENSAJE: 
2023/09/20 09:21:27.377 - MENSAJE: 
2023/09/20 09:21:28.366 - MENSAJE: 
2023/09/20 09:21:28.366 - MENSAJE: 
2023/09/20 09:21:28.377 - MENSAJE: 
2023/09/20 09:21:29.363 - MENSAJE: 
2023/09/20 09:21:29.363 - MENSAJE: 
2023/09/20 09:21:29.374 - MENSAJE: 
2023/09/20 09:21:30.363 - MENSAJE: 
2023/09/20 09:21:30.363 - MENSAJE: 
2023/09/20 09:21:30.374 - MENSAJE: 
2023/09/20 09:21:31.365 - MENSAJE: 
2023/09/20 09:21:31.368 - MENSAJE: 
2023/09/20 09:21:31.374 - MENSAJE: 
2023/09/20 09:21:32.347 - MENSAJE: 
2023/09/20 09:21:32.348 - MENSAJE: 
2023/09/20 09:21:32.359 - MENSAJE: 
2023/09/20 09:21:33.345 - MENSAJE: 
2023/09/20 09:21:33.345 - MENSAJE: 
2023/09/20 09:21:33.357 - MENSAJE: 
2023/09/20 09:21:34.357 - MENSAJE: 
2023/09/20 09:21:34.358 - MENSAJE: 
2023/09/20 09:21:34.368 - MENSAJE: 
2023/09/20 09:21:35.355 - MENSAJE: 
2023/09/20 09:21:35.355 - MENSAJE: 
2023/09/20 09:21:35.366 - MENSAJE: 
2023/09/20 09:21:36.363 - MENSAJE: 
2023/09/20 09:21:36.363 - MENSAJE: 
2023/09/20 09:21:36.375 - MENSAJE: 
2023/09/20 09:21:37.360 - MENSAJE: 
2023/09/20 09:21:37.360 - MENSAJE: 
2023/09/20 09:21:37.372 - MENSAJE: 
2023/09/20 09:21:38.354 - MENSAJE: 
2023/09/20 09:21:38.354 - MENSAJE: 
2023/09/20 09:21:38.366 - MENSAJE: 
2023/09/20 09:21:45.637 - MENSAJE: 
2023/09/20 09:21:45.638 - MENSAJE: 
2023/09/20 09:21:45.821 - MENSAJE: 
2023/09/20 09:21:46.778 - MENSAJE: (FrontEnd Antes AlistarTarjetaNew)
2023/09/20 09:21:48.738 - MENSAJE: Tarjeta_Alistada
2023/09/20 09:21:48.796 - MENSAJE: Tarjeta Encontrada: 9AF2698B
2023/09/20 09:21:49.349 - MENSAJE: (FrontEnd Despues AlistarTarjetaNew)
2023/09/20 09:21:49.509 - MENSAJE: (FrontEnd Antes CapturaPlaca)
2023/09/20 09:21:50.407 - MENSAJE: (FrontEnd CapturaPlaca) Placa: BXO833
2023/09/20 09:21:51.750 - MENSAJE: (FrontEnd CapturaPlaca) Placa: BXO833
2023/09/20 09:21:53.070 - MENSAJE: (FrontEnd Antes CapturaPlaca) ------
2023/09/20 09:22:01.286 - MENSAJE: (FrontEnd Antes EscribirTarjetaNew)
2023/09/20 09:22:03.900 - MENSAJE: Tarjeta_Escrita
2023/09/20 09:22:03.911 - MENSAJE: Tarjeta_MovidaReceptor_RF_TO_FRONT
2023/09/20 09:22:05.394 - MENSAJE: (FrontEnd Despues EscribirTarjetaNew)
2023/09/20 09:22:18.607 - MENSAJE: Tarjeta_En_Boca
2023/09/20 09:22:18.608 - MENSAJE: Tarjeta_En_Boca
2023/09/20 09:22:29.659 - MENSAJE: Sin_Tarjeta
2023/09/20 09:22:47.213 - MENSAJE: 
2023/09/20 09:22:47.252 - MENSAJE: 
2023/09/20 09:22:55.168 - MENSAJE: 
2023/09/20 09:22:55.169 - MENSAJE: 
2023/09/20 09:22:59.961 - MENSAJE: 
2023/09/20 09:22:59.961 - MENSAJE: 
2023/09/20 09:23:04.967 - MENSAJE: 
2023/09/20 09:23:05.190 - MENSAJE: 
2023/09/20 09:26:45.217 - INICIO REGISTRO
2023/09/20 09:26:45.228 - MENSAJE: (FrondEnd CargaRecursos): Carga Controles - OK
2023/09/20 09:26:45.363 - MENSAJE: (FrondEnd CargaImagenes): Carga Imagenes - OK
2023/09/20 09:26:46.109 - MENSAJE: (Presenter ObtenerInfoModulo) OK
2023/09/20 09:26:46.138 - MENSAJE: (Presenter ObtenerInfoPartes) OK
2023/09/20 09:26:46.159 - MENSAJE: (Presenter ObtenerInfoParametros) OK
2023/09/20 09:26:50.164 - MENSAJE: 
2023/09/20 09:26:55.816 - MENSAJE: ConexionExitosa_Dispensador
2023/09/20 09:27:00.089 - MENSAJE: (PRESENTER) Error Borrado Varibales PLC
2023/09/20 09:27:10.830 - MENSAJE: Sin_Tarjeta
2023/09/20 09:27:19.320 - MENSAJE: 
2023/09/20 09:27:34.668 - MENSAJE: 
2023/09/20 09:27:39.779 - MENSAJE: (FrontEnd Antes AlistarTarjetaNew)
2023/09/20 09:27:42.541 - MENSAJE: 
2023/09/20 09:27:50.139 - MENSAJE: Tarjeta_Alistada
2023/09/20 09:27:50.223 - MENSAJE: Tarjeta Encontrada: B4455CED
2023/09/20 09:27:50.450 - MENSAJE: (FrontEnd Despues AlistarTarjetaNew)
2023/09/20 09:27:50.659 - MENSAJE: (FrontEnd Antes CapturaPlaca)
2023/09/20 09:27:51.823 - MENSAJE: (FrontEnd CapturaPlaca) Placa: BXO833
2023/09/20 09:27:53.107 - MENSAJE: (FrontEnd CapturaPlaca) Placa: BXO833
2023/09/20 09:27:54.839 - MENSAJE: (FrontEnd Antes CapturaPlaca) ------
2023/09/20 09:28:09.507 - MENSAJE: (FrontEnd Antes EscribirTarjetaNew)
2023/09/20 09:28:12.462 - MENSAJE: Tarjeta_Escrita
2023/09/20 09:28:12.475 - MENSAJE: Tarjeta_MovidaReceptor_RF_TO_FRONT
2023/09/20 09:28:13.446 - MENSAJE: (FrontEnd Despues EscribirTarjetaNew)
2023/09/20 09:28:21.870 - MENSAJE: Tarjeta_En_Boca
2023/09/20 09:28:21.871 - MENSAJE: Tarjeta_En_Boca
2023/09/20 09:28:36.145 - MENSAJE: 
2023/09/20 09:28:46.750 - MENSAJE: 
2023/09/20 09:28:50.876 - MENSAJE: 
2023/09/20 09:28:55.906 - MENSAJE: Tarjeta_En_Boca
2023/09/20 09:28:55.907 - MENSAJE: Tarjeta_En_Boca
