2023/03/24 10:25:12.726 - INICIO REGISTRO
2023/03/24 10:25:12.734 - MENSAJE: (FrondEnd CargaRecursos): Carga Controles - OK
2023/03/24 10:25:12.861 - MENSAJE: (FrondEnd CargaImagenes): Carga Imagenes - OK
2023/03/24 10:25:14.760 - MENSAJE: (Presenter ObtenerInfoModulo) OK
2023/03/24 10:25:14.809 - MENSAJE: (Presenter ObtenerInfoPartes) OK
2023/03/24 10:25:14.848 - MENSAJE: (Presenter ObtenerInfoParametros) OK
2023/03/24 10:25:14.884 - MENSAJE: 
2023/03/24 10:25:15.069 - MENSAJE: (PRESENTER) Error Borrado Varibales PLC
2023/03/24 10:25:15.689 - MENSAJE: 
2023/03/24 10:25:15.697 - MENSAJE: 
2023/03/24 10:25:15.702 - MENSAJE: 
2023/03/24 10:25:16.266 - MENSAJE: 
2023/03/24 10:25:16.266 - MENSAJE: 
2023/03/24 10:25:16.276 - MENSAJE: 
2023/03/24 10:25:17.235 - MENSAJE: 
2023/03/24 10:25:17.235 - MENSAJE: 
2023/03/24 10:25:17.245 - MENSAJE: 
2023/03/24 10:25:18.250 - MENSAJE: 
2023/03/24 10:25:18.250 - MENSAJE: 
2023/03/24 10:25:18.261 - MENSAJE: 
2023/03/24 10:25:19.252 - MENSAJE: 
2023/03/24 10:25:19.252 - MENSAJE: 
2023/03/24 10:25:19.263 - MENSAJE: 
2023/03/24 10:25:20.248 - MENSAJE: 
2023/03/24 10:25:20.262 - MENSAJE: 
2023/03/24 10:25:20.263 - MENSAJE: 
2023/03/24 10:25:21.278 - MENSAJE: 
2023/03/24 10:25:21.316 - MENSAJE: 
2023/03/24 10:25:22.250 - MENSAJE: 
2023/03/24 10:25:22.250 - MENSAJE: 
2023/03/24 10:25:22.261 - MENSAJE: 
2023/03/24 10:25:23.247 - MENSAJE: 
2023/03/24 10:25:23.247 - MENSAJE: 
2023/03/24 10:25:23.258 - MENSAJE: 
2023/03/24 10:25:24.243 - MENSAJE: 
2023/03/24 10:25:24.243 - MENSAJE: 
2023/03/24 10:25:24.253 - MENSAJE: 
2023/03/24 10:25:25.245 - MENSAJE: 
2023/03/24 10:25:25.245 - MENSAJE: 
2023/03/24 10:25:25.255 - MENSAJE: 
2023/03/24 10:25:27.416 - MENSAJE: 
2023/03/24 10:25:27.416 - MENSAJE: 
2023/03/24 10:25:27.427 - MENSAJE: 
2023/03/24 10:25:28.266 - MENSAJE: 
2023/03/24 10:25:28.266 - MENSAJE: 
2023/03/24 10:25:28.277 - MENSAJE: 
2023/03/24 10:25:30.026 - MENSAJE: 
2023/03/24 10:25:30.026 - MENSAJE: 
2023/03/24 10:25:30.038 - MENSAJE: 
2023/03/24 10:25:30.571 - MENSAJE: 
2023/03/24 10:25:30.571 - MENSAJE: 
2023/03/24 10:25:30.582 - MENSAJE: 
2023/03/24 10:25:31.270 - MENSAJE: 
2023/03/24 10:25:31.270 - MENSAJE: 
2023/03/24 10:25:31.281 - MENSAJE: 
2023/03/24 10:25:32.267 - MENSAJE: 
2023/03/24 10:25:32.267 - MENSAJE: 
2023/03/24 10:25:32.277 - MENSAJE: 
2023/03/24 10:25:33.264 - MENSAJE: 
2023/03/24 10:25:33.264 - MENSAJE: 
2023/03/24 10:25:33.275 - MENSAJE: 
2023/03/24 10:25:34.276 - MENSAJE: 
2023/03/24 10:25:34.276 - MENSAJE: 
2023/03/24 10:25:34.287 - MENSAJE: 
2023/03/24 10:25:35.273 - MENSAJE: 
2023/03/24 10:25:35.273 - MENSAJE: 
2023/03/24 10:25:35.283 - MENSAJE: 
2023/03/24 10:25:36.257 - MENSAJE: 
2023/03/24 10:25:36.257 - MENSAJE: 
2023/03/24 10:25:36.268 - MENSAJE: 
2023/03/24 10:25:37.275 - MENSAJE: 
2023/03/24 10:25:37.275 - MENSAJE: 
2023/03/24 10:25:37.285 - MENSAJE: 
2023/03/24 10:25:38.267 - MENSAJE: 
2023/03/24 10:25:38.267 - MENSAJE: 
2023/03/24 10:25:38.278 - MENSAJE: 
2023/03/24 10:25:39.264 - MENSAJE: 
2023/03/24 10:25:39.264 - MENSAJE: 
2023/03/24 10:25:39.275 - MENSAJE: 
2023/03/24 10:25:40.257 - MENSAJE: 
2023/03/24 10:25:40.257 - MENSAJE: 
2023/03/24 10:25:40.311 - MENSAJE: 
2023/03/24 10:25:41.257 - MENSAJE: 
2023/03/24 10:25:41.257 - MENSAJE: 
2023/03/24 10:25:41.268 - MENSAJE: 
2023/03/24 10:25:42.271 - MENSAJE: 
2023/03/24 10:25:42.271 - MENSAJE: 
2023/03/24 10:25:42.321 - MENSAJE: 
2023/03/24 10:25:43.268 - MENSAJE: 
2023/03/24 10:25:43.269 - MENSAJE: 
2023/03/24 10:25:43.283 - MENSAJE: 
2023/03/24 10:26:37.778 - INICIO REGISTRO
2023/03/24 10:26:46.182 - MENSAJE: (FrondEnd CargaRecursos): Carga Controles - OK
2023/03/24 10:26:46.939 - MENSAJE: (FrondEnd CargaImagenes): Carga Imagenes - OK
2023/03/24 10:26:50.151 - MENSAJE: (Presenter ObtenerInfoModulo) OK
2023/03/24 10:26:50.192 - MENSAJE: (Presenter ObtenerInfoPartes) OK
2023/03/24 10:26:50.235 - MENSAJE: (Presenter ObtenerInfoParametros) OK
2023/03/24 10:26:52.351 - MENSAJE: 
2023/03/24 10:26:54.191 - MENSAJE: (PRESENTER) Error Borrado Varibales PLC
2023/03/24 10:28:10.142 - INICIO REGISTRO
2023/03/24 10:28:12.052 - MENSAJE: (FrondEnd CargaRecursos): Carga Controles - OK
2023/03/24 10:28:12.190 - MENSAJE: (FrondEnd CargaImagenes): Carga Imagenes - OK
2023/03/24 10:28:13.009 - MENSAJE: (Presenter ObtenerInfoModulo) OK
2023/03/24 10:28:13.045 - MENSAJE: (Presenter ObtenerInfoPartes) OK
2023/03/24 10:28:13.078 - MENSAJE: (Presenter ObtenerInfoParametros) OK
2023/03/24 10:28:13.119 - MENSAJE: 
2023/03/24 10:28:13.200 - MENSAJE: (PRESENTER) Error Borrado Varibales PLC
2023/03/24 10:28:26.696 - MENSAJE: 
2023/03/24 10:28:26.719 - MENSAJE: 
2023/03/24 10:28:27.365 - MENSAJE: 
2023/03/24 10:28:36.738 - MENSAJE: (FrontEnd Antes AlistarTarjetaNew)
2023/03/24 10:28:37.717 - MENSAJE: Error_AlistarTarjeta
2023/03/24 10:28:38.338 - MENSAJE: (FrontEnd Antes CapturaPlaca) 
2023/03/24 10:28:42.627 - MENSAJE: (FrontEnd CapturaPlaca) ipServer: 
2023/03/24 10:28:46.804 - MENSAJE: (FrontEnd ERROR CapturaPlaca) System.Net.Sockets.SocketException (0x80004005): No connection could be made because the target machine actively refused it 10.32.0.86:27001
   at System.Net.Sockets.TcpClient..ctor(String hostname, Int32 port)
   at MC.ModuloEntrada.WinForm.FrontEnd.frmPrincipal.CapturaPlacaNew() in c:\Users\Admin\Documents\Parquearse Install\EntradaControladora\CodigoEntrada\MC.ModuloEntrada.WinForm.FrontEnd\frmPrincipal.cs:line 2100
2023/03/24 10:28:47.795 - MENSAJE: (FrontEnd CapturaPlaca) 
2023/03/24 10:28:48.477 - MENSAJE: Error Conexion PLC
2023/03/24 10:28:48.549 - MENSAJE: Error Conexion PLC
2023/03/24 10:29:16.845 - MENSAJE: MC.BusinessObjects.Entities.ResultadoOperacion
2023/03/24 10:29:16.847 - MENSAJE: MC.BusinessObjects.Entities.ResultadoOperacion
2023/03/24 10:29:16.848 - MENSAJE: Error_MoverTarjetaReceptor_TO_BINBOX Tarjeta Atascada
2023/03/24 10:29:48.517 - INICIO REGISTRO
2023/03/24 10:29:55.204 - MENSAJE: (FrondEnd CargaRecursos): Carga Controles - OK
2023/03/24 10:29:56.061 - MENSAJE: (FrondEnd CargaImagenes): Carga Imagenes - OK
2023/03/24 10:29:59.054 - MENSAJE: (Presenter ObtenerInfoModulo) OK
2023/03/24 10:29:59.089 - MENSAJE: (Presenter ObtenerInfoPartes) OK
2023/03/24 10:29:59.113 - MENSAJE: (Presenter ObtenerInfoParametros) OK
2023/03/24 10:29:59.143 - MENSAJE: 
2023/03/24 10:29:59.202 - MENSAJE: (PRESENTER) Error Borrado Varibales PLC
2023/03/24 10:30:08.484 - MENSAJE: 
2023/03/24 10:30:08.489 - MENSAJE: 
2023/03/24 10:30:13.715 - MENSAJE: (FrontEnd Antes AlistarTarjetaNew)
2023/03/24 10:30:14.184 - MENSAJE: Error_AlistarTarjeta
2023/03/24 10:30:14.690 - MENSAJE: (FrontEnd Antes CapturaPlaca) 
2023/03/24 10:30:19.151 - MENSAJE: (FrontEnd CapturaPlaca) ipServer: 
2023/03/24 10:30:23.281 - MENSAJE: (FrontEnd ERROR CapturaPlaca) System.Net.Sockets.SocketException (0x80004005): No connection could be made because the target machine actively refused it 10.32.0.86:27001
   at System.Net.Sockets.TcpClient..ctor(String hostname, Int32 port)
   at MC.ModuloEntrada.WinForm.FrontEnd.frmPrincipal.CapturaPlacaNew() in c:\Users\Admin\Documents\Parquearse Install\EntradaControladora\CodigoEntrada\MC.ModuloEntrada.WinForm.FrontEnd\frmPrincipal.cs:line 2100
2023/03/24 10:30:25.790 - MENSAJE: (FrontEnd CapturaPlaca) 
2023/03/24 10:30:28.640 - MENSAJE: Error Conexion PLC
2023/03/24 10:30:28.708 - MENSAJE: Error Conexion PLC
2023/03/24 10:32:17.097 - INICIO REGISTRO
2023/03/24 10:32:25.655 - MENSAJE: (FrondEnd CargaRecursos): Carga Controles - OK
2023/03/24 10:32:25.792 - MENSAJE: (FrondEnd CargaImagenes): Carga Imagenes - OK
2023/03/24 10:32:26.611 - MENSAJE: (Presenter ObtenerInfoModulo) OK
2023/03/24 10:32:26.647 - MENSAJE: (Presenter ObtenerInfoPartes) OK
2023/03/24 10:32:26.692 - MENSAJE: (Presenter ObtenerInfoParametros) OK
2023/03/24 10:32:26.727 - MENSAJE: 
2023/03/24 10:32:26.798 - MENSAJE: (PRESENTER) Error Borrado Varibales PLC
2023/03/24 10:32:32.505 - MENSAJE: 
2023/03/24 10:32:32.507 - MENSAJE: 
2023/03/24 10:32:33.693 - MENSAJE: 
2023/03/24 10:35:53.101 - INICIO REGISTRO
2023/03/24 10:35:53.111 - MENSAJE: (FrondEnd CargaRecursos): Carga Controles - OK
2023/03/24 10:35:53.248 - MENSAJE: (FrondEnd CargaImagenes): Carga Imagenes - OK
2023/03/24 10:35:53.979 - MENSAJE: (Presenter ObtenerInfoModulo) OK
2023/03/24 10:35:54.009 - MENSAJE: (Presenter ObtenerInfoPartes) OK
2023/03/24 10:35:54.033 - MENSAJE: (Presenter ObtenerInfoParametros) OK
2023/03/24 10:35:54.060 - MENSAJE: 
2023/03/24 10:35:54.136 - MENSAJE: (PRESENTER) Error Borrado Varibales PLC
2023/03/24 10:35:56.109 - MENSAJE: 
2023/03/24 10:35:56.119 - MENSAJE: 
2023/03/24 10:35:59.668 - MENSAJE: 
2023/03/24 10:36:00.727 - MENSAJE: (FrontEnd Antes AlistarTarjetaNew)
2023/03/24 10:36:01.257 - MENSAJE: Error_AlistarTarjeta
2023/03/24 10:36:01.810 - MENSAJE: (FrontEnd Antes CapturaPlaca) 
2023/03/24 10:36:06.480 - MENSAJE: (FrontEnd CapturaPlaca) ipServer: 
2023/03/24 10:36:10.683 - MENSAJE: (FrontEnd ERROR CapturaPlaca) System.Net.Sockets.SocketException (0x80004005): No connection could be made because the target machine actively refused it 10.32.0.86:27001
   at System.Net.Sockets.TcpClient..ctor(String hostname, Int32 port)
   at MC.ModuloEntrada.WinForm.FrontEnd.frmPrincipal.CapturaPlacaNew() in c:\Users\Admin\Documents\Parquearse Install\EntradaControladora\CodigoEntrada\MC.ModuloEntrada.WinForm.FrontEnd\frmPrincipal.cs:line 2100
2023/03/24 10:36:12.185 - MENSAJE: (FrontEnd CapturaPlaca) 
2023/03/24 10:36:13.723 - MENSAJE: Error Conexion PLC
2023/03/24 10:36:13.777 - MENSAJE: Error Conexion PLC
2023/03/24 10:36:26.542 - MENSAJE: Error Conexion PLC
2023/03/24 10:36:26.583 - MENSAJE: Error Conexion PLC
2023/03/24 10:36:26.600 - MENSAJE: MC.BusinessObjects.Entities.ResultadoOperacion
2023/03/24 10:36:26.601 - MENSAJE: MC.BusinessObjects.Entities.ResultadoOperacion
2023/03/24 10:36:26.602 - MENSAJE: Error_MoverTarjetaReceptor_TO_BINBOX Tarjeta Atascada
2023/03/24 10:36:34.932 - INICIO REGISTRO
2023/03/24 10:36:34.942 - MENSAJE: (FrondEnd CargaRecursos): Carga Controles - OK
2023/03/24 10:36:35.059 - MENSAJE: (FrondEnd CargaImagenes): Carga Imagenes - OK
2023/03/24 10:36:35.756 - MENSAJE: (Presenter ObtenerInfoModulo) OK
2023/03/24 10:36:35.786 - MENSAJE: (Presenter ObtenerInfoPartes) OK
2023/03/24 10:36:35.807 - MENSAJE: (Presenter ObtenerInfoParametros) OK
2023/03/24 10:36:35.833 - MENSAJE: 
2023/03/24 10:36:35.914 - MENSAJE: (PRESENTER) Error Borrado Varibales PLC
2023/03/24 10:36:38.940 - MENSAJE: 
2023/03/24 10:38:19.787 - INICIO REGISTRO
2023/03/24 10:38:19.796 - MENSAJE: (FrondEnd CargaRecursos): Carga Controles - OK
2023/03/24 10:38:19.900 - MENSAJE: (FrondEnd CargaImagenes): Carga Imagenes - OK
2023/03/24 10:38:20.576 - MENSAJE: (Presenter ObtenerInfoModulo) OK
2023/03/24 10:38:20.607 - MENSAJE: (Presenter ObtenerInfoPartes) OK
2023/03/24 10:38:20.631 - MENSAJE: (Presenter ObtenerInfoParametros) OK
2023/03/24 10:38:20.659 - MENSAJE: 
2023/03/24 10:38:20.742 - MENSAJE: (PRESENTER) Error Borrado Varibales PLC
2023/03/24 10:38:23.583 - MENSAJE: 
2023/03/24 10:39:04.574 - INICIO REGISTRO
2023/03/24 10:39:04.584 - MENSAJE: (FrondEnd CargaRecursos): Carga Controles - OK
2023/03/24 10:39:04.722 - MENSAJE: (FrondEnd CargaImagenes): Carga Imagenes - OK
2023/03/24 10:39:05.417 - MENSAJE: (Presenter ObtenerInfoModulo) OK
2023/03/24 10:39:05.445 - MENSAJE: (Presenter ObtenerInfoPartes) OK
2023/03/24 10:39:05.467 - MENSAJE: (Presenter ObtenerInfoParametros) OK
2023/03/24 10:39:05.491 - MENSAJE: 
2023/03/24 10:39:05.570 - MENSAJE: (PRESENTER) Error Borrado Varibales PLC
2023/03/24 10:39:09.232 - MENSAJE: 
2023/03/24 10:39:14.557 - INICIO REGISTRO
2023/03/24 10:39:14.566 - MENSAJE: (FrondEnd CargaRecursos): Carga Controles - OK
2023/03/24 10:39:14.687 - MENSAJE: (FrondEnd CargaImagenes): Carga Imagenes - OK
2023/03/24 10:39:15.375 - MENSAJE: (Presenter ObtenerInfoModulo) OK
2023/03/24 10:39:15.400 - MENSAJE: (Presenter ObtenerInfoPartes) OK
2023/03/24 10:39:15.418 - MENSAJE: (Presenter ObtenerInfoParametros) OK
2023/03/24 10:39:15.439 - MENSAJE: 
2023/03/24 10:39:15.516 - MENSAJE: (PRESENTER) Error Borrado Varibales PLC
2023/03/24 10:39:16.124 - MENSAJE: 
2023/03/24 10:39:16.124 - MENSAJE: 
2023/03/24 10:39:22.440 - MENSAJE: (FrontEnd Antes AlistarTarjetaNew)
2023/03/24 10:39:22.875 - MENSAJE: 
2023/03/24 10:39:22.877 - MENSAJE: Error_AlistarTarjeta
2023/03/24 10:39:23.259 - MENSAJE: (FrontEnd Antes CapturaPlaca) 
2023/03/24 10:39:26.200 - MENSAJE: (FrontEnd CapturaPlaca) ipServer: 
2023/03/24 10:39:30.389 - MENSAJE: (FrontEnd ERROR CapturaPlaca) System.Net.Sockets.SocketException (0x80004005): No connection could be made because the target machine actively refused it 10.32.0.86:27001
   at System.Net.Sockets.TcpClient..ctor(String hostname, Int32 port)
   at MC.ModuloEntrada.WinForm.FrontEnd.frmPrincipal.CapturaPlacaNew() in c:\Users\Admin\Documents\Parquearse Install\EntradaControladora\CodigoEntrada\MC.ModuloEntrada.WinForm.FrontEnd\frmPrincipal.cs:line 2100
2023/03/24 10:39:31.074 - MENSAJE: (FrontEnd CapturaPlaca) 
2023/03/24 10:41:50.102 - MENSAJE: Vehiculo En Mueble
2023/03/24 10:41:57.685 - MENSAJE: MC.BusinessObjects.Entities.ResultadoOperacion
2023/03/24 10:41:57.687 - MENSAJE: MC.BusinessObjects.Entities.ResultadoOperacion
2023/03/24 10:41:57.703 - MENSAJE: Error_MoverTarjetaReceptor_TO_BINBOX Tarjeta Atascada
2023/03/24 10:59:21.284 - INICIO REGISTRO
2023/03/24 10:59:21.293 - MENSAJE: (FrondEnd CargaRecursos): Carga Controles - OK
2023/03/24 10:59:21.424 - MENSAJE: (FrondEnd CargaImagenes): Carga Imagenes - OK
2023/03/24 10:59:22.126 - MENSAJE: (Presenter ObtenerInfoModulo) OK
2023/03/24 10:59:22.154 - MENSAJE: (Presenter ObtenerInfoPartes) OK
2023/03/24 10:59:22.176 - MENSAJE: (Presenter ObtenerInfoParametros) OK
2023/03/24 10:59:22.203 - MENSAJE: 
2023/03/24 10:59:22.290 - MENSAJE: (PRESENTER) Error Borrado Varibales PLC
2023/03/24 10:59:22.898 - MENSAJE: 
2023/03/24 04:18:11.823 - INICIO REGISTRO
2023/03/24 04:18:11.834 - MENSAJE: (FrondEnd CargaRecursos): Carga Controles - OK
2023/03/24 04:18:11.982 - MENSAJE: (FrondEnd CargaImagenes): Carga Imagenes - OK
2023/03/24 04:18:13.375 - MENSAJE: (Presenter ObtenerInfoModulo) OK
2023/03/24 04:18:13.418 - MENSAJE: (Presenter ObtenerInfoPartes) OK
2023/03/24 04:18:13.457 - MENSAJE: (Presenter ObtenerInfoParametros) OK
2023/03/24 04:18:13.513 - MENSAJE: 
2023/03/24 04:18:13.692 - MENSAJE: (PRESENTER) Error Borrado Varibales PLC
2023/03/24 04:18:14.288 - MENSAJE: 
2023/03/24 04:18:28.180 - MENSAJE: 
2023/03/24 04:18:28.179 - MENSAJE: (FrontEnd Antes AlistarTarjetaNew)
2023/03/24 04:18:28.824 - MENSAJE: Error_AlistarTarjeta
2023/03/24 04:18:28.956 - MENSAJE: (FrontEnd Antes CapturaPlaca) 
2023/03/24 04:19:33.622 - INICIO REGISTRO
2023/03/24 04:19:33.634 - MENSAJE: (FrondEnd CargaRecursos): Carga Controles - OK
2023/03/24 04:19:33.747 - MENSAJE: (FrondEnd CargaImagenes): Carga Imagenes - OK
2023/03/24 04:19:34.458 - MENSAJE: (Presenter ObtenerInfoModulo) OK
2023/03/24 04:19:34.491 - MENSAJE: (Presenter ObtenerInfoPartes) OK
2023/03/24 04:19:34.518 - MENSAJE: (Presenter ObtenerInfoParametros) OK
2023/03/24 04:19:34.543 - MENSAJE: 
2023/03/24 04:19:34.622 - MENSAJE: (PRESENTER) Error Borrado Varibales PLC
2023/03/24 04:19:35.227 - MENSAJE: 
2023/03/24 04:21:38.306 - INICIO REGISTRO
2023/03/24 04:21:38.318 - MENSAJE: (FrondEnd CargaRecursos): Carga Controles - OK
2023/03/24 04:21:38.454 - MENSAJE: (FrondEnd CargaImagenes): Carga Imagenes - OK
2023/03/24 04:21:39.129 - MENSAJE: (Presenter ObtenerInfoModulo) OK
2023/03/24 04:21:39.164 - MENSAJE: (Presenter ObtenerInfoPartes) OK
2023/03/24 04:21:39.183 - MENSAJE: (Presenter ObtenerInfoParametros) OK
2023/03/24 04:21:50.012 - MENSAJE: 
2023/03/24 04:21:54.059 - MENSAJE: (PRESENTER) Error Borrado Varibales PLC
2023/03/24 04:21:54.687 - MENSAJE: 
2023/03/24 04:22:39.018 - MENSAJE: 
2023/03/24 04:22:39.021 - MENSAJE: 
2023/03/24 04:22:39.035 - MENSAJE: 
2023/03/24 04:23:35.605 - MENSAJE: 
2023/03/24 04:23:56.415 - MENSAJE: 
2023/03/24 04:28:19.805 - INICIO REGISTRO
2023/03/24 04:28:19.816 - MENSAJE: (FrondEnd CargaRecursos): Carga Controles - OK
2023/03/24 04:28:19.973 - MENSAJE: (FrondEnd CargaImagenes): Carga Imagenes - OK
2023/03/24 04:28:20.692 - MENSAJE: (Presenter ObtenerInfoModulo) OK
2023/03/24 04:28:20.726 - MENSAJE: (Presenter ObtenerInfoPartes) OK
2023/03/24 04:28:20.751 - MENSAJE: (Presenter ObtenerInfoParametros) OK
2023/03/24 04:28:26.272 - MENSAJE: 
2023/03/24 04:28:26.356 - MENSAJE: (PRESENTER) Error Borrado Varibales PLC
2023/03/24 04:28:26.994 - MENSAJE: 
2023/03/24 04:30:26.752 - MENSAJE: 
2023/03/24 04:30:27.307 - MENSAJE: 
2023/03/24 04:30:29.372 - MENSAJE: 
