2021/07/14 04:19:39.123 - INICIO REGISTRO
2021/07/14 04:19:39.141 - MENSAJE: (FrondEnd CargaRecursos): Carga Controles - OK
2021/07/14 04:19:39.276 - MENSAJE: (FrondEnd CargaImagenes): Carga Imagenes - OK
2021/07/14 04:19:43.607 - MENSAJE: (Presenter ObtenerInfoModulo) OK
2021/07/14 04:19:43.721 - MENSAJE: (Presenter ObtenerInfoPartes) OK
2021/07/14 04:19:43.753 - MENSAJE: (Presenter ObtenerInfoParametros) OK
2021/07/14 04:19:44.300 - MENSAJE: (PRESENTER) Conexion Exitosa PLC
2021/07/14 04:19:44.423 - MENSAJE: (PRESENTER) Borrado Exitoso Variables PLC
2021/07/14 04:19:44.450 - MENSAJE: ConexionExitosa_Dispensador
2021/07/14 04:19:44.579 - MENSAJE: (PRESENTER) Borrado Exitoso Variables PLC
2021/07/14 04:40:50.197 - MENSAJE: Vehiculo En Mueble
2021/07/14 04:40:51.947 - MENSAJE: Tarjeta_Alistada
2021/07/14 04:40:52.076 - MENSAJE: (FrontEnd Antes CapturaPlaca)
2021/07/14 04:40:52.080 - MENSAJE: (FrontEnd CapturaPlaca) ipServer: 192.168.1.87
2021/07/14 04:40:52.083 - MENSAJE: (FrontEnd CapturaPlaca) message: [lpr;1;1;242CF]
2021/07/14 04:40:53.089 - MENSAJE: (FrontEnd CapturaPlaca) Placa: 
2021/07/14 04:40:53.089 - MENSAJE: (FrontEnd CapturaPlaca) ------
2021/07/14 04:40:53.158 - MENSAJE: Vehiculo En Mueble
2021/07/14 04:40:54.546 - MENSAJE: Tarjeta_Escrita
2021/07/14 04:40:54.558 - MENSAJE: Tarjeta_MovidaReceptor_RF_TO_FRONT
2021/07/14 04:41:15.951 - MENSAJE: Tarjeta_En_Boca
2021/07/14 04:43:12.970 - MENSAJE: oAutorizado.IdTarjeta : 61C8464F
2021/07/14 04:50:01.563 - MENSAJE: (PRESENTER) Borrado Exitoso Variables PLC
2021/07/14 04:50:02.388 - MENSAJE: Tarjeta_En_Boca
2021/07/14 04:50:03.387 - MENSAJE: Tarjeta_En_Boca
2021/07/14 04:50:04.387 - MENSAJE: Tarjeta_En_Boca
2021/07/14 04:50:05.411 - MENSAJE: Tarjeta_En_Boca
2021/07/14 04:50:06.412 - MENSAJE: Tarjeta_En_Boca
2021/07/14 04:50:07.413 - MENSAJE: Tarjeta_En_Boca
2021/07/14 04:50:08.427 - MENSAJE: Tarjeta_En_Boca
2021/07/14 04:50:09.427 - MENSAJE: Tarjeta_En_Boca
2021/07/14 04:50:10.429 - MENSAJE: Tarjeta_En_Boca
2021/07/14 04:50:11.434 - MENSAJE: Tarjeta_En_Boca
2021/07/14 04:50:12.447 - MENSAJE: Tarjeta_En_Boca
2021/07/14 04:50:13.459 - MENSAJE: Tarjeta_En_Boca
2021/07/14 04:50:14.475 - MENSAJE: Tarjeta_En_Boca
2021/07/14 04:50:15.494 - MENSAJE: Tarjeta_En_Boca
2021/07/14 04:50:16.484 - MENSAJE: Tarjeta_En_Boca
2021/07/14 04:50:17.496 - MENSAJE: Tarjeta_En_Boca
2021/07/14 04:50:18.512 - MENSAJE: Tarjeta_En_Boca
2021/07/14 04:50:19.514 - MENSAJE: Tarjeta_En_Boca
2021/07/14 04:50:20.536 - MENSAJE: Tarjeta_En_Boca
2021/07/14 04:50:21.562 - MENSAJE: Tarjeta_En_Boca
2021/07/14 04:50:22.557 - MENSAJE: Tarjeta_En_Boca
2021/07/14 04:50:23.557 - MENSAJE: Tarjeta_En_Boca
2021/07/14 04:50:24.549 - MENSAJE: Tarjeta_En_Boca
2021/07/14 04:50:25.564 - MENSAJE: Tarjeta_En_Boca
2021/07/14 04:50:26.577 - MENSAJE: Tarjeta_En_Boca
2021/07/14 04:50:27.596 - MENSAJE: Tarjeta_En_Boca
2021/07/14 04:50:28.595 - MENSAJE: Tarjeta_En_Boca
2021/07/14 04:50:29.615 - MENSAJE: Tarjeta_En_Boca
2021/07/14 04:50:30.619 - MENSAJE: Tarjeta_En_Boca
2021/07/14 04:50:31.619 - MENSAJE: Tarjeta_En_Boca
2021/07/14 04:50:32.632 - MENSAJE: Tarjeta_En_Boca
2021/07/14 04:50:33.638 - MENSAJE: Tarjeta_En_Boca
2021/07/14 04:50:34.637 - MENSAJE: Tarjeta_En_Boca
2021/07/14 04:50:35.651 - MENSAJE: Tarjeta_En_Boca
2021/07/14 04:50:36.653 - MENSAJE: Tarjeta_En_Boca
2021/07/14 04:50:37.654 - MENSAJE: Tarjeta_En_Boca
2021/07/14 04:50:38.650 - MENSAJE: Tarjeta_En_Boca
2021/07/14 04:50:39.668 - MENSAJE: Tarjeta_En_Boca
2021/07/14 04:50:40.665 - MENSAJE: Tarjeta_En_Boca
2021/07/14 04:50:41.682 - MENSAJE: Tarjeta_En_Boca
2021/07/14 04:50:42.684 - MENSAJE: Tarjeta_En_Boca
2021/07/14 04:50:43.673 - MENSAJE: Tarjeta_En_Boca
2021/07/14 04:50:44.689 - MENSAJE: Tarjeta_En_Boca
2021/07/14 04:50:45.716 - MENSAJE: Tarjeta_En_Boca
2021/07/14 04:50:46.716 - MENSAJE: Tarjeta_En_Boca
2021/07/14 04:50:47.730 - MENSAJE: Tarjeta_En_Boca
2021/07/14 04:50:48.719 - MENSAJE: Tarjeta_En_Boca
2021/07/14 04:50:49.733 - MENSAJE: Tarjeta_En_Boca
2021/07/14 04:50:50.749 - MENSAJE: Tarjeta_En_Boca
2021/07/14 04:50:51.756 - MENSAJE: Tarjeta_En_Boca
2021/07/14 04:50:52.763 - MENSAJE: Tarjeta_En_Boca
2021/07/14 04:50:53.763 - MENSAJE: Tarjeta_En_Boca
2021/07/14 04:50:54.762 - MENSAJE: Tarjeta_En_Boca
2021/07/14 04:50:55.768 - MENSAJE: Tarjeta_En_Boca
2021/07/14 04:50:56.759 - MENSAJE: Tarjeta_En_Boca
2021/07/14 04:50:57.762 - MENSAJE: Tarjeta_En_Boca
2021/07/14 04:50:58.775 - MENSAJE: Tarjeta_En_Boca
2021/07/14 04:50:59.772 - MENSAJE: Tarjeta_En_Boca
2021/07/14 04:51:00.787 - MENSAJE: Tarjeta_En_Boca
2021/07/14 04:51:01.790 - MENSAJE: Tarjeta_En_Boca
2021/07/14 04:51:02.794 - MENSAJE: Tarjeta_En_Boca
2021/07/14 04:51:03.808 - MENSAJE: Tarjeta_En_Boca
2021/07/14 04:51:04.812 - MENSAJE: Tarjeta_En_Boca
2021/07/14 04:51:05.841 - MENSAJE: Tarjeta_En_Boca
2021/07/14 04:51:06.857 - MENSAJE: Tarjeta_En_Boca
2021/07/14 04:51:07.845 - MENSAJE: Tarjeta_En_Boca
2021/07/14 04:51:08.844 - MENSAJE: Tarjeta_En_Boca
2021/07/14 04:51:09.862 - MENSAJE: Tarjeta_En_Boca
2021/07/14 04:51:10.864 - MENSAJE: Tarjeta_En_Boca
2021/07/14 04:51:11.881 - MENSAJE: Tarjeta_En_Boca
2021/07/14 04:51:12.891 - MENSAJE: Tarjeta_En_Boca
2021/07/14 04:51:13.888 - MENSAJE: Tarjeta_En_Boca
2021/07/14 04:51:14.887 - MENSAJE: Tarjeta_En_Boca
2021/07/14 04:51:15.874 - MENSAJE: Tarjeta_En_Boca
2021/07/14 04:51:15.898 - MENSAJE: Vehiculo En Mueble
2021/07/14 04:51:17.631 - MENSAJE: Tarjeta_Alistada
2021/07/14 04:51:17.643 - MENSAJE: (FrontEnd Antes CapturaPlaca)
2021/07/14 04:51:17.643 - MENSAJE: (FrontEnd CapturaPlaca) ipServer: 192.168.1.87
2021/07/14 04:51:17.645 - MENSAJE: (FrontEnd CapturaPlaca) message: [lpr;1;1;242CF]
2021/07/14 04:51:18.456 - MENSAJE: (FrontEnd CapturaPlaca) Placa: 
2021/07/14 04:51:18.457 - MENSAJE: (FrontEnd CapturaPlaca) ------
2021/07/14 04:51:18.502 - MENSAJE: Vehiculo En Mueble
2021/07/14 04:51:19.802 - MENSAJE: Tarjeta_Escrita
2021/07/14 04:51:19.813 - MENSAJE: Tarjeta_MovidaReceptor_RF_TO_FRONT
2021/07/14 04:51:35.701 - MENSAJE: Tarjeta_En_Boca
2021/07/14 04:51:35.702 - MENSAJE: oAutorizado.IdTarjeta : 61C8464F
2021/07/14 04:51:42.441 - MENSAJE: Talanquera Abierta
2021/07/14 04:51:42.518 - MENSAJE: Vehiculo En Talanquera
2021/07/14 04:51:42.957 - MENSAJE: Vehiculo Salio Talanquera
2021/07/14 04:51:43.021 - MENSAJE: (PRESENTER) Borrado Exitoso Variables PLC
2021/07/14 04:51:43.131 - MENSAJE: (PRESENTER) Borrado Exitoso Variables PLC
2021/07/14 04:51:43.955 - MENSAJE: Tarjeta_En_Boca
2021/07/14 04:51:44.971 - MENSAJE: Tarjeta_En_Boca
2021/07/14 04:51:45.972 - MENSAJE: Tarjeta_En_Boca
2021/07/14 04:51:47.006 - MENSAJE: Tarjeta_En_Boca
2021/07/14 04:51:47.995 - MENSAJE: Tarjeta_En_Boca
2021/07/14 04:51:48.985 - MENSAJE: Tarjeta_En_Boca
2021/07/14 04:51:49.983 - MENSAJE: Tarjeta_En_Boca
2021/07/14 04:51:50.983 - MENSAJE: Tarjeta_En_Boca
2021/07/14 04:51:51.983 - MENSAJE: Tarjeta_En_Boca
2021/07/14 04:51:52.986 - MENSAJE: Tarjeta_En_Boca
2021/07/14 04:51:53.990 - MENSAJE: Tarjeta_En_Boca
2021/07/14 04:51:55.002 - MENSAJE: Tarjeta_En_Boca
2021/07/14 04:51:56.002 - MENSAJE: Tarjeta_En_Boca
2021/07/14 04:51:57.001 - MENSAJE: Tarjeta_En_Boca
2021/07/14 04:51:57.999 - MENSAJE: Tarjeta_En_Boca
2021/07/14 04:51:59.000 - MENSAJE: Tarjeta_En_Boca
2021/07/14 04:52:00.014 - MENSAJE: Tarjeta_En_Boca
2021/07/14 04:52:01.040 - MENSAJE: Tarjeta_En_Boca
2021/07/14 04:52:02.059 - MENSAJE: Tarjeta_En_Boca
2021/07/14 04:52:03.060 - MENSAJE: Tarjeta_En_Boca
2021/07/14 04:52:04.046 - MENSAJE: Tarjeta_En_Boca
2021/07/14 04:52:05.089 - MENSAJE: Tarjeta_En_Boca
2021/07/14 04:52:06.062 - MENSAJE: Tarjeta_En_Boca
2021/07/14 04:52:07.076 - MENSAJE: Tarjeta_En_Boca
2021/07/14 04:52:08.091 - MENSAJE: Tarjeta_En_Boca
2021/07/14 04:52:09.104 - MENSAJE: Tarjeta_En_Boca
2021/07/14 04:52:10.105 - MENSAJE: Tarjeta_En_Boca
2021/07/14 04:52:11.108 - MENSAJE: Tarjeta_En_Boca
2021/07/14 04:52:12.126 - MENSAJE: Tarjeta_En_Boca
2021/07/14 04:52:13.125 - MENSAJE: Tarjeta_En_Boca
2021/07/14 04:52:14.132 - MENSAJE: Tarjeta_En_Boca
2021/07/14 04:52:15.130 - MENSAJE: Tarjeta_En_Boca
2021/07/14 04:52:16.132 - MENSAJE: Tarjeta_En_Boca
2021/07/14 04:52:17.134 - MENSAJE: Tarjeta_En_Boca
2021/07/14 04:52:18.135 - MENSAJE: Tarjeta_En_Boca
2021/07/14 04:52:19.123 - MENSAJE: Tarjeta_En_Boca
2021/07/14 04:52:20.125 - MENSAJE: Tarjeta_En_Boca
2021/07/14 04:52:21.142 - MENSAJE: Tarjeta_En_Boca
2021/07/14 04:52:22.148 - MENSAJE: Tarjeta_En_Boca
2021/07/14 04:52:23.193 - MENSAJE: Tarjeta_En_Boca
2021/07/14 04:52:24.175 - MENSAJE: Tarjeta_En_Boca
2021/07/14 04:52:25.164 - MENSAJE: Tarjeta_En_Boca
2021/07/14 04:52:26.181 - MENSAJE: Tarjeta_En_Boca
2021/07/14 04:52:27.182 - MENSAJE: Tarjeta_En_Boca
2021/07/14 04:52:28.172 - MENSAJE: Tarjeta_En_Boca
2021/07/14 04:52:29.175 - MENSAJE: Tarjeta_En_Boca
2021/07/14 04:52:30.199 - MENSAJE: Tarjeta_En_Boca
2021/07/14 04:52:31.191 - MENSAJE: Tarjeta_En_Boca
2021/07/14 04:52:32.192 - MENSAJE: Tarjeta_En_Boca
2021/07/14 04:52:33.210 - MENSAJE: Tarjeta_En_Boca
2021/07/14 04:52:34.230 - MENSAJE: Tarjeta_En_Boca
2021/07/14 04:52:35.232 - MENSAJE: Tarjeta_En_Boca
2021/07/14 04:52:36.248 - MENSAJE: Tarjeta_En_Boca
2021/07/14 04:52:37.238 - MENSAJE: Tarjeta_En_Boca
2021/07/14 04:52:38.240 - MENSAJE: Tarjeta_En_Boca
2021/07/14 04:52:39.256 - MENSAJE: Tarjeta_En_Boca
2021/07/14 04:52:40.276 - MENSAJE: Tarjeta_En_Boca
2021/07/14 04:52:41.280 - MENSAJE: Tarjeta_En_Boca
2021/07/14 04:52:42.300 - MENSAJE: Tarjeta_En_Boca
2021/07/14 04:52:43.327 - MENSAJE: Tarjeta_En_Boca
2021/07/14 04:52:44.312 - MENSAJE: Tarjeta_En_Boca
2021/07/14 04:52:45.305 - MENSAJE: Tarjeta_En_Boca
2021/07/14 04:52:46.306 - MENSAJE: Tarjeta_En_Boca
2021/07/14 04:52:47.310 - MENSAJE: Tarjeta_En_Boca
2021/07/14 04:52:48.310 - MENSAJE: Tarjeta_En_Boca
2021/07/14 04:52:49.314 - MENSAJE: Tarjeta_En_Boca
2021/07/14 04:52:50.309 - MENSAJE: Tarjeta_En_Boca
2021/07/14 04:52:51.321 - MENSAJE: Tarjeta_En_Boca
2021/07/14 04:52:52.340 - MENSAJE: Tarjeta_En_Boca
2021/07/14 04:52:53.340 - MENSAJE: Tarjeta_En_Boca
2021/07/14 04:52:54.327 - MENSAJE: Tarjeta_En_Boca
2021/07/14 04:52:55.355 - MENSAJE: Tarjeta_En_Boca
2021/07/14 04:52:56.356 - MENSAJE: Tarjeta_En_Boca
2021/07/14 04:52:57.369 - MENSAJE: Tarjeta_En_Boca
2021/07/14 04:52:58.384 - MENSAJE: Tarjeta_En_Boca
2021/07/14 04:52:59.377 - MENSAJE: Tarjeta_En_Boca
2021/07/14 04:53:00.396 - MENSAJE: Tarjeta_En_Boca
2021/07/14 04:53:01.419 - MENSAJE: Tarjeta_En_Boca
2021/07/14 04:53:02.414 - MENSAJE: Tarjeta_En_Boca
2021/07/14 04:53:03.417 - MENSAJE: Tarjeta_En_Boca
2021/07/14 04:53:04.414 - MENSAJE: Tarjeta_En_Boca
2021/07/14 04:53:05.422 - MENSAJE: Tarjeta_En_Boca
2021/07/14 04:53:06.425 - MENSAJE: Tarjeta_En_Boca
2021/07/14 04:53:07.443 - MENSAJE: Tarjeta_En_Boca
2021/07/14 04:53:08.463 - MENSAJE: Tarjeta_En_Boca
2021/07/14 04:53:09.479 - MENSAJE: Tarjeta_En_Boca
2021/07/14 04:53:10.469 - MENSAJE: Tarjeta_En_Boca
2021/07/14 04:53:11.486 - MENSAJE: Tarjeta_En_Boca
2021/07/14 04:53:12.505 - MENSAJE: Tarjeta_En_Boca
2021/07/14 04:53:13.507 - MENSAJE: Tarjeta_En_Boca
2021/07/14 04:53:14.510 - MENSAJE: Tarjeta_En_Boca
2021/07/14 04:53:15.509 - MENSAJE: Tarjeta_En_Boca
2021/07/14 04:53:16.499 - MENSAJE: Tarjeta_En_Boca
2021/07/14 04:53:17.524 - MENSAJE: Tarjeta_En_Boca
2021/07/14 04:53:18.516 - MENSAJE: Tarjeta_En_Boca
2021/07/14 04:53:19.520 - MENSAJE: Tarjeta_En_Boca
2021/07/14 04:53:20.525 - MENSAJE: Tarjeta_En_Boca
2021/07/14 04:53:21.542 - MENSAJE: Tarjeta_En_Boca
2021/07/14 04:53:22.558 - MENSAJE: Tarjeta_En_Boca
2021/07/14 04:53:23.547 - MENSAJE: Tarjeta_En_Boca
2021/07/14 04:53:24.564 - MENSAJE: Tarjeta_En_Boca
2021/07/14 04:53:25.581 - MENSAJE: Tarjeta_En_Boca
2021/07/14 04:53:26.597 - MENSAJE: Tarjeta_En_Boca
2021/07/14 04:53:27.610 - MENSAJE: Tarjeta_En_Boca
2021/07/14 04:53:28.647 - MENSAJE: Tarjeta_En_Boca
2021/07/14 04:53:29.636 - MENSAJE: Tarjeta_En_Boca
2021/07/14 04:53:30.633 - MENSAJE: Tarjeta_En_Boca
2021/07/14 04:53:31.630 - MENSAJE: Tarjeta_En_Boca
2021/07/14 04:53:32.633 - MENSAJE: Tarjeta_En_Boca
2021/07/14 04:53:33.634 - MENSAJE: Tarjeta_En_Boca
2021/07/14 04:53:34.655 - MENSAJE: Tarjeta_En_Boca
2021/07/14 04:53:35.644 - MENSAJE: Tarjeta_En_Boca
2021/07/14 04:53:36.640 - MENSAJE: Tarjeta_En_Boca
2021/07/14 04:53:37.642 - MENSAJE: Tarjeta_En_Boca
2021/07/14 04:53:38.645 - MENSAJE: Tarjeta_En_Boca
2021/07/14 04:53:39.661 - MENSAJE: Tarjeta_En_Boca
2021/07/14 04:53:40.680 - MENSAJE: Tarjeta_En_Boca
2021/07/14 04:53:41.680 - MENSAJE: Tarjeta_En_Boca
2021/07/14 04:53:42.681 - MENSAJE: Tarjeta_En_Boca
2021/07/14 04:53:43.677 - MENSAJE: Tarjeta_En_Boca
2021/07/14 04:53:44.675 - MENSAJE: Tarjeta_En_Boca
2021/07/14 04:53:45.677 - MENSAJE: Tarjeta_En_Boca
2021/07/14 04:53:46.693 - MENSAJE: Tarjeta_En_Boca
2021/07/14 04:53:47.715 - MENSAJE: Tarjeta_En_Boca
2021/07/14 04:53:48.714 - MENSAJE: Tarjeta_En_Boca
2021/07/14 04:53:49.726 - MENSAJE: Tarjeta_En_Boca
2021/07/14 04:53:50.739 - MENSAJE: Tarjeta_En_Boca
2021/07/14 04:53:51.742 - MENSAJE: Tarjeta_En_Boca
2021/07/14 04:53:52.756 - MENSAJE: Tarjeta_En_Boca
2021/07/14 04:53:53.755 - MENSAJE: Tarjeta_En_Boca
2021/07/14 04:53:54.750 - MENSAJE: Tarjeta_En_Boca
2021/07/14 04:53:55.755 - MENSAJE: Tarjeta_En_Boca
2021/07/14 04:53:56.753 - MENSAJE: Tarjeta_En_Boca
2021/07/14 04:53:57.755 - MENSAJE: Tarjeta_En_Boca
2021/07/14 04:53:58.758 - MENSAJE: Tarjeta_En_Boca
2021/07/14 04:53:59.771 - MENSAJE: Tarjeta_En_Boca
2021/07/14 04:54:00.790 - MENSAJE: Tarjeta_En_Boca
2021/07/14 04:54:01.792 - MENSAJE: Tarjeta_En_Boca
2021/07/14 04:54:02.785 - MENSAJE: Tarjeta_En_Boca
2021/07/14 04:54:03.804 - MENSAJE: Tarjeta_En_Boca
2021/07/14 04:54:04.828 - MENSAJE: Tarjeta_En_Boca
2021/07/14 04:54:05.821 - MENSAJE: Tarjeta_En_Boca
2021/07/14 04:54:06.819 - MENSAJE: Tarjeta_En_Boca
2021/07/14 04:54:07.823 - MENSAJE: Tarjeta_En_Boca
2021/07/14 04:54:08.828 - MENSAJE: Tarjeta_En_Boca
2021/07/14 04:54:09.850 - MENSAJE: Tarjeta_En_Boca
2021/07/14 04:54:10.850 - MENSAJE: Tarjeta_En_Boca
2021/07/14 04:54:11.852 - MENSAJE: Tarjeta_En_Boca
2021/07/14 04:54:12.865 - MENSAJE: Tarjeta_En_Boca
2021/07/14 04:54:13.869 - MENSAJE: Tarjeta_En_Boca
2021/07/14 04:54:14.914 - MENSAJE: Tarjeta_En_Boca
2021/07/14 04:54:15.880 - MENSAJE: Tarjeta_En_Boca
2021/07/14 04:54:16.885 - MENSAJE: Tarjeta_En_Boca
2021/07/14 04:54:17.885 - MENSAJE: Tarjeta_En_Boca
2021/07/14 04:54:18.883 - MENSAJE: Tarjeta_En_Boca
2021/07/14 04:54:19.898 - MENSAJE: Tarjeta_En_Boca
2021/07/14 04:54:20.877 - MENSAJE: Tarjeta_En_Boca
2021/07/14 04:54:21.875 - MENSAJE: Tarjeta_En_Boca
2021/07/14 04:54:22.878 - MENSAJE: Tarjeta_En_Boca
2021/07/14 04:54:23.882 - MENSAJE: Tarjeta_En_Boca
2021/07/14 04:54:24.887 - MENSAJE: Tarjeta_En_Boca
2021/07/14 04:54:25.901 - MENSAJE: Tarjeta_En_Boca
2021/07/14 04:54:26.901 - MENSAJE: Tarjeta_En_Boca
2021/07/14 04:54:27.904 - MENSAJE: Tarjeta_En_Boca
2021/07/14 04:54:28.891 - MENSAJE: Tarjeta_En_Boca
2021/07/14 04:54:29.890 - MENSAJE: Tarjeta_En_Boca
2021/07/14 04:54:30.894 - MENSAJE: Tarjeta_En_Boca
2021/07/14 04:54:31.896 - MENSAJE: Tarjeta_En_Boca
2021/07/14 04:54:32.899 - MENSAJE: Tarjeta_En_Boca
2021/07/14 04:54:33.913 - MENSAJE: Tarjeta_En_Boca
2021/07/14 04:54:34.947 - MENSAJE: Tarjeta_En_Boca
2021/07/14 04:54:35.944 - MENSAJE: Tarjeta_En_Boca
2021/07/14 04:54:36.930 - MENSAJE: Tarjeta_En_Boca
2021/07/14 04:54:37.930 - MENSAJE: Tarjeta_En_Boca
2021/07/14 04:54:38.932 - MENSAJE: Tarjeta_En_Boca
2021/07/14 04:54:39.930 - MENSAJE: Tarjeta_En_Boca
2021/07/14 04:54:40.932 - MENSAJE: Tarjeta_En_Boca
2021/07/14 04:54:41.921 - MENSAJE: Tarjeta_En_Boca
2021/07/14 04:54:42.925 - MENSAJE: Tarjeta_En_Boca
2021/07/14 04:54:43.927 - MENSAJE: Tarjeta_En_Boca
2021/07/14 04:54:44.944 - MENSAJE: Tarjeta_En_Boca
2021/07/14 04:54:45.957 - MENSAJE: Tarjeta_En_Boca
2021/07/14 04:54:46.973 - MENSAJE: Tarjeta_En_Boca
2021/07/14 04:54:47.969 - MENSAJE: Tarjeta_En_Boca
2021/07/14 04:54:49.005 - MENSAJE: Tarjeta_En_Boca
2021/07/14 04:54:49.983 - MENSAJE: Tarjeta_En_Boca
2021/07/14 04:54:50.998 - MENSAJE: Tarjeta_En_Boca
2021/07/14 04:54:52.019 - MENSAJE: Tarjeta_En_Boca
2021/07/14 04:54:53.002 - MENSAJE: Tarjeta_En_Boca
2021/07/14 04:54:54.005 - MENSAJE: Tarjeta_En_Boca
2021/07/14 04:54:54.998 - MENSAJE: Tarjeta_En_Boca
2021/07/14 04:54:56.012 - MENSAJE: Tarjeta_En_Boca
2021/07/14 04:54:57.024 - MENSAJE: Tarjeta_En_Boca
2021/07/14 04:54:58.022 - MENSAJE: Tarjeta_En_Boca
2021/07/14 04:54:59.032 - MENSAJE: Tarjeta_En_Boca
2021/07/14 04:55:00.055 - MENSAJE: Tarjeta_En_Boca
2021/07/14 04:55:01.050 - MENSAJE: Tarjeta_En_Boca
2021/07/14 04:55:02.072 - MENSAJE: Tarjeta_En_Boca
2021/07/14 04:55:03.070 - MENSAJE: Tarjeta_En_Boca
2021/07/14 04:55:04.069 - MENSAJE: Tarjeta_En_Boca
2021/07/14 04:55:05.082 - MENSAJE: Tarjeta_En_Boca
2021/07/14 04:55:06.082 - MENSAJE: Tarjeta_En_Boca
2021/07/14 04:55:07.103 - MENSAJE: Tarjeta_En_Boca
2021/07/14 04:55:08.111 - MENSAJE: Tarjeta_En_Boca
2021/07/14 04:55:09.136 - MENSAJE: Tarjeta_En_Boca
2021/07/14 04:55:10.127 - MENSAJE: Tarjeta_En_Boca
2021/07/14 04:55:11.135 - MENSAJE: Tarjeta_En_Boca
2021/07/14 04:55:12.140 - MENSAJE: Tarjeta_En_Boca
2021/07/14 04:55:13.139 - MENSAJE: Tarjeta_En_Boca
2021/07/14 04:55:14.168 - MENSAJE: Tarjeta_En_Boca
2021/07/14 04:55:15.162 - MENSAJE: Tarjeta_En_Boca
2021/07/14 04:55:16.171 - MENSAJE: Tarjeta_En_Boca
2021/07/14 04:55:17.183 - MENSAJE: Tarjeta_En_Boca
2021/07/14 04:55:18.179 - MENSAJE: Tarjeta_En_Boca
2021/07/14 04:55:19.191 - MENSAJE: Tarjeta_En_Boca
2021/07/14 04:55:20.214 - MENSAJE: Tarjeta_En_Boca
2021/07/14 04:55:21.223 - MENSAJE: Tarjeta_En_Boca
2021/07/14 04:55:22.219 - MENSAJE: Tarjeta_En_Boca
2021/07/14 04:55:23.245 - MENSAJE: Tarjeta_En_Boca
2021/07/14 04:55:24.256 - MENSAJE: Tarjeta_En_Boca
2021/07/14 04:55:25.248 - MENSAJE: Tarjeta_En_Boca
2021/07/14 04:55:26.281 - MENSAJE: Tarjeta_En_Boca
2021/07/14 04:55:27.284 - MENSAJE: Tarjeta_En_Boca
2021/07/14 04:55:28.323 - MENSAJE: Tarjeta_En_Boca
2021/07/14 04:55:29.315 - MENSAJE: Tarjeta_En_Boca
2021/07/14 04:55:30.298 - MENSAJE: Tarjeta_En_Boca
2021/07/14 04:55:31.322 - MENSAJE: Tarjeta_En_Boca
2021/07/14 04:55:32.320 - MENSAJE: Tarjeta_En_Boca
2021/07/14 04:55:33.311 - MENSAJE: Tarjeta_En_Boca
2021/07/14 04:55:34.339 - MENSAJE: Tarjeta_En_Boca
2021/07/14 04:55:35.344 - MENSAJE: Tarjeta_En_Boca
2021/07/14 04:55:36.366 - MENSAJE: Tarjeta_En_Boca
2021/07/14 04:55:37.359 - MENSAJE: Tarjeta_En_Boca
2021/07/14 04:55:38.375 - MENSAJE: Tarjeta_En_Boca
2021/07/14 04:55:39.401 - MENSAJE: Tarjeta_En_Boca
2021/07/14 04:55:40.406 - MENSAJE: Tarjeta_En_Boca
2021/07/14 04:55:41.429 - MENSAJE: Tarjeta_En_Boca
2021/07/14 04:55:42.434 - MENSAJE: Tarjeta_En_Boca
2021/07/14 04:55:43.442 - MENSAJE: Tarjeta_En_Boca
2021/07/14 04:55:44.454 - MENSAJE: Tarjeta_En_Boca
2021/07/14 04:55:45.506 - MENSAJE: Tarjeta_En_Boca
2021/07/14 04:55:46.484 - MENSAJE: Tarjeta_En_Boca
2021/07/14 04:55:47.510 - MENSAJE: Tarjeta_En_Boca
2021/07/14 04:55:48.503 - MENSAJE: Tarjeta_En_Boca
2021/07/14 04:55:49.516 - MENSAJE: Tarjeta_En_Boca
2021/07/14 04:55:50.530 - MENSAJE: Tarjeta_En_Boca
2021/07/14 04:55:51.558 - MENSAJE: Tarjeta_En_Boca
2021/07/14 04:55:52.568 - MENSAJE: Tarjeta_En_Boca
2021/07/14 04:55:53.585 - MENSAJE: Tarjeta_En_Boca
2021/07/14 04:55:54.567 - MENSAJE: Tarjeta_En_Boca
2021/07/14 04:55:55.577 - MENSAJE: Tarjeta_En_Boca
2021/07/14 04:55:56.599 - MENSAJE: Tarjeta_En_Boca
2021/07/14 04:55:57.594 - MENSAJE: Tarjeta_En_Boca
2021/07/14 04:55:58.594 - MENSAJE: Tarjeta_En_Boca
2021/07/14 04:55:59.618 - MENSAJE: Tarjeta_En_Boca
2021/07/14 04:56:00.629 - MENSAJE: Tarjeta_En_Boca
2021/07/14 04:56:01.625 - MENSAJE: Tarjeta_En_Boca
2021/07/14 04:56:02.641 - MENSAJE: Tarjeta_En_Boca
2021/07/14 04:56:03.654 - MENSAJE: Tarjeta_En_Boca
2021/07/14 04:56:04.651 - MENSAJE: Tarjeta_En_Boca
2021/07/14 04:56:05.650 - MENSAJE: Tarjeta_En_Boca
2021/07/14 04:56:06.644 - MENSAJE: Tarjeta_En_Boca
2021/07/14 04:56:07.651 - MENSAJE: Tarjeta_En_Boca
2021/07/14 04:56:08.658 - MENSAJE: Tarjeta_En_Boca
2021/07/14 04:56:09.680 - MENSAJE: Tarjeta_En_Boca
2021/07/14 04:56:10.676 - MENSAJE: Tarjeta_En_Boca
2021/07/14 04:56:11.687 - MENSAJE: Tarjeta_En_Boca
2021/07/14 04:56:12.711 - MENSAJE: Tarjeta_En_Boca
2021/07/14 04:56:13.720 - MENSAJE: Tarjeta_En_Boca
2021/07/14 04:56:14.744 - MENSAJE: Tarjeta_En_Boca
2021/07/14 04:56:15.743 - MENSAJE: Tarjeta_En_Boca
2021/07/14 04:56:16.752 - MENSAJE: Tarjeta_En_Boca
2021/07/14 04:56:17.775 - MENSAJE: Tarjeta_En_Boca
2021/07/14 04:56:18.766 - MENSAJE: Tarjeta_En_Boca
2021/07/14 04:56:19.777 - MENSAJE: Tarjeta_En_Boca
2021/07/14 04:56:20.788 - MENSAJE: Tarjeta_En_Boca
2021/07/14 04:56:21.797 - MENSAJE: Tarjeta_En_Boca
2021/07/14 04:56:22.819 - MENSAJE: Tarjeta_En_Boca
2021/07/14 04:56:23.815 - MENSAJE: Tarjeta_En_Boca
2021/07/14 04:56:24.822 - MENSAJE: Tarjeta_En_Boca
2021/07/14 04:56:25.836 - MENSAJE: Tarjeta_En_Boca
2021/07/14 04:56:26.830 - MENSAJE: Tarjeta_En_Boca
2021/07/14 04:56:27.845 - MENSAJE: Tarjeta_En_Boca
2021/07/14 04:56:28.865 - MENSAJE: Tarjeta_En_Boca
2021/07/14 04:56:29.876 - MENSAJE: Tarjeta_En_Boca
2021/07/14 04:56:30.902 - MENSAJE: Tarjeta_En_Boca
2021/07/14 04:56:31.897 - MENSAJE: Tarjeta_En_Boca
2021/07/14 04:56:32.896 - MENSAJE: Tarjeta_En_Boca
2021/07/14 04:56:33.911 - MENSAJE: Tarjeta_En_Boca
2021/07/14 04:56:34.923 - MENSAJE: Tarjeta_En_Boca
2021/07/14 04:56:35.933 - MENSAJE: Tarjeta_En_Boca
2021/07/14 04:56:36.946 - MENSAJE: Tarjeta_En_Boca
2021/07/14 04:56:37.954 - MENSAJE: Tarjeta_En_Boca
2021/07/14 04:56:38.974 - MENSAJE: Tarjeta_En_Boca
2021/07/14 04:56:39.996 - MENSAJE: Tarjeta_En_Boca
2021/07/14 04:56:40.991 - MENSAJE: Tarjeta_En_Boca
2021/07/14 04:56:42.000 - MENSAJE: Tarjeta_En_Boca
2021/07/14 04:56:43.024 - MENSAJE: Tarjeta_En_Boca
2021/07/14 04:56:44.035 - MENSAJE: Tarjeta_En_Boca
2021/07/14 04:56:45.059 - MENSAJE: Tarjeta_En_Boca
2021/07/14 04:56:46.074 - MENSAJE: Tarjeta_En_Boca
2021/07/14 04:56:47.069 - MENSAJE: Tarjeta_En_Boca
2021/07/14 04:56:48.062 - MENSAJE: Tarjeta_En_Boca
2021/07/14 04:56:49.085 - MENSAJE: Tarjeta_En_Boca
2021/07/14 04:56:50.094 - MENSAJE: Tarjeta_En_Boca
2021/07/14 04:56:51.119 - MENSAJE: Tarjeta_En_Boca
2021/07/14 04:56:52.129 - MENSAJE: Tarjeta_En_Boca
2021/07/14 04:56:53.136 - MENSAJE: Tarjeta_En_Boca
2021/07/14 04:56:54.145 - MENSAJE: Tarjeta_En_Boca
2021/07/14 04:56:55.155 - MENSAJE: Tarjeta_En_Boca
2021/07/14 04:56:56.164 - MENSAJE: Tarjeta_En_Boca
2021/07/14 04:56:57.176 - MENSAJE: Tarjeta_En_Boca
2021/07/14 04:56:58.171 - MENSAJE: Tarjeta_En_Boca
2021/07/14 04:56:59.197 - MENSAJE: Tarjeta_En_Boca
2021/07/14 04:57:00.193 - MENSAJE: Tarjeta_En_Boca
2021/07/14 04:57:01.206 - MENSAJE: Tarjeta_En_Boca
2021/07/14 04:57:02.217 - MENSAJE: Tarjeta_En_Boca
2021/07/14 04:57:03.243 - MENSAJE: Tarjeta_En_Boca
2021/07/14 04:57:03.263 - MENSAJE: Vehiculo En Mueble
2021/07/14 04:57:05.016 - MENSAJE: Tarjeta_Alistada
2021/07/14 04:57:05.026 - MENSAJE: (FrontEnd Antes CapturaPlaca)
2021/07/14 04:57:05.027 - MENSAJE: (FrontEnd CapturaPlaca) ipServer: 192.168.1.87
2021/07/14 04:57:05.029 - MENSAJE: (FrontEnd CapturaPlaca) message: [lpr;1;1;242CF]
2021/07/14 04:57:06.019 - MENSAJE: (FrontEnd CapturaPlaca) Placa: 
2021/07/14 04:57:06.022 - MENSAJE: (FrontEnd CapturaPlaca) ------
2021/07/14 04:57:07.354 - MENSAJE: Tarjeta_Escrita
2021/07/14 04:57:07.366 - MENSAJE: Tarjeta_MovidaReceptor_RF_TO_FRONT
2021/07/14 05:55:03.047 - INICIO REGISTRO
2021/07/14 05:55:03.067 - MENSAJE: (FrondEnd CargaRecursos): Carga Controles - OK
2021/07/14 05:55:03.236 - MENSAJE: (FrondEnd CargaImagenes): Carga Imagenes - OK
2021/07/14 05:55:06.320 - MENSAJE: (Presenter ObtenerInfoModulo) OK
2021/07/14 05:55:06.367 - MENSAJE: (Presenter ObtenerInfoPartes) OK
2021/07/14 05:55:06.398 - MENSAJE: (Presenter ObtenerInfoParametros) OK
2021/07/14 05:55:06.626 - MENSAJE: (PRESENTER) Conexion Exitosa PLC
2021/07/14 05:55:06.766 - MENSAJE: (PRESENTER) Borrado Exitoso Variables PLC
2021/07/14 05:55:06.800 - MENSAJE: ConexionExitosa_Dispensador
2021/07/14 05:55:06.891 - MENSAJE: (PRESENTER) Borrado Exitoso Variables PLC
2021/07/14 05:55:07.074 - MENSAJE: Tarjeta_En_Boca
2021/07/14 05:55:07.209 - MENSAJE: Tarjeta_En_Boca
2021/07/14 05:55:08.113 - MENSAJE: Tarjeta_En_Boca
2021/07/14 05:55:09.138 - MENSAJE: Tarjeta_En_Boca
2021/07/14 05:55:10.145 - MENSAJE: Tarjeta_En_Boca
2021/07/14 05:55:11.153 - MENSAJE: Tarjeta_En_Boca
2021/07/14 05:55:12.162 - MENSAJE: Tarjeta_En_Boca
2021/07/14 05:55:13.184 - MENSAJE: Tarjeta_En_Boca
2021/07/14 05:55:13.206 - MENSAJE: Vehiculo En Mueble
2021/07/14 05:55:14.954 - MENSAJE: Tarjeta_Alistada
2021/07/14 05:55:14.988 - MENSAJE: (FrontEnd Antes CapturaPlaca)
2021/07/14 05:55:14.990 - MENSAJE: (FrontEnd CapturaPlaca) ipServer: 192.168.1.87
2021/07/14 05:55:17.124 - MENSAJE: (FrontEnd ERROR CapturaPlaca) System.Net.Sockets.SocketException (0x80004005): No se puede establecer una conexión ya que el equipo de destino denegó expresamente dicha conexión 192.168.1.87:27001
   en System.Net.Sockets.TcpClient..ctor(String hostname, Int32 port)
   en MC.ModuloEntrada.WinForm.FrontEnd.frmPrincipal.CapturaPlaca() en c:\Users\Kingdel\Desktop\SANTO THOMAS\MC.ModuloEntrada.WinForm.FrontEnd\frmPrincipal.cs:línea 1214
2021/07/14 05:55:17.125 - MENSAJE: (FrontEnd CapturaPlaca) 
2021/07/14 05:55:17.160 - MENSAJE: Vehiculo En Mueble
2021/07/14 05:55:18.470 - MENSAJE: Tarjeta_Escrita
2021/07/14 05:55:18.482 - MENSAJE: Tarjeta_MovidaReceptor_RF_TO_FRONT
2021/07/14 05:55:23.386 - MENSAJE: Tarjeta_En_Boca
2021/07/14 05:55:23.470 - MENSAJE: Error_MoverTarjeta_FRONT_TO_RF
2021/07/14 05:55:23.604 - MENSAJE: oAutorizado.IdTarjeta : 
2021/07/14 05:55:29.322 - MENSAJE: (PRESENTER) Borrado Exitoso Variables PLC
2021/07/14 05:55:30.248 - MENSAJE: Tarjeta_En_Boca
2021/07/14 05:55:30.269 - MENSAJE: Vehiculo En Mueble
2021/07/14 05:55:32.022 - MENSAJE: Tarjeta_Alistada
2021/07/14 05:55:32.029 - MENSAJE: (FrontEnd Antes CapturaPlaca)
2021/07/14 05:55:32.030 - MENSAJE: (FrontEnd CapturaPlaca) ipServer: 192.168.1.87
2021/07/14 05:55:32.031 - MENSAJE: (FrontEnd CapturaPlaca) message: [lpr;1;1;242CF]
2021/07/14 05:55:32.970 - MENSAJE: (FrontEnd CapturaPlaca) Placa: 
2021/07/14 05:55:32.971 - MENSAJE: (FrontEnd CapturaPlaca) ------
2021/07/14 05:55:33.006 - MENSAJE: Vehiculo En Mueble
2021/07/14 05:55:34.298 - MENSAJE: Tarjeta_Escrita
2021/07/14 05:55:34.309 - MENSAJE: Tarjeta_MovidaReceptor_RF_TO_FRONT
2021/07/14 05:55:41.805 - MENSAJE: Tarjeta_En_Boca
2021/07/14 05:55:41.835 - MENSAJE: Error_MoverTarjeta_FRONT_TO_RF
2021/07/14 05:55:41.846 - MENSAJE: oAutorizado.IdTarjeta : 
2021/07/14 05:55:47.441 - MENSAJE: (PRESENTER) Borrado Exitoso Variables PLC
2021/07/14 05:55:48.415 - MENSAJE: Tarjeta_En_Boca
2021/07/14 05:55:48.437 - MENSAJE: Vehiculo En Mueble
2021/07/14 05:55:50.182 - MENSAJE: Tarjeta_Alistada
2021/07/14 05:55:50.191 - MENSAJE: (FrontEnd Antes CapturaPlaca)
2021/07/14 05:55:50.192 - MENSAJE: (FrontEnd CapturaPlaca) ipServer: 192.168.1.87
2021/07/14 05:55:50.193 - MENSAJE: (FrontEnd CapturaPlaca) message: [lpr;1;1;242CF]
2021/07/14 05:55:51.210 - MENSAJE: (FrontEnd CapturaPlaca) Placa: 
2021/07/14 05:55:51.211 - MENSAJE: (FrontEnd CapturaPlaca) ------
2021/07/14 05:55:51.244 - MENSAJE: Vehiculo En Mueble
2021/07/14 05:55:52.535 - MENSAJE: Tarjeta_Escrita
2021/07/14 05:55:52.546 - MENSAJE: Tarjeta_MovidaReceptor_RF_TO_FRONT
2021/07/14 05:56:12.105 - MENSAJE: Tarjeta_En_Boca
2021/07/14 05:56:12.140 - MENSAJE: Error_MoverTarjeta_FRONT_TO_RF
2021/07/14 05:56:12.152 - MENSAJE: oAutorizado.IdTarjeta : 
2021/07/14 05:57:19.506 - INICIO REGISTRO
2021/07/14 05:57:19.531 - MENSAJE: (FrondEnd CargaRecursos): Carga Controles - OK
2021/07/14 05:57:19.780 - MENSAJE: (FrondEnd CargaImagenes): Carga Imagenes - OK
2021/07/14 05:57:20.752 - MENSAJE: (Presenter ObtenerInfoModulo) OK
2021/07/14 05:57:20.789 - MENSAJE: (Presenter ObtenerInfoPartes) OK
2021/07/14 05:57:20.815 - MENSAJE: (Presenter ObtenerInfoParametros) OK
2021/07/14 05:57:21.053 - MENSAJE: (PRESENTER) Conexion Exitosa PLC
2021/07/14 05:57:21.192 - MENSAJE: (PRESENTER) Borrado Exitoso Variables PLC
2021/07/14 05:57:21.226 - MENSAJE: ConexionExitosa_Dispensador
2021/07/14 05:57:21.318 - MENSAJE: (PRESENTER) Borrado Exitoso Variables PLC
2021/07/14 05:57:21.490 - MENSAJE: Tarjeta_En_Boca
2021/07/14 05:57:21.540 - MENSAJE: Vehiculo En Mueble
2021/07/14 05:57:23.285 - MENSAJE: Tarjeta_Alistada
2021/07/14 05:57:23.309 - MENSAJE: (FrontEnd Antes CapturaPlaca)
2021/07/14 05:57:23.314 - MENSAJE: (FrontEnd CapturaPlaca) ipServer: 192.168.1.87
2021/07/14 05:57:23.317 - MENSAJE: (FrontEnd CapturaPlaca) message: [lpr;1;1;242CF]
2021/07/14 05:57:24.321 - MENSAJE: (FrontEnd CapturaPlaca) Placa: 
2021/07/14 05:57:24.323 - MENSAJE: (FrontEnd CapturaPlaca) ------
2021/07/14 05:57:24.376 - MENSAJE: Vehiculo En Mueble
2021/07/14 05:57:25.692 - MENSAJE: Tarjeta_Escrita
2021/07/14 05:57:25.704 - MENSAJE: Tarjeta_MovidaReceptor_RF_TO_FRONT
2021/07/14 05:57:31.006 - MENSAJE: Tarjeta_En_Boca
2021/07/14 05:57:36.193 - MENSAJE: Error_MoverTarjeta_FRONT_TO_RF
2021/07/14 05:59:16.266 - MENSAJE: Tarjeta_En_Boca
2021/07/14 05:59:44.602 - MENSAJE: oAutorizado.IdTarjeta : 61C8464F
2021/07/14 06:00:19.330 - MENSAJE: Talanquera Abierta
2021/07/14 06:00:31.517 - MENSAJE: Vehiculo En Talanquera
2021/07/14 06:00:32.513 - MENSAJE: Vehiculo Salio Talanquera
2021/07/14 06:00:32.574 - MENSAJE: (PRESENTER) Borrado Exitoso Variables PLC
2021/07/14 06:00:32.637 - MENSAJE: (PRESENTER) Borrado Exitoso Variables PLC
2021/07/14 06:00:33.501 - MENSAJE: Tarjeta_En_Boca
2021/07/14 06:00:34.498 - MENSAJE: Tarjeta_En_Boca
2021/07/14 06:00:35.505 - MENSAJE: Tarjeta_En_Boca
2021/07/14 06:00:36.532 - MENSAJE: Tarjeta_En_Boca
2021/07/14 06:00:37.528 - MENSAJE: Tarjeta_En_Boca
