2022/08/13 11:01:34.079 - INICIO REGISTRO
2022/08/13 11:01:34.090 - MENSAJE: (FrondEnd CargaRecursos): Carga Controles - OK
2022/08/13 11:01:34.329 - MENSAJE: (FrondEnd CargaImagenes): Carga Imagenes - OK
2022/08/13 11:01:35.037 - MENSAJE: (Presenter ObtenerInfoModulo) OK
2022/08/13 11:01:35.071 - MENSAJE: (Presenter ObtenerInfoPartes) OK
2022/08/13 11:01:35.095 - MENSAJE: (Presenter ObtenerInfoParametros) OK
2022/08/13 11:01:35.406 - MENSAJE: (PRESENTER) Conexion Exitosa PLC
2022/08/13 11:01:35.563 - MENSAJE: (PRESENTER) Borrado Exitoso Variables PLC
2022/08/13 11:01:35.604 - MENSAJE: ConexionExitosa_Dispensador
2022/08/13 11:01:37.777 - MENSAJE: (PRESENTER) Borrado Exitoso Variables PLC
2022/08/13 11:01:38.480 - MENSAJE: Sin_Tarjeta
2022/08/13 11:01:39.110 - MENSAJE: Sin_Tarjeta
2022/08/13 11:01:39.745 - MENSAJE: Sin_Tarjeta
2022/08/13 11:01:40.660 - MENSAJE: Sin_Tarjeta
2022/08/13 11:01:41.675 - MENSAJE: Sin_Tarjeta
2022/08/13 11:01:42.668 - MENSAJE: Sin_Tarjeta
2022/08/13 11:01:43.664 - MENSAJE: Sin_Tarjeta
2022/08/13 11:01:44.677 - MENSAJE: Sin_Tarjeta
2022/08/13 11:01:45.680 - MENSAJE: Sin_Tarjeta
2022/08/13 11:01:46.678 - MENSAJE: Sin_Tarjeta
2022/08/13 11:01:47.706 - MENSAJE: Sin_Tarjeta
2022/08/13 11:01:48.707 - MENSAJE: Sin_Tarjeta
2022/08/13 11:01:49.708 - MENSAJE: Sin_Tarjeta
2022/08/13 11:01:50.733 - MENSAJE: Sin_Tarjeta
2022/08/13 11:01:51.728 - MENSAJE: Sin_Tarjeta
2022/08/13 11:01:52.725 - MENSAJE: Sin_Tarjeta
2022/08/13 11:01:53.735 - MENSAJE: Sin_Tarjeta
2022/08/13 11:01:54.750 - MENSAJE: Sin_Tarjeta
2022/08/13 11:01:55.747 - MENSAJE: Sin_Tarjeta
2022/08/13 11:01:56.745 - MENSAJE: Sin_Tarjeta
2022/08/13 11:01:57.740 - MENSAJE: Sin_Tarjeta
2022/08/13 11:01:58.748 - MENSAJE: Sin_Tarjeta
2022/08/13 11:01:59.747 - MENSAJE: Sin_Tarjeta
2022/08/13 11:02:00.744 - MENSAJE: Sin_Tarjeta
2022/08/13 11:02:01.745 - MENSAJE: Sin_Tarjeta
2022/08/13 11:02:02.741 - MENSAJE: Sin_Tarjeta
2022/08/13 11:02:03.755 - MENSAJE: Sin_Tarjeta
2022/08/13 11:02:04.765 - MENSAJE: Sin_Tarjeta
2022/08/13 11:02:05.774 - MENSAJE: Sin_Tarjeta
2022/08/13 11:02:06.798 - MENSAJE: Sin_Tarjeta
2022/08/13 11:02:07.790 - MENSAJE: Sin_Tarjeta
2022/08/13 11:02:08.787 - MENSAJE: Sin_Tarjeta
2022/08/13 11:02:09.799 - MENSAJE: Sin_Tarjeta
2022/08/13 11:02:10.813 - MENSAJE: Sin_Tarjeta
2022/08/13 11:02:11.811 - MENSAJE: Sin_Tarjeta
2022/08/13 11:02:12.822 - MENSAJE: Sin_Tarjeta
2022/08/13 11:02:13.821 - MENSAJE: Sin_Tarjeta
2022/08/13 11:02:14.824 - MENSAJE: Sin_Tarjeta
2022/08/13 11:02:15.824 - MENSAJE: Sin_Tarjeta
2022/08/13 11:02:16.821 - MENSAJE: Sin_Tarjeta
2022/08/13 11:02:17.828 - MENSAJE: Sin_Tarjeta
2022/08/13 11:02:17.851 - MENSAJE: Vehiculo En Mueble
2022/08/13 11:02:17.852 - MENSAJE: (FrontEnd Antes AlistarTarjetaNew)
2022/08/13 11:03:11.885 - MENSAJE: Tarjeta_Alistada
2022/08/13 11:03:11.930 - MENSAJE: Tarjeta Encontrada: 447A3EED
2022/08/13 11:03:16.206 - MENSAJE: (FrontEnd CapturaPlaca) 
2022/08/13 11:03:23.775 - MENSAJE: Vehiculo En Mueble
2022/08/13 11:04:47.820 - MENSAJE: Tarjeta_Escrita
2022/08/13 11:04:47.832 - MENSAJE: Tarjeta_MovidaReceptor_RF_TO_FRONT
2022/08/13 11:05:01.395 - MENSAJE: Tarjeta_En_Boca
2022/08/13 11:05:01.395 - MENSAJE: Tarjeta_En_Boca
2022/08/13 11:05:08.686 - MENSAJE: Vehiculo En Mueble
2022/08/13 11:06:08.986 - MENSAJE: Sin_Tarjeta
2022/08/13 11:06:13.249 - MENSAJE: Talanquera Abierta
2022/08/13 11:08:15.256 - MENSAJE: Vehiculo En Talanquera
2022/08/13 11:08:24.768 - MENSAJE: Vehiculo Salio Talanquera
2022/08/13 11:08:25.374 - MENSAJE: (PRESENTER) Borrado Exitoso Variables PLC
2022/08/13 11:08:26.843 - MENSAJE: (PRESENTER) Borrado Exitoso Variables PLC
2022/08/13 11:08:31.540 - MENSAJE: Sin_Tarjeta
2022/08/13 11:08:33.279 - MENSAJE: Vehiculo En Mueble
2022/08/13 11:08:33.995 - MENSAJE: (FrontEnd Antes AlistarTarjetaNew)
2022/08/13 11:10:23.594 - INICIO REGISTRO
2022/08/13 11:10:23.603 - MENSAJE: (FrondEnd CargaRecursos): Carga Controles - OK
2022/08/13 11:10:23.730 - MENSAJE: (FrondEnd CargaImagenes): Carga Imagenes - OK
2022/08/13 11:10:24.223 - MENSAJE: (Presenter ObtenerInfoModulo) OK
2022/08/13 11:10:24.263 - MENSAJE: (Presenter ObtenerInfoPartes) OK
2022/08/13 11:10:24.289 - MENSAJE: (Presenter ObtenerInfoParametros) OK
2022/08/13 11:10:24.475 - MENSAJE: (PRESENTER) Conexion Exitosa PLC
2022/08/13 11:10:24.633 - MENSAJE: (PRESENTER) Borrado Exitoso Variables PLC
2022/08/13 11:10:24.683 - MENSAJE: ConexionExitosa_Dispensador
2022/08/13 11:10:27.523 - MENSAJE: (PRESENTER) Borrado Exitoso Variables PLC
2022/08/13 11:10:28.129 - MENSAJE: Vehiculo En Mueble
2022/08/13 11:10:28.130 - MENSAJE: (FrontEnd Antes AlistarTarjetaNew)
2022/08/13 11:11:50.008 - MENSAJE: Tarjeta_Alistada
2022/08/13 11:11:50.053 - MENSAJE: Tarjeta Encontrada: 03319979
2022/08/13 11:11:50.054 - MENSAJE: (FrontEnd CapturaPlaca) 
2022/08/13 11:12:02.656 - MENSAJE: Vehiculo En Mueble
2022/08/13 11:12:15.389 - MENSAJE: Tarjeta_Escrita
2022/08/13 11:12:15.401 - MENSAJE: Tarjeta_MovidaReceptor_RF_TO_FRONT
2022/08/13 11:12:16.141 - MENSAJE: Tarjeta_En_Boca
2022/08/13 11:12:16.142 - MENSAJE: Tarjeta_En_Boca
2022/08/13 11:12:16.180 - MENSAJE: Vehiculo En Mueble
2022/08/13 11:12:16.804 - MENSAJE: Tarjeta_En_Boca
2022/08/13 11:12:16.805 - MENSAJE: Tarjeta_En_Boca
2022/08/13 11:12:16.843 - MENSAJE: Vehiculo En Mueble
2022/08/13 11:12:17.438 - MENSAJE: Tarjeta_En_Boca
2022/08/13 11:12:17.438 - MENSAJE: Tarjeta_En_Boca
2022/08/13 11:12:17.476 - MENSAJE: Vehiculo En Mueble
2022/08/13 11:12:18.409 - MENSAJE: Tarjeta_En_Boca
2022/08/13 11:12:18.409 - MENSAJE: Tarjeta_En_Boca
2022/08/13 11:12:18.446 - MENSAJE: Vehiculo En Mueble
2022/08/13 11:12:19.435 - MENSAJE: Tarjeta_En_Boca
2022/08/13 11:12:19.436 - MENSAJE: Tarjeta_En_Boca
2022/08/13 11:12:19.474 - MENSAJE: Vehiculo En Mueble
2022/08/13 11:12:20.438 - MENSAJE: Tarjeta_En_Boca
2022/08/13 11:12:20.439 - MENSAJE: Tarjeta_En_Boca
2022/08/13 11:12:20.476 - MENSAJE: Vehiculo En Mueble
2022/08/13 11:12:21.438 - MENSAJE: Tarjeta_En_Boca
2022/08/13 11:12:21.439 - MENSAJE: Tarjeta_En_Boca
2022/08/13 11:12:21.477 - MENSAJE: Vehiculo En Mueble
2022/08/13 11:12:22.439 - MENSAJE: Tarjeta_En_Boca
2022/08/13 11:12:22.440 - MENSAJE: Tarjeta_En_Boca
2022/08/13 11:12:22.477 - MENSAJE: Vehiculo En Mueble
2022/08/13 11:12:23.444 - MENSAJE: Tarjeta_En_Boca
2022/08/13 11:12:23.444 - MENSAJE: Tarjeta_En_Boca
2022/08/13 11:12:23.482 - MENSAJE: Vehiculo En Mueble
2022/08/13 11:12:24.447 - MENSAJE: Tarjeta_En_Boca
2022/08/13 11:12:24.448 - MENSAJE: Tarjeta_En_Boca
2022/08/13 11:12:24.485 - MENSAJE: Vehiculo En Mueble
2022/08/13 11:12:25.445 - MENSAJE: Tarjeta_En_Boca
2022/08/13 11:12:25.445 - MENSAJE: Tarjeta_En_Boca
2022/08/13 11:12:25.481 - MENSAJE: Vehiculo En Mueble
2022/08/13 11:12:26.446 - MENSAJE: Tarjeta_En_Boca
2022/08/13 11:12:26.447 - MENSAJE: Tarjeta_En_Boca
2022/08/13 11:12:26.485 - MENSAJE: Vehiculo En Mueble
2022/08/13 11:12:27.451 - MENSAJE: Tarjeta_En_Boca
2022/08/13 11:12:27.451 - MENSAJE: Tarjeta_En_Boca
2022/08/13 11:12:27.489 - MENSAJE: Vehiculo En Mueble
2022/08/13 11:12:28.452 - MENSAJE: Tarjeta_En_Boca
2022/08/13 11:12:28.453 - MENSAJE: Tarjeta_En_Boca
2022/08/13 11:12:28.491 - MENSAJE: Vehiculo En Mueble
2022/08/13 11:12:29.454 - MENSAJE: Tarjeta_En_Boca
2022/08/13 11:12:29.455 - MENSAJE: Tarjeta_En_Boca
2022/08/13 11:12:29.491 - MENSAJE: Vehiculo En Mueble
2022/08/13 11:12:30.460 - MENSAJE: Tarjeta_En_Boca
2022/08/13 11:12:30.460 - MENSAJE: Tarjeta_En_Boca
2022/08/13 11:12:30.498 - MENSAJE: Vehiculo En Mueble
2022/08/13 11:12:31.456 - MENSAJE: Tarjeta_En_Boca
2022/08/13 11:12:31.457 - MENSAJE: Tarjeta_En_Boca
2022/08/13 11:12:31.494 - MENSAJE: Vehiculo En Mueble
2022/08/13 11:12:32.486 - MENSAJE: Tarjeta_En_Boca
2022/08/13 11:12:32.487 - MENSAJE: Tarjeta_En_Boca
2022/08/13 11:12:32.523 - MENSAJE: Vehiculo En Mueble
2022/08/13 11:12:33.474 - MENSAJE: Tarjeta_En_Boca
2022/08/13 11:12:33.475 - MENSAJE: Tarjeta_En_Boca
2022/08/13 11:12:33.512 - MENSAJE: Vehiculo En Mueble
2022/08/13 11:12:34.475 - MENSAJE: Tarjeta_En_Boca
2022/08/13 11:12:34.476 - MENSAJE: Tarjeta_En_Boca
2022/08/13 11:12:34.514 - MENSAJE: Vehiculo En Mueble
2022/08/13 11:12:35.491 - MENSAJE: Tarjeta_En_Boca
2022/08/13 11:12:35.491 - MENSAJE: Tarjeta_En_Boca
2022/08/13 11:12:35.528 - MENSAJE: Vehiculo En Mueble
2022/08/13 11:12:36.490 - MENSAJE: Tarjeta_En_Boca
2022/08/13 11:12:36.491 - MENSAJE: Tarjeta_En_Boca
2022/08/13 11:12:36.528 - MENSAJE: Vehiculo En Mueble
2022/08/13 11:12:37.484 - MENSAJE: Tarjeta_En_Boca
2022/08/13 11:12:37.485 - MENSAJE: Tarjeta_En_Boca
2022/08/13 11:12:37.523 - MENSAJE: Vehiculo En Mueble
2022/08/13 11:12:38.490 - MENSAJE: Tarjeta_En_Boca
2022/08/13 11:12:38.490 - MENSAJE: Tarjeta_En_Boca
2022/08/13 11:12:38.528 - MENSAJE: Vehiculo En Mueble
2022/08/13 11:12:39.489 - MENSAJE: Tarjeta_En_Boca
2022/08/13 11:12:39.490 - MENSAJE: Tarjeta_En_Boca
2022/08/13 11:12:39.528 - MENSAJE: Vehiculo En Mueble
2022/08/13 11:12:40.502 - MENSAJE: Tarjeta_En_Boca
2022/08/13 11:12:40.503 - MENSAJE: Tarjeta_En_Boca
2022/08/13 11:12:40.541 - MENSAJE: Vehiculo En Mueble
2022/08/13 11:12:41.518 - MENSAJE: Sin_Tarjeta
2022/08/13 11:12:41.541 - MENSAJE: Talanquera Abierta
2022/08/13 11:13:53.465 - MENSAJE: Vehiculo En Talanquera
2022/08/13 11:13:53.557 - MENSAJE: Vehiculo Salio Talanquera
2022/08/13 11:13:53.620 - MENSAJE: (PRESENTER) Borrado Exitoso Variables PLC
2022/08/13 11:13:53.682 - MENSAJE: (PRESENTER) Borrado Exitoso Variables PLC
2022/08/13 11:13:54.657 - MENSAJE: Sin_Tarjeta
2022/08/13 11:13:54.697 - MENSAJE: Vehiculo En Mueble
2022/08/13 11:13:54.698 - MENSAJE: (FrontEnd Antes AlistarTarjetaNew)
2022/08/13 11:14:12.337 - MENSAJE: Tarjeta_Alistada
2022/08/13 11:14:12.362 - MENSAJE: Tarjeta Encontrada: 268C2127
2022/08/13 11:14:12.363 - MENSAJE: (FrontEnd CapturaPlaca) 
2022/08/13 11:17:34.012 - MENSAJE: Tarjeta_Escrita
2022/08/13 11:17:34.024 - MENSAJE: Tarjeta_MovidaReceptor_RF_TO_FRONT
2022/08/13 11:17:34.661 - MENSAJE: Tarjeta_En_Boca
2022/08/13 11:17:34.661 - MENSAJE: Tarjeta_En_Boca
2022/08/13 11:17:34.775 - MENSAJE: (PRESENTER) Borrado Exitoso Variables PLC
2022/08/13 11:18:00.496 - MENSAJE: Vehiculo En Mueble
2022/08/13 11:18:00.497 - MENSAJE: (FrontEnd Antes AlistarTarjetaNew)
2022/08/13 11:18:15.362 - MENSAJE: Tarjeta_Alistada
2022/08/13 11:18:15.382 - MENSAJE: Tarjeta Encontrada: 268C2127
2022/08/13 11:18:15.383 - MENSAJE: (FrontEnd CapturaPlaca) 
2022/08/13 11:18:38.537 - MENSAJE: Tarjeta_Escrita
2022/08/13 11:18:38.549 - MENSAJE: Tarjeta_MovidaReceptor_RF_TO_FRONT
2022/08/13 11:18:39.196 - MENSAJE: Tarjeta_En_Boca
2022/08/13 11:18:39.197 - MENSAJE: Tarjeta_En_Boca
2022/08/13 11:18:39.313 - MENSAJE: (PRESENTER) Borrado Exitoso Variables PLC
2022/08/13 11:18:45.674 - MENSAJE: Vehiculo En Mueble
2022/08/13 11:18:45.675 - MENSAJE: (FrontEnd Antes AlistarTarjetaNew)
2022/08/13 11:19:02.342 - MENSAJE: Tarjeta_Alistada
2022/08/13 11:19:02.370 - MENSAJE: Tarjeta Encontrada: 268C2127
2022/08/13 11:19:02.370 - MENSAJE: (FrontEnd CapturaPlaca) 
2022/08/13 11:19:02.443 - MENSAJE: Vehiculo En Mueble
2022/08/13 11:19:04.560 - MENSAJE: Tarjeta_Escrita
2022/08/13 11:19:04.571 - MENSAJE: Tarjeta_MovidaReceptor_RF_TO_FRONT
2022/08/13 11:19:05.256 - MENSAJE: Sin_Tarjeta
2022/08/13 11:19:05.310 - MENSAJE: Talanquera Abierta
2022/08/13 11:21:41.139 - MENSAJE: Vehiculo En Talanquera
2022/08/13 11:21:41.734 - MENSAJE: Vehiculo Salio Talanquera
2022/08/13 11:21:41.795 - MENSAJE: (PRESENTER) Borrado Exitoso Variables PLC
2022/08/13 11:21:41.856 - MENSAJE: (PRESENTER) Borrado Exitoso Variables PLC
2022/08/13 11:21:43.232 - MENSAJE: Sin_Tarjeta
2022/08/13 11:21:43.254 - MENSAJE: Vehiculo En Mueble
2022/08/13 11:21:43.255 - MENSAJE: (FrontEnd Antes AlistarTarjetaNew)
2022/08/13 11:21:44.991 - MENSAJE: Tarjeta_Alistada
2022/08/13 11:21:45.016 - MENSAJE: Tarjeta Encontrada: 04924DED
2022/08/13 11:21:45.016 - MENSAJE: (FrontEnd CapturaPlaca) 
2022/08/13 11:21:45.073 - MENSAJE: Vehiculo En Mueble
2022/08/13 11:21:47.193 - MENSAJE: Tarjeta_Escrita
2022/08/13 11:21:47.205 - MENSAJE: Tarjeta_MovidaReceptor_RF_TO_FRONT
2022/08/13 11:21:47.931 - MENSAJE: Tarjeta_En_Boca
2022/08/13 11:21:47.931 - MENSAJE: Tarjeta_En_Boca
2022/08/13 11:21:47.969 - MENSAJE: Vehiculo En Mueble
2022/08/13 11:21:48.564 - MENSAJE: Tarjeta_En_Boca
2022/08/13 11:21:48.565 - MENSAJE: Tarjeta_En_Boca
2022/08/13 11:21:48.601 - MENSAJE: Vehiculo En Mueble
2022/08/13 11:21:49.248 - MENSAJE: Tarjeta_En_Boca
2022/08/13 11:21:49.249 - MENSAJE: Tarjeta_En_Boca
2022/08/13 11:21:49.285 - MENSAJE: Vehiculo En Mueble
2022/08/13 11:21:50.260 - MENSAJE: Tarjeta_En_Boca
2022/08/13 11:21:50.261 - MENSAJE: Tarjeta_En_Boca
2022/08/13 11:21:50.299 - MENSAJE: Vehiculo En Mueble
2022/08/13 11:21:51.275 - MENSAJE: Tarjeta_En_Boca
2022/08/13 11:21:51.275 - MENSAJE: Tarjeta_En_Boca
2022/08/13 11:21:51.311 - MENSAJE: Vehiculo En Mueble
2022/08/13 11:21:52.274 - MENSAJE: Tarjeta_En_Boca
2022/08/13 11:21:52.275 - MENSAJE: Tarjeta_En_Boca
2022/08/13 11:21:52.312 - MENSAJE: Vehiculo En Mueble
2022/08/13 11:21:53.292 - MENSAJE: Tarjeta_En_Boca
2022/08/13 11:21:53.292 - MENSAJE: Tarjeta_En_Boca
2022/08/13 11:21:53.331 - MENSAJE: Vehiculo En Mueble
2022/08/13 11:21:54.288 - MENSAJE: Tarjeta_En_Boca
2022/08/13 11:21:54.289 - MENSAJE: Tarjeta_En_Boca
2022/08/13 11:21:54.323 - MENSAJE: Vehiculo En Mueble
2022/08/13 11:21:55.286 - MENSAJE: Tarjeta_En_Boca
2022/08/13 11:21:55.287 - MENSAJE: Tarjeta_En_Boca
2022/08/13 11:21:55.322 - MENSAJE: Vehiculo En Mueble
2022/08/13 11:21:56.297 - MENSAJE: Tarjeta_En_Boca
2022/08/13 11:21:56.298 - MENSAJE: Tarjeta_En_Boca
2022/08/13 11:21:56.334 - MENSAJE: Vehiculo En Mueble
2022/08/13 11:21:57.311 - MENSAJE: Tarjeta_En_Boca
2022/08/13 11:21:57.312 - MENSAJE: Tarjeta_En_Boca
2022/08/13 11:21:57.349 - MENSAJE: Vehiculo En Mueble
2022/08/13 11:21:58.309 - MENSAJE: Tarjeta_En_Boca
2022/08/13 11:21:58.309 - MENSAJE: Tarjeta_En_Boca
2022/08/13 11:21:58.346 - MENSAJE: Vehiculo En Mueble
2022/08/13 11:21:59.309 - MENSAJE: Tarjeta_En_Boca
2022/08/13 11:21:59.310 - MENSAJE: Tarjeta_En_Boca
2022/08/13 11:21:59.346 - MENSAJE: Vehiculo En Mueble
2022/08/13 11:22:00.306 - MENSAJE: Tarjeta_En_Boca
2022/08/13 11:22:00.307 - MENSAJE: Tarjeta_En_Boca
2022/08/13 11:22:00.346 - MENSAJE: Vehiculo En Mueble
2022/08/13 11:22:01.317 - MENSAJE: Tarjeta_En_Boca
2022/08/13 11:22:01.318 - MENSAJE: Tarjeta_En_Boca
2022/08/13 11:22:01.355 - MENSAJE: Vehiculo En Mueble
2022/08/13 11:22:02.330 - MENSAJE: Tarjeta_En_Boca
2022/08/13 11:22:02.330 - MENSAJE: Tarjeta_En_Boca
2022/08/13 11:22:02.367 - MENSAJE: Vehiculo En Mueble
2022/08/13 11:22:03.315 - MENSAJE: Tarjeta_En_Boca
2022/08/13 11:22:03.315 - MENSAJE: Tarjeta_En_Boca
2022/08/13 11:22:03.367 - MENSAJE: Vehiculo En Mueble
2022/08/13 11:22:04.357 - MENSAJE: Tarjeta_En_Boca
2022/08/13 11:22:04.357 - MENSAJE: Tarjeta_En_Boca
2022/08/13 11:22:04.411 - MENSAJE: Vehiculo En Mueble
2022/08/13 11:22:05.330 - MENSAJE: Tarjeta_En_Boca
2022/08/13 11:22:05.330 - MENSAJE: Tarjeta_En_Boca
2022/08/13 11:22:05.367 - MENSAJE: Vehiculo En Mueble
2022/08/13 11:22:06.320 - MENSAJE: Tarjeta_En_Boca
2022/08/13 11:22:06.320 - MENSAJE: Tarjeta_En_Boca
2022/08/13 11:22:06.358 - MENSAJE: Vehiculo En Mueble
2022/08/13 11:22:07.325 - MENSAJE: Tarjeta_En_Boca
2022/08/13 11:22:07.325 - MENSAJE: Tarjeta_En_Boca
2022/08/13 11:22:07.363 - MENSAJE: Vehiculo En Mueble
2022/08/13 11:22:08.330 - MENSAJE: Tarjeta_En_Boca
2022/08/13 11:22:08.330 - MENSAJE: Tarjeta_En_Boca
2022/08/13 11:22:08.367 - MENSAJE: Vehiculo En Mueble
2022/08/13 11:22:09.353 - MENSAJE: Tarjeta_En_Boca
2022/08/13 11:22:09.353 - MENSAJE: Tarjeta_En_Boca
2022/08/13 11:22:09.390 - MENSAJE: Vehiculo En Mueble
2022/08/13 11:22:10.356 - MENSAJE: Tarjeta_En_Boca
2022/08/13 11:22:10.356 - MENSAJE: Tarjeta_En_Boca
2022/08/13 11:22:10.394 - MENSAJE: Vehiculo En Mueble
2022/08/13 11:22:11.351 - MENSAJE: Tarjeta_En_Boca
2022/08/13 11:22:11.352 - MENSAJE: Tarjeta_En_Boca
2022/08/13 11:22:11.389 - MENSAJE: Vehiculo En Mueble
2022/08/13 11:22:12.355 - MENSAJE: Tarjeta_En_Boca
2022/08/13 11:22:12.356 - MENSAJE: Tarjeta_En_Boca
2022/08/13 11:22:12.392 - MENSAJE: Vehiculo En Mueble
2022/08/13 11:22:13.374 - MENSAJE: Tarjeta_En_Boca
2022/08/13 11:22:13.375 - MENSAJE: Tarjeta_En_Boca
2022/08/13 11:22:13.413 - MENSAJE: Vehiculo En Mueble
2022/08/13 11:22:14.378 - MENSAJE: Tarjeta_En_Boca
2022/08/13 11:22:14.378 - MENSAJE: Tarjeta_En_Boca
2022/08/13 11:22:14.416 - MENSAJE: Vehiculo En Mueble
2022/08/13 11:22:15.381 - MENSAJE: Tarjeta_En_Boca
2022/08/13 11:22:15.381 - MENSAJE: Tarjeta_En_Boca
2022/08/13 11:22:15.418 - MENSAJE: Vehiculo En Mueble
2022/08/13 11:22:16.382 - MENSAJE: Tarjeta_En_Boca
2022/08/13 11:22:16.383 - MENSAJE: Tarjeta_En_Boca
2022/08/13 11:22:16.419 - MENSAJE: Vehiculo En Mueble
2022/08/13 11:22:17.390 - MENSAJE: Tarjeta_En_Boca
2022/08/13 11:22:17.390 - MENSAJE: Tarjeta_En_Boca
2022/08/13 11:22:17.428 - MENSAJE: Vehiculo En Mueble
2022/08/13 11:22:18.407 - MENSAJE: Tarjeta_En_Boca
2022/08/13 11:22:18.407 - MENSAJE: Tarjeta_En_Boca
2022/08/13 11:22:18.445 - MENSAJE: Vehiculo En Mueble
2022/08/13 11:22:19.398 - MENSAJE: Tarjeta_En_Boca
2022/08/13 11:22:19.398 - MENSAJE: Tarjeta_En_Boca
2022/08/13 11:22:19.435 - MENSAJE: Vehiculo En Mueble
2022/08/13 11:22:20.400 - MENSAJE: Tarjeta_En_Boca
2022/08/13 11:22:20.400 - MENSAJE: Tarjeta_En_Boca
2022/08/13 11:22:20.437 - MENSAJE: Vehiculo En Mueble
2022/08/13 11:22:21.411 - MENSAJE: Tarjeta_En_Boca
2022/08/13 11:22:21.411 - MENSAJE: Tarjeta_En_Boca
2022/08/13 11:22:21.447 - MENSAJE: Vehiculo En Mueble
2022/08/13 11:22:22.397 - MENSAJE: Tarjeta_En_Boca
2022/08/13 11:22:22.398 - MENSAJE: Tarjeta_En_Boca
2022/08/13 11:22:22.436 - MENSAJE: Vehiculo En Mueble
2022/08/13 11:22:23.404 - MENSAJE: Tarjeta_En_Boca
2022/08/13 11:22:23.405 - MENSAJE: Tarjeta_En_Boca
2022/08/13 11:22:23.441 - MENSAJE: Vehiculo En Mueble
2022/08/13 11:22:24.423 - MENSAJE: Tarjeta_En_Boca
2022/08/13 11:22:24.424 - MENSAJE: Tarjeta_En_Boca
2022/08/13 11:22:24.461 - MENSAJE: Vehiculo En Mueble
2022/08/13 11:22:25.425 - MENSAJE: Tarjeta_En_Boca
2022/08/13 11:22:25.426 - MENSAJE: Tarjeta_En_Boca
2022/08/13 11:22:25.464 - MENSAJE: Vehiculo En Mueble
2022/08/13 11:22:26.463 - MENSAJE: Tarjeta_En_Boca
2022/08/13 11:22:26.464 - MENSAJE: Tarjeta_En_Boca
2022/08/13 11:22:26.500 - MENSAJE: Vehiculo En Mueble
2022/08/13 11:22:27.459 - MENSAJE: Tarjeta_En_Boca
2022/08/13 11:22:27.460 - MENSAJE: Tarjeta_En_Boca
2022/08/13 11:22:27.497 - MENSAJE: Vehiculo En Mueble
2022/08/13 11:22:28.450 - MENSAJE: Sin_Tarjeta
2022/08/13 11:22:28.505 - MENSAJE: Talanquera Abierta
2022/08/13 11:22:33.982 - MENSAJE: Vehiculo En Talanquera
2022/08/13 11:22:34.968 - MENSAJE: Vehiculo Salio Talanquera
2022/08/13 11:22:35.027 - MENSAJE: (PRESENTER) Borrado Exitoso Variables PLC
2022/08/13 11:22:35.089 - MENSAJE: (PRESENTER) Borrado Exitoso Variables PLC
2022/08/13 11:22:36.482 - MENSAJE: Sin_Tarjeta
2022/08/13 11:22:37.482 - MENSAJE: Sin_Tarjeta
2022/08/13 11:22:38.491 - MENSAJE: Sin_Tarjeta
2022/08/13 11:22:38.512 - MENSAJE: Vehiculo En Mueble
2022/08/13 11:22:38.513 - MENSAJE: (FrontEnd Antes AlistarTarjetaNew)
2022/08/13 11:22:40.253 - MENSAJE: Tarjeta_Alistada
2022/08/13 11:22:40.270 - MENSAJE: Tarjeta Encontrada: 04625EED
2022/08/13 11:22:40.270 - MENSAJE: (FrontEnd CapturaPlaca) 
2022/08/13 11:22:40.324 - MENSAJE: Vehiculo En Mueble
2022/08/13 11:22:42.441 - MENSAJE: Tarjeta_Escrita
2022/08/13 11:22:42.452 - MENSAJE: Tarjeta_MovidaReceptor_RF_TO_FRONT
2022/08/13 11:22:43.072 - MENSAJE: Sin_Tarjeta
2022/08/13 11:22:43.127 - MENSAJE: Talanquera Abierta
2022/08/13 11:22:47.070 - MENSAJE: Vehiculo En Talanquera
2022/08/13 11:22:48.073 - MENSAJE: Vehiculo Salio Talanquera
2022/08/13 11:22:48.136 - MENSAJE: (PRESENTER) Borrado Exitoso Variables PLC
2022/08/13 11:22:48.198 - MENSAJE: (PRESENTER) Borrado Exitoso Variables PLC
2022/08/13 11:22:49.588 - MENSAJE: Sin_Tarjeta
2022/08/13 11:22:50.617 - MENSAJE: Sin_Tarjeta
2022/08/13 11:22:51.613 - MENSAJE: Sin_Tarjeta
2022/08/13 11:22:52.627 - MENSAJE: Sin_Tarjeta
2022/08/13 11:22:53.632 - MENSAJE: Sin_Tarjeta
2022/08/13 11:22:54.620 - MENSAJE: Sin_Tarjeta
2022/08/13 11:22:55.624 - MENSAJE: Sin_Tarjeta
2022/08/13 11:22:56.646 - MENSAJE: Sin_Tarjeta
2022/08/13 11:22:57.651 - MENSAJE: Sin_Tarjeta
2022/08/13 11:22:58.656 - MENSAJE: Sin_Tarjeta
2022/08/13 11:22:59.665 - MENSAJE: Sin_Tarjeta
2022/08/13 11:23:00.667 - MENSAJE: Sin_Tarjeta
2022/08/13 11:23:01.688 - MENSAJE: Sin_Tarjeta
2022/08/13 11:23:02.712 - MENSAJE: Sin_Tarjeta
2022/08/13 11:23:03.698 - MENSAJE: Sin_Tarjeta
2022/08/13 11:23:04.723 - MENSAJE: Sin_Tarjeta
2022/08/13 11:23:05.737 - MENSAJE: Sin_Tarjeta
2022/08/13 11:23:06.739 - MENSAJE: Sin_Tarjeta
2022/08/13 11:23:07.749 - MENSAJE: Sin_Tarjeta
2022/08/13 11:23:08.752 - MENSAJE: Sin_Tarjeta
2022/08/13 11:23:09.754 - MENSAJE: Sin_Tarjeta
2022/08/13 11:23:10.756 - MENSAJE: Sin_Tarjeta
2022/08/13 11:23:11.770 - MENSAJE: Sin_Tarjeta
2022/08/13 11:23:12.780 - MENSAJE: Sin_Tarjeta
2022/08/13 11:23:13.771 - MENSAJE: Sin_Tarjeta
2022/08/13 11:23:14.770 - MENSAJE: Sin_Tarjeta
2022/08/13 11:23:15.756 - MENSAJE: Sin_Tarjeta
2022/08/13 11:23:16.777 - MENSAJE: Sin_Tarjeta
2022/08/13 11:23:17.770 - MENSAJE: Sin_Tarjeta
2022/08/13 11:23:18.762 - MENSAJE: Sin_Tarjeta
2022/08/13 11:26:41.071 - INICIO REGISTRO
2022/08/13 11:26:41.079 - MENSAJE: (FrondEnd CargaRecursos): Carga Controles - OK
2022/08/13 11:26:41.200 - MENSAJE: (FrondEnd CargaImagenes): Carga Imagenes - OK
2022/08/13 11:26:41.715 - MENSAJE: (Presenter ObtenerInfoModulo) OK
2022/08/13 11:26:41.752 - MENSAJE: (Presenter ObtenerInfoPartes) OK
2022/08/13 11:26:41.774 - MENSAJE: (Presenter ObtenerInfoParametros) OK
2022/08/13 11:26:41.972 - MENSAJE: (PRESENTER) Conexion Exitosa PLC
2022/08/13 11:26:42.132 - MENSAJE: (PRESENTER) Borrado Exitoso Variables PLC
2022/08/13 11:26:42.171 - MENSAJE: ConexionExitosa_Dispensador
2022/08/13 11:26:43.885 - MENSAJE: (PRESENTER) Borrado Exitoso Variables PLC
2022/08/13 11:26:44.607 - MENSAJE: Sin_Tarjeta
2022/08/13 11:26:45.225 - MENSAJE: Sin_Tarjeta
2022/08/13 11:26:45.822 - MENSAJE: Sin_Tarjeta
2022/08/13 11:26:46.613 - MENSAJE: Sin_Tarjeta
2022/08/13 11:26:47.605 - MENSAJE: Sin_Tarjeta
2022/08/13 11:26:48.623 - MENSAJE: Sin_Tarjeta
2022/08/13 11:26:49.638 - MENSAJE: Sin_Tarjeta
2022/08/13 11:26:50.652 - MENSAJE: Sin_Tarjeta
2022/08/13 11:26:51.666 - MENSAJE: Sin_Tarjeta
2022/08/13 11:26:52.663 - MENSAJE: Sin_Tarjeta
2022/08/13 11:26:53.661 - MENSAJE: Sin_Tarjeta
2022/08/13 11:26:54.662 - MENSAJE: Sin_Tarjeta
2022/08/13 11:26:55.671 - MENSAJE: Sin_Tarjeta
2022/08/13 11:26:56.670 - MENSAJE: Sin_Tarjeta
2022/08/13 11:26:57.683 - MENSAJE: Sin_Tarjeta
2022/08/13 11:26:58.696 - MENSAJE: Sin_Tarjeta
2022/08/13 11:26:59.690 - MENSAJE: Sin_Tarjeta
2022/08/13 11:27:00.689 - MENSAJE: Sin_Tarjeta
2022/08/13 11:27:01.685 - MENSAJE: Sin_Tarjeta
2022/08/13 11:27:02.711 - MENSAJE: Sin_Tarjeta
2022/08/13 11:27:03.709 - MENSAJE: Sin_Tarjeta
2022/08/13 11:27:04.704 - MENSAJE: Sin_Tarjeta
2022/08/13 11:27:05.703 - MENSAJE: Sin_Tarjeta
2022/08/13 11:27:06.709 - MENSAJE: Sin_Tarjeta
2022/08/13 11:27:07.723 - MENSAJE: Sin_Tarjeta
2022/08/13 11:27:08.719 - MENSAJE: Sin_Tarjeta
2022/08/13 11:27:09.737 - MENSAJE: Sin_Tarjeta
2022/08/13 11:27:10.737 - MENSAJE: Sin_Tarjeta
2022/08/13 11:27:11.740 - MENSAJE: Sin_Tarjeta
2022/08/13 11:27:12.741 - MENSAJE: Sin_Tarjeta
2022/08/13 11:27:13.739 - MENSAJE: Sin_Tarjeta
2022/08/13 11:27:14.735 - MENSAJE: Sin_Tarjeta
2022/08/13 11:27:15.732 - MENSAJE: Sin_Tarjeta
2022/08/13 11:27:16.746 - MENSAJE: Sin_Tarjeta
2022/08/13 11:27:17.740 - MENSAJE: Sin_Tarjeta
2022/08/13 11:27:18.742 - MENSAJE: Sin_Tarjeta
2022/08/13 11:27:19.737 - MENSAJE: Sin_Tarjeta
2022/08/13 11:27:20.746 - MENSAJE: Sin_Tarjeta
2022/08/13 11:27:21.759 - MENSAJE: Sin_Tarjeta
2022/08/13 11:27:22.757 - MENSAJE: Sin_Tarjeta
2022/08/13 11:27:22.780 - MENSAJE: Vehiculo En Mueble
2022/08/13 11:27:22.782 - MENSAJE: (FrontEnd Antes AlistarTarjetaNew)
2022/08/13 11:27:24.515 - MENSAJE: Tarjeta_Alistada
2022/08/13 11:27:24.546 - MENSAJE: Tarjeta Encontrada: 14A053ED
2022/08/13 11:27:24.547 - MENSAJE: (FrontEnd CapturaPlaca) 
2022/08/13 11:27:24.618 - MENSAJE: Vehiculo En Mueble
2022/08/13 11:27:26.754 - MENSAJE: Tarjeta_Escrita
2022/08/13 11:27:26.766 - MENSAJE: Tarjeta_MovidaReceptor_RF_TO_FRONT
2022/08/13 11:27:27.477 - MENSAJE: Sin_Tarjeta
2022/08/13 11:27:27.498 - MENSAJE: Talanquera Abierta
2022/08/13 11:28:05.240 - MENSAJE: (Presenter CapturaFoto) admin Parquearse123
2022/08/13 11:28:07.191 - MENSAJE: (Presenter CapturaFoto) COMANDO http://192.168.119.229/Streaming/channels/101/picture
2022/08/13 11:28:07.760 - MENSAJE: Vehiculo En Talanquera
2022/08/13 11:28:08.376 - MENSAJE: Vehiculo Salio Talanquera
2022/08/13 11:28:08.454 - MENSAJE: (PRESENTER) Borrado Exitoso Variables PLC
2022/08/13 11:28:08.518 - MENSAJE: (PRESENTER) Borrado Exitoso Variables PLC
2022/08/13 11:28:09.880 - MENSAJE: Sin_Tarjeta
2022/08/13 11:28:39.138 - MENSAJE: Sin_Tarjeta
2022/08/13 11:28:46.449 - MENSAJE: (Presenter CapturaFoto) admin Parquearse123
2022/08/13 11:28:46.450 - MENSAJE: (Presenter CapturaFoto) COMANDO http://192.168.119.229/Streaming/channels/101/picture
2022/08/13 11:28:49.655 - MENSAJE: Sin_Tarjeta
2022/08/13 11:28:50.251 - MENSAJE: Sin_Tarjeta
2022/08/13 11:28:50.945 - MENSAJE: Sin_Tarjeta
2022/08/13 11:28:51.956 - MENSAJE: Sin_Tarjeta
2022/08/13 11:28:52.951 - MENSAJE: Sin_Tarjeta
2022/08/13 11:28:53.962 - MENSAJE: Sin_Tarjeta
2022/08/13 11:28:54.973 - MENSAJE: Sin_Tarjeta
