2023/10/20 08:51:43.547 - INICIO REGISTRO
2023/10/20 08:51:43.557 - MENSAJE: (FrondEnd CargaRecursos): Carga Controles - OK
2023/10/20 08:51:43.675 - MENSAJE: (FrondEnd CargaImagenes): Carga Imagenes - OK
2023/10/20 08:52:19.627 - MENSAJE: (Presenter ObtenerInfoModulo) Sistema Suspendido - Info Modulo Error
2023/10/20 08:56:57.078 - INICIO REGISTRO
2023/10/20 08:56:57.087 - MENSAJE: (FrondEnd CargaRecursos): Carga Controles - OK
2023/10/20 08:56:57.219 - MENSAJE: (FrondEnd CargaImagenes): Carga Imagenes - OK
2023/10/20 08:56:57.901 - MENSAJE: (Presenter ObtenerInfoModulo) OK
2023/10/20 08:56:57.959 - MENSAJE: (Presenter ObtenerInfoPartes) OK
2023/10/20 08:56:57.994 - MENSAJE: (Presenter ObtenerInfoParametros) OK
2023/10/20 08:56:58.031 - MENSAJE: 
2023/10/20 08:56:58.239 - MENSAJE: (PRESENTER) Error Borrado Varibales PLC
2023/10/20 08:56:58.331 - MENSAJE: 
2023/10/20 08:56:58.337 - MENSAJE: 
2023/10/20 08:56:59.099 - MENSAJE: 
2023/10/20 08:56:59.099 - MENSAJE: 
2023/10/20 08:56:59.109 - MENSAJE: 
2023/10/20 08:57:00.102 - MENSAJE: 
2023/10/20 08:57:00.102 - MENSAJE: 
2023/10/20 08:57:00.113 - MENSAJE: 
2023/10/20 08:57:01.092 - MENSAJE: 
2023/10/20 08:57:01.092 - MENSAJE: 
2023/10/20 08:57:01.103 - MENSAJE: 
2023/10/20 08:57:02.104 - MENSAJE: 
2023/10/20 08:57:02.104 - MENSAJE: 
2023/10/20 08:57:02.115 - MENSAJE: 
2023/10/20 08:57:03.121 - MENSAJE: 
2023/10/20 08:57:03.121 - MENSAJE: 
2023/10/20 08:57:03.132 - MENSAJE: 
2023/10/20 08:57:04.124 - MENSAJE: 
2023/10/20 08:57:04.126 - MENSAJE: 
2023/10/20 08:57:04.135 - MENSAJE: 
2023/10/20 08:57:05.089 - MENSAJE: 
2023/10/20 08:57:05.089 - MENSAJE: 
2023/10/20 08:57:05.099 - MENSAJE: 
2023/10/20 08:57:06.094 - MENSAJE: 
2023/10/20 08:57:06.094 - MENSAJE: 
2023/10/20 08:57:06.105 - MENSAJE: 
2023/10/20 08:57:07.094 - MENSAJE: 
2023/10/20 08:57:07.094 - MENSAJE: 
2023/10/20 08:57:07.105 - MENSAJE: 
2023/10/20 08:57:08.099 - MENSAJE: 
2023/10/20 08:57:08.099 - MENSAJE: 
2023/10/20 08:57:08.110 - MENSAJE: 
2023/10/20 08:57:09.090 - MENSAJE: 
2023/10/20 08:57:09.090 - MENSAJE: 
2023/10/20 08:57:09.101 - MENSAJE: 
2023/10/20 08:57:30.530 - MENSAJE: FrondEnd-Imprimir -> Funcion imprimir Ticket.
