2021/08/04 11:52:54.142 - INICIO REGISTRO
2021/08/04 11:52:54.150 - MENSAJE: (FrondEnd CargaRecursos): Carga Controles - OK
2021/08/04 11:52:54.271 - MENSAJE: (FrondEnd CargaImagenes): Carga Imagenes - OK
2021/08/04 11:52:57.092 - MENSAJE: (Presenter ObtenerInfoModulo) OK
2021/08/04 11:52:57.138 - MENSAJE: (Presenter ObtenerInfoPartes) OK
2021/08/04 11:52:57.180 - MENSAJE: (Presenter ObtenerInfoParametros) OK
2021/08/04 11:52:57.334 - MENSAJE: (PRESENTER) Conexion Exitosa PLC
2021/08/04 11:52:57.472 - MENSAJE: (PRESENTER) Borrado Exitoso Variables PLC
2021/08/04 11:52:57.500 - MENSAJE: ConexionExitosa_Dispensador
2021/08/04 11:52:57.581 - MENSAJE: (PRESENTER) Borrado Exitoso Variables PLC
2021/08/04 11:53:04.183 - MENSAJE: Vehiculo En Mueble
2021/08/04 11:53:09.562 - MENSAJE: Tarjeta_Alistada
2021/08/04 11:53:09.607 - MENSAJE: Tarjeta Encontrada: F6302127
2021/08/04 11:53:12.249 - MENSAJE: Tarjeta_Borrada
2021/08/04 11:53:13.098 - MENSAJE: (FrontEnd Antes CapturaPlaca)
2021/08/04 11:53:13.659 - MENSAJE: (FrontEnd CapturaPlaca) ipServer: 172.16.63.54
2021/08/04 11:53:13.661 - MENSAJE: (FrontEnd CapturaPlaca) message: [lpr;1;1;242CF]
2021/08/04 11:53:14.686 - MENSAJE: (FrontEnd CapturaPlaca) Placa: 
2021/08/04 11:53:15.388 - MENSAJE: (FrontEnd CapturaPlaca) ------
2021/08/04 11:54:21.968 - INICIO REGISTRO
2021/08/04 11:54:21.976 - MENSAJE: (FrondEnd CargaRecursos): Carga Controles - OK
2021/08/04 11:54:22.085 - MENSAJE: (FrondEnd CargaImagenes): Carga Imagenes - OK
2021/08/04 11:54:22.785 - MENSAJE: (Presenter ObtenerInfoModulo) OK
2021/08/04 11:54:22.819 - MENSAJE: (Presenter ObtenerInfoPartes) OK
2021/08/04 11:54:22.838 - MENSAJE: (Presenter ObtenerInfoParametros) OK
2021/08/04 11:54:22.908 - MENSAJE: (PRESENTER) Conexion Exitosa PLC
2021/08/04 11:54:23.051 - MENSAJE: (PRESENTER) Borrado Exitoso Variables PLC
2021/08/04 11:54:23.088 - MENSAJE: ConexionExitosa_Dispensador
2021/08/04 11:54:23.175 - MENSAJE: (PRESENTER) Borrado Exitoso Variables PLC
2021/08/04 11:54:33.011 - MENSAJE: Vehiculo En Mueble
2021/08/04 11:54:39.048 - MENSAJE: Tarjeta_Alistada
2021/08/04 11:54:39.073 - MENSAJE: Tarjeta Encontrada: F6302127
2021/08/04 11:54:41.699 - MENSAJE: Tarjeta_Borrada
2021/08/04 11:54:42.371 - MENSAJE: (FrontEnd Antes CapturaPlaca)
2021/08/04 11:54:42.643 - MENSAJE: (FrontEnd CapturaPlaca) ipServer: 172.16.63.54
2021/08/04 11:54:42.647 - MENSAJE: (FrontEnd CapturaPlaca) message: [lpr;1;1;242CF]
2021/08/04 11:54:43.598 - MENSAJE: (FrontEnd CapturaPlaca) Placa: 
2021/08/04 11:54:43.987 - MENSAJE: (FrontEnd CapturaPlaca) ------
2021/08/04 11:54:49.453 - MENSAJE: Vehiculo En Mueble
