2023/10/17 03:04:56.944 - INICIO REGISTRO
2023/10/17 03:05:00.565 - MENSAJE: (FrondEnd CargaRecursos): Carga Controles - OK
2023/10/17 03:05:01.518 - MENSAJE: (FrondEnd CargaImagenes): Carga Imagenes - OK
2023/10/17 03:05:12.522 - MENSAJE: (Presenter ObtenerInfoModulo) Sistema Suspendido - Info Modulo Error
2023/10/17 03:06:39.712 - INICIO REGISTRO
2023/10/17 03:06:41.392 - MENSAJE: (FrondEnd CargaRecursos): Carga Controles - OK
2023/10/17 03:06:42.347 - MENSAJE: (FrondEnd CargaImagenes): Carga Imagenes - OK
2023/10/17 03:07:00.472 - MENSAJE: (Presenter ObtenerInfoModulo) OK
2023/10/17 03:07:01.903 - MENSAJE: (Presenter ObtenerInfoPartes) OK
2023/10/17 03:07:02.742 - MENSAJE: (Presenter ObtenerInfoParametros) OK
2023/10/17 03:07:06.489 - MENSAJE: 
2023/10/17 03:07:15.741 - MENSAJE: 
2023/10/17 03:38:06.714 - INICIO REGISTRO
2023/10/17 03:39:36.367 - MENSAJE: (FrondEnd CargaRecursos): Carga Controles - OK
2023/10/17 03:39:37.178 - MENSAJE: (FrondEnd CargaImagenes): Carga Imagenes - OK
2023/10/17 03:39:46.418 - MENSAJE: (Presenter ObtenerInfoModulo) OK
2023/10/17 03:39:46.673 - MENSAJE: (Presenter ObtenerInfoPartes) OK
2023/10/17 03:39:46.809 - MENSAJE: (Presenter ObtenerInfoParametros) OK
2023/10/17 03:39:59.200 - MENSAJE: 
2023/10/17 03:40:01.452 - MENSAJE: ErrorConexion_Dispensador
2023/10/17 03:40:40.152 - INICIO REGISTRO
2023/10/17 03:40:45.663 - MENSAJE: (FrondEnd CargaRecursos): Carga Controles - OK
2023/10/17 03:40:46.540 - MENSAJE: (FrondEnd CargaImagenes): Carga Imagenes - OK
2023/10/17 03:40:54.330 - MENSAJE: (Presenter ObtenerInfoModulo) OK
2023/10/17 03:40:54.369 - MENSAJE: (Presenter ObtenerInfoPartes) OK
2023/10/17 03:40:54.395 - MENSAJE: (Presenter ObtenerInfoParametros) OK
2023/10/17 03:40:57.475 - MENSAJE: 
2023/10/17 03:41:05.626 - MENSAJE: (PRESENTER) Error Borrado Varibales PLC
2023/10/17 03:41:08.722 - MENSAJE: 
2023/10/17 03:41:08.733 - MENSAJE: 
2023/10/17 03:41:08.736 - MENSAJE: 
2023/10/17 03:41:09.326 - MENSAJE: 
2023/10/17 03:41:09.328 - MENSAJE: 
2023/10/17 03:41:09.340 - MENSAJE: 
2023/10/17 03:41:10.163 - MENSAJE: 
2023/10/17 03:41:10.163 - MENSAJE: 
2023/10/17 03:41:10.174 - MENSAJE: 
2023/10/17 03:41:11.169 - MENSAJE: 
2023/10/17 03:41:11.169 - MENSAJE: 
2023/10/17 03:41:11.180 - MENSAJE: 
2023/10/17 03:41:12.158 - MENSAJE: 
2023/10/17 03:41:12.158 - MENSAJE: 
2023/10/17 03:41:12.169 - MENSAJE: 
2023/10/17 03:41:13.161 - MENSAJE: 
2023/10/17 03:41:13.161 - MENSAJE: 
2023/10/17 03:41:13.174 - MENSAJE: 
2023/10/17 03:41:14.169 - MENSAJE: 
2023/10/17 03:41:14.169 - MENSAJE: 
2023/10/17 03:41:14.180 - MENSAJE: 
2023/10/17 03:41:15.167 - MENSAJE: 
2023/10/17 03:41:15.167 - MENSAJE: 
2023/10/17 03:41:15.178 - MENSAJE: 
2023/10/17 03:41:16.184 - MENSAJE: 
2023/10/17 03:41:16.184 - MENSAJE: 
2023/10/17 03:41:16.196 - MENSAJE: 
2023/10/17 03:41:17.161 - MENSAJE: 
2023/10/17 03:41:17.161 - MENSAJE: 
2023/10/17 03:41:17.172 - MENSAJE: 
2023/10/17 03:41:18.164 - MENSAJE: 
2023/10/17 03:41:18.164 - MENSAJE: 
2023/10/17 03:41:18.175 - MENSAJE: 
2023/10/17 03:41:19.162 - MENSAJE: 
2023/10/17 03:41:19.162 - MENSAJE: 
2023/10/17 03:41:19.173 - MENSAJE: 
2023/10/17 03:41:20.164 - MENSAJE: 
2023/10/17 03:41:20.164 - MENSAJE: 
2023/10/17 03:41:20.174 - MENSAJE: 
2023/10/17 03:41:21.162 - MENSAJE: 
2023/10/17 03:41:21.162 - MENSAJE: 
2023/10/17 03:41:21.174 - MENSAJE: 
2023/10/17 03:41:32.251 - MENSAJE: 
2023/10/17 03:41:32.251 - MENSAJE: 
