2023/07/12 10:47:57.512 - INICIO REGISTRO
2023/07/12 10:47:57.523 - MENSAJE: (FrondEnd CargaRecursos): Carga Controles - OK
2023/07/12 10:47:57.636 - MENSAJE: (FrondEnd CargaImagenes): Carga Imagenes - OK
2023/07/12 10:48:00.813 - MENSAJE: (Presenter ObtenerInfoModulo) OK
2023/07/12 10:48:00.861 - MENSAJE: (Presenter ObtenerInfoPartes) OK
2023/07/12 10:48:00.896 - MENSAJE: (Presenter ObtenerInfoParametros) OK
2023/07/12 10:48:00.926 - MENSAJE: 
2023/07/12 10:48:00.966 - MENSAJE: ConexionExitosa_Dispensador
2023/07/12 10:48:01.177 - MENSAJE: (PRESENTER) Error Borrado Varibales PLC
2023/07/12 10:48:38.952 - MENSAJE: 
2023/07/12 10:48:41.220 - MENSAJE: 
2023/07/12 10:48:48.817 - MENSAJE: 
2023/07/12 10:48:48.819 - MENSAJE: 
2023/07/12 10:48:49.073 - MENSAJE: 
2023/07/12 10:48:51.172 - MENSAJE: (FrontEnd Antes AlistarTarjetaNew)
2023/07/12 10:48:53.135 - MENSAJE: Tarjeta_Alistada
2023/07/12 10:48:53.190 - MENSAJE: Tarjeta Encontrada: 961B3628
2023/07/12 10:48:53.908 - MENSAJE: (FrontEnd Despues AlistarTarjetaNew)
2023/07/12 10:48:54.097 - MENSAJE: (FrontEnd Antes CapturaPlaca)
2023/07/12 10:48:54.576 - MENSAJE: (FrontEnd CapturaPlaca) ipServer: 10.32.0.85
2023/07/12 10:48:54.583 - MENSAJE: (FrontEnd CapturaPlaca) message: [lpr;1;1;242CF]
2023/07/12 10:48:55.490 - MENSAJE: (FrontEnd CapturaPlaca) Placa: MNO534
2023/07/12 10:48:56.098 - MENSAJE: (FrontEnd Antes CapturaPlaca) MNO534
2023/07/12 10:49:02.851 - MENSAJE: oAutorizado.PlacaAuto : MNO534
2023/07/12 10:49:10.096 - MENSAJE: 
2023/07/12 10:49:10.096 - MENSAJE: 
2023/07/12 10:49:19.341 - MENSAJE: 
2023/07/12 10:49:29.719 - MENSAJE: 
2023/07/12 10:49:31.087 - MENSAJE: 
2023/07/12 10:49:51.169 - MENSAJE: 
2023/07/12 10:49:51.187 - MENSAJE: 
2023/07/12 10:49:51.197 - MENSAJE: 
