2021/08/03 10:34:13.164 - INICIO REGISTRO
2021/08/03 10:34:13.173 - MENSAJE: (FrondEnd CargaRecursos): Carga Controles - OK
2021/08/03 10:34:13.286 - MENSAJE: (FrondEnd CargaImagenes): Carga Imagenes - OK
2021/08/03 10:34:49.297 - MENSAJE: (Presenter ObtenerInfoModulo) Sistema Suspendido - Info Modulo Error
2021/08/03 10:34:49.697 - MENSAJE: Error_AlistarTarjeta
2021/08/03 10:34:50.317 - MENSAJE: Error_AlistarTarjeta
2021/08/03 10:34:51.332 - MENSAJE: Error_AlistarTarjeta
2021/08/03 10:34:52.357 - MENSAJE: Error_AlistarTarjeta
2021/08/03 10:34:53.366 - MENSAJE: Error_AlistarTarjeta
2021/08/03 10:35:10.043 - MENSAJE: Error_AlistarTarjeta
2021/08/03 10:35:10.184 - MENSAJE: Error_AlistarTarjeta
2021/08/03 10:35:10.510 - MENSAJE: Error_AlistarTarjeta
2021/08/03 10:35:11.522 - MENSAJE: Error_AlistarTarjeta
2021/08/03 10:35:12.523 - MENSAJE: Error_AlistarTarjeta
2021/08/03 10:35:13.538 - MENSAJE: Error_AlistarTarjeta
2021/08/03 10:35:14.564 - MENSAJE: Error_AlistarTarjeta
2021/08/03 10:35:15.574 - MENSAJE: Error_AlistarTarjeta
2021/08/03 10:35:16.567 - MENSAJE: Error_AlistarTarjeta
2021/08/03 10:35:17.591 - MENSAJE: Error_AlistarTarjeta
2021/08/03 10:35:18.599 - MENSAJE: Error_AlistarTarjeta
2021/08/03 10:35:19.605 - MENSAJE: Error_AlistarTarjeta
2021/08/03 10:35:45.470 - INICIO REGISTRO
2021/08/03 10:35:45.478 - MENSAJE: (FrondEnd CargaRecursos): Carga Controles - OK
2021/08/03 10:35:45.589 - MENSAJE: (FrondEnd CargaImagenes): Carga Imagenes - OK
2021/08/03 10:35:54.066 - MENSAJE: (Presenter ObtenerInfoModulo) Sistema Suspendido - Info Modulo Error
2021/08/03 10:35:54.484 - MENSAJE: Error_AlistarTarjeta
2021/08/03 10:35:54.626 - MENSAJE: Error_AlistarTarjeta
2021/08/03 10:35:55.636 - MENSAJE: Error_AlistarTarjeta
2021/08/03 10:35:56.621 - MENSAJE: Error_AlistarTarjeta
2021/08/03 10:35:57.641 - MENSAJE: Error_AlistarTarjeta
2021/08/03 10:35:58.634 - MENSAJE: Error_AlistarTarjeta
2021/08/03 10:35:59.648 - MENSAJE: Error_AlistarTarjeta
2021/08/03 10:36:00.655 - MENSAJE: Error_AlistarTarjeta
2021/08/03 10:36:01.665 - MENSAJE: Error_AlistarTarjeta
2021/08/03 10:36:02.685 - MENSAJE: Error_AlistarTarjeta
2021/08/03 10:36:03.674 - MENSAJE: Error_AlistarTarjeta
2021/08/03 10:36:04.715 - MENSAJE: Error_AlistarTarjeta
2021/08/03 10:42:56.188 - INICIO REGISTRO
2021/08/03 10:42:56.198 - MENSAJE: (FrondEnd CargaRecursos): Carga Controles - OK
2021/08/03 10:42:56.339 - MENSAJE: (FrondEnd CargaImagenes): Carga Imagenes - OK
2021/08/03 10:43:30.938 - MENSAJE: (Presenter ObtenerInfoModulo) Sistema Suspendido - Info Modulo Error
2021/08/03 10:43:31.328 - MENSAJE: Error_AlistarTarjeta
2021/08/03 10:43:31.473 - MENSAJE: Error_AlistarTarjeta
2021/08/03 10:43:32.371 - MENSAJE: Error_AlistarTarjeta
2021/08/03 10:43:33.367 - MENSAJE: Error_AlistarTarjeta
2021/08/03 10:43:34.362 - MENSAJE: Error_AlistarTarjeta
2021/08/03 03:05:04.816 - INICIO REGISTRO
2021/08/03 03:05:04.824 - MENSAJE: (FrondEnd CargaRecursos): Carga Controles - OK
2021/08/03 03:05:04.942 - MENSAJE: (FrondEnd CargaImagenes): Carga Imagenes - OK
2021/08/03 03:05:39.559 - MENSAJE: (Presenter ObtenerInfoModulo) Sistema Suspendido - Info Modulo Error
2021/08/03 03:05:39.953 - MENSAJE: Error_AlistarTarjeta
2021/08/03 03:05:40.092 - MENSAJE: Error_AlistarTarjeta
2021/08/03 03:05:40.993 - MENSAJE: Error_AlistarTarjeta
2021/08/03 03:05:41.986 - MENSAJE: Error_AlistarTarjeta
2021/08/03 03:05:42.986 - MENSAJE: Error_AlistarTarjeta
2021/08/03 03:05:43.998 - MENSAJE: Error_AlistarTarjeta
2021/08/03 03:15:56.713 - INICIO REGISTRO
2021/08/03 03:15:56.724 - MENSAJE: (FrondEnd CargaRecursos): Carga Controles - OK
2021/08/03 03:15:56.841 - MENSAJE: (FrondEnd CargaImagenes): Carga Imagenes - OK
2021/08/03 03:16:44.876 - INICIO REGISTRO
2021/08/03 03:16:44.885 - MENSAJE: (FrondEnd CargaRecursos): Carga Controles - OK
2021/08/03 03:16:45.022 - MENSAJE: (FrondEnd CargaImagenes): Carga Imagenes - OK
2021/08/03 03:17:01.634 - MENSAJE: (Presenter ObtenerInfoModulo) Sistema Suspendido - Info Modulo Error
2021/08/03 03:17:02.057 - MENSAJE: Error_AlistarTarjeta
2021/08/03 03:17:02.194 - MENSAJE: Error_AlistarTarjeta
2021/08/03 03:17:03.033 - MENSAJE: Error_AlistarTarjeta
2021/08/03 03:17:04.174 - MENSAJE: Error_AlistarTarjeta
2021/08/03 03:17:05.028 - MENSAJE: Error_AlistarTarjeta
2021/08/03 03:19:33.590 - INICIO REGISTRO
2021/08/03 03:19:33.600 - MENSAJE: (FrondEnd CargaRecursos): Carga Controles - OK
2021/08/03 03:19:33.774 - MENSAJE: (FrondEnd CargaImagenes): Carga Imagenes - OK
2021/08/03 03:20:07.893 - MENSAJE: (Presenter ObtenerInfoModulo) Sistema Suspendido - Info Modulo Error
2021/08/03 03:20:23.707 - INICIO REGISTRO
2021/08/03 03:20:25.976 - MENSAJE: (FrondEnd CargaRecursos): Carga Controles - OK
2021/08/03 03:20:27.089 - MENSAJE: (FrondEnd CargaImagenes): Carga Imagenes - OK
2021/08/03 03:37:37.874 - INICIO REGISTRO
2021/08/03 03:38:14.549 - MENSAJE: (FrondEnd CargaRecursos): Carga Controles - OK
2021/08/03 03:38:14.666 - MENSAJE: (FrondEnd CargaImagenes): Carga Imagenes - OK
2021/08/03 03:38:16.466 - MENSAJE: (Presenter ObtenerInfoModulo) OK
2021/08/03 03:38:16.519 - MENSAJE: (Presenter ObtenerInfoPartes) OK
2021/08/03 03:38:16.684 - MENSAJE: (Presenter ObtenerInfoParametros) OK
2021/08/03 03:38:20.087 - MENSAJE: (PRESENTER) Conexion Exitosa PLC
2021/08/03 03:38:20.212 - MENSAJE: (PRESENTER) Borrado Exitoso Variables PLC
2021/08/03 03:38:20.250 - MENSAJE: ConexionExitosa_Dispensador
2021/08/03 03:38:20.353 - MENSAJE: (PRESENTER) Borrado Exitoso Variables PLC
2021/08/03 03:40:43.606 - MENSAJE: Vehiculo En Mueble
2021/08/03 03:40:59.191 - MENSAJE: Error_AlistarTarjeta
2021/08/03 03:41:08.161 - MENSAJE: (FrontEnd Antes CapturaPlaca)
2021/08/03 03:41:08.651 - MENSAJE: (FrontEnd CapturaPlaca) ipServer: 172.16.63.54
2021/08/03 03:41:08.655 - MENSAJE: (FrontEnd CapturaPlaca) message: [lpr;1;1;242CF]
2021/08/03 03:41:09.552 - MENSAJE: (FrontEnd CapturaPlaca) Placa: 
2021/08/03 03:41:10.134 - MENSAJE: (FrontEnd CapturaPlaca) ------
2021/08/03 03:41:18.390 - MENSAJE: Vehiculo En Mueble
2021/08/03 03:41:30.046 - MENSAJE: Error_AlistarTarjeta
2021/08/03 03:42:53.637 - MENSAJE: Vehiculo En Mueble
2021/08/03 03:43:05.711 - MENSAJE: Tarjeta_Alistada
2021/08/03 03:43:05.842 - MENSAJE: Tarjeta Encontrada: 166F3328
2021/08/03 03:43:08.475 - MENSAJE: Tarjeta_Borrada
2021/08/03 03:43:08.476 - MENSAJE: (FrontEnd Antes CapturaPlaca)
2021/08/03 03:43:08.476 - MENSAJE: (FrontEnd CapturaPlaca) ipServer: 172.16.63.54
2021/08/03 03:43:08.480 - MENSAJE: (FrontEnd CapturaPlaca) message: [lpr;1;1;242CF]
2021/08/03 03:43:09.118 - MENSAJE: (FrontEnd CapturaPlaca) Placa: JHN593
2021/08/03 03:43:09.118 - MENSAJE: (FrontEnd CapturaPlaca) JHN593
2021/08/03 03:43:09.120 - MENSAJE: oAutorizado.PlacaAuto : JHN593
2021/08/03 03:43:09.308 - MENSAJE: Talanquera Abierta
2021/08/03 03:43:09.475 - MENSAJE: Vehiculo En Talanquera
2021/08/03 03:43:09.644 - MENSAJE: Vehiculo Salio Talanquera
2021/08/03 03:43:09.704 - MENSAJE: (PRESENTER) Borrado Exitoso Variables PLC
2021/08/03 03:43:09.796 - MENSAJE: (PRESENTER) Borrado Exitoso Variables PLC
2021/08/03 03:43:10.632 - MENSAJE: Vehiculo En Mueble
2021/08/03 03:45:40.904 - INICIO REGISTRO
2021/08/03 03:45:40.915 - MENSAJE: (FrondEnd CargaRecursos): Carga Controles - OK
2021/08/03 03:45:41.084 - MENSAJE: (FrondEnd CargaImagenes): Carga Imagenes - OK
2021/08/03 03:45:41.882 - MENSAJE: (Presenter ObtenerInfoModulo) OK
2021/08/03 03:45:41.909 - MENSAJE: (Presenter ObtenerInfoPartes) OK
2021/08/03 03:45:41.958 - MENSAJE: (Presenter ObtenerInfoParametros) OK
2021/08/03 03:45:42.080 - MENSAJE: (PRESENTER) Conexion Exitosa PLC
2021/08/03 03:45:42.204 - MENSAJE: (PRESENTER) Borrado Exitoso Variables PLC
2021/08/03 03:45:42.235 - MENSAJE: ConexionExitosa_Dispensador
2021/08/03 03:45:42.312 - MENSAJE: (PRESENTER) Borrado Exitoso Variables PLC
2021/08/03 03:51:23.796 - INICIO REGISTRO
2021/08/03 03:51:23.806 - MENSAJE: (FrondEnd CargaRecursos): Carga Controles - OK
2021/08/03 03:51:23.944 - MENSAJE: (FrondEnd CargaImagenes): Carga Imagenes - OK
2021/08/03 03:51:24.787 - MENSAJE: (Presenter ObtenerInfoModulo) OK
2021/08/03 03:51:24.818 - MENSAJE: (Presenter ObtenerInfoPartes) OK
2021/08/03 03:51:24.840 - MENSAJE: (Presenter ObtenerInfoParametros) OK
2021/08/03 03:51:24.971 - MENSAJE: (PRESENTER) Conexion Exitosa PLC
2021/08/03 03:51:25.126 - MENSAJE: (PRESENTER) Borrado Exitoso Variables PLC
2021/08/03 03:51:25.165 - MENSAJE: ConexionExitosa_Dispensador
2021/08/03 03:51:25.249 - MENSAJE: (PRESENTER) Borrado Exitoso Variables PLC
2021/08/03 03:51:25.436 - MENSAJE: Error Conexion PLC
2021/08/03 03:51:25.921 - MENSAJE: Error_AlistarTarjeta
2021/08/03 03:51:26.856 - MENSAJE: Error_AlistarTarjeta
2021/08/03 03:51:27.863 - MENSAJE: Error_AlistarTarjeta
2021/08/03 03:51:28.848 - MENSAJE: Error_AlistarTarjeta
2021/08/03 03:51:29.849 - MENSAJE: Error_AlistarTarjeta
2021/08/03 03:51:30.850 - MENSAJE: Error_AlistarTarjeta
2021/08/03 03:51:31.851 - MENSAJE: Error_AlistarTarjeta
2021/08/03 03:51:32.853 - MENSAJE: Error_AlistarTarjeta
2021/08/03 03:51:33.848 - MENSAJE: Error_AlistarTarjeta
2021/08/03 03:51:34.857 - MENSAJE: Error_AlistarTarjeta
2021/08/03 03:51:35.862 - MENSAJE: Error_AlistarTarjeta
2021/08/03 03:51:42.505 - INICIO REGISTRO
2021/08/03 03:51:42.515 - MENSAJE: (FrondEnd CargaRecursos): Carga Controles - OK
2021/08/03 03:51:42.678 - MENSAJE: (FrondEnd CargaImagenes): Carga Imagenes - OK
2021/08/03 03:51:43.484 - MENSAJE: (Presenter ObtenerInfoModulo) OK
2021/08/03 03:51:43.514 - MENSAJE: (Presenter ObtenerInfoPartes) OK
2021/08/03 03:51:43.537 - MENSAJE: (Presenter ObtenerInfoParametros) OK
2021/08/03 03:51:43.644 - MENSAJE: (PRESENTER) Conexion Exitosa PLC
2021/08/03 03:51:43.785 - MENSAJE: (PRESENTER) Borrado Exitoso Variables PLC
2021/08/03 03:51:43.819 - MENSAJE: ConexionExitosa_Dispensador
2021/08/03 03:51:43.910 - MENSAJE: (PRESENTER) Borrado Exitoso Variables PLC
2021/08/03 03:51:51.548 - MENSAJE: Vehiculo En Mueble
2021/08/03 03:51:58.663 - MENSAJE: Tarjeta_Alistada
2021/08/03 03:51:58.687 - MENSAJE: Tarjeta Encontrada: 166F3328
2021/08/03 03:52:01.310 - MENSAJE: Tarjeta_Borrada
2021/08/03 03:52:01.311 - MENSAJE: (FrontEnd Antes CapturaPlaca)
2021/08/03 03:52:01.312 - MENSAJE: (FrontEnd CapturaPlaca) ipServer: 172.16.63.54
2021/08/03 03:52:01.321 - MENSAJE: (FrontEnd CapturaPlaca) message: [lpr;1;1;242CF]
2021/08/03 03:52:02.398 - MENSAJE: (FrontEnd CapturaPlaca) Placa: 
2021/08/03 03:52:02.398 - MENSAJE: (FrontEnd CapturaPlaca) ------
2021/08/03 03:52:02.485 - MENSAJE: Error Conexion PLC
2021/08/03 03:52:54.163 - INICIO REGISTRO
2021/08/03 03:52:54.174 - MENSAJE: (FrondEnd CargaRecursos): Carga Controles - OK
2021/08/03 03:52:54.346 - MENSAJE: (FrondEnd CargaImagenes): Carga Imagenes - OK
2021/08/03 03:52:55.146 - MENSAJE: (Presenter ObtenerInfoModulo) OK
2021/08/03 03:52:55.181 - MENSAJE: (Presenter ObtenerInfoPartes) OK
2021/08/03 03:52:55.202 - MENSAJE: (Presenter ObtenerInfoParametros) OK
2021/08/03 03:52:55.277 - MENSAJE: (PRESENTER) Conexion Exitosa PLC
2021/08/03 03:52:55.450 - MENSAJE: (PRESENTER) Borrado Exitoso Variables PLC
2021/08/03 03:52:55.487 - MENSAJE: ConexionExitosa_Dispensador
2021/08/03 03:52:55.576 - MENSAJE: (PRESENTER) Borrado Exitoso Variables PLC
2021/08/03 03:53:03.195 - MENSAJE: Vehiculo En Mueble
2021/08/03 03:53:20.005 - INICIO REGISTRO
2021/08/03 03:53:20.016 - MENSAJE: (FrondEnd CargaRecursos): Carga Controles - OK
2021/08/03 03:53:20.192 - MENSAJE: (FrondEnd CargaImagenes): Carga Imagenes - OK
2021/08/03 03:53:20.985 - MENSAJE: (Presenter ObtenerInfoModulo) OK
2021/08/03 03:53:21.016 - MENSAJE: (Presenter ObtenerInfoPartes) OK
2021/08/03 03:53:21.041 - MENSAJE: (Presenter ObtenerInfoParametros) OK
2021/08/03 03:53:21.145 - MENSAJE: (PRESENTER) Conexion Exitosa PLC
2021/08/03 03:53:21.287 - MENSAJE: (PRESENTER) Borrado Exitoso Variables PLC
2021/08/03 03:53:21.323 - MENSAJE: ConexionExitosa_Dispensador
2021/08/03 03:53:21.443 - MENSAJE: (PRESENTER) Error Borrado Varibales PLC
2021/08/03 03:53:21.605 - MENSAJE: Error Conexion PLC
2021/08/03 03:53:22.373 - MENSAJE: Error_AlistarTarjeta
2021/08/03 03:53:23.059 - MENSAJE: Error_AlistarTarjeta
2021/08/03 03:53:24.058 - MENSAJE: Error_AlistarTarjeta
2021/08/03 03:53:25.054 - MENSAJE: Error_AlistarTarjeta
2021/08/03 03:53:29.752 - INICIO REGISTRO
2021/08/03 03:53:29.762 - MENSAJE: (FrondEnd CargaRecursos): Carga Controles - OK
2021/08/03 03:53:29.898 - MENSAJE: (FrondEnd CargaImagenes): Carga Imagenes - OK
2021/08/03 03:53:30.697 - MENSAJE: (Presenter ObtenerInfoModulo) OK
2021/08/03 03:53:30.726 - MENSAJE: (Presenter ObtenerInfoPartes) OK
2021/08/03 03:53:30.752 - MENSAJE: (Presenter ObtenerInfoParametros) OK
2021/08/03 03:53:30.849 - MENSAJE: (PRESENTER) Conexion Exitosa PLC
2021/08/03 03:53:30.989 - MENSAJE: (PRESENTER) Borrado Exitoso Variables PLC
2021/08/03 03:53:31.026 - MENSAJE: ConexionExitosa_Dispensador
2021/08/03 03:53:31.109 - MENSAJE: (PRESENTER) Borrado Exitoso Variables PLC
2021/08/03 03:53:51.797 - MENSAJE: Vehiculo En Mueble
2021/08/03 03:53:56.855 - MENSAJE: Tarjeta_Alistada
2021/08/03 03:53:56.881 - MENSAJE: Tarjeta Encontrada: 166F3328
2021/08/03 03:53:59.512 - MENSAJE: Tarjeta_Borrada
2021/08/03 03:54:00.147 - MENSAJE: (FrontEnd Antes CapturaPlaca)
2021/08/03 03:54:00.571 - MENSAJE: (FrontEnd CapturaPlaca) ipServer: 172.16.63.54
2021/08/03 03:54:00.578 - MENSAJE: (FrontEnd CapturaPlaca) message: [lpr;1;1;242CF]
2021/08/03 03:54:01.592 - MENSAJE: (FrontEnd CapturaPlaca) Placa: 
2021/08/03 03:54:02.156 - MENSAJE: (FrontEnd CapturaPlaca) ------
2021/08/03 03:54:05.745 - MENSAJE: Vehiculo En Mueble
2021/08/03 03:54:05.775 - MENSAJE: Vehiculo En Mueble
2021/08/03 03:54:29.484 - INICIO REGISTRO
2021/08/03 03:54:29.493 - MENSAJE: (FrondEnd CargaRecursos): Carga Controles - OK
2021/08/03 03:54:29.629 - MENSAJE: (FrondEnd CargaImagenes): Carga Imagenes - OK
2021/08/03 03:54:30.411 - MENSAJE: (Presenter ObtenerInfoModulo) OK
2021/08/03 03:54:30.440 - MENSAJE: (Presenter ObtenerInfoPartes) OK
2021/08/03 03:54:30.462 - MENSAJE: (Presenter ObtenerInfoParametros) OK
2021/08/03 03:54:30.541 - MENSAJE: (PRESENTER) Conexion Exitosa PLC
2021/08/03 03:54:30.683 - MENSAJE: (PRESENTER) Borrado Exitoso Variables PLC
2021/08/03 03:54:30.719 - MENSAJE: ConexionExitosa_Dispensador
2021/08/03 03:54:30.806 - MENSAJE: (PRESENTER) Borrado Exitoso Variables PLC
2021/08/03 03:54:31.575 - MENSAJE: Error Conexion PLC
2021/08/03 03:54:32.627 - MENSAJE: Error_AlistarTarjeta
2021/08/03 03:54:33.543 - MENSAJE: Error_AlistarTarjeta
2021/08/03 03:54:34.545 - MENSAJE: Error_AlistarTarjeta
2021/08/03 03:54:45.077 - INICIO REGISTRO
2021/08/03 03:54:45.087 - MENSAJE: (FrondEnd CargaRecursos): Carga Controles - OK
2021/08/03 03:54:45.227 - MENSAJE: (FrondEnd CargaImagenes): Carga Imagenes - OK
2021/08/03 03:54:46.011 - MENSAJE: (Presenter ObtenerInfoModulo) OK
2021/08/03 03:54:46.044 - MENSAJE: (Presenter ObtenerInfoPartes) OK
2021/08/03 03:54:46.065 - MENSAJE: (Presenter ObtenerInfoParametros) OK
2021/08/03 03:54:46.150 - MENSAJE: (PRESENTER) Conexion Exitosa PLC
2021/08/03 03:54:46.291 - MENSAJE: (PRESENTER) Borrado Exitoso Variables PLC
2021/08/03 03:54:46.327 - MENSAJE: ConexionExitosa_Dispensador
2021/08/03 03:54:46.439 - MENSAJE: (PRESENTER) Error Borrado Varibales PLC
2021/08/03 03:54:46.593 - MENSAJE: Error Conexion PLC
2021/08/03 03:54:47.305 - MENSAJE: Error_AlistarTarjeta
2021/08/03 03:54:48.135 - MENSAJE: Error_AlistarTarjeta
2021/08/03 03:54:49.140 - MENSAJE: Error_AlistarTarjeta
2021/08/03 03:54:53.812 - INICIO REGISTRO
2021/08/03 03:54:53.826 - MENSAJE: (FrondEnd CargaRecursos): Carga Controles - OK
2021/08/03 03:54:53.974 - MENSAJE: (FrondEnd CargaImagenes): Carga Imagenes - OK
2021/08/03 03:55:00.281 - INICIO REGISTRO
2021/08/03 03:55:00.291 - MENSAJE: (FrondEnd CargaRecursos): Carga Controles - OK
2021/08/03 03:55:00.429 - MENSAJE: (FrondEnd CargaImagenes): Carga Imagenes - OK
2021/08/03 03:55:01.219 - MENSAJE: (Presenter ObtenerInfoModulo) OK
2021/08/03 03:55:01.248 - MENSAJE: (Presenter ObtenerInfoPartes) OK
2021/08/03 03:55:01.271 - MENSAJE: (Presenter ObtenerInfoParametros) OK
2021/08/03 03:55:01.347 - MENSAJE: (PRESENTER) Conexion Exitosa PLC
2021/08/03 03:55:01.486 - MENSAJE: (PRESENTER) Borrado Exitoso Variables PLC
2021/08/03 03:55:01.521 - MENSAJE: ConexionExitosa_Dispensador
2021/08/03 03:55:01.606 - MENSAJE: (PRESENTER) Borrado Exitoso Variables PLC
2021/08/03 03:55:11.319 - MENSAJE: Vehiculo En Mueble
2021/08/03 03:55:13.848 - MENSAJE: Tarjeta_Alistada
2021/08/03 03:55:13.874 - MENSAJE: Tarjeta Encontrada: 166F3328
2021/08/03 03:55:16.503 - MENSAJE: Tarjeta_Borrada
2021/08/03 03:55:16.503 - MENSAJE: (FrontEnd Antes CapturaPlaca)
2021/08/03 03:55:16.505 - MENSAJE: (FrontEnd CapturaPlaca) ipServer: 172.16.63.54
2021/08/03 03:55:16.507 - MENSAJE: (FrontEnd CapturaPlaca) message: [lpr;1;1;242CF]
2021/08/03 03:55:17.421 - MENSAJE: (FrontEnd CapturaPlaca) Placa: UBN687
2021/08/03 03:55:17.421 - MENSAJE: (FrontEnd CapturaPlaca) UBN687
2021/08/03 03:55:17.439 - MENSAJE: oAutorizado.PlacaAuto : UBN687
2021/08/03 03:55:17.558 - MENSAJE: Talanquera Abierta
2021/08/03 03:55:17.621 - MENSAJE: Vehiculo En Talanquera
2021/08/03 03:55:18.317 - MENSAJE: Vehiculo Salio Talanquera
2021/08/03 03:55:18.381 - MENSAJE: (PRESENTER) Borrado Exitoso Variables PLC
2021/08/03 03:55:18.505 - MENSAJE: (PRESENTER) Borrado Exitoso Variables PLC
2021/08/03 03:55:19.324 - MENSAJE: Vehiculo En Mueble
2021/08/03 03:55:27.230 - MENSAJE: Tarjeta_Alistada
2021/08/03 03:55:27.246 - MENSAJE: Tarjeta Encontrada: 166F3328
2021/08/03 03:55:29.874 - MENSAJE: Tarjeta_Borrada
2021/08/03 03:55:31.019 - MENSAJE: (FrontEnd Antes CapturaPlaca)
2021/08/03 03:55:31.603 - MENSAJE: (FrontEnd CapturaPlaca) ipServer: 172.16.63.54
2021/08/03 03:55:31.606 - MENSAJE: (FrontEnd CapturaPlaca) message: [lpr;1;1;242CF]
2021/08/03 03:55:32.560 - MENSAJE: (FrontEnd CapturaPlaca) Placa: UBN687
2021/08/03 03:55:32.652 - MENSAJE: (FrontEnd CapturaPlaca) UBN687
2021/08/03 03:55:40.685 - MENSAJE: oAutorizado.PlacaAuto : UBN687
2021/08/03 03:56:28.679 - INICIO REGISTRO
2021/08/03 03:56:28.688 - MENSAJE: (FrondEnd CargaRecursos): Carga Controles - OK
2021/08/03 03:56:28.826 - MENSAJE: (FrondEnd CargaImagenes): Carga Imagenes - OK
2021/08/03 03:56:29.572 - MENSAJE: (Presenter ObtenerInfoModulo) OK
2021/08/03 03:56:29.604 - MENSAJE: (Presenter ObtenerInfoPartes) OK
2021/08/03 03:56:29.626 - MENSAJE: (Presenter ObtenerInfoParametros) OK
2021/08/03 03:56:29.707 - MENSAJE: (PRESENTER) Conexion Exitosa PLC
2021/08/03 03:56:29.861 - MENSAJE: (PRESENTER) Borrado Exitoso Variables PLC
2021/08/03 03:56:29.898 - MENSAJE: ConexionExitosa_Dispensador
2021/08/03 03:56:29.983 - MENSAJE: (PRESENTER) Borrado Exitoso Variables PLC
2021/08/03 03:56:34.718 - MENSAJE: Vehiculo En Mueble
2021/08/03 03:56:36.471 - MENSAJE: Tarjeta_Alistada
2021/08/03 03:56:36.495 - MENSAJE: Tarjeta Encontrada: 166F3328
2021/08/03 03:56:39.135 - MENSAJE: Tarjeta_Borrada
2021/08/03 03:56:39.135 - MENSAJE: (FrontEnd Antes CapturaPlaca)
2021/08/03 03:56:39.137 - MENSAJE: (FrontEnd CapturaPlaca) ipServer: 172.16.63.54
2021/08/03 03:56:39.139 - MENSAJE: (FrontEnd CapturaPlaca) message: [lpr;1;1;242CF]
2021/08/03 03:56:40.541 - MENSAJE: (FrontEnd CapturaPlaca) Placa: 
2021/08/03 03:56:40.541 - MENSAJE: (FrontEnd CapturaPlaca) ------
2021/08/03 03:56:42.429 - MENSAJE: Tarjeta_Escrita
2021/08/03 03:56:42.441 - MENSAJE: Tarjeta_MovidaReceptor_RF_TO_FRONT
2021/08/03 03:56:50.613 - MENSAJE: Error_Estado_Stacker
2021/08/03 03:56:50.737 - MENSAJE: (PRESENTER) Borrado Exitoso Variables PLC
2021/08/03 03:57:23.713 - MENSAJE: Vehiculo En Mueble
2021/08/03 03:57:27.769 - MENSAJE: Error_AlistarTarjeta
2021/08/03 03:57:27.769 - MENSAJE: (FrontEnd Antes CapturaPlaca)
2021/08/03 03:57:27.770 - MENSAJE: (FrontEnd CapturaPlaca) ipServer: 172.16.63.54
2021/08/03 03:57:27.772 - MENSAJE: (FrontEnd CapturaPlaca) message: [lpr;1;1;242CF]
2021/08/03 03:57:28.706 - MENSAJE: (FrontEnd CapturaPlaca) Placa: 
2021/08/03 03:57:28.706 - MENSAJE: (FrontEnd CapturaPlaca) ------
2021/08/03 03:57:29.876 - MENSAJE: Error_AlistarTarjeta
2021/08/03 03:57:29.940 - MENSAJE: Vehiculo En Mueble
2021/08/03 03:57:31.685 - MENSAJE: Tarjeta_Alistada
2021/08/03 03:57:31.702 - MENSAJE: Tarjeta Encontrada: 96192227
2021/08/03 03:57:34.327 - MENSAJE: Tarjeta_Borrada
2021/08/03 03:57:34.327 - MENSAJE: (FrontEnd Antes CapturaPlaca)
2021/08/03 03:57:34.328 - MENSAJE: (FrontEnd CapturaPlaca) ipServer: 172.16.63.54
2021/08/03 03:57:34.329 - MENSAJE: (FrontEnd CapturaPlaca) message: [lpr;1;1;242CF]
2021/08/03 03:57:35.320 - MENSAJE: (FrontEnd CapturaPlaca) Placa: 
2021/08/03 03:57:35.320 - MENSAJE: (FrontEnd CapturaPlaca) ------
2021/08/03 03:57:37.196 - MENSAJE: Tarjeta_Escrita
2021/08/03 03:57:37.207 - MENSAJE: Tarjeta_MovidaReceptor_RF_TO_FRONT
2021/08/03 03:57:45.378 - MENSAJE: Error_Estado_Stacker
2021/08/03 03:57:45.412 - MENSAJE: Vehiculo En Mueble
2021/08/03 03:57:45.614 - MENSAJE: Sin_Tarjeta
2021/08/03 03:57:51.384 - MENSAJE: Talanquera Abierta
2021/08/03 03:57:51.444 - MENSAJE: Vehiculo En Talanquera
2021/08/03 03:57:51.742 - MENSAJE: Vehiculo Salio Talanquera
2021/08/03 03:57:51.805 - MENSAJE: (PRESENTER) Borrado Exitoso Variables PLC
2021/08/03 03:57:51.866 - MENSAJE: (PRESENTER) Borrado Exitoso Variables PLC
2021/08/03 03:57:52.753 - MENSAJE: Vehiculo En Mueble
2021/08/03 03:57:54.499 - MENSAJE: Tarjeta_Alistada
2021/08/03 03:57:54.513 - MENSAJE: Tarjeta Encontrada: 26CB3628
2021/08/03 03:57:57.161 - MENSAJE: Tarjeta_Borrada
2021/08/03 03:57:57.161 - MENSAJE: (FrontEnd Antes CapturaPlaca)
2021/08/03 03:57:57.162 - MENSAJE: (FrontEnd CapturaPlaca) ipServer: 172.16.63.54
2021/08/03 03:57:57.169 - MENSAJE: (FrontEnd CapturaPlaca) message: [lpr;1;1;242CF]
2021/08/03 03:57:58.065 - MENSAJE: (FrontEnd CapturaPlaca) Placa: 
2021/08/03 03:57:58.065 - MENSAJE: (FrontEnd CapturaPlaca) ------
2021/08/03 03:57:59.940 - MENSAJE: Tarjeta_Escrita
2021/08/03 03:57:59.950 - MENSAJE: Tarjeta_MovidaReceptor_RF_TO_FRONT
2021/08/03 03:58:08.160 - MENSAJE: Error_Estado_Stacker
2021/08/03 03:58:08.286 - MENSAJE: (PRESENTER) Borrado Exitoso Variables PLC
2021/08/03 04:00:31.323 - INICIO REGISTRO
2021/08/03 04:00:31.330 - MENSAJE: (FrondEnd CargaRecursos): Carga Controles - OK
2021/08/03 04:00:31.469 - MENSAJE: (FrondEnd CargaImagenes): Carga Imagenes - OK
2021/08/03 04:00:32.348 - MENSAJE: (Presenter ObtenerInfoModulo) OK
2021/08/03 04:00:32.389 - MENSAJE: (Presenter ObtenerInfoPartes) OK
2021/08/03 04:00:32.430 - MENSAJE: (Presenter ObtenerInfoParametros) OK
2021/08/03 04:00:32.514 - MENSAJE: (PRESENTER) Conexion Exitosa PLC
2021/08/03 04:00:32.652 - MENSAJE: (PRESENTER) Borrado Exitoso Variables PLC
2021/08/03 04:00:32.692 - MENSAJE: ConexionExitosa_Dispensador
2021/08/03 04:00:32.775 - MENSAJE: (PRESENTER) Borrado Exitoso Variables PLC
2021/08/03 04:00:32.946 - MENSAJE: Vehiculo En Mueble
2021/08/03 04:00:34.675 - MENSAJE: Tarjeta_Alistada
2021/08/03 04:00:34.775 - MENSAJE: Tarjeta Encontrada: 26CB3628
2021/08/03 04:00:37.405 - MENSAJE: Tarjeta_Borrada
2021/08/03 04:00:37.405 - MENSAJE: (FrontEnd Antes CapturaPlaca)
2021/08/03 04:00:37.407 - MENSAJE: (FrontEnd CapturaPlaca) ipServer: 172.16.63.54
2021/08/03 04:00:37.413 - MENSAJE: (FrontEnd CapturaPlaca) message: [lpr;1;1;242CF]
2021/08/03 04:00:38.193 - MENSAJE: (FrontEnd CapturaPlaca) Placa: 
2021/08/03 04:00:38.193 - MENSAJE: (FrontEnd CapturaPlaca) ------
2021/08/03 04:00:40.096 - MENSAJE: Tarjeta_Escrita
2021/08/03 04:00:40.108 - MENSAJE: Tarjeta_MovidaReceptor_RF_TO_FRONT
2021/08/03 04:00:48.315 - MENSAJE: Error_Estado_Stacker
2021/08/03 04:00:48.425 - MENSAJE: Vehiculo En Mueble
2021/08/03 04:00:48.607 - MENSAJE: Sin_Tarjeta
2021/08/03 04:00:48.629 - MENSAJE: Talanquera Abierta
2021/08/03 04:00:49.356 - MENSAJE: Vehiculo En Talanquera
2021/08/03 04:00:50.362 - MENSAJE: Vehiculo Salio Talanquera
2021/08/03 04:00:50.422 - MENSAJE: (PRESENTER) Borrado Exitoso Variables PLC
2021/08/03 04:00:50.515 - MENSAJE: (PRESENTER) Borrado Exitoso Variables PLC
2021/08/03 04:00:51.351 - MENSAJE: Vehiculo En Mueble
2021/08/03 04:00:53.097 - MENSAJE: Tarjeta_Alistada
2021/08/03 04:00:53.112 - MENSAJE: Tarjeta Encontrada: 96962627
2021/08/03 04:00:55.731 - MENSAJE: Tarjeta_Borrada
2021/08/03 04:00:55.731 - MENSAJE: (FrontEnd Antes CapturaPlaca)
2021/08/03 04:00:55.732 - MENSAJE: (FrontEnd CapturaPlaca) ipServer: 172.16.63.54
2021/08/03 04:00:55.733 - MENSAJE: (FrontEnd CapturaPlaca) message: [lpr;1;1;242CF]
2021/08/03 04:00:56.537 - MENSAJE: (FrontEnd CapturaPlaca) Placa: 
2021/08/03 04:00:56.537 - MENSAJE: (FrontEnd CapturaPlaca) ------
2021/08/03 04:00:58.423 - MENSAJE: Tarjeta_Escrita
2021/08/03 04:00:58.434 - MENSAJE: Tarjeta_MovidaReceptor_RF_TO_FRONT
2021/08/03 04:01:06.519 - MENSAJE: Error_Estado_Stacker
2021/08/03 04:01:06.631 - MENSAJE: (PRESENTER) Borrado Exitoso Variables PLC
2021/08/03 04:01:14.361 - MENSAJE: Vehiculo En Mueble
2021/08/03 04:01:16.106 - MENSAJE: Tarjeta_Alistada
2021/08/03 04:01:16.123 - MENSAJE: Tarjeta Encontrada: 96962627
2021/08/03 04:01:18.758 - MENSAJE: Tarjeta_Borrada
2021/08/03 04:01:18.758 - MENSAJE: (FrontEnd Antes CapturaPlaca)
2021/08/03 04:01:18.759 - MENSAJE: (FrontEnd CapturaPlaca) ipServer: 172.16.63.54
2021/08/03 04:01:18.760 - MENSAJE: (FrontEnd CapturaPlaca) message: [lpr;1;1;242CF]
2021/08/03 04:01:19.640 - MENSAJE: (FrontEnd CapturaPlaca) Placa: 
2021/08/03 04:01:19.640 - MENSAJE: (FrontEnd CapturaPlaca) ------
2021/08/03 04:01:21.507 - MENSAJE: Tarjeta_Escrita
2021/08/03 04:01:21.518 - MENSAJE: Tarjeta_MovidaReceptor_RF_TO_FRONT
2021/08/03 04:01:29.644 - MENSAJE: Error_Estado_Stacker
2021/08/03 04:01:29.769 - MENSAJE: (PRESENTER) Borrado Exitoso Variables PLC
2021/08/03 04:01:38.351 - MENSAJE: Vehiculo En Mueble
2021/08/03 04:01:40.104 - MENSAJE: Tarjeta_Alistada
2021/08/03 04:01:40.121 - MENSAJE: Tarjeta Encontrada: 96962627
2021/08/03 04:01:42.750 - MENSAJE: Tarjeta_Borrada
2021/08/03 04:01:42.750 - MENSAJE: (FrontEnd Antes CapturaPlaca)
2021/08/03 04:01:42.751 - MENSAJE: (FrontEnd CapturaPlaca) ipServer: 172.16.63.54
2021/08/03 04:01:42.756 - MENSAJE: (FrontEnd CapturaPlaca) message: [lpr;1;1;242CF]
