2023/04/12 08:49:16.541 - INICIO REGISTRO
2023/04/12 08:49:16.552 - MENSAJE: (FrondEnd CargaRecursos): Carga Controles - OK
2023/04/12 08:49:16.670 - MENSAJE: (FrondEnd CargaImagenes): Carga Imagenes - OK
2023/04/12 08:49:17.996 - MENSAJE: (Presenter ObtenerInfoModulo) OK
2023/04/12 08:49:18.037 - MENSAJE: (Presenter ObtenerInfoPartes) OK
2023/04/12 08:49:18.069 - MENSAJE: (Presenter ObtenerInfoParametros) OK
2023/04/12 08:49:18.099 - MENSAJE: 
2023/04/12 08:49:18.143 - MENSAJE: ConexionExitosa_Dispensador
2023/04/12 08:49:18.241 - MENSAJE: (PRESENTER) Error Borrado Varibales PLC
2023/04/12 08:49:18.866 - MENSAJE: Tarjeta_En_Boca
2023/04/12 08:49:18.867 - MENSAJE: Tarjeta_En_Boca
2023/04/12 08:49:18.871 - MENSAJE: 
2023/04/12 08:49:18.877 - MENSAJE: 
2023/04/12 08:49:18.883 - MENSAJE: 
2023/04/12 08:49:19.523 - MENSAJE: Tarjeta_En_Boca
2023/04/12 08:49:19.524 - MENSAJE: Tarjeta_En_Boca
2023/04/12 08:49:19.524 - MENSAJE: 
2023/04/12 08:49:19.524 - MENSAJE: 
2023/04/12 08:49:19.534 - MENSAJE: 
2023/04/12 08:49:20.096 - MENSAJE: Tarjeta_En_Boca
2023/04/12 08:49:20.096 - MENSAJE: Tarjeta_En_Boca
2023/04/12 08:49:20.097 - MENSAJE: 
2023/04/12 08:49:20.097 - MENSAJE: 
2023/04/12 08:49:20.108 - MENSAJE: 
2023/04/12 08:49:21.091 - MENSAJE: Tarjeta_En_Boca
2023/04/12 08:49:21.092 - MENSAJE: Tarjeta_En_Boca
2023/04/12 08:49:21.092 - MENSAJE: 
2023/04/12 08:49:21.092 - MENSAJE: 
2023/04/12 08:49:21.103 - MENSAJE: 
2023/04/12 08:49:22.087 - MENSAJE: Tarjeta_En_Boca
2023/04/12 08:49:22.088 - MENSAJE: Tarjeta_En_Boca
2023/04/12 08:49:22.089 - MENSAJE: 
2023/04/12 08:49:22.089 - MENSAJE: 
2023/04/12 08:49:22.099 - MENSAJE: 
2023/04/12 08:49:23.086 - MENSAJE: Tarjeta_En_Boca
2023/04/12 08:49:23.087 - MENSAJE: Tarjeta_En_Boca
2023/04/12 08:49:23.088 - MENSAJE: 
2023/04/12 08:49:23.088 - MENSAJE: 
2023/04/12 08:49:23.098 - MENSAJE: 
2023/04/12 08:49:24.084 - MENSAJE: Tarjeta_En_Boca
2023/04/12 08:49:24.085 - MENSAJE: Tarjeta_En_Boca
2023/04/12 08:49:24.085 - MENSAJE: 
2023/04/12 08:49:24.086 - MENSAJE: 
2023/04/12 08:49:24.096 - MENSAJE: 
2023/04/12 08:49:25.085 - MENSAJE: Tarjeta_En_Boca
2023/04/12 08:49:25.086 - MENSAJE: Tarjeta_En_Boca
2023/04/12 08:49:25.087 - MENSAJE: 
2023/04/12 08:49:25.087 - MENSAJE: 
2023/04/12 08:49:25.098 - MENSAJE: 
2023/04/12 08:49:26.087 - MENSAJE: Tarjeta_En_Boca
2023/04/12 08:49:26.087 - MENSAJE: Tarjeta_En_Boca
2023/04/12 08:49:26.088 - MENSAJE: 
2023/04/12 08:49:26.088 - MENSAJE: 
2023/04/12 08:49:26.099 - MENSAJE: 
2023/04/12 08:49:27.072 - MENSAJE: Tarjeta_En_Boca
2023/04/12 08:49:27.073 - MENSAJE: Tarjeta_En_Boca
2023/04/12 08:49:27.073 - MENSAJE: 
2023/04/12 08:49:27.074 - MENSAJE: 
2023/04/12 08:49:27.084 - MENSAJE: 
2023/04/12 08:49:28.083 - MENSAJE: Tarjeta_En_Boca
2023/04/12 08:49:28.083 - MENSAJE: Tarjeta_En_Boca
2023/04/12 08:49:28.084 - MENSAJE: 
2023/04/12 08:49:28.084 - MENSAJE: 
2023/04/12 08:49:28.095 - MENSAJE: 
2023/04/12 08:49:29.088 - MENSAJE: Tarjeta_En_Boca
2023/04/12 08:49:29.089 - MENSAJE: Tarjeta_En_Boca
2023/04/12 08:49:29.090 - MENSAJE: 
2023/04/12 08:49:29.090 - MENSAJE: 
2023/04/12 08:49:29.101 - MENSAJE: 
2023/04/12 08:49:30.084 - MENSAJE: Tarjeta_En_Boca
2023/04/12 08:49:30.084 - MENSAJE: Tarjeta_En_Boca
2023/04/12 08:49:30.085 - MENSAJE: 
2023/04/12 08:49:30.086 - MENSAJE: 
2023/04/12 08:49:30.096 - MENSAJE: 
2023/04/12 08:49:31.078 - MENSAJE: Tarjeta_En_Boca
2023/04/12 08:49:31.079 - MENSAJE: Tarjeta_En_Boca
2023/04/12 08:49:31.080 - MENSAJE: 
2023/04/12 08:49:31.080 - MENSAJE: 
2023/04/12 08:49:31.091 - MENSAJE: 
2023/04/12 08:49:32.089 - MENSAJE: Tarjeta_En_Boca
2023/04/12 08:49:32.090 - MENSAJE: Tarjeta_En_Boca
2023/04/12 08:49:32.091 - MENSAJE: 
2023/04/12 08:49:32.091 - MENSAJE: 
2023/04/12 08:49:32.102 - MENSAJE: 
2023/04/12 08:49:33.085 - MENSAJE: Tarjeta_En_Boca
2023/04/12 08:49:33.086 - MENSAJE: Tarjeta_En_Boca
2023/04/12 08:49:33.087 - MENSAJE: 
2023/04/12 08:49:33.087 - MENSAJE: 
2023/04/12 08:49:33.098 - MENSAJE: 
2023/04/12 08:49:34.096 - MENSAJE: Tarjeta_En_Boca
2023/04/12 08:49:34.097 - MENSAJE: Tarjeta_En_Boca
2023/04/12 08:49:34.098 - MENSAJE: 
2023/04/12 08:49:34.098 - MENSAJE: 
2023/04/12 08:49:34.109 - MENSAJE: 
2023/04/12 08:49:35.095 - MENSAJE: Tarjeta_En_Boca
2023/04/12 08:49:35.096 - MENSAJE: Tarjeta_En_Boca
2023/04/12 08:49:35.096 - MENSAJE: 
2023/04/12 08:49:35.097 - MENSAJE: 
2023/04/12 08:49:35.107 - MENSAJE: 
2023/04/12 08:50:35.270 - INICIO REGISTRO
2023/04/12 08:50:35.279 - MENSAJE: (FrondEnd CargaRecursos): Carga Controles - OK
2023/04/12 08:50:35.386 - MENSAJE: (FrondEnd CargaImagenes): Carga Imagenes - OK
2023/04/12 08:50:36.186 - MENSAJE: (Presenter ObtenerInfoModulo) OK
2023/04/12 08:50:36.217 - MENSAJE: (Presenter ObtenerInfoPartes) OK
2023/04/12 08:50:36.240 - MENSAJE: (Presenter ObtenerInfoParametros) OK
2023/04/12 08:50:36.270 - MENSAJE: 
2023/04/12 08:50:36.306 - MENSAJE: ConexionExitosa_Dispensador
2023/04/12 08:50:36.424 - MENSAJE: (PRESENTER) Error Borrado Varibales PLC
2023/04/12 08:50:37.032 - MENSAJE: Tarjeta_En_Boca
2023/04/12 08:50:37.032 - MENSAJE: Tarjeta_En_Boca
2023/04/12 08:50:37.037 - MENSAJE: 
2023/04/12 08:50:37.038 - MENSAJE: 
2023/04/12 08:50:37.045 - MENSAJE: 
2023/04/12 08:50:37.799 - MENSAJE: Tarjeta_En_Boca
2023/04/12 08:50:37.799 - MENSAJE: Tarjeta_En_Boca
2023/04/12 08:50:37.800 - MENSAJE: 
2023/04/12 08:50:37.800 - MENSAJE: 
2023/04/12 08:50:37.810 - MENSAJE: 
2023/04/12 08:50:38.811 - MENSAJE: Tarjeta_En_Boca
2023/04/12 08:50:38.812 - MENSAJE: Tarjeta_En_Boca
2023/04/12 08:50:38.813 - MENSAJE: 
2023/04/12 08:50:38.815 - MENSAJE: 
2023/04/12 08:50:38.824 - MENSAJE: 
2023/04/12 08:50:39.797 - MENSAJE: Tarjeta_En_Boca
2023/04/12 08:50:39.798 - MENSAJE: Tarjeta_En_Boca
2023/04/12 08:50:39.799 - MENSAJE: 
2023/04/12 08:50:39.799 - MENSAJE: 
2023/04/12 08:50:39.810 - MENSAJE: 
2023/04/12 08:50:40.810 - MENSAJE: Tarjeta_En_Boca
2023/04/12 08:50:40.810 - MENSAJE: Tarjeta_En_Boca
2023/04/12 08:50:40.811 - MENSAJE: 
2023/04/12 08:50:40.811 - MENSAJE: 
2023/04/12 08:50:40.822 - MENSAJE: 
2023/04/12 08:50:41.806 - MENSAJE: Tarjeta_En_Boca
2023/04/12 08:50:41.807 - MENSAJE: Tarjeta_En_Boca
2023/04/12 08:50:41.808 - MENSAJE: 
2023/04/12 08:50:41.808 - MENSAJE: 
2023/04/12 08:50:41.819 - MENSAJE: 
2023/04/12 08:50:42.805 - MENSAJE: Tarjeta_En_Boca
2023/04/12 08:50:42.806 - MENSAJE: Tarjeta_En_Boca
2023/04/12 08:50:42.807 - MENSAJE: 
2023/04/12 08:50:42.807 - MENSAJE: 
2023/04/12 08:50:42.818 - MENSAJE: 
2023/04/12 08:50:43.818 - MENSAJE: Tarjeta_En_Boca
2023/04/12 08:50:43.819 - MENSAJE: Tarjeta_En_Boca
2023/04/12 08:50:43.820 - MENSAJE: 
2023/04/12 08:50:43.820 - MENSAJE: 
2023/04/12 08:50:43.830 - MENSAJE: 
2023/04/12 08:50:44.817 - MENSAJE: Tarjeta_En_Boca
2023/04/12 08:50:44.817 - MENSAJE: Tarjeta_En_Boca
2023/04/12 08:50:44.818 - MENSAJE: 
2023/04/12 08:50:44.818 - MENSAJE: 
2023/04/12 08:50:44.829 - MENSAJE: 
2023/04/12 08:50:45.814 - MENSAJE: Tarjeta_En_Boca
2023/04/12 08:50:45.814 - MENSAJE: Tarjeta_En_Boca
2023/04/12 08:50:45.815 - MENSAJE: 
2023/04/12 08:50:45.815 - MENSAJE: 
2023/04/12 08:50:45.816 - MENSAJE: (FrontEnd Antes AlistarTarjetaNew)
2023/04/12 08:50:45.826 - MENSAJE: 
2023/04/12 08:50:47.563 - MENSAJE: Tarjeta_Alistada
2023/04/12 08:50:47.610 - MENSAJE: (FrontEnd Antes CapturaPlaca) 
2023/04/12 08:50:47.628 - MENSAJE: (FrontEnd CapturaPlaca) ipServer: 10.32.0.85
2023/04/12 08:50:47.632 - MENSAJE: (FrontEnd CapturaPlaca) message: [lpr;1;1;242CF]
2023/04/12 08:50:48.384 - MENSAJE: (FrontEnd CapturaPlaca) Placa: 
2023/04/12 08:50:48.384 - MENSAJE: (FrontEnd CapturaPlaca) ------
2023/04/12 08:50:50.522 - MENSAJE: Tarjeta_Escrita
2023/04/12 08:50:50.534 - MENSAJE: Tarjeta_MovidaReceptor_RF_TO_FRONT
2023/04/12 08:50:50.833 - MENSAJE: Conexion_Exitosa_Dispensador
2023/04/12 08:50:50.960 - MENSAJE: MC.CRT603Device.WinSCardException
   at MC.CRT603Device.WinSCard.Transmit(Byte[] sendBuffer, Int32 sendLength, Byte[] responseBuffer, Int32& responseLength) in c:\Users\Admin\Documents\Parquearse Install\EntradaControladora\CodigoEntrada\MC.CRT603Device\WinSCard_Methods.cs:line 341
   at MC.CRT603Device.PCSCReader.Exchange(Byte[] sendBuffer, Int32 sendLength, Byte[] responseBuffer, Int32& responseLength, Nullable`1 expectedSW1SW2) in c:\Users\Admin\Documents\Parquearse Install\EntradaControladora\CodigoEntrada\MC.CRT603Device\PCSC_Reader.cs:line 410
   at MC.CRT603Device.PCSCReader.Exchange(Byte[] sendBuffer, Int32 sendLength, Byte[]& responseBuffer, Int32& responseLength, Nullable`1 expectedSW1SW2) in c:\Users\Admin\Documents\Parquearse Install\EntradaControladora\CodigoEntrada\MC.CRT603Device\PCSC_Reader.cs:line 366
   at MC.CRT603Device.PCSCReader.Exchange(Byte[] sendBuffer, Byte[]& responseBuffer, Nullable`1 expectedSW1SW2) in c:\Users\Admin\Documents\Parquearse Install\EntradaControladora\CodigoEntrada\MC.CRT603Device\PCSC_Reader.cs:line 317
   at MC.CRT603Device.PCSCReader.Exchange(Byte[] sendBuffer, Nullable`1 expectedSW1SW2) in c:\Users\Admin\Documents\Parquearse Install\EntradaControladora\CodigoEntrada\MC.CRT603Device\PCSC_Reader.cs:line 292
   at MC.CRT603Device.PCSCReader.Exchange(String cmdApdu, Nullable`1 expectedSW1SW2) in c:\Users\Admin\Documents\Parquearse Install\EntradaControladora\CodigoEntrada\MC.CRT603Device\PCSC_Reader.cs:line 245
   at MC.CRT603Device.PCSCReader.Exchange(String cmdApdu) in c:\Users\Admin\Documents\Parquearse Install\EntradaControladora\CodigoEntrada\MC.CRT603Device\PCSC_Reader.cs:line 234
   at MC.CRT603Device.CRTDeviceClass.GetIdCardCRT() in c:\Users\Admin\Documents\Parquearse Install\EntradaControladora\CodigoEntrada\MC.CRT603Device\CRTDevice.cs:line 75
2023/04/12 08:50:51.508 - MENSAJE: Tarjeta_En_Boca
2023/04/12 08:50:51.508 - MENSAJE: Tarjeta_En_Boca
2023/04/12 08:50:51.516 - MENSAJE: 
2023/04/12 08:50:51.516 - MENSAJE: 
2023/04/12 08:50:51.527 - MENSAJE: 
2023/04/12 08:50:51.607 - MENSAJE: Conexion_Exitosa_Dispensador
2023/04/12 08:50:51.662 - MENSAJE: MC.CRT603Device.WinSCardException
   at MC.CRT603Device.WinSCard.Transmit(Byte[] sendBuffer, Int32 sendLength, Byte[] responseBuffer, Int32& responseLength) in c:\Users\Admin\Documents\Parquearse Install\EntradaControladora\CodigoEntrada\MC.CRT603Device\WinSCard_Methods.cs:line 341
   at MC.CRT603Device.PCSCReader.Exchange(Byte[] sendBuffer, Int32 sendLength, Byte[] responseBuffer, Int32& responseLength, Nullable`1 expectedSW1SW2) in c:\Users\Admin\Documents\Parquearse Install\EntradaControladora\CodigoEntrada\MC.CRT603Device\PCSC_Reader.cs:line 410
   at MC.CRT603Device.PCSCReader.Exchange(Byte[] sendBuffer, Int32 sendLength, Byte[]& responseBuffer, Int32& responseLength, Nullable`1 expectedSW1SW2) in c:\Users\Admin\Documents\Parquearse Install\EntradaControladora\CodigoEntrada\MC.CRT603Device\PCSC_Reader.cs:line 366
   at MC.CRT603Device.PCSCReader.Exchange(Byte[] sendBuffer, Byte[]& responseBuffer, Nullable`1 expectedSW1SW2) in c:\Users\Admin\Documents\Parquearse Install\EntradaControladora\CodigoEntrada\MC.CRT603Device\PCSC_Reader.cs:line 317
   at MC.CRT603Device.PCSCReader.Exchange(Byte[] sendBuffer, Nullable`1 expectedSW1SW2) in c:\Users\Admin\Documents\Parquearse Install\EntradaControladora\CodigoEntrada\MC.CRT603Device\PCSC_Reader.cs:line 292
   at MC.CRT603Device.PCSCReader.Exchange(String cmdApdu, Nullable`1 expectedSW1SW2) in c:\Users\Admin\Documents\Parquearse Install\EntradaControladora\CodigoEntrada\MC.CRT603Device\PCSC_Reader.cs:line 245
   at MC.CRT603Device.PCSCReader.Exchange(String cmdApdu) in c:\Users\Admin\Documents\Parquearse Install\EntradaControladora\CodigoEntrada\MC.CRT603Device\PCSC_Reader.cs:line 234
   at MC.CRT603Device.CRTDeviceClass.GetIdCardCRT() in c:\Users\Admin\Documents\Parquearse Install\EntradaControladora\CodigoEntrada\MC.CRT603Device\CRTDevice.cs:line 75
2023/04/12 08:50:52.209 - MENSAJE: Tarjeta_En_Boca
2023/04/12 08:50:52.209 - MENSAJE: Tarjeta_En_Boca
2023/04/12 08:50:52.217 - MENSAJE: 
2023/04/12 08:50:52.217 - MENSAJE: 
2023/04/12 08:50:52.227 - MENSAJE: 
2023/04/12 08:50:52.307 - MENSAJE: Conexion_Exitosa_Dispensador
2023/04/12 08:50:52.368 - MENSAJE: MC.CRT603Device.WinSCardException
   at MC.CRT603Device.WinSCard.Transmit(Byte[] sendBuffer, Int32 sendLength, Byte[] responseBuffer, Int32& responseLength) in c:\Users\Admin\Documents\Parquearse Install\EntradaControladora\CodigoEntrada\MC.CRT603Device\WinSCard_Methods.cs:line 341
   at MC.CRT603Device.PCSCReader.Exchange(Byte[] sendBuffer, Int32 sendLength, Byte[] responseBuffer, Int32& responseLength, Nullable`1 expectedSW1SW2) in c:\Users\Admin\Documents\Parquearse Install\EntradaControladora\CodigoEntrada\MC.CRT603Device\PCSC_Reader.cs:line 410
   at MC.CRT603Device.PCSCReader.Exchange(Byte[] sendBuffer, Int32 sendLength, Byte[]& responseBuffer, Int32& responseLength, Nullable`1 expectedSW1SW2) in c:\Users\Admin\Documents\Parquearse Install\EntradaControladora\CodigoEntrada\MC.CRT603Device\PCSC_Reader.cs:line 366
   at MC.CRT603Device.PCSCReader.Exchange(Byte[] sendBuffer, Byte[]& responseBuffer, Nullable`1 expectedSW1SW2) in c:\Users\Admin\Documents\Parquearse Install\EntradaControladora\CodigoEntrada\MC.CRT603Device\PCSC_Reader.cs:line 317
   at MC.CRT603Device.PCSCReader.Exchange(Byte[] sendBuffer, Nullable`1 expectedSW1SW2) in c:\Users\Admin\Documents\Parquearse Install\EntradaControladora\CodigoEntrada\MC.CRT603Device\PCSC_Reader.cs:line 292
   at MC.CRT603Device.PCSCReader.Exchange(String cmdApdu, Nullable`1 expectedSW1SW2) in c:\Users\Admin\Documents\Parquearse Install\EntradaControladora\CodigoEntrada\MC.CRT603Device\PCSC_Reader.cs:line 245
   at MC.CRT603Device.PCSCReader.Exchange(String cmdApdu) in c:\Users\Admin\Documents\Parquearse Install\EntradaControladora\CodigoEntrada\MC.CRT603Device\PCSC_Reader.cs:line 234
   at MC.CRT603Device.CRTDeviceClass.GetIdCardCRT() in c:\Users\Admin\Documents\Parquearse Install\EntradaControladora\CodigoEntrada\MC.CRT603Device\CRTDevice.cs:line 75
2023/04/12 08:50:52.909 - MENSAJE: Tarjeta_En_Boca
2023/04/12 08:50:52.910 - MENSAJE: Tarjeta_En_Boca
2023/04/12 08:50:52.918 - MENSAJE: 
2023/04/12 08:50:52.919 - MENSAJE: 
2023/04/12 08:50:52.930 - MENSAJE: 
2023/04/12 08:50:53.306 - MENSAJE: Conexion_Exitosa_Dispensador
2023/04/12 08:50:53.354 - MENSAJE: MC.CRT603Device.WinSCardException
   at MC.CRT603Device.WinSCard.Transmit(Byte[] sendBuffer, Int32 sendLength, Byte[] responseBuffer, Int32& responseLength) in c:\Users\Admin\Documents\Parquearse Install\EntradaControladora\CodigoEntrada\MC.CRT603Device\WinSCard_Methods.cs:line 341
   at MC.CRT603Device.PCSCReader.Exchange(Byte[] sendBuffer, Int32 sendLength, Byte[] responseBuffer, Int32& responseLength, Nullable`1 expectedSW1SW2) in c:\Users\Admin\Documents\Parquearse Install\EntradaControladora\CodigoEntrada\MC.CRT603Device\PCSC_Reader.cs:line 410
   at MC.CRT603Device.PCSCReader.Exchange(Byte[] sendBuffer, Int32 sendLength, Byte[]& responseBuffer, Int32& responseLength, Nullable`1 expectedSW1SW2) in c:\Users\Admin\Documents\Parquearse Install\EntradaControladora\CodigoEntrada\MC.CRT603Device\PCSC_Reader.cs:line 366
   at MC.CRT603Device.PCSCReader.Exchange(Byte[] sendBuffer, Byte[]& responseBuffer, Nullable`1 expectedSW1SW2) in c:\Users\Admin\Documents\Parquearse Install\EntradaControladora\CodigoEntrada\MC.CRT603Device\PCSC_Reader.cs:line 317
   at MC.CRT603Device.PCSCReader.Exchange(Byte[] sendBuffer, Nullable`1 expectedSW1SW2) in c:\Users\Admin\Documents\Parquearse Install\EntradaControladora\CodigoEntrada\MC.CRT603Device\PCSC_Reader.cs:line 292
   at MC.CRT603Device.PCSCReader.Exchange(String cmdApdu, Nullable`1 expectedSW1SW2) in c:\Users\Admin\Documents\Parquearse Install\EntradaControladora\CodigoEntrada\MC.CRT603Device\PCSC_Reader.cs:line 245
   at MC.CRT603Device.PCSCReader.Exchange(String cmdApdu) in c:\Users\Admin\Documents\Parquearse Install\EntradaControladora\CodigoEntrada\MC.CRT603Device\PCSC_Reader.cs:line 234
   at MC.CRT603Device.CRTDeviceClass.GetIdCardCRT() in c:\Users\Admin\Documents\Parquearse Install\EntradaControladora\CodigoEntrada\MC.CRT603Device\CRTDevice.cs:line 75
2023/04/12 08:50:53.890 - MENSAJE: Tarjeta_En_Boca
2023/04/12 08:50:53.890 - MENSAJE: Tarjeta_En_Boca
2023/04/12 08:50:53.901 - MENSAJE: 
2023/04/12 08:50:53.901 - MENSAJE: 
2023/04/12 08:50:53.912 - MENSAJE: 
2023/04/12 08:50:54.298 - MENSAJE: Conexion_Exitosa_Dispensador
2023/04/12 08:50:54.348 - MENSAJE: MC.CRT603Device.WinSCardException
   at MC.CRT603Device.WinSCard.Transmit(Byte[] sendBuffer, Int32 sendLength, Byte[] responseBuffer, Int32& responseLength) in c:\Users\Admin\Documents\Parquearse Install\EntradaControladora\CodigoEntrada\MC.CRT603Device\WinSCard_Methods.cs:line 341
   at MC.CRT603Device.PCSCReader.Exchange(Byte[] sendBuffer, Int32 sendLength, Byte[] responseBuffer, Int32& responseLength, Nullable`1 expectedSW1SW2) in c:\Users\Admin\Documents\Parquearse Install\EntradaControladora\CodigoEntrada\MC.CRT603Device\PCSC_Reader.cs:line 410
   at MC.CRT603Device.PCSCReader.Exchange(Byte[] sendBuffer, Int32 sendLength, Byte[]& responseBuffer, Int32& responseLength, Nullable`1 expectedSW1SW2) in c:\Users\Admin\Documents\Parquearse Install\EntradaControladora\CodigoEntrada\MC.CRT603Device\PCSC_Reader.cs:line 366
   at MC.CRT603Device.PCSCReader.Exchange(Byte[] sendBuffer, Byte[]& responseBuffer, Nullable`1 expectedSW1SW2) in c:\Users\Admin\Documents\Parquearse Install\EntradaControladora\CodigoEntrada\MC.CRT603Device\PCSC_Reader.cs:line 317
   at MC.CRT603Device.PCSCReader.Exchange(Byte[] sendBuffer, Nullable`1 expectedSW1SW2) in c:\Users\Admin\Documents\Parquearse Install\EntradaControladora\CodigoEntrada\MC.CRT603Device\PCSC_Reader.cs:line 292
   at MC.CRT603Device.PCSCReader.Exchange(String cmdApdu, Nullable`1 expectedSW1SW2) in c:\Users\Admin\Documents\Parquearse Install\EntradaControladora\CodigoEntrada\MC.CRT603Device\PCSC_Reader.cs:line 245
   at MC.CRT603Device.PCSCReader.Exchange(String cmdApdu) in c:\Users\Admin\Documents\Parquearse Install\EntradaControladora\CodigoEntrada\MC.CRT603Device\PCSC_Reader.cs:line 234
   at MC.CRT603Device.CRTDeviceClass.GetIdCardCRT() in c:\Users\Admin\Documents\Parquearse Install\EntradaControladora\CodigoEntrada\MC.CRT603Device\CRTDevice.cs:line 75
2023/04/12 08:50:54.885 - MENSAJE: Tarjeta_En_Boca
2023/04/12 08:50:54.885 - MENSAJE: Tarjeta_En_Boca
2023/04/12 08:50:54.893 - MENSAJE: 
2023/04/12 08:50:54.893 - MENSAJE: 
2023/04/12 08:50:54.904 - MENSAJE: 
2023/04/12 08:50:55.323 - MENSAJE: Conexion_Exitosa_Dispensador
2023/04/12 08:50:55.376 - MENSAJE: MC.CRT603Device.WinSCardException
   at MC.CRT603Device.WinSCard.Transmit(Byte[] sendBuffer, Int32 sendLength, Byte[] responseBuffer, Int32& responseLength) in c:\Users\Admin\Documents\Parquearse Install\EntradaControladora\CodigoEntrada\MC.CRT603Device\WinSCard_Methods.cs:line 341
   at MC.CRT603Device.PCSCReader.Exchange(Byte[] sendBuffer, Int32 sendLength, Byte[] responseBuffer, Int32& responseLength, Nullable`1 expectedSW1SW2) in c:\Users\Admin\Documents\Parquearse Install\EntradaControladora\CodigoEntrada\MC.CRT603Device\PCSC_Reader.cs:line 410
   at MC.CRT603Device.PCSCReader.Exchange(Byte[] sendBuffer, Int32 sendLength, Byte[]& responseBuffer, Int32& responseLength, Nullable`1 expectedSW1SW2) in c:\Users\Admin\Documents\Parquearse Install\EntradaControladora\CodigoEntrada\MC.CRT603Device\PCSC_Reader.cs:line 366
   at MC.CRT603Device.PCSCReader.Exchange(Byte[] sendBuffer, Byte[]& responseBuffer, Nullable`1 expectedSW1SW2) in c:\Users\Admin\Documents\Parquearse Install\EntradaControladora\CodigoEntrada\MC.CRT603Device\PCSC_Reader.cs:line 317
   at MC.CRT603Device.PCSCReader.Exchange(Byte[] sendBuffer, Nullable`1 expectedSW1SW2) in c:\Users\Admin\Documents\Parquearse Install\EntradaControladora\CodigoEntrada\MC.CRT603Device\PCSC_Reader.cs:line 292
   at MC.CRT603Device.PCSCReader.Exchange(String cmdApdu, Nullable`1 expectedSW1SW2) in c:\Users\Admin\Documents\Parquearse Install\EntradaControladora\CodigoEntrada\MC.CRT603Device\PCSC_Reader.cs:line 245
   at MC.CRT603Device.PCSCReader.Exchange(String cmdApdu) in c:\Users\Admin\Documents\Parquearse Install\EntradaControladora\CodigoEntrada\MC.CRT603Device\PCSC_Reader.cs:line 234
   at MC.CRT603Device.CRTDeviceClass.GetIdCardCRT() in c:\Users\Admin\Documents\Parquearse Install\EntradaControladora\CodigoEntrada\MC.CRT603Device\CRTDevice.cs:line 75
2023/04/12 08:50:55.909 - MENSAJE: Tarjeta_En_Boca
2023/04/12 08:50:55.910 - MENSAJE: Tarjeta_En_Boca
2023/04/12 08:50:55.921 - MENSAJE: 
2023/04/12 08:50:55.921 - MENSAJE: 
2023/04/12 08:50:55.931 - MENSAJE: 
2023/04/12 08:50:56.302 - MENSAJE: Conexion_Exitosa_Dispensador
2023/04/12 08:50:56.354 - MENSAJE: MC.CRT603Device.WinSCardException
   at MC.CRT603Device.WinSCard.Transmit(Byte[] sendBuffer, Int32 sendLength, Byte[] responseBuffer, Int32& responseLength) in c:\Users\Admin\Documents\Parquearse Install\EntradaControladora\CodigoEntrada\MC.CRT603Device\WinSCard_Methods.cs:line 341
   at MC.CRT603Device.PCSCReader.Exchange(Byte[] sendBuffer, Int32 sendLength, Byte[] responseBuffer, Int32& responseLength, Nullable`1 expectedSW1SW2) in c:\Users\Admin\Documents\Parquearse Install\EntradaControladora\CodigoEntrada\MC.CRT603Device\PCSC_Reader.cs:line 410
   at MC.CRT603Device.PCSCReader.Exchange(Byte[] sendBuffer, Int32 sendLength, Byte[]& responseBuffer, Int32& responseLength, Nullable`1 expectedSW1SW2) in c:\Users\Admin\Documents\Parquearse Install\EntradaControladora\CodigoEntrada\MC.CRT603Device\PCSC_Reader.cs:line 366
   at MC.CRT603Device.PCSCReader.Exchange(Byte[] sendBuffer, Byte[]& responseBuffer, Nullable`1 expectedSW1SW2) in c:\Users\Admin\Documents\Parquearse Install\EntradaControladora\CodigoEntrada\MC.CRT603Device\PCSC_Reader.cs:line 317
   at MC.CRT603Device.PCSCReader.Exchange(Byte[] sendBuffer, Nullable`1 expectedSW1SW2) in c:\Users\Admin\Documents\Parquearse Install\EntradaControladora\CodigoEntrada\MC.CRT603Device\PCSC_Reader.cs:line 292
   at MC.CRT603Device.PCSCReader.Exchange(String cmdApdu, Nullable`1 expectedSW1SW2) in c:\Users\Admin\Documents\Parquearse Install\EntradaControladora\CodigoEntrada\MC.CRT603Device\PCSC_Reader.cs:line 245
   at MC.CRT603Device.PCSCReader.Exchange(String cmdApdu) in c:\Users\Admin\Documents\Parquearse Install\EntradaControladora\CodigoEntrada\MC.CRT603Device\PCSC_Reader.cs:line 234
   at MC.CRT603Device.CRTDeviceClass.GetIdCardCRT() in c:\Users\Admin\Documents\Parquearse Install\EntradaControladora\CodigoEntrada\MC.CRT603Device\CRTDevice.cs:line 75
2023/04/12 08:50:56.888 - MENSAJE: Tarjeta_En_Boca
2023/04/12 08:50:56.889 - MENSAJE: Tarjeta_En_Boca
2023/04/12 08:50:56.896 - MENSAJE: 
2023/04/12 08:50:56.897 - MENSAJE: 
2023/04/12 08:50:56.907 - MENSAJE: 
2023/04/12 08:50:57.303 - MENSAJE: Conexion_Exitosa_Dispensador
2023/04/12 08:50:57.359 - MENSAJE: MC.CRT603Device.WinSCardException
   at MC.CRT603Device.WinSCard.Transmit(Byte[] sendBuffer, Int32 sendLength, Byte[] responseBuffer, Int32& responseLength) in c:\Users\Admin\Documents\Parquearse Install\EntradaControladora\CodigoEntrada\MC.CRT603Device\WinSCard_Methods.cs:line 341
   at MC.CRT603Device.PCSCReader.Exchange(Byte[] sendBuffer, Int32 sendLength, Byte[] responseBuffer, Int32& responseLength, Nullable`1 expectedSW1SW2) in c:\Users\Admin\Documents\Parquearse Install\EntradaControladora\CodigoEntrada\MC.CRT603Device\PCSC_Reader.cs:line 410
   at MC.CRT603Device.PCSCReader.Exchange(Byte[] sendBuffer, Int32 sendLength, Byte[]& responseBuffer, Int32& responseLength, Nullable`1 expectedSW1SW2) in c:\Users\Admin\Documents\Parquearse Install\EntradaControladora\CodigoEntrada\MC.CRT603Device\PCSC_Reader.cs:line 366
   at MC.CRT603Device.PCSCReader.Exchange(Byte[] sendBuffer, Byte[]& responseBuffer, Nullable`1 expectedSW1SW2) in c:\Users\Admin\Documents\Parquearse Install\EntradaControladora\CodigoEntrada\MC.CRT603Device\PCSC_Reader.cs:line 317
   at MC.CRT603Device.PCSCReader.Exchange(Byte[] sendBuffer, Nullable`1 expectedSW1SW2) in c:\Users\Admin\Documents\Parquearse Install\EntradaControladora\CodigoEntrada\MC.CRT603Device\PCSC_Reader.cs:line 292
   at MC.CRT603Device.PCSCReader.Exchange(String cmdApdu, Nullable`1 expectedSW1SW2) in c:\Users\Admin\Documents\Parquearse Install\EntradaControladora\CodigoEntrada\MC.CRT603Device\PCSC_Reader.cs:line 245
   at MC.CRT603Device.PCSCReader.Exchange(String cmdApdu) in c:\Users\Admin\Documents\Parquearse Install\EntradaControladora\CodigoEntrada\MC.CRT603Device\PCSC_Reader.cs:line 234
   at MC.CRT603Device.CRTDeviceClass.GetIdCardCRT() in c:\Users\Admin\Documents\Parquearse Install\EntradaControladora\CodigoEntrada\MC.CRT603Device\CRTDevice.cs:line 75
2023/04/12 08:50:57.892 - MENSAJE: Tarjeta_En_Boca
2023/04/12 08:50:57.893 - MENSAJE: Tarjeta_En_Boca
2023/04/12 08:50:57.901 - MENSAJE: 
2023/04/12 08:50:57.901 - MENSAJE: 
2023/04/12 08:50:57.912 - MENSAJE: 
2023/04/12 08:50:58.303 - MENSAJE: Conexion_Exitosa_Dispensador
2023/04/12 08:50:58.357 - MENSAJE: MC.CRT603Device.WinSCardException
   at MC.CRT603Device.WinSCard.Transmit(Byte[] sendBuffer, Int32 sendLength, Byte[] responseBuffer, Int32& responseLength) in c:\Users\Admin\Documents\Parquearse Install\EntradaControladora\CodigoEntrada\MC.CRT603Device\WinSCard_Methods.cs:line 341
   at MC.CRT603Device.PCSCReader.Exchange(Byte[] sendBuffer, Int32 sendLength, Byte[] responseBuffer, Int32& responseLength, Nullable`1 expectedSW1SW2) in c:\Users\Admin\Documents\Parquearse Install\EntradaControladora\CodigoEntrada\MC.CRT603Device\PCSC_Reader.cs:line 410
   at MC.CRT603Device.PCSCReader.Exchange(Byte[] sendBuffer, Int32 sendLength, Byte[]& responseBuffer, Int32& responseLength, Nullable`1 expectedSW1SW2) in c:\Users\Admin\Documents\Parquearse Install\EntradaControladora\CodigoEntrada\MC.CRT603Device\PCSC_Reader.cs:line 366
   at MC.CRT603Device.PCSCReader.Exchange(Byte[] sendBuffer, Byte[]& responseBuffer, Nullable`1 expectedSW1SW2) in c:\Users\Admin\Documents\Parquearse Install\EntradaControladora\CodigoEntrada\MC.CRT603Device\PCSC_Reader.cs:line 317
   at MC.CRT603Device.PCSCReader.Exchange(Byte[] sendBuffer, Nullable`1 expectedSW1SW2) in c:\Users\Admin\Documents\Parquearse Install\EntradaControladora\CodigoEntrada\MC.CRT603Device\PCSC_Reader.cs:line 292
   at MC.CRT603Device.PCSCReader.Exchange(String cmdApdu, Nullable`1 expectedSW1SW2) in c:\Users\Admin\Documents\Parquearse Install\EntradaControladora\CodigoEntrada\MC.CRT603Device\PCSC_Reader.cs:line 245
   at MC.CRT603Device.PCSCReader.Exchange(String cmdApdu) in c:\Users\Admin\Documents\Parquearse Install\EntradaControladora\CodigoEntrada\MC.CRT603Device\PCSC_Reader.cs:line 234
   at MC.CRT603Device.CRTDeviceClass.GetIdCardCRT() in c:\Users\Admin\Documents\Parquearse Install\EntradaControladora\CodigoEntrada\MC.CRT603Device\CRTDevice.cs:line 75
2023/04/12 08:50:58.903 - MENSAJE: Tarjeta_En_Boca
2023/04/12 08:50:58.903 - MENSAJE: Tarjeta_En_Boca
2023/04/12 08:50:58.911 - MENSAJE: 
2023/04/12 08:50:58.911 - MENSAJE: 
2023/04/12 08:50:58.922 - MENSAJE: 
2023/04/12 08:50:59.298 - MENSAJE: Conexion_Exitosa_Dispensador
2023/04/12 08:50:59.351 - MENSAJE: MC.CRT603Device.WinSCardException
   at MC.CRT603Device.WinSCard.Transmit(Byte[] sendBuffer, Int32 sendLength, Byte[] responseBuffer, Int32& responseLength) in c:\Users\Admin\Documents\Parquearse Install\EntradaControladora\CodigoEntrada\MC.CRT603Device\WinSCard_Methods.cs:line 341
   at MC.CRT603Device.PCSCReader.Exchange(Byte[] sendBuffer, Int32 sendLength, Byte[] responseBuffer, Int32& responseLength, Nullable`1 expectedSW1SW2) in c:\Users\Admin\Documents\Parquearse Install\EntradaControladora\CodigoEntrada\MC.CRT603Device\PCSC_Reader.cs:line 410
   at MC.CRT603Device.PCSCReader.Exchange(Byte[] sendBuffer, Int32 sendLength, Byte[]& responseBuffer, Int32& responseLength, Nullable`1 expectedSW1SW2) in c:\Users\Admin\Documents\Parquearse Install\EntradaControladora\CodigoEntrada\MC.CRT603Device\PCSC_Reader.cs:line 366
   at MC.CRT603Device.PCSCReader.Exchange(Byte[] sendBuffer, Byte[]& responseBuffer, Nullable`1 expectedSW1SW2) in c:\Users\Admin\Documents\Parquearse Install\EntradaControladora\CodigoEntrada\MC.CRT603Device\PCSC_Reader.cs:line 317
   at MC.CRT603Device.PCSCReader.Exchange(Byte[] sendBuffer, Nullable`1 expectedSW1SW2) in c:\Users\Admin\Documents\Parquearse Install\EntradaControladora\CodigoEntrada\MC.CRT603Device\PCSC_Reader.cs:line 292
   at MC.CRT603Device.PCSCReader.Exchange(String cmdApdu, Nullable`1 expectedSW1SW2) in c:\Users\Admin\Documents\Parquearse Install\EntradaControladora\CodigoEntrada\MC.CRT603Device\PCSC_Reader.cs:line 245
   at MC.CRT603Device.PCSCReader.Exchange(String cmdApdu) in c:\Users\Admin\Documents\Parquearse Install\EntradaControladora\CodigoEntrada\MC.CRT603Device\PCSC_Reader.cs:line 234
   at MC.CRT603Device.CRTDeviceClass.GetIdCardCRT() in c:\Users\Admin\Documents\Parquearse Install\EntradaControladora\CodigoEntrada\MC.CRT603Device\CRTDevice.cs:line 75
2023/04/12 08:50:59.884 - MENSAJE: Tarjeta_En_Boca
2023/04/12 08:50:59.884 - MENSAJE: Tarjeta_En_Boca
2023/04/12 08:50:59.892 - MENSAJE: 
2023/04/12 08:50:59.892 - MENSAJE: 
2023/04/12 08:50:59.903 - MENSAJE: 
2023/04/12 08:51:00.296 - MENSAJE: Conexion_Exitosa_Dispensador
2023/04/12 08:51:00.345 - MENSAJE: MC.CRT603Device.WinSCardException
   at MC.CRT603Device.WinSCard.Transmit(Byte[] sendBuffer, Int32 sendLength, Byte[] responseBuffer, Int32& responseLength) in c:\Users\Admin\Documents\Parquearse Install\EntradaControladora\CodigoEntrada\MC.CRT603Device\WinSCard_Methods.cs:line 341
   at MC.CRT603Device.PCSCReader.Exchange(Byte[] sendBuffer, Int32 sendLength, Byte[] responseBuffer, Int32& responseLength, Nullable`1 expectedSW1SW2) in c:\Users\Admin\Documents\Parquearse Install\EntradaControladora\CodigoEntrada\MC.CRT603Device\PCSC_Reader.cs:line 410
   at MC.CRT603Device.PCSCReader.Exchange(Byte[] sendBuffer, Int32 sendLength, Byte[]& responseBuffer, Int32& responseLength, Nullable`1 expectedSW1SW2) in c:\Users\Admin\Documents\Parquearse Install\EntradaControladora\CodigoEntrada\MC.CRT603Device\PCSC_Reader.cs:line 366
   at MC.CRT603Device.PCSCReader.Exchange(Byte[] sendBuffer, Byte[]& responseBuffer, Nullable`1 expectedSW1SW2) in c:\Users\Admin\Documents\Parquearse Install\EntradaControladora\CodigoEntrada\MC.CRT603Device\PCSC_Reader.cs:line 317
   at MC.CRT603Device.PCSCReader.Exchange(Byte[] sendBuffer, Nullable`1 expectedSW1SW2) in c:\Users\Admin\Documents\Parquearse Install\EntradaControladora\CodigoEntrada\MC.CRT603Device\PCSC_Reader.cs:line 292
   at MC.CRT603Device.PCSCReader.Exchange(String cmdApdu, Nullable`1 expectedSW1SW2) in c:\Users\Admin\Documents\Parquearse Install\EntradaControladora\CodigoEntrada\MC.CRT603Device\PCSC_Reader.cs:line 245
   at MC.CRT603Device.PCSCReader.Exchange(String cmdApdu) in c:\Users\Admin\Documents\Parquearse Install\EntradaControladora\CodigoEntrada\MC.CRT603Device\PCSC_Reader.cs:line 234
   at MC.CRT603Device.CRTDeviceClass.GetIdCardCRT() in c:\Users\Admin\Documents\Parquearse Install\EntradaControladora\CodigoEntrada\MC.CRT603Device\CRTDevice.cs:line 75
2023/04/12 08:51:00.881 - MENSAJE: Tarjeta_En_Boca
2023/04/12 08:51:00.882 - MENSAJE: Tarjeta_En_Boca
2023/04/12 08:51:00.889 - MENSAJE: 
2023/04/12 08:51:00.889 - MENSAJE: 
2023/04/12 08:51:00.900 - MENSAJE: 
2023/04/12 08:51:01.306 - MENSAJE: Conexion_Exitosa_Dispensador
2023/04/12 08:51:01.356 - MENSAJE: MC.CRT603Device.WinSCardException
   at MC.CRT603Device.WinSCard.Transmit(Byte[] sendBuffer, Int32 sendLength, Byte[] responseBuffer, Int32& responseLength) in c:\Users\Admin\Documents\Parquearse Install\EntradaControladora\CodigoEntrada\MC.CRT603Device\WinSCard_Methods.cs:line 341
   at MC.CRT603Device.PCSCReader.Exchange(Byte[] sendBuffer, Int32 sendLength, Byte[] responseBuffer, Int32& responseLength, Nullable`1 expectedSW1SW2) in c:\Users\Admin\Documents\Parquearse Install\EntradaControladora\CodigoEntrada\MC.CRT603Device\PCSC_Reader.cs:line 410
   at MC.CRT603Device.PCSCReader.Exchange(Byte[] sendBuffer, Int32 sendLength, Byte[]& responseBuffer, Int32& responseLength, Nullable`1 expectedSW1SW2) in c:\Users\Admin\Documents\Parquearse Install\EntradaControladora\CodigoEntrada\MC.CRT603Device\PCSC_Reader.cs:line 366
   at MC.CRT603Device.PCSCReader.Exchange(Byte[] sendBuffer, Byte[]& responseBuffer, Nullable`1 expectedSW1SW2) in c:\Users\Admin\Documents\Parquearse Install\EntradaControladora\CodigoEntrada\MC.CRT603Device\PCSC_Reader.cs:line 317
   at MC.CRT603Device.PCSCReader.Exchange(Byte[] sendBuffer, Nullable`1 expectedSW1SW2) in c:\Users\Admin\Documents\Parquearse Install\EntradaControladora\CodigoEntrada\MC.CRT603Device\PCSC_Reader.cs:line 292
   at MC.CRT603Device.PCSCReader.Exchange(String cmdApdu, Nullable`1 expectedSW1SW2) in c:\Users\Admin\Documents\Parquearse Install\EntradaControladora\CodigoEntrada\MC.CRT603Device\PCSC_Reader.cs:line 245
   at MC.CRT603Device.PCSCReader.Exchange(String cmdApdu) in c:\Users\Admin\Documents\Parquearse Install\EntradaControladora\CodigoEntrada\MC.CRT603Device\PCSC_Reader.cs:line 234
   at MC.CRT603Device.CRTDeviceClass.GetIdCardCRT() in c:\Users\Admin\Documents\Parquearse Install\EntradaControladora\CodigoEntrada\MC.CRT603Device\CRTDevice.cs:line 75
2023/04/12 08:51:01.894 - MENSAJE: Tarjeta_En_Boca
2023/04/12 08:51:01.895 - MENSAJE: Tarjeta_En_Boca
2023/04/12 08:51:01.904 - MENSAJE: 
2023/04/12 08:51:01.904 - MENSAJE: 
2023/04/12 08:51:01.914 - MENSAJE: 
2023/04/12 08:51:02.306 - MENSAJE: Conexion_Exitosa_Dispensador
2023/04/12 08:51:02.355 - MENSAJE: MC.CRT603Device.WinSCardException
   at MC.CRT603Device.WinSCard.Transmit(Byte[] sendBuffer, Int32 sendLength, Byte[] responseBuffer, Int32& responseLength) in c:\Users\Admin\Documents\Parquearse Install\EntradaControladora\CodigoEntrada\MC.CRT603Device\WinSCard_Methods.cs:line 341
   at MC.CRT603Device.PCSCReader.Exchange(Byte[] sendBuffer, Int32 sendLength, Byte[] responseBuffer, Int32& responseLength, Nullable`1 expectedSW1SW2) in c:\Users\Admin\Documents\Parquearse Install\EntradaControladora\CodigoEntrada\MC.CRT603Device\PCSC_Reader.cs:line 410
   at MC.CRT603Device.PCSCReader.Exchange(Byte[] sendBuffer, Int32 sendLength, Byte[]& responseBuffer, Int32& responseLength, Nullable`1 expectedSW1SW2) in c:\Users\Admin\Documents\Parquearse Install\EntradaControladora\CodigoEntrada\MC.CRT603Device\PCSC_Reader.cs:line 366
   at MC.CRT603Device.PCSCReader.Exchange(Byte[] sendBuffer, Byte[]& responseBuffer, Nullable`1 expectedSW1SW2) in c:\Users\Admin\Documents\Parquearse Install\EntradaControladora\CodigoEntrada\MC.CRT603Device\PCSC_Reader.cs:line 317
   at MC.CRT603Device.PCSCReader.Exchange(Byte[] sendBuffer, Nullable`1 expectedSW1SW2) in c:\Users\Admin\Documents\Parquearse Install\EntradaControladora\CodigoEntrada\MC.CRT603Device\PCSC_Reader.cs:line 292
   at MC.CRT603Device.PCSCReader.Exchange(String cmdApdu, Nullable`1 expectedSW1SW2) in c:\Users\Admin\Documents\Parquearse Install\EntradaControladora\CodigoEntrada\MC.CRT603Device\PCSC_Reader.cs:line 245
   at MC.CRT603Device.PCSCReader.Exchange(String cmdApdu) in c:\Users\Admin\Documents\Parquearse Install\EntradaControladora\CodigoEntrada\MC.CRT603Device\PCSC_Reader.cs:line 234
   at MC.CRT603Device.CRTDeviceClass.GetIdCardCRT() in c:\Users\Admin\Documents\Parquearse Install\EntradaControladora\CodigoEntrada\MC.CRT603Device\CRTDevice.cs:line 75
2023/04/12 08:51:02.891 - MENSAJE: Tarjeta_En_Boca
2023/04/12 08:51:02.892 - MENSAJE: Tarjeta_En_Boca
2023/04/12 08:51:02.908 - MENSAJE: 
2023/04/12 08:51:02.908 - MENSAJE: 
2023/04/12 08:51:02.918 - MENSAJE: 
2023/04/12 08:51:03.302 - MENSAJE: Conexion_Exitosa_Dispensador
2023/04/12 08:51:03.351 - MENSAJE: MC.CRT603Device.WinSCardException
   at MC.CRT603Device.WinSCard.Transmit(Byte[] sendBuffer, Int32 sendLength, Byte[] responseBuffer, Int32& responseLength) in c:\Users\Admin\Documents\Parquearse Install\EntradaControladora\CodigoEntrada\MC.CRT603Device\WinSCard_Methods.cs:line 341
   at MC.CRT603Device.PCSCReader.Exchange(Byte[] sendBuffer, Int32 sendLength, Byte[] responseBuffer, Int32& responseLength, Nullable`1 expectedSW1SW2) in c:\Users\Admin\Documents\Parquearse Install\EntradaControladora\CodigoEntrada\MC.CRT603Device\PCSC_Reader.cs:line 410
   at MC.CRT603Device.PCSCReader.Exchange(Byte[] sendBuffer, Int32 sendLength, Byte[]& responseBuffer, Int32& responseLength, Nullable`1 expectedSW1SW2) in c:\Users\Admin\Documents\Parquearse Install\EntradaControladora\CodigoEntrada\MC.CRT603Device\PCSC_Reader.cs:line 366
   at MC.CRT603Device.PCSCReader.Exchange(Byte[] sendBuffer, Byte[]& responseBuffer, Nullable`1 expectedSW1SW2) in c:\Users\Admin\Documents\Parquearse Install\EntradaControladora\CodigoEntrada\MC.CRT603Device\PCSC_Reader.cs:line 317
   at MC.CRT603Device.PCSCReader.Exchange(Byte[] sendBuffer, Nullable`1 expectedSW1SW2) in c:\Users\Admin\Documents\Parquearse Install\EntradaControladora\CodigoEntrada\MC.CRT603Device\PCSC_Reader.cs:line 292
   at MC.CRT603Device.PCSCReader.Exchange(String cmdApdu, Nullable`1 expectedSW1SW2) in c:\Users\Admin\Documents\Parquearse Install\EntradaControladora\CodigoEntrada\MC.CRT603Device\PCSC_Reader.cs:line 245
   at MC.CRT603Device.PCSCReader.Exchange(String cmdApdu) in c:\Users\Admin\Documents\Parquearse Install\EntradaControladora\CodigoEntrada\MC.CRT603Device\PCSC_Reader.cs:line 234
   at MC.CRT603Device.CRTDeviceClass.GetIdCardCRT() in c:\Users\Admin\Documents\Parquearse Install\EntradaControladora\CodigoEntrada\MC.CRT603Device\CRTDevice.cs:line 75
2023/04/12 08:51:03.891 - MENSAJE: Tarjeta_En_Boca
2023/04/12 08:51:03.892 - MENSAJE: Tarjeta_En_Boca
2023/04/12 08:51:03.899 - MENSAJE: 
2023/04/12 08:51:03.900 - MENSAJE: 
2023/04/12 08:51:03.910 - MENSAJE: 
2023/04/12 08:51:03.938 - MENSAJE: (PRESENTER) Error Borrado Varibales PLC
2023/04/12 08:51:04.813 - MENSAJE: 
2023/04/12 08:51:04.813 - MENSAJE: 
2023/04/12 08:51:04.824 - MENSAJE: 
2023/04/12 08:51:05.810 - MENSAJE: 
2023/04/12 08:51:05.810 - MENSAJE: 
2023/04/12 08:51:05.821 - MENSAJE: 
2023/04/12 08:51:06.793 - MENSAJE: 
2023/04/12 08:51:06.793 - MENSAJE: 
2023/04/12 08:51:06.804 - MENSAJE: 
2023/04/12 08:51:07.805 - MENSAJE: 
2023/04/12 08:51:07.805 - MENSAJE: 
2023/04/12 08:51:07.816 - MENSAJE: 
2023/04/12 08:51:08.818 - MENSAJE: 
2023/04/12 08:51:08.818 - MENSAJE: 
2023/04/12 08:51:08.828 - MENSAJE: 
2023/04/12 08:51:09.813 - MENSAJE: 
2023/04/12 08:51:09.813 - MENSAJE: 
2023/04/12 08:51:09.823 - MENSAJE: 
2023/04/12 08:51:10.813 - MENSAJE: 
2023/04/12 08:51:10.813 - MENSAJE: 
2023/04/12 08:51:10.824 - MENSAJE: 
2023/04/12 08:51:11.809 - MENSAJE: 
2023/04/12 08:51:11.809 - MENSAJE: 
2023/04/12 08:51:11.820 - MENSAJE: 
2023/04/12 08:51:12.813 - MENSAJE: 
2023/04/12 08:51:12.813 - MENSAJE: 
2023/04/12 08:51:12.824 - MENSAJE: 
2023/04/12 08:51:13.813 - MENSAJE: 
2023/04/12 08:51:13.813 - MENSAJE: 
2023/04/12 08:51:13.824 - MENSAJE: 
2023/04/12 08:51:14.814 - MENSAJE: 
2023/04/12 08:51:14.815 - MENSAJE: 
2023/04/12 08:51:14.825 - MENSAJE: 
2023/04/12 08:51:15.818 - MENSAJE: 
2023/04/12 08:51:15.819 - MENSAJE: 
2023/04/12 08:51:15.829 - MENSAJE: 
2023/04/12 08:51:16.814 - MENSAJE: 
2023/04/12 08:51:16.814 - MENSAJE: 
2023/04/12 08:51:16.825 - MENSAJE: 
2023/04/12 08:51:17.810 - MENSAJE: 
2023/04/12 08:51:17.811 - MENSAJE: 
2023/04/12 08:51:17.822 - MENSAJE: 
2023/04/12 08:51:18.808 - MENSAJE: 
2023/04/12 08:51:18.808 - MENSAJE: 
2023/04/12 08:51:18.818 - MENSAJE: 
2023/04/12 08:51:19.805 - MENSAJE: 
2023/04/12 08:51:19.805 - MENSAJE: 
2023/04/12 08:51:19.816 - MENSAJE: 
2023/04/12 08:51:20.801 - MENSAJE: 
2023/04/12 08:51:20.802 - MENSAJE: 
2023/04/12 08:51:20.812 - MENSAJE: 
2023/04/12 08:51:21.814 - MENSAJE: 
2023/04/12 08:51:21.814 - MENSAJE: 
2023/04/12 08:51:21.825 - MENSAJE: 
2023/04/12 08:51:22.810 - MENSAJE: 
2023/04/12 08:51:22.810 - MENSAJE: 
2023/04/12 08:51:22.821 - MENSAJE: 
2023/04/12 08:51:23.809 - MENSAJE: 
2023/04/12 08:51:23.809 - MENSAJE: 
2023/04/12 08:51:23.820 - MENSAJE: 
2023/04/12 08:51:24.803 - MENSAJE: 
2023/04/12 08:51:24.803 - MENSAJE: 
2023/04/12 08:51:24.814 - MENSAJE: 
2023/04/12 08:51:25.817 - MENSAJE: 
2023/04/12 08:51:25.818 - MENSAJE: 
2023/04/12 08:51:25.828 - MENSAJE: 
2023/04/12 08:51:26.802 - MENSAJE: 
2023/04/12 08:51:26.802 - MENSAJE: 
2023/04/12 08:51:26.813 - MENSAJE: 
2023/04/12 08:51:27.817 - MENSAJE: 
2023/04/12 08:51:27.817 - MENSAJE: 
2023/04/12 08:51:27.827 - MENSAJE: 
2023/04/12 08:51:28.805 - MENSAJE: 
2023/04/12 08:51:28.806 - MENSAJE: 
2023/04/12 08:51:28.817 - MENSAJE: 
2023/04/12 08:51:29.805 - MENSAJE: 
2023/04/12 08:51:29.805 - MENSAJE: 
2023/04/12 08:51:29.816 - MENSAJE: 
2023/04/12 08:51:30.803 - MENSAJE: 
2023/04/12 08:51:30.803 - MENSAJE: 
2023/04/12 08:51:30.815 - MENSAJE: 
2023/04/12 08:51:31.818 - MENSAJE: 
2023/04/12 08:51:31.818 - MENSAJE: 
2023/04/12 08:51:31.828 - MENSAJE: 
2023/04/12 08:51:32.811 - MENSAJE: 
2023/04/12 08:51:32.811 - MENSAJE: 
2023/04/12 08:51:32.821 - MENSAJE: 
2023/04/12 08:51:33.801 - MENSAJE: 
2023/04/12 08:51:33.801 - MENSAJE: 
2023/04/12 08:51:33.812 - MENSAJE: 
2023/04/12 08:51:34.816 - MENSAJE: 
2023/04/12 08:51:34.816 - MENSAJE: 
2023/04/12 08:51:34.827 - MENSAJE: 
2023/04/12 08:51:50.110 - INICIO REGISTRO
2023/04/12 08:51:50.119 - MENSAJE: (FrondEnd CargaRecursos): Carga Controles - OK
2023/04/12 08:51:50.224 - MENSAJE: (FrondEnd CargaImagenes): Carga Imagenes - OK
2023/04/12 08:51:50.909 - MENSAJE: (Presenter ObtenerInfoModulo) OK
2023/04/12 08:51:50.937 - MENSAJE: (Presenter ObtenerInfoPartes) OK
2023/04/12 08:51:50.959 - MENSAJE: (Presenter ObtenerInfoParametros) OK
2023/04/12 08:51:50.984 - MENSAJE: 
2023/04/12 08:51:51.016 - MENSAJE: ConexionExitosa_Dispensador
2023/04/12 08:51:51.112 - MENSAJE: (PRESENTER) Error Borrado Varibales PLC
2023/04/12 08:51:51.768 - MENSAJE: 
2023/04/12 08:51:51.772 - MENSAJE: 
2023/04/12 08:51:51.776 - MENSAJE: 
2023/04/12 08:51:52.644 - MENSAJE: 
2023/04/12 08:51:52.644 - MENSAJE: 
2023/04/12 08:51:52.652 - MENSAJE: 
2023/04/12 08:51:53.646 - MENSAJE: 
2023/04/12 08:51:53.646 - MENSAJE: 
2023/04/12 08:51:53.657 - MENSAJE: 
2023/04/12 08:51:54.645 - MENSAJE: 
2023/04/12 08:51:54.647 - MENSAJE: 
2023/04/12 08:51:54.654 - MENSAJE: 
2023/04/12 08:51:55.647 - MENSAJE: 
2023/04/12 08:51:55.647 - MENSAJE: 
2023/04/12 08:51:55.658 - MENSAJE: 
2023/04/12 08:51:56.663 - MENSAJE: 
2023/04/12 08:51:56.663 - MENSAJE: 
2023/04/12 08:51:56.673 - MENSAJE: 
2023/04/12 08:51:57.670 - MENSAJE: 
2023/04/12 08:51:57.670 - MENSAJE: 
2023/04/12 08:51:57.681 - MENSAJE: 
2023/04/12 08:51:58.665 - MENSAJE: 
2023/04/12 08:51:58.665 - MENSAJE: 
2023/04/12 08:51:58.676 - MENSAJE: 
2023/04/12 08:52:25.666 - INICIO REGISTRO
2023/04/12 08:52:25.675 - MENSAJE: (FrondEnd CargaRecursos): Carga Controles - OK
2023/04/12 08:52:25.795 - MENSAJE: (FrondEnd CargaImagenes): Carga Imagenes - OK
2023/04/12 08:52:26.453 - MENSAJE: (Presenter ObtenerInfoModulo) OK
2023/04/12 08:52:26.478 - MENSAJE: (Presenter ObtenerInfoPartes) OK
2023/04/12 08:52:26.498 - MENSAJE: (Presenter ObtenerInfoParametros) OK
2023/04/12 08:52:26.523 - MENSAJE: 
2023/04/12 08:52:26.565 - MENSAJE: ConexionExitosa_Dispensador
2023/04/12 08:52:26.678 - MENSAJE: (PRESENTER) Error Borrado Varibales PLC
2023/04/12 08:52:27.328 - MENSAJE: 
2023/04/12 08:52:27.333 - MENSAJE: 
2023/04/12 08:52:27.336 - MENSAJE: 
2023/04/12 08:52:28.205 - MENSAJE: 
2023/04/12 08:52:28.205 - MENSAJE: 
2023/04/12 08:52:28.215 - MENSAJE: 
2023/04/12 08:52:29.220 - MENSAJE: 
2023/04/12 08:52:29.220 - MENSAJE: 
2023/04/12 08:52:29.231 - MENSAJE: 
2023/04/12 08:52:30.206 - MENSAJE: 
2023/04/12 08:52:30.206 - MENSAJE: 
2023/04/12 08:52:30.218 - MENSAJE: 
2023/04/12 08:52:31.216 - MENSAJE: 
2023/04/12 08:52:31.216 - MENSAJE: 
2023/04/12 08:52:31.227 - MENSAJE: 
2023/04/12 08:52:32.203 - MENSAJE: 
2023/04/12 08:52:32.203 - MENSAJE: 
2023/04/12 08:52:32.213 - MENSAJE: 
2023/04/12 08:52:33.220 - MENSAJE: 
2023/04/12 08:52:33.220 - MENSAJE: 
2023/04/12 08:52:33.230 - MENSAJE: 
2023/04/12 08:52:34.206 - MENSAJE: 
2023/04/12 08:52:34.207 - MENSAJE: 
2023/04/12 08:52:34.218 - MENSAJE: 
2023/04/12 08:52:35.214 - MENSAJE: 
2023/04/12 08:52:35.214 - MENSAJE: 
2023/04/12 08:52:35.225 - MENSAJE: 
2023/04/12 08:52:36.209 - MENSAJE: 
2023/04/12 08:52:36.210 - MENSAJE: 
2023/04/12 08:52:36.220 - MENSAJE: 
2023/04/12 08:52:37.211 - MENSAJE: 
2023/04/12 08:52:37.211 - MENSAJE: 
2023/04/12 08:52:37.221 - MENSAJE: 
2023/04/12 08:52:38.203 - MENSAJE: 
2023/04/12 08:52:38.204 - MENSAJE: 
2023/04/12 08:52:38.214 - MENSAJE: 
2023/04/12 08:52:39.212 - MENSAJE: 
2023/04/12 08:52:39.213 - MENSAJE: 
2023/04/12 08:52:39.223 - MENSAJE: 
2023/04/12 08:52:40.214 - MENSAJE: 
2023/04/12 08:52:40.214 - MENSAJE: 
2023/04/12 08:52:40.225 - MENSAJE: 
2023/04/12 08:52:41.201 - MENSAJE: 
2023/04/12 08:52:41.201 - MENSAJE: 
2023/04/12 08:52:41.213 - MENSAJE: 
2023/04/12 08:52:42.208 - MENSAJE: 
2023/04/12 08:52:42.208 - MENSAJE: 
2023/04/12 08:52:42.219 - MENSAJE: 
2023/04/12 08:52:43.207 - MENSAJE: 
2023/04/12 08:52:43.207 - MENSAJE: 
2023/04/12 08:52:43.218 - MENSAJE: 
2023/04/12 08:52:44.211 - MENSAJE: 
2023/04/12 08:52:44.211 - MENSAJE: 
2023/04/12 08:52:44.222 - MENSAJE: 
2023/04/12 08:52:45.209 - MENSAJE: 
2023/04/12 08:52:45.209 - MENSAJE: 
2023/04/12 08:52:45.220 - MENSAJE: 
2023/04/12 08:52:46.201 - MENSAJE: 
2023/04/12 08:52:46.201 - MENSAJE: 
2023/04/12 08:52:46.211 - MENSAJE: 
2023/04/12 08:52:47.204 - MENSAJE: 
2023/04/12 08:52:47.204 - MENSAJE: 
2023/04/12 08:52:47.214 - MENSAJE: 
2023/04/12 08:52:48.225 - MENSAJE: 
2023/04/12 08:52:48.225 - MENSAJE: 
2023/04/12 08:52:48.235 - MENSAJE: 
2023/04/12 08:52:49.218 - MENSAJE: 
2023/04/12 08:52:49.218 - MENSAJE: 
2023/04/12 08:52:49.229 - MENSAJE: 
2023/04/12 08:52:50.221 - MENSAJE: 
2023/04/12 08:52:50.221 - MENSAJE: 
2023/04/12 08:52:50.231 - MENSAJE: 
2023/04/12 08:52:51.208 - MENSAJE: 
2023/04/12 08:52:51.208 - MENSAJE: 
2023/04/12 08:52:51.219 - MENSAJE: 
2023/04/12 08:52:52.210 - MENSAJE: 
2023/04/12 08:52:52.210 - MENSAJE: 
2023/04/12 08:52:52.221 - MENSAJE: 
2023/04/12 08:52:53.203 - MENSAJE: 
2023/04/12 08:52:53.203 - MENSAJE: 
2023/04/12 08:52:53.214 - MENSAJE: 
2023/04/12 08:52:54.206 - MENSAJE: 
2023/04/12 08:52:54.206 - MENSAJE: 
2023/04/12 08:52:54.206 - MENSAJE: (FrontEnd Antes AlistarTarjetaNew)
2023/04/12 08:52:54.216 - MENSAJE: 
2023/04/12 08:52:55.964 - MENSAJE: Tarjeta_Alistada
2023/04/12 08:52:56.002 - MENSAJE: (FrontEnd Antes CapturaPlaca) 
2023/04/12 08:52:56.022 - MENSAJE: (FrontEnd CapturaPlaca) ipServer: 10.32.0.85
2023/04/12 08:52:56.034 - MENSAJE: (FrontEnd CapturaPlaca) message: [lpr;1;1;242CF]
2023/04/12 08:52:56.774 - MENSAJE: (FrontEnd CapturaPlaca) Placa: 
2023/04/12 08:52:56.774 - MENSAJE: (FrontEnd CapturaPlaca) ------
2023/04/12 08:52:58.925 - MENSAJE: Tarjeta_Escrita
2023/04/12 08:52:58.937 - MENSAJE: Tarjeta_MovidaReceptor_RF_TO_FRONT
2023/04/12 08:52:59.196 - MENSAJE: Conexion_Exitosa_Dispensador
2023/04/12 08:52:59.319 - MENSAJE: MC.CRT603Device.WinSCardException
   at MC.CRT603Device.WinSCard.Transmit(Byte[] sendBuffer, Int32 sendLength, Byte[] responseBuffer, Int32& responseLength) in c:\Users\Admin\Documents\Parquearse Install\EntradaControladora\CodigoEntrada\MC.CRT603Device\WinSCard_Methods.cs:line 341
   at MC.CRT603Device.PCSCReader.Exchange(Byte[] sendBuffer, Int32 sendLength, Byte[] responseBuffer, Int32& responseLength, Nullable`1 expectedSW1SW2) in c:\Users\Admin\Documents\Parquearse Install\EntradaControladora\CodigoEntrada\MC.CRT603Device\PCSC_Reader.cs:line 410
   at MC.CRT603Device.PCSCReader.Exchange(Byte[] sendBuffer, Int32 sendLength, Byte[]& responseBuffer, Int32& responseLength, Nullable`1 expectedSW1SW2) in c:\Users\Admin\Documents\Parquearse Install\EntradaControladora\CodigoEntrada\MC.CRT603Device\PCSC_Reader.cs:line 366
   at MC.CRT603Device.PCSCReader.Exchange(Byte[] sendBuffer, Byte[]& responseBuffer, Nullable`1 expectedSW1SW2) in c:\Users\Admin\Documents\Parquearse Install\EntradaControladora\CodigoEntrada\MC.CRT603Device\PCSC_Reader.cs:line 317
   at MC.CRT603Device.PCSCReader.Exchange(Byte[] sendBuffer, Nullable`1 expectedSW1SW2) in c:\Users\Admin\Documents\Parquearse Install\EntradaControladora\CodigoEntrada\MC.CRT603Device\PCSC_Reader.cs:line 292
   at MC.CRT603Device.PCSCReader.Exchange(String cmdApdu, Nullable`1 expectedSW1SW2) in c:\Users\Admin\Documents\Parquearse Install\EntradaControladora\CodigoEntrada\MC.CRT603Device\PCSC_Reader.cs:line 245
   at MC.CRT603Device.PCSCReader.Exchange(String cmdApdu) in c:\Users\Admin\Documents\Parquearse Install\EntradaControladora\CodigoEntrada\MC.CRT603Device\PCSC_Reader.cs:line 234
   at MC.CRT603Device.CRTDeviceClass.GetIdCardCRT() in c:\Users\Admin\Documents\Parquearse Install\EntradaControladora\CodigoEntrada\MC.CRT603Device\CRTDevice.cs:line 75
2023/04/12 08:52:59.859 - MENSAJE: Tarjeta_En_Boca
2023/04/12 08:52:59.859 - MENSAJE: Tarjeta_En_Boca
2023/04/12 08:52:59.871 - MENSAJE: 
2023/04/12 08:52:59.872 - MENSAJE: 
2023/04/12 08:52:59.882 - MENSAJE: 
2023/04/12 08:52:59.958 - MENSAJE: Conexion_Exitosa_Dispensador
2023/04/12 08:53:00.013 - MENSAJE: MC.CRT603Device.WinSCardException
   at MC.CRT603Device.WinSCard.Transmit(Byte[] sendBuffer, Int32 sendLength, Byte[] responseBuffer, Int32& responseLength) in c:\Users\Admin\Documents\Parquearse Install\EntradaControladora\CodigoEntrada\MC.CRT603Device\WinSCard_Methods.cs:line 341
   at MC.CRT603Device.PCSCReader.Exchange(Byte[] sendBuffer, Int32 sendLength, Byte[] responseBuffer, Int32& responseLength, Nullable`1 expectedSW1SW2) in c:\Users\Admin\Documents\Parquearse Install\EntradaControladora\CodigoEntrada\MC.CRT603Device\PCSC_Reader.cs:line 410
   at MC.CRT603Device.PCSCReader.Exchange(Byte[] sendBuffer, Int32 sendLength, Byte[]& responseBuffer, Int32& responseLength, Nullable`1 expectedSW1SW2) in c:\Users\Admin\Documents\Parquearse Install\EntradaControladora\CodigoEntrada\MC.CRT603Device\PCSC_Reader.cs:line 366
   at MC.CRT603Device.PCSCReader.Exchange(Byte[] sendBuffer, Byte[]& responseBuffer, Nullable`1 expectedSW1SW2) in c:\Users\Admin\Documents\Parquearse Install\EntradaControladora\CodigoEntrada\MC.CRT603Device\PCSC_Reader.cs:line 317
   at MC.CRT603Device.PCSCReader.Exchange(Byte[] sendBuffer, Nullable`1 expectedSW1SW2) in c:\Users\Admin\Documents\Parquearse Install\EntradaControladora\CodigoEntrada\MC.CRT603Device\PCSC_Reader.cs:line 292
   at MC.CRT603Device.PCSCReader.Exchange(String cmdApdu, Nullable`1 expectedSW1SW2) in c:\Users\Admin\Documents\Parquearse Install\EntradaControladora\CodigoEntrada\MC.CRT603Device\PCSC_Reader.cs:line 245
   at MC.CRT603Device.PCSCReader.Exchange(String cmdApdu) in c:\Users\Admin\Documents\Parquearse Install\EntradaControladora\CodigoEntrada\MC.CRT603Device\PCSC_Reader.cs:line 234
   at MC.CRT603Device.CRTDeviceClass.GetIdCardCRT() in c:\Users\Admin\Documents\Parquearse Install\EntradaControladora\CodigoEntrada\MC.CRT603Device\CRTDevice.cs:line 75
2023/04/12 08:53:00.563 - MENSAJE: Tarjeta_En_Boca
2023/04/12 08:53:00.563 - MENSAJE: Tarjeta_En_Boca
2023/04/12 08:53:00.571 - MENSAJE: 
2023/04/12 08:53:00.571 - MENSAJE: 
2023/04/12 08:53:00.582 - MENSAJE: 
2023/04/12 08:53:00.708 - MENSAJE: Conexion_Exitosa_Dispensador
2023/04/12 08:53:00.762 - MENSAJE: MC.CRT603Device.WinSCardException
   at MC.CRT603Device.WinSCard.Transmit(Byte[] sendBuffer, Int32 sendLength, Byte[] responseBuffer, Int32& responseLength) in c:\Users\Admin\Documents\Parquearse Install\EntradaControladora\CodigoEntrada\MC.CRT603Device\WinSCard_Methods.cs:line 341
   at MC.CRT603Device.PCSCReader.Exchange(Byte[] sendBuffer, Int32 sendLength, Byte[] responseBuffer, Int32& responseLength, Nullable`1 expectedSW1SW2) in c:\Users\Admin\Documents\Parquearse Install\EntradaControladora\CodigoEntrada\MC.CRT603Device\PCSC_Reader.cs:line 410
   at MC.CRT603Device.PCSCReader.Exchange(Byte[] sendBuffer, Int32 sendLength, Byte[]& responseBuffer, Int32& responseLength, Nullable`1 expectedSW1SW2) in c:\Users\Admin\Documents\Parquearse Install\EntradaControladora\CodigoEntrada\MC.CRT603Device\PCSC_Reader.cs:line 366
   at MC.CRT603Device.PCSCReader.Exchange(Byte[] sendBuffer, Byte[]& responseBuffer, Nullable`1 expectedSW1SW2) in c:\Users\Admin\Documents\Parquearse Install\EntradaControladora\CodigoEntrada\MC.CRT603Device\PCSC_Reader.cs:line 317
   at MC.CRT603Device.PCSCReader.Exchange(Byte[] sendBuffer, Nullable`1 expectedSW1SW2) in c:\Users\Admin\Documents\Parquearse Install\EntradaControladora\CodigoEntrada\MC.CRT603Device\PCSC_Reader.cs:line 292
   at MC.CRT603Device.PCSCReader.Exchange(String cmdApdu, Nullable`1 expectedSW1SW2) in c:\Users\Admin\Documents\Parquearse Install\EntradaControladora\CodigoEntrada\MC.CRT603Device\PCSC_Reader.cs:line 245
   at MC.CRT603Device.PCSCReader.Exchange(String cmdApdu) in c:\Users\Admin\Documents\Parquearse Install\EntradaControladora\CodigoEntrada\MC.CRT603Device\PCSC_Reader.cs:line 234
   at MC.CRT603Device.CRTDeviceClass.GetIdCardCRT() in c:\Users\Admin\Documents\Parquearse Install\EntradaControladora\CodigoEntrada\MC.CRT603Device\CRTDevice.cs:line 75
2023/04/12 08:53:01.295 - MENSAJE: Tarjeta_En_Boca
2023/04/12 08:53:01.296 - MENSAJE: Tarjeta_En_Boca
2023/04/12 08:53:01.303 - MENSAJE: 
2023/04/12 08:53:01.303 - MENSAJE: 
2023/04/12 08:53:01.314 - MENSAJE: 
2023/04/12 08:53:01.704 - MENSAJE: Conexion_Exitosa_Dispensador
2023/04/12 08:53:01.754 - MENSAJE: MC.CRT603Device.WinSCardException
   at MC.CRT603Device.WinSCard.Transmit(Byte[] sendBuffer, Int32 sendLength, Byte[] responseBuffer, Int32& responseLength) in c:\Users\Admin\Documents\Parquearse Install\EntradaControladora\CodigoEntrada\MC.CRT603Device\WinSCard_Methods.cs:line 341
   at MC.CRT603Device.PCSCReader.Exchange(Byte[] sendBuffer, Int32 sendLength, Byte[] responseBuffer, Int32& responseLength, Nullable`1 expectedSW1SW2) in c:\Users\Admin\Documents\Parquearse Install\EntradaControladora\CodigoEntrada\MC.CRT603Device\PCSC_Reader.cs:line 410
   at MC.CRT603Device.PCSCReader.Exchange(Byte[] sendBuffer, Int32 sendLength, Byte[]& responseBuffer, Int32& responseLength, Nullable`1 expectedSW1SW2) in c:\Users\Admin\Documents\Parquearse Install\EntradaControladora\CodigoEntrada\MC.CRT603Device\PCSC_Reader.cs:line 366
   at MC.CRT603Device.PCSCReader.Exchange(Byte[] sendBuffer, Byte[]& responseBuffer, Nullable`1 expectedSW1SW2) in c:\Users\Admin\Documents\Parquearse Install\EntradaControladora\CodigoEntrada\MC.CRT603Device\PCSC_Reader.cs:line 317
   at MC.CRT603Device.PCSCReader.Exchange(Byte[] sendBuffer, Nullable`1 expectedSW1SW2) in c:\Users\Admin\Documents\Parquearse Install\EntradaControladora\CodigoEntrada\MC.CRT603Device\PCSC_Reader.cs:line 292
   at MC.CRT603Device.PCSCReader.Exchange(String cmdApdu, Nullable`1 expectedSW1SW2) in c:\Users\Admin\Documents\Parquearse Install\EntradaControladora\CodigoEntrada\MC.CRT603Device\PCSC_Reader.cs:line 245
   at MC.CRT603Device.PCSCReader.Exchange(String cmdApdu) in c:\Users\Admin\Documents\Parquearse Install\EntradaControladora\CodigoEntrada\MC.CRT603Device\PCSC_Reader.cs:line 234
   at MC.CRT603Device.CRTDeviceClass.GetIdCardCRT() in c:\Users\Admin\Documents\Parquearse Install\EntradaControladora\CodigoEntrada\MC.CRT603Device\CRTDevice.cs:line 75
2023/04/12 08:53:02.298 - MENSAJE: Tarjeta_En_Boca
2023/04/12 08:53:02.299 - MENSAJE: Tarjeta_En_Boca
2023/04/12 08:53:02.307 - MENSAJE: 
2023/04/12 08:53:02.307 - MENSAJE: 
2023/04/12 08:53:02.318 - MENSAJE: 
2023/04/12 08:53:02.709 - MENSAJE: Conexion_Exitosa_Dispensador
2023/04/12 08:53:02.759 - MENSAJE: MC.CRT603Device.WinSCardException
   at MC.CRT603Device.WinSCard.Transmit(Byte[] sendBuffer, Int32 sendLength, Byte[] responseBuffer, Int32& responseLength) in c:\Users\Admin\Documents\Parquearse Install\EntradaControladora\CodigoEntrada\MC.CRT603Device\WinSCard_Methods.cs:line 341
   at MC.CRT603Device.PCSCReader.Exchange(Byte[] sendBuffer, Int32 sendLength, Byte[] responseBuffer, Int32& responseLength, Nullable`1 expectedSW1SW2) in c:\Users\Admin\Documents\Parquearse Install\EntradaControladora\CodigoEntrada\MC.CRT603Device\PCSC_Reader.cs:line 410
   at MC.CRT603Device.PCSCReader.Exchange(Byte[] sendBuffer, Int32 sendLength, Byte[]& responseBuffer, Int32& responseLength, Nullable`1 expectedSW1SW2) in c:\Users\Admin\Documents\Parquearse Install\EntradaControladora\CodigoEntrada\MC.CRT603Device\PCSC_Reader.cs:line 366
   at MC.CRT603Device.PCSCReader.Exchange(Byte[] sendBuffer, Byte[]& responseBuffer, Nullable`1 expectedSW1SW2) in c:\Users\Admin\Documents\Parquearse Install\EntradaControladora\CodigoEntrada\MC.CRT603Device\PCSC_Reader.cs:line 317
   at MC.CRT603Device.PCSCReader.Exchange(Byte[] sendBuffer, Nullable`1 expectedSW1SW2) in c:\Users\Admin\Documents\Parquearse Install\EntradaControladora\CodigoEntrada\MC.CRT603Device\PCSC_Reader.cs:line 292
   at MC.CRT603Device.PCSCReader.Exchange(String cmdApdu, Nullable`1 expectedSW1SW2) in c:\Users\Admin\Documents\Parquearse Install\EntradaControladora\CodigoEntrada\MC.CRT603Device\PCSC_Reader.cs:line 245
   at MC.CRT603Device.PCSCReader.Exchange(String cmdApdu) in c:\Users\Admin\Documents\Parquearse Install\EntradaControladora\CodigoEntrada\MC.CRT603Device\PCSC_Reader.cs:line 234
   at MC.CRT603Device.CRTDeviceClass.GetIdCardCRT() in c:\Users\Admin\Documents\Parquearse Install\EntradaControladora\CodigoEntrada\MC.CRT603Device\CRTDevice.cs:line 75
2023/04/12 08:53:03.304 - MENSAJE: Tarjeta_En_Boca
2023/04/12 08:53:03.305 - MENSAJE: Tarjeta_En_Boca
2023/04/12 08:53:03.313 - MENSAJE: 
2023/04/12 08:53:03.314 - MENSAJE: 
2023/04/12 08:53:03.325 - MENSAJE: 
2023/04/12 08:53:03.702 - MENSAJE: Conexion_Exitosa_Dispensador
2023/04/12 08:53:03.752 - MENSAJE: MC.CRT603Device.WinSCardException
   at MC.CRT603Device.WinSCard.Transmit(Byte[] sendBuffer, Int32 sendLength, Byte[] responseBuffer, Int32& responseLength) in c:\Users\Admin\Documents\Parquearse Install\EntradaControladora\CodigoEntrada\MC.CRT603Device\WinSCard_Methods.cs:line 341
   at MC.CRT603Device.PCSCReader.Exchange(Byte[] sendBuffer, Int32 sendLength, Byte[] responseBuffer, Int32& responseLength, Nullable`1 expectedSW1SW2) in c:\Users\Admin\Documents\Parquearse Install\EntradaControladora\CodigoEntrada\MC.CRT603Device\PCSC_Reader.cs:line 410
   at MC.CRT603Device.PCSCReader.Exchange(Byte[] sendBuffer, Int32 sendLength, Byte[]& responseBuffer, Int32& responseLength, Nullable`1 expectedSW1SW2) in c:\Users\Admin\Documents\Parquearse Install\EntradaControladora\CodigoEntrada\MC.CRT603Device\PCSC_Reader.cs:line 366
   at MC.CRT603Device.PCSCReader.Exchange(Byte[] sendBuffer, Byte[]& responseBuffer, Nullable`1 expectedSW1SW2) in c:\Users\Admin\Documents\Parquearse Install\EntradaControladora\CodigoEntrada\MC.CRT603Device\PCSC_Reader.cs:line 317
   at MC.CRT603Device.PCSCReader.Exchange(Byte[] sendBuffer, Nullable`1 expectedSW1SW2) in c:\Users\Admin\Documents\Parquearse Install\EntradaControladora\CodigoEntrada\MC.CRT603Device\PCSC_Reader.cs:line 292
   at MC.CRT603Device.PCSCReader.Exchange(String cmdApdu, Nullable`1 expectedSW1SW2) in c:\Users\Admin\Documents\Parquearse Install\EntradaControladora\CodigoEntrada\MC.CRT603Device\PCSC_Reader.cs:line 245
   at MC.CRT603Device.PCSCReader.Exchange(String cmdApdu) in c:\Users\Admin\Documents\Parquearse Install\EntradaControladora\CodigoEntrada\MC.CRT603Device\PCSC_Reader.cs:line 234
   at MC.CRT603Device.CRTDeviceClass.GetIdCardCRT() in c:\Users\Admin\Documents\Parquearse Install\EntradaControladora\CodigoEntrada\MC.CRT603Device\CRTDevice.cs:line 75
2023/04/12 08:53:04.285 - MENSAJE: Sin_Tarjeta
2023/04/12 08:53:04.287 - MENSAJE: 
2023/04/12 08:53:04.288 - MENSAJE: 
2023/04/12 08:53:04.676 - MENSAJE: 
2023/04/12 08:53:05.670 - MENSAJE: 
2023/04/12 08:53:06.682 - MENSAJE: 
2023/04/12 08:53:07.677 - MENSAJE: 
2023/04/12 08:53:08.668 - MENSAJE: 
2023/04/12 08:53:09.682 - MENSAJE: 
2023/04/12 08:53:10.674 - MENSAJE: 
2023/04/12 08:53:11.679 - MENSAJE: 
2023/04/12 08:53:12.679 - MENSAJE: 
2023/04/12 08:53:13.668 - MENSAJE: 
2023/04/12 08:53:14.677 - MENSAJE: 
2023/04/12 08:53:15.677 - MENSAJE: 
2023/04/12 08:53:16.670 - MENSAJE: 
2023/04/12 08:53:17.670 - MENSAJE: 
2023/04/12 08:53:18.678 - MENSAJE: 
2023/04/12 08:53:19.679 - MENSAJE: 
