2023/10/21 08:19:21.485 - INICIO REGISTRO
2023/10/21 08:19:21.497 - MENSAJE: (FrondEnd CargaRecursos): Carga Controles - OK
2023/10/21 08:19:21.639 - MENSAJE: (FrondEnd CargaImagenes): Carga Imagenes - OK
2023/10/21 08:19:24.090 - MENSAJE: (Presenter ObtenerInfoModulo) OK
2023/10/21 08:19:24.160 - MENSAJE: (Presenter ObtenerInfoPartes) OK
2023/10/21 08:19:24.196 - MENSAJE: (Presenter ObtenerInfoParametros) OK
2023/10/21 08:19:24.256 - MENSAJE: 
2023/10/21 08:19:24.453 - MENSAJE: (PRESENTER) Error Borrado Varibales PLC
2023/10/21 08:19:24.549 - MENSAJE: 
2023/10/21 08:19:24.577 - MENSAJE: 
2023/10/21 08:19:25.539 - MENSAJE: 
2023/10/21 08:19:25.542 - MENSAJE: 
2023/10/21 08:19:25.550 - MENSAJE: 
2023/10/21 08:19:26.493 - MENSAJE: 
2023/10/21 08:19:26.493 - MENSAJE: 
2023/10/21 08:19:26.504 - MENSAJE: 
2023/10/21 08:19:27.496 - MENSAJE: 
2023/10/21 08:19:27.496 - MENSAJE: 
2023/10/21 08:19:27.507 - MENSAJE: 
2023/10/21 08:19:28.499 - MENSAJE: 
2023/10/21 08:19:28.499 - MENSAJE: 
2023/10/21 08:19:28.510 - MENSAJE: 
2023/10/21 08:19:29.503 - MENSAJE: 
2023/10/21 08:19:29.504 - MENSAJE: 
2023/10/21 08:19:29.513 - MENSAJE: 
2023/10/21 08:19:30.505 - MENSAJE: 
2023/10/21 08:19:30.505 - MENSAJE: 
2023/10/21 08:19:30.516 - MENSAJE: 
2023/10/21 08:19:31.494 - MENSAJE: 
2023/10/21 08:19:31.494 - MENSAJE: 
2023/10/21 08:19:31.504 - MENSAJE: 
2023/10/21 08:19:32.503 - MENSAJE: 
2023/10/21 08:19:32.503 - MENSAJE: 
2023/10/21 08:19:32.514 - MENSAJE: 
2023/10/21 08:19:33.500 - MENSAJE: 
2023/10/21 08:19:33.500 - MENSAJE: 
2023/10/21 08:19:33.511 - MENSAJE: 
2023/10/21 08:19:34.503 - MENSAJE: 
2023/10/21 08:19:34.504 - MENSAJE: 
2023/10/21 08:19:34.514 - MENSAJE: 
2023/10/21 08:19:35.505 - MENSAJE: 
2023/10/21 08:19:35.505 - MENSAJE: 
2023/10/21 08:19:35.516 - MENSAJE: 
2023/10/21 08:19:36.507 - MENSAJE: 
2023/10/21 08:19:36.508 - MENSAJE: 
2023/10/21 08:19:36.518 - MENSAJE: 
2023/10/21 08:19:37.494 - MENSAJE: 
2023/10/21 08:19:37.494 - MENSAJE: 
2023/10/21 08:19:37.504 - MENSAJE: 
2023/10/21 08:19:38.496 - MENSAJE: 
2023/10/21 08:19:38.496 - MENSAJE: 
2023/10/21 08:19:38.506 - MENSAJE: 
2023/10/21 08:19:39.497 - MENSAJE: 
2023/10/21 08:19:39.497 - MENSAJE: 
2023/10/21 08:19:39.508 - MENSAJE: 
2023/10/21 08:19:40.507 - MENSAJE: 
2023/10/21 08:19:40.507 - MENSAJE: 
2023/10/21 08:19:40.517 - MENSAJE: 
2023/10/21 08:19:41.502 - MENSAJE: 
2023/10/21 08:19:41.502 - MENSAJE: 
2023/10/21 08:19:41.513 - MENSAJE: 
2023/10/21 08:21:12.339 - INICIO REGISTRO
2023/10/21 08:21:12.348 - MENSAJE: (FrondEnd CargaRecursos): Carga Controles - OK
2023/10/21 08:21:12.468 - MENSAJE: (FrondEnd CargaImagenes): Carga Imagenes - OK
2023/10/21 08:21:13.197 - MENSAJE: (Presenter ObtenerInfoModulo) OK
2023/10/21 08:21:13.238 - MENSAJE: (Presenter ObtenerInfoPartes) OK
2023/10/21 08:21:13.263 - MENSAJE: (Presenter ObtenerInfoParametros) OK
2023/10/21 08:21:13.298 - MENSAJE: 
2023/10/21 08:21:13.389 - MENSAJE: (PRESENTER) Error Borrado Varibales PLC
2023/10/21 08:21:13.453 - MENSAJE: 
2023/10/21 08:21:13.458 - MENSAJE: 
2023/10/21 08:21:13.459 - MENSAJE: 
2023/10/21 08:21:14.336 - MENSAJE: 
2023/10/21 08:21:14.344 - MENSAJE: 
2023/10/21 08:21:14.349 - MENSAJE: 
2023/10/21 08:21:15.339 - MENSAJE: 
2023/10/21 08:21:15.339 - MENSAJE: 
2023/10/21 08:21:15.352 - MENSAJE: 
2023/10/21 08:21:16.339 - MENSAJE: 
2023/10/21 08:21:16.339 - MENSAJE: 
2023/10/21 08:21:16.349 - MENSAJE: 
2023/10/21 08:21:17.354 - MENSAJE: 
2023/10/21 08:21:17.355 - MENSAJE: 
2023/10/21 08:21:17.366 - MENSAJE: 
2023/10/21 08:21:18.367 - MENSAJE: 
2023/10/21 08:21:18.367 - MENSAJE: 
2023/10/21 08:21:18.378 - MENSAJE: 
2023/10/21 08:21:19.369 - MENSAJE: 
2023/10/21 08:21:19.369 - MENSAJE: 
2023/10/21 08:21:19.381 - MENSAJE: 
2023/10/21 08:21:20.384 - MENSAJE: 
2023/10/21 08:21:20.384 - MENSAJE: 
2023/10/21 08:21:20.395 - MENSAJE: 
2023/10/21 08:21:21.346 - MENSAJE: 
2023/10/21 08:21:21.346 - MENSAJE: 
2023/10/21 08:21:21.357 - MENSAJE: 
2023/10/21 08:21:22.340 - MENSAJE: 
2023/10/21 08:21:22.341 - MENSAJE: 
2023/10/21 08:21:22.351 - MENSAJE: 
2023/10/21 08:21:23.342 - MENSAJE: 
2023/10/21 08:21:23.342 - MENSAJE: 
2023/10/21 08:21:23.352 - MENSAJE: 
2023/10/21 08:21:24.338 - MENSAJE: 
2023/10/21 08:21:24.338 - MENSAJE: 
2023/10/21 08:21:24.349 - MENSAJE: 
2023/10/21 08:21:25.346 - MENSAJE: 
2023/10/21 08:21:25.346 - MENSAJE: 
2023/10/21 08:21:25.357 - MENSAJE: 
2023/10/21 08:21:26.341 - MENSAJE: 
2023/10/21 08:21:26.341 - MENSAJE: 
2023/10/21 08:21:26.351 - MENSAJE: 
2023/10/21 08:21:27.339 - MENSAJE: 
2023/10/21 08:21:27.339 - MENSAJE: 
2023/10/21 08:21:27.350 - MENSAJE: 
2023/10/21 08:24:44.611 - INICIO REGISTRO
2023/10/21 08:24:44.623 - MENSAJE: (FrondEnd CargaRecursos): Carga Controles - OK
2023/10/21 08:24:44.743 - MENSAJE: (FrondEnd CargaImagenes): Carga Imagenes - OK
2023/10/21 08:24:45.451 - MENSAJE: (Presenter ObtenerInfoModulo) OK
2023/10/21 08:24:45.488 - MENSAJE: (Presenter ObtenerInfoPartes) OK
2023/10/21 08:24:45.516 - MENSAJE: (Presenter ObtenerInfoParametros) OK
2023/10/21 08:24:45.562 - MENSAJE: 
2023/10/21 08:24:45.642 - MENSAJE: (PRESENTER) Error Borrado Varibales PLC
2023/10/21 08:24:45.714 - MENSAJE: 
2023/10/21 08:24:45.724 - MENSAJE: 
2023/10/21 08:24:45.727 - MENSAJE: 
2023/10/21 08:24:46.623 - MENSAJE: 
2023/10/21 08:24:46.626 - MENSAJE: 
2023/10/21 08:24:46.634 - MENSAJE: 
2023/10/21 08:24:47.619 - MENSAJE: 
2023/10/21 08:24:47.619 - MENSAJE: 
2023/10/21 08:24:47.630 - MENSAJE: 
2023/10/21 08:26:17.095 - INICIO REGISTRO
2023/10/21 08:26:17.104 - MENSAJE: (FrondEnd CargaRecursos): Carga Controles - OK
2023/10/21 08:26:17.221 - MENSAJE: (FrondEnd CargaImagenes): Carga Imagenes - OK
2023/10/21 08:26:17.939 - MENSAJE: (Presenter ObtenerInfoModulo) OK
2023/10/21 08:26:17.973 - MENSAJE: (Presenter ObtenerInfoPartes) OK
2023/10/21 08:26:17.996 - MENSAJE: (Presenter ObtenerInfoParametros) OK
2023/10/21 08:26:18.024 - MENSAJE: 
2023/10/21 08:26:18.103 - MENSAJE: (PRESENTER) Error Borrado Varibales PLC
2023/10/21 08:26:18.179 - MENSAJE: 
2023/10/21 08:26:18.189 - MENSAJE: 
2023/10/21 08:26:19.111 - MENSAJE: 
2023/10/21 08:26:19.112 - MENSAJE: 
2023/10/21 08:26:19.122 - MENSAJE: 
2023/10/21 08:29:45.726 - INICIO REGISTRO
2023/10/21 08:29:45.734 - MENSAJE: (FrondEnd CargaRecursos): Carga Controles - OK
2023/10/21 08:29:45.851 - MENSAJE: (FrondEnd CargaImagenes): Carga Imagenes - OK
2023/10/21 08:29:46.520 - MENSAJE: (Presenter ObtenerInfoModulo) OK
2023/10/21 08:29:46.554 - MENSAJE: (Presenter ObtenerInfoPartes) OK
2023/10/21 08:29:46.578 - MENSAJE: (Presenter ObtenerInfoParametros) OK
2023/10/21 08:29:46.610 - MENSAJE: 
2023/10/21 08:29:46.690 - MENSAJE: (PRESENTER) Error Borrado Varibales PLC
2023/10/21 08:29:46.761 - MENSAJE: 
2023/10/21 08:29:46.766 - MENSAJE: 
2023/10/21 08:29:46.768 - MENSAJE: 
2023/10/21 08:29:47.742 - MENSAJE: 
2023/10/21 08:29:47.745 - MENSAJE: 
2023/10/21 08:29:47.752 - MENSAJE: 
2023/10/21 08:29:48.731 - MENSAJE: 
2023/10/21 08:29:48.731 - MENSAJE: 
2023/10/21 08:29:48.742 - MENSAJE: 
2023/10/21 08:30:51.765 - INICIO REGISTRO
2023/10/21 08:30:51.773 - MENSAJE: (FrondEnd CargaRecursos): Carga Controles - OK
2023/10/21 08:30:51.919 - MENSAJE: (FrondEnd CargaImagenes): Carga Imagenes - OK
2023/10/21 08:30:52.610 - MENSAJE: (Presenter ObtenerInfoModulo) OK
2023/10/21 08:30:52.642 - MENSAJE: (Presenter ObtenerInfoPartes) OK
2023/10/21 08:30:52.663 - MENSAJE: (Presenter ObtenerInfoParametros) OK
2023/10/21 08:30:52.694 - MENSAJE: 
2023/10/21 08:30:52.785 - MENSAJE: (PRESENTER) Error Borrado Varibales PLC
2023/10/21 08:30:52.889 - MENSAJE: 
2023/10/21 08:30:52.889 - MENSAJE: 
2023/10/21 08:30:53.768 - MENSAJE: 
2023/10/21 08:30:53.771 - MENSAJE: 
2023/10/21 08:30:53.782 - MENSAJE: 
2023/10/21 08:30:54.789 - MENSAJE: 
2023/10/21 08:30:54.790 - MENSAJE: 
2023/10/21 08:30:54.798 - MENSAJE: 
2023/10/21 08:32:08.017 - INICIO REGISTRO
2023/10/21 08:32:08.023 - MENSAJE: (FrondEnd CargaRecursos): Carga Controles - OK
2023/10/21 08:32:08.136 - MENSAJE: (FrondEnd CargaImagenes): Carga Imagenes - OK
2023/10/21 08:32:08.809 - MENSAJE: (Presenter ObtenerInfoModulo) OK
2023/10/21 08:32:08.838 - MENSAJE: (Presenter ObtenerInfoPartes) OK
2023/10/21 08:32:08.860 - MENSAJE: (Presenter ObtenerInfoParametros) OK
2023/10/21 08:32:08.892 - MENSAJE: 
2023/10/21 08:32:08.972 - MENSAJE: (PRESENTER) Error Borrado Varibales PLC
2023/10/21 08:32:09.054 - MENSAJE: 
2023/10/21 08:32:09.056 - MENSAJE: 
2023/10/21 08:32:10.015 - MENSAJE: 
2023/10/21 08:32:10.015 - MENSAJE: 
2023/10/21 08:32:10.026 - MENSAJE: 
2023/10/21 08:32:11.023 - MENSAJE: 
2023/10/21 08:32:11.024 - MENSAJE: 
2023/10/21 08:32:11.031 - MENSAJE: 
2023/10/21 08:33:40.329 - INICIO REGISTRO
2023/10/21 08:33:40.339 - MENSAJE: (FrondEnd CargaRecursos): Carga Controles - OK
2023/10/21 08:33:40.463 - MENSAJE: (FrondEnd CargaImagenes): Carga Imagenes - OK
2023/10/21 08:33:41.181 - MENSAJE: (Presenter ObtenerInfoModulo) OK
2023/10/21 08:33:41.214 - MENSAJE: (Presenter ObtenerInfoPartes) OK
2023/10/21 08:33:41.239 - MENSAJE: (Presenter ObtenerInfoParametros) OK
2023/10/21 08:33:41.277 - MENSAJE: 
2023/10/21 08:33:41.358 - MENSAJE: (PRESENTER) Error Borrado Varibales PLC
2023/10/21 08:33:41.435 - MENSAJE: 
2023/10/21 08:33:41.451 - MENSAJE: 
2023/10/21 08:33:42.340 - MENSAJE: 
2023/10/21 08:33:42.340 - MENSAJE: 
2023/10/21 08:33:42.351 - MENSAJE: 
2023/10/21 08:33:43.354 - MENSAJE: 
2023/10/21 08:33:43.355 - MENSAJE: 
2023/10/21 08:33:43.365 - MENSAJE: 
2023/10/21 08:33:44.356 - MENSAJE: 
2023/10/21 08:33:44.356 - MENSAJE: 
2023/10/21 08:33:44.367 - MENSAJE: 
2023/10/21 08:33:45.370 - MENSAJE: 
2023/10/21 08:33:45.370 - MENSAJE: 
2023/10/21 08:33:45.381 - MENSAJE: 
2023/10/21 08:33:46.385 - MENSAJE: 
2023/10/21 08:33:46.385 - MENSAJE: 
2023/10/21 08:33:46.395 - MENSAJE: 
2023/10/21 08:33:47.343 - MENSAJE: 
2023/10/21 08:33:47.344 - MENSAJE: 
2023/10/21 08:33:47.354 - MENSAJE: 
2023/10/21 08:38:49.256 - INICIO REGISTRO
2023/10/21 08:38:49.264 - MENSAJE: (FrondEnd CargaRecursos): Carga Controles - OK
2023/10/21 08:38:49.390 - MENSAJE: (FrondEnd CargaImagenes): Carga Imagenes - OK
2023/10/21 08:38:50.111 - MENSAJE: (Presenter ObtenerInfoModulo) OK
2023/10/21 08:38:50.146 - MENSAJE: (Presenter ObtenerInfoPartes) OK
2023/10/21 08:38:50.168 - MENSAJE: (Presenter ObtenerInfoParametros) OK
2023/10/21 08:38:50.202 - MENSAJE: 
2023/10/21 08:38:50.281 - MENSAJE: (PRESENTER) Error Borrado Varibales PLC
2023/10/21 08:38:50.353 - MENSAJE: 
2023/10/21 08:38:50.362 - MENSAJE: 
2023/10/21 08:38:50.364 - MENSAJE: 
2023/10/21 08:38:51.261 - MENSAJE: 
2023/10/21 08:38:51.261 - MENSAJE: 
2023/10/21 08:38:51.272 - MENSAJE: 
2023/10/21 08:38:52.276 - MENSAJE: 
2023/10/21 08:38:52.276 - MENSAJE: 
2023/10/21 08:38:52.286 - MENSAJE: 
2023/10/21 08:38:53.296 - MENSAJE: 
2023/10/21 08:38:53.297 - MENSAJE: 
2023/10/21 08:38:53.306 - MENSAJE: 
2023/10/21 08:38:54.263 - MENSAJE: 
2023/10/21 08:38:54.263 - MENSAJE: 
2023/10/21 08:38:54.274 - MENSAJE: 
2023/10/21 08:39:17.179 - INICIO REGISTRO
2023/10/21 08:39:17.191 - MENSAJE: (FrondEnd CargaRecursos): Carga Controles - OK
2023/10/21 08:39:17.326 - MENSAJE: (FrondEnd CargaImagenes): Carga Imagenes - OK
2023/10/21 08:39:18.037 - MENSAJE: (Presenter ObtenerInfoModulo) OK
2023/10/21 08:39:18.064 - MENSAJE: (Presenter ObtenerInfoPartes) OK
2023/10/21 08:39:18.087 - MENSAJE: (Presenter ObtenerInfoParametros) OK
2023/10/21 08:39:18.120 - MENSAJE: 
2023/10/21 08:39:18.205 - MENSAJE: (PRESENTER) Error Borrado Varibales PLC
2023/10/21 08:39:20.104 - MENSAJE: 
2023/10/21 08:39:20.109 - MENSAJE: 
2023/10/21 08:39:20.115 - MENSAJE: 
2023/10/21 08:39:20.136 - MENSAJE: 
2023/10/21 08:39:20.136 - MENSAJE: 
2023/10/21 08:39:20.146 - MENSAJE: 
2023/10/21 08:39:20.181 - MENSAJE: 
2023/10/21 08:39:20.181 - MENSAJE: 
2023/10/21 08:39:20.191 - MENSAJE: 
2023/10/21 08:39:21.187 - MENSAJE: 
2023/10/21 08:39:21.187 - MENSAJE: 
2023/10/21 08:39:21.198 - MENSAJE: 
2023/10/21 08:39:22.198 - MENSAJE: 
2023/10/21 08:39:22.198 - MENSAJE: 
2023/10/21 08:39:22.209 - MENSAJE: 
2023/10/21 08:39:38.656 - INICIO REGISTRO
2023/10/21 08:39:38.665 - MENSAJE: (FrondEnd CargaRecursos): Carga Controles - OK
2023/10/21 08:39:38.788 - MENSAJE: (FrondEnd CargaImagenes): Carga Imagenes - OK
2023/10/21 08:39:39.479 - MENSAJE: (Presenter ObtenerInfoModulo) OK
2023/10/21 08:39:39.509 - MENSAJE: (Presenter ObtenerInfoPartes) OK
2023/10/21 08:39:39.530 - MENSAJE: (Presenter ObtenerInfoParametros) OK
2023/10/21 08:39:39.559 - MENSAJE: 
2023/10/21 08:39:39.640 - MENSAJE: (PRESENTER) Error Borrado Varibales PLC
2023/10/21 08:39:42.467 - MENSAJE: 
2023/10/21 08:39:42.469 - MENSAJE: 
2023/10/21 08:39:42.471 - MENSAJE: 
2023/10/21 08:39:42.598 - MENSAJE: 
2023/10/21 08:39:42.610 - MENSAJE: 
2023/10/21 08:39:42.612 - MENSAJE: 
2023/10/21 08:39:42.689 - MENSAJE: 
2023/10/21 08:39:42.691 - MENSAJE: 
2023/10/21 08:39:42.699 - MENSAJE: 
2023/10/21 08:39:43.671 - MENSAJE: 
2023/10/21 08:39:43.671 - MENSAJE: 
2023/10/21 08:39:43.682 - MENSAJE: 
2023/10/21 08:39:44.665 - MENSAJE: 
2023/10/21 08:39:44.666 - MENSAJE: 
2023/10/21 08:39:44.676 - MENSAJE: 
2023/10/21 08:39:45.668 - MENSAJE: 
2023/10/21 08:39:45.668 - MENSAJE: 
2023/10/21 08:39:45.679 - MENSAJE: 
2023/10/21 08:39:46.670 - MENSAJE: 
2023/10/21 08:39:46.670 - MENSAJE: 
2023/10/21 08:39:46.681 - MENSAJE: 
2023/10/21 08:39:47.665 - MENSAJE: 
2023/10/21 08:39:47.665 - MENSAJE: 
2023/10/21 08:39:47.676 - MENSAJE: 
2023/10/21 08:40:16.985 - INICIO REGISTRO
2023/10/21 08:40:16.993 - MENSAJE: (FrondEnd CargaRecursos): Carga Controles - OK
2023/10/21 08:40:17.112 - MENSAJE: (FrondEnd CargaImagenes): Carga Imagenes - OK
2023/10/21 08:40:17.809 - MENSAJE: (Presenter ObtenerInfoModulo) OK
2023/10/21 08:40:17.841 - MENSAJE: (Presenter ObtenerInfoPartes) OK
2023/10/21 08:40:17.864 - MENSAJE: (Presenter ObtenerInfoParametros) OK
2023/10/21 08:40:17.893 - MENSAJE: 
2023/10/21 08:40:17.970 - MENSAJE: (PRESENTER) Error Borrado Varibales PLC
2023/10/21 08:40:18.065 - MENSAJE: 
2023/10/21 08:40:18.071 - MENSAJE: 
2023/10/21 08:40:18.993 - MENSAJE: 
2023/10/21 08:40:18.999 - MENSAJE: 
2023/10/21 08:40:19.004 - MENSAJE: 
2023/10/21 08:40:19.997 - MENSAJE: 
2023/10/21 08:40:19.997 - MENSAJE: 
2023/10/21 08:40:20.005 - MENSAJE: 
2023/10/21 08:40:20.993 - MENSAJE: 
2023/10/21 08:40:20.993 - MENSAJE: 
2023/10/21 08:40:21.004 - MENSAJE: 
2023/10/21 08:40:21.997 - MENSAJE: 
2023/10/21 08:40:21.997 - MENSAJE: 
2023/10/21 08:40:22.008 - MENSAJE: 
2023/10/21 08:40:54.566 - INICIO REGISTRO
2023/10/21 08:40:54.575 - MENSAJE: (FrondEnd CargaRecursos): Carga Controles - OK
2023/10/21 08:40:54.694 - MENSAJE: (FrondEnd CargaImagenes): Carga Imagenes - OK
2023/10/21 08:40:55.385 - MENSAJE: (Presenter ObtenerInfoModulo) OK
2023/10/21 08:40:55.412 - MENSAJE: (Presenter ObtenerInfoPartes) OK
2023/10/21 08:40:55.435 - MENSAJE: (Presenter ObtenerInfoParametros) OK
2023/10/21 08:40:55.464 - MENSAJE: 
2023/10/21 08:40:55.543 - MENSAJE: (PRESENTER) Error Borrado Varibales PLC
2023/10/21 08:40:55.628 - MENSAJE: 
2023/10/21 08:40:55.634 - MENSAJE: 
2023/10/21 08:40:56.578 - MENSAJE: 
2023/10/21 08:40:56.578 - MENSAJE: 
2023/10/21 08:40:56.587 - MENSAJE: 
2023/10/21 08:40:57.574 - MENSAJE: 
2023/10/21 08:40:57.575 - MENSAJE: 
2023/10/21 08:40:57.585 - MENSAJE: 
2023/10/21 08:40:58.577 - MENSAJE: 
2023/10/21 08:40:58.577 - MENSAJE: 
2023/10/21 08:40:58.588 - MENSAJE: 
2023/10/21 08:40:59.577 - MENSAJE: 
2023/10/21 08:40:59.577 - MENSAJE: 
2023/10/21 08:40:59.588 - MENSAJE: 
2023/10/21 08:41:00.584 - MENSAJE: 
2023/10/21 08:41:00.584 - MENSAJE: 
2023/10/21 08:41:00.595 - MENSAJE: 
2023/10/21 08:41:01.598 - MENSAJE: 
2023/10/21 08:41:01.598 - MENSAJE: 
2023/10/21 08:41:01.609 - MENSAJE: 
2023/10/21 08:41:02.601 - MENSAJE: 
2023/10/21 08:41:02.601 - MENSAJE: 
2023/10/21 08:41:02.612 - MENSAJE: 
2023/10/21 08:41:03.572 - MENSAJE: 
2023/10/21 08:41:03.572 - MENSAJE: 
2023/10/21 08:41:03.582 - MENSAJE: 
2023/10/21 08:41:04.573 - MENSAJE: 
2023/10/21 08:41:04.573 - MENSAJE: 
2023/10/21 08:41:04.583 - MENSAJE: 
2023/10/21 08:41:05.576 - MENSAJE: 
2023/10/21 08:41:05.576 - MENSAJE: 
2023/10/21 08:41:05.586 - MENSAJE: 
2023/10/21 08:41:06.578 - MENSAJE: 
2023/10/21 08:41:06.578 - MENSAJE: 
2023/10/21 08:41:06.589 - MENSAJE: 
2023/10/21 08:41:07.572 - MENSAJE: 
2023/10/21 08:41:07.572 - MENSAJE: 
2023/10/21 08:41:07.583 - MENSAJE: 
2023/10/21 08:41:08.571 - MENSAJE: 
2023/10/21 08:41:08.571 - MENSAJE: 
2023/10/21 08:41:08.582 - MENSAJE: 
2023/10/21 08:41:09.572 - MENSAJE: 
2023/10/21 08:41:09.572 - MENSAJE: 
2023/10/21 08:41:09.582 - MENSAJE: 
2023/10/21 08:41:10.572 - MENSAJE: 
2023/10/21 08:41:10.572 - MENSAJE: 
2023/10/21 08:41:10.583 - MENSAJE: 
2023/10/21 08:41:11.573 - MENSAJE: 
2023/10/21 08:41:11.573 - MENSAJE: 
2023/10/21 08:41:11.583 - MENSAJE: 
2023/10/21 08:41:12.576 - MENSAJE: 
2023/10/21 08:41:12.576 - MENSAJE: 
2023/10/21 08:41:12.586 - MENSAJE: 
2023/10/21 08:41:13.576 - MENSAJE: 
2023/10/21 08:41:13.577 - MENSAJE: 
2023/10/21 08:41:13.587 - MENSAJE: 
2023/10/21 08:41:14.577 - MENSAJE: 
2023/10/21 08:41:14.577 - MENSAJE: 
2023/10/21 08:41:14.588 - MENSAJE: 
2023/10/21 08:41:15.578 - MENSAJE: 
2023/10/21 08:41:15.578 - MENSAJE: 
2023/10/21 08:41:15.589 - MENSAJE: 
2023/10/21 08:45:28.630 - INICIO REGISTRO
2023/10/21 08:45:28.639 - MENSAJE: (FrondEnd CargaRecursos): Carga Controles - OK
2023/10/21 08:45:28.758 - MENSAJE: (FrondEnd CargaImagenes): Carga Imagenes - OK
2023/10/21 08:45:29.448 - MENSAJE: (Presenter ObtenerInfoModulo) OK
2023/10/21 08:45:29.483 - MENSAJE: (Presenter ObtenerInfoPartes) OK
2023/10/21 08:45:29.508 - MENSAJE: (Presenter ObtenerInfoParametros) OK
2023/10/21 08:45:29.541 - MENSAJE: 
2023/10/21 08:45:29.627 - MENSAJE: (PRESENTER) Error Borrado Varibales PLC
2023/10/21 08:45:29.703 - MENSAJE: 
2023/10/21 08:45:29.710 - MENSAJE: 
2023/10/21 08:45:29.712 - MENSAJE: 
2023/10/21 08:45:30.643 - MENSAJE: 
2023/10/21 08:45:30.644 - MENSAJE: 
2023/10/21 08:45:30.651 - MENSAJE: 
2023/10/21 08:45:31.641 - MENSAJE: 
2023/10/21 08:45:31.641 - MENSAJE: 
2023/10/21 08:45:31.652 - MENSAJE: 
2023/10/21 08:45:32.635 - MENSAJE: 
2023/10/21 08:45:32.635 - MENSAJE: 
2023/10/21 08:45:32.646 - MENSAJE: 
2023/10/21 08:45:33.639 - MENSAJE: 
2023/10/21 08:45:33.639 - MENSAJE: 
2023/10/21 08:45:33.649 - MENSAJE: 
2023/10/21 08:45:34.643 - MENSAJE: 
2023/10/21 08:45:34.644 - MENSAJE: 
2023/10/21 08:45:34.654 - MENSAJE: 
2023/10/21 08:46:16.144 - INICIO REGISTRO
2023/10/21 08:46:16.152 - MENSAJE: (FrondEnd CargaRecursos): Carga Controles - OK
2023/10/21 08:46:16.277 - MENSAJE: (FrondEnd CargaImagenes): Carga Imagenes - OK
2023/10/21 08:46:16.965 - MENSAJE: (Presenter ObtenerInfoModulo) OK
2023/10/21 08:46:16.997 - MENSAJE: (Presenter ObtenerInfoPartes) OK
2023/10/21 08:46:17.033 - MENSAJE: (Presenter ObtenerInfoParametros) OK
2023/10/21 08:46:17.063 - MENSAJE: 
2023/10/21 08:46:17.146 - MENSAJE: (PRESENTER) Error Borrado Varibales PLC
2023/10/21 08:46:17.230 - MENSAJE: 
2023/10/21 08:46:17.238 - MENSAJE: 
2023/10/21 08:46:18.155 - MENSAJE: 
2023/10/21 08:46:18.156 - MENSAJE: 
2023/10/21 08:46:18.166 - MENSAJE: 
2023/10/21 08:48:50.222 - INICIO REGISTRO
2023/10/21 08:48:50.229 - MENSAJE: (FrondEnd CargaRecursos): Carga Controles - OK
2023/10/21 08:48:50.351 - MENSAJE: (FrondEnd CargaImagenes): Carga Imagenes - OK
2023/10/21 08:48:51.050 - MENSAJE: (Presenter ObtenerInfoModulo) OK
2023/10/21 08:48:51.085 - MENSAJE: (Presenter ObtenerInfoPartes) OK
2023/10/21 08:48:51.111 - MENSAJE: (Presenter ObtenerInfoParametros) OK
2023/10/21 08:48:51.152 - MENSAJE: 
2023/10/21 08:48:51.237 - MENSAJE: (PRESENTER) Error Borrado Varibales PLC
2023/10/21 08:48:51.317 - MENSAJE: 
2023/10/21 08:48:51.320 - MENSAJE: 
2023/10/21 08:48:51.327 - MENSAJE: 
2023/10/21 08:48:52.231 - MENSAJE: 
2023/10/21 08:48:52.232 - MENSAJE: 
2023/10/21 08:48:52.243 - MENSAJE: 
2023/10/21 08:48:53.235 - MENSAJE: 
2023/10/21 08:48:53.235 - MENSAJE: 
2023/10/21 08:48:53.246 - MENSAJE: 
2023/10/21 08:49:15.137 - MENSAJE: 
2023/10/21 08:49:15.139 - MENSAJE: 
2023/10/21 08:49:15.144 - MENSAJE: 
2023/10/21 08:49:41.060 - MENSAJE: (FrontEnd Antes CapturaPlaca) ------
2023/10/21 08:50:25.567 - INICIO REGISTRO
2023/10/21 08:50:25.576 - MENSAJE: (FrondEnd CargaRecursos): Carga Controles - OK
2023/10/21 08:50:25.695 - MENSAJE: (FrondEnd CargaImagenes): Carga Imagenes - OK
2023/10/21 08:50:26.369 - MENSAJE: (Presenter ObtenerInfoModulo) OK
2023/10/21 08:50:26.404 - MENSAJE: (Presenter ObtenerInfoPartes) OK
2023/10/21 08:50:26.426 - MENSAJE: (Presenter ObtenerInfoParametros) OK
2023/10/21 08:50:26.456 - MENSAJE: 
2023/10/21 08:50:26.539 - MENSAJE: (PRESENTER) Error Borrado Varibales PLC
2023/10/21 08:50:26.615 - MENSAJE: 
2023/10/21 08:50:26.623 - MENSAJE: 
2023/10/21 08:50:27.577 - MENSAJE: 
2023/10/21 08:50:27.577 - MENSAJE: 
2023/10/21 08:50:27.587 - MENSAJE: 
2023/10/21 08:50:28.580 - MENSAJE: 
2023/10/21 08:50:28.580 - MENSAJE: 
2023/10/21 08:50:28.591 - MENSAJE: 
2023/10/21 08:50:29.572 - MENSAJE: 
2023/10/21 08:50:29.572 - MENSAJE: 
2023/10/21 08:50:29.583 - MENSAJE: 
2023/10/21 08:50:45.629 - MENSAJE: 
2023/10/21 08:50:45.633 - MENSAJE: 
2023/10/21 08:50:49.183 - MENSAJE: 
2023/10/21 08:50:50.430 - MENSAJE: (FrontEnd Antes CapturaPlaca) ------
2023/10/21 08:51:12.426 - MENSAJE: oAutorizado.PlacaAuto : ------
2023/10/21 08:52:00.361 - INICIO REGISTRO
2023/10/21 08:52:00.371 - MENSAJE: (FrondEnd CargaRecursos): Carga Controles - OK
2023/10/21 08:52:00.498 - MENSAJE: (FrondEnd CargaImagenes): Carga Imagenes - OK
2023/10/21 08:52:01.200 - MENSAJE: (Presenter ObtenerInfoModulo) OK
2023/10/21 08:52:01.234 - MENSAJE: (Presenter ObtenerInfoPartes) OK
2023/10/21 08:52:01.257 - MENSAJE: (Presenter ObtenerInfoParametros) OK
2023/10/21 08:52:01.287 - MENSAJE: 
2023/10/21 08:52:01.365 - MENSAJE: (PRESENTER) Error Borrado Varibales PLC
2023/10/21 08:52:01.451 - MENSAJE: 
2023/10/21 08:52:01.451 - MENSAJE: 
2023/10/21 08:52:02.376 - MENSAJE: 
2023/10/21 08:52:02.376 - MENSAJE: 
2023/10/21 08:52:02.387 - MENSAJE: 
2023/10/21 08:52:24.989 - MENSAJE: (FrontEnd Antes CapturaPlaca) ------
2023/10/21 08:52:36.461 - MENSAJE: oAutorizado.PlacaAuto : ------
2023/10/21 08:55:04.787 - MENSAJE: 
2023/10/21 08:55:05.667 - MENSAJE: 
2023/10/21 08:55:10.863 - MENSAJE: 
2023/10/21 08:55:11.376 - MENSAJE: 
2023/10/21 08:55:12.375 - MENSAJE: 
2023/10/21 08:55:13.376 - MENSAJE: 
2023/10/21 08:55:14.374 - MENSAJE: 
2023/10/21 08:55:15.377 - MENSAJE: 
2023/10/21 08:55:16.368 - MENSAJE: 
2023/10/21 08:55:17.373 - MENSAJE: 
2023/10/21 08:55:18.374 - MENSAJE: 
2023/10/21 08:55:19.378 - MENSAJE: 
2023/10/21 08:55:20.374 - MENSAJE: 
2023/10/21 08:55:21.376 - MENSAJE: 
2023/10/21 08:55:22.371 - MENSAJE: 
2023/10/21 08:55:23.369 - MENSAJE: 
2023/10/21 08:55:24.371 - MENSAJE: 
2023/10/21 08:55:25.374 - MENSAJE: 
2023/10/21 08:55:26.376 - MENSAJE: 
2023/10/21 08:55:27.373 - MENSAJE: 
2023/10/21 08:55:28.371 - MENSAJE: 
2023/10/21 08:55:29.369 - MENSAJE: 
2023/10/21 08:55:30.343 - MENSAJE: 
2023/10/21 08:55:30.350 - MENSAJE: 
2023/10/21 08:55:30.369 - MENSAJE: 
2023/10/21 08:55:30.369 - MENSAJE: 
2023/10/21 08:55:30.383 - MENSAJE: 
2023/10/21 08:55:31.372 - MENSAJE: 
2023/10/21 08:55:31.372 - MENSAJE: 
2023/10/21 08:55:31.382 - MENSAJE: 
2023/10/21 08:55:32.374 - MENSAJE: 
2023/10/21 08:55:32.375 - MENSAJE: 
2023/10/21 08:55:32.385 - MENSAJE: 
2023/10/21 08:55:33.374 - MENSAJE: 
2023/10/21 08:55:33.374 - MENSAJE: 
2023/10/21 08:55:33.385 - MENSAJE: 
2023/10/21 08:55:34.378 - MENSAJE: 
2023/10/21 08:55:34.378 - MENSAJE: 
2023/10/21 08:55:34.389 - MENSAJE: 
2023/10/21 08:55:35.374 - MENSAJE: 
2023/10/21 08:55:35.374 - MENSAJE: 
2023/10/21 08:55:35.385 - MENSAJE: 
2023/10/21 08:55:36.378 - MENSAJE: 
2023/10/21 08:55:36.378 - MENSAJE: 
2023/10/21 08:55:36.388 - MENSAJE: 
2023/10/21 08:55:37.370 - MENSAJE: 
2023/10/21 08:55:37.370 - MENSAJE: 
2023/10/21 08:55:37.381 - MENSAJE: 
2023/10/21 08:55:38.372 - MENSAJE: 
2023/10/21 08:55:38.372 - MENSAJE: 
2023/10/21 08:55:38.383 - MENSAJE: 
2023/10/21 08:55:39.374 - MENSAJE: 
2023/10/21 08:55:39.374 - MENSAJE: 
2023/10/21 08:55:39.385 - MENSAJE: 
2023/10/21 08:55:40.377 - MENSAJE: 
2023/10/21 08:55:40.377 - MENSAJE: 
2023/10/21 08:55:40.387 - MENSAJE: 
2023/10/21 08:55:41.372 - MENSAJE: 
2023/10/21 08:55:41.372 - MENSAJE: 
2023/10/21 08:55:41.383 - MENSAJE: 
2023/10/21 08:55:42.378 - MENSAJE: 
2023/10/21 08:55:42.378 - MENSAJE: 
2023/10/21 08:55:42.389 - MENSAJE: 
2023/10/21 08:55:43.368 - MENSAJE: 
2023/10/21 08:55:43.369 - MENSAJE: 
2023/10/21 08:55:43.379 - MENSAJE: 
2023/10/21 08:55:44.370 - MENSAJE: 
2023/10/21 08:55:44.371 - MENSAJE: 
2023/10/21 08:55:44.381 - MENSAJE: 
2023/10/21 08:55:45.372 - MENSAJE: 
2023/10/21 08:55:45.373 - MENSAJE: 
2023/10/21 08:55:45.383 - MENSAJE: 
2023/10/21 08:55:46.368 - MENSAJE: 
2023/10/21 08:55:46.368 - MENSAJE: 
2023/10/21 08:55:46.379 - MENSAJE: 
2023/10/21 08:55:47.376 - MENSAJE: 
2023/10/21 08:55:47.376 - MENSAJE: 
2023/10/21 08:55:47.387 - MENSAJE: 
2023/10/21 08:55:48.377 - MENSAJE: 
2023/10/21 08:55:48.377 - MENSAJE: 
2023/10/21 08:55:48.388 - MENSAJE: 
2023/10/21 08:55:49.374 - MENSAJE: 
2023/10/21 08:55:49.374 - MENSAJE: 
2023/10/21 08:55:49.386 - MENSAJE: 
2023/10/21 08:55:50.371 - MENSAJE: 
2023/10/21 08:55:50.371 - MENSAJE: 
2023/10/21 08:55:50.382 - MENSAJE: 
2023/10/21 08:55:51.370 - MENSAJE: 
2023/10/21 08:55:51.370 - MENSAJE: 
2023/10/21 08:55:51.380 - MENSAJE: 
2023/10/21 08:55:52.372 - MENSAJE: 
2023/10/21 08:55:52.372 - MENSAJE: 
2023/10/21 08:55:52.383 - MENSAJE: 
2023/10/21 08:55:53.375 - MENSAJE: 
2023/10/21 08:55:53.375 - MENSAJE: 
2023/10/21 08:55:53.386 - MENSAJE: 
2023/10/21 08:55:54.373 - MENSAJE: 
2023/10/21 08:55:54.373 - MENSAJE: 
2023/10/21 08:55:54.384 - MENSAJE: 
2023/10/21 08:55:55.369 - MENSAJE: 
2023/10/21 08:55:55.369 - MENSAJE: 
2023/10/21 08:55:55.380 - MENSAJE: 
2023/10/21 08:55:56.369 - MENSAJE: 
2023/10/21 08:55:56.369 - MENSAJE: 
2023/10/21 08:55:56.379 - MENSAJE: 
2023/10/21 08:55:57.377 - MENSAJE: 
2023/10/21 08:55:57.377 - MENSAJE: 
2023/10/21 08:55:57.389 - MENSAJE: 
2023/10/21 08:55:58.369 - MENSAJE: 
2023/10/21 08:55:58.370 - MENSAJE: 
2023/10/21 08:55:58.380 - MENSAJE: 
2023/10/21 08:55:59.372 - MENSAJE: 
2023/10/21 08:55:59.372 - MENSAJE: 
2023/10/21 08:55:59.382 - MENSAJE: 
2023/10/21 08:56:00.374 - MENSAJE: 
2023/10/21 08:56:00.375 - MENSAJE: 
2023/10/21 08:56:00.386 - MENSAJE: 
2023/10/21 08:56:01.373 - MENSAJE: 
2023/10/21 08:56:01.373 - MENSAJE: 
2023/10/21 08:56:01.384 - MENSAJE: 
2023/10/21 08:56:02.378 - MENSAJE: 
2023/10/21 08:56:02.379 - MENSAJE: 
2023/10/21 08:56:02.390 - MENSAJE: 
2023/10/21 08:56:03.368 - MENSAJE: 
2023/10/21 08:56:03.368 - MENSAJE: 
2023/10/21 08:56:03.380 - MENSAJE: 
2023/10/21 08:56:04.372 - MENSAJE: 
2023/10/21 08:56:04.372 - MENSAJE: 
2023/10/21 08:56:04.383 - MENSAJE: 
2023/10/21 08:56:05.370 - MENSAJE: 
2023/10/21 08:56:05.370 - MENSAJE: 
2023/10/21 08:56:05.381 - MENSAJE: 
2023/10/21 08:56:06.372 - MENSAJE: 
2023/10/21 08:56:06.372 - MENSAJE: 
2023/10/21 08:56:06.382 - MENSAJE: 
2023/10/21 08:56:07.369 - MENSAJE: 
2023/10/21 08:56:07.369 - MENSAJE: 
2023/10/21 08:56:07.380 - MENSAJE: 
2023/10/21 08:56:08.375 - MENSAJE: 
2023/10/21 08:56:08.375 - MENSAJE: 
2023/10/21 08:56:08.386 - MENSAJE: 
2023/10/21 08:56:09.375 - MENSAJE: 
2023/10/21 08:56:09.375 - MENSAJE: 
2023/10/21 08:56:09.386 - MENSAJE: 
2023/10/21 08:56:10.368 - MENSAJE: 
2023/10/21 08:56:10.368 - MENSAJE: 
2023/10/21 08:56:10.379 - MENSAJE: 
2023/10/21 08:56:11.374 - MENSAJE: 
2023/10/21 08:56:11.375 - MENSAJE: 
2023/10/21 08:56:11.385 - MENSAJE: 
2023/10/21 08:56:12.370 - MENSAJE: 
2023/10/21 08:56:12.370 - MENSAJE: 
2023/10/21 08:56:12.381 - MENSAJE: 
2023/10/21 08:56:13.372 - MENSAJE: 
2023/10/21 08:56:13.372 - MENSAJE: 
2023/10/21 08:56:13.383 - MENSAJE: 
2023/10/21 08:56:14.369 - MENSAJE: 
2023/10/21 08:56:14.369 - MENSAJE: 
2023/10/21 08:56:14.379 - MENSAJE: 
2023/10/21 08:56:15.373 - MENSAJE: 
2023/10/21 08:56:15.374 - MENSAJE: 
2023/10/21 08:56:15.384 - MENSAJE: 
2023/10/21 08:56:16.376 - MENSAJE: 
2023/10/21 08:56:16.377 - MENSAJE: 
2023/10/21 08:56:16.387 - MENSAJE: 
2023/10/21 08:56:17.374 - MENSAJE: 
2023/10/21 08:56:17.374 - MENSAJE: 
2023/10/21 08:56:17.386 - MENSAJE: 
2023/10/21 08:56:18.369 - MENSAJE: 
2023/10/21 08:56:18.370 - MENSAJE: 
2023/10/21 08:56:18.381 - MENSAJE: 
2023/10/21 08:56:19.369 - MENSAJE: 
2023/10/21 08:56:19.369 - MENSAJE: 
2023/10/21 08:56:19.380 - MENSAJE: 
2023/10/21 08:56:20.372 - MENSAJE: 
2023/10/21 08:56:20.372 - MENSAJE: 
2023/10/21 08:56:20.383 - MENSAJE: 
2023/10/21 08:56:21.368 - MENSAJE: 
2023/10/21 08:56:21.368 - MENSAJE: 
2023/10/21 08:56:21.379 - MENSAJE: 
2023/10/21 08:56:22.368 - MENSAJE: 
2023/10/21 08:56:22.368 - MENSAJE: 
2023/10/21 08:56:22.379 - MENSAJE: 
2023/10/21 08:56:23.374 - MENSAJE: 
2023/10/21 08:56:23.374 - MENSAJE: 
2023/10/21 08:56:23.385 - MENSAJE: 
2023/10/21 08:56:24.369 - MENSAJE: 
2023/10/21 08:56:24.369 - MENSAJE: 
2023/10/21 08:56:24.379 - MENSAJE: 
2023/10/21 08:56:25.376 - MENSAJE: 
2023/10/21 08:56:25.376 - MENSAJE: 
2023/10/21 08:56:25.387 - MENSAJE: 
2023/10/21 08:56:26.369 - MENSAJE: 
2023/10/21 08:56:26.369 - MENSAJE: 
2023/10/21 08:56:26.380 - MENSAJE: 
2023/10/21 08:56:27.372 - MENSAJE: 
2023/10/21 08:56:27.372 - MENSAJE: 
2023/10/21 08:56:27.383 - MENSAJE: 
2023/10/21 08:56:28.374 - MENSAJE: 
2023/10/21 08:56:28.375 - MENSAJE: 
2023/10/21 08:56:28.385 - MENSAJE: 
2023/10/21 08:56:29.377 - MENSAJE: 
2023/10/21 08:56:29.377 - MENSAJE: 
2023/10/21 08:56:29.388 - MENSAJE: 
2023/10/21 08:56:30.378 - MENSAJE: 
2023/10/21 08:56:30.378 - MENSAJE: 
2023/10/21 08:56:30.389 - MENSAJE: 
2023/10/21 08:56:31.376 - MENSAJE: 
2023/10/21 08:56:31.376 - MENSAJE: 
2023/10/21 08:56:31.387 - MENSAJE: 
2023/10/21 08:56:32.373 - MENSAJE: 
2023/10/21 08:56:32.374 - MENSAJE: 
2023/10/21 08:56:32.384 - MENSAJE: 
2023/10/21 08:56:33.369 - MENSAJE: 
2023/10/21 08:56:33.369 - MENSAJE: 
2023/10/21 08:56:33.380 - MENSAJE: 
2023/10/21 08:56:34.372 - MENSAJE: 
2023/10/21 08:56:34.373 - MENSAJE: 
2023/10/21 08:56:34.383 - MENSAJE: 
2023/10/21 08:56:35.374 - MENSAJE: 
2023/10/21 08:56:35.374 - MENSAJE: 
2023/10/21 08:56:35.385 - MENSAJE: 
2023/10/21 08:56:36.373 - MENSAJE: 
2023/10/21 08:56:36.373 - MENSAJE: 
2023/10/21 08:56:36.384 - MENSAJE: 
2023/10/21 08:56:37.372 - MENSAJE: 
2023/10/21 08:56:37.372 - MENSAJE: 
2023/10/21 08:56:37.383 - MENSAJE: 
2023/10/21 08:56:38.376 - MENSAJE: 
2023/10/21 08:56:38.376 - MENSAJE: 
2023/10/21 08:56:38.387 - MENSAJE: 
2023/10/21 08:56:39.368 - MENSAJE: 
2023/10/21 08:56:39.369 - MENSAJE: 
2023/10/21 08:56:39.379 - MENSAJE: 
2023/10/21 08:56:40.370 - MENSAJE: 
2023/10/21 08:56:40.370 - MENSAJE: 
2023/10/21 08:56:40.381 - MENSAJE: 
2023/10/21 08:56:41.373 - MENSAJE: 
2023/10/21 08:56:41.373 - MENSAJE: 
2023/10/21 08:56:41.384 - MENSAJE: 
2023/10/21 08:56:42.374 - MENSAJE: 
2023/10/21 08:56:42.375 - MENSAJE: 
2023/10/21 08:56:42.386 - MENSAJE: 
2023/10/21 08:56:43.373 - MENSAJE: 
2023/10/21 08:56:43.373 - MENSAJE: 
2023/10/21 08:56:43.384 - MENSAJE: 
2023/10/21 08:56:44.375 - MENSAJE: 
2023/10/21 08:56:44.376 - MENSAJE: 
2023/10/21 08:56:44.386 - MENSAJE: 
2023/10/21 08:56:45.376 - MENSAJE: 
2023/10/21 08:56:45.376 - MENSAJE: 
2023/10/21 08:56:45.387 - MENSAJE: 
2023/10/21 08:56:46.378 - MENSAJE: 
2023/10/21 08:56:46.378 - MENSAJE: 
2023/10/21 08:56:46.389 - MENSAJE: 
2023/10/21 08:56:47.369 - MENSAJE: 
2023/10/21 08:56:47.369 - MENSAJE: 
2023/10/21 08:56:47.380 - MENSAJE: 
2023/10/21 08:56:48.372 - MENSAJE: 
2023/10/21 08:56:48.372 - MENSAJE: 
2023/10/21 08:56:48.383 - MENSAJE: 
2023/10/21 08:56:49.374 - MENSAJE: 
2023/10/21 08:56:49.374 - MENSAJE: 
2023/10/21 08:56:49.385 - MENSAJE: 
2023/10/21 08:56:50.377 - MENSAJE: 
2023/10/21 08:56:50.377 - MENSAJE: 
2023/10/21 08:56:50.388 - MENSAJE: 
2023/10/21 08:56:51.369 - MENSAJE: 
2023/10/21 08:56:51.369 - MENSAJE: 
2023/10/21 08:56:51.380 - MENSAJE: 
2023/10/21 08:56:52.375 - MENSAJE: 
2023/10/21 08:56:52.376 - MENSAJE: 
2023/10/21 08:56:52.386 - MENSAJE: 
2023/10/21 08:56:53.378 - MENSAJE: 
2023/10/21 08:56:53.378 - MENSAJE: 
2023/10/21 08:56:53.389 - MENSAJE: 
2023/10/21 08:56:54.370 - MENSAJE: 
2023/10/21 08:56:54.370 - MENSAJE: 
2023/10/21 08:56:54.381 - MENSAJE: 
2023/10/21 08:56:55.372 - MENSAJE: 
2023/10/21 08:56:55.372 - MENSAJE: 
2023/10/21 08:56:55.383 - MENSAJE: 
2023/10/21 08:56:56.375 - MENSAJE: 
2023/10/21 08:56:56.375 - MENSAJE: 
2023/10/21 08:56:56.386 - MENSAJE: 
2023/10/21 08:56:57.377 - MENSAJE: 
2023/10/21 08:56:57.378 - MENSAJE: 
2023/10/21 08:56:57.388 - MENSAJE: 
2023/10/21 08:56:58.373 - MENSAJE: 
2023/10/21 08:56:58.373 - MENSAJE: 
2023/10/21 08:56:58.384 - MENSAJE: 
2023/10/21 08:56:59.373 - MENSAJE: 
2023/10/21 08:56:59.373 - MENSAJE: 
2023/10/21 08:56:59.384 - MENSAJE: 
2023/10/21 08:57:00.368 - MENSAJE: 
2023/10/21 08:57:00.368 - MENSAJE: 
2023/10/21 08:57:00.379 - MENSAJE: 
2023/10/21 08:57:01.370 - MENSAJE: 
2023/10/21 08:57:01.371 - MENSAJE: 
2023/10/21 08:57:01.381 - MENSAJE: 
2023/10/21 08:57:02.372 - MENSAJE: 
2023/10/21 08:57:02.372 - MENSAJE: 
2023/10/21 08:57:02.383 - MENSAJE: 
2023/10/21 08:57:03.368 - MENSAJE: 
2023/10/21 08:57:03.368 - MENSAJE: 
2023/10/21 08:57:03.379 - MENSAJE: 
2023/10/21 08:57:04.368 - MENSAJE: 
2023/10/21 08:57:04.368 - MENSAJE: 
2023/10/21 08:57:04.379 - MENSAJE: 
2023/10/21 08:57:05.376 - MENSAJE: 
2023/10/21 08:57:05.377 - MENSAJE: 
2023/10/21 08:57:05.387 - MENSAJE: 
2023/10/21 08:57:06.375 - MENSAJE: 
2023/10/21 08:57:06.375 - MENSAJE: 
2023/10/21 08:57:06.386 - MENSAJE: 
2023/10/21 08:57:07.378 - MENSAJE: 
2023/10/21 08:57:07.379 - MENSAJE: 
2023/10/21 08:57:07.389 - MENSAJE: 
2023/10/21 08:57:08.370 - MENSAJE: 
2023/10/21 08:57:08.370 - MENSAJE: 
2023/10/21 08:57:08.381 - MENSAJE: 
2023/10/21 08:57:09.372 - MENSAJE: 
2023/10/21 08:57:09.372 - MENSAJE: 
2023/10/21 08:57:09.383 - MENSAJE: 
2023/10/21 08:57:10.374 - MENSAJE: 
2023/10/21 08:57:10.374 - MENSAJE: 
2023/10/21 08:57:10.385 - MENSAJE: 
2023/10/21 08:57:11.374 - MENSAJE: 
2023/10/21 08:57:11.374 - MENSAJE: 
2023/10/21 08:57:11.384 - MENSAJE: 
2023/10/21 08:57:12.376 - MENSAJE: 
2023/10/21 08:57:12.377 - MENSAJE: 
2023/10/21 08:57:12.387 - MENSAJE: 
2023/10/21 08:57:13.373 - MENSAJE: 
2023/10/21 08:57:13.373 - MENSAJE: 
2023/10/21 08:57:13.384 - MENSAJE: 
2023/10/21 08:57:14.373 - MENSAJE: 
2023/10/21 08:57:14.373 - MENSAJE: 
2023/10/21 08:57:14.384 - MENSAJE: 
2023/10/21 08:57:15.370 - MENSAJE: 
2023/10/21 08:57:15.370 - MENSAJE: 
2023/10/21 08:57:15.381 - MENSAJE: 
2023/10/21 08:57:16.374 - MENSAJE: 
2023/10/21 08:57:16.374 - MENSAJE: 
2023/10/21 08:57:16.386 - MENSAJE: 
2023/10/21 08:57:17.375 - MENSAJE: 
2023/10/21 08:57:17.375 - MENSAJE: 
2023/10/21 08:57:17.386 - MENSAJE: 
2023/10/21 08:57:18.376 - MENSAJE: 
2023/10/21 08:57:18.377 - MENSAJE: 
2023/10/21 08:57:18.388 - MENSAJE: 
2023/10/21 08:57:19.373 - MENSAJE: 
2023/10/21 08:57:19.373 - MENSAJE: 
2023/10/21 08:57:19.384 - MENSAJE: 
2023/10/21 08:57:20.377 - MENSAJE: 
2023/10/21 08:57:20.378 - MENSAJE: 
2023/10/21 08:57:20.389 - MENSAJE: 
2023/10/21 08:57:21.372 - MENSAJE: 
2023/10/21 08:57:21.372 - MENSAJE: 
2023/10/21 08:57:21.383 - MENSAJE: 
2023/10/21 08:57:22.370 - MENSAJE: 
2023/10/21 08:57:22.370 - MENSAJE: 
2023/10/21 08:57:22.381 - MENSAJE: 
2023/10/21 08:57:23.372 - MENSAJE: 
2023/10/21 08:57:23.372 - MENSAJE: 
2023/10/21 08:57:23.383 - MENSAJE: 
2023/10/21 08:57:24.368 - MENSAJE: 
2023/10/21 08:57:24.368 - MENSAJE: 
2023/10/21 08:57:24.379 - MENSAJE: 
2023/10/21 08:57:25.377 - MENSAJE: 
2023/10/21 08:57:25.377 - MENSAJE: 
2023/10/21 08:57:25.388 - MENSAJE: 
2023/10/21 08:57:26.374 - MENSAJE: 
2023/10/21 08:57:26.374 - MENSAJE: 
2023/10/21 08:57:26.385 - MENSAJE: 
2023/10/21 08:57:27.374 - MENSAJE: 
2023/10/21 08:57:27.375 - MENSAJE: 
2023/10/21 08:57:27.386 - MENSAJE: 
2023/10/21 08:57:28.369 - MENSAJE: 
2023/10/21 08:57:28.370 - MENSAJE: 
2023/10/21 08:57:28.380 - MENSAJE: 
2023/10/21 08:57:29.369 - MENSAJE: 
2023/10/21 08:57:29.369 - MENSAJE: 
2023/10/21 08:57:29.380 - MENSAJE: 
2023/10/21 08:57:30.373 - MENSAJE: 
2023/10/21 08:57:30.373 - MENSAJE: 
2023/10/21 08:57:30.383 - MENSAJE: 
2023/10/21 08:57:31.368 - MENSAJE: 
2023/10/21 08:57:31.368 - MENSAJE: 
2023/10/21 08:57:31.379 - MENSAJE: 
2023/10/21 08:57:32.375 - MENSAJE: 
2023/10/21 08:57:32.375 - MENSAJE: 
2023/10/21 08:57:32.385 - MENSAJE: 
2023/10/21 08:57:33.373 - MENSAJE: 
2023/10/21 08:57:33.373 - MENSAJE: 
2023/10/21 08:57:33.384 - MENSAJE: 
2023/10/21 08:57:34.371 - MENSAJE: 
2023/10/21 08:57:34.371 - MENSAJE: 
2023/10/21 08:57:34.382 - MENSAJE: 
2023/10/21 08:57:35.378 - MENSAJE: 
2023/10/21 08:57:35.379 - MENSAJE: 
2023/10/21 08:57:35.389 - MENSAJE: 
2023/10/21 08:57:36.371 - MENSAJE: 
2023/10/21 08:57:36.371 - MENSAJE: 
2023/10/21 08:57:36.381 - MENSAJE: 
2023/10/21 08:57:37.372 - MENSAJE: 
2023/10/21 08:57:37.372 - MENSAJE: 
2023/10/21 08:57:37.382 - MENSAJE: 
2023/10/21 08:57:38.375 - MENSAJE: 
2023/10/21 08:57:38.375 - MENSAJE: 
2023/10/21 08:57:38.386 - MENSAJE: 
2023/10/21 08:57:39.374 - MENSAJE: 
2023/10/21 08:57:39.374 - MENSAJE: 
2023/10/21 08:57:39.391 - MENSAJE: 
2023/10/21 08:57:40.373 - MENSAJE: 
2023/10/21 08:57:40.373 - MENSAJE: 
2023/10/21 08:57:40.384 - MENSAJE: 
2023/10/21 08:57:41.371 - MENSAJE: 
2023/10/21 08:57:41.371 - MENSAJE: 
2023/10/21 08:57:41.381 - MENSAJE: 
2023/10/21 08:57:42.376 - MENSAJE: 
2023/10/21 08:57:42.378 - MENSAJE: 
2023/10/21 08:57:42.388 - MENSAJE: 
2023/10/21 08:57:43.370 - MENSAJE: 
2023/10/21 08:57:43.370 - MENSAJE: 
2023/10/21 08:57:43.380 - MENSAJE: 
2023/10/21 08:57:44.372 - MENSAJE: 
2023/10/21 08:57:44.372 - MENSAJE: 
2023/10/21 08:57:44.383 - MENSAJE: 
2023/10/21 08:57:45.374 - MENSAJE: 
2023/10/21 08:57:45.374 - MENSAJE: 
2023/10/21 08:57:45.384 - MENSAJE: 
2023/10/21 08:57:46.368 - MENSAJE: 
2023/10/21 08:57:46.368 - MENSAJE: 
2023/10/21 08:57:46.379 - MENSAJE: 
2023/10/21 08:57:47.374 - MENSAJE: 
2023/10/21 08:57:47.374 - MENSAJE: 
2023/10/21 08:57:47.384 - MENSAJE: 
2023/10/21 08:57:48.374 - MENSAJE: 
2023/10/21 08:57:48.374 - MENSAJE: 
2023/10/21 08:57:48.385 - MENSAJE: 
2023/10/21 08:57:49.368 - MENSAJE: 
2023/10/21 08:57:49.368 - MENSAJE: 
2023/10/21 08:57:49.379 - MENSAJE: 
2023/10/21 08:57:50.370 - MENSAJE: 
2023/10/21 08:57:50.371 - MENSAJE: 
2023/10/21 08:57:50.381 - MENSAJE: 
2023/10/21 08:57:51.372 - MENSAJE: 
2023/10/21 08:57:51.372 - MENSAJE: 
2023/10/21 08:57:51.383 - MENSAJE: 
2023/10/21 08:57:52.374 - MENSAJE: 
2023/10/21 08:57:52.375 - MENSAJE: 
2023/10/21 08:57:52.386 - MENSAJE: 
2023/10/21 08:57:53.374 - MENSAJE: 
2023/10/21 08:57:53.374 - MENSAJE: 
2023/10/21 08:57:53.385 - MENSAJE: 
2023/10/21 08:57:54.377 - MENSAJE: 
2023/10/21 08:57:54.377 - MENSAJE: 
2023/10/21 08:57:54.389 - MENSAJE: 
2023/10/21 08:57:55.373 - MENSAJE: 
2023/10/21 08:57:55.373 - MENSAJE: 
2023/10/21 08:57:55.384 - MENSAJE: 
2023/10/21 08:57:56.373 - MENSAJE: 
2023/10/21 08:57:56.374 - MENSAJE: 
2023/10/21 08:57:56.384 - MENSAJE: 
2023/10/21 08:57:57.369 - MENSAJE: 
2023/10/21 08:57:57.370 - MENSAJE: 
2023/10/21 08:57:57.380 - MENSAJE: 
2023/10/21 08:57:58.372 - MENSAJE: 
2023/10/21 08:57:58.373 - MENSAJE: 
2023/10/21 08:57:58.384 - MENSAJE: 
2023/10/21 08:57:59.373 - MENSAJE: 
2023/10/21 08:57:59.374 - MENSAJE: 
2023/10/21 08:57:59.384 - MENSAJE: 
2023/10/21 08:58:00.370 - MENSAJE: 
2023/10/21 08:58:00.370 - MENSAJE: 
2023/10/21 08:58:00.381 - MENSAJE: 
2023/10/21 08:58:01.371 - MENSAJE: 
2023/10/21 08:58:01.371 - MENSAJE: 
2023/10/21 08:58:01.382 - MENSAJE: 
2023/10/21 08:58:02.373 - MENSAJE: 
2023/10/21 08:58:02.373 - MENSAJE: 
2023/10/21 08:58:02.383 - MENSAJE: 
2023/10/21 08:58:03.374 - MENSAJE: 
2023/10/21 08:58:03.374 - MENSAJE: 
2023/10/21 08:58:03.385 - MENSAJE: 
2023/10/21 08:58:04.370 - MENSAJE: 
2023/10/21 08:58:04.370 - MENSAJE: 
2023/10/21 08:58:04.381 - MENSAJE: 
2023/10/21 08:58:05.372 - MENSAJE: 
2023/10/21 08:58:05.372 - MENSAJE: 
2023/10/21 08:58:05.383 - MENSAJE: 
2023/10/21 08:58:06.368 - MENSAJE: 
2023/10/21 08:58:06.368 - MENSAJE: 
2023/10/21 08:58:06.379 - MENSAJE: 
2023/10/21 08:58:07.376 - MENSAJE: 
2023/10/21 08:58:07.376 - MENSAJE: 
2023/10/21 08:58:07.387 - MENSAJE: 
2023/10/21 08:58:08.369 - MENSAJE: 
2023/10/21 08:58:08.369 - MENSAJE: 
2023/10/21 08:58:08.380 - MENSAJE: 
2023/10/21 08:58:09.369 - MENSAJE: 
2023/10/21 08:58:09.369 - MENSAJE: 
2023/10/21 08:58:09.380 - MENSAJE: 
2023/10/21 08:58:10.373 - MENSAJE: 
2023/10/21 08:58:10.373 - MENSAJE: 
2023/10/21 08:58:10.384 - MENSAJE: 
2023/10/21 08:58:11.369 - MENSAJE: 
2023/10/21 08:58:11.369 - MENSAJE: 
2023/10/21 08:58:11.380 - MENSAJE: 
2023/10/21 08:58:12.372 - MENSAJE: 
2023/10/21 08:58:12.372 - MENSAJE: 
2023/10/21 08:58:12.383 - MENSAJE: 
2023/10/21 08:58:13.369 - MENSAJE: 
2023/10/21 08:58:13.369 - MENSAJE: 
2023/10/21 08:58:13.380 - MENSAJE: 
2023/10/21 08:58:14.377 - MENSAJE: 
2023/10/21 08:58:14.377 - MENSAJE: 
2023/10/21 08:58:14.388 - MENSAJE: 
2023/10/21 08:58:15.368 - MENSAJE: 
2023/10/21 08:58:15.368 - MENSAJE: 
2023/10/21 08:58:15.379 - MENSAJE: 
2023/10/21 08:58:16.373 - MENSAJE: 
2023/10/21 08:58:16.373 - MENSAJE: 
2023/10/21 08:58:16.384 - MENSAJE: 
2023/10/21 08:58:17.378 - MENSAJE: 
2023/10/21 08:58:17.378 - MENSAJE: 
2023/10/21 08:58:17.388 - MENSAJE: 
2023/10/21 08:58:18.370 - MENSAJE: 
2023/10/21 08:58:18.370 - MENSAJE: 
2023/10/21 08:58:18.381 - MENSAJE: 
2023/10/21 08:58:19.372 - MENSAJE: 
2023/10/21 08:58:19.372 - MENSAJE: 
2023/10/21 08:58:19.382 - MENSAJE: 
2023/10/21 08:58:20.374 - MENSAJE: 
2023/10/21 08:58:20.374 - MENSAJE: 
2023/10/21 08:58:20.385 - MENSAJE: 
2023/10/21 08:58:21.374 - MENSAJE: 
2023/10/21 08:58:21.374 - MENSAJE: 
2023/10/21 08:58:21.385 - MENSAJE: 
2023/10/21 08:58:22.374 - MENSAJE: 
2023/10/21 08:58:22.374 - MENSAJE: 
2023/10/21 08:58:22.384 - MENSAJE: 
2023/10/21 08:58:23.368 - MENSAJE: 
2023/10/21 08:58:23.368 - MENSAJE: 
2023/10/21 08:58:23.379 - MENSAJE: 
2023/10/21 08:58:24.372 - MENSAJE: 
2023/10/21 08:58:24.372 - MENSAJE: 
2023/10/21 08:58:24.383 - MENSAJE: 
2023/10/21 08:58:25.370 - MENSAJE: 
2023/10/21 08:58:25.370 - MENSAJE: 
2023/10/21 08:58:25.387 - MENSAJE: 
2023/10/21 08:58:26.373 - MENSAJE: 
2023/10/21 08:58:26.373 - MENSAJE: 
2023/10/21 08:58:26.384 - MENSAJE: 
2023/10/21 08:58:27.374 - MENSAJE: 
2023/10/21 08:58:27.374 - MENSAJE: 
2023/10/21 08:58:27.385 - MENSAJE: 
2023/10/21 08:58:28.374 - MENSAJE: 
2023/10/21 08:58:28.374 - MENSAJE: 
2023/10/21 08:58:28.385 - MENSAJE: 
2023/10/21 08:58:29.369 - MENSAJE: 
2023/10/21 08:58:29.369 - MENSAJE: 
2023/10/21 08:58:29.380 - MENSAJE: 
2023/10/21 08:58:30.374 - MENSAJE: 
2023/10/21 08:58:30.374 - MENSAJE: 
2023/10/21 08:58:30.385 - MENSAJE: 
2023/10/21 08:58:31.368 - MENSAJE: 
2023/10/21 08:58:31.369 - MENSAJE: 
2023/10/21 08:58:31.379 - MENSAJE: 
2023/10/21 08:58:32.370 - MENSAJE: 
2023/10/21 08:58:32.370 - MENSAJE: 
2023/10/21 08:58:32.381 - MENSAJE: 
2023/10/21 08:58:33.372 - MENSAJE: 
2023/10/21 08:58:33.372 - MENSAJE: 
2023/10/21 08:58:33.383 - MENSAJE: 
2023/10/21 08:58:34.375 - MENSAJE: 
2023/10/21 08:58:34.375 - MENSAJE: 
2023/10/21 08:58:34.386 - MENSAJE: 
2023/10/21 08:58:35.374 - MENSAJE: 
2023/10/21 08:58:35.374 - MENSAJE: 
2023/10/21 08:58:35.385 - MENSAJE: 
2023/10/21 08:58:36.377 - MENSAJE: 
2023/10/21 08:58:36.377 - MENSAJE: 
2023/10/21 08:58:36.388 - MENSAJE: 
2023/10/21 08:58:37.376 - MENSAJE: 
2023/10/21 08:58:37.376 - MENSAJE: 
2023/10/21 08:58:37.388 - MENSAJE: 
2023/10/21 08:58:38.371 - MENSAJE: 
2023/10/21 08:58:38.371 - MENSAJE: 
2023/10/21 08:58:38.382 - MENSAJE: 
2023/10/21 08:58:39.372 - MENSAJE: 
2023/10/21 08:58:39.372 - MENSAJE: 
2023/10/21 08:58:39.382 - MENSAJE: 
2023/10/21 09:00:53.839 - INICIO REGISTRO
2023/10/21 09:00:53.847 - MENSAJE: (FrondEnd CargaRecursos): Carga Controles - OK
2023/10/21 09:00:53.958 - MENSAJE: (FrondEnd CargaImagenes): Carga Imagenes - OK
2023/10/21 09:00:54.610 - MENSAJE: (Presenter ObtenerInfoModulo) OK
2023/10/21 09:00:54.639 - MENSAJE: (Presenter ObtenerInfoPartes) OK
2023/10/21 09:00:54.662 - MENSAJE: (Presenter ObtenerInfoParametros) OK
2023/10/21 09:00:54.692 - MENSAJE: 
2023/10/21 09:00:54.768 - MENSAJE: (PRESENTER) Error Borrado Varibales PLC
2023/10/21 09:00:54.862 - MENSAJE: 
2023/10/21 09:00:54.868 - MENSAJE: 
2023/10/21 09:00:55.838 - MENSAJE: 
2023/10/21 09:00:55.841 - MENSAJE: 
2023/10/21 09:00:55.851 - MENSAJE: 
2023/10/21 09:00:56.846 - MENSAJE: 
2023/10/21 09:00:56.847 - MENSAJE: 
2023/10/21 09:00:56.856 - MENSAJE: 
2023/10/21 09:00:57.847 - MENSAJE: 
2023/10/21 09:00:57.847 - MENSAJE: 
2023/10/21 09:00:57.858 - MENSAJE: 
2023/10/21 09:00:58.838 - MENSAJE: 
2023/10/21 09:00:58.838 - MENSAJE: 
2023/10/21 09:00:58.849 - MENSAJE: 
2023/10/21 09:00:59.840 - MENSAJE: 
2023/10/21 09:00:59.840 - MENSAJE: 
2023/10/21 09:00:59.851 - MENSAJE: 
2023/10/21 09:01:00.857 - MENSAJE: 
2023/10/21 09:01:00.857 - MENSAJE: 
2023/10/21 09:01:00.868 - MENSAJE: 
2023/10/21 09:01:01.873 - MENSAJE: 
2023/10/21 09:01:01.873 - MENSAJE: 
2023/10/21 09:01:01.884 - MENSAJE: 
2023/10/21 09:01:02.884 - MENSAJE: 
2023/10/21 09:01:02.885 - MENSAJE: 
2023/10/21 09:01:02.895 - MENSAJE: 
2023/10/21 09:01:03.841 - MENSAJE: 
2023/10/21 09:01:03.841 - MENSAJE: 
2023/10/21 09:01:03.852 - MENSAJE: 
2023/10/21 09:01:04.846 - MENSAJE: 
2023/10/21 09:01:04.846 - MENSAJE: 
2023/10/21 09:01:04.856 - MENSAJE: 
2023/10/21 09:01:05.842 - MENSAJE: 
2023/10/21 09:01:05.843 - MENSAJE: 
2023/10/21 09:01:05.853 - MENSAJE: 
2023/10/21 09:01:06.841 - MENSAJE: 
2023/10/21 09:01:06.841 - MENSAJE: 
2023/10/21 09:01:06.852 - MENSAJE: 
2023/10/21 09:01:07.843 - MENSAJE: 
2023/10/21 09:01:07.843 - MENSAJE: 
2023/10/21 09:01:07.854 - MENSAJE: 
2023/10/21 09:01:08.845 - MENSAJE: 
2023/10/21 09:01:08.845 - MENSAJE: 
2023/10/21 09:01:08.856 - MENSAJE: 
2023/10/21 09:01:09.838 - MENSAJE: 
2023/10/21 09:01:09.838 - MENSAJE: 
2023/10/21 09:01:09.848 - MENSAJE: 
2023/10/21 09:01:10.840 - MENSAJE: 
2023/10/21 09:01:10.840 - MENSAJE: 
2023/10/21 09:01:10.851 - MENSAJE: 
2023/10/21 09:01:11.842 - MENSAJE: 
2023/10/21 09:01:11.842 - MENSAJE: 
2023/10/21 09:01:11.853 - MENSAJE: 
2023/10/21 09:01:12.843 - MENSAJE: 
2023/10/21 09:01:12.843 - MENSAJE: 
2023/10/21 09:01:12.854 - MENSAJE: 
2023/10/21 09:01:13.843 - MENSAJE: 
2023/10/21 09:01:13.843 - MENSAJE: 
2023/10/21 09:01:13.854 - MENSAJE: 
2023/10/21 09:01:14.837 - MENSAJE: 
2023/10/21 09:01:14.837 - MENSAJE: 
2023/10/21 09:01:14.848 - MENSAJE: 
2023/10/21 09:01:15.843 - MENSAJE: 
2023/10/21 09:01:15.843 - MENSAJE: 
2023/10/21 09:01:15.854 - MENSAJE: 
2023/10/21 09:01:16.842 - MENSAJE: 
2023/10/21 09:01:16.842 - MENSAJE: 
2023/10/21 09:01:16.853 - MENSAJE: 
2023/10/21 09:01:17.844 - MENSAJE: 
2023/10/21 09:01:17.844 - MENSAJE: 
2023/10/21 09:01:17.854 - MENSAJE: 
2023/10/21 09:01:18.849 - MENSAJE: 
2023/10/21 09:01:18.849 - MENSAJE: 
2023/10/21 09:01:18.859 - MENSAJE: 
2023/10/21 09:01:19.865 - MENSAJE: 
2023/10/21 09:01:19.865 - MENSAJE: 
2023/10/21 09:01:19.876 - MENSAJE: 
2023/10/21 09:01:20.869 - MENSAJE: 
2023/10/21 09:01:20.869 - MENSAJE: 
2023/10/21 09:01:20.884 - MENSAJE: 
2023/10/21 09:01:21.842 - MENSAJE: 
2023/10/21 09:01:21.842 - MENSAJE: 
2023/10/21 09:01:21.853 - MENSAJE: 
2023/10/21 09:01:22.842 - MENSAJE: 
2023/10/21 09:01:22.842 - MENSAJE: 
2023/10/21 09:01:22.853 - MENSAJE: 
2023/10/21 09:01:23.843 - MENSAJE: 
2023/10/21 09:01:23.844 - MENSAJE: 
2023/10/21 09:01:23.855 - MENSAJE: 
2023/10/21 09:01:24.842 - MENSAJE: 
2023/10/21 09:01:24.842 - MENSAJE: 
2023/10/21 09:01:24.853 - MENSAJE: 
2023/10/21 09:01:25.843 - MENSAJE: 
2023/10/21 09:01:25.843 - MENSAJE: 
2023/10/21 09:01:25.854 - MENSAJE: 
2023/10/21 09:01:26.836 - MENSAJE: 
2023/10/21 09:01:26.837 - MENSAJE: 
2023/10/21 09:01:26.847 - MENSAJE: 
2023/10/21 09:01:27.845 - MENSAJE: 
2023/10/21 09:01:27.846 - MENSAJE: 
2023/10/21 09:01:27.856 - MENSAJE: 
2023/10/21 09:01:28.842 - MENSAJE: 
2023/10/21 09:01:28.842 - MENSAJE: 
2023/10/21 09:01:28.853 - MENSAJE: 
2023/10/21 09:01:29.840 - MENSAJE: 
2023/10/21 09:01:29.840 - MENSAJE: 
2023/10/21 09:01:29.851 - MENSAJE: 
2023/10/21 09:01:30.843 - MENSAJE: 
2023/10/21 09:01:30.843 - MENSAJE: 
2023/10/21 09:01:30.854 - MENSAJE: 
2023/10/21 09:01:31.843 - MENSAJE: 
2023/10/21 09:01:31.843 - MENSAJE: 
2023/10/21 09:01:31.853 - MENSAJE: 
2023/10/21 09:01:32.845 - MENSAJE: 
2023/10/21 09:01:32.845 - MENSAJE: 
2023/10/21 09:01:32.856 - MENSAJE: 
2023/10/21 09:01:33.847 - MENSAJE: 
2023/10/21 09:01:33.847 - MENSAJE: 
2023/10/21 09:01:33.857 - MENSAJE: 
2023/10/21 09:01:34.846 - MENSAJE: 
2023/10/21 09:01:34.846 - MENSAJE: 
2023/10/21 09:01:34.857 - MENSAJE: 
2023/10/21 09:01:35.840 - MENSAJE: 
2023/10/21 09:01:35.840 - MENSAJE: 
2023/10/21 09:01:35.850 - MENSAJE: 
2023/10/21 09:01:36.842 - MENSAJE: 
2023/10/21 09:01:36.842 - MENSAJE: 
2023/10/21 09:01:36.853 - MENSAJE: 
2023/10/21 09:01:37.848 - MENSAJE: 
2023/10/21 09:01:37.848 - MENSAJE: 
2023/10/21 09:01:37.859 - MENSAJE: 
2023/10/21 09:01:38.846 - MENSAJE: 
2023/10/21 09:01:38.846 - MENSAJE: 
2023/10/21 09:01:38.857 - MENSAJE: 
2023/10/21 09:01:39.860 - MENSAJE: 
2023/10/21 09:01:39.861 - MENSAJE: 
2023/10/21 09:01:39.871 - MENSAJE: 
2023/10/21 09:01:40.837 - MENSAJE: 
2023/10/21 09:01:40.837 - MENSAJE: 
2023/10/21 09:01:40.848 - MENSAJE: 
2023/10/21 09:01:41.841 - MENSAJE: 
2023/10/21 09:01:41.841 - MENSAJE: 
2023/10/21 09:01:41.851 - MENSAJE: 
2023/10/21 09:01:42.843 - MENSAJE: 
2023/10/21 09:01:42.843 - MENSAJE: 
2023/10/21 09:01:42.854 - MENSAJE: 
2023/10/21 09:01:43.841 - MENSAJE: 
2023/10/21 09:01:43.841 - MENSAJE: 
2023/10/21 09:01:43.852 - MENSAJE: 
2023/10/21 09:01:44.840 - MENSAJE: 
2023/10/21 09:01:44.841 - MENSAJE: 
2023/10/21 09:01:44.851 - MENSAJE: 
2023/10/21 09:01:45.841 - MENSAJE: 
2023/10/21 09:01:45.841 - MENSAJE: 
2023/10/21 09:01:45.852 - MENSAJE: 
2023/10/21 09:01:46.842 - MENSAJE: 
2023/10/21 09:01:46.842 - MENSAJE: 
2023/10/21 09:01:46.853 - MENSAJE: 
2023/10/21 09:01:47.842 - MENSAJE: 
2023/10/21 09:01:47.842 - MENSAJE: 
2023/10/21 09:01:47.853 - MENSAJE: 
2023/10/21 09:01:48.844 - MENSAJE: 
2023/10/21 09:01:48.844 - MENSAJE: 
2023/10/21 09:01:48.855 - MENSAJE: 
2023/10/21 09:01:49.845 - MENSAJE: 
2023/10/21 09:01:49.845 - MENSAJE: 
2023/10/21 09:01:49.857 - MENSAJE: 
2023/10/21 09:01:50.842 - MENSAJE: 
2023/10/21 09:01:50.842 - MENSAJE: 
2023/10/21 09:01:50.853 - MENSAJE: 
2023/10/21 09:01:51.840 - MENSAJE: 
2023/10/21 09:01:51.840 - MENSAJE: 
2023/10/21 09:01:51.851 - MENSAJE: 
2023/10/21 09:01:52.846 - MENSAJE: 
2023/10/21 09:01:52.846 - MENSAJE: 
2023/10/21 09:01:52.857 - MENSAJE: 
2023/10/21 09:01:53.845 - MENSAJE: 
2023/10/21 09:01:53.845 - MENSAJE: 
2023/10/21 09:01:53.855 - MENSAJE: 
2023/10/21 09:01:54.836 - MENSAJE: 
2023/10/21 09:01:54.836 - MENSAJE: 
2023/10/21 09:01:54.846 - MENSAJE: 
2023/10/21 09:01:55.844 - MENSAJE: 
2023/10/21 09:01:55.844 - MENSAJE: 
2023/10/21 09:01:55.855 - MENSAJE: 
2023/10/21 09:01:56.843 - MENSAJE: 
2023/10/21 09:01:56.843 - MENSAJE: 
2023/10/21 09:01:56.853 - MENSAJE: 
2023/10/21 09:01:57.849 - MENSAJE: 
2023/10/21 09:01:57.849 - MENSAJE: 
2023/10/21 09:01:57.860 - MENSAJE: 
2023/10/21 09:01:58.858 - MENSAJE: 
2023/10/21 09:01:58.858 - MENSAJE: 
2023/10/21 09:01:58.869 - MENSAJE: 
2023/10/21 09:01:59.867 - MENSAJE: 
2023/10/21 09:01:59.867 - MENSAJE: 
2023/10/21 09:01:59.879 - MENSAJE: 
2023/10/21 09:02:00.896 - MENSAJE: 
2023/10/21 09:02:01.874 - MENSAJE: 
2023/10/21 09:02:02.867 - MENSAJE: 
2023/10/21 09:02:03.865 - MENSAJE: 
2023/10/21 09:02:04.854 - MENSAJE: 
2023/10/21 09:02:05.873 - MENSAJE: 
2023/10/21 09:02:06.858 - MENSAJE: 
2023/10/21 09:02:07.861 - MENSAJE: 
2023/10/21 09:02:08.856 - MENSAJE: 
2023/10/21 09:02:09.855 - MENSAJE: 
2023/10/21 09:02:10.856 - MENSAJE: 
2023/10/21 09:02:11.872 - MENSAJE: 
2023/10/21 09:02:12.876 - MENSAJE: 
2023/10/21 09:02:13.890 - MENSAJE: 
2023/10/21 09:02:14.873 - MENSAJE: 
2023/10/21 09:02:15.882 - MENSAJE: 
2023/10/21 09:02:16.888 - MENSAJE: 
2023/10/21 09:02:17.868 - MENSAJE: 
2023/10/21 09:02:21.287 - INICIO REGISTRO
2023/10/21 09:02:21.294 - MENSAJE: (FrondEnd CargaRecursos): Carga Controles - OK
2023/10/21 09:02:21.406 - MENSAJE: (FrondEnd CargaImagenes): Carga Imagenes - OK
2023/10/21 09:02:22.059 - MENSAJE: (Presenter ObtenerInfoModulo) OK
2023/10/21 09:02:22.084 - MENSAJE: (Presenter ObtenerInfoPartes) OK
2023/10/21 09:02:22.105 - MENSAJE: (Presenter ObtenerInfoParametros) OK
2023/10/21 09:02:22.136 - MENSAJE: 
2023/10/21 09:02:22.212 - MENSAJE: (PRESENTER) Error Borrado Varibales PLC
2023/10/21 09:02:22.306 - MENSAJE: 
2023/10/21 09:02:22.324 - MENSAJE: 
2023/10/21 09:02:23.296 - MENSAJE: 
2023/10/21 09:02:23.301 - MENSAJE: 
2023/10/21 09:02:23.306 - MENSAJE: 
2023/10/21 09:02:24.293 - MENSAJE: 
2023/10/21 09:02:24.293 - MENSAJE: 
2023/10/21 09:02:24.304 - MENSAJE: 
2023/10/21 09:02:25.290 - MENSAJE: 
2023/10/21 09:02:25.290 - MENSAJE: 
2023/10/21 09:02:25.301 - MENSAJE: 
2023/10/21 09:02:26.294 - MENSAJE: 
2023/10/21 09:02:26.294 - MENSAJE: 
2023/10/21 09:02:26.303 - MENSAJE: 
2023/10/21 09:02:27.292 - MENSAJE: 
2023/10/21 09:02:27.292 - MENSAJE: 
2023/10/21 09:02:27.303 - MENSAJE: 
2023/10/21 09:02:28.301 - MENSAJE: 
2023/10/21 09:02:28.301 - MENSAJE: 
2023/10/21 09:02:28.311 - MENSAJE: 
2023/10/21 09:02:29.316 - MENSAJE: 
2023/10/21 09:02:29.316 - MENSAJE: 
2023/10/21 09:02:29.327 - MENSAJE: 
2023/10/21 09:02:30.317 - MENSAJE: 
2023/10/21 09:02:30.317 - MENSAJE: 
2023/10/21 09:02:30.328 - MENSAJE: 
2023/10/21 09:02:31.291 - MENSAJE: 
2023/10/21 09:02:31.291 - MENSAJE: 
2023/10/21 09:02:31.302 - MENSAJE: 
2023/10/21 09:02:32.299 - MENSAJE: 
2023/10/21 09:02:32.299 - MENSAJE: 
2023/10/21 09:02:32.309 - MENSAJE: 
2023/10/21 09:02:33.296 - MENSAJE: 
2023/10/21 09:02:33.296 - MENSAJE: 
2023/10/21 09:02:33.307 - MENSAJE: 
2023/10/21 09:02:34.290 - MENSAJE: 
2023/10/21 09:02:34.290 - MENSAJE: 
2023/10/21 09:02:34.301 - MENSAJE: 
2023/10/21 09:02:35.300 - MENSAJE: 
2023/10/21 09:02:35.300 - MENSAJE: 
2023/10/21 09:02:35.311 - MENSAJE: 
2023/10/21 09:02:36.290 - MENSAJE: 
2023/10/21 09:02:36.290 - MENSAJE: 
2023/10/21 09:02:36.301 - MENSAJE: 
2023/10/21 09:02:37.290 - MENSAJE: 
2023/10/21 09:02:37.291 - MENSAJE: 
2023/10/21 09:02:37.302 - MENSAJE: 
2023/10/21 09:02:38.293 - MENSAJE: 
2023/10/21 09:02:38.293 - MENSAJE: 
2023/10/21 09:02:38.303 - MENSAJE: 
2023/10/21 09:02:39.290 - MENSAJE: 
2023/10/21 09:02:39.290 - MENSAJE: 
2023/10/21 09:02:39.301 - MENSAJE: 
2023/10/21 09:02:40.291 - MENSAJE: 
2023/10/21 09:02:40.292 - MENSAJE: 
2023/10/21 09:02:40.301 - MENSAJE: 
2023/10/21 09:02:41.291 - MENSAJE: 
2023/10/21 09:02:41.291 - MENSAJE: 
2023/10/21 09:02:41.302 - MENSAJE: 
2023/10/21 09:02:42.298 - MENSAJE: 
2023/10/21 09:02:42.311 - MENSAJE: 
2023/10/21 09:02:42.312 - MENSAJE: 
2023/10/21 09:02:43.296 - MENSAJE: 
2023/10/21 09:02:43.296 - MENSAJE: 
2023/10/21 09:02:43.307 - MENSAJE: 
2023/10/21 09:02:44.296 - MENSAJE: 
2023/10/21 09:02:44.296 - MENSAJE: 
2023/10/21 09:02:44.307 - MENSAJE: 
2023/10/21 09:02:45.296 - MENSAJE: 
2023/10/21 09:02:45.296 - MENSAJE: 
2023/10/21 09:02:45.307 - MENSAJE: 
2023/10/21 09:02:46.298 - MENSAJE: 
2023/10/21 09:02:46.298 - MENSAJE: 
2023/10/21 09:02:46.309 - MENSAJE: 
2023/10/21 09:02:47.310 - MENSAJE: 
2023/10/21 09:02:47.310 - MENSAJE: 
2023/10/21 09:02:47.321 - MENSAJE: 
2023/10/21 09:02:48.335 - MENSAJE: 
2023/10/21 09:02:48.335 - MENSAJE: 
2023/10/21 09:02:48.346 - MENSAJE: 
2023/10/21 09:02:49.300 - MENSAJE: 
2023/10/21 09:02:49.300 - MENSAJE: 
2023/10/21 09:02:49.311 - MENSAJE: 
2023/10/21 09:02:50.297 - MENSAJE: 
2023/10/21 09:02:50.297 - MENSAJE: 
2023/10/21 09:02:50.308 - MENSAJE: 
2023/10/21 09:02:51.294 - MENSAJE: 
2023/10/21 09:02:51.295 - MENSAJE: 
2023/10/21 09:02:51.305 - MENSAJE: 
2023/10/21 09:02:52.290 - MENSAJE: 
2023/10/21 09:02:52.290 - MENSAJE: 
2023/10/21 09:02:52.301 - MENSAJE: 
2023/10/21 09:02:53.294 - MENSAJE: 
2023/10/21 09:02:53.294 - MENSAJE: 
2023/10/21 09:02:53.305 - MENSAJE: 
2023/10/21 09:02:54.290 - MENSAJE: 
2023/10/21 09:02:54.290 - MENSAJE: 
2023/10/21 09:02:54.301 - MENSAJE: 
2023/10/21 09:02:55.290 - MENSAJE: 
2023/10/21 09:02:55.290 - MENSAJE: 
2023/10/21 09:02:55.301 - MENSAJE: 
2023/10/21 09:02:56.292 - MENSAJE: 
2023/10/21 09:02:56.292 - MENSAJE: 
2023/10/21 09:02:56.303 - MENSAJE: 
2023/10/21 09:02:57.294 - MENSAJE: 
2023/10/21 09:02:57.294 - MENSAJE: 
2023/10/21 09:02:57.305 - MENSAJE: 
2023/10/21 09:02:58.291 - MENSAJE: 
2023/10/21 09:02:58.291 - MENSAJE: 
2023/10/21 09:03:02.475 - MENSAJE: 
2023/10/21 09:03:02.474 - MENSAJE: (FrontEnd Antes CapturaPlaca)
2023/10/21 09:03:04.088 - MENSAJE: (FrontEnd Antes CapturaPlaca) ------
2023/10/21 09:03:11.929 - MENSAJE: oAutorizado.PlacaAuto : ------
2023/10/21 09:03:17.619 - MENSAJE: 
2023/10/21 09:03:17.619 - MENSAJE: 
2023/10/21 09:03:17.704 - MENSAJE: 
2023/10/21 09:03:18.290 - MENSAJE: 
2023/10/21 09:03:19.290 - MENSAJE: 
2023/10/21 09:03:20.293 - MENSAJE: 
2023/10/21 09:03:21.295 - MENSAJE: 
2023/10/21 09:03:22.297 - MENSAJE: 
2023/10/21 09:03:23.298 - MENSAJE: 
2023/10/21 09:03:24.295 - MENSAJE: 
2023/10/21 09:03:25.294 - MENSAJE: 
2023/10/21 09:03:26.291 - MENSAJE: 
2023/10/21 09:03:27.294 - MENSAJE: 
2023/10/21 09:03:28.294 - MENSAJE: 
2023/10/21 09:03:29.296 - MENSAJE: 
2023/10/21 09:03:30.271 - MENSAJE: 
2023/10/21 09:03:30.282 - MENSAJE: 
2023/10/21 09:03:30.294 - MENSAJE: 
2023/10/21 09:03:30.294 - MENSAJE: 
2023/10/21 09:03:30.305 - MENSAJE: 
2023/10/21 09:03:36.328 - MENSAJE: (PRESENTER) Error Borrado Varibales PLC
2023/10/21 09:03:37.294 - MENSAJE: 
2023/10/21 09:03:37.294 - MENSAJE: 
2023/10/21 09:03:46.383 - MENSAJE: (FrontEnd Antes CapturaPlaca)
2023/10/21 09:03:46.386 - MENSAJE: 
2023/10/21 09:03:47.467 - MENSAJE: (FrontEnd Antes CapturaPlaca) ------
2023/10/21 09:07:13.595 - INICIO REGISTRO
2023/10/21 09:07:13.605 - MENSAJE: (FrondEnd CargaRecursos): Carga Controles - OK
2023/10/21 09:07:13.737 - MENSAJE: (FrondEnd CargaImagenes): Carga Imagenes - OK
2023/10/21 09:07:14.396 - MENSAJE: (Presenter ObtenerInfoModulo) OK
2023/10/21 09:07:14.429 - MENSAJE: (Presenter ObtenerInfoPartes) OK
2023/10/21 09:07:14.450 - MENSAJE: (Presenter ObtenerInfoParametros) OK
2023/10/21 09:07:14.479 - MENSAJE: 
2023/10/21 09:07:14.557 - MENSAJE: (PRESENTER) Error Borrado Varibales PLC
2023/10/21 09:07:14.640 - MENSAJE: 
2023/10/21 09:07:14.647 - MENSAJE: 
2023/10/21 09:07:23.860 - MENSAJE: 
2023/10/21 09:07:23.861 - MENSAJE: 
2023/10/21 09:07:23.873 - MENSAJE: 
2023/10/21 09:07:24.603 - MENSAJE: 
2023/10/21 09:07:24.606 - MENSAJE: 
2023/10/21 09:07:24.613 - MENSAJE: 
2023/10/21 09:07:25.605 - MENSAJE: 
2023/10/21 09:07:25.605 - MENSAJE: 
2023/10/21 09:07:25.616 - MENSAJE: 
2023/10/21 09:07:26.606 - MENSAJE: 
2023/10/21 09:07:26.607 - MENSAJE: 
2023/10/21 09:07:26.617 - MENSAJE: 
2023/10/21 09:07:27.609 - MENSAJE: 
2023/10/21 09:07:27.609 - MENSAJE: 
2023/10/21 09:07:27.620 - MENSAJE: 
2023/10/21 09:07:28.603 - MENSAJE: 
2023/10/21 09:07:28.604 - MENSAJE: 
2023/10/21 09:07:28.614 - MENSAJE: 
2023/10/21 09:07:29.604 - MENSAJE: 
2023/10/21 09:07:29.604 - MENSAJE: 
2023/10/21 09:07:29.615 - MENSAJE: 
2023/10/21 09:07:30.608 - MENSAJE: 
2023/10/21 09:07:30.608 - MENSAJE: 
2023/10/21 09:07:30.619 - MENSAJE: 
2023/10/21 09:07:31.607 - MENSAJE: 
2023/10/21 09:07:31.607 - MENSAJE: 
2023/10/21 09:07:31.618 - MENSAJE: 
2023/10/21 09:07:32.608 - MENSAJE: 
2023/10/21 09:07:32.608 - MENSAJE: 
2023/10/21 09:07:32.619 - MENSAJE: 
2023/10/21 09:07:33.612 - MENSAJE: 
2023/10/21 09:07:33.612 - MENSAJE: 
2023/10/21 09:07:33.623 - MENSAJE: 
2023/10/21 09:07:34.623 - MENSAJE: 
2023/10/21 09:07:34.623 - MENSAJE: 
2023/10/21 09:07:34.634 - MENSAJE: 
2023/10/21 09:07:35.638 - MENSAJE: 
2023/10/21 09:07:35.638 - MENSAJE: 
2023/10/21 09:07:35.648 - MENSAJE: 
2023/10/21 09:07:36.607 - MENSAJE: 
2023/10/21 09:07:36.607 - MENSAJE: 
2023/10/21 09:07:39.301 - MENSAJE: 
2023/10/21 09:07:40.323 - MENSAJE: (FrontEnd Antes CapturaPlaca) ------
2023/10/21 09:07:45.553 - MENSAJE: oAutorizado.PlacaAuto : ------
2023/10/21 09:08:06.314 - MENSAJE: 
2023/10/21 09:08:07.202 - MENSAJE: 
