2023/10/26 05:08:02.759 - INICIO REGISTRO
2023/10/26 05:08:02.769 - MENSAJE: (FrondEnd CargaRecursos): Carga Controles - OK
2023/10/26 05:08:02.892 - MENSAJE: (FrondEnd CargaImagenes): Carga Imagenes - OK
2023/10/26 05:08:05.003 - MENSAJE: (Presenter ObtenerInfoModulo) OK
2023/10/26 05:08:05.047 - MENSAJE: (Presenter ObtenerInfoPartes) OK
2023/10/26 05:08:05.077 - MENSAJE: (Presenter ObtenerInfoParametros) OK
2023/10/26 05:08:05.117 - MENSAJE: 
2023/10/26 05:08:05.338 - MENSAJE: (PRESENTER) Error Borrado Varibales PLC
2023/10/26 05:08:05.413 - MENSAJE: (FrontEnd Antes CapturaPlaca)
2023/10/26 05:08:05.440 - MENSAJE: (FrontEnd Antes CapturaPlaca) ------
2023/10/26 05:08:05.468 - MENSAJE: 
2023/10/26 05:08:05.471 - MENSAJE: 
2023/10/26 05:08:05.762 - MENSAJE: (FrontEnd Antes CapturaPlaca)
2023/10/26 05:08:05.783 - MENSAJE: (FrontEnd Antes CapturaPlaca) ------
2023/10/26 05:08:05.784 - MENSAJE: 
2023/10/26 05:08:05.789 - MENSAJE: 
2023/10/26 05:08:05.794 - MENSAJE: 
2023/10/26 05:08:06.771 - MENSAJE: (FrontEnd Antes CapturaPlaca)
2023/10/26 05:08:06.785 - MENSAJE: (FrontEnd Antes CapturaPlaca) ------
2023/10/26 05:08:06.786 - MENSAJE: 
2023/10/26 05:08:06.788 - MENSAJE: 
2023/10/26 05:08:06.797 - MENSAJE: 
2023/10/26 05:08:07.788 - MENSAJE: (FrontEnd Antes CapturaPlaca)
2023/10/26 05:08:07.802 - MENSAJE: (FrontEnd Antes CapturaPlaca) ------
2023/10/26 05:08:07.803 - MENSAJE: 
2023/10/26 05:08:07.803 - MENSAJE: 
2023/10/26 05:08:07.814 - MENSAJE: 
2023/10/26 05:08:08.791 - MENSAJE: (FrontEnd Antes CapturaPlaca)
2023/10/26 05:08:08.802 - MENSAJE: (FrontEnd Antes CapturaPlaca) ------
2023/10/26 05:08:08.803 - MENSAJE: 
2023/10/26 05:08:08.803 - MENSAJE: 
2023/10/26 05:08:08.814 - MENSAJE: 
2023/10/26 05:08:08.828 - MENSAJE: oAutorizado.PlacaAuto : ------
2023/10/26 05:08:11.761 - MENSAJE: 
2023/10/26 05:08:11.762 - MENSAJE: 
2023/10/26 05:08:11.823 - MENSAJE: 
2023/10/26 05:08:11.837 - MENSAJE: (PRESENTER) Error Borrado Varibales PLC
2023/10/26 05:08:12.764 - MENSAJE: (FrontEnd Antes CapturaPlaca)
2023/10/26 05:08:12.781 - MENSAJE: (FrontEnd Antes CapturaPlaca) ------
2023/10/26 05:08:12.782 - MENSAJE: 
2023/10/26 05:08:12.782 - MENSAJE: 
2023/10/26 05:08:12.793 - MENSAJE: 
2023/10/26 05:08:13.765 - MENSAJE: (FrontEnd Antes CapturaPlaca)
2023/10/26 05:08:13.785 - MENSAJE: (FrontEnd Antes CapturaPlaca) ------
2023/10/26 05:08:13.786 - MENSAJE: 
2023/10/26 05:08:13.786 - MENSAJE: 
2023/10/26 05:08:13.797 - MENSAJE: 
2023/10/26 05:08:14.767 - MENSAJE: (FrontEnd Antes CapturaPlaca)
2023/10/26 05:08:14.782 - MENSAJE: (FrontEnd Antes CapturaPlaca) ------
2023/10/26 05:08:14.783 - MENSAJE: 
2023/10/26 05:08:14.783 - MENSAJE: 
2023/10/26 05:08:14.794 - MENSAJE: 
2023/10/26 05:08:15.763 - MENSAJE: (FrontEnd Antes CapturaPlaca)
2023/10/26 05:08:15.774 - MENSAJE: (FrontEnd Antes CapturaPlaca) ------
2023/10/26 05:08:15.775 - MENSAJE: 
2023/10/26 05:08:15.775 - MENSAJE: 
2023/10/26 05:08:15.785 - MENSAJE: 
2023/10/26 05:08:16.772 - MENSAJE: (FrontEnd Antes CapturaPlaca)
2023/10/26 05:08:16.784 - MENSAJE: (FrontEnd Antes CapturaPlaca) ------
2023/10/26 05:08:16.788 - MENSAJE: 
2023/10/26 05:08:16.788 - MENSAJE: 
2023/10/26 05:08:16.798 - MENSAJE: 
2023/10/26 05:08:17.763 - MENSAJE: (FrontEnd Antes CapturaPlaca)
2023/10/26 05:08:17.777 - MENSAJE: (FrontEnd Antes CapturaPlaca) ------
2023/10/26 05:08:17.778 - MENSAJE: 
2023/10/26 05:08:17.778 - MENSAJE: 
2023/10/26 05:08:17.789 - MENSAJE: 
2023/10/26 05:08:18.762 - MENSAJE: (FrontEnd Antes CapturaPlaca)
2023/10/26 05:08:18.781 - MENSAJE: (FrontEnd Antes CapturaPlaca) ------
2023/10/26 05:08:18.781 - MENSAJE: 
2023/10/26 05:08:18.782 - MENSAJE: 
2023/10/26 05:08:18.792 - MENSAJE: 
2023/10/26 05:08:19.764 - MENSAJE: (FrontEnd Antes CapturaPlaca)
2023/10/26 05:08:19.780 - MENSAJE: (FrontEnd Antes CapturaPlaca) ------
2023/10/26 05:08:19.781 - MENSAJE: 
2023/10/26 05:08:19.781 - MENSAJE: 
2023/10/26 05:08:19.792 - MENSAJE: 
2023/10/26 05:08:20.765 - MENSAJE: (FrontEnd Antes CapturaPlaca)
2023/10/26 05:08:20.787 - MENSAJE: (FrontEnd Antes CapturaPlaca) ------
2023/10/26 05:08:20.789 - MENSAJE: 
2023/10/26 05:08:20.789 - MENSAJE: 
2023/10/26 05:08:20.800 - MENSAJE: 
2023/10/26 05:08:21.770 - MENSAJE: (FrontEnd Antes CapturaPlaca)
2023/10/26 05:08:21.784 - MENSAJE: (FrontEnd Antes CapturaPlaca) ------
2023/10/26 05:08:21.785 - MENSAJE: 
2023/10/26 05:08:21.785 - MENSAJE: 
2023/10/26 05:08:21.795 - MENSAJE: 
2023/10/26 05:08:22.785 - MENSAJE: (FrontEnd Antes CapturaPlaca)
2023/10/26 05:08:22.807 - MENSAJE: (FrontEnd Antes CapturaPlaca) ------
2023/10/26 05:08:22.808 - MENSAJE: 
2023/10/26 05:08:22.808 - MENSAJE: 
2023/10/26 05:08:22.819 - MENSAJE: 
2023/10/26 05:08:23.788 - MENSAJE: (FrontEnd Antes CapturaPlaca)
2023/10/26 05:08:23.800 - MENSAJE: (FrontEnd Antes CapturaPlaca) ------
2023/10/26 05:08:23.801 - MENSAJE: 
2023/10/26 05:08:23.801 - MENSAJE: 
2023/10/26 05:08:23.811 - MENSAJE: 
2023/10/26 05:08:24.762 - MENSAJE: (FrontEnd Antes CapturaPlaca)
2023/10/26 05:08:24.784 - MENSAJE: (FrontEnd Antes CapturaPlaca) ------
2023/10/26 05:08:24.786 - MENSAJE: 
2023/10/26 05:08:24.786 - MENSAJE: 
2023/10/26 05:08:24.796 - MENSAJE: 
2023/10/26 05:08:25.763 - MENSAJE: (FrontEnd Antes CapturaPlaca)
2023/10/26 05:08:25.777 - MENSAJE: (FrontEnd Antes CapturaPlaca) ------
2023/10/26 05:08:25.778 - MENSAJE: 
2023/10/26 05:08:25.778 - MENSAJE: 
2023/10/26 05:08:25.789 - MENSAJE: 
2023/10/26 05:08:26.767 - MENSAJE: (FrontEnd Antes CapturaPlaca)
2023/10/26 05:08:26.780 - MENSAJE: (FrontEnd Antes CapturaPlaca) ------
2023/10/26 05:08:26.781 - MENSAJE: 
2023/10/26 05:08:26.781 - MENSAJE: 
2023/10/26 05:08:26.793 - MENSAJE: 
2023/10/26 05:08:27.761 - MENSAJE: (FrontEnd Antes CapturaPlaca)
2023/10/26 05:08:27.778 - MENSAJE: (FrontEnd Antes CapturaPlaca) ------
2023/10/26 05:08:27.779 - MENSAJE: 
2023/10/26 05:08:27.779 - MENSAJE: 
2023/10/26 05:08:27.790 - MENSAJE: 
2023/10/26 05:08:28.768 - MENSAJE: (FrontEnd Antes CapturaPlaca)
2023/10/26 05:08:28.789 - MENSAJE: (FrontEnd Antes CapturaPlaca) ------
2023/10/26 05:08:28.790 - MENSAJE: 
2023/10/26 05:08:28.790 - MENSAJE: 
2023/10/26 05:08:28.801 - MENSAJE: 
2023/10/26 05:08:29.762 - MENSAJE: (FrontEnd Antes CapturaPlaca)
2023/10/26 05:08:29.776 - MENSAJE: (FrontEnd Antes CapturaPlaca) ------
2023/10/26 05:08:29.777 - MENSAJE: 
2023/10/26 05:08:29.778 - MENSAJE: 
2023/10/26 05:08:29.788 - MENSAJE: 
2023/10/26 05:08:30.766 - MENSAJE: (FrontEnd Antes CapturaPlaca)
2023/10/26 05:08:30.780 - MENSAJE: (FrontEnd Antes CapturaPlaca) ------
2023/10/26 05:08:30.781 - MENSAJE: 
2023/10/26 05:08:30.781 - MENSAJE: 
2023/10/26 05:08:30.792 - MENSAJE: 
2023/10/26 05:08:31.761 - MENSAJE: (FrontEnd Antes CapturaPlaca)
2023/10/26 05:08:32.092 - MENSAJE: (FrontEnd Antes CapturaPlaca) ------
2023/10/26 05:08:32.094 - MENSAJE: 
2023/10/26 05:08:32.094 - MENSAJE: 
2023/10/26 05:08:32.105 - MENSAJE: 
2023/10/26 05:08:32.765 - MENSAJE: (FrontEnd Antes CapturaPlaca)
2023/10/26 05:08:32.899 - MENSAJE: (FrontEnd Antes CapturaPlaca) ------
2023/10/26 05:08:32.901 - MENSAJE: 
2023/10/26 05:08:32.901 - MENSAJE: 
2023/10/26 05:08:32.911 - MENSAJE: 
2023/10/26 05:08:33.764 - MENSAJE: (FrontEnd Antes CapturaPlaca)
2023/10/26 05:08:33.819 - MENSAJE: (FrontEnd Antes CapturaPlaca) ------
2023/10/26 05:08:33.819 - MENSAJE: 
2023/10/26 05:08:33.820 - MENSAJE: 
2023/10/26 05:08:33.830 - MENSAJE: 
2023/10/26 05:08:34.761 - MENSAJE: (FrontEnd Antes CapturaPlaca)
2023/10/26 05:08:34.777 - MENSAJE: (FrontEnd Antes CapturaPlaca) ------
2023/10/26 05:08:34.778 - MENSAJE: 
2023/10/26 05:08:34.778 - MENSAJE: 
2023/10/26 05:08:34.789 - MENSAJE: 
2023/10/26 05:08:35.767 - MENSAJE: (FrontEnd Antes CapturaPlaca)
2023/10/26 05:08:35.779 - MENSAJE: (FrontEnd Antes CapturaPlaca) ------
2023/10/26 05:08:35.780 - MENSAJE: 
2023/10/26 05:08:35.780 - MENSAJE: 
2023/10/26 05:08:35.791 - MENSAJE: 
2023/10/26 05:08:36.767 - MENSAJE: (FrontEnd Antes CapturaPlaca)
2023/10/26 05:08:36.782 - MENSAJE: (FrontEnd Antes CapturaPlaca) ------
2023/10/26 05:08:36.783 - MENSAJE: 
2023/10/26 05:08:36.783 - MENSAJE: 
2023/10/26 05:08:36.795 - MENSAJE: 
2023/10/26 05:08:37.766 - MENSAJE: (FrontEnd Antes CapturaPlaca)
2023/10/26 05:08:37.776 - MENSAJE: (FrontEnd Antes CapturaPlaca) ------
2023/10/26 05:08:37.777 - MENSAJE: 
2023/10/26 05:08:37.777 - MENSAJE: 
2023/10/26 05:08:37.788 - MENSAJE: 
2023/10/26 05:08:38.762 - MENSAJE: (FrontEnd Antes CapturaPlaca)
2023/10/26 05:08:38.780 - MENSAJE: (FrontEnd Antes CapturaPlaca) ------
2023/10/26 05:08:38.781 - MENSAJE: 
2023/10/26 05:08:38.781 - MENSAJE: 
2023/10/26 05:08:38.791 - MENSAJE: 
2023/10/26 05:08:39.781 - MENSAJE: (FrontEnd Antes CapturaPlaca)
2023/10/26 05:08:39.796 - MENSAJE: (FrontEnd Antes CapturaPlaca) ------
2023/10/26 05:08:39.797 - MENSAJE: 
2023/10/26 05:08:39.798 - MENSAJE: 
2023/10/26 05:08:39.808 - MENSAJE: 
2023/10/26 05:08:40.793 - MENSAJE: (FrontEnd Antes CapturaPlaca)
2023/10/26 05:08:40.804 - MENSAJE: (FrontEnd Antes CapturaPlaca) ------
2023/10/26 05:08:40.805 - MENSAJE: 
2023/10/26 05:08:40.805 - MENSAJE: 
2023/10/26 05:08:40.816 - MENSAJE: 
2023/10/26 05:08:41.761 - MENSAJE: (FrontEnd Antes CapturaPlaca)
2023/10/26 05:08:41.771 - MENSAJE: (FrontEnd Antes CapturaPlaca) ------
2023/10/26 05:08:41.772 - MENSAJE: 
2023/10/26 05:08:41.773 - MENSAJE: 
2023/10/26 05:08:41.783 - MENSAJE: 
2023/10/26 05:08:42.767 - MENSAJE: (FrontEnd Antes CapturaPlaca)
2023/10/26 05:08:42.781 - MENSAJE: (FrontEnd Antes CapturaPlaca) ------
2023/10/26 05:08:42.783 - MENSAJE: 
2023/10/26 05:08:42.783 - MENSAJE: 
2023/10/26 05:08:42.793 - MENSAJE: 
2023/10/26 05:08:43.763 - MENSAJE: (FrontEnd Antes CapturaPlaca)
2023/10/26 05:08:43.775 - MENSAJE: (FrontEnd Antes CapturaPlaca) ------
2023/10/26 05:08:43.776 - MENSAJE: 
2023/10/26 05:08:43.776 - MENSAJE: 
2023/10/26 05:08:43.787 - MENSAJE: 
2023/10/26 05:08:44.762 - MENSAJE: (FrontEnd Antes CapturaPlaca)
2023/10/26 05:08:44.771 - MENSAJE: (FrontEnd Antes CapturaPlaca) ------
2023/10/26 05:08:44.772 - MENSAJE: 
2023/10/26 05:08:44.772 - MENSAJE: 
2023/10/26 05:08:44.783 - MENSAJE: 
2023/10/26 05:08:45.762 - MENSAJE: (FrontEnd Antes CapturaPlaca)
2023/10/26 05:08:45.783 - MENSAJE: (FrontEnd Antes CapturaPlaca) ------
2023/10/26 05:08:45.784 - MENSAJE: 
2023/10/26 05:08:45.784 - MENSAJE: 
2023/10/26 05:08:45.796 - MENSAJE: 
2023/10/26 05:08:46.764 - MENSAJE: (FrontEnd Antes CapturaPlaca)
2023/10/26 05:08:46.778 - MENSAJE: (FrontEnd Antes CapturaPlaca) ------
2023/10/26 05:08:46.779 - MENSAJE: 
2023/10/26 05:08:46.779 - MENSAJE: 
2023/10/26 05:08:46.790 - MENSAJE: 
2023/10/26 05:08:47.765 - MENSAJE: (FrontEnd Antes CapturaPlaca)
2023/10/26 05:08:47.779 - MENSAJE: (FrontEnd Antes CapturaPlaca) ------
2023/10/26 05:08:47.780 - MENSAJE: 
2023/10/26 05:08:47.781 - MENSAJE: 
2023/10/26 05:08:47.791 - MENSAJE: 
2023/10/26 05:08:48.762 - MENSAJE: (FrontEnd Antes CapturaPlaca)
2023/10/26 05:08:48.780 - MENSAJE: (FrontEnd Antes CapturaPlaca) ------
2023/10/26 05:08:48.782 - MENSAJE: 
2023/10/26 05:08:48.782 - MENSAJE: 
2023/10/26 05:08:48.793 - MENSAJE: 
2023/10/26 05:08:49.767 - MENSAJE: (FrontEnd Antes CapturaPlaca)
2023/10/26 05:08:49.786 - MENSAJE: (FrontEnd Antes CapturaPlaca) ------
2023/10/26 05:08:49.787 - MENSAJE: 
2023/10/26 05:08:49.787 - MENSAJE: 
2023/10/26 05:08:49.798 - MENSAJE: 
2023/10/26 05:08:50.764 - MENSAJE: (FrontEnd Antes CapturaPlaca)
2023/10/26 05:08:50.787 - MENSAJE: (FrontEnd Antes CapturaPlaca) ------
2023/10/26 05:08:50.789 - MENSAJE: 
2023/10/26 05:08:50.789 - MENSAJE: 
2023/10/26 05:08:50.800 - MENSAJE: 
2023/10/26 05:08:51.770 - MENSAJE: (FrontEnd Antes CapturaPlaca)
2023/10/26 05:08:51.785 - MENSAJE: (FrontEnd Antes CapturaPlaca) ------
2023/10/26 05:08:51.786 - MENSAJE: 
2023/10/26 05:08:51.787 - MENSAJE: 
2023/10/26 05:08:51.797 - MENSAJE: 
2023/10/26 05:08:52.762 - MENSAJE: (FrontEnd Antes CapturaPlaca)
2023/10/26 05:08:52.783 - MENSAJE: (FrontEnd Antes CapturaPlaca) ------
2023/10/26 05:08:52.784 - MENSAJE: 
2023/10/26 05:08:52.784 - MENSAJE: 
2023/10/26 05:08:52.795 - MENSAJE: 
2023/10/26 05:08:53.762 - MENSAJE: (FrontEnd Antes CapturaPlaca)
2023/10/26 05:08:53.776 - MENSAJE: (FrontEnd Antes CapturaPlaca) ------
2023/10/26 05:08:53.777 - MENSAJE: 
2023/10/26 05:08:53.777 - MENSAJE: 
2023/10/26 05:08:53.787 - MENSAJE: 
2023/10/26 05:08:54.766 - MENSAJE: (FrontEnd Antes CapturaPlaca)
2023/10/26 05:08:54.780 - MENSAJE: (FrontEnd Antes CapturaPlaca) ------
2023/10/26 05:08:54.782 - MENSAJE: 
2023/10/26 05:08:54.782 - MENSAJE: 
2023/10/26 05:08:54.793 - MENSAJE: 
2023/10/26 05:08:55.768 - MENSAJE: (FrontEnd Antes CapturaPlaca)
2023/10/26 05:08:55.786 - MENSAJE: (FrontEnd Antes CapturaPlaca) ------
2023/10/26 05:08:55.787 - MENSAJE: 
2023/10/26 05:08:55.787 - MENSAJE: 
2023/10/26 05:08:55.798 - MENSAJE: 
2023/10/26 05:08:56.767 - MENSAJE: (FrontEnd Antes CapturaPlaca)
2023/10/26 05:08:56.784 - MENSAJE: (FrontEnd Antes CapturaPlaca) ------
2023/10/26 05:08:56.786 - MENSAJE: 
2023/10/26 05:08:56.786 - MENSAJE: 
2023/10/26 05:08:56.796 - MENSAJE: 
2023/10/26 05:08:57.782 - MENSAJE: (FrontEnd Antes CapturaPlaca)
2023/10/26 05:08:57.807 - MENSAJE: (FrontEnd Antes CapturaPlaca) ------
2023/10/26 05:08:57.808 - MENSAJE: 
2023/10/26 05:08:57.810 - MENSAJE: 
2023/10/26 05:08:57.819 - MENSAJE: 
2023/10/26 05:08:58.797 - MENSAJE: (FrontEnd Antes CapturaPlaca)
2023/10/26 05:08:58.816 - MENSAJE: (FrontEnd Antes CapturaPlaca) ------
2023/10/26 05:08:58.817 - MENSAJE: 
2023/10/26 05:08:58.817 - MENSAJE: 
2023/10/26 05:08:58.828 - MENSAJE: 
2023/10/26 05:09:02.581 - INICIO REGISTRO
2023/10/26 05:09:02.588 - MENSAJE: (FrondEnd CargaRecursos): Carga Controles - OK
2023/10/26 05:09:02.704 - MENSAJE: (FrondEnd CargaImagenes): Carga Imagenes - OK
2023/10/26 05:09:03.414 - MENSAJE: (Presenter ObtenerInfoModulo) OK
2023/10/26 05:09:03.448 - MENSAJE: (Presenter ObtenerInfoPartes) OK
2023/10/26 05:09:03.474 - MENSAJE: (Presenter ObtenerInfoParametros) OK
2023/10/26 05:09:03.507 - MENSAJE: 
2023/10/26 05:09:03.589 - MENSAJE: (PRESENTER) Error Borrado Varibales PLC
2023/10/26 05:09:03.661 - MENSAJE: (FrontEnd Antes CapturaPlaca)
2023/10/26 05:09:03.682 - MENSAJE: (FrontEnd Antes CapturaPlaca) ------
2023/10/26 05:09:03.696 - MENSAJE: 
2023/10/26 05:09:03.708 - MENSAJE: 
2023/10/26 05:09:04.581 - MENSAJE: (FrontEnd Antes CapturaPlaca)
2023/10/26 05:09:04.596 - MENSAJE: (FrontEnd Antes CapturaPlaca) ------
2023/10/26 05:09:04.596 - MENSAJE: 
2023/10/26 05:09:04.597 - MENSAJE: 
2023/10/26 05:09:04.607 - MENSAJE: 
2023/10/26 05:09:05.581 - MENSAJE: (FrontEnd Antes CapturaPlaca)
2023/10/26 05:09:05.591 - MENSAJE: (FrontEnd Antes CapturaPlaca) ------
2023/10/26 05:09:05.592 - MENSAJE: 
2023/10/26 05:09:05.592 - MENSAJE: 
2023/10/26 05:09:05.603 - MENSAJE: 
2023/10/26 05:09:06.583 - MENSAJE: (FrontEnd Antes CapturaPlaca)
2023/10/26 05:09:06.597 - MENSAJE: (FrontEnd Antes CapturaPlaca) ------
2023/10/26 05:09:06.598 - MENSAJE: 
2023/10/26 05:09:06.598 - MENSAJE: 
2023/10/26 05:09:06.609 - MENSAJE: 
2023/10/26 05:09:07.604 - MENSAJE: (FrontEnd Antes CapturaPlaca)
2023/10/26 05:09:07.621 - MENSAJE: (FrontEnd Antes CapturaPlaca) ------
2023/10/26 05:09:07.621 - MENSAJE: 
2023/10/26 05:09:07.622 - MENSAJE: 
2023/10/26 05:09:07.632 - MENSAJE: 
2023/10/26 05:09:08.606 - MENSAJE: (FrontEnd Antes CapturaPlaca)
2023/10/26 05:09:08.621 - MENSAJE: (FrontEnd Antes CapturaPlaca) ------
2023/10/26 05:09:08.622 - MENSAJE: 
2023/10/26 05:09:08.622 - MENSAJE: 
2023/10/26 05:09:08.633 - MENSAJE: 
2023/10/26 05:09:09.579 - MENSAJE: (FrontEnd Antes CapturaPlaca)
2023/10/26 05:09:09.600 - MENSAJE: (FrontEnd Antes CapturaPlaca) ------
2023/10/26 05:09:09.602 - MENSAJE: 
2023/10/26 05:09:09.602 - MENSAJE: 
2023/10/26 05:09:09.612 - MENSAJE: 
2023/10/26 05:09:10.583 - MENSAJE: (FrontEnd Antes CapturaPlaca)
2023/10/26 05:09:10.604 - MENSAJE: (FrontEnd Antes CapturaPlaca) ------
2023/10/26 05:09:10.605 - MENSAJE: 
2023/10/26 05:09:10.606 - MENSAJE: 
2023/10/26 05:09:10.617 - MENSAJE: 
2023/10/26 05:09:11.574 - MENSAJE: (FrontEnd Antes CapturaPlaca)
2023/10/26 05:09:11.593 - MENSAJE: (FrontEnd Antes CapturaPlaca) ------
2023/10/26 05:09:11.594 - MENSAJE: 
2023/10/26 05:09:11.594 - MENSAJE: 
2023/10/26 05:09:11.604 - MENSAJE: 
2023/10/26 05:09:11.615 - MENSAJE: oAutorizado.PlacaAuto : ------
2023/10/26 05:09:14.583 - MENSAJE: 
2023/10/26 05:09:14.583 - MENSAJE: 
2023/10/26 05:09:14.645 - MENSAJE: 
2023/10/26 05:09:14.654 - MENSAJE: (PRESENTER) Error Borrado Varibales PLC
2023/10/26 05:09:15.575 - MENSAJE: (FrontEnd Antes CapturaPlaca)
2023/10/26 05:09:15.591 - MENSAJE: (FrontEnd Antes CapturaPlaca) ------
2023/10/26 05:09:15.592 - MENSAJE: 
2023/10/26 05:09:15.592 - MENSAJE: 
2023/10/26 05:09:15.603 - MENSAJE: 
2023/10/26 05:09:16.587 - MENSAJE: (FrontEnd Antes CapturaPlaca)
2023/10/26 05:09:16.625 - MENSAJE: (FrontEnd Antes CapturaPlaca) ------
2023/10/26 05:09:16.626 - MENSAJE: 
2023/10/26 05:09:16.629 - MENSAJE: 
2023/10/26 05:09:16.637 - MENSAJE: 
2023/10/26 05:09:17.585 - MENSAJE: (FrontEnd Antes CapturaPlaca)
2023/10/26 05:09:17.597 - MENSAJE: (FrontEnd Antes CapturaPlaca) ------
2023/10/26 05:09:17.598 - MENSAJE: 
2023/10/26 05:09:17.599 - MENSAJE: 
2023/10/26 05:09:17.609 - MENSAJE: 
2023/10/26 05:09:18.594 - MENSAJE: (FrontEnd Antes CapturaPlaca)
2023/10/26 05:09:18.609 - MENSAJE: (FrontEnd Antes CapturaPlaca) ------
2023/10/26 05:09:18.610 - MENSAJE: 
2023/10/26 05:09:18.610 - MENSAJE: 
2023/10/26 05:09:18.620 - MENSAJE: 
