2022/06/23 03:40:50.477 - INICIO REGISTRO
2022/06/23 03:40:50.488 - MENSAJE: (FrondEnd CargaRecursos): Carga Controles - OK
2022/06/23 03:40:50.639 - MENSAJE: (FrondEnd CargaImagenes): Carga Imagenes - OK
2022/06/23 03:40:53.951 - MENSAJE: (Presenter ObtenerInfoModulo) Sistema Suspendido - Info Modulo Error
2022/06/23 03:40:56.719 - MENSAJE: Error_AlistarTarjeta
2022/06/23 03:40:59.173 - MENSAJE: Error_AlistarTarjeta
2022/06/23 03:41:01.623 - MENSAJE: Error_AlistarTarjeta
2022/06/23 03:41:04.076 - MENSAJE: Error_AlistarTarjeta
2022/06/23 03:41:06.522 - MENSAJE: Error_AlistarTarjeta
2022/06/23 03:41:52.581 - INICIO REGISTRO
2022/06/23 03:41:52.592 - MENSAJE: (FrondEnd CargaRecursos): Carga Controles - OK
2022/06/23 03:41:52.712 - MENSAJE: (FrondEnd CargaImagenes): Carga Imagenes - OK
2022/06/23 03:41:53.217 - MENSAJE: (Presenter ObtenerInfoModulo) OK
2022/06/23 03:41:53.253 - MENSAJE: (Presenter ObtenerInfoPartes) OK
2022/06/23 03:41:53.278 - MENSAJE: (Presenter ObtenerInfoParametros) OK
2022/06/23 03:41:53.566 - MENSAJE: (PRESENTER) Conexion Exitosa PLC
2022/06/23 03:41:53.710 - MENSAJE: (PRESENTER) Borrado Exitoso Variables PLC
2022/06/23 03:41:53.752 - MENSAJE: ConexionExitosa_Dispensador
2022/06/23 03:41:57.858 - MENSAJE: (PRESENTER) Borrado Exitoso Variables PLC
2022/06/23 03:42:24.330 - MENSAJE: Vehiculo En Mueble
2022/06/23 03:42:24.331 - MENSAJE: (FrontEnd Antes AlistarTarjetaNew)
2022/06/23 03:42:26.080 - MENSAJE: Tarjeta_Alistada
2022/06/23 03:42:26.111 - MENSAJE: Tarjeta Encontrada: D4B658ED
2022/06/23 03:42:26.112 - MENSAJE: (FrontEnd CapturaPlaca) 
2022/06/23 03:42:26.182 - MENSAJE: Vehiculo En Mueble
2022/06/23 03:42:28.358 - MENSAJE: Tarjeta_Escrita
2022/06/23 03:42:28.370 - MENSAJE: Tarjeta_MovidaReceptor_RF_TO_FRONT
2022/06/23 03:42:29.156 - MENSAJE: Tarjeta_En_Boca
2022/06/23 03:42:29.156 - MENSAJE: Tarjeta_En_Boca
2022/06/23 03:42:29.191 - MENSAJE: Vehiculo En Mueble
2022/06/23 03:42:29.843 - MENSAJE: Sin_Tarjeta
2022/06/23 03:42:29.910 - MENSAJE: Talanquera Abierta
2022/06/23 03:42:33.859 - MENSAJE: Vehiculo En Talanquera
2022/06/23 03:42:34.871 - MENSAJE: Vehiculo Salio Talanquera
2022/06/23 03:42:34.935 - MENSAJE: (PRESENTER) Borrado Exitoso Variables PLC
2022/06/23 03:42:35.028 - MENSAJE: (PRESENTER) Borrado Exitoso Variables PLC
2022/06/23 03:42:36.388 - MENSAJE: Sin_Tarjeta
2022/06/23 03:42:37.409 - MENSAJE: Sin_Tarjeta
2022/06/23 03:42:38.416 - MENSAJE: Sin_Tarjeta
2022/06/23 03:42:39.417 - MENSAJE: Sin_Tarjeta
2022/06/23 03:42:40.430 - MENSAJE: Sin_Tarjeta
2022/06/23 03:42:41.422 - MENSAJE: Sin_Tarjeta
2022/06/23 03:42:42.418 - MENSAJE: Sin_Tarjeta
2022/06/23 03:42:43.442 - MENSAJE: Sin_Tarjeta
2022/06/23 03:42:44.453 - MENSAJE: Sin_Tarjeta
2022/06/23 03:42:45.458 - MENSAJE: Sin_Tarjeta
2022/06/23 03:42:46.475 - MENSAJE: Sin_Tarjeta
2022/06/23 03:42:47.469 - MENSAJE: Sin_Tarjeta
2022/06/23 03:42:48.469 - MENSAJE: Sin_Tarjeta
2022/06/23 03:42:49.471 - MENSAJE: Sin_Tarjeta
2022/06/23 03:42:50.468 - MENSAJE: Sin_Tarjeta
2022/06/23 03:42:51.481 - MENSAJE: Sin_Tarjeta
2022/06/23 03:42:52.494 - MENSAJE: Sin_Tarjeta
2022/06/23 03:42:53.505 - MENSAJE: Sin_Tarjeta
2022/06/23 03:42:54.518 - MENSAJE: Sin_Tarjeta
2022/06/23 03:42:55.517 - MENSAJE: Sin_Tarjeta
2022/06/23 03:42:56.509 - MENSAJE: Sin_Tarjeta
2022/06/23 03:42:57.539 - MENSAJE: Sin_Tarjeta
2022/06/23 03:42:58.527 - MENSAJE: Sin_Tarjeta
2022/06/23 03:42:59.542 - MENSAJE: Sin_Tarjeta
2022/06/23 03:43:00.547 - MENSAJE: Sin_Tarjeta
2022/06/23 03:43:01.547 - MENSAJE: Sin_Tarjeta
2022/06/23 03:43:02.554 - MENSAJE: Sin_Tarjeta
2022/06/23 03:43:03.580 - MENSAJE: Sin_Tarjeta
2022/06/23 03:43:04.576 - MENSAJE: Sin_Tarjeta
2022/06/23 03:43:05.588 - MENSAJE: Sin_Tarjeta
2022/06/23 03:43:06.590 - MENSAJE: Sin_Tarjeta
2022/06/23 03:43:07.602 - MENSAJE: Sin_Tarjeta
2022/06/23 03:43:08.604 - MENSAJE: Sin_Tarjeta
2022/06/23 03:43:09.634 - MENSAJE: Sin_Tarjeta
2022/06/23 03:43:10.637 - MENSAJE: Sin_Tarjeta
2022/06/23 03:43:11.647 - MENSAJE: Sin_Tarjeta
2022/06/23 03:43:12.665 - MENSAJE: Sin_Tarjeta
2022/06/23 03:43:13.666 - MENSAJE: Sin_Tarjeta
2022/06/23 03:43:14.667 - MENSAJE: Sin_Tarjeta
2022/06/23 03:43:15.677 - MENSAJE: Sin_Tarjeta
2022/06/23 03:43:16.672 - MENSAJE: Sin_Tarjeta
2022/06/23 03:43:17.693 - MENSAJE: Sin_Tarjeta
2022/06/23 03:43:18.713 - MENSAJE: Sin_Tarjeta
2022/06/23 03:43:19.699 - MENSAJE: Sin_Tarjeta
2022/06/23 03:43:20.720 - MENSAJE: Sin_Tarjeta
2022/06/23 03:43:21.716 - MENSAJE: Sin_Tarjeta
2022/06/23 03:43:22.726 - MENSAJE: Sin_Tarjeta
2022/06/23 03:43:23.741 - MENSAJE: Sin_Tarjeta
2022/06/23 03:43:24.757 - MENSAJE: Sin_Tarjeta
2022/06/23 03:43:25.755 - MENSAJE: Sin_Tarjeta
2022/06/23 03:43:26.756 - MENSAJE: Sin_Tarjeta
2022/06/23 03:43:27.756 - MENSAJE: Sin_Tarjeta
2022/06/23 03:43:28.784 - MENSAJE: Sin_Tarjeta
2022/06/23 03:43:29.805 - MENSAJE: Sin_Tarjeta
2022/06/23 03:43:30.808 - MENSAJE: Sin_Tarjeta
2022/06/23 03:43:31.811 - MENSAJE: Sin_Tarjeta
2022/06/23 03:43:32.801 - MENSAJE: Sin_Tarjeta
2022/06/23 03:43:33.801 - MENSAJE: Sin_Tarjeta
2022/06/23 03:43:34.811 - MENSAJE: Sin_Tarjeta
2022/06/23 03:43:35.812 - MENSAJE: Sin_Tarjeta
2022/06/23 03:43:36.827 - MENSAJE: Sin_Tarjeta
2022/06/23 03:43:37.848 - MENSAJE: Sin_Tarjeta
2022/06/23 03:43:38.849 - MENSAJE: Sin_Tarjeta
2022/06/23 03:43:39.833 - MENSAJE: Sin_Tarjeta
2022/06/23 03:43:40.863 - MENSAJE: Sin_Tarjeta
2022/06/23 03:43:41.867 - MENSAJE: Sin_Tarjeta
2022/06/23 03:43:42.874 - MENSAJE: Sin_Tarjeta
2022/06/23 03:43:43.871 - MENSAJE: Sin_Tarjeta
2022/06/23 03:43:44.886 - MENSAJE: Sin_Tarjeta
2022/06/23 03:43:45.906 - MENSAJE: Sin_Tarjeta
2022/06/23 03:43:46.908 - MENSAJE: Sin_Tarjeta
2022/06/23 03:43:47.918 - MENSAJE: Sin_Tarjeta
2022/06/23 03:43:48.934 - MENSAJE: Sin_Tarjeta
2022/06/23 03:43:49.946 - MENSAJE: Sin_Tarjeta
2022/06/23 03:43:50.940 - MENSAJE: Sin_Tarjeta
2022/06/23 03:43:51.931 - MENSAJE: Sin_Tarjeta
2022/06/23 03:43:52.939 - MENSAJE: Sin_Tarjeta
2022/06/23 03:43:53.938 - MENSAJE: Sin_Tarjeta
2022/06/23 03:43:54.947 - MENSAJE: Sin_Tarjeta
2022/06/23 03:43:55.976 - MENSAJE: Sin_Tarjeta
2022/06/23 03:43:56.973 - MENSAJE: Sin_Tarjeta
2022/06/23 03:43:57.970 - MENSAJE: Sin_Tarjeta
2022/06/23 03:43:58.978 - MENSAJE: Sin_Tarjeta
2022/06/23 03:43:59.990 - MENSAJE: Sin_Tarjeta
2022/06/23 03:44:00.998 - MENSAJE: Sin_Tarjeta
2022/06/23 03:44:01.997 - MENSAJE: Sin_Tarjeta
2022/06/23 03:44:02.994 - MENSAJE: Sin_Tarjeta
2022/06/23 03:44:03.986 - MENSAJE: Sin_Tarjeta
2022/06/23 03:44:04.999 - MENSAJE: Sin_Tarjeta
2022/06/23 03:44:06.008 - MENSAJE: Sin_Tarjeta
2022/06/23 03:44:07.017 - MENSAJE: Sin_Tarjeta
2022/06/23 03:44:08.005 - MENSAJE: Sin_Tarjeta
2022/06/23 03:44:09.033 - MENSAJE: Sin_Tarjeta
2022/06/23 03:44:10.037 - MENSAJE: Sin_Tarjeta
2022/06/23 03:44:11.051 - MENSAJE: Sin_Tarjeta
2022/06/23 03:44:12.058 - MENSAJE: Sin_Tarjeta
2022/06/23 03:44:13.065 - MENSAJE: Sin_Tarjeta
2022/06/23 03:44:14.067 - MENSAJE: Sin_Tarjeta
2022/06/23 03:44:15.091 - MENSAJE: Sin_Tarjeta
2022/06/23 03:44:16.092 - MENSAJE: Sin_Tarjeta
2022/06/23 03:44:17.103 - MENSAJE: Sin_Tarjeta
2022/06/23 03:44:18.085 - MENSAJE: Sin_Tarjeta
2022/06/23 03:44:19.113 - MENSAJE: Sin_Tarjeta
2022/06/23 03:50:28.485 - INICIO REGISTRO
2022/06/23 03:50:28.495 - MENSAJE: (FrondEnd CargaRecursos): Carga Controles - OK
2022/06/23 03:50:28.622 - MENSAJE: (FrondEnd CargaImagenes): Carga Imagenes - OK
2022/06/23 03:50:29.117 - MENSAJE: (Presenter ObtenerInfoModulo) OK
2022/06/23 03:50:29.151 - MENSAJE: (Presenter ObtenerInfoPartes) OK
2022/06/23 03:50:29.173 - MENSAJE: (Presenter ObtenerInfoParametros) OK
2022/06/23 03:50:29.373 - MENSAJE: (PRESENTER) Conexion Exitosa PLC
2022/06/23 03:50:29.514 - MENSAJE: (PRESENTER) Borrado Exitoso Variables PLC
2022/06/23 03:50:29.547 - MENSAJE: ConexionExitosa_Dispensador
2022/06/23 03:50:31.957 - MENSAJE: (PRESENTER) Borrado Exitoso Variables PLC
2022/06/23 03:50:32.690 - MENSAJE: Sin_Tarjeta
2022/06/23 03:50:33.349 - MENSAJE: Sin_Tarjeta
2022/06/23 03:50:34.078 - MENSAJE: Sin_Tarjeta
2022/06/23 03:50:35.081 - MENSAJE: Sin_Tarjeta
2022/06/23 03:50:35.102 - MENSAJE: Vehiculo En Mueble
2022/06/23 03:50:35.103 - MENSAJE: (FrontEnd Antes AlistarTarjetaNew)
2022/06/23 03:50:36.832 - MENSAJE: Tarjeta_Alistada
2022/06/23 03:50:36.867 - MENSAJE: Tarjeta Encontrada: D4B658ED
2022/06/23 03:50:36.867 - MENSAJE: (FrontEnd CapturaPlaca) 
2022/06/23 03:50:36.950 - MENSAJE: Vehiculo En Mueble
2022/06/23 03:50:39.076 - MENSAJE: Tarjeta_Escrita
2022/06/23 03:50:39.088 - MENSAJE: Tarjeta_MovidaReceptor_RF_TO_FRONT
2022/06/23 03:50:39.742 - MENSAJE: Tarjeta_En_Boca
2022/06/23 03:50:39.742 - MENSAJE: Tarjeta_En_Boca
2022/06/23 03:50:39.779 - MENSAJE: Vehiculo En Mueble
2022/06/23 03:50:40.428 - MENSAJE: Sin_Tarjeta
2022/06/23 03:50:40.480 - MENSAJE: Talanquera Abierta
2022/06/23 03:50:46.705 - MENSAJE: Vehiculo En Talanquera
2022/06/23 03:50:47.721 - MENSAJE: Vehiculo Salio Talanquera
2022/06/23 03:50:47.785 - MENSAJE: (PRESENTER) Borrado Exitoso Variables PLC
2022/06/23 03:50:47.849 - MENSAJE: (PRESENTER) Borrado Exitoso Variables PLC
2022/06/23 03:50:49.250 - MENSAJE: Sin_Tarjeta
2022/06/23 03:50:50.249 - MENSAJE: Sin_Tarjeta
2022/06/23 03:50:51.251 - MENSAJE: Sin_Tarjeta
2022/06/23 03:50:52.260 - MENSAJE: Sin_Tarjeta
2022/06/23 03:50:53.252 - MENSAJE: Sin_Tarjeta
2022/06/23 03:50:54.266 - MENSAJE: Sin_Tarjeta
2022/06/23 03:50:55.281 - MENSAJE: Sin_Tarjeta
2022/06/23 03:50:56.288 - MENSAJE: Sin_Tarjeta
2022/06/23 03:50:57.284 - MENSAJE: Sin_Tarjeta
2022/06/23 03:50:58.292 - MENSAJE: Sin_Tarjeta
2022/06/23 03:50:59.304 - MENSAJE: Sin_Tarjeta
2022/06/23 03:51:00.309 - MENSAJE: Sin_Tarjeta
2022/06/23 03:51:01.323 - MENSAJE: Sin_Tarjeta
2022/06/23 03:51:02.331 - MENSAJE: Sin_Tarjeta
2022/06/23 03:51:03.348 - MENSAJE: Sin_Tarjeta
2022/06/23 03:51:04.362 - MENSAJE: Sin_Tarjeta
2022/06/23 03:51:05.354 - MENSAJE: Sin_Tarjeta
2022/06/23 03:51:06.367 - MENSAJE: Sin_Tarjeta
2022/06/23 03:51:07.364 - MENSAJE: Sin_Tarjeta
2022/06/23 03:51:08.373 - MENSAJE: Sin_Tarjeta
2022/06/23 03:51:09.371 - MENSAJE: Sin_Tarjeta
2022/06/23 03:51:10.370 - MENSAJE: Sin_Tarjeta
2022/06/23 03:51:11.372 - MENSAJE: Sin_Tarjeta
2022/06/23 03:51:12.375 - MENSAJE: Sin_Tarjeta
2022/06/23 03:51:13.363 - MENSAJE: Sin_Tarjeta
2022/06/23 03:51:14.370 - MENSAJE: Sin_Tarjeta
2022/06/23 03:51:15.362 - MENSAJE: Sin_Tarjeta
2022/06/23 03:51:16.390 - MENSAJE: Sin_Tarjeta
2022/06/23 03:51:17.409 - MENSAJE: Sin_Tarjeta
2022/06/23 03:51:18.401 - MENSAJE: Sin_Tarjeta
2022/06/23 03:51:19.405 - MENSAJE: Sin_Tarjeta
2022/06/23 03:51:20.413 - MENSAJE: Sin_Tarjeta
2022/06/23 03:51:21.408 - MENSAJE: Sin_Tarjeta
2022/06/23 03:51:22.438 - MENSAJE: Sin_Tarjeta
2022/06/23 03:51:23.440 - MENSAJE: Sin_Tarjeta
2022/06/23 03:51:24.445 - MENSAJE: Sin_Tarjeta
2022/06/23 03:51:25.459 - MENSAJE: Sin_Tarjeta
2022/06/23 03:51:26.461 - MENSAJE: Sin_Tarjeta
2022/06/23 03:51:27.466 - MENSAJE: Sin_Tarjeta
2022/06/23 03:51:28.464 - MENSAJE: Sin_Tarjeta
2022/06/23 03:51:29.466 - MENSAJE: Sin_Tarjeta
2022/06/23 03:51:30.466 - MENSAJE: Sin_Tarjeta
2022/06/23 03:51:31.468 - MENSAJE: Sin_Tarjeta
2022/06/23 03:51:32.457 - MENSAJE: Sin_Tarjeta
2022/06/23 03:51:33.468 - MENSAJE: Sin_Tarjeta
2022/06/23 03:51:34.492 - MENSAJE: Sin_Tarjeta
2022/06/23 03:51:35.506 - MENSAJE: Sin_Tarjeta
2022/06/23 03:51:36.529 - MENSAJE: Sin_Tarjeta
2022/06/23 03:51:37.527 - MENSAJE: Sin_Tarjeta
2022/06/23 03:51:38.529 - MENSAJE: Sin_Tarjeta
2022/06/23 03:51:39.536 - MENSAJE: Sin_Tarjeta
2022/06/23 03:51:40.547 - MENSAJE: Sin_Tarjeta
2022/06/23 03:51:41.559 - MENSAJE: Sin_Tarjeta
2022/06/23 03:51:42.561 - MENSAJE: Sin_Tarjeta
2022/06/23 03:51:43.573 - MENSAJE: Sin_Tarjeta
2022/06/23 03:51:44.565 - MENSAJE: Sin_Tarjeta
2022/06/23 03:51:45.571 - MENSAJE: Sin_Tarjeta
2022/06/23 03:51:46.583 - MENSAJE: Sin_Tarjeta
2022/06/23 03:51:47.600 - MENSAJE: Sin_Tarjeta
2022/06/23 03:51:48.619 - MENSAJE: Sin_Tarjeta
2022/06/23 03:51:49.623 - MENSAJE: Sin_Tarjeta
2022/06/23 03:51:50.615 - MENSAJE: Sin_Tarjeta
2022/06/23 03:51:51.634 - MENSAJE: Sin_Tarjeta
2022/06/23 03:51:52.633 - MENSAJE: Sin_Tarjeta
2022/06/23 03:51:53.637 - MENSAJE: Sin_Tarjeta
2022/06/23 03:51:54.651 - MENSAJE: Sin_Tarjeta
2022/06/23 03:51:55.658 - MENSAJE: Sin_Tarjeta
2022/06/23 03:51:56.671 - MENSAJE: Sin_Tarjeta
2022/06/23 03:51:57.669 - MENSAJE: Sin_Tarjeta
2022/06/23 03:51:58.658 - MENSAJE: Sin_Tarjeta
2022/06/23 03:51:59.679 - MENSAJE: Sin_Tarjeta
2022/06/23 03:52:00.681 - MENSAJE: Sin_Tarjeta
2022/06/23 03:52:01.687 - MENSAJE: Sin_Tarjeta
2022/06/23 03:52:02.693 - MENSAJE: Sin_Tarjeta
2022/06/23 03:52:03.719 - MENSAJE: Sin_Tarjeta
2022/06/23 03:52:04.732 - MENSAJE: Sin_Tarjeta
2022/06/23 03:52:05.722 - MENSAJE: Sin_Tarjeta
2022/06/23 03:52:06.742 - MENSAJE: Sin_Tarjeta
2022/06/23 03:52:07.771 - MENSAJE: Sin_Tarjeta
2022/06/23 03:52:08.789 - MENSAJE: Sin_Tarjeta
2022/06/23 03:52:09.795 - MENSAJE: Sin_Tarjeta
2022/06/23 03:52:10.805 - MENSAJE: Sin_Tarjeta
2022/06/23 03:52:11.828 - MENSAJE: Sin_Tarjeta
2022/06/23 03:52:12.840 - MENSAJE: Sin_Tarjeta
2022/06/23 03:52:13.848 - MENSAJE: Sin_Tarjeta
2022/06/23 03:52:14.862 - MENSAJE: Sin_Tarjeta
2022/06/23 03:52:15.845 - MENSAJE: Sin_Tarjeta
2022/06/23 03:52:16.852 - MENSAJE: Sin_Tarjeta
2022/06/23 03:52:17.874 - MENSAJE: Sin_Tarjeta
2022/06/23 03:52:18.862 - MENSAJE: Sin_Tarjeta
2022/06/23 03:52:19.877 - MENSAJE: Sin_Tarjeta
2022/06/23 03:52:20.883 - MENSAJE: Sin_Tarjeta
2022/06/23 03:52:21.900 - MENSAJE: Sin_Tarjeta
2022/06/23 03:52:22.887 - MENSAJE: Sin_Tarjeta
2022/06/23 03:52:23.899 - MENSAJE: Sin_Tarjeta
2022/06/23 03:52:24.897 - MENSAJE: Sin_Tarjeta
2022/06/23 03:52:25.921 - MENSAJE: Sin_Tarjeta
2022/06/23 03:52:26.913 - MENSAJE: Sin_Tarjeta
2022/06/23 03:52:27.914 - MENSAJE: Sin_Tarjeta
2022/06/23 03:52:28.908 - MENSAJE: Sin_Tarjeta
2022/06/23 03:52:29.919 - MENSAJE: Sin_Tarjeta
2022/06/23 03:52:30.927 - MENSAJE: Sin_Tarjeta
2022/06/23 03:52:31.946 - MENSAJE: Sin_Tarjeta
2022/06/23 03:52:32.967 - MENSAJE: Sin_Tarjeta
2022/06/23 03:52:33.979 - MENSAJE: Sin_Tarjeta
2022/06/23 03:52:34.970 - MENSAJE: Sin_Tarjeta
2022/06/23 03:52:36.000 - MENSAJE: Sin_Tarjeta
2022/06/23 03:52:37.011 - MENSAJE: Sin_Tarjeta
2022/06/23 03:52:38.016 - MENSAJE: Sin_Tarjeta
2022/06/23 03:52:39.013 - MENSAJE: Sin_Tarjeta
2022/06/23 03:52:40.038 - MENSAJE: Sin_Tarjeta
2022/06/23 03:52:41.035 - MENSAJE: Sin_Tarjeta
2022/06/23 03:52:42.040 - MENSAJE: Sin_Tarjeta
2022/06/23 03:52:43.047 - MENSAJE: Sin_Tarjeta
2022/06/23 03:52:44.064 - MENSAJE: Sin_Tarjeta
2022/06/23 03:52:45.063 - MENSAJE: Sin_Tarjeta
2022/06/23 03:52:46.069 - MENSAJE: Sin_Tarjeta
2022/06/23 03:52:47.072 - MENSAJE: Sin_Tarjeta
2022/06/23 03:52:48.068 - MENSAJE: Sin_Tarjeta
2022/06/23 03:52:49.067 - MENSAJE: Sin_Tarjeta
2022/06/23 03:52:50.061 - MENSAJE: Sin_Tarjeta
2022/06/23 03:52:51.074 - MENSAJE: Sin_Tarjeta
2022/06/23 03:52:52.064 - MENSAJE: Sin_Tarjeta
2022/06/23 03:52:53.072 - MENSAJE: Sin_Tarjeta
2022/06/23 03:52:54.075 - MENSAJE: Sin_Tarjeta
2022/06/23 03:52:55.071 - MENSAJE: Sin_Tarjeta
2022/06/23 03:52:56.069 - MENSAJE: Sin_Tarjeta
2022/06/23 03:52:57.085 - MENSAJE: Sin_Tarjeta
2022/06/23 03:52:58.066 - MENSAJE: Sin_Tarjeta
2022/06/23 03:52:59.117 - MENSAJE: Sin_Tarjeta
