2023/11/17 09:16:30.808 - INICIO REGISTRO
2023/11/17 09:16:30.822 - MENSAJE: (FrondEnd CargaRecursos): Carga Controles - OK
2023/11/17 09:16:31.000 - MENSAJE: (FrondEnd CargaImagenes): Carga Imagenes - OK
2023/11/17 09:16:32.711 - MENSAJE: (Presenter ObtenerInfoModulo) OK
2023/11/17 09:16:32.766 - MENSAJE: (Presenter ObtenerInfoPartes) OK
2023/11/17 09:16:32.809 - MENSAJE: (Presenter ObtenerInfoParametros) OK
2023/11/17 09:16:32.869 - MENSAJE: 
2023/11/17 09:16:33.182 - MENSAJE: (PRESENTER) Error Borrado Varibales PLC
2023/11/17 09:16:33.341 - MENSAJE: (FrontEnd Antes CapturaPlaca)
2023/11/17 09:16:33.446 - MENSAJE: (FrontEnd Antes CapturaPlaca) ------
2023/11/17 09:16:33.453 - MENSAJE: 
2023/11/17 09:16:33.460 - MENSAJE: 
2023/11/17 09:16:33.463 - MENSAJE: 
2023/11/17 09:16:33.881 - MENSAJE: (FrontEnd Antes CapturaPlaca)
2023/11/17 09:16:33.987 - MENSAJE: (FrontEnd Antes CapturaPlaca) ------
2023/11/17 09:16:33.988 - MENSAJE: 
2023/11/17 09:16:33.989 - MENSAJE: 
2023/11/17 09:16:34.000 - MENSAJE: 
2023/11/17 09:16:34.807 - MENSAJE: (FrontEnd Antes CapturaPlaca)
2023/11/17 09:16:34.834 - MENSAJE: (FrontEnd Antes CapturaPlaca) ------
2023/11/17 09:16:34.834 - MENSAJE: 
2023/11/17 09:16:34.834 - MENSAJE: 
2023/11/17 09:16:34.846 - MENSAJE: 
2023/11/17 09:16:35.817 - MENSAJE: (FrontEnd Antes CapturaPlaca)
2023/11/17 09:16:36.420 - MENSAJE: (FrontEnd Antes CapturaPlaca) ------
2023/11/17 09:16:36.421 - MENSAJE: 
2023/11/17 09:16:36.422 - MENSAJE: 
2023/11/17 09:16:36.432 - MENSAJE: 
2023/11/17 09:16:54.010 - INICIO REGISTRO
2023/11/17 09:16:54.020 - MENSAJE: (FrondEnd CargaRecursos): Carga Controles - OK
2023/11/17 09:16:54.170 - MENSAJE: (FrondEnd CargaImagenes): Carga Imagenes - OK
2023/11/17 09:16:54.741 - MENSAJE: (Presenter ObtenerInfoModulo) OK
2023/11/17 09:16:54.780 - MENSAJE: (Presenter ObtenerInfoPartes) OK
2023/11/17 09:16:54.810 - MENSAJE: (Presenter ObtenerInfoParametros) OK
2023/11/17 09:16:54.841 - MENSAJE: 
2023/11/17 09:16:54.943 - MENSAJE: (PRESENTER) Error Borrado Varibales PLC
2023/11/17 09:16:55.034 - MENSAJE: (FrontEnd Antes CapturaPlaca)
2023/11/17 09:17:01.048 - MENSAJE: (FrontEnd Antes CapturaPlaca) ------
2023/11/17 09:17:01.053 - MENSAJE: 
2023/11/17 09:17:01.064 - MENSAJE: 
2023/11/17 09:17:01.138 - MENSAJE: (FrontEnd Antes CapturaPlaca)
2023/11/17 09:17:01.170 - MENSAJE: (FrontEnd Antes CapturaPlaca) ------
2023/11/17 09:17:01.171 - MENSAJE: 
2023/11/17 09:17:01.171 - MENSAJE: 
2023/11/17 09:17:01.172 - MENSAJE: (FrontEnd Antes CapturaPlaca)
2023/11/17 09:17:01.185 - MENSAJE: 
2023/11/17 09:17:01.199 - MENSAJE: (FrontEnd Antes CapturaPlaca) ------
2023/11/17 09:17:02.061 - MENSAJE: 
2023/11/17 09:17:02.062 - MENSAJE: 
2023/11/17 09:17:02.072 - MENSAJE: 
2023/11/17 09:17:02.183 - MENSAJE: FrondEnd-Imprimir -> Funcion imprimir Ticket.
2023/11/17 09:17:05.918 - MENSAJE: 
2023/11/17 09:17:05.918 - MENSAJE: 
2023/11/17 09:17:05.980 - MENSAJE: 
2023/11/17 09:17:06.022 - MENSAJE: 
2023/11/17 09:17:07.010 - MENSAJE: 
2023/11/17 09:17:08.015 - MENSAJE: 
2023/11/17 09:17:09.019 - MENSAJE: 
2023/11/17 09:17:10.010 - MENSAJE: 
2023/11/17 09:17:11.020 - MENSAJE: 
2023/11/17 09:17:12.025 - MENSAJE: 
2023/11/17 09:17:13.025 - MENSAJE: 
2023/11/17 09:17:14.039 - MENSAJE: 
2023/11/17 09:17:15.041 - MENSAJE: 
2023/11/17 09:17:16.036 - MENSAJE: 
2023/11/17 09:17:17.035 - MENSAJE: 
2023/11/17 09:17:18.035 - MENSAJE: 
2023/11/17 09:17:19.034 - MENSAJE: 
2023/11/17 09:19:27.086 - INICIO REGISTRO
2023/11/17 09:19:27.095 - MENSAJE: (FrondEnd CargaRecursos): Carga Controles - OK
2023/11/17 09:19:27.259 - MENSAJE: (FrondEnd CargaImagenes): Carga Imagenes - OK
2023/11/17 09:19:33.583 - MENSAJE: (Presenter ObtenerInfoModulo) OK
2023/11/17 09:19:33.635 - MENSAJE: (Presenter ObtenerInfoPartes) OK
2023/11/17 09:19:33.664 - MENSAJE: (Presenter ObtenerInfoParametros) OK
2023/11/17 09:19:33.771 - MENSAJE: 
2023/11/17 09:19:33.891 - MENSAJE: (PRESENTER) Error Borrado Varibales PLC
2023/11/17 09:19:34.044 - MENSAJE: (FrontEnd Antes CapturaPlaca)
2023/11/17 09:19:34.084 - MENSAJE: (FrontEnd Antes CapturaPlaca) ------
2023/11/17 09:19:34.089 - MENSAJE: 
2023/11/17 09:19:44.164 - MENSAJE: 
2023/11/17 09:19:44.197 - MENSAJE: (FrontEnd Antes CapturaPlaca)
2023/11/17 09:19:44.248 - MENSAJE: (FrontEnd Antes CapturaPlaca) ------
2023/11/17 09:19:44.250 - MENSAJE: 
2023/11/17 09:19:44.250 - MENSAJE: 
2023/11/17 09:19:44.260 - MENSAJE: 
2023/11/17 09:19:45.101 - MENSAJE: (FrontEnd Antes CapturaPlaca)
2023/11/17 09:19:45.135 - MENSAJE: (FrontEnd Antes CapturaPlaca) ------
2023/11/17 09:19:45.137 - MENSAJE: 
2023/11/17 09:19:45.139 - MENSAJE: 
2023/11/17 09:19:45.148 - MENSAJE: 
2023/11/17 09:19:46.089 - MENSAJE: (FrontEnd Antes CapturaPlaca)
2023/11/17 09:19:46.120 - MENSAJE: (FrontEnd Antes CapturaPlaca) ------
2023/11/17 09:19:46.121 - MENSAJE: 
2023/11/17 09:19:46.121 - MENSAJE: 
2023/11/17 09:19:49.331 - MENSAJE: 
2023/11/17 09:19:49.330 - MENSAJE: (FrontEnd Antes CapturaPlaca)
2023/11/17 09:19:51.027 - MENSAJE: (FrontEnd Antes CapturaPlaca) ------
2023/11/17 09:20:53.631 - INICIO REGISTRO
2023/11/17 09:20:53.640 - MENSAJE: (FrondEnd CargaRecursos): Carga Controles - OK
2023/11/17 09:20:53.795 - MENSAJE: (FrondEnd CargaImagenes): Carga Imagenes - OK
2023/11/17 09:21:00.050 - MENSAJE: (Presenter ObtenerInfoModulo) OK
2023/11/17 09:21:00.089 - MENSAJE: (Presenter ObtenerInfoPartes) OK
2023/11/17 09:21:00.117 - MENSAJE: (Presenter ObtenerInfoParametros) OK
2023/11/17 09:21:00.158 - MENSAJE: 
2023/11/17 09:21:00.285 - MENSAJE: (PRESENTER) Error Borrado Varibales PLC
2023/11/17 09:21:00.373 - MENSAJE: (FrontEnd Antes CapturaPlaca)
2023/11/17 09:21:00.419 - MENSAJE: (FrontEnd Antes CapturaPlaca) ------
2023/11/17 09:21:00.424 - MENSAJE: 
2023/11/17 09:21:00.437 - MENSAJE: 
2023/11/17 09:21:00.651 - MENSAJE: (FrontEnd Antes CapturaPlaca)
2023/11/17 09:21:00.689 - MENSAJE: (FrontEnd Antes CapturaPlaca) ------
2023/11/17 09:21:00.690 - MENSAJE: 
2023/11/17 09:21:00.690 - MENSAJE: 
2023/11/17 09:21:00.702 - MENSAJE: 
2023/11/17 09:21:01.671 - MENSAJE: (FrontEnd Antes CapturaPlaca)
2023/11/17 09:21:01.708 - MENSAJE: (FrontEnd Antes CapturaPlaca) ------
2023/11/17 09:21:01.709 - MENSAJE: 
2023/11/17 09:21:01.709 - MENSAJE: 
2023/11/17 09:21:01.720 - MENSAJE: 
2023/11/17 09:21:02.641 - MENSAJE: (FrontEnd Antes CapturaPlaca)
2023/11/17 09:21:02.673 - MENSAJE: (FrontEnd Antes CapturaPlaca) ------
2023/11/17 09:21:02.675 - MENSAJE: 
2023/11/17 09:21:02.677 - MENSAJE: 
2023/11/17 09:21:02.686 - MENSAJE: 
2023/11/17 09:21:03.646 - MENSAJE: (FrontEnd Antes CapturaPlaca)
2023/11/17 09:21:03.677 - MENSAJE: (FrontEnd Antes CapturaPlaca) ------
2023/11/17 09:21:03.678 - MENSAJE: 
2023/11/17 09:21:03.678 - MENSAJE: 
2023/11/17 09:21:03.689 - MENSAJE: 
2023/11/17 09:21:04.649 - MENSAJE: (FrontEnd Antes CapturaPlaca)
2023/11/17 09:21:04.681 - MENSAJE: (FrontEnd Antes CapturaPlaca) ------
2023/11/17 09:21:04.682 - MENSAJE: 
2023/11/17 09:21:04.682 - MENSAJE: 
2023/11/17 09:21:04.693 - MENSAJE: 
2023/11/17 09:21:05.638 - MENSAJE: (FrontEnd Antes CapturaPlaca)
2023/11/17 09:21:05.665 - MENSAJE: (FrontEnd Antes CapturaPlaca) ------
2023/11/17 09:21:05.667 - MENSAJE: 
2023/11/17 09:21:05.668 - MENSAJE: 
2023/11/17 09:21:05.677 - MENSAJE: 
2023/11/17 09:21:06.643 - MENSAJE: (FrontEnd Antes CapturaPlaca)
2023/11/17 09:21:06.674 - MENSAJE: (FrontEnd Antes CapturaPlaca) ------
2023/11/17 09:21:06.675 - MENSAJE: 
2023/11/17 09:21:06.675 - MENSAJE: 
2023/11/17 09:21:06.685 - MENSAJE: 
2023/11/17 09:21:07.645 - MENSAJE: (FrontEnd Antes CapturaPlaca)
2023/11/17 09:21:07.675 - MENSAJE: (FrontEnd Antes CapturaPlaca) ------
2023/11/17 09:21:07.677 - MENSAJE: 
2023/11/17 09:21:07.676 - MENSAJE: 
2023/11/17 09:21:07.687 - MENSAJE: 
2023/11/17 09:21:08.647 - MENSAJE: (FrontEnd Antes CapturaPlaca)
2023/11/17 09:21:08.678 - MENSAJE: (FrontEnd Antes CapturaPlaca) ------
2023/11/17 09:21:08.679 - MENSAJE: 
2023/11/17 09:21:08.680 - MENSAJE: 
2023/11/17 09:21:08.690 - MENSAJE: 
2023/11/17 09:21:09.636 - MENSAJE: (FrontEnd Antes CapturaPlaca)
2023/11/17 09:21:09.654 - MENSAJE: (FrontEnd Antes CapturaPlaca) ------
2023/11/17 09:21:09.656 - MENSAJE: 
2023/11/17 09:21:09.656 - MENSAJE: 
2023/11/17 09:21:09.666 - MENSAJE: 
2023/11/17 09:21:10.640 - MENSAJE: (FrontEnd Antes CapturaPlaca)
2023/11/17 09:21:10.672 - MENSAJE: (FrontEnd Antes CapturaPlaca) ------
2023/11/17 09:21:10.673 - MENSAJE: 
2023/11/17 09:21:10.673 - MENSAJE: 
2023/11/17 09:21:10.684 - MENSAJE: 
2023/11/17 09:21:11.643 - MENSAJE: (FrontEnd Antes CapturaPlaca)
2023/11/17 09:21:11.666 - MENSAJE: (FrontEnd Antes CapturaPlaca) ------
2023/11/17 09:21:11.667 - MENSAJE: 
2023/11/17 09:21:11.668 - MENSAJE: 
2023/11/17 09:21:11.678 - MENSAJE: 
2023/11/17 09:21:12.647 - MENSAJE: (FrontEnd Antes CapturaPlaca)
2023/11/17 09:21:12.685 - MENSAJE: (FrontEnd Antes CapturaPlaca) ------
2023/11/17 09:21:12.686 - MENSAJE: 
2023/11/17 09:21:12.686 - MENSAJE: 
2023/11/17 09:21:12.697 - MENSAJE: 
2023/11/17 09:21:13.656 - MENSAJE: (FrontEnd Antes CapturaPlaca)
2023/11/17 09:21:13.692 - MENSAJE: (FrontEnd Antes CapturaPlaca) ------
2023/11/17 09:21:13.693 - MENSAJE: 
2023/11/17 09:21:13.693 - MENSAJE: 
2023/11/17 09:21:13.703 - MENSAJE: 
2023/11/17 09:21:14.640 - MENSAJE: (FrontEnd Antes CapturaPlaca)
2023/11/17 09:21:14.670 - MENSAJE: (FrontEnd Antes CapturaPlaca) ------
2023/11/17 09:21:14.671 - MENSAJE: 
2023/11/17 09:21:14.671 - MENSAJE: 
2023/11/17 09:21:14.682 - MENSAJE: 
2023/11/17 09:21:15.645 - MENSAJE: (FrontEnd Antes CapturaPlaca)
2023/11/17 09:21:15.675 - MENSAJE: (FrontEnd Antes CapturaPlaca) ------
2023/11/17 09:21:15.676 - MENSAJE: 
2023/11/17 09:21:15.676 - MENSAJE: 
2023/11/17 09:21:15.687 - MENSAJE: 
2023/11/17 09:21:16.649 - MENSAJE: (FrontEnd Antes CapturaPlaca)
2023/11/17 09:21:16.680 - MENSAJE: (FrontEnd Antes CapturaPlaca) ------
2023/11/17 09:21:16.681 - MENSAJE: 
2023/11/17 09:21:16.681 - MENSAJE: 
2023/11/17 09:21:16.692 - MENSAJE: 
2023/11/17 09:21:17.639 - MENSAJE: (FrontEnd Antes CapturaPlaca)
2023/11/17 09:21:17.671 - MENSAJE: (FrontEnd Antes CapturaPlaca) ------
2023/11/17 09:21:17.672 - MENSAJE: 
2023/11/17 09:21:17.672 - MENSAJE: 
2023/11/17 09:21:17.683 - MENSAJE: 
2023/11/17 09:21:18.644 - MENSAJE: (FrontEnd Antes CapturaPlaca)
2023/11/17 09:21:18.664 - MENSAJE: (FrontEnd Antes CapturaPlaca) ------
2023/11/17 09:21:18.666 - MENSAJE: 
2023/11/17 09:21:18.666 - MENSAJE: 
2023/11/17 09:21:18.677 - MENSAJE: 
2023/11/17 09:21:19.647 - MENSAJE: (FrontEnd Antes CapturaPlaca)
2023/11/17 09:21:19.665 - MENSAJE: (FrontEnd Antes CapturaPlaca) ------
2023/11/17 09:21:19.667 - MENSAJE: 
2023/11/17 09:21:19.667 - MENSAJE: 
2023/11/17 09:21:19.678 - MENSAJE: 
2023/11/17 09:21:20.635 - MENSAJE: (FrontEnd Antes CapturaPlaca)
2023/11/17 09:21:20.657 - MENSAJE: (FrontEnd Antes CapturaPlaca) ------
2023/11/17 09:21:20.659 - MENSAJE: 
2023/11/17 09:21:20.659 - MENSAJE: 
2023/11/17 09:21:20.670 - MENSAJE: 
2023/11/17 09:21:21.639 - MENSAJE: (FrontEnd Antes CapturaPlaca)
2023/11/17 09:21:21.658 - MENSAJE: (FrontEnd Antes CapturaPlaca) ------
2023/11/17 09:21:21.659 - MENSAJE: 
2023/11/17 09:21:21.659 - MENSAJE: 
2023/11/17 09:21:21.670 - MENSAJE: 
2023/11/17 09:21:22.642 - MENSAJE: (FrontEnd Antes CapturaPlaca)
2023/11/17 09:21:22.672 - MENSAJE: (FrontEnd Antes CapturaPlaca) ------
2023/11/17 09:21:22.673 - MENSAJE: 
2023/11/17 09:21:22.674 - MENSAJE: 
2023/11/17 09:21:22.684 - MENSAJE: 
2023/11/17 09:21:23.646 - MENSAJE: (FrontEnd Antes CapturaPlaca)
2023/11/17 09:21:23.665 - MENSAJE: (FrontEnd Antes CapturaPlaca) ------
2023/11/17 09:21:23.666 - MENSAJE: 
2023/11/17 09:21:23.666 - MENSAJE: 
2023/11/17 09:21:23.677 - MENSAJE: 
2023/11/17 09:21:24.635 - MENSAJE: (FrontEnd Antes CapturaPlaca)
2023/11/17 09:21:24.660 - MENSAJE: (FrontEnd Antes CapturaPlaca) ------
2023/11/17 09:21:24.661 - MENSAJE: 
2023/11/17 09:21:24.661 - MENSAJE: 
2023/11/17 09:21:24.671 - MENSAJE: 
2023/11/17 09:21:25.644 - MENSAJE: (FrontEnd Antes CapturaPlaca)
2023/11/17 09:21:25.663 - MENSAJE: (FrontEnd Antes CapturaPlaca) ------
2023/11/17 09:21:25.665 - MENSAJE: 
2023/11/17 09:21:25.665 - MENSAJE: 
2023/11/17 09:21:25.675 - MENSAJE: 
2023/11/17 09:21:26.667 - MENSAJE: (FrontEnd Antes CapturaPlaca)
2023/11/17 09:21:26.703 - MENSAJE: (FrontEnd Antes CapturaPlaca) ------
2023/11/17 09:21:26.704 - MENSAJE: 
2023/11/17 09:21:26.706 - MENSAJE: 
2023/11/17 09:21:26.715 - MENSAJE: 
2023/11/17 09:21:27.648 - MENSAJE: (FrontEnd Antes CapturaPlaca)
2023/11/17 09:21:27.667 - MENSAJE: (FrontEnd Antes CapturaPlaca) ------
2023/11/17 09:21:27.668 - MENSAJE: 
2023/11/17 09:21:27.668 - MENSAJE: 
2023/11/17 09:21:27.679 - MENSAJE: 
2023/11/17 09:21:28.637 - MENSAJE: (FrontEnd Antes CapturaPlaca)
2023/11/17 09:21:28.672 - MENSAJE: (FrontEnd Antes CapturaPlaca) ------
2023/11/17 09:21:28.673 - MENSAJE: 
2023/11/17 09:21:28.673 - MENSAJE: 
2023/11/17 09:21:28.683 - MENSAJE: 
2023/11/17 09:21:29.640 - MENSAJE: (FrontEnd Antes CapturaPlaca)
2023/11/17 09:21:29.671 - MENSAJE: (FrontEnd Antes CapturaPlaca) ------
2023/11/17 09:21:29.672 - MENSAJE: 
2023/11/17 09:21:29.672 - MENSAJE: 
2023/11/17 09:21:29.683 - MENSAJE: 
2023/11/17 09:21:30.643 - MENSAJE: (FrontEnd Antes CapturaPlaca)
2023/11/17 09:21:30.687 - MENSAJE: (FrontEnd Antes CapturaPlaca) ------
2023/11/17 09:21:30.688 - MENSAJE: 
2023/11/17 09:21:30.688 - MENSAJE: 
2023/11/17 09:21:30.699 - MENSAJE: 
2023/11/17 09:21:31.647 - MENSAJE: (FrontEnd Antes CapturaPlaca)
2023/11/17 09:21:31.676 - MENSAJE: (FrontEnd Antes CapturaPlaca) ------
2023/11/17 09:21:31.677 - MENSAJE: 
2023/11/17 09:21:31.677 - MENSAJE: 
2023/11/17 09:21:31.688 - MENSAJE: 
2023/11/17 09:21:32.636 - MENSAJE: (FrontEnd Antes CapturaPlaca)
2023/11/17 09:21:32.660 - MENSAJE: (FrontEnd Antes CapturaPlaca) ------
2023/11/17 09:21:32.661 - MENSAJE: 
2023/11/17 09:21:32.661 - MENSAJE: 
2023/11/17 09:21:32.671 - MENSAJE: 
2023/11/17 09:21:33.641 - MENSAJE: (FrontEnd Antes CapturaPlaca)
2023/11/17 09:21:33.660 - MENSAJE: (FrontEnd Antes CapturaPlaca) ------
2023/11/17 09:21:33.661 - MENSAJE: 
2023/11/17 09:21:33.662 - MENSAJE: 
2023/11/17 09:21:33.672 - MENSAJE: 
2023/11/17 09:21:34.644 - MENSAJE: (FrontEnd Antes CapturaPlaca)
2023/11/17 09:21:34.674 - MENSAJE: (FrontEnd Antes CapturaPlaca) ------
2023/11/17 09:21:34.675 - MENSAJE: 
2023/11/17 09:21:34.675 - MENSAJE: 
2023/11/17 09:21:34.686 - MENSAJE: 
2023/11/17 09:21:35.648 - MENSAJE: (FrontEnd Antes CapturaPlaca)
2023/11/17 09:21:35.678 - MENSAJE: (FrontEnd Antes CapturaPlaca) ------
2023/11/17 09:21:35.680 - MENSAJE: 
2023/11/17 09:21:35.680 - MENSAJE: 
2023/11/17 09:21:35.690 - MENSAJE: 
2023/11/17 09:21:36.636 - MENSAJE: (FrontEnd Antes CapturaPlaca)
2023/11/17 09:21:36.673 - MENSAJE: (FrontEnd Antes CapturaPlaca) ------
2023/11/17 09:21:36.674 - MENSAJE: 
2023/11/17 09:21:36.674 - MENSAJE: 
2023/11/17 09:21:36.685 - MENSAJE: 
2023/11/17 09:21:37.639 - MENSAJE: (FrontEnd Antes CapturaPlaca)
2023/11/17 09:21:37.673 - MENSAJE: (FrontEnd Antes CapturaPlaca) ------
2023/11/17 09:21:37.674 - MENSAJE: 
2023/11/17 09:21:37.674 - MENSAJE: 
2023/11/17 09:21:37.685 - MENSAJE: 
2023/11/17 09:21:38.644 - MENSAJE: (FrontEnd Antes CapturaPlaca)
2023/11/17 09:21:38.676 - MENSAJE: (FrontEnd Antes CapturaPlaca) ------
2023/11/17 09:21:38.677 - MENSAJE: 
2023/11/17 09:21:38.677 - MENSAJE: 
2023/11/17 09:21:38.688 - MENSAJE: 
2023/11/17 09:21:39.664 - MENSAJE: (FrontEnd Antes CapturaPlaca)
2023/11/17 09:21:39.697 - MENSAJE: (FrontEnd Antes CapturaPlaca) ------
2023/11/17 09:21:39.698 - MENSAJE: 
2023/11/17 09:21:39.698 - MENSAJE: 
2023/11/17 09:21:39.709 - MENSAJE: 
2023/11/17 09:21:40.637 - MENSAJE: (FrontEnd Antes CapturaPlaca)
2023/11/17 09:21:40.668 - MENSAJE: (FrontEnd Antes CapturaPlaca) ------
2023/11/17 09:21:40.669 - MENSAJE: 
2023/11/17 09:21:40.669 - MENSAJE: 
2023/11/17 09:21:40.679 - MENSAJE: 
2023/11/17 09:21:41.641 - MENSAJE: (FrontEnd Antes CapturaPlaca)
2023/11/17 09:21:41.671 - MENSAJE: (FrontEnd Antes CapturaPlaca) ------
2023/11/17 09:21:41.672 - MENSAJE: 
2023/11/17 09:21:41.672 - MENSAJE: 
2023/11/17 09:21:41.683 - MENSAJE: 
2023/11/17 09:21:42.646 - MENSAJE: (FrontEnd Antes CapturaPlaca)
2023/11/17 09:21:42.685 - MENSAJE: (FrontEnd Antes CapturaPlaca) ------
2023/11/17 09:21:42.686 - MENSAJE: 
2023/11/17 09:21:42.686 - MENSAJE: 
2023/11/17 09:21:42.697 - MENSAJE: 
2023/11/17 09:21:43.635 - MENSAJE: (FrontEnd Antes CapturaPlaca)
2023/11/17 09:21:43.652 - MENSAJE: (FrontEnd Antes CapturaPlaca) ------
2023/11/17 09:21:43.653 - MENSAJE: 
2023/11/17 09:21:43.654 - MENSAJE: 
2023/11/17 09:21:43.664 - MENSAJE: 
2023/11/17 09:21:44.638 - MENSAJE: (FrontEnd Antes CapturaPlaca)
2023/11/17 09:21:44.670 - MENSAJE: (FrontEnd Antes CapturaPlaca) ------
2023/11/17 09:21:44.671 - MENSAJE: 
2023/11/17 09:21:44.671 - MENSAJE: 
2023/11/17 09:21:44.682 - MENSAJE: 
2023/11/17 09:21:45.643 - MENSAJE: (FrontEnd Antes CapturaPlaca)
2023/11/17 09:21:45.665 - MENSAJE: (FrontEnd Antes CapturaPlaca) ------
2023/11/17 09:21:45.666 - MENSAJE: 
2023/11/17 09:21:45.666 - MENSAJE: 
2023/11/17 09:21:45.677 - MENSAJE: 
2023/11/17 09:21:46.648 - MENSAJE: (FrontEnd Antes CapturaPlaca)
2023/11/17 09:21:46.669 - MENSAJE: (FrontEnd Antes CapturaPlaca) ------
2023/11/17 09:21:46.670 - MENSAJE: 
2023/11/17 09:21:46.670 - MENSAJE: 
2023/11/17 09:21:46.681 - MENSAJE: 
2023/11/17 09:21:47.637 - MENSAJE: (FrontEnd Antes CapturaPlaca)
2023/11/17 09:21:47.664 - MENSAJE: (FrontEnd Antes CapturaPlaca) ------
2023/11/17 09:21:47.666 - MENSAJE: 
2023/11/17 09:21:47.666 - MENSAJE: 
2023/11/17 09:21:47.677 - MENSAJE: 
2023/11/17 09:21:48.636 - MENSAJE: (FrontEnd Antes CapturaPlaca)
2023/11/17 09:21:48.673 - MENSAJE: (FrontEnd Antes CapturaPlaca) ------
2023/11/17 09:21:48.674 - MENSAJE: 
2023/11/17 09:21:48.675 - MENSAJE: 
2023/11/17 09:21:48.685 - MENSAJE: 
2023/11/17 09:21:49.637 - MENSAJE: (FrontEnd Antes CapturaPlaca)
2023/11/17 09:21:49.658 - MENSAJE: (FrontEnd Antes CapturaPlaca) ------
2023/11/17 09:21:49.659 - MENSAJE: 
2023/11/17 09:21:49.660 - MENSAJE: 
2023/11/17 09:21:49.670 - MENSAJE: 
2023/11/17 09:21:50.642 - MENSAJE: (FrontEnd Antes CapturaPlaca)
2023/11/17 09:21:50.663 - MENSAJE: (FrontEnd Antes CapturaPlaca) ------
2023/11/17 09:21:50.664 - MENSAJE: 
2023/11/17 09:21:50.664 - MENSAJE: 
2023/11/17 09:21:50.675 - MENSAJE: 
2023/11/17 09:21:51.645 - MENSAJE: (FrontEnd Antes CapturaPlaca)
2023/11/17 09:21:51.678 - MENSAJE: (FrontEnd Antes CapturaPlaca) ------
2023/11/17 09:21:51.680 - MENSAJE: 
2023/11/17 09:21:51.680 - MENSAJE: 
2023/11/17 09:21:51.690 - MENSAJE: 
2023/11/17 09:21:52.648 - MENSAJE: (FrontEnd Antes CapturaPlaca)
2023/11/17 09:21:52.681 - MENSAJE: (FrontEnd Antes CapturaPlaca) ------
2023/11/17 09:21:52.683 - MENSAJE: 
2023/11/17 09:21:52.683 - MENSAJE: 
2023/11/17 09:21:52.693 - MENSAJE: 
2023/11/17 09:21:53.635 - MENSAJE: (FrontEnd Antes CapturaPlaca)
2023/11/17 09:21:53.655 - MENSAJE: (FrontEnd Antes CapturaPlaca) ------
2023/11/17 09:21:53.656 - MENSAJE: 
2023/11/17 09:21:53.657 - MENSAJE: 
2023/11/17 09:21:53.668 - MENSAJE: 
2023/11/17 09:21:54.640 - MENSAJE: (FrontEnd Antes CapturaPlaca)
2023/11/17 09:21:54.661 - MENSAJE: (FrontEnd Antes CapturaPlaca) ------
2023/11/17 09:21:54.662 - MENSAJE: 
2023/11/17 09:21:54.663 - MENSAJE: 
2023/11/17 09:21:54.673 - MENSAJE: 
2023/11/17 09:21:55.644 - MENSAJE: (FrontEnd Antes CapturaPlaca)
2023/11/17 09:21:55.673 - MENSAJE: (FrontEnd Antes CapturaPlaca) ------
2023/11/17 09:21:55.674 - MENSAJE: 
2023/11/17 09:21:55.674 - MENSAJE: 
2023/11/17 09:21:55.685 - MENSAJE: 
2023/11/17 09:21:56.646 - MENSAJE: (FrontEnd Antes CapturaPlaca)
2023/11/17 09:21:56.665 - MENSAJE: (FrontEnd Antes CapturaPlaca) ------
2023/11/17 09:21:56.666 - MENSAJE: 
2023/11/17 09:21:56.666 - MENSAJE: 
2023/11/17 09:21:56.677 - MENSAJE: 
2023/11/17 09:21:57.651 - MENSAJE: (FrontEnd Antes CapturaPlaca)
2023/11/17 09:21:57.705 - MENSAJE: (FrontEnd Antes CapturaPlaca) ------
2023/11/17 09:21:57.706 - MENSAJE: 
2023/11/17 09:21:57.706 - MENSAJE: 
2023/11/17 09:21:57.717 - MENSAJE: 
2023/11/17 09:21:58.655 - MENSAJE: (FrontEnd Antes CapturaPlaca)
2023/11/17 09:21:58.697 - MENSAJE: (FrontEnd Antes CapturaPlaca) ------
2023/11/17 09:21:58.698 - MENSAJE: 
2023/11/17 09:21:58.698 - MENSAJE: 
2023/11/17 09:21:58.709 - MENSAJE: 
2023/11/17 09:21:59.658 - MENSAJE: (FrontEnd Antes CapturaPlaca)
2023/11/17 09:21:59.689 - MENSAJE: (FrontEnd Antes CapturaPlaca) ------
2023/11/17 09:21:59.690 - MENSAJE: 
2023/11/17 09:21:59.690 - MENSAJE: 
2023/11/17 09:21:59.701 - MENSAJE: 
2023/11/17 09:22:00.665 - MENSAJE: (FrontEnd Antes CapturaPlaca)
2023/11/17 09:22:00.681 - MENSAJE: (FrontEnd Antes CapturaPlaca) ------
2023/11/17 09:22:00.682 - MENSAJE: 
2023/11/17 09:22:00.683 - MENSAJE: 
2023/11/17 09:22:00.693 - MENSAJE: 
2023/11/17 09:22:01.654 - MENSAJE: (FrontEnd Antes CapturaPlaca)
2023/11/17 09:22:01.695 - MENSAJE: (FrontEnd Antes CapturaPlaca) ------
2023/11/17 09:22:01.697 - MENSAJE: 
2023/11/17 09:22:01.697 - MENSAJE: 
2023/11/17 09:22:01.708 - MENSAJE: 
2023/11/17 09:22:02.659 - MENSAJE: (FrontEnd Antes CapturaPlaca)
2023/11/17 09:22:02.695 - MENSAJE: (FrontEnd Antes CapturaPlaca) ------
2023/11/17 09:22:02.697 - MENSAJE: 
2023/11/17 09:22:02.697 - MENSAJE: 
2023/11/17 09:22:02.708 - MENSAJE: 
2023/11/17 09:22:03.665 - MENSAJE: (FrontEnd Antes CapturaPlaca)
2023/11/17 09:22:03.696 - MENSAJE: (FrontEnd Antes CapturaPlaca) ------
2023/11/17 09:22:03.697 - MENSAJE: 
2023/11/17 09:22:03.697 - MENSAJE: 
2023/11/17 09:22:03.708 - MENSAJE: 
2023/11/17 09:22:04.654 - MENSAJE: (FrontEnd Antes CapturaPlaca)
2023/11/17 09:22:04.685 - MENSAJE: (FrontEnd Antes CapturaPlaca) ------
2023/11/17 09:22:04.686 - MENSAJE: 
2023/11/17 09:22:04.686 - MENSAJE: 
2023/11/17 09:22:04.697 - MENSAJE: 
2023/11/17 09:22:05.657 - MENSAJE: (FrontEnd Antes CapturaPlaca)
2023/11/17 09:22:05.694 - MENSAJE: (FrontEnd Antes CapturaPlaca) ------
2023/11/17 09:22:05.695 - MENSAJE: 
2023/11/17 09:22:05.695 - MENSAJE: 
2023/11/17 09:22:05.705 - MENSAJE: 
2023/11/17 09:22:06.666 - MENSAJE: (FrontEnd Antes CapturaPlaca)
2023/11/17 09:22:06.688 - MENSAJE: (FrontEnd Antes CapturaPlaca) ------
2023/11/17 09:22:06.689 - MENSAJE: 
2023/11/17 09:22:06.689 - MENSAJE: 
2023/11/17 09:22:06.700 - MENSAJE: 
2023/11/17 09:22:07.652 - MENSAJE: (FrontEnd Antes CapturaPlaca)
2023/11/17 09:22:07.682 - MENSAJE: (FrontEnd Antes CapturaPlaca) ------
2023/11/17 09:22:07.683 - MENSAJE: 
2023/11/17 09:22:07.683 - MENSAJE: 
2023/11/17 09:22:07.693 - MENSAJE: 
2023/11/17 09:22:08.655 - MENSAJE: (FrontEnd Antes CapturaPlaca)
2023/11/17 09:22:08.687 - MENSAJE: (FrontEnd Antes CapturaPlaca) ------
2023/11/17 09:22:08.688 - MENSAJE: 
2023/11/17 09:22:08.688 - MENSAJE: 
2023/11/17 09:22:08.699 - MENSAJE: 
2023/11/17 09:22:09.658 - MENSAJE: (FrontEnd Antes CapturaPlaca)
2023/11/17 09:22:09.687 - MENSAJE: (FrontEnd Antes CapturaPlaca) ------
2023/11/17 09:22:09.688 - MENSAJE: 
2023/11/17 09:22:09.688 - MENSAJE: 
2023/11/17 09:22:09.699 - MENSAJE: 
2023/11/17 09:22:10.662 - MENSAJE: (FrontEnd Antes CapturaPlaca)
2023/11/17 09:22:10.693 - MENSAJE: (FrontEnd Antes CapturaPlaca) ------
2023/11/17 09:22:10.694 - MENSAJE: 
2023/11/17 09:22:10.694 - MENSAJE: 
2023/11/17 09:22:10.705 - MENSAJE: 
2023/11/17 09:22:11.666 - MENSAJE: (FrontEnd Antes CapturaPlaca)
2023/11/17 09:22:11.696 - MENSAJE: (FrontEnd Antes CapturaPlaca) ------
2023/11/17 09:22:11.697 - MENSAJE: 
2023/11/17 09:22:11.697 - MENSAJE: 
2023/11/17 09:22:22.543 - MENSAJE: 
2023/11/17 09:22:22.543 - MENSAJE: (FrontEnd Antes CapturaPlaca)
2023/11/17 09:22:23.445 - MENSAJE: (FrontEnd Antes CapturaPlaca) ------
2023/11/17 09:23:07.237 - MENSAJE: 
2023/11/17 09:23:07.241 - MENSAJE: 
2023/11/17 09:23:07.248 - MENSAJE: 
2023/11/17 09:23:07.321 - MENSAJE: FrondEnd-Imprimir -> Funcion imprimir Ticket.
2023/11/17 09:23:10.450 - MENSAJE: 
2023/11/17 09:23:10.450 - MENSAJE: 
2023/11/17 09:23:10.514 - MENSAJE: 
2023/11/17 09:23:10.521 - MENSAJE: 
2023/11/17 09:23:10.652 - MENSAJE: 
2023/11/17 09:23:11.658 - MENSAJE: 
2023/11/17 09:23:12.663 - MENSAJE: 
2023/11/17 09:23:13.651 - MENSAJE: 
2023/11/17 09:23:14.653 - MENSAJE: 
2023/11/17 09:23:15.659 - MENSAJE: 
2023/11/17 09:23:16.650 - MENSAJE: 
2023/11/17 09:23:17.656 - MENSAJE: 
2023/11/17 09:23:18.662 - MENSAJE: 
2023/11/17 09:23:19.654 - MENSAJE: 
2023/11/17 09:23:20.659 - MENSAJE: 
2023/11/17 09:23:21.663 - MENSAJE: 
2023/11/17 09:23:22.653 - MENSAJE: 
2023/11/17 09:23:23.658 - MENSAJE: 
2023/11/17 09:23:33.692 - INICIO REGISTRO
2023/11/17 09:23:33.702 - MENSAJE: (FrondEnd CargaRecursos): Carga Controles - OK
2023/11/17 09:23:33.862 - MENSAJE: (FrondEnd CargaImagenes): Carga Imagenes - OK
2023/11/17 09:23:40.373 - MENSAJE: (Presenter ObtenerInfoModulo) OK
2023/11/17 09:23:40.432 - MENSAJE: (Presenter ObtenerInfoPartes) OK
2023/11/17 09:23:40.462 - MENSAJE: (Presenter ObtenerInfoParametros) OK
2023/11/17 09:23:40.501 - MENSAJE: 
2023/11/17 09:23:40.629 - MENSAJE: (PRESENTER) Error Borrado Varibales PLC
2023/11/17 09:23:40.721 - MENSAJE: (FrontEnd Antes CapturaPlaca)
2023/11/17 09:23:40.778 - MENSAJE: (FrontEnd Antes CapturaPlaca) ------
2023/11/17 09:23:40.783 - MENSAJE: 
2023/11/17 09:23:40.797 - MENSAJE: 
2023/11/17 09:23:40.812 - MENSAJE: (FrontEnd Antes CapturaPlaca)
2023/11/17 09:23:40.836 - MENSAJE: (FrontEnd Antes CapturaPlaca) ------
2023/11/17 09:23:40.838 - MENSAJE: 
2023/11/17 09:23:40.840 - MENSAJE: 
2023/11/17 09:23:40.848 - MENSAJE: 
2023/11/17 09:23:41.709 - MENSAJE: (FrontEnd Antes CapturaPlaca)
2023/11/17 09:23:41.743 - MENSAJE: (FrontEnd Antes CapturaPlaca) ------
2023/11/17 09:23:41.744 - MENSAJE: 
2023/11/17 09:23:41.744 - MENSAJE: 
2023/11/17 09:23:41.755 - MENSAJE: 
2023/11/17 09:23:42.708 - MENSAJE: (FrontEnd Antes CapturaPlaca)
2023/11/17 09:23:42.740 - MENSAJE: (FrontEnd Antes CapturaPlaca) ------
2023/11/17 09:23:42.741 - MENSAJE: 
2023/11/17 09:23:42.741 - MENSAJE: 
2023/11/17 09:23:42.752 - MENSAJE: 
2023/11/17 09:23:43.710 - MENSAJE: (FrontEnd Antes CapturaPlaca)
2023/11/17 09:23:43.743 - MENSAJE: (FrontEnd Antes CapturaPlaca) ------
2023/11/17 09:23:43.744 - MENSAJE: 
2023/11/17 09:23:43.744 - MENSAJE: 
2023/11/17 09:23:43.755 - MENSAJE: 
2023/11/17 09:23:44.711 - MENSAJE: (FrontEnd Antes CapturaPlaca)
2023/11/17 09:23:44.741 - MENSAJE: (FrontEnd Antes CapturaPlaca) ------
2023/11/17 09:23:44.742 - MENSAJE: 
2023/11/17 09:23:44.742 - MENSAJE: 
2023/11/17 09:23:44.754 - MENSAJE: 
2023/11/17 09:23:45.704 - MENSAJE: (FrontEnd Antes CapturaPlaca)
2023/11/17 09:23:45.742 - MENSAJE: (FrontEnd Antes CapturaPlaca) ------
2023/11/17 09:23:45.743 - MENSAJE: 
2023/11/17 09:23:45.743 - MENSAJE: 
2023/11/17 09:23:45.753 - MENSAJE: 
2023/11/17 09:23:46.707 - MENSAJE: (FrontEnd Antes CapturaPlaca)
2023/11/17 09:23:46.742 - MENSAJE: (FrontEnd Antes CapturaPlaca) ------
2023/11/17 09:23:46.743 - MENSAJE: 
2023/11/17 09:23:46.743 - MENSAJE: 
2023/11/17 09:23:46.754 - MENSAJE: 
2023/11/17 09:23:47.728 - MENSAJE: (FrontEnd Antes CapturaPlaca)
2023/11/17 09:23:47.758 - MENSAJE: (FrontEnd Antes CapturaPlaca) ------
2023/11/17 09:23:47.760 - MENSAJE: 
2023/11/17 09:23:47.760 - MENSAJE: 
2023/11/17 09:23:49.236 - MENSAJE: 
2023/11/17 09:23:49.236 - MENSAJE: (FrontEnd Antes CapturaPlaca)
2023/11/17 09:23:50.081 - MENSAJE: (FrontEnd Antes CapturaPlaca) ------
2023/11/17 09:24:10.209 - MENSAJE: 
2023/11/17 09:24:16.235 - MENSAJE: 
2023/11/17 09:24:53.969 - INICIO REGISTRO
2023/11/17 09:24:53.978 - MENSAJE: (FrondEnd CargaRecursos): Carga Controles - OK
2023/11/17 09:24:54.141 - MENSAJE: (FrondEnd CargaImagenes): Carga Imagenes - OK
2023/11/17 09:25:00.555 - MENSAJE: (Presenter ObtenerInfoModulo) OK
2023/11/17 09:25:00.597 - MENSAJE: (Presenter ObtenerInfoPartes) OK
2023/11/17 09:25:00.631 - MENSAJE: (Presenter ObtenerInfoParametros) OK
2023/11/17 09:25:00.669 - MENSAJE: 
2023/11/17 09:25:00.804 - MENSAJE: (PRESENTER) Error Borrado Varibales PLC
2023/11/17 09:25:00.892 - MENSAJE: (FrontEnd Antes CapturaPlaca)
2023/11/17 09:25:00.948 - MENSAJE: (FrontEnd Antes CapturaPlaca) ------
2023/11/17 09:25:00.954 - MENSAJE: 
2023/11/17 09:25:00.971 - MENSAJE: 
2023/11/17 09:25:01.041 - MENSAJE: (FrontEnd Antes CapturaPlaca)
2023/11/17 09:25:01.071 - MENSAJE: (FrontEnd Antes CapturaPlaca) ------
2023/11/17 09:25:01.072 - MENSAJE: 
2023/11/17 09:25:01.073 - MENSAJE: 
2023/11/17 09:25:01.083 - MENSAJE: 
2023/11/17 09:25:01.983 - MENSAJE: (FrontEnd Antes CapturaPlaca)
2023/11/17 09:25:02.004 - MENSAJE: (FrontEnd Antes CapturaPlaca) ------
2023/11/17 09:25:02.005 - MENSAJE: 
2023/11/17 09:25:02.005 - MENSAJE: 
2023/11/17 09:25:02.016 - MENSAJE: 
2023/11/17 09:25:02.979 - MENSAJE: (FrontEnd Antes CapturaPlaca)
2023/11/17 09:25:03.010 - MENSAJE: (FrontEnd Antes CapturaPlaca) ------
2023/11/17 09:25:03.011 - MENSAJE: 
2023/11/17 09:25:03.011 - MENSAJE: 
2023/11/17 09:25:03.023 - MENSAJE: 
2023/11/17 09:25:03.993 - MENSAJE: (FrontEnd Antes CapturaPlaca)
2023/11/17 09:25:04.015 - MENSAJE: (FrontEnd Antes CapturaPlaca) ------
2023/11/17 09:25:04.016 - MENSAJE: 
2023/11/17 09:25:04.016 - MENSAJE: 
2023/11/17 09:25:04.027 - MENSAJE: 
2023/11/17 09:25:04.988 - MENSAJE: (FrontEnd Antes CapturaPlaca)
2023/11/17 09:25:05.021 - MENSAJE: (FrontEnd Antes CapturaPlaca) ------
2023/11/17 09:25:05.022 - MENSAJE: 
2023/11/17 09:25:05.023 - MENSAJE: 
2023/11/17 09:25:12.743 - MENSAJE: (FrontEnd Antes CapturaPlaca)
2023/11/17 09:25:12.744 - MENSAJE: 
2023/11/17 09:25:12.769 - MENSAJE: (FrontEnd Antes CapturaPlaca) ------
2023/11/17 09:25:19.984 - MENSAJE: 
2023/11/17 09:25:19.984 - MENSAJE: 
2023/11/17 09:25:22.852 - MENSAJE: 
2023/11/17 09:25:25.263 - MENSAJE: FrondEnd-Imprimir -> Funcion imprimir Ticket.
2023/11/17 09:25:28.223 - MENSAJE: 
2023/11/17 09:25:28.223 - MENSAJE: 
2023/11/17 09:25:28.295 - MENSAJE: 
2023/11/17 09:25:28.301 - MENSAJE: 
2023/11/17 09:25:28.987 - MENSAJE: 
2023/11/17 09:25:29.989 - MENSAJE: 
2023/11/17 09:25:30.980 - MENSAJE: 
2023/11/17 09:25:31.986 - MENSAJE: 
2023/11/17 09:25:32.992 - MENSAJE: 
2023/11/17 09:25:33.981 - MENSAJE: 
2023/11/17 09:25:34.990 - MENSAJE: 
2023/11/17 09:25:35.994 - MENSAJE: 
2023/11/17 09:25:37.000 - MENSAJE: 
2023/11/17 09:25:38.001 - MENSAJE: 
2023/11/17 09:25:38.999 - MENSAJE: 
2023/11/17 09:25:40.002 - MENSAJE: 
2023/11/17 09:25:41.009 - MENSAJE: 
2023/11/17 09:25:41.999 - MENSAJE: 
2023/11/17 09:25:43.004 - MENSAJE: 
2023/11/17 09:25:43.996 - MENSAJE: 
2023/11/17 09:25:45.000 - MENSAJE: 
2023/11/17 09:25:45.994 - MENSAJE: 
2023/11/17 09:25:46.995 - MENSAJE: 
2023/11/17 09:25:47.994 - MENSAJE: 
2023/11/17 09:25:49.008 - MENSAJE: 
2023/11/17 09:25:49.998 - MENSAJE: 
2023/11/17 09:25:51.003 - MENSAJE: 
2023/11/17 09:25:52.009 - MENSAJE: 
2023/11/17 09:25:53.008 - MENSAJE: 
2023/11/17 09:25:53.785 - MENSAJE: 
2023/11/17 09:25:53.796 - MENSAJE: 
2023/11/17 09:25:54.008 - MENSAJE: 
2023/11/17 09:25:54.008 - MENSAJE: 
2023/11/17 09:25:54.019 - MENSAJE: 
2023/11/17 09:25:54.999 - MENSAJE: 
2023/11/17 09:25:54.999 - MENSAJE: 
2023/11/17 09:25:55.010 - MENSAJE: 
2023/11/17 09:25:56.005 - MENSAJE: 
2023/11/17 09:25:56.005 - MENSAJE: 
2023/11/17 09:25:56.016 - MENSAJE: 
2023/11/17 09:25:56.994 - MENSAJE: 
2023/11/17 09:25:56.994 - MENSAJE: 
2023/11/17 09:25:57.005 - MENSAJE: 
2023/11/17 09:25:58.001 - MENSAJE: 
2023/11/17 09:25:58.001 - MENSAJE: 
2023/11/17 09:25:58.011 - MENSAJE: 
2023/11/17 09:25:59.008 - MENSAJE: 
2023/11/17 09:25:59.008 - MENSAJE: 
2023/11/17 09:25:59.018 - MENSAJE: 
2023/11/17 09:25:59.996 - MENSAJE: 
2023/11/17 09:25:59.996 - MENSAJE: 
2023/11/17 09:26:00.007 - MENSAJE: 
2023/11/17 09:26:01.003 - MENSAJE: 
2023/11/17 09:26:01.003 - MENSAJE: 
2023/11/17 09:26:01.014 - MENSAJE: 
2023/11/17 09:26:02.008 - MENSAJE: 
2023/11/17 09:26:02.008 - MENSAJE: 
2023/11/17 09:26:02.018 - MENSAJE: 
2023/11/17 09:26:03.008 - MENSAJE: 
2023/11/17 09:26:03.008 - MENSAJE: 
2023/11/17 09:26:03.019 - MENSAJE: 
2023/11/17 09:26:03.997 - MENSAJE: 
2023/11/17 09:26:03.997 - MENSAJE: 
2023/11/17 09:26:04.008 - MENSAJE: 
2023/11/17 09:26:05.004 - MENSAJE: 
2023/11/17 09:26:05.004 - MENSAJE: 
2023/11/17 09:26:05.015 - MENSAJE: 
2023/11/17 09:26:06.010 - MENSAJE: 
2023/11/17 09:26:06.010 - MENSAJE: 
2023/11/17 09:26:06.021 - MENSAJE: 
2023/11/17 09:26:07.015 - MENSAJE: 
2023/11/17 09:26:07.015 - MENSAJE: 
2023/11/17 09:26:07.025 - MENSAJE: 
2023/11/17 09:26:08.018 - MENSAJE: 
2023/11/17 09:26:08.018 - MENSAJE: 
2023/11/17 09:26:08.029 - MENSAJE: 
2023/11/17 09:26:09.024 - MENSAJE: 
2023/11/17 09:26:09.024 - MENSAJE: 
2023/11/17 09:26:09.035 - MENSAJE: 
2023/11/17 09:26:10.013 - MENSAJE: 
2023/11/17 09:26:10.013 - MENSAJE: 
2023/11/17 09:26:10.024 - MENSAJE: 
2023/11/17 09:26:11.019 - MENSAJE: 
2023/11/17 09:26:11.019 - MENSAJE: 
2023/11/17 09:26:11.030 - MENSAJE: 
2023/11/17 09:26:12.023 - MENSAJE: 
2023/11/17 09:26:12.023 - MENSAJE: 
2023/11/17 09:26:12.034 - MENSAJE: 
2023/11/17 09:26:13.012 - MENSAJE: 
2023/11/17 09:26:13.012 - MENSAJE: 
2023/11/17 09:26:13.023 - MENSAJE: 
2023/11/17 09:26:14.017 - MENSAJE: 
2023/11/17 09:26:14.017 - MENSAJE: 
2023/11/17 09:26:14.028 - MENSAJE: 
2023/11/17 09:26:15.017 - MENSAJE: 
2023/11/17 09:26:15.017 - MENSAJE: 
2023/11/17 09:26:15.027 - MENSAJE: 
2023/11/17 09:26:16.024 - MENSAJE: 
2023/11/17 09:26:16.024 - MENSAJE: 
2023/11/17 09:26:16.035 - MENSAJE: 
2023/11/17 09:26:17.014 - MENSAJE: 
2023/11/17 09:26:17.014 - MENSAJE: 
2023/11/17 09:26:17.025 - MENSAJE: 
2023/11/17 09:26:18.020 - MENSAJE: 
2023/11/17 09:26:18.020 - MENSAJE: 
2023/11/17 09:26:18.031 - MENSAJE: 
2023/11/17 09:26:19.010 - MENSAJE: 
2023/11/17 09:26:19.010 - MENSAJE: 
2023/11/17 09:26:19.021 - MENSAJE: 
2023/11/17 09:26:20.015 - MENSAJE: 
2023/11/17 09:26:20.015 - MENSAJE: 
2023/11/17 09:26:20.026 - MENSAJE: 
2023/11/17 09:26:21.021 - MENSAJE: 
2023/11/17 09:26:21.021 - MENSAJE: 
2023/11/17 09:26:21.032 - MENSAJE: 
2023/11/17 09:26:22.012 - MENSAJE: 
2023/11/17 09:26:22.012 - MENSAJE: 
2023/11/17 09:26:22.023 - MENSAJE: 
2023/11/17 09:26:23.016 - MENSAJE: 
2023/11/17 09:26:23.016 - MENSAJE: 
2023/11/17 09:26:23.027 - MENSAJE: 
2023/11/17 09:26:24.021 - MENSAJE: 
2023/11/17 09:26:24.021 - MENSAJE: 
2023/11/17 09:26:24.031 - MENSAJE: 
2023/11/17 09:26:25.010 - MENSAJE: 
2023/11/17 09:26:25.010 - MENSAJE: 
2023/11/17 09:26:25.021 - MENSAJE: 
2023/11/17 09:26:26.014 - MENSAJE: 
2023/11/17 09:26:26.014 - MENSAJE: 
2023/11/17 09:26:26.025 - MENSAJE: 
2023/11/17 09:26:27.020 - MENSAJE: 
2023/11/17 09:26:27.020 - MENSAJE: 
2023/11/17 09:26:27.031 - MENSAJE: 
2023/11/17 09:26:28.011 - MENSAJE: 
2023/11/17 09:26:28.011 - MENSAJE: 
2023/11/17 09:26:28.022 - MENSAJE: 
2023/11/17 09:26:29.017 - MENSAJE: 
2023/11/17 09:26:29.017 - MENSAJE: 
2023/11/17 09:26:29.028 - MENSAJE: 
2023/11/17 09:26:30.025 - MENSAJE: 
2023/11/17 09:26:30.025 - MENSAJE: 
2023/11/17 09:26:30.035 - MENSAJE: 
2023/11/17 09:26:31.016 - MENSAJE: 
2023/11/17 09:26:31.016 - MENSAJE: 
2023/11/17 09:26:31.027 - MENSAJE: 
2023/11/17 09:26:32.021 - MENSAJE: 
2023/11/17 09:26:32.021 - MENSAJE: 
2023/11/17 09:26:32.032 - MENSAJE: 
2023/11/17 09:26:33.011 - MENSAJE: 
2023/11/17 09:26:33.011 - MENSAJE: 
2023/11/17 09:26:33.022 - MENSAJE: 
2023/11/17 09:26:34.016 - MENSAJE: 
2023/11/17 09:26:34.016 - MENSAJE: 
2023/11/17 09:26:34.027 - MENSAJE: 
2023/11/17 09:26:35.020 - MENSAJE: 
2023/11/17 09:26:35.020 - MENSAJE: 
2023/11/17 09:26:35.031 - MENSAJE: 
2023/11/17 09:26:36.016 - MENSAJE: 
2023/11/17 09:26:36.016 - MENSAJE: 
2023/11/17 09:26:36.027 - MENSAJE: 
2023/11/17 09:26:37.012 - MENSAJE: 
2023/11/17 09:26:37.012 - MENSAJE: 
2023/11/17 09:26:37.023 - MENSAJE: 
2023/11/17 09:26:38.017 - MENSAJE: 
2023/11/17 09:26:38.017 - MENSAJE: 
2023/11/17 09:26:38.028 - MENSAJE: 
2023/11/17 09:26:39.023 - MENSAJE: 
2023/11/17 09:26:39.023 - MENSAJE: 
2023/11/17 09:26:39.034 - MENSAJE: 
2023/11/17 09:26:40.012 - MENSAJE: 
2023/11/17 09:26:40.012 - MENSAJE: 
2023/11/17 09:26:40.023 - MENSAJE: 
2023/11/17 09:26:41.017 - MENSAJE: 
2023/11/17 09:26:41.017 - MENSAJE: 
2023/11/17 09:26:41.028 - MENSAJE: 
2023/11/17 09:26:42.021 - MENSAJE: 
2023/11/17 09:26:42.021 - MENSAJE: 
2023/11/17 09:26:42.032 - MENSAJE: 
2023/11/17 09:26:43.012 - MENSAJE: 
2023/11/17 09:26:43.012 - MENSAJE: 
2023/11/17 09:26:43.023 - MENSAJE: 
2023/11/17 09:26:44.017 - MENSAJE: 
2023/11/17 09:26:44.017 - MENSAJE: 
2023/11/17 09:26:44.027 - MENSAJE: 
2023/11/17 09:26:45.018 - MENSAJE: 
2023/11/17 09:26:45.018 - MENSAJE: 
2023/11/17 09:26:45.029 - MENSAJE: 
2023/11/17 09:26:46.023 - MENSAJE: 
2023/11/17 09:26:46.023 - MENSAJE: 
2023/11/17 09:26:46.034 - MENSAJE: 
2023/11/17 09:26:47.025 - MENSAJE: 
2023/11/17 09:26:47.025 - MENSAJE: 
2023/11/17 09:26:47.036 - MENSAJE: 
2023/11/17 09:26:48.032 - MENSAJE: 
2023/11/17 09:26:48.032 - MENSAJE: 
2023/11/17 09:26:48.043 - MENSAJE: 
2023/11/17 09:26:49.038 - MENSAJE: 
2023/11/17 09:26:49.038 - MENSAJE: 
2023/11/17 09:26:49.048 - MENSAJE: 
2023/11/17 09:26:50.029 - MENSAJE: 
2023/11/17 09:26:50.029 - MENSAJE: 
2023/11/17 09:26:50.040 - MENSAJE: 
2023/11/17 09:26:51.034 - MENSAJE: 
2023/11/17 09:26:51.034 - MENSAJE: 
2023/11/17 09:26:51.045 - MENSAJE: 
2023/11/17 09:26:52.039 - MENSAJE: 
2023/11/17 09:26:52.039 - MENSAJE: 
2023/11/17 09:26:52.050 - MENSAJE: 
2023/11/17 09:26:53.029 - MENSAJE: 
2023/11/17 09:26:53.029 - MENSAJE: 
2023/11/17 09:26:53.040 - MENSAJE: 
2023/11/17 09:26:54.035 - MENSAJE: 
2023/11/17 09:26:54.035 - MENSAJE: 
2023/11/17 09:26:54.045 - MENSAJE: 
2023/11/17 09:26:55.028 - MENSAJE: 
2023/11/17 09:26:55.028 - MENSAJE: 
2023/11/17 09:26:55.039 - MENSAJE: 
2023/11/17 09:26:56.030 - MENSAJE: 
2023/11/17 09:26:56.030 - MENSAJE: 
2023/11/17 09:26:56.042 - MENSAJE: 
2023/11/17 09:26:57.037 - MENSAJE: 
2023/11/17 09:26:57.037 - MENSAJE: 
2023/11/17 09:26:57.048 - MENSAJE: 
2023/11/17 09:26:58.028 - MENSAJE: 
2023/11/17 09:26:58.028 - MENSAJE: 
2023/11/17 09:26:58.039 - MENSAJE: 
2023/11/17 09:26:59.032 - MENSAJE: 
2023/11/17 09:26:59.032 - MENSAJE: 
2023/11/17 09:26:59.042 - MENSAJE: 
2023/11/17 09:27:00.038 - MENSAJE: 
2023/11/17 09:27:00.038 - MENSAJE: 
2023/11/17 09:27:00.049 - MENSAJE: 
2023/11/17 09:27:01.028 - MENSAJE: 
2023/11/17 09:27:01.028 - MENSAJE: 
2023/11/17 09:27:01.039 - MENSAJE: 
2023/11/17 09:27:02.031 - MENSAJE: 
2023/11/17 09:27:02.031 - MENSAJE: 
2023/11/17 09:27:02.042 - MENSAJE: 
2023/11/17 09:27:03.038 - MENSAJE: 
2023/11/17 09:27:03.038 - MENSAJE: 
2023/11/17 09:27:03.049 - MENSAJE: 
2023/11/17 09:27:04.028 - MENSAJE: 
2023/11/17 09:27:04.028 - MENSAJE: 
2023/11/17 09:27:04.038 - MENSAJE: 
2023/11/17 09:27:05.033 - MENSAJE: 
2023/11/17 09:27:05.033 - MENSAJE: 
2023/11/17 09:27:05.044 - MENSAJE: 
2023/11/17 09:27:06.040 - MENSAJE: 
2023/11/17 09:27:06.040 - MENSAJE: 
2023/11/17 09:27:06.051 - MENSAJE: 
2023/11/17 09:27:07.030 - MENSAJE: 
2023/11/17 09:27:07.030 - MENSAJE: 
2023/11/17 09:27:07.041 - MENSAJE: 
2023/11/17 09:27:08.031 - MENSAJE: 
2023/11/17 09:27:08.031 - MENSAJE: 
2023/11/17 09:27:08.042 - MENSAJE: 
2023/11/17 09:27:09.038 - MENSAJE: 
2023/11/17 09:27:09.038 - MENSAJE: 
2023/11/17 09:27:09.049 - MENSAJE: 
2023/11/17 09:27:10.029 - MENSAJE: 
2023/11/17 09:27:10.029 - MENSAJE: 
2023/11/17 09:27:10.040 - MENSAJE: 
2023/11/17 09:27:11.034 - MENSAJE: 
2023/11/17 09:27:11.034 - MENSAJE: 
2023/11/17 09:27:11.045 - MENSAJE: 
2023/11/17 09:27:12.041 - MENSAJE: 
2023/11/17 09:27:12.041 - MENSAJE: 
2023/11/17 09:27:12.052 - MENSAJE: 
2023/11/17 09:27:13.031 - MENSAJE: 
2023/11/17 09:27:13.031 - MENSAJE: 
2023/11/17 09:27:13.041 - MENSAJE: 
2023/11/17 09:27:14.037 - MENSAJE: 
2023/11/17 09:27:14.037 - MENSAJE: 
2023/11/17 09:27:14.048 - MENSAJE: 
2023/11/17 09:27:15.028 - MENSAJE: 
2023/11/17 09:27:15.028 - MENSAJE: 
2023/11/17 09:27:15.039 - MENSAJE: 
2023/11/17 09:27:16.033 - MENSAJE: 
2023/11/17 09:27:16.033 - MENSAJE: 
2023/11/17 09:27:16.044 - MENSAJE: 
2023/11/17 09:27:17.037 - MENSAJE: 
2023/11/17 09:27:17.037 - MENSAJE: 
2023/11/17 09:27:17.048 - MENSAJE: 
2023/11/17 09:27:18.027 - MENSAJE: 
2023/11/17 09:27:18.027 - MENSAJE: 
2023/11/17 09:27:18.038 - MENSAJE: 
2023/11/17 09:27:19.033 - MENSAJE: 
2023/11/17 09:27:19.033 - MENSAJE: 
2023/11/17 09:27:19.044 - MENSAJE: 
2023/11/17 09:27:20.038 - MENSAJE: 
2023/11/17 09:27:20.038 - MENSAJE: 
2023/11/17 09:27:20.049 - MENSAJE: 
2023/11/17 09:27:21.028 - MENSAJE: 
2023/11/17 09:27:21.028 - MENSAJE: 
2023/11/17 09:27:21.039 - MENSAJE: 
2023/11/17 09:27:22.029 - MENSAJE: 
2023/11/17 09:27:22.029 - MENSAJE: 
2023/11/17 09:27:22.039 - MENSAJE: 
2023/11/17 09:27:23.027 - MENSAJE: 
2023/11/17 09:27:23.027 - MENSAJE: 
2023/11/17 09:27:23.038 - MENSAJE: 
2023/11/17 09:27:24.033 - MENSAJE: 
2023/11/17 09:27:24.033 - MENSAJE: 
2023/11/17 09:27:24.043 - MENSAJE: 
2023/11/17 09:27:25.040 - MENSAJE: 
2023/11/17 09:27:25.040 - MENSAJE: 
2023/11/17 09:27:25.050 - MENSAJE: 
2023/11/17 09:27:26.028 - MENSAJE: 
2023/11/17 09:27:26.028 - MENSAJE: 
2023/11/17 09:27:26.039 - MENSAJE: 
2023/11/17 09:27:27.031 - MENSAJE: 
2023/11/17 09:27:27.031 - MENSAJE: 
2023/11/17 09:27:27.042 - MENSAJE: 
2023/11/17 09:27:28.037 - MENSAJE: 
2023/11/17 09:27:28.037 - MENSAJE: 
2023/11/17 09:27:28.048 - MENSAJE: 
2023/11/17 09:27:29.040 - MENSAJE: 
2023/11/17 09:27:29.040 - MENSAJE: 
2023/11/17 09:27:29.051 - MENSAJE: 
2023/11/17 09:27:30.041 - MENSAJE: 
2023/11/17 09:27:30.041 - MENSAJE: 
2023/11/17 09:27:30.052 - MENSAJE: 
2023/11/17 09:27:31.045 - MENSAJE: 
2023/11/17 09:27:31.045 - MENSAJE: 
2023/11/17 09:27:31.056 - MENSAJE: 
2023/11/17 09:27:32.051 - MENSAJE: 
2023/11/17 09:27:32.051 - MENSAJE: 
2023/11/17 09:27:32.062 - MENSAJE: 
2023/11/17 09:27:33.056 - MENSAJE: 
2023/11/17 09:27:33.056 - MENSAJE: 
2023/11/17 09:27:33.067 - MENSAJE: 
2023/11/17 09:27:34.047 - MENSAJE: 
2023/11/17 09:27:34.047 - MENSAJE: 
2023/11/17 09:27:34.057 - MENSAJE: 
2023/11/17 09:27:35.053 - MENSAJE: 
2023/11/17 09:27:35.053 - MENSAJE: 
2023/11/17 09:27:35.064 - MENSAJE: 
2023/11/17 09:27:36.043 - MENSAJE: 
2023/11/17 09:27:36.043 - MENSAJE: 
2023/11/17 09:27:36.054 - MENSAJE: 
2023/11/17 09:27:37.048 - MENSAJE: 
2023/11/17 09:27:37.048 - MENSAJE: 
2023/11/17 09:27:37.059 - MENSAJE: 
2023/11/17 09:27:38.047 - MENSAJE: 
2023/11/17 09:27:38.047 - MENSAJE: 
2023/11/17 09:27:38.058 - MENSAJE: 
2023/11/17 09:27:39.050 - MENSAJE: 
2023/11/17 09:27:39.050 - MENSAJE: 
2023/11/17 09:27:39.061 - MENSAJE: 
2023/11/17 09:27:40.057 - MENSAJE: 
2023/11/17 09:27:40.057 - MENSAJE: 
2023/11/17 09:27:40.068 - MENSAJE: 
2023/11/17 09:27:41.063 - MENSAJE: 
2023/11/17 09:27:41.063 - MENSAJE: 
2023/11/17 09:27:41.074 - MENSAJE: 
2023/11/17 09:27:42.071 - MENSAJE: 
2023/11/17 09:27:42.071 - MENSAJE: 
2023/11/17 09:27:42.082 - MENSAJE: 
2023/11/17 09:27:43.060 - MENSAJE: 
2023/11/17 09:27:43.060 - MENSAJE: 
2023/11/17 09:27:43.071 - MENSAJE: 
2023/11/17 09:27:44.066 - MENSAJE: 
2023/11/17 09:27:44.066 - MENSAJE: 
2023/11/17 09:27:44.077 - MENSAJE: 
2023/11/17 09:27:45.057 - MENSAJE: 
2023/11/17 09:27:45.057 - MENSAJE: 
2023/11/17 09:27:45.067 - MENSAJE: 
2023/11/17 09:27:46.061 - MENSAJE: 
2023/11/17 09:27:46.061 - MENSAJE: 
2023/11/17 09:27:46.072 - MENSAJE: 
2023/11/17 09:27:47.067 - MENSAJE: 
2023/11/17 09:27:47.067 - MENSAJE: 
2023/11/17 09:27:47.078 - MENSAJE: 
2023/11/17 09:27:48.057 - MENSAJE: 
2023/11/17 09:27:48.057 - MENSAJE: 
2023/11/17 09:27:48.068 - MENSAJE: 
2023/11/17 09:27:49.064 - MENSAJE: 
2023/11/17 09:27:49.064 - MENSAJE: 
2023/11/17 09:27:49.075 - MENSAJE: 
2023/11/17 09:27:50.066 - MENSAJE: 
2023/11/17 09:27:50.066 - MENSAJE: 
2023/11/17 09:27:50.077 - MENSAJE: 
2023/11/17 09:27:51.071 - MENSAJE: 
2023/11/17 09:27:51.071 - MENSAJE: 
2023/11/17 09:27:51.082 - MENSAJE: 
2023/11/17 09:27:52.062 - MENSAJE: 
2023/11/17 09:27:52.062 - MENSAJE: 
2023/11/17 09:27:52.073 - MENSAJE: 
2023/11/17 09:27:53.070 - MENSAJE: 
2023/11/17 09:27:53.070 - MENSAJE: 
2023/11/17 09:27:53.081 - MENSAJE: 
2023/11/17 09:27:54.060 - MENSAJE: 
2023/11/17 09:27:54.060 - MENSAJE: 
2023/11/17 09:27:54.071 - MENSAJE: 
2023/11/17 09:27:55.068 - MENSAJE: 
2023/11/17 09:27:55.068 - MENSAJE: 
2023/11/17 09:27:55.079 - MENSAJE: 
2023/11/17 09:27:56.067 - MENSAJE: 
2023/11/17 09:27:56.067 - MENSAJE: 
2023/11/17 09:27:56.078 - MENSAJE: 
2023/11/17 09:27:57.068 - MENSAJE: 
2023/11/17 09:27:57.068 - MENSAJE: 
2023/11/17 09:27:57.079 - MENSAJE: 
2023/11/17 09:27:58.058 - MENSAJE: 
2023/11/17 09:27:58.058 - MENSAJE: 
2023/11/17 09:27:58.068 - MENSAJE: 
2023/11/17 09:27:59.063 - MENSAJE: 
2023/11/17 09:27:59.063 - MENSAJE: 
2023/11/17 09:27:59.074 - MENSAJE: 
2023/11/17 09:28:00.069 - MENSAJE: 
2023/11/17 09:28:00.069 - MENSAJE: 
2023/11/17 09:28:00.080 - MENSAJE: 
2023/11/17 09:28:01.059 - MENSAJE: 
2023/11/17 09:28:01.059 - MENSAJE: 
2023/11/17 09:28:01.070 - MENSAJE: 
2023/11/17 09:28:02.065 - MENSAJE: 
2023/11/17 09:28:02.065 - MENSAJE: 
2023/11/17 09:28:02.075 - MENSAJE: 
2023/11/17 09:28:03.072 - MENSAJE: 
2023/11/17 09:28:03.072 - MENSAJE: 
2023/11/17 09:28:03.083 - MENSAJE: 
2023/11/17 09:28:04.077 - MENSAJE: 
2023/11/17 09:28:04.077 - MENSAJE: 
2023/11/17 09:28:04.088 - MENSAJE: 
2023/11/17 09:28:05.073 - MENSAJE: 
2023/11/17 09:28:05.073 - MENSAJE: 
2023/11/17 09:28:05.084 - MENSAJE: 
2023/11/17 09:28:06.078 - MENSAJE: 
2023/11/17 09:28:06.078 - MENSAJE: 
2023/11/17 09:28:06.089 - MENSAJE: 
2023/11/17 09:28:07.086 - MENSAJE: 
2023/11/17 09:28:07.086 - MENSAJE: 
2023/11/17 09:28:07.097 - MENSAJE: 
2023/11/17 09:28:08.077 - MENSAJE: 
2023/11/17 09:28:08.077 - MENSAJE: 
2023/11/17 09:28:08.088 - MENSAJE: 
2023/11/17 09:28:09.080 - MENSAJE: 
2023/11/17 09:28:09.080 - MENSAJE: 
2023/11/17 09:28:09.091 - MENSAJE: 
2023/11/17 09:28:10.085 - MENSAJE: 
2023/11/17 09:28:10.085 - MENSAJE: 
2023/11/17 09:28:10.095 - MENSAJE: 
2023/11/17 09:28:11.072 - MENSAJE: 
2023/11/17 09:28:11.072 - MENSAJE: 
2023/11/17 09:28:11.082 - MENSAJE: 
2023/11/17 09:28:12.075 - MENSAJE: 
2023/11/17 09:28:12.075 - MENSAJE: 
2023/11/17 09:28:12.086 - MENSAJE: 
