2023/06/07 09:49:17.978 - INICIO REGISTRO
2023/06/07 09:49:17.986 - MENSAJE: (FrondEnd CargaRecursos): Carga Controles - OK
2023/06/07 09:49:18.095 - MENSAJE: (FrondEnd CargaImagenes): Carga Imagenes - OK
2023/06/07 09:49:21.226 - MENSAJE: (Presenter ObtenerInfoModulo) OK
2023/06/07 09:49:21.276 - MENSAJE: (Presenter ObtenerInfoPartes) OK
2023/06/07 09:49:21.324 - MENSAJE: (Presenter ObtenerInfoParametros) OK
2023/06/07 09:49:21.361 - MENSAJE: 
2023/06/07 09:49:21.407 - MENSAJE: ConexionExitosa_Dispensador
2023/06/07 09:49:21.657 - MENSAJE: (PRESENTER) Error Borrado Varibales PLC
2023/06/07 09:49:50.691 - MENSAJE: 
2023/06/07 09:49:51.277 - MENSAJE: 
2023/06/07 09:49:54.483 - MENSAJE: (FrontEnd Antes AlistarTarjetaNew)
2023/06/07 09:49:57.483 - MENSAJE: Tarjeta_Alistada
2023/06/07 09:49:57.554 - MENSAJE: Tarjeta Encontrada: 86403728
2023/06/07 09:49:58.275 - MENSAJE: (FrontEnd Despues AlistarTarjetaNew)
2023/06/07 09:49:58.931 - MENSAJE: (FrontEnd Antes CapturaPlaca)
2023/06/07 09:50:14.707 - INICIO REGISTRO
2023/06/07 09:50:14.715 - MENSAJE: (FrondEnd CargaRecursos): Carga Controles - OK
2023/06/07 09:50:14.841 - MENSAJE: (FrondEnd CargaImagenes): Carga Imagenes - OK
2023/06/07 09:50:15.540 - MENSAJE: (Presenter ObtenerInfoModulo) OK
2023/06/07 09:50:15.568 - MENSAJE: (Presenter ObtenerInfoPartes) OK
2023/06/07 09:50:15.590 - MENSAJE: (Presenter ObtenerInfoParametros) OK
2023/06/07 09:50:15.615 - MENSAJE: 
2023/06/07 09:50:15.649 - MENSAJE: ConexionExitosa_Dispensador
2023/06/07 09:50:15.746 - MENSAJE: (PRESENTER) Error Borrado Varibales PLC
2023/06/07 09:50:20.663 - MENSAJE: 
2023/06/07 09:50:21.845 - MENSAJE: 
2023/06/07 09:50:22.490 - MENSAJE: (FrontEnd Antes AlistarTarjetaNew)
2023/06/07 09:50:24.465 - MENSAJE: Tarjeta_Alistada
2023/06/07 09:50:24.512 - MENSAJE: Tarjeta Encontrada: 86403728
2023/06/07 09:50:25.092 - MENSAJE: (FrontEnd Despues AlistarTarjetaNew)
2023/06/07 09:50:25.696 - MENSAJE: (FrontEnd Antes CapturaPlaca)
2023/06/07 09:50:26.253 - MENSAJE: (FrontEnd CapturaPlaca) ipServer: 10.32.0.85
2023/06/07 09:50:26.255 - MENSAJE: (FrontEnd CapturaPlaca) message: [lpr;1;1;242CF]
2023/06/07 09:50:26.862 - MENSAJE: (FrontEnd CapturaPlaca) Placa: 
2023/06/07 09:50:30.114 - MENSAJE: (FrontEnd Antes CapturaPlaca) ------
2023/06/07 09:50:54.818 - MENSAJE: (FrontEnd Antes EscribirTarjetaNew)
2023/06/07 09:50:57.772 - MENSAJE: Tarjeta_Escrita
2023/06/07 09:50:57.784 - MENSAJE: Tarjeta_MovidaReceptor_RF_TO_FRONT
2023/06/07 09:50:59.819 - MENSAJE: (FrontEnd Despues EscribirTarjetaNew)
2023/06/07 09:51:13.510 - MENSAJE: Tarjeta_En_Boca
2023/06/07 09:51:13.511 - MENSAJE: Tarjeta_En_Boca
2023/06/07 09:51:21.310 - MENSAJE: oAutorizado.IdTarjeta : E6873628
2023/06/07 09:51:54.603 - INICIO REGISTRO
2023/06/07 09:51:54.611 - MENSAJE: (FrondEnd CargaRecursos): Carga Controles - OK
2023/06/07 09:51:54.738 - MENSAJE: (FrondEnd CargaImagenes): Carga Imagenes - OK
2023/06/07 09:51:55.453 - MENSAJE: (Presenter ObtenerInfoModulo) OK
2023/06/07 09:51:55.483 - MENSAJE: (Presenter ObtenerInfoPartes) OK
2023/06/07 09:51:55.504 - MENSAJE: (Presenter ObtenerInfoParametros) OK
2023/06/07 09:51:55.529 - MENSAJE: 
2023/06/07 09:51:55.563 - MENSAJE: ConexionExitosa_Dispensador
2023/06/07 09:51:55.670 - MENSAJE: (PRESENTER) Error Borrado Varibales PLC
2023/06/07 09:51:58.776 - MENSAJE: 
2023/06/07 09:51:58.776 - MENSAJE: 
2023/06/07 09:51:59.297 - MENSAJE: 
2023/06/07 09:52:01.066 - MENSAJE: (FrontEnd Antes AlistarTarjetaNew)
2023/06/07 09:52:03.384 - MENSAJE: Tarjeta_Alistada
2023/06/07 09:52:03.431 - MENSAJE: Tarjeta Encontrada: 86403728
2023/06/07 09:52:04.084 - MENSAJE: (FrontEnd Despues AlistarTarjetaNew)
2023/06/07 09:52:04.316 - MENSAJE: (FrontEnd Antes CapturaPlaca)
2023/06/07 09:52:04.787 - MENSAJE: (FrontEnd CapturaPlaca) ipServer: 10.32.0.85
2023/06/07 09:52:04.790 - MENSAJE: (FrontEnd CapturaPlaca) message: [lpr;1;1;242CF]
2023/06/07 09:52:05.488 - MENSAJE: (FrontEnd CapturaPlaca) Placa: 
2023/06/07 09:52:06.084 - MENSAJE: (FrontEnd Antes CapturaPlaca) ------
2023/06/07 09:52:19.135 - MENSAJE: (FrontEnd Antes EscribirTarjetaNew)
2023/06/07 09:52:22.081 - MENSAJE: Tarjeta_Escrita
2023/06/07 09:52:22.093 - MENSAJE: Tarjeta_MovidaReceptor_RF_TO_FRONT
2023/06/07 09:52:24.652 - MENSAJE: (FrontEnd Despues EscribirTarjetaNew)
2023/06/07 09:52:37.803 - INICIO REGISTRO
2023/06/07 09:52:37.812 - MENSAJE: (FrondEnd CargaRecursos): Carga Controles - OK
2023/06/07 09:52:37.929 - MENSAJE: (FrondEnd CargaImagenes): Carga Imagenes - OK
2023/06/07 09:52:38.602 - MENSAJE: (Presenter ObtenerInfoModulo) OK
2023/06/07 09:52:38.631 - MENSAJE: (Presenter ObtenerInfoPartes) OK
2023/06/07 09:52:38.651 - MENSAJE: (Presenter ObtenerInfoParametros) OK
2023/06/07 09:52:38.675 - MENSAJE: 
2023/06/07 09:52:38.706 - MENSAJE: ConexionExitosa_Dispensador
2023/06/07 09:52:38.808 - MENSAJE: (PRESENTER) Error Borrado Varibales PLC
2023/06/07 09:52:39.449 - MENSAJE: Tarjeta_En_Boca
2023/06/07 09:52:39.449 - MENSAJE: Tarjeta_En_Boca
2023/06/07 09:52:39.454 - MENSAJE: 
2023/06/07 09:52:42.161 - MENSAJE: 
2023/06/07 09:52:42.168 - MENSAJE: 
2023/06/07 09:52:42.808 - MENSAJE: Tarjeta_En_Boca
2023/06/07 09:52:42.809 - MENSAJE: Tarjeta_En_Boca
2023/06/07 09:52:42.809 - MENSAJE: 
2023/06/07 09:52:42.810 - MENSAJE: 
2023/06/07 09:52:42.810 - MENSAJE: (FrontEnd Antes AlistarTarjetaNew)
2023/06/07 09:52:42.820 - MENSAJE: 
2023/06/07 09:52:44.556 - MENSAJE: Tarjeta_Alistada
2023/06/07 09:52:44.593 - MENSAJE: Tarjeta Encontrada: 86403728
2023/06/07 09:52:44.594 - MENSAJE: (FrontEnd Despues AlistarTarjetaNew)
2023/06/07 09:52:44.595 - MENSAJE: (FrontEnd Antes CapturaPlaca)
2023/06/07 09:52:44.597 - MENSAJE: (FrontEnd CapturaPlaca) ipServer: 10.32.0.85
2023/06/07 09:52:44.600 - MENSAJE: (FrontEnd CapturaPlaca) message: [lpr;1;1;242CF]
2023/06/07 09:52:45.161 - MENSAJE: (FrontEnd CapturaPlaca) Placa: 
2023/06/07 09:52:45.161 - MENSAJE: (FrontEnd Antes CapturaPlaca) ------
2023/06/07 09:52:45.179 - MENSAJE: (FrontEnd Antes EscribirTarjetaNew)
2023/06/07 09:52:47.615 - MENSAJE: Tarjeta_Escrita
2023/06/07 09:52:47.627 - MENSAJE: Tarjeta_MovidaReceptor_RF_TO_FRONT
2023/06/07 09:52:47.631 - MENSAJE: (FrontEnd Despues EscribirTarjetaNew)
2023/06/07 09:52:48.379 - MENSAJE: Tarjeta_En_Boca
2023/06/07 09:52:48.380 - MENSAJE: Tarjeta_En_Boca
2023/06/07 09:52:48.393 - MENSAJE: oAutorizado.IdTarjeta : E6873628
2023/06/07 09:52:49.348 - MENSAJE: oAutorizado.IdTarjeta : E6873628
2023/06/07 09:52:50.359 - MENSAJE: oAutorizado.IdTarjeta : E6873628
2023/06/07 09:52:51.357 - MENSAJE: oAutorizado.IdTarjeta : E6873628
2023/06/07 09:52:52.347 - MENSAJE: oAutorizado.IdTarjeta : E6873628
2023/06/07 09:52:53.357 - MENSAJE: oAutorizado.IdTarjeta : E6873628
2023/06/07 09:52:54.365 - MENSAJE: oAutorizado.IdTarjeta : E6873628
2023/06/07 09:52:55.350 - MENSAJE: 
2023/06/07 09:52:55.351 - MENSAJE: 
2023/06/07 09:52:55.361 - MENSAJE: 
2023/06/07 09:52:56.356 - MENSAJE: 
2023/06/07 09:52:56.357 - MENSAJE: 
2023/06/07 09:52:56.367 - MENSAJE: 
2023/06/07 09:52:57.348 - MENSAJE: 
2023/06/07 09:52:57.348 - MENSAJE: 
2023/06/07 09:52:57.359 - MENSAJE: 
2023/06/07 09:58:00.904 - INICIO REGISTRO
2023/06/07 09:58:00.913 - MENSAJE: (FrondEnd CargaRecursos): Carga Controles - OK
2023/06/07 09:58:01.041 - MENSAJE: (FrondEnd CargaImagenes): Carga Imagenes - OK
2023/06/07 09:58:01.793 - MENSAJE: (Presenter ObtenerInfoModulo) OK
2023/06/07 09:58:01.824 - MENSAJE: (Presenter ObtenerInfoPartes) OK
2023/06/07 09:58:01.847 - MENSAJE: (Presenter ObtenerInfoParametros) OK
2023/06/07 09:58:01.878 - MENSAJE: 
2023/06/07 09:58:01.926 - MENSAJE: ConexionExitosa_Dispensador
2023/06/07 09:58:02.058 - MENSAJE: (PRESENTER) Error Borrado Varibales PLC
2023/06/07 09:58:02.673 - MENSAJE: 
2023/06/07 09:58:02.683 - MENSAJE: 
2023/06/07 09:58:02.684 - MENSAJE: 
2023/06/07 09:58:03.448 - MENSAJE: 
2023/06/07 09:58:03.448 - MENSAJE: 
2023/06/07 09:58:03.449 - MENSAJE: (FrontEnd Antes AlistarTarjetaNew)
2023/06/07 09:58:03.458 - MENSAJE: 
2023/06/07 09:58:05.190 - MENSAJE: Tarjeta_Alistada
2023/06/07 09:58:05.233 - MENSAJE: Tarjeta Encontrada: 86403728
2023/06/07 09:58:05.234 - MENSAJE: (FrontEnd Despues AlistarTarjetaNew)
2023/06/07 09:58:05.235 - MENSAJE: (FrontEnd Antes CapturaPlaca)
2023/06/07 09:58:05.238 - MENSAJE: (FrontEnd CapturaPlaca) ipServer: 10.32.0.85
2023/06/07 09:58:05.240 - MENSAJE: (FrontEnd CapturaPlaca) message: [lpr;1;1;242CF]
2023/06/07 09:58:05.744 - MENSAJE: (FrontEnd CapturaPlaca) Placa: 
2023/06/07 09:58:05.744 - MENSAJE: (FrontEnd Antes CapturaPlaca) ------
2023/06/07 09:58:05.765 - MENSAJE: (FrontEnd Antes EscribirTarjetaNew)
2023/06/07 09:58:08.198 - MENSAJE: Tarjeta_Escrita
2023/06/07 09:58:08.210 - MENSAJE: Tarjeta_MovidaReceptor_RF_TO_FRONT
2023/06/07 09:58:08.212 - MENSAJE: (FrontEnd Despues EscribirTarjetaNew)
2023/06/07 09:58:08.879 - MENSAJE: Tarjeta_En_Boca
2023/06/07 09:58:08.880 - MENSAJE: Tarjeta_En_Boca
2023/06/07 09:58:08.893 - MENSAJE: oAutorizado.IdTarjeta : E6873628
2023/06/07 09:58:16.986 - MENSAJE: Error_MoverTarjetaReceptor_FRONT_TO_RF
2023/06/07 09:58:17.032 - MENSAJE: 
2023/06/07 09:58:17.032 - MENSAJE: 
2023/06/07 09:58:17.088 - MENSAJE: 
2023/06/07 09:58:17.909 - MENSAJE: 
2023/06/07 09:58:18.913 - MENSAJE: 
2023/06/07 09:58:19.911 - MENSAJE: 
2023/06/07 09:58:20.921 - MENSAJE: 
2023/06/07 09:58:21.919 - MENSAJE: 
2023/06/07 09:58:22.912 - MENSAJE: 
2023/06/07 09:58:23.922 - MENSAJE: 
2023/06/07 09:58:24.911 - MENSAJE: 
2023/06/07 09:58:25.909 - MENSAJE: 
2023/06/07 09:58:26.918 - MENSAJE: 
2023/06/07 09:58:27.915 - MENSAJE: 
2023/06/07 09:58:28.910 - MENSAJE: 
2023/06/07 09:58:29.922 - MENSAJE: 
2023/06/07 09:58:30.915 - MENSAJE: 
2023/06/07 09:58:31.908 - MENSAJE: 
2023/06/07 09:58:32.912 - MENSAJE: 
2023/06/07 09:58:33.908 - MENSAJE: 
2023/06/07 09:58:33.961 - MENSAJE: 
2023/06/07 09:58:33.972 - MENSAJE: 
2023/06/07 09:58:34.920 - MENSAJE: 
2023/06/07 09:58:34.920 - MENSAJE: 
2023/06/07 09:58:34.931 - MENSAJE: 
2023/06/07 09:58:40.988 - MENSAJE: (PRESENTER) Error Borrado Varibales PLC
2023/06/07 09:58:42.449 - MENSAJE: 
2023/06/07 09:58:42.449 - MENSAJE: 
2023/06/07 09:58:42.459 - MENSAJE: 
2023/06/07 09:58:43.445 - MENSAJE: 
2023/06/07 09:58:43.445 - MENSAJE: 
2023/06/07 09:58:43.455 - MENSAJE: 
2023/06/07 09:58:44.452 - MENSAJE: 
2023/06/07 09:58:44.452 - MENSAJE: 
2023/06/07 09:58:44.463 - MENSAJE: 
2023/06/07 09:58:45.455 - MENSAJE: 
2023/06/07 09:58:45.455 - MENSAJE: 
2023/06/07 09:58:45.468 - MENSAJE: 
2023/06/07 09:58:46.451 - MENSAJE: 
2023/06/07 09:58:46.452 - MENSAJE: 
2023/06/07 09:58:46.462 - MENSAJE: 
2023/06/07 09:58:47.454 - MENSAJE: 
2023/06/07 09:58:47.454 - MENSAJE: 
2023/06/07 09:58:47.464 - MENSAJE: 
2023/06/07 09:58:48.462 - MENSAJE: 
2023/06/07 09:58:48.462 - MENSAJE: 
2023/06/07 09:58:48.472 - MENSAJE: 
2023/06/07 09:58:49.482 - MENSAJE: 
2023/06/07 09:58:49.494 - MENSAJE: 
2023/06/07 09:58:49.513 - MENSAJE: 
2023/06/07 09:58:50.458 - MENSAJE: 
2023/06/07 09:58:50.458 - MENSAJE: 
2023/06/07 09:58:50.468 - MENSAJE: 
2023/06/07 09:58:51.455 - MENSAJE: 
2023/06/07 09:58:51.456 - MENSAJE: 
2023/06/07 09:58:51.467 - MENSAJE: 
2023/06/07 09:58:52.450 - MENSAJE: 
2023/06/07 09:58:52.450 - MENSAJE: 
2023/06/07 09:58:52.463 - MENSAJE: 
2023/06/07 09:58:53.459 - MENSAJE: 
2023/06/07 09:58:53.459 - MENSAJE: (FrontEnd Antes AlistarTarjetaNew)
2023/06/07 09:58:53.459 - MENSAJE: 
2023/06/07 09:58:53.469 - MENSAJE: 
2023/06/07 09:58:55.194 - MENSAJE: Tarjeta_Alistada
2023/06/07 09:58:55.234 - MENSAJE: Tarjeta Encontrada: 86403728
2023/06/07 09:58:55.235 - MENSAJE: (FrontEnd Despues AlistarTarjetaNew)
2023/06/07 09:58:55.235 - MENSAJE: (FrontEnd Antes CapturaPlaca)
2023/06/07 09:58:55.236 - MENSAJE: (FrontEnd CapturaPlaca) ipServer: 10.32.0.85
2023/06/07 09:58:55.241 - MENSAJE: (FrontEnd CapturaPlaca) message: [lpr;1;1;242CF]
2023/06/07 09:58:55.774 - MENSAJE: (FrontEnd CapturaPlaca) Placa: 
2023/06/07 09:58:55.775 - MENSAJE: (FrontEnd Antes CapturaPlaca) ------
2023/06/07 09:58:55.776 - MENSAJE: (FrontEnd Antes EscribirTarjetaNew)
2023/06/07 09:58:58.197 - MENSAJE: Tarjeta_Escrita
2023/06/07 09:58:58.209 - MENSAJE: Tarjeta_MovidaReceptor_RF_TO_FRONT
2023/06/07 09:58:58.212 - MENSAJE: (FrontEnd Despues EscribirTarjetaNew)
2023/06/07 09:59:00.177 - MENSAJE: Tarjeta_En_Boca
2023/06/07 09:59:00.178 - MENSAJE: Tarjeta_En_Boca
2023/06/07 09:59:06.339 - MENSAJE: 
2023/06/07 09:59:06.339 - MENSAJE: 
2023/06/07 09:59:07.147 - MENSAJE: 
2023/06/07 09:59:16.270 - MENSAJE: Tarjeta_En_Boca
2023/06/07 09:59:16.270 - MENSAJE: Tarjeta_En_Boca
2023/06/07 09:59:33.018 - INICIO REGISTRO
2023/06/07 09:59:33.025 - MENSAJE: (FrondEnd CargaRecursos): Carga Controles - OK
2023/06/07 09:59:33.134 - MENSAJE: (FrondEnd CargaImagenes): Carga Imagenes - OK
2023/06/07 09:59:33.958 - MENSAJE: (Presenter ObtenerInfoModulo) OK
2023/06/07 09:59:34.011 - MENSAJE: (Presenter ObtenerInfoPartes) OK
2023/06/07 09:59:34.048 - MENSAJE: (Presenter ObtenerInfoParametros) OK
2023/06/07 09:59:34.084 - MENSAJE: 
2023/06/07 09:59:34.134 - MENSAJE: ConexionExitosa_Dispensador
2023/06/07 09:59:34.237 - MENSAJE: (PRESENTER) Error Borrado Varibales PLC
2023/06/07 09:59:34.861 - MENSAJE: 
2023/06/07 09:59:34.865 - MENSAJE: 
2023/06/07 09:59:34.869 - MENSAJE: 
2023/06/07 09:59:35.559 - MENSAJE: 
2023/06/07 09:59:35.559 - MENSAJE: 
2023/06/07 09:59:35.560 - MENSAJE: (FrontEnd Antes AlistarTarjetaNew)
2023/06/07 09:59:35.566 - MENSAJE: 
2023/06/07 09:59:37.312 - MENSAJE: Tarjeta_Alistada
2023/06/07 09:59:37.354 - MENSAJE: Tarjeta Encontrada: 86403728
2023/06/07 09:59:37.355 - MENSAJE: (FrontEnd Despues AlistarTarjetaNew)
2023/06/07 09:59:37.356 - MENSAJE: (FrontEnd Antes CapturaPlaca)
2023/06/07 09:59:37.358 - MENSAJE: (FrontEnd CapturaPlaca) ipServer: 10.32.0.85
2023/06/07 09:59:37.360 - MENSAJE: (FrontEnd CapturaPlaca) message: [lpr;1;1;242CF]
2023/06/07 09:59:37.943 - MENSAJE: (FrontEnd CapturaPlaca) Placa: 
2023/06/07 09:59:37.943 - MENSAJE: (FrontEnd Antes CapturaPlaca) ------
2023/06/07 09:59:37.966 - MENSAJE: (FrontEnd Antes EscribirTarjetaNew)
2023/06/07 09:59:40.396 - MENSAJE: Tarjeta_Escrita
2023/06/07 09:59:40.407 - MENSAJE: Tarjeta_MovidaReceptor_RF_TO_FRONT
2023/06/07 09:59:40.411 - MENSAJE: (FrontEnd Despues EscribirTarjetaNew)
2023/06/07 09:59:43.811 - MENSAJE: Tarjeta_En_Boca
2023/06/07 09:59:43.812 - MENSAJE: Tarjeta_En_Boca
2023/06/07 09:59:54.348 - INICIO REGISTRO
2023/06/07 09:59:54.356 - MENSAJE: (FrondEnd CargaRecursos): Carga Controles - OK
2023/06/07 09:59:54.477 - MENSAJE: (FrondEnd CargaImagenes): Carga Imagenes - OK
2023/06/07 09:59:55.190 - MENSAJE: (Presenter ObtenerInfoModulo) OK
2023/06/07 09:59:55.216 - MENSAJE: (Presenter ObtenerInfoPartes) OK
2023/06/07 09:59:55.235 - MENSAJE: (Presenter ObtenerInfoParametros) OK
2023/06/07 09:59:55.258 - MENSAJE: 
2023/06/07 09:59:55.288 - MENSAJE: ConexionExitosa_Dispensador
2023/06/07 09:59:55.385 - MENSAJE: (PRESENTER) Error Borrado Varibales PLC
2023/06/07 09:59:58.341 - MENSAJE: 
2023/06/07 09:59:58.341 - MENSAJE: 
2023/06/07 09:59:59.674 - MENSAJE: 
2023/06/07 10:00:00.435 - MENSAJE: (FrontEnd Antes AlistarTarjetaNew)
2023/06/07 10:00:02.356 - MENSAJE: Tarjeta_Alistada
2023/06/07 10:00:02.397 - MENSAJE: Tarjeta Encontrada: 86403728
2023/06/07 10:00:03.252 - MENSAJE: (FrontEnd Despues AlistarTarjetaNew)
2023/06/07 10:00:03.493 - MENSAJE: (FrontEnd Antes CapturaPlaca)
2023/06/07 10:00:03.711 - MENSAJE: (FrontEnd CapturaPlaca) ipServer: 10.32.0.85
2023/06/07 10:00:03.714 - MENSAJE: (FrontEnd CapturaPlaca) message: [lpr;1;1;242CF]
2023/06/07 10:00:04.258 - MENSAJE: (FrontEnd CapturaPlaca) Placa: 
2023/06/07 10:00:04.799 - MENSAJE: (FrontEnd Antes CapturaPlaca) ------
2023/06/07 10:00:14.551 - MENSAJE: (FrontEnd Antes EscribirTarjetaNew)
2023/06/07 10:00:17.473 - MENSAJE: Tarjeta_Escrita
2023/06/07 10:00:17.485 - MENSAJE: Tarjeta_MovidaReceptor_RF_TO_FRONT
2023/06/07 10:00:18.039 - MENSAJE: (FrontEnd Despues EscribirTarjetaNew)
2023/06/07 10:00:25.164 - MENSAJE: Tarjeta_En_Boca
2023/06/07 10:00:25.164 - MENSAJE: Tarjeta_En_Boca
2023/06/07 10:32:44.524 - INICIO REGISTRO
2023/06/07 10:32:44.533 - MENSAJE: (FrondEnd CargaRecursos): Carga Controles - OK
2023/06/07 10:32:44.693 - MENSAJE: (FrondEnd CargaImagenes): Carga Imagenes - OK
2023/06/07 10:32:46.944 - MENSAJE: (Presenter ObtenerInfoModulo) OK
2023/06/07 10:32:46.985 - MENSAJE: (Presenter ObtenerInfoPartes) OK
2023/06/07 10:32:47.019 - MENSAJE: (Presenter ObtenerInfoParametros) OK
2023/06/07 10:32:47.056 - MENSAJE: 
2023/06/07 10:32:47.090 - MENSAJE: ConexionExitosa_Dispensador
2023/06/07 10:32:47.292 - MENSAJE: (PRESENTER) Error Borrado Varibales PLC
2023/06/07 10:32:53.889 - MENSAJE: 
2023/06/07 10:32:55.014 - MENSAJE: 
2023/06/07 10:32:56.440 - MENSAJE: 
2023/06/07 10:33:00.656 - MENSAJE: 
2023/06/07 10:33:00.656 - MENSAJE: 
2023/06/07 10:33:01.172 - MENSAJE: 
2023/06/07 10:33:03.566 - MENSAJE: (FrontEnd Antes AlistarTarjetaNew)
2023/06/07 10:33:05.494 - MENSAJE: Tarjeta_Alistada
2023/06/07 10:33:05.550 - MENSAJE: Tarjeta Encontrada: 86403728
2023/06/07 10:33:06.159 - MENSAJE: (FrontEnd Despues AlistarTarjetaNew)
2023/06/07 10:33:06.647 - MENSAJE: (FrontEnd Antes CapturaPlaca)
2023/06/07 10:33:06.864 - MENSAJE: (FrontEnd CapturaPlaca) ipServer: 10.32.0.85
2023/06/07 10:33:06.867 - MENSAJE: (FrontEnd CapturaPlaca) message: [lpr;1;1;242CF]
2023/06/07 10:33:07.398 - MENSAJE: (FrontEnd CapturaPlaca) Placa: 
2023/06/07 10:33:08.916 - MENSAJE: (FrontEnd Antes CapturaPlaca) ------
2023/06/07 10:33:18.438 - MENSAJE: (FrontEnd Antes EscribirTarjetaNew)
2023/06/07 10:33:21.164 - MENSAJE: Tarjeta_Escrita
2023/06/07 10:33:21.176 - MENSAJE: Tarjeta_MovidaReceptor_RF_TO_FRONT
2023/06/07 10:33:21.838 - MENSAJE: (FrontEnd Despues EscribirTarjetaNew)
2023/06/07 10:33:28.721 - MENSAJE: Tarjeta_En_Boca
2023/06/07 10:33:28.722 - MENSAJE: Tarjeta_En_Boca
2023/06/07 10:46:00.278 - INICIO REGISTRO
2023/06/07 10:46:00.288 - MENSAJE: (FrondEnd CargaRecursos): Carga Controles - OK
2023/06/07 10:46:00.403 - MENSAJE: (FrondEnd CargaImagenes): Carga Imagenes - OK
2023/06/07 10:46:01.508 - MENSAJE: (Presenter ObtenerInfoModulo) OK
2023/06/07 10:46:01.542 - MENSAJE: (Presenter ObtenerInfoPartes) OK
2023/06/07 10:46:01.570 - MENSAJE: (Presenter ObtenerInfoParametros) OK
2023/06/07 10:46:01.597 - MENSAJE: 
2023/06/07 10:46:01.627 - MENSAJE: ConexionExitosa_Dispensador
2023/06/07 10:46:01.752 - MENSAJE: (PRESENTER) Error Borrado Varibales PLC
2023/06/07 10:46:02.386 - MENSAJE: 
2023/06/07 10:46:02.388 - MENSAJE: 
2023/06/07 10:46:02.397 - MENSAJE: 
2023/06/07 10:46:03.024 - MENSAJE: 
2023/06/07 10:46:03.024 - MENSAJE: 
2023/06/07 10:46:03.025 - MENSAJE: (FrontEnd Antes AlistarTarjetaNew)
2023/06/07 10:46:03.035 - MENSAJE: 
2023/06/07 10:46:04.764 - MENSAJE: Tarjeta_Alistada
2023/06/07 10:46:04.821 - MENSAJE: Tarjeta Encontrada: B45C48ED
2023/06/07 10:46:04.822 - MENSAJE: (FrontEnd Despues AlistarTarjetaNew)
2023/06/07 10:46:04.822 - MENSAJE: (FrontEnd Antes CapturaPlaca)
2023/06/07 10:46:04.824 - MENSAJE: (FrontEnd CapturaPlaca) ipServer: 10.32.0.85
2023/06/07 10:46:04.828 - MENSAJE: (FrontEnd CapturaPlaca) message: [lpr;1;1;242CF]
2023/06/07 10:46:05.414 - MENSAJE: (FrontEnd CapturaPlaca) Placa: 
2023/06/07 10:46:05.415 - MENSAJE: (FrontEnd Antes CapturaPlaca) ------
2023/06/07 10:46:05.432 - MENSAJE: (FrontEnd Antes EscribirTarjetaNew)
2023/06/07 10:46:07.917 - MENSAJE: Tarjeta_Escrita
2023/06/07 10:46:07.929 - MENSAJE: Tarjeta_MovidaReceptor_RF_TO_FRONT
2023/06/07 10:46:07.932 - MENSAJE: (FrontEnd Despues EscribirTarjetaNew)
2023/06/07 10:46:08.591 - MENSAJE: Tarjeta_En_Boca
2023/06/07 10:46:08.592 - MENSAJE: Tarjeta_En_Boca
2023/06/07 10:46:08.605 - MENSAJE: oAutorizado.IdTarjeta : E6873628
2023/06/07 10:46:16.719 - MENSAJE: Error_MoverTarjetaReceptor_FRONT_TO_RF
2023/06/07 10:46:16.770 - MENSAJE: 
2023/06/07 10:46:16.770 - MENSAJE: 
2023/06/07 10:46:16.820 - MENSAJE: 
2023/06/07 10:46:17.290 - MENSAJE: 
2023/06/07 10:46:18.283 - MENSAJE: 
2023/06/07 10:46:19.292 - MENSAJE: 
2023/06/07 10:46:20.287 - MENSAJE: 
2023/06/07 10:46:21.295 - MENSAJE: 
2023/06/07 10:46:22.290 - MENSAJE: 
2023/06/07 10:46:23.296 - MENSAJE: 
2023/06/07 10:46:23.597 - MENSAJE: 
2023/06/07 10:46:23.608 - MENSAJE: 
2023/06/07 10:46:24.290 - MENSAJE: 
2023/06/07 10:46:24.290 - MENSAJE: 
2023/06/07 10:46:24.301 - MENSAJE: 
2023/06/07 10:46:30.294 - MENSAJE: (PRESENTER) Error Borrado Varibales PLC
2023/06/07 10:46:31.829 - MENSAJE: 
2023/06/07 10:46:31.829 - MENSAJE: 
2023/06/07 10:46:31.839 - MENSAJE: 
2023/06/07 10:46:32.822 - MENSAJE: 
2023/06/07 10:46:32.822 - MENSAJE: 
2023/06/07 10:46:32.832 - MENSAJE: 
2023/06/07 10:46:33.834 - MENSAJE: 
2023/06/07 10:46:33.834 - MENSAJE: 
2023/06/07 10:46:33.845 - MENSAJE: 
2023/06/07 10:46:34.828 - MENSAJE: 
2023/06/07 10:46:34.828 - MENSAJE: 
2023/06/07 10:46:34.841 - MENSAJE: 
2023/06/07 10:46:35.822 - MENSAJE: 
2023/06/07 10:46:35.822 - MENSAJE: 
2023/06/07 10:46:35.832 - MENSAJE: 
2023/06/07 10:46:36.831 - MENSAJE: 
2023/06/07 10:46:36.831 - MENSAJE: 
2023/06/07 10:46:36.842 - MENSAJE: 
2023/06/07 10:46:37.825 - MENSAJE: 
2023/06/07 10:46:37.825 - MENSAJE: 
2023/06/07 10:46:37.835 - MENSAJE: 
2023/06/07 10:46:38.835 - MENSAJE: 
2023/06/07 10:46:38.835 - MENSAJE: 
2023/06/07 10:46:38.846 - MENSAJE: 
2023/06/07 10:46:39.829 - MENSAJE: 
2023/06/07 10:46:39.828 - MENSAJE: 
2023/06/07 10:46:39.840 - MENSAJE: 
2023/06/07 10:46:40.823 - MENSAJE: 
2023/06/07 10:46:40.823 - MENSAJE: 
2023/06/07 10:46:40.834 - MENSAJE: 
2023/06/07 10:46:41.831 - MENSAJE: 
2023/06/07 10:46:41.831 - MENSAJE: 
2023/06/07 10:46:41.842 - MENSAJE: 
2023/06/07 10:46:42.823 - MENSAJE: 
2023/06/07 10:46:42.823 - MENSAJE: 
2023/06/07 10:46:42.833 - MENSAJE: 
2023/06/07 10:46:43.846 - MENSAJE: 
2023/06/07 10:46:43.846 - MENSAJE: 
2023/06/07 10:46:43.856 - MENSAJE: 
2023/06/07 10:46:44.820 - MENSAJE: 
2023/06/07 10:46:44.820 - MENSAJE: 
2023/06/07 10:46:44.830 - MENSAJE: 
2023/06/07 10:46:45.827 - MENSAJE: 
2023/06/07 10:46:45.827 - MENSAJE: 
2023/06/07 10:46:45.837 - MENSAJE: 
2023/06/07 10:46:46.833 - MENSAJE: 
2023/06/07 10:46:46.833 - MENSAJE: 
2023/06/07 10:46:46.844 - MENSAJE: 
2023/06/07 10:46:47.821 - MENSAJE: 
2023/06/07 10:46:47.821 - MENSAJE: 
2023/06/07 10:46:47.831 - MENSAJE: 
2023/06/07 03:29:19.045 - INICIO REGISTRO
2023/06/07 03:29:19.053 - MENSAJE: (FrondEnd CargaRecursos): Carga Controles - OK
2023/06/07 03:29:19.200 - MENSAJE: (FrondEnd CargaImagenes): Carga Imagenes - OK
2023/06/07 03:29:22.408 - MENSAJE: (Presenter ObtenerInfoModulo) OK
2023/06/07 03:29:22.458 - MENSAJE: (Presenter ObtenerInfoPartes) OK
2023/06/07 03:29:22.504 - MENSAJE: (Presenter ObtenerInfoParametros) OK
2023/06/07 03:29:22.544 - MENSAJE: 
2023/06/07 03:29:22.594 - MENSAJE: ConexionExitosa_Dispensador
2023/06/07 03:29:22.873 - MENSAJE: (PRESENTER) Error Borrado Varibales PLC
2023/06/07 03:29:30.927 - MENSAJE: Tarjeta_En_Boca
2023/06/07 03:29:30.928 - MENSAJE: Tarjeta_En_Boca
2023/06/07 03:29:33.286 - MENSAJE: 
2023/06/07 03:29:33.290 - MENSAJE: 
2023/06/07 03:29:33.889 - MENSAJE: 
2023/06/07 03:29:34.639 - MENSAJE: (FrontEnd Antes AlistarTarjetaNew)
2023/06/07 03:29:36.542 - MENSAJE: Tarjeta_Alistada
2023/06/07 03:29:36.662 - MENSAJE: Tarjeta Encontrada: 86D73728
2023/06/07 03:29:37.344 - MENSAJE: (FrontEnd Despues AlistarTarjetaNew)
2023/06/07 03:29:37.551 - MENSAJE: (FrontEnd Antes CapturaPlaca)
2023/06/07 03:29:38.151 - MENSAJE: (FrontEnd CapturaPlaca) ipServer: 10.32.0.85
2023/06/07 03:29:38.157 - MENSAJE: (FrontEnd CapturaPlaca) message: [lpr;1;1;242CF]
2023/06/07 03:29:39.601 - MENSAJE: (FrontEnd CapturaPlaca) Placa: MNO534
2023/06/07 03:29:41.225 - MENSAJE: (FrontEnd Antes CapturaPlaca) MNO534
2023/06/07 03:29:52.247 - MENSAJE: oAutorizado.PlacaAuto : MNO534
2023/06/07 03:29:58.261 - MENSAJE: Error Conexion PLC
2023/06/07 03:31:11.536 - INICIO REGISTRO
2023/06/07 03:31:11.545 - MENSAJE: (FrondEnd CargaRecursos): Carga Controles - OK
2023/06/07 03:31:11.683 - MENSAJE: (FrondEnd CargaImagenes): Carga Imagenes - OK
2023/06/07 03:31:12.496 - MENSAJE: (Presenter ObtenerInfoModulo) OK
2023/06/07 03:31:12.538 - MENSAJE: (Presenter ObtenerInfoPartes) OK
2023/06/07 03:31:12.569 - MENSAJE: (Presenter ObtenerInfoParametros) OK
2023/06/07 03:31:12.603 - MENSAJE: 
2023/06/07 03:31:12.653 - MENSAJE: ConexionExitosa_Dispensador
2023/06/07 03:31:12.770 - MENSAJE: (PRESENTER) Error Borrado Varibales PLC
2023/06/07 03:31:17.718 - MENSAJE: 
2023/06/07 03:31:17.718 - MENSAJE: 
2023/06/07 03:31:17.911 - MENSAJE: 
2023/06/07 03:31:24.374 - MENSAJE: (FrontEnd Antes AlistarTarjetaNew)
2023/06/07 03:31:26.354 - MENSAJE: Tarjeta_Alistada
2023/06/07 03:31:26.409 - MENSAJE: Tarjeta Encontrada: 86D73728
2023/06/07 03:31:26.959 - MENSAJE: (FrontEnd Despues AlistarTarjetaNew)
2023/06/07 03:31:27.162 - MENSAJE: (FrontEnd Antes CapturaPlaca)
2023/06/07 03:31:27.338 - MENSAJE: (FrontEnd CapturaPlaca) ipServer: 10.32.0.85
2023/06/07 03:31:27.343 - MENSAJE: (FrontEnd CapturaPlaca) message: [lpr;1;1;242CF]
2023/06/07 03:31:28.044 - MENSAJE: (FrontEnd CapturaPlaca) Placa: MNO534
2023/06/07 03:31:28.569 - MENSAJE: (FrontEnd Antes CapturaPlaca) MNO534
2023/06/07 03:31:35.368 - MENSAJE: oAutorizado.PlacaAuto : MNO534
2023/06/07 03:32:55.593 - INICIO REGISTRO
2023/06/07 03:32:55.599 - MENSAJE: (FrondEnd CargaRecursos): Carga Controles - OK
2023/06/07 03:32:55.705 - MENSAJE: (FrondEnd CargaImagenes): Carga Imagenes - OK
2023/06/07 03:32:56.334 - MENSAJE: (Presenter ObtenerInfoModulo) OK
2023/06/07 03:32:56.366 - MENSAJE: (Presenter ObtenerInfoPartes) OK
2023/06/07 03:32:56.386 - MENSAJE: (Presenter ObtenerInfoParametros) OK
2023/06/07 03:32:56.412 - MENSAJE: 
2023/06/07 03:32:56.443 - MENSAJE: ConexionExitosa_Dispensador
2023/06/07 03:32:56.541 - MENSAJE: (PRESENTER) Error Borrado Varibales PLC
2023/06/07 03:33:00.148 - MENSAJE: 
2023/06/07 03:33:00.147 - MENSAJE: 
2023/06/07 03:33:00.853 - MENSAJE: (FrontEnd Antes AlistarTarjetaNew)
2023/06/07 03:33:02.746 - MENSAJE: Tarjeta_Alistada
2023/06/07 03:33:02.791 - MENSAJE: Tarjeta Encontrada: 86D73728
2023/06/07 03:33:03.361 - MENSAJE: (FrontEnd Despues AlistarTarjetaNew)
2023/06/07 03:33:03.562 - MENSAJE: (FrontEnd Antes CapturaPlaca)
2023/06/07 03:33:03.890 - MENSAJE: (FrontEnd CapturaPlaca) ipServer: 10.32.0.85
2023/06/07 03:33:03.901 - MENSAJE: (FrontEnd CapturaPlaca) message: [lpr;1;1;242CF]
2023/06/07 03:33:04.604 - MENSAJE: (FrontEnd CapturaPlaca) Placa: MNO534
2023/06/07 03:33:05.194 - MENSAJE: (FrontEnd Antes CapturaPlaca) MNO534
2023/06/07 03:33:08.801 - MENSAJE: oAutorizado.PlacaAuto : MNO534
2023/06/07 03:33:09.424 - MENSAJE: 
2023/06/07 03:33:09.424 - MENSAJE: 
2023/06/07 03:33:09.622 - MENSAJE: 
2023/06/07 03:33:46.861 - MENSAJE: 
2023/06/07 03:33:52.012 - MENSAJE: 
2023/06/07 03:33:52.014 - MENSAJE: 
2023/06/07 03:34:13.904 - INICIO REGISTRO
2023/06/07 03:34:13.910 - MENSAJE: (FrondEnd CargaRecursos): Carga Controles - OK
2023/06/07 03:34:14.028 - MENSAJE: (FrondEnd CargaImagenes): Carga Imagenes - OK
2023/06/07 03:34:14.719 - MENSAJE: (Presenter ObtenerInfoModulo) OK
2023/06/07 03:34:14.751 - MENSAJE: (Presenter ObtenerInfoPartes) OK
2023/06/07 03:34:14.771 - MENSAJE: (Presenter ObtenerInfoParametros) OK
2023/06/07 03:34:14.796 - MENSAJE: 
2023/06/07 03:34:14.835 - MENSAJE: ConexionExitosa_Dispensador
2023/06/07 03:34:14.935 - MENSAJE: (PRESENTER) Error Borrado Varibales PLC
2023/06/07 03:34:19.251 - MENSAJE: 
2023/06/07 03:34:19.381 - MENSAJE: 
2023/06/07 03:34:19.760 - MENSAJE: 
2023/06/07 03:34:19.864 - MENSAJE: (FrontEnd Antes AlistarTarjetaNew)
2023/06/07 03:34:21.768 - MENSAJE: Tarjeta_Alistada
2023/06/07 03:34:21.814 - MENSAJE: Tarjeta Encontrada: 86D73728
2023/06/07 03:34:22.384 - MENSAJE: (FrontEnd Despues AlistarTarjetaNew)
2023/06/07 03:34:22.551 - MENSAJE: (FrontEnd Antes CapturaPlaca)
2023/06/07 03:34:22.727 - MENSAJE: (FrontEnd CapturaPlaca) ipServer: 10.32.0.85
2023/06/07 03:34:22.732 - MENSAJE: (FrontEnd CapturaPlaca) message: [lpr;1;1;242CF]
2023/06/07 03:34:23.629 - MENSAJE: (FrontEnd CapturaPlaca) Placa: MNO534
2023/06/07 03:34:23.727 - MENSAJE: (FrontEnd Antes CapturaPlaca) MNO534
2023/06/07 03:34:27.408 - MENSAJE: oAutorizado.PlacaAuto : MNO534
2023/06/07 03:34:27.932 - MENSAJE: 
2023/06/07 03:34:27.937 - MENSAJE: 
2023/06/07 03:34:28.174 - MENSAJE: 
2023/06/07 03:34:38.531 - MENSAJE: Tarjeta_Escrita
2023/06/07 03:34:38.543 - MENSAJE: Tarjeta_MovidaReceptor_RF_TO_FRONT
2023/06/07 03:34:47.859 - MENSAJE: Tarjeta_En_Boca
2023/06/07 03:34:47.860 - MENSAJE: Tarjeta_En_Boca
2023/06/07 03:35:02.206 - MENSAJE: Sin_Tarjeta
2023/06/07 03:35:05.182 - MENSAJE: 
2023/06/07 03:35:05.218 - MENSAJE: 
2023/06/07 03:35:13.397 - MENSAJE: 
2023/06/07 03:35:13.402 - MENSAJE: 
2023/06/07 03:35:13.936 - MENSAJE: 
2023/06/07 03:35:14.931 - MENSAJE: 
2023/06/07 03:35:15.925 - MENSAJE: 
2023/06/07 03:35:16.923 - MENSAJE: 
2023/06/07 03:35:17.924 - MENSAJE: 
2023/06/07 03:35:18.924 - MENSAJE: 
2023/06/07 03:35:19.937 - MENSAJE: 
2023/06/07 03:35:20.923 - MENSAJE: 
2023/06/07 03:35:21.936 - MENSAJE: 
2023/06/07 03:35:22.934 - MENSAJE: 
2023/06/07 03:35:23.932 - MENSAJE: 
2023/06/07 03:35:24.936 - MENSAJE: 
2023/06/07 03:35:25.934 - MENSAJE: 
2023/06/07 03:35:26.930 - MENSAJE: 
2023/06/07 03:35:27.929 - MENSAJE: 
2023/06/07 03:35:28.932 - MENSAJE: 
2023/06/07 03:35:29.934 - MENSAJE: 
2023/06/07 03:35:30.715 - MENSAJE: 
2023/06/07 03:35:30.725 - MENSAJE: 
2023/06/07 03:35:30.928 - MENSAJE: 
2023/06/07 03:35:30.928 - MENSAJE: 
2023/06/07 03:35:30.938 - MENSAJE: 
2023/06/07 03:35:31.928 - MENSAJE: 
2023/06/07 03:35:31.928 - MENSAJE: 
2023/06/07 03:35:31.939 - MENSAJE: 
2023/06/07 03:35:32.933 - MENSAJE: 
2023/06/07 03:35:32.933 - MENSAJE: 
2023/06/07 03:35:32.945 - MENSAJE: 
2023/06/07 03:35:33.933 - MENSAJE: 
2023/06/07 03:35:33.933 - MENSAJE: 
2023/06/07 03:35:33.944 - MENSAJE: 
2023/06/07 03:35:34.938 - MENSAJE: 
2023/06/07 03:35:34.938 - MENSAJE: 
2023/06/07 03:35:34.949 - MENSAJE: 
2023/06/07 03:35:35.934 - MENSAJE: 
2023/06/07 03:35:35.934 - MENSAJE: 
2023/06/07 03:35:35.945 - MENSAJE: 
2023/06/07 03:35:36.932 - MENSAJE: 
2023/06/07 03:35:36.932 - MENSAJE: 
2023/06/07 03:35:36.943 - MENSAJE: 
2023/06/07 03:35:37.927 - MENSAJE: 
2023/06/07 03:35:37.927 - MENSAJE: 
2023/06/07 03:35:37.938 - MENSAJE: 
2023/06/07 03:35:38.932 - MENSAJE: 
2023/06/07 03:35:38.932 - MENSAJE: 
2023/06/07 03:35:38.943 - MENSAJE: 
2023/06/07 03:35:39.934 - MENSAJE: 
2023/06/07 03:35:39.934 - MENSAJE: 
2023/06/07 03:35:39.945 - MENSAJE: 
2023/06/07 03:35:40.932 - MENSAJE: 
2023/06/07 03:35:40.932 - MENSAJE: 
2023/06/07 03:35:40.943 - MENSAJE: 
2023/06/07 03:35:41.929 - MENSAJE: 
2023/06/07 03:35:41.929 - MENSAJE: 
2023/06/07 03:35:41.941 - MENSAJE: 
2023/06/07 03:35:42.927 - MENSAJE: 
2023/06/07 03:35:42.927 - MENSAJE: 
2023/06/07 03:35:42.938 - MENSAJE: 
2023/06/07 03:35:43.927 - MENSAJE: 
2023/06/07 03:35:43.927 - MENSAJE: 
2023/06/07 03:35:43.937 - MENSAJE: 
2023/06/07 03:35:44.924 - MENSAJE: 
2023/06/07 03:35:44.924 - MENSAJE: 
2023/06/07 03:35:44.935 - MENSAJE: 
2023/06/07 03:35:45.923 - MENSAJE: 
2023/06/07 03:35:45.923 - MENSAJE: 
2023/06/07 03:35:45.934 - MENSAJE: 
2023/06/07 03:35:46.924 - MENSAJE: 
2023/06/07 03:35:46.924 - MENSAJE: 
2023/06/07 03:35:46.935 - MENSAJE: 
2023/06/07 03:35:47.935 - MENSAJE: 
2023/06/07 03:35:47.935 - MENSAJE: 
2023/06/07 03:35:47.945 - MENSAJE: 
2023/06/07 03:35:48.935 - MENSAJE: 
2023/06/07 03:35:48.935 - MENSAJE: 
2023/06/07 03:35:48.945 - MENSAJE: 
2023/06/07 03:35:49.934 - MENSAJE: 
2023/06/07 03:35:49.934 - MENSAJE: 
2023/06/07 03:35:49.944 - MENSAJE: 
2023/06/07 03:35:50.935 - MENSAJE: 
2023/06/07 03:35:50.935 - MENSAJE: 
2023/06/07 03:35:50.946 - MENSAJE: 
2023/06/07 03:35:51.933 - MENSAJE: 
2023/06/07 03:35:51.933 - MENSAJE: 
2023/06/07 03:35:51.943 - MENSAJE: 
2023/06/07 03:35:52.933 - MENSAJE: 
2023/06/07 03:35:52.933 - MENSAJE: 
2023/06/07 03:35:52.944 - MENSAJE: 
2023/06/07 03:35:53.929 - MENSAJE: 
2023/06/07 03:35:53.929 - MENSAJE: 
2023/06/07 03:35:53.940 - MENSAJE: 
2023/06/07 03:35:54.925 - MENSAJE: 
2023/06/07 03:35:54.925 - MENSAJE: 
2023/06/07 03:35:54.936 - MENSAJE: 
2023/06/07 03:35:55.923 - MENSAJE: 
2023/06/07 03:35:55.923 - MENSAJE: 
2023/06/07 03:35:55.934 - MENSAJE: 
2023/06/07 03:35:56.925 - MENSAJE: 
2023/06/07 03:35:56.925 - MENSAJE: 
2023/06/07 03:35:56.935 - MENSAJE: 
2023/06/07 03:35:57.938 - MENSAJE: 
2023/06/07 03:35:57.938 - MENSAJE: 
2023/06/07 03:35:57.950 - MENSAJE: 
2023/06/07 03:35:58.931 - MENSAJE: 
2023/06/07 03:35:58.931 - MENSAJE: 
2023/06/07 03:35:58.941 - MENSAJE: 
2023/06/07 03:35:59.931 - MENSAJE: 
2023/06/07 03:35:59.931 - MENSAJE: 
2023/06/07 03:35:59.942 - MENSAJE: 
2023/06/07 03:36:00.931 - MENSAJE: 
2023/06/07 03:36:00.931 - MENSAJE: 
2023/06/07 03:36:00.942 - MENSAJE: 
2023/06/07 03:36:01.929 - MENSAJE: 
2023/06/07 03:36:01.929 - MENSAJE: 
2023/06/07 03:36:01.940 - MENSAJE: 
2023/06/07 03:36:02.927 - MENSAJE: 
2023/06/07 03:36:02.927 - MENSAJE: 
2023/06/07 03:36:02.938 - MENSAJE: 
2023/06/07 03:36:03.926 - MENSAJE: 
2023/06/07 03:36:03.926 - MENSAJE: 
2023/06/07 03:36:03.938 - MENSAJE: 
2023/06/07 03:36:04.925 - MENSAJE: 
2023/06/07 03:36:04.925 - MENSAJE: 
2023/06/07 03:36:04.936 - MENSAJE: 
2023/06/07 03:36:05.925 - MENSAJE: 
2023/06/07 03:36:05.925 - MENSAJE: 
2023/06/07 03:36:05.936 - MENSAJE: 
2023/06/07 03:36:06.937 - MENSAJE: 
2023/06/07 03:36:06.937 - MENSAJE: 
2023/06/07 03:36:06.948 - MENSAJE: 
2023/06/07 03:36:07.932 - MENSAJE: 
2023/06/07 03:36:07.932 - MENSAJE: 
2023/06/07 03:36:07.942 - MENSAJE: 
2023/06/07 03:36:08.928 - MENSAJE: 
2023/06/07 03:36:08.928 - MENSAJE: 
2023/06/07 03:36:08.938 - MENSAJE: 
2023/06/07 03:36:09.932 - MENSAJE: 
2023/06/07 03:36:09.932 - MENSAJE: 
2023/06/07 03:36:09.943 - MENSAJE: 
2023/06/07 03:36:10.930 - MENSAJE: 
2023/06/07 03:36:10.930 - MENSAJE: 
2023/06/07 03:36:10.940 - MENSAJE: 
2023/06/07 03:36:11.926 - MENSAJE: 
2023/06/07 03:36:11.926 - MENSAJE: 
2023/06/07 03:36:11.937 - MENSAJE: 
2023/06/07 03:36:12.933 - MENSAJE: 
2023/06/07 03:36:12.933 - MENSAJE: 
2023/06/07 03:36:12.944 - MENSAJE: 
2023/06/07 03:36:13.933 - MENSAJE: 
2023/06/07 03:36:13.933 - MENSAJE: 
2023/06/07 03:36:13.944 - MENSAJE: 
2023/06/07 03:36:14.933 - MENSAJE: 
2023/06/07 03:36:14.933 - MENSAJE: 
2023/06/07 03:36:14.944 - MENSAJE: 
2023/06/07 03:36:15.931 - MENSAJE: 
2023/06/07 03:36:15.931 - MENSAJE: 
2023/06/07 03:36:15.943 - MENSAJE: 
2023/06/07 03:36:16.930 - MENSAJE: 
2023/06/07 03:36:16.930 - MENSAJE: 
2023/06/07 03:36:16.942 - MENSAJE: 
2023/06/07 03:36:17.930 - MENSAJE: 
2023/06/07 03:36:17.930 - MENSAJE: 
2023/06/07 03:36:17.941 - MENSAJE: 
2023/06/07 03:36:18.935 - MENSAJE: 
2023/06/07 03:36:18.935 - MENSAJE: 
2023/06/07 03:36:18.946 - MENSAJE: 
2023/06/07 03:36:19.932 - MENSAJE: 
2023/06/07 03:36:19.932 - MENSAJE: 
2023/06/07 03:36:19.942 - MENSAJE: 
2023/06/07 03:36:20.929 - MENSAJE: 
2023/06/07 03:36:20.929 - MENSAJE: 
2023/06/07 03:36:20.939 - MENSAJE: 
2023/06/07 03:36:21.924 - MENSAJE: 
2023/06/07 03:36:21.924 - MENSAJE: 
2023/06/07 03:36:21.935 - MENSAJE: 
2023/06/07 03:36:22.924 - MENSAJE: 
2023/06/07 03:36:22.924 - MENSAJE: 
2023/06/07 03:36:22.935 - MENSAJE: 
2023/06/07 03:36:23.925 - MENSAJE: 
2023/06/07 03:36:23.925 - MENSAJE: 
2023/06/07 03:36:23.936 - MENSAJE: 
2023/06/07 03:36:24.937 - MENSAJE: 
2023/06/07 03:36:24.937 - MENSAJE: 
2023/06/07 03:36:24.949 - MENSAJE: 
2023/06/07 03:36:25.933 - MENSAJE: 
2023/06/07 03:36:25.933 - MENSAJE: 
2023/06/07 03:36:25.945 - MENSAJE: 
2023/06/07 03:36:26.928 - MENSAJE: 
2023/06/07 03:36:26.928 - MENSAJE: 
2023/06/07 03:36:26.938 - MENSAJE: 
2023/06/07 03:36:27.924 - MENSAJE: 
2023/06/07 03:36:27.924 - MENSAJE: 
2023/06/07 03:36:27.934 - MENSAJE: 
2023/06/07 03:36:28.932 - MENSAJE: 
2023/06/07 03:36:28.932 - MENSAJE: 
2023/06/07 03:36:28.942 - MENSAJE: 
2023/06/07 03:36:29.924 - MENSAJE: 
2023/06/07 03:36:29.924 - MENSAJE: 
2023/06/07 03:36:29.934 - MENSAJE: 
2023/06/07 03:36:30.931 - MENSAJE: 
2023/06/07 03:36:30.931 - MENSAJE: 
2023/06/07 03:36:30.942 - MENSAJE: 
2023/06/07 03:36:31.928 - MENSAJE: 
2023/06/07 03:36:31.928 - MENSAJE: 
2023/06/07 03:36:31.940 - MENSAJE: 
2023/06/07 03:36:32.925 - MENSAJE: 
2023/06/07 03:36:32.925 - MENSAJE: 
2023/06/07 03:36:32.936 - MENSAJE: 
2023/06/07 03:36:33.936 - MENSAJE: 
2023/06/07 03:36:33.936 - MENSAJE: 
2023/06/07 03:36:33.947 - MENSAJE: 
2023/06/07 03:36:34.925 - MENSAJE: 
2023/06/07 03:36:34.925 - MENSAJE: 
2023/06/07 03:36:34.936 - MENSAJE: 
2023/06/07 03:36:35.938 - MENSAJE: 
2023/06/07 03:36:35.938 - MENSAJE: 
2023/06/07 03:36:35.949 - MENSAJE: 
2023/06/07 03:36:41.971 - MENSAJE: (PRESENTER) Error Borrado Varibales PLC
2023/06/07 03:36:43.483 - MENSAJE: Sin_Tarjeta
2023/06/07 03:36:43.484 - MENSAJE: 
2023/06/07 03:36:43.484 - MENSAJE: 
2023/06/07 03:36:43.495 - MENSAJE: 
2023/06/07 03:37:45.589 - MENSAJE: Sin_Tarjeta
2023/06/07 03:37:46.632 - MENSAJE: 
2023/06/07 03:37:46.634 - MENSAJE: 
2023/06/07 03:37:47.058 - MENSAJE: 
2023/06/07 03:37:51.102 - MENSAJE: Sin_Tarjeta
2023/06/07 03:37:53.237 - MENSAJE: 
2023/06/07 03:37:53.238 - MENSAJE: 
2023/06/07 03:37:53.879 - MENSAJE: 
2023/06/07 03:37:54.565 - MENSAJE: (FrontEnd Antes AlistarTarjetaNew)
2023/06/07 03:37:56.501 - MENSAJE: Tarjeta_Alistada
2023/06/07 03:37:56.536 - MENSAJE: Tarjeta Encontrada: 26F04F28
2023/06/07 03:37:57.004 - MENSAJE: (FrontEnd Despues AlistarTarjetaNew)
2023/06/07 03:37:57.235 - MENSAJE: (FrontEnd Antes CapturaPlaca)
2023/06/07 03:37:57.555 - MENSAJE: (FrontEnd CapturaPlaca) ipServer: 10.32.0.85
2023/06/07 03:37:57.559 - MENSAJE: (FrontEnd CapturaPlaca) message: [lpr;1;1;242CF]
2023/06/07 03:37:58.929 - MENSAJE: (FrontEnd CapturaPlaca) Placa: MNO534
2023/06/07 03:37:59.505 - MENSAJE: (FrontEnd Antes CapturaPlaca) MNO534
2023/06/07 03:38:11.036 - MENSAJE: oAutorizado.PlacaAuto : MNO534
2023/06/07 03:38:11.629 - MENSAJE: 
2023/06/07 03:38:11.631 - MENSAJE: 
2023/06/07 03:38:13.903 - MENSAJE: 
2023/06/07 03:38:19.572 - MENSAJE: Tarjeta_Escrita
2023/06/07 03:38:19.583 - MENSAJE: Tarjeta_MovidaReceptor_RF_TO_FRONT
2023/06/07 03:38:27.280 - MENSAJE: Tarjeta_En_Boca
2023/06/07 03:38:27.280 - MENSAJE: Tarjeta_En_Boca
2023/06/07 03:38:35.109 - MENSAJE: oAutorizado.IdTarjeta : E6873628
2023/06/07 03:39:12.698 - MENSAJE: 
2023/06/07 03:39:16.040 - MENSAJE: 
2023/06/07 03:39:18.885 - MENSAJE: 
2023/06/07 03:39:23.011 - MENSAJE: (PRESENTER) Error Borrado Varibales PLC
2023/06/07 03:39:24.519 - MENSAJE: 
2023/06/07 03:39:24.520 - MENSAJE: (FrontEnd Antes AlistarTarjetaNew)
2023/06/07 03:39:26.257 - MENSAJE: Tarjeta_Alistada
2023/06/07 03:39:26.289 - MENSAJE: Tarjeta Encontrada: 26F04F28
2023/06/07 03:39:26.290 - MENSAJE: (FrontEnd Despues AlistarTarjetaNew)
2023/06/07 03:39:26.290 - MENSAJE: (FrontEnd Antes CapturaPlaca)
2023/06/07 03:39:26.291 - MENSAJE: (FrontEnd CapturaPlaca) ipServer: 10.32.0.85
2023/06/07 03:39:26.293 - MENSAJE: (FrontEnd CapturaPlaca) message: [lpr;1;1;242CF]
2023/06/07 03:39:27.524 - MENSAJE: (FrontEnd CapturaPlaca) Placa: MNO534
2023/06/07 03:39:27.524 - MENSAJE: (FrontEnd Antes CapturaPlaca) MNO534
2023/06/07 03:39:27.526 - MENSAJE: oAutorizado.PlacaAuto : MNO534
2023/06/07 03:39:27.546 - MENSAJE: 
2023/06/07 03:39:29.973 - MENSAJE: Tarjeta_Escrita
2023/06/07 03:39:29.984 - MENSAJE: Tarjeta_MovidaReceptor_RF_TO_FRONT
2023/06/07 03:39:30.591 - MENSAJE: Tarjeta_En_Boca
2023/06/07 03:39:30.591 - MENSAJE: Tarjeta_En_Boca
2023/06/07 03:39:30.592 - MENSAJE: oAutorizado.PlacaAuto : MNO534
2023/06/07 03:39:30.669 - MENSAJE: Error Conexion PLC
2023/06/07 03:39:30.728 - MENSAJE: Error Conexion PLC
2023/06/07 03:39:32.271 - MENSAJE: Tarjeta_En_Boca
2023/06/07 03:39:32.271 - MENSAJE: Tarjeta_En_Boca
2023/06/07 03:39:32.280 - MENSAJE: 
2023/06/07 03:39:33.176 - MENSAJE: 
2023/06/07 03:39:33.187 - MENSAJE: 
2023/06/07 03:39:49.215 - INICIO REGISTRO
2023/06/07 03:39:49.225 - MENSAJE: (FrondEnd CargaRecursos): Carga Controles - OK
2023/06/07 03:39:49.376 - MENSAJE: (FrondEnd CargaImagenes): Carga Imagenes - OK
2023/06/07 03:39:50.317 - MENSAJE: (Presenter ObtenerInfoModulo) OK
2023/06/07 03:39:50.362 - MENSAJE: (Presenter ObtenerInfoPartes) OK
2023/06/07 03:39:50.397 - MENSAJE: (Presenter ObtenerInfoParametros) OK
2023/06/07 03:39:50.433 - MENSAJE: 
2023/06/07 03:39:50.490 - MENSAJE: ConexionExitosa_Dispensador
2023/06/07 03:39:50.627 - MENSAJE: (PRESENTER) Error Borrado Varibales PLC
2023/06/07 03:40:33.398 - MENSAJE: Tarjeta_En_Boca
2023/06/07 03:40:33.399 - MENSAJE: Tarjeta_En_Boca
2023/06/07 03:40:33.407 - MENSAJE: 
2023/06/07 03:40:33.430 - MENSAJE: 
2023/06/07 03:40:34.067 - MENSAJE: Tarjeta_En_Boca
2023/06/07 03:40:34.068 - MENSAJE: Tarjeta_En_Boca
2023/06/07 03:40:34.069 - MENSAJE: 
2023/06/07 03:40:34.072 - MENSAJE: 
2023/06/07 03:40:34.074 - MENSAJE: (FrontEnd Antes AlistarTarjetaNew)
2023/06/07 03:40:34.080 - MENSAJE: 
2023/06/07 03:40:35.830 - MENSAJE: Tarjeta_Alistada
2023/06/07 03:40:35.879 - MENSAJE: Tarjeta Encontrada: 26F04F28
2023/06/07 03:40:35.880 - MENSAJE: (FrontEnd Despues AlistarTarjetaNew)
2023/06/07 03:40:35.881 - MENSAJE: (FrontEnd Antes CapturaPlaca)
2023/06/07 03:40:35.883 - MENSAJE: (FrontEnd CapturaPlaca) ipServer: 10.32.0.85
2023/06/07 03:40:35.886 - MENSAJE: (FrontEnd CapturaPlaca) message: [lpr;1;1;242CF]
2023/06/07 03:40:37.292 - MENSAJE: (FrontEnd CapturaPlaca) Placa: MNO534
2023/06/07 03:40:37.292 - MENSAJE: (FrontEnd Antes CapturaPlaca) MNO534
2023/06/07 03:40:37.312 - MENSAJE: oAutorizado.PlacaAuto : MNO534
2023/06/07 03:40:37.344 - MENSAJE: 
2023/06/07 03:40:37.344 - MENSAJE: 
2023/06/07 03:40:37.356 - MENSAJE: 
2023/06/07 03:40:39.802 - MENSAJE: Tarjeta_Escrita
2023/06/07 03:40:39.814 - MENSAJE: Tarjeta_MovidaReceptor_RF_TO_FRONT
2023/06/07 03:40:40.481 - MENSAJE: Tarjeta_En_Boca
2023/06/07 03:40:40.481 - MENSAJE: Tarjeta_En_Boca
2023/06/07 03:40:40.494 - MENSAJE: oAutorizado.IdTarjeta : E6873628
2023/06/07 03:40:40.590 - MENSAJE: 
2023/06/07 03:40:40.590 - MENSAJE: 
2023/06/07 03:40:40.643 - MENSAJE: 
2023/06/07 03:40:41.231 - MENSAJE: 
2023/06/07 03:40:42.228 - MENSAJE: 
2023/06/07 03:40:43.226 - MENSAJE: 
2023/06/07 03:40:44.222 - MENSAJE: 
2023/06/07 03:40:45.225 - MENSAJE: 
2023/06/07 03:40:46.224 - MENSAJE: 
2023/06/07 03:40:47.223 - MENSAJE: 
2023/06/07 03:40:48.228 - MENSAJE: 
2023/06/07 03:40:49.226 - MENSAJE: 
2023/06/07 03:40:50.220 - MENSAJE: 
2023/06/07 03:40:51.233 - MENSAJE: 
2023/06/07 03:40:52.231 - MENSAJE: 
2023/06/07 03:40:52.979 - MENSAJE: 
2023/06/07 03:40:52.990 - MENSAJE: 
2023/06/07 03:40:53.226 - MENSAJE: 
2023/06/07 03:40:53.226 - MENSAJE: 
2023/06/07 03:40:53.237 - MENSAJE: 
2023/06/07 03:40:59.270 - MENSAJE: (PRESENTER) Error Borrado Varibales PLC
2023/06/07 03:41:00.764 - MENSAJE: 
2023/06/07 03:41:00.764 - MENSAJE: 
2023/06/07 03:41:00.774 - MENSAJE: 
2023/06/07 03:41:01.762 - MENSAJE: 
2023/06/07 03:41:01.762 - MENSAJE: 
2023/06/07 03:41:01.773 - MENSAJE: 
2023/06/07 03:41:02.747 - MENSAJE: 
2023/06/07 03:41:02.747 - MENSAJE: 
2023/06/07 03:41:02.758 - MENSAJE: 
2023/06/07 03:41:03.763 - MENSAJE: 
2023/06/07 03:41:03.763 - MENSAJE: 
2023/06/07 03:41:03.773 - MENSAJE: 
2023/06/07 03:41:04.774 - MENSAJE: 
2023/06/07 03:41:04.775 - MENSAJE: 
2023/06/07 03:41:04.786 - MENSAJE: 
2023/06/07 03:41:05.752 - MENSAJE: 
2023/06/07 03:41:05.752 - MENSAJE: 
2023/06/07 03:41:05.763 - MENSAJE: 
2023/06/07 03:41:06.767 - MENSAJE: 
2023/06/07 03:41:06.767 - MENSAJE: 
2023/06/07 03:41:06.778 - MENSAJE: 
2023/06/07 03:41:07.752 - MENSAJE: 
2023/06/07 03:41:07.753 - MENSAJE: 
2023/06/07 03:41:07.763 - MENSAJE: 
2023/06/07 03:41:08.766 - MENSAJE: 
2023/06/07 03:41:08.766 - MENSAJE: 
2023/06/07 03:41:08.777 - MENSAJE: 
2023/06/07 03:41:09.763 - MENSAJE: 
2023/06/07 03:41:09.763 - MENSAJE: 
2023/06/07 03:41:09.773 - MENSAJE: 
2023/06/07 03:41:10.763 - MENSAJE: 
2023/06/07 03:41:10.763 - MENSAJE: 
2023/06/07 03:41:10.774 - MENSAJE: 
2023/06/07 03:41:11.762 - MENSAJE: 
2023/06/07 03:41:11.763 - MENSAJE: 
2023/06/07 03:41:11.773 - MENSAJE: 
2023/06/07 03:41:12.789 - MENSAJE: 
2023/06/07 03:41:12.790 - MENSAJE: 
2023/06/07 03:41:12.800 - MENSAJE: 
2023/06/07 03:41:13.787 - MENSAJE: 
2023/06/07 03:41:13.787 - MENSAJE: 
2023/06/07 03:41:13.798 - MENSAJE: 
2023/06/07 03:41:14.786 - MENSAJE: 
2023/06/07 03:41:14.786 - MENSAJE: 
2023/06/07 03:41:14.797 - MENSAJE: 
2023/06/07 03:41:15.783 - MENSAJE: 
2023/06/07 03:41:15.783 - MENSAJE: 
2023/06/07 03:41:15.793 - MENSAJE: 
2023/06/07 03:41:16.781 - MENSAJE: 
2023/06/07 03:41:16.781 - MENSAJE: 
2023/06/07 03:41:16.792 - MENSAJE: 
2023/06/07 03:41:17.779 - MENSAJE: 
2023/06/07 03:41:17.779 - MENSAJE: 
2023/06/07 03:41:17.790 - MENSAJE: 
2023/06/07 03:41:18.777 - MENSAJE: 
2023/06/07 03:41:18.777 - MENSAJE: 
2023/06/07 03:41:18.787 - MENSAJE: 
2023/06/07 03:41:19.790 - MENSAJE: 
2023/06/07 03:41:19.790 - MENSAJE: 
2023/06/07 03:41:19.800 - MENSAJE: 
2023/06/07 03:41:20.785 - MENSAJE: 
2023/06/07 03:41:20.786 - MENSAJE: 
2023/06/07 03:41:20.797 - MENSAJE: 
2023/06/07 03:41:21.773 - MENSAJE: 
2023/06/07 03:41:21.773 - MENSAJE: 
2023/06/07 03:41:21.783 - MENSAJE: 
2023/06/07 03:41:22.788 - MENSAJE: 
2023/06/07 03:41:22.788 - MENSAJE: 
2023/06/07 03:41:22.799 - MENSAJE: 
2023/06/07 03:41:23.787 - MENSAJE: 
2023/06/07 03:41:23.787 - MENSAJE: 
2023/06/07 03:41:23.798 - MENSAJE: 
2023/06/07 03:41:24.784 - MENSAJE: 
2023/06/07 03:41:24.784 - MENSAJE: 
2023/06/07 03:41:24.794 - MENSAJE: 
2023/06/07 03:41:25.766 - MENSAJE: 
2023/06/07 03:41:25.766 - MENSAJE: 
2023/06/07 03:41:25.777 - MENSAJE: 
2023/06/07 03:41:26.790 - MENSAJE: 
2023/06/07 03:41:26.790 - MENSAJE: 
2023/06/07 03:41:26.801 - MENSAJE: 
2023/06/07 03:41:27.789 - MENSAJE: 
2023/06/07 03:41:27.789 - MENSAJE: 
2023/06/07 03:41:27.800 - MENSAJE: 
2023/06/07 03:41:28.788 - MENSAJE: 
2023/06/07 03:41:28.788 - MENSAJE: 
2023/06/07 03:41:28.799 - MENSAJE: 
2023/06/07 03:41:29.790 - MENSAJE: 
2023/06/07 03:41:29.791 - MENSAJE: 
2023/06/07 03:41:29.802 - MENSAJE: 
2023/06/07 03:41:30.772 - MENSAJE: 
2023/06/07 03:41:30.773 - MENSAJE: 
2023/06/07 03:41:30.783 - MENSAJE: 
2023/06/07 03:41:31.787 - MENSAJE: 
2023/06/07 03:41:31.787 - MENSAJE: 
2023/06/07 03:41:31.798 - MENSAJE: 
2023/06/07 03:41:32.784 - MENSAJE: 
2023/06/07 03:41:32.784 - MENSAJE: 
2023/06/07 03:41:32.795 - MENSAJE: 
2023/06/07 03:41:33.783 - MENSAJE: 
2023/06/07 03:41:33.784 - MENSAJE: (FrontEnd Antes AlistarTarjetaNew)
2023/06/07 03:41:33.783 - MENSAJE: 
2023/06/07 03:41:33.794 - MENSAJE: 
2023/06/07 03:41:35.536 - MENSAJE: Tarjeta_Alistada
2023/06/07 03:41:35.565 - MENSAJE: Tarjeta Encontrada: 26F04F28
2023/06/07 03:41:35.566 - MENSAJE: (FrontEnd Despues AlistarTarjetaNew)
2023/06/07 03:41:35.566 - MENSAJE: (FrontEnd Antes CapturaPlaca)
2023/06/07 03:41:35.567 - MENSAJE: (FrontEnd CapturaPlaca) ipServer: 10.32.0.85
2023/06/07 03:41:35.575 - MENSAJE: (FrontEnd CapturaPlaca) message: [lpr;1;1;242CF]
2023/06/07 03:41:37.159 - MENSAJE: (FrontEnd CapturaPlaca) Placa: MNO534
2023/06/07 03:41:37.160 - MENSAJE: (FrontEnd Antes CapturaPlaca) MNO534
2023/06/07 03:41:37.161 - MENSAJE: oAutorizado.PlacaAuto : MNO534
2023/06/07 03:41:37.177 - MENSAJE: 
2023/06/07 03:41:37.177 - MENSAJE: 
2023/06/07 03:41:37.188 - MENSAJE: 
2023/06/07 03:41:39.599 - MENSAJE: Tarjeta_Escrita
2023/06/07 03:41:39.610 - MENSAJE: Tarjeta_MovidaReceptor_RF_TO_FRONT
2023/06/07 03:41:40.250 - MENSAJE: Tarjeta_En_Boca
2023/06/07 03:41:40.250 - MENSAJE: Tarjeta_En_Boca
2023/06/07 03:41:40.263 - MENSAJE: oAutorizado.IdTarjeta : E6873628
2023/06/07 03:41:40.332 - MENSAJE: 
2023/06/07 03:41:40.332 - MENSAJE: 
2023/06/07 03:41:40.380 - MENSAJE: 
2023/06/07 03:41:46.277 - MENSAJE: (PRESENTER) Error Borrado Varibales PLC
2023/06/07 03:41:47.779 - MENSAJE: 
2023/06/07 03:41:47.780 - MENSAJE: (FrontEnd Antes AlistarTarjetaNew)
2023/06/07 03:41:48.170 - MENSAJE: 
2023/06/07 03:41:48.181 - MENSAJE: 
2023/06/07 03:41:49.532 - MENSAJE: Tarjeta_Alistada
2023/06/07 03:41:49.560 - MENSAJE: Tarjeta Encontrada: 26F04F28
2023/06/07 03:41:49.561 - MENSAJE: (FrontEnd Despues AlistarTarjetaNew)
2023/06/07 03:41:49.561 - MENSAJE: (FrontEnd Antes CapturaPlaca)
2023/06/07 03:41:49.562 - MENSAJE: (FrontEnd CapturaPlaca) ipServer: 10.32.0.85
2023/06/07 03:41:49.566 - MENSAJE: (FrontEnd CapturaPlaca) message: [lpr;1;1;242CF]
2023/06/07 03:41:50.710 - MENSAJE: (FrontEnd CapturaPlaca) Placa: MNO534
2023/06/07 03:41:50.710 - MENSAJE: (FrontEnd Antes CapturaPlaca) MNO534
2023/06/07 03:41:50.712 - MENSAJE: oAutorizado.PlacaAuto : MNO534
2023/06/07 03:41:50.730 - MENSAJE: 
2023/06/07 03:41:50.730 - MENSAJE: 
2023/06/07 03:41:50.741 - MENSAJE: 
2023/06/07 03:41:53.163 - MENSAJE: Tarjeta_Escrita
2023/06/07 03:41:53.174 - MENSAJE: Tarjeta_MovidaReceptor_RF_TO_FRONT
2023/06/07 03:41:53.811 - MENSAJE: Tarjeta_En_Boca
2023/06/07 03:41:53.811 - MENSAJE: Tarjeta_En_Boca
2023/06/07 03:41:53.812 - MENSAJE: oAutorizado.PlacaAuto : MNO534
2023/06/07 03:41:53.882 - MENSAJE: Error Conexion PLC
2023/06/07 03:41:53.941 - MENSAJE: Error Conexion PLC
2023/06/07 03:41:55.486 - MENSAJE: Tarjeta_En_Boca
2023/06/07 03:41:55.486 - MENSAJE: Tarjeta_En_Boca
2023/06/07 03:41:55.495 - MENSAJE: 
2023/06/07 03:41:55.495 - MENSAJE: 
2023/06/07 03:41:55.506 - MENSAJE: 
2023/06/07 03:41:55.547 - MENSAJE: (PRESENTER) Error Borrado Varibales PLC
2023/06/07 03:41:56.141 - MENSAJE: 
2023/06/07 03:41:56.142 - MENSAJE: 
2023/06/07 03:41:56.153 - MENSAJE: 
2023/06/07 03:41:56.781 - MENSAJE: 
2023/06/07 03:41:56.781 - MENSAJE: 
2023/06/07 03:41:56.792 - MENSAJE: 
2023/06/07 03:41:57.776 - MENSAJE: 
2023/06/07 03:41:57.776 - MENSAJE: 
2023/06/07 03:41:57.787 - MENSAJE: 
2023/06/07 03:41:58.790 - MENSAJE: 
2023/06/07 03:41:58.790 - MENSAJE: 
2023/06/07 03:41:58.801 - MENSAJE: 
2023/06/07 03:41:59.773 - MENSAJE: 
2023/06/07 03:41:59.773 - MENSAJE: 
2023/06/07 03:41:59.784 - MENSAJE: 
2023/06/07 03:42:00.790 - MENSAJE: 
2023/06/07 03:42:00.790 - MENSAJE: 
2023/06/07 03:42:00.801 - MENSAJE: 
2023/06/07 03:42:01.789 - MENSAJE: 
2023/06/07 03:42:01.789 - MENSAJE: 
2023/06/07 03:42:01.799 - MENSAJE: 
2023/06/07 03:42:02.773 - MENSAJE: 
2023/06/07 03:42:02.773 - MENSAJE: 
2023/06/07 03:42:02.784 - MENSAJE: 
2023/06/07 03:42:03.786 - MENSAJE: 
2023/06/07 03:42:03.786 - MENSAJE: 
2023/06/07 03:42:03.797 - MENSAJE: 
2023/06/07 03:42:04.784 - MENSAJE: 
2023/06/07 03:42:04.784 - MENSAJE: 
2023/06/07 03:42:04.794 - MENSAJE: 
2023/06/07 03:42:05.778 - MENSAJE: 
2023/06/07 03:42:05.778 - MENSAJE: 
2023/06/07 03:42:05.789 - MENSAJE: 
2023/06/07 03:42:06.787 - MENSAJE: 
2023/06/07 03:42:06.788 - MENSAJE: 
2023/06/07 03:42:06.798 - MENSAJE: 
2023/06/07 03:42:07.782 - MENSAJE: 
2023/06/07 03:42:07.783 - MENSAJE: 
2023/06/07 03:42:07.794 - MENSAJE: 
2023/06/07 03:42:08.768 - MENSAJE: 
2023/06/07 03:42:08.769 - MENSAJE: 
2023/06/07 03:42:08.779 - MENSAJE: 
2023/06/07 03:42:09.768 - MENSAJE: 
2023/06/07 03:42:09.768 - MENSAJE: 
2023/06/07 03:42:09.778 - MENSAJE: 
2023/06/07 03:42:10.782 - MENSAJE: 
2023/06/07 03:42:10.782 - MENSAJE: 
2023/06/07 03:42:10.792 - MENSAJE: 
2023/06/07 03:42:11.775 - MENSAJE: 
2023/06/07 03:42:11.776 - MENSAJE: 
2023/06/07 03:42:11.788 - MENSAJE: 
2023/06/07 03:50:38.045 - INICIO REGISTRO
2023/06/07 03:50:38.052 - MENSAJE: (FrondEnd CargaRecursos): Carga Controles - OK
2023/06/07 03:50:38.172 - MENSAJE: (FrondEnd CargaImagenes): Carga Imagenes - OK
2023/06/07 03:50:40.737 - MENSAJE: (Presenter ObtenerInfoModulo) OK
2023/06/07 03:50:40.784 - MENSAJE: (Presenter ObtenerInfoPartes) OK
2023/06/07 03:50:40.825 - MENSAJE: (Presenter ObtenerInfoParametros) OK
2023/06/07 03:50:40.861 - MENSAJE: 
2023/06/07 03:50:40.897 - MENSAJE: ConexionExitosa_Dispensador
2023/06/07 03:50:41.090 - MENSAJE: (PRESENTER) Error Borrado Varibales PLC
2023/06/07 03:50:49.852 - MENSAJE: Tarjeta_En_Boca
2023/06/07 03:50:49.853 - MENSAJE: Tarjeta_En_Boca
2023/06/07 03:50:51.058 - MENSAJE: 
2023/06/07 03:50:51.064 - MENSAJE: 
2023/06/07 03:50:51.733 - MENSAJE: 
2023/06/07 03:50:52.645 - MENSAJE: (FrontEnd Antes AlistarTarjetaNew)
2023/06/07 03:50:54.595 - MENSAJE: Tarjeta_Alistada
2023/06/07 03:50:54.678 - MENSAJE: Tarjeta Encontrada: 26F04F28
2023/06/07 03:50:54.799 - MENSAJE: (FrontEnd Despues AlistarTarjetaNew)
2023/06/07 03:50:55.349 - MENSAJE: (FrontEnd Antes CapturaPlaca)
2023/06/07 03:50:55.566 - MENSAJE: (FrontEnd CapturaPlaca) ipServer: 10.32.0.85
2023/06/07 03:50:55.578 - MENSAJE: (FrontEnd CapturaPlaca) message: [lpr;1;1;242CF]
2023/06/07 03:50:56.815 - MENSAJE: (FrontEnd CapturaPlaca) Placa: 4MANGA
2023/06/07 03:50:57.545 - MENSAJE: (FrontEnd Antes CapturaPlaca) 4MANGA
2023/06/07 03:51:06.299 - MENSAJE: oAutorizado.PlacaAuto : 4MANGA
2023/06/07 03:51:07.085 - MENSAJE: 
2023/06/07 03:51:07.090 - MENSAJE: 
2023/06/07 03:51:08.354 - MENSAJE: 
2023/06/07 03:51:13.308 - MENSAJE: Tarjeta_Escrita
2023/06/07 03:51:13.320 - MENSAJE: Tarjeta_MovidaReceptor_RF_TO_FRONT
2023/06/07 03:51:20.335 - MENSAJE: Tarjeta_En_Boca
2023/06/07 03:51:20.335 - MENSAJE: Tarjeta_En_Boca
2023/06/07 03:51:26.219 - MENSAJE: oAutorizado.PlacaAuto : 4MANGA
2023/06/07 03:51:27.064 - MENSAJE: Error Conexion PLC
2023/06/07 03:51:27.121 - MENSAJE: Error Conexion PLC
2023/06/07 03:52:45.492 - INICIO REGISTRO
2023/06/07 03:52:45.500 - MENSAJE: (FrondEnd CargaRecursos): Carga Controles - OK
2023/06/07 03:52:45.606 - MENSAJE: (FrondEnd CargaImagenes): Carga Imagenes - OK
2023/06/07 03:52:46.277 - MENSAJE: (Presenter ObtenerInfoModulo) OK
2023/06/07 03:52:46.310 - MENSAJE: (Presenter ObtenerInfoPartes) OK
2023/06/07 03:52:46.332 - MENSAJE: (Presenter ObtenerInfoParametros) OK
2023/06/07 03:52:46.364 - MENSAJE: 
2023/06/07 03:52:46.396 - MENSAJE: ConexionExitosa_Dispensador
2023/06/07 03:52:46.489 - MENSAJE: (PRESENTER) Error Borrado Varibales PLC
2023/06/07 03:52:51.000 - MENSAJE: Tarjeta_En_Boca
2023/06/07 03:52:51.001 - MENSAJE: Tarjeta_En_Boca
2023/06/07 03:52:51.007 - MENSAJE: 
2023/06/07 03:52:51.008 - MENSAJE: (FrontEnd Antes AlistarTarjetaNew)
2023/06/07 03:52:51.009 - MENSAJE: 
2023/06/07 03:52:51.017 - MENSAJE: 
2023/06/07 03:52:52.760 - MENSAJE: Tarjeta_Alistada
2023/06/07 03:52:52.809 - MENSAJE: Tarjeta Encontrada: 26F04F28
2023/06/07 03:52:52.810 - MENSAJE: (FrontEnd Despues AlistarTarjetaNew)
2023/06/07 03:52:52.811 - MENSAJE: (FrontEnd Antes CapturaPlaca)
2023/06/07 03:52:52.813 - MENSAJE: (FrontEnd CapturaPlaca) ipServer: 10.32.0.85
2023/06/07 03:52:52.815 - MENSAJE: (FrontEnd CapturaPlaca) message: [lpr;1;1;242CF]
2023/06/07 03:52:53.966 - MENSAJE: (FrontEnd CapturaPlaca) Placa: 8UCAR
2023/06/07 03:52:53.966 - MENSAJE: (FrontEnd Antes CapturaPlaca) 8UCAR
2023/06/07 03:52:53.985 - MENSAJE: oAutorizado.PlacaAuto : 8UCAR
2023/06/07 03:52:54.021 - MENSAJE: 
2023/06/07 03:52:54.021 - MENSAJE: 
2023/06/07 03:52:54.034 - MENSAJE: 
2023/06/07 03:52:56.460 - MENSAJE: Tarjeta_Escrita
2023/06/07 03:52:56.472 - MENSAJE: Tarjeta_MovidaReceptor_RF_TO_FRONT
2023/06/07 03:53:12.420 - MENSAJE: Tarjeta_En_Boca
2023/06/07 03:53:12.421 - MENSAJE: Tarjeta_En_Boca
2023/06/07 03:53:12.422 - MENSAJE: oAutorizado.PlacaAuto : 8UCAR
2023/06/07 03:53:12.445 - MENSAJE: 
2023/06/07 03:53:12.453 - MENSAJE: 
2023/06/07 03:53:12.456 - MENSAJE: 
2023/06/07 03:53:14.001 - MENSAJE: Tarjeta_En_Boca
2023/06/07 03:53:14.002 - MENSAJE: Tarjeta_En_Boca
2023/06/07 03:53:14.019 - MENSAJE: 
2023/06/07 03:53:14.023 - MENSAJE: 
2023/06/07 03:53:14.029 - MENSAJE: 
2023/06/07 03:53:14.794 - MENSAJE: Tarjeta_En_Boca
2023/06/07 03:53:14.795 - MENSAJE: Tarjeta_En_Boca
2023/06/07 03:53:14.796 - MENSAJE: oAutorizado.PlacaAuto : 8UCAR
2023/06/07 03:53:14.807 - MENSAJE: 
2023/06/07 03:53:14.807 - MENSAJE: 
2023/06/07 03:53:14.817 - MENSAJE: 
2023/06/07 03:53:16.359 - MENSAJE: Tarjeta_En_Boca
2023/06/07 03:53:16.359 - MENSAJE: Tarjeta_En_Boca
2023/06/07 03:53:16.370 - MENSAJE: 
2023/06/07 03:53:16.370 - MENSAJE: 
2023/06/07 03:53:16.380 - MENSAJE: 
2023/06/07 03:53:17.020 - MENSAJE: Tarjeta_En_Boca
2023/06/07 03:53:17.020 - MENSAJE: Tarjeta_En_Boca
2023/06/07 03:53:17.021 - MENSAJE: oAutorizado.PlacaAuto : 8UCAR
2023/06/07 03:53:17.037 - MENSAJE: 
2023/06/07 03:53:17.037 - MENSAJE: 
2023/06/07 03:53:17.048 - MENSAJE: 
2023/06/07 03:53:18.588 - MENSAJE: Tarjeta_En_Boca
2023/06/07 03:53:18.588 - MENSAJE: Tarjeta_En_Boca
2023/06/07 03:53:18.598 - MENSAJE: 
2023/06/07 03:53:18.599 - MENSAJE: 
2023/06/07 03:53:18.609 - MENSAJE: 
2023/06/07 03:53:19.253 - MENSAJE: Tarjeta_En_Boca
2023/06/07 03:53:19.254 - MENSAJE: Tarjeta_En_Boca
2023/06/07 03:53:19.255 - MENSAJE: oAutorizado.PlacaAuto : 8UCAR
2023/06/07 03:53:19.267 - MENSAJE: 
2023/06/07 03:53:19.267 - MENSAJE: 
2023/06/07 03:53:19.278 - MENSAJE: 
2023/06/07 03:53:20.814 - MENSAJE: Tarjeta_En_Boca
2023/06/07 03:53:20.820 - MENSAJE: Tarjeta_En_Boca
2023/06/07 03:53:20.831 - MENSAJE: 
2023/06/07 03:53:20.831 - MENSAJE: 
2023/06/07 03:53:20.841 - MENSAJE: 
2023/06/07 03:53:21.461 - MENSAJE: Tarjeta_En_Boca
2023/06/07 03:53:21.462 - MENSAJE: Tarjeta_En_Boca
2023/06/07 03:53:21.463 - MENSAJE: oAutorizado.PlacaAuto : 8UCAR
2023/06/07 03:53:21.474 - MENSAJE: 
2023/06/07 03:53:21.474 - MENSAJE: 
2023/06/07 03:53:21.485 - MENSAJE: 
2023/06/07 03:53:23.007 - MENSAJE: Tarjeta_En_Boca
2023/06/07 03:53:23.007 - MENSAJE: Tarjeta_En_Boca
2023/06/07 03:53:23.018 - MENSAJE: 
2023/06/07 03:53:23.018 - MENSAJE: 
2023/06/07 03:53:23.028 - MENSAJE: 
2023/06/07 03:53:23.705 - MENSAJE: Tarjeta_En_Boca
2023/06/07 03:53:23.706 - MENSAJE: Tarjeta_En_Boca
2023/06/07 03:53:23.707 - MENSAJE: oAutorizado.PlacaAuto : 8UCAR
2023/06/07 03:53:23.718 - MENSAJE: 
2023/06/07 03:53:23.718 - MENSAJE: 
2023/06/07 03:53:23.729 - MENSAJE: 
2023/06/07 03:53:25.270 - MENSAJE: Tarjeta_En_Boca
2023/06/07 03:53:25.270 - MENSAJE: Tarjeta_En_Boca
2023/06/07 03:53:25.281 - MENSAJE: 
2023/06/07 03:53:25.281 - MENSAJE: 
2023/06/07 03:53:25.292 - MENSAJE: 
2023/06/07 03:53:25.934 - MENSAJE: Tarjeta_En_Boca
2023/06/07 03:53:25.935 - MENSAJE: Tarjeta_En_Boca
2023/06/07 03:53:25.936 - MENSAJE: oAutorizado.PlacaAuto : 8UCAR
2023/06/07 03:53:25.960 - MENSAJE: 
2023/06/07 03:53:25.961 - MENSAJE: 
2023/06/07 03:53:25.972 - MENSAJE: 
2023/06/07 03:53:27.499 - MENSAJE: Tarjeta_En_Boca
2023/06/07 03:53:27.499 - MENSAJE: Tarjeta_En_Boca
2023/06/07 03:53:27.516 - MENSAJE: 
2023/06/07 03:53:27.517 - MENSAJE: 
2023/06/07 03:53:27.527 - MENSAJE: 
2023/06/07 03:53:28.197 - MENSAJE: Tarjeta_En_Boca
2023/06/07 03:53:28.198 - MENSAJE: Tarjeta_En_Boca
2023/06/07 03:53:28.199 - MENSAJE: oAutorizado.PlacaAuto : 8UCAR
2023/06/07 03:53:28.214 - MENSAJE: 
2023/06/07 03:53:28.214 - MENSAJE: 
2023/06/07 03:53:28.224 - MENSAJE: 
2023/06/07 03:53:29.764 - MENSAJE: Tarjeta_En_Boca
2023/06/07 03:53:29.767 - MENSAJE: Tarjeta_En_Boca
2023/06/07 03:53:29.780 - MENSAJE: 
2023/06/07 03:53:29.780 - MENSAJE: 
2023/06/07 03:53:29.791 - MENSAJE: 
2023/06/07 03:53:30.439 - MENSAJE: Tarjeta_En_Boca
2023/06/07 03:53:30.440 - MENSAJE: Tarjeta_En_Boca
2023/06/07 03:53:30.440 - MENSAJE: oAutorizado.PlacaAuto : 8UCAR
2023/06/07 03:53:30.455 - MENSAJE: 
2023/06/07 03:53:30.455 - MENSAJE: 
2023/06/07 03:53:30.466 - MENSAJE: 
2023/06/07 03:53:32.004 - MENSAJE: Tarjeta_En_Boca
2023/06/07 03:53:32.004 - MENSAJE: Tarjeta_En_Boca
2023/06/07 03:53:32.015 - MENSAJE: 
2023/06/07 03:53:32.015 - MENSAJE: 
2023/06/07 03:53:32.026 - MENSAJE: 
2023/06/07 03:53:32.686 - MENSAJE: Tarjeta_En_Boca
2023/06/07 03:53:32.687 - MENSAJE: Tarjeta_En_Boca
2023/06/07 03:53:32.687 - MENSAJE: oAutorizado.PlacaAuto : 8UCAR
2023/06/07 03:53:32.699 - MENSAJE: 
2023/06/07 03:53:32.699 - MENSAJE: 
2023/06/07 03:53:32.709 - MENSAJE: 
2023/06/07 03:53:34.237 - MENSAJE: Tarjeta_En_Boca
2023/06/07 03:53:34.237 - MENSAJE: Tarjeta_En_Boca
2023/06/07 03:53:34.253 - MENSAJE: 
2023/06/07 03:53:34.254 - MENSAJE: 
2023/06/07 03:53:34.265 - MENSAJE: 
2023/06/07 03:53:34.920 - MENSAJE: Tarjeta_En_Boca
2023/06/07 03:53:34.923 - MENSAJE: Tarjeta_En_Boca
2023/06/07 03:53:34.924 - MENSAJE: oAutorizado.PlacaAuto : 8UCAR
2023/06/07 03:53:34.937 - MENSAJE: 
2023/06/07 03:53:34.937 - MENSAJE: 
2023/06/07 03:53:34.948 - MENSAJE: 
2023/06/07 03:53:36.486 - MENSAJE: Tarjeta_En_Boca
2023/06/07 03:53:36.486 - MENSAJE: Tarjeta_En_Boca
2023/06/07 03:53:36.497 - MENSAJE: 
2023/06/07 03:53:36.497 - MENSAJE: 
2023/06/07 03:53:36.507 - MENSAJE: 
2023/06/07 03:53:37.196 - MENSAJE: Tarjeta_En_Boca
2023/06/07 03:53:37.197 - MENSAJE: Tarjeta_En_Boca
2023/06/07 03:53:37.198 - MENSAJE: oAutorizado.PlacaAuto : 8UCAR
2023/06/07 03:53:37.209 - MENSAJE: 
2023/06/07 03:53:37.209 - MENSAJE: 
2023/06/07 03:53:37.221 - MENSAJE: 
2023/06/07 03:53:38.760 - MENSAJE: Tarjeta_En_Boca
2023/06/07 03:53:38.760 - MENSAJE: Tarjeta_En_Boca
2023/06/07 03:53:38.770 - MENSAJE: 
2023/06/07 03:53:38.770 - MENSAJE: 
2023/06/07 03:53:38.781 - MENSAJE: 
2023/06/07 03:53:39.428 - MENSAJE: Tarjeta_En_Boca
2023/06/07 03:53:39.429 - MENSAJE: Tarjeta_En_Boca
2023/06/07 03:53:39.430 - MENSAJE: oAutorizado.PlacaAuto : 8UCAR
2023/06/07 03:53:39.441 - MENSAJE: 
2023/06/07 03:53:39.442 - MENSAJE: 
2023/06/07 03:53:39.452 - MENSAJE: 
2023/06/07 03:53:40.978 - MENSAJE: Tarjeta_En_Boca
2023/06/07 03:53:40.978 - MENSAJE: Tarjeta_En_Boca
2023/06/07 03:53:40.988 - MENSAJE: 
2023/06/07 03:53:40.989 - MENSAJE: 
2023/06/07 03:53:41.000 - MENSAJE: 
2023/06/07 03:53:41.672 - MENSAJE: Tarjeta_En_Boca
2023/06/07 03:53:41.673 - MENSAJE: Tarjeta_En_Boca
2023/06/07 03:53:41.674 - MENSAJE: oAutorizado.PlacaAuto : 8UCAR
2023/06/07 03:53:41.685 - MENSAJE: 
2023/06/07 03:53:41.686 - MENSAJE: 
2023/06/07 03:53:41.697 - MENSAJE: 
2023/06/07 03:53:43.238 - MENSAJE: Tarjeta_En_Boca
2023/06/07 03:53:43.238 - MENSAJE: Tarjeta_En_Boca
2023/06/07 03:53:43.252 - MENSAJE: 
2023/06/07 03:53:43.252 - MENSAJE: 
2023/06/07 03:53:43.262 - MENSAJE: 
2023/06/07 03:53:43.918 - MENSAJE: Tarjeta_En_Boca
2023/06/07 03:53:43.919 - MENSAJE: Tarjeta_En_Boca
2023/06/07 03:53:43.920 - MENSAJE: oAutorizado.PlacaAuto : 8UCAR
2023/06/07 03:53:43.934 - MENSAJE: 
2023/06/07 03:53:43.934 - MENSAJE: 
2023/06/07 03:53:43.945 - MENSAJE: 
2023/06/07 03:53:45.477 - MENSAJE: Tarjeta_En_Boca
2023/06/07 03:53:45.478 - MENSAJE: Tarjeta_En_Boca
2023/06/07 03:53:45.490 - MENSAJE: 
2023/06/07 03:53:45.490 - MENSAJE: 
2023/06/07 03:53:45.501 - MENSAJE: 
2023/06/07 03:53:46.141 - MENSAJE: Tarjeta_En_Boca
2023/06/07 03:53:46.142 - MENSAJE: Tarjeta_En_Boca
2023/06/07 03:53:46.143 - MENSAJE: oAutorizado.PlacaAuto : 8UCAR
2023/06/07 03:53:46.155 - MENSAJE: 
2023/06/07 03:53:46.155 - MENSAJE: 
2023/06/07 03:53:46.166 - MENSAJE: 
2023/06/07 03:53:47.693 - MENSAJE: Tarjeta_En_Boca
2023/06/07 03:53:47.693 - MENSAJE: Tarjeta_En_Boca
2023/06/07 03:53:47.704 - MENSAJE: 
2023/06/07 03:53:47.704 - MENSAJE: 
2023/06/07 03:53:47.715 - MENSAJE: 
2023/06/07 03:53:48.390 - MENSAJE: Tarjeta_En_Boca
2023/06/07 03:53:48.390 - MENSAJE: Tarjeta_En_Boca
2023/06/07 03:53:48.391 - MENSAJE: oAutorizado.PlacaAuto : 8UCAR
2023/06/07 03:53:48.402 - MENSAJE: 
2023/06/07 03:53:48.403 - MENSAJE: 
2023/06/07 03:53:48.414 - MENSAJE: 
2023/06/07 03:53:49.941 - MENSAJE: Tarjeta_En_Boca
2023/06/07 03:53:49.941 - MENSAJE: Tarjeta_En_Boca
2023/06/07 03:53:49.952 - MENSAJE: 
2023/06/07 03:53:49.952 - MENSAJE: 
2023/06/07 03:53:49.962 - MENSAJE: 
2023/06/07 03:53:50.635 - MENSAJE: Tarjeta_En_Boca
2023/06/07 03:53:50.636 - MENSAJE: Tarjeta_En_Boca
2023/06/07 03:53:50.637 - MENSAJE: oAutorizado.PlacaAuto : 8UCAR
2023/06/07 03:53:50.648 - MENSAJE: 
2023/06/07 03:53:50.648 - MENSAJE: 
2023/06/07 03:53:50.659 - MENSAJE: 
2023/06/07 03:53:52.185 - MENSAJE: Tarjeta_En_Boca
2023/06/07 03:53:52.185 - MENSAJE: Tarjeta_En_Boca
2023/06/07 03:53:52.199 - MENSAJE: 
2023/06/07 03:53:52.199 - MENSAJE: 
2023/06/07 03:53:52.209 - MENSAJE: 
2023/06/07 03:53:52.884 - MENSAJE: Tarjeta_En_Boca
2023/06/07 03:53:52.885 - MENSAJE: Tarjeta_En_Boca
2023/06/07 03:53:52.886 - MENSAJE: oAutorizado.PlacaAuto : 8UCAR
2023/06/07 03:53:52.901 - MENSAJE: 
2023/06/07 03:53:52.901 - MENSAJE: 
2023/06/07 03:53:52.912 - MENSAJE: 
2023/06/07 03:53:54.450 - MENSAJE: Tarjeta_En_Boca
2023/06/07 03:53:54.450 - MENSAJE: Tarjeta_En_Boca
2023/06/07 03:53:54.460 - MENSAJE: 
2023/06/07 03:53:54.460 - MENSAJE: 
2023/06/07 03:53:54.470 - MENSAJE: 
2023/06/07 03:53:55.147 - MENSAJE: Tarjeta_En_Boca
2023/06/07 03:53:55.148 - MENSAJE: Tarjeta_En_Boca
2023/06/07 03:53:55.149 - MENSAJE: oAutorizado.PlacaAuto : 8UCAR
2023/06/07 03:53:55.163 - MENSAJE: 
2023/06/07 03:53:55.164 - MENSAJE: 
2023/06/07 03:53:55.174 - MENSAJE: 
2023/06/07 03:53:56.709 - MENSAJE: Tarjeta_En_Boca
2023/06/07 03:53:56.709 - MENSAJE: Tarjeta_En_Boca
2023/06/07 03:53:56.721 - MENSAJE: 
2023/06/07 03:53:56.721 - MENSAJE: 
2023/06/07 03:53:56.731 - MENSAJE: 
2023/06/07 03:53:57.373 - MENSAJE: Tarjeta_En_Boca
2023/06/07 03:53:57.374 - MENSAJE: Tarjeta_En_Boca
2023/06/07 03:53:57.375 - MENSAJE: oAutorizado.PlacaAuto : 8UCAR
2023/06/07 03:53:57.393 - MENSAJE: 
2023/06/07 03:53:57.393 - MENSAJE: 
2023/06/07 03:53:57.404 - MENSAJE: 
2023/06/07 03:53:58.936 - MENSAJE: Tarjeta_En_Boca
2023/06/07 03:53:58.936 - MENSAJE: Tarjeta_En_Boca
2023/06/07 03:53:58.946 - MENSAJE: 
2023/06/07 03:53:58.947 - MENSAJE: 
2023/06/07 03:53:58.957 - MENSAJE: 
2023/06/07 03:53:59.585 - MENSAJE: Tarjeta_En_Boca
2023/06/07 03:53:59.586 - MENSAJE: Tarjeta_En_Boca
2023/06/07 03:53:59.587 - MENSAJE: oAutorizado.PlacaAuto : 8UCAR
2023/06/07 03:53:59.602 - MENSAJE: 
2023/06/07 03:53:59.603 - MENSAJE: 
2023/06/07 03:53:59.613 - MENSAJE: 
2023/06/07 03:54:01.152 - MENSAJE: Tarjeta_En_Boca
2023/06/07 03:54:01.152 - MENSAJE: Tarjeta_En_Boca
2023/06/07 03:54:01.162 - MENSAJE: 
2023/06/07 03:54:01.163 - MENSAJE: 
2023/06/07 03:54:01.173 - MENSAJE: 
2023/06/07 03:54:01.849 - MENSAJE: Tarjeta_En_Boca
2023/06/07 03:54:01.849 - MENSAJE: Tarjeta_En_Boca
2023/06/07 03:54:01.850 - MENSAJE: oAutorizado.PlacaAuto : 8UCAR
2023/06/07 03:54:01.862 - MENSAJE: 
2023/06/07 03:54:01.863 - MENSAJE: 
2023/06/07 03:54:01.874 - MENSAJE: 
2023/06/07 03:54:03.413 - MENSAJE: Tarjeta_En_Boca
2023/06/07 03:54:03.413 - MENSAJE: Tarjeta_En_Boca
2023/06/07 03:54:03.424 - MENSAJE: 
2023/06/07 03:54:03.424 - MENSAJE: 
2023/06/07 03:54:03.434 - MENSAJE: 
2023/06/07 03:54:04.080 - MENSAJE: Tarjeta_En_Boca
2023/06/07 03:54:04.081 - MENSAJE: Tarjeta_En_Boca
2023/06/07 03:54:04.082 - MENSAJE: oAutorizado.PlacaAuto : 8UCAR
2023/06/07 03:54:04.094 - MENSAJE: 
2023/06/07 03:54:04.094 - MENSAJE: 
2023/06/07 03:54:04.105 - MENSAJE: 
2023/06/07 03:54:05.643 - MENSAJE: Tarjeta_En_Boca
2023/06/07 03:54:05.644 - MENSAJE: Tarjeta_En_Boca
2023/06/07 03:54:05.653 - MENSAJE: 
2023/06/07 03:54:05.654 - MENSAJE: 
2023/06/07 03:54:05.664 - MENSAJE: 
2023/06/07 03:54:06.324 - MENSAJE: Tarjeta_En_Boca
2023/06/07 03:54:06.325 - MENSAJE: Tarjeta_En_Boca
2023/06/07 03:54:06.326 - MENSAJE: oAutorizado.PlacaAuto : 8UCAR
2023/06/07 03:54:06.336 - MENSAJE: 
2023/06/07 03:54:06.337 - MENSAJE: 
2023/06/07 03:54:06.347 - MENSAJE: 
2023/06/07 03:54:07.872 - MENSAJE: Tarjeta_En_Boca
2023/06/07 03:54:07.872 - MENSAJE: Tarjeta_En_Boca
2023/06/07 03:54:07.882 - MENSAJE: 
2023/06/07 03:54:07.883 - MENSAJE: 
2023/06/07 03:54:07.893 - MENSAJE: 
2023/06/07 03:54:08.554 - MENSAJE: Tarjeta_En_Boca
2023/06/07 03:54:08.555 - MENSAJE: Tarjeta_En_Boca
2023/06/07 03:54:08.556 - MENSAJE: oAutorizado.PlacaAuto : 8UCAR
2023/06/07 03:54:08.566 - MENSAJE: 
2023/06/07 03:54:08.567 - MENSAJE: 
2023/06/07 03:54:08.577 - MENSAJE: 
2023/06/07 03:54:10.107 - MENSAJE: Tarjeta_En_Boca
2023/06/07 03:54:10.107 - MENSAJE: Tarjeta_En_Boca
2023/06/07 03:54:10.119 - MENSAJE: 
2023/06/07 03:54:10.119 - MENSAJE: 
2023/06/07 03:54:10.129 - MENSAJE: 
2023/06/07 03:54:10.804 - MENSAJE: Tarjeta_En_Boca
2023/06/07 03:54:10.805 - MENSAJE: Tarjeta_En_Boca
2023/06/07 03:54:10.805 - MENSAJE: oAutorizado.PlacaAuto : 8UCAR
2023/06/07 03:54:10.824 - MENSAJE: 
2023/06/07 03:54:10.825 - MENSAJE: 
2023/06/07 03:54:10.835 - MENSAJE: 
2023/06/07 03:54:12.365 - MENSAJE: Tarjeta_En_Boca
2023/06/07 03:54:12.365 - MENSAJE: Tarjeta_En_Boca
2023/06/07 03:54:12.379 - MENSAJE: 
2023/06/07 03:54:12.380 - MENSAJE: 
2023/06/07 03:54:12.391 - MENSAJE: 
2023/06/07 03:54:13.061 - MENSAJE: Tarjeta_En_Boca
2023/06/07 03:54:13.062 - MENSAJE: Tarjeta_En_Boca
2023/06/07 03:54:13.063 - MENSAJE: oAutorizado.PlacaAuto : 8UCAR
2023/06/07 03:54:13.092 - MENSAJE: 
2023/06/07 03:54:13.092 - MENSAJE: 
2023/06/07 03:54:13.103 - MENSAJE: 
2023/06/07 03:54:14.641 - MENSAJE: Tarjeta_En_Boca
2023/06/07 03:54:14.641 - MENSAJE: Tarjeta_En_Boca
2023/06/07 03:54:14.651 - MENSAJE: 
2023/06/07 03:54:14.652 - MENSAJE: 
2023/06/07 03:54:14.662 - MENSAJE: 
2023/06/07 03:54:15.305 - MENSAJE: Tarjeta_En_Boca
2023/06/07 03:54:15.306 - MENSAJE: Tarjeta_En_Boca
2023/06/07 03:54:15.307 - MENSAJE: oAutorizado.PlacaAuto : 8UCAR
2023/06/07 03:54:15.322 - MENSAJE: 
2023/06/07 03:54:15.323 - MENSAJE: 
2023/06/07 03:54:15.333 - MENSAJE: 
2023/06/07 03:54:16.870 - MENSAJE: Tarjeta_En_Boca
2023/06/07 03:54:16.870 - MENSAJE: Tarjeta_En_Boca
2023/06/07 03:54:16.881 - MENSAJE: 
2023/06/07 03:54:16.881 - MENSAJE: 
2023/06/07 03:54:16.891 - MENSAJE: 
2023/06/07 03:54:17.519 - MENSAJE: Tarjeta_En_Boca
2023/06/07 03:54:17.520 - MENSAJE: Tarjeta_En_Boca
2023/06/07 03:54:17.521 - MENSAJE: oAutorizado.PlacaAuto : 8UCAR
2023/06/07 03:54:17.535 - MENSAJE: 
2023/06/07 03:54:17.535 - MENSAJE: 
2023/06/07 03:54:17.546 - MENSAJE: 
2023/06/07 03:54:19.084 - MENSAJE: Tarjeta_En_Boca
2023/06/07 03:54:19.084 - MENSAJE: Tarjeta_En_Boca
2023/06/07 03:54:19.096 - MENSAJE: 
2023/06/07 03:54:19.097 - MENSAJE: 
2023/06/07 03:54:19.108 - MENSAJE: 
2023/06/07 03:54:19.720 - MENSAJE: Tarjeta_En_Boca
2023/06/07 03:54:19.721 - MENSAJE: Tarjeta_En_Boca
2023/06/07 03:54:19.723 - MENSAJE: oAutorizado.PlacaAuto : 8UCAR
2023/06/07 03:54:19.738 - MENSAJE: 
2023/06/07 03:54:19.738 - MENSAJE: 
2023/06/07 03:54:19.749 - MENSAJE: 
2023/06/07 03:54:21.282 - MENSAJE: Tarjeta_En_Boca
2023/06/07 03:54:21.282 - MENSAJE: Tarjeta_En_Boca
2023/06/07 03:54:21.293 - MENSAJE: 
2023/06/07 03:54:21.293 - MENSAJE: 
2023/06/07 03:54:21.304 - MENSAJE: 
2023/06/07 03:54:21.964 - MENSAJE: Tarjeta_En_Boca
2023/06/07 03:54:21.964 - MENSAJE: Tarjeta_En_Boca
2023/06/07 03:54:21.965 - MENSAJE: oAutorizado.PlacaAuto : 8UCAR
2023/06/07 03:54:21.977 - MENSAJE: 
2023/06/07 03:54:21.977 - MENSAJE: 
2023/06/07 03:54:21.988 - MENSAJE: 
2023/06/07 03:54:23.525 - MENSAJE: Tarjeta_En_Boca
2023/06/07 03:54:23.525 - MENSAJE: Tarjeta_En_Boca
2023/06/07 03:54:23.535 - MENSAJE: 
2023/06/07 03:54:23.535 - MENSAJE: 
2023/06/07 03:54:23.546 - MENSAJE: 
2023/06/07 03:54:24.193 - MENSAJE: Tarjeta_En_Boca
2023/06/07 03:54:24.194 - MENSAJE: Tarjeta_En_Boca
2023/06/07 03:54:24.195 - MENSAJE: oAutorizado.PlacaAuto : 8UCAR
2023/06/07 03:54:24.207 - MENSAJE: 
2023/06/07 03:54:24.207 - MENSAJE: 
2023/06/07 03:54:24.218 - MENSAJE: 
2023/06/07 03:54:25.746 - MENSAJE: Tarjeta_En_Boca
2023/06/07 03:54:25.746 - MENSAJE: Tarjeta_En_Boca
2023/06/07 03:54:25.757 - MENSAJE: 
2023/06/07 03:54:25.757 - MENSAJE: 
2023/06/07 03:54:25.767 - MENSAJE: 
2023/06/07 03:54:26.426 - MENSAJE: Tarjeta_En_Boca
2023/06/07 03:54:26.427 - MENSAJE: Tarjeta_En_Boca
2023/06/07 03:54:26.428 - MENSAJE: oAutorizado.PlacaAuto : 8UCAR
2023/06/07 03:54:26.439 - MENSAJE: 
2023/06/07 03:54:26.439 - MENSAJE: 
2023/06/07 03:54:26.450 - MENSAJE: 
2023/06/07 03:54:27.988 - MENSAJE: Tarjeta_En_Boca
2023/06/07 03:54:27.988 - MENSAJE: Tarjeta_En_Boca
2023/06/07 03:54:27.999 - MENSAJE: 
2023/06/07 03:54:27.999 - MENSAJE: 
2023/06/07 03:54:28.009 - MENSAJE: 
2023/06/07 03:54:28.687 - MENSAJE: Tarjeta_En_Boca
2023/06/07 03:54:28.688 - MENSAJE: Tarjeta_En_Boca
2023/06/07 03:54:28.689 - MENSAJE: oAutorizado.PlacaAuto : 8UCAR
2023/06/07 03:54:28.700 - MENSAJE: 
2023/06/07 03:54:28.701 - MENSAJE: 
2023/06/07 03:54:28.712 - MENSAJE: 
2023/06/07 03:54:30.252 - MENSAJE: Tarjeta_En_Boca
2023/06/07 03:54:30.252 - MENSAJE: Tarjeta_En_Boca
2023/06/07 03:54:30.263 - MENSAJE: 
2023/06/07 03:54:30.263 - MENSAJE: 
2023/06/07 03:54:30.274 - MENSAJE: 
2023/06/07 03:54:30.933 - MENSAJE: Tarjeta_En_Boca
2023/06/07 03:54:30.934 - MENSAJE: Tarjeta_En_Boca
2023/06/07 03:54:30.934 - MENSAJE: oAutorizado.PlacaAuto : 8UCAR
2023/06/07 03:54:30.963 - MENSAJE: 
2023/06/07 03:54:30.963 - MENSAJE: 
2023/06/07 03:54:30.974 - MENSAJE: 
2023/06/07 03:54:32.508 - MENSAJE: Tarjeta_En_Boca
2023/06/07 03:54:32.508 - MENSAJE: Tarjeta_En_Boca
2023/06/07 03:54:32.519 - MENSAJE: 
2023/06/07 03:54:32.519 - MENSAJE: 
2023/06/07 03:54:32.529 - MENSAJE: 
2023/06/07 03:54:33.205 - MENSAJE: Tarjeta_En_Boca
2023/06/07 03:54:33.205 - MENSAJE: Tarjeta_En_Boca
2023/06/07 03:54:33.206 - MENSAJE: oAutorizado.PlacaAuto : 8UCAR
2023/06/07 03:54:33.218 - MENSAJE: 
2023/06/07 03:54:33.218 - MENSAJE: 
2023/06/07 03:54:33.228 - MENSAJE: 
2023/06/07 03:54:34.766 - MENSAJE: Tarjeta_En_Boca
2023/06/07 03:54:34.766 - MENSAJE: Tarjeta_En_Boca
2023/06/07 03:54:34.776 - MENSAJE: 
2023/06/07 03:54:34.777 - MENSAJE: 
2023/06/07 03:54:34.787 - MENSAJE: 
2023/06/07 03:54:35.429 - MENSAJE: Tarjeta_En_Boca
2023/06/07 03:54:35.430 - MENSAJE: Tarjeta_En_Boca
2023/06/07 03:54:35.431 - MENSAJE: oAutorizado.PlacaAuto : 8UCAR
2023/06/07 03:54:35.447 - MENSAJE: 
2023/06/07 03:54:35.448 - MENSAJE: 
2023/06/07 03:54:35.458 - MENSAJE: 
2023/06/07 03:54:36.994 - MENSAJE: Tarjeta_En_Boca
2023/06/07 03:54:36.994 - MENSAJE: Tarjeta_En_Boca
2023/06/07 03:54:37.005 - MENSAJE: 
2023/06/07 03:54:37.005 - MENSAJE: 
2023/06/07 03:54:37.016 - MENSAJE: 
2023/06/07 03:54:37.627 - MENSAJE: Tarjeta_En_Boca
2023/06/07 03:54:37.627 - MENSAJE: Tarjeta_En_Boca
2023/06/07 03:54:37.628 - MENSAJE: oAutorizado.PlacaAuto : 8UCAR
2023/06/07 03:54:37.640 - MENSAJE: 
2023/06/07 03:54:37.641 - MENSAJE: 
2023/06/07 03:54:37.651 - MENSAJE: 
2023/06/07 03:54:39.190 - MENSAJE: Tarjeta_En_Boca
2023/06/07 03:54:39.190 - MENSAJE: Tarjeta_En_Boca
2023/06/07 03:54:39.200 - MENSAJE: 
2023/06/07 03:54:39.200 - MENSAJE: 
2023/06/07 03:54:39.211 - MENSAJE: 
2023/06/07 03:54:39.873 - MENSAJE: Tarjeta_En_Boca
2023/06/07 03:54:39.874 - MENSAJE: Tarjeta_En_Boca
2023/06/07 03:54:39.875 - MENSAJE: oAutorizado.PlacaAuto : 8UCAR
2023/06/07 03:54:39.887 - MENSAJE: 
2023/06/07 03:54:39.887 - MENSAJE: 
2023/06/07 03:54:39.899 - MENSAJE: 
2023/06/07 03:54:41.434 - MENSAJE: Tarjeta_En_Boca
2023/06/07 03:54:41.434 - MENSAJE: Tarjeta_En_Boca
2023/06/07 03:54:41.445 - MENSAJE: 
2023/06/07 03:54:41.445 - MENSAJE: 
2023/06/07 03:54:41.456 - MENSAJE: 
2023/06/07 03:54:42.114 - MENSAJE: Tarjeta_En_Boca
2023/06/07 03:54:42.115 - MENSAJE: Tarjeta_En_Boca
2023/06/07 03:54:42.116 - MENSAJE: oAutorizado.PlacaAuto : 8UCAR
2023/06/07 03:54:42.130 - MENSAJE: 
2023/06/07 03:54:42.130 - MENSAJE: 
2023/06/07 03:54:42.142 - MENSAJE: 
2023/06/07 03:54:43.681 - MENSAJE: Tarjeta_En_Boca
2023/06/07 03:54:43.681 - MENSAJE: Tarjeta_En_Boca
2023/06/07 03:54:43.691 - MENSAJE: 
2023/06/07 03:54:43.691 - MENSAJE: 
2023/06/07 03:54:43.702 - MENSAJE: 
2023/06/07 03:54:44.346 - MENSAJE: Tarjeta_En_Boca
2023/06/07 03:54:44.347 - MENSAJE: Tarjeta_En_Boca
2023/06/07 03:54:44.348 - MENSAJE: oAutorizado.PlacaAuto : 8UCAR
2023/06/07 03:54:44.366 - MENSAJE: 
2023/06/07 03:54:44.367 - MENSAJE: 
2023/06/07 03:54:44.377 - MENSAJE: 
2023/06/07 03:54:45.913 - MENSAJE: Tarjeta_En_Boca
2023/06/07 03:54:45.913 - MENSAJE: Tarjeta_En_Boca
2023/06/07 03:54:45.925 - MENSAJE: 
2023/06/07 03:54:45.925 - MENSAJE: 
2023/06/07 03:54:45.936 - MENSAJE: 
2023/06/07 03:54:46.610 - MENSAJE: Tarjeta_En_Boca
2023/06/07 03:54:46.611 - MENSAJE: Tarjeta_En_Boca
2023/06/07 03:54:46.612 - MENSAJE: oAutorizado.PlacaAuto : 8UCAR
2023/06/07 03:54:46.626 - MENSAJE: 
2023/06/07 03:54:46.626 - MENSAJE: 
2023/06/07 03:54:46.637 - MENSAJE: 
2023/06/07 03:54:48.176 - MENSAJE: Tarjeta_En_Boca
2023/06/07 03:54:48.176 - MENSAJE: Tarjeta_En_Boca
2023/06/07 03:54:48.186 - MENSAJE: 
2023/06/07 03:54:48.187 - MENSAJE: 
2023/06/07 03:54:48.197 - MENSAJE: 
2023/06/07 03:54:48.858 - MENSAJE: Tarjeta_En_Boca
2023/06/07 03:54:48.859 - MENSAJE: Tarjeta_En_Boca
2023/06/07 03:54:48.859 - MENSAJE: oAutorizado.PlacaAuto : 8UCAR
2023/06/07 03:54:48.871 - MENSAJE: 
2023/06/07 03:54:48.871 - MENSAJE: 
2023/06/07 03:54:48.882 - MENSAJE: 
2023/06/07 03:54:50.408 - MENSAJE: Tarjeta_En_Boca
2023/06/07 03:54:50.408 - MENSAJE: Tarjeta_En_Boca
2023/06/07 03:54:50.427 - MENSAJE: 
2023/06/07 03:54:50.428 - MENSAJE: 
2023/06/07 03:54:50.438 - MENSAJE: 
2023/06/07 03:54:51.105 - MENSAJE: Tarjeta_En_Boca
2023/06/07 03:54:51.106 - MENSAJE: Tarjeta_En_Boca
2023/06/07 03:54:51.106 - MENSAJE: oAutorizado.PlacaAuto : 8UCAR
2023/06/07 03:54:51.120 - MENSAJE: 
2023/06/07 03:54:51.120 - MENSAJE: 
2023/06/07 03:54:51.131 - MENSAJE: 
2023/06/07 03:54:52.659 - MENSAJE: Tarjeta_En_Boca
2023/06/07 03:54:52.659 - MENSAJE: Tarjeta_En_Boca
2023/06/07 03:54:52.669 - MENSAJE: 
2023/06/07 03:54:52.670 - MENSAJE: 
2023/06/07 03:54:52.680 - MENSAJE: 
2023/06/07 03:54:53.353 - MENSAJE: Tarjeta_En_Boca
2023/06/07 03:54:53.353 - MENSAJE: Tarjeta_En_Boca
2023/06/07 03:54:53.354 - MENSAJE: oAutorizado.PlacaAuto : 8UCAR
2023/06/07 03:54:53.368 - MENSAJE: 
2023/06/07 03:54:53.368 - MENSAJE: 
2023/06/07 03:54:53.379 - MENSAJE: 
2023/06/07 03:54:54.915 - MENSAJE: Tarjeta_En_Boca
2023/06/07 03:54:54.915 - MENSAJE: Tarjeta_En_Boca
2023/06/07 03:54:54.925 - MENSAJE: 
2023/06/07 03:54:54.926 - MENSAJE: 
2023/06/07 03:54:54.936 - MENSAJE: 
2023/06/07 03:54:55.577 - MENSAJE: Tarjeta_En_Boca
2023/06/07 03:54:55.577 - MENSAJE: Tarjeta_En_Boca
2023/06/07 03:54:55.578 - MENSAJE: oAutorizado.PlacaAuto : 8UCAR
2023/06/07 03:54:55.591 - MENSAJE: 
2023/06/07 03:54:55.591 - MENSAJE: 
2023/06/07 03:54:55.602 - MENSAJE: 
2023/06/07 03:54:57.144 - MENSAJE: Tarjeta_En_Boca
2023/06/07 03:54:57.144 - MENSAJE: Tarjeta_En_Boca
2023/06/07 03:54:57.155 - MENSAJE: 
2023/06/07 03:54:57.155 - MENSAJE: 
2023/06/07 03:54:57.166 - MENSAJE: 
2023/06/07 03:54:57.839 - MENSAJE: Tarjeta_En_Boca
2023/06/07 03:54:57.839 - MENSAJE: Tarjeta_En_Boca
2023/06/07 03:54:57.840 - MENSAJE: oAutorizado.PlacaAuto : 8UCAR
2023/06/07 03:54:57.852 - MENSAJE: 
2023/06/07 03:54:57.852 - MENSAJE: 
2023/06/07 03:54:57.862 - MENSAJE: 
2023/06/07 03:54:59.401 - MENSAJE: Tarjeta_En_Boca
2023/06/07 03:54:59.401 - MENSAJE: Tarjeta_En_Boca
2023/06/07 03:54:59.416 - MENSAJE: 
2023/06/07 03:54:59.416 - MENSAJE: 
2023/06/07 03:54:59.427 - MENSAJE: 
2023/06/07 03:55:00.064 - MENSAJE: Tarjeta_En_Boca
2023/06/07 03:55:00.065 - MENSAJE: Tarjeta_En_Boca
2023/06/07 03:55:00.066 - MENSAJE: oAutorizado.PlacaAuto : 8UCAR
2023/06/07 03:55:00.078 - MENSAJE: 
2023/06/07 03:55:00.078 - MENSAJE: 
2023/06/07 03:55:00.089 - MENSAJE: 
2023/06/07 03:55:01.632 - MENSAJE: Tarjeta_En_Boca
2023/06/07 03:55:01.633 - MENSAJE: Tarjeta_En_Boca
2023/06/07 03:55:01.647 - MENSAJE: 
2023/06/07 03:55:01.647 - MENSAJE: 
2023/06/07 03:55:01.657 - MENSAJE: 
2023/06/07 03:55:02.331 - MENSAJE: Tarjeta_En_Boca
2023/06/07 03:55:02.332 - MENSAJE: Tarjeta_En_Boca
2023/06/07 03:55:02.334 - MENSAJE: oAutorizado.PlacaAuto : 8UCAR
2023/06/07 03:55:02.349 - MENSAJE: 
2023/06/07 03:55:02.350 - MENSAJE: 
2023/06/07 03:55:02.360 - MENSAJE: 
2023/06/07 03:55:03.905 - MENSAJE: Tarjeta_En_Boca
2023/06/07 03:55:03.905 - MENSAJE: Tarjeta_En_Boca
2023/06/07 03:55:03.917 - MENSAJE: 
2023/06/07 03:55:03.917 - MENSAJE: 
2023/06/07 03:55:03.927 - MENSAJE: 
2023/06/07 03:55:04.571 - MENSAJE: Tarjeta_En_Boca
2023/06/07 03:55:04.572 - MENSAJE: Tarjeta_En_Boca
2023/06/07 03:55:04.573 - MENSAJE: oAutorizado.PlacaAuto : 8UCAR
2023/06/07 03:55:04.593 - MENSAJE: 
2023/06/07 03:55:04.594 - MENSAJE: 
2023/06/07 03:55:04.603 - MENSAJE: 
2023/06/07 03:55:06.141 - MENSAJE: Tarjeta_En_Boca
2023/06/07 03:55:06.141 - MENSAJE: Tarjeta_En_Boca
2023/06/07 03:55:06.160 - MENSAJE: 
2023/06/07 03:55:06.160 - MENSAJE: 
2023/06/07 03:55:06.171 - MENSAJE: 
2023/06/07 03:55:06.807 - MENSAJE: Tarjeta_En_Boca
2023/06/07 03:55:06.808 - MENSAJE: Tarjeta_En_Boca
2023/06/07 03:55:06.809 - MENSAJE: oAutorizado.PlacaAuto : 8UCAR
2023/06/07 03:55:06.823 - MENSAJE: 
2023/06/07 03:55:06.823 - MENSAJE: 
2023/06/07 03:55:06.834 - MENSAJE: 
2023/06/07 03:55:08.364 - MENSAJE: Tarjeta_En_Boca
2023/06/07 03:55:08.364 - MENSAJE: Tarjeta_En_Boca
2023/06/07 03:55:08.375 - MENSAJE: 
2023/06/07 03:55:08.375 - MENSAJE: 
2023/06/07 03:55:08.386 - MENSAJE: 
2023/06/07 03:55:14.349 - MENSAJE: Tarjeta_En_Boca
2023/06/07 03:55:14.349 - MENSAJE: Tarjeta_En_Boca
2023/06/07 03:55:23.959 - MENSAJE: oAutorizado.PlacaAuto : 8UCAR
2023/06/07 03:55:24.854 - MENSAJE: 
2023/06/07 03:55:24.854 - MENSAJE: 
2023/06/07 03:55:25.719 - MENSAJE: 
2023/06/07 03:55:34.498 - MENSAJE: Tarjeta_En_Boca
2023/06/07 03:55:34.498 - MENSAJE: Tarjeta_En_Boca
