2023/02/25 08:24:56.607 - INICIO REGISTRO
2023/02/25 08:24:56.619 - MENSAJE: (FrondEnd CargaRecursos): Carga Controles - OK
2023/02/25 08:24:56.808 - MENSAJE: (FrondEnd CargaImagenes): Carga Imagenes - OK
2023/02/25 08:24:57.850 - MENSAJE: (Presenter ObtenerInfoModulo) OK
2023/02/25 08:24:57.881 - MENSAJE: (Presenter ObtenerInfoPartes) OK
2023/02/25 08:24:57.907 - MENSAJE: (Presenter ObtenerInfoParametros) OK
2023/02/25 08:24:58.229 - MENSAJE: (PRESENTER) Conexion Exitosa PLC
2023/02/25 08:24:58.402 - MENSAJE: (PRESENTER) Borrado Exitoso Variables PLC
2023/02/25 08:24:58.448 - MENSAJE: ErrorConexion_Dispensador
2023/02/25 08:25:12.535 - INICIO REGISTRO
2023/02/25 08:25:12.545 - MENSAJE: (FrondEnd CargaRecursos): Carga Controles - OK
2023/02/25 08:25:12.705 - MENSAJE: (FrondEnd CargaImagenes): Carga Imagenes - OK
2023/02/25 08:25:17.975 - MENSAJE: (Presenter ObtenerInfoModulo) OK
2023/02/25 08:25:18.008 - MENSAJE: (Presenter ObtenerInfoPartes) OK
2023/02/25 08:25:18.027 - MENSAJE: (Presenter ObtenerInfoParametros) OK
2023/02/25 08:25:18.238 - MENSAJE: (PRESENTER) Conexion Exitosa PLC
2023/02/25 08:25:18.428 - MENSAJE: (PRESENTER) Borrado Exitoso Variables PLC
2023/02/25 08:25:18.490 - MENSAJE: ConexionExitosa_Dispensador
2023/02/25 08:25:18.587 - MENSAJE: (PRESENTER) Borrado Exitoso Variables PLC
2023/02/25 08:25:27.313 - MENSAJE: Sin_Tarjeta
2023/02/25 08:25:28.974 - MENSAJE: Vehiculo En Mueble
2023/02/25 08:25:29.753 - MENSAJE: (FrontEnd Antes AlistarTarjetaNew)
2023/02/25 08:25:31.930 - MENSAJE: Tarjeta_Alistada
2023/02/25 08:25:31.990 - MENSAJE: Tarjeta Encontrada: 24924CED
2023/02/25 08:25:32.635 - MENSAJE: (FrontEnd Antes CapturaPlaca) 
2023/02/25 08:25:39.890 - MENSAJE: (FrontEnd CapturaPlaca) ------
2023/02/25 08:25:41.706 - MENSAJE: Vehiculo En Mueble
2023/02/25 08:25:45.909 - MENSAJE: Tarjeta_Escrita
2023/02/25 08:25:45.921 - MENSAJE: Tarjeta_MovidaReceptor_RF_TO_FRONT
2023/02/25 08:25:53.064 - MENSAJE: Tarjeta_En_Boca
2023/02/25 08:25:53.065 - MENSAJE: Tarjeta_En_Boca
2023/02/25 08:25:57.055 - MENSAJE: Vehiculo En Mueble
2023/02/25 08:26:00.307 - MENSAJE: Sin_Tarjeta
2023/02/25 08:26:00.330 - MENSAJE: Talanquera Abierta
2023/02/25 08:26:00.342 - MENSAJE: (Presenter CapturaFoto) admin saf12345
2023/02/25 08:26:00.345 - MENSAJE: (Presenter CapturaFoto) COMANDO http://172.16.63.74/Streaming/channels/101/picture
2023/02/25 08:26:00.428 - MENSAJE: (Presenter CapturaFoto) Error: ALARMA CAMARA IPCamMueble
2023/02/25 08:26:00.430 - MENSAJE: (Presenter CapturaFoto) admin saf12345
2023/02/25 08:26:00.431 - MENSAJE: (Presenter CapturaFoto) COMANDO http://172.16.63.77/Streaming/channels/101/picture
2023/02/25 08:26:00.479 - MENSAJE: (Presenter CapturaFoto) Error: ALARMA CAMARA IPDomo1
2023/02/25 08:26:08.567 - MENSAJE: Vehiculo En Talanquera
2023/02/25 08:26:09.575 - MENSAJE: Vehiculo Salio Talanquera
2023/02/25 08:26:09.638 - MENSAJE: (PRESENTER) Borrado Exitoso Variables PLC
2023/02/25 08:26:09.732 - MENSAJE: (PRESENTER) Borrado Exitoso Variables PLC
2023/02/25 08:26:11.078 - MENSAJE: Sin_Tarjeta
2023/02/25 08:26:12.081 - MENSAJE: Sin_Tarjeta
2023/02/25 08:26:13.090 - MENSAJE: Sin_Tarjeta
2023/02/25 08:26:14.071 - MENSAJE: Sin_Tarjeta
2023/02/25 08:26:15.068 - MENSAJE: Sin_Tarjeta
2023/02/25 08:26:16.094 - MENSAJE: Sin_Tarjeta
2023/02/25 08:26:17.073 - MENSAJE: Sin_Tarjeta
2023/02/25 08:26:18.067 - MENSAJE: Sin_Tarjeta
2023/02/25 08:26:19.096 - MENSAJE: Sin_Tarjeta
2023/02/25 08:26:20.071 - MENSAJE: Sin_Tarjeta
2023/02/25 08:26:21.065 - MENSAJE: Sin_Tarjeta
2023/02/25 08:26:22.091 - MENSAJE: Sin_Tarjeta
2023/02/25 08:26:23.072 - MENSAJE: Sin_Tarjeta
2023/02/25 08:26:24.065 - MENSAJE: Sin_Tarjeta
2023/02/25 08:26:25.093 - MENSAJE: Sin_Tarjeta
2023/02/25 08:26:26.070 - MENSAJE: Sin_Tarjeta
2023/02/25 08:26:27.094 - MENSAJE: Sin_Tarjeta
2023/02/25 08:26:28.076 - MENSAJE: Sin_Tarjeta
2023/02/25 08:26:29.070 - MENSAJE: Sin_Tarjeta
2023/02/25 08:26:30.065 - MENSAJE: Sin_Tarjeta
2023/02/25 08:26:31.088 - MENSAJE: Sin_Tarjeta
2023/02/25 08:26:32.065 - MENSAJE: Sin_Tarjeta
2023/02/25 08:26:33.089 - MENSAJE: Sin_Tarjeta
2023/02/25 08:26:34.067 - MENSAJE: Sin_Tarjeta
2023/02/25 08:26:35.091 - MENSAJE: Sin_Tarjeta
2023/02/25 08:26:36.089 - MENSAJE: Sin_Tarjeta
2023/02/25 08:26:37.062 - MENSAJE: Sin_Tarjeta
2023/02/25 08:26:38.089 - MENSAJE: Sin_Tarjeta
2023/02/25 08:26:39.066 - MENSAJE: Sin_Tarjeta
2023/02/25 08:26:40.094 - MENSAJE: Sin_Tarjeta
2023/02/25 08:26:41.074 - MENSAJE: Sin_Tarjeta
2023/02/25 08:26:42.068 - MENSAJE: Sin_Tarjeta
2023/02/25 08:26:43.092 - MENSAJE: Sin_Tarjeta
2023/02/25 08:26:44.067 - MENSAJE: Sin_Tarjeta
2023/02/25 08:26:45.095 - MENSAJE: Sin_Tarjeta
2023/02/25 08:26:46.087 - MENSAJE: Sin_Tarjeta
2023/02/25 08:26:47.063 - MENSAJE: Sin_Tarjeta
2023/02/25 08:26:48.088 - MENSAJE: Sin_Tarjeta
2023/02/25 08:26:49.064 - MENSAJE: Sin_Tarjeta
2023/02/25 08:26:50.088 - MENSAJE: Sin_Tarjeta
2023/02/25 08:26:51.069 - MENSAJE: Sin_Tarjeta
2023/02/25 08:26:52.093 - MENSAJE: Sin_Tarjeta
2023/02/25 08:26:53.071 - MENSAJE: Sin_Tarjeta
2023/02/25 08:26:54.065 - MENSAJE: Sin_Tarjeta
2023/02/25 08:26:55.063 - MENSAJE: Sin_Tarjeta
2023/02/25 08:26:56.088 - MENSAJE: Sin_Tarjeta
2023/02/25 08:26:57.067 - MENSAJE: Sin_Tarjeta
2023/02/25 08:26:58.089 - MENSAJE: Sin_Tarjeta
2023/02/25 08:26:59.068 - MENSAJE: Sin_Tarjeta
2023/02/25 08:27:00.090 - MENSAJE: Sin_Tarjeta
2023/02/25 08:27:01.068 - MENSAJE: Sin_Tarjeta
2023/02/25 08:27:02.064 - MENSAJE: Sin_Tarjeta
2023/02/25 08:27:03.087 - MENSAJE: Sin_Tarjeta
2023/02/25 08:27:04.065 - MENSAJE: Sin_Tarjeta
2023/02/25 08:27:05.091 - MENSAJE: Sin_Tarjeta
2023/02/25 08:27:06.072 - MENSAJE: Sin_Tarjeta
2023/02/25 08:27:07.065 - MENSAJE: Sin_Tarjeta
2023/02/25 08:27:08.076 - MENSAJE: Sin_Tarjeta
2023/02/25 08:27:09.070 - MENSAJE: Sin_Tarjeta
2023/02/25 08:27:10.066 - MENSAJE: Sin_Tarjeta
2023/02/25 08:27:11.076 - MENSAJE: Sin_Tarjeta
2023/02/25 08:27:12.084 - MENSAJE: Sin_Tarjeta
2023/02/25 08:27:13.075 - MENSAJE: Sin_Tarjeta
2023/02/25 08:27:14.086 - MENSAJE: Sin_Tarjeta
2023/02/25 08:27:15.080 - MENSAJE: Sin_Tarjeta
2023/02/25 08:27:16.089 - MENSAJE: Sin_Tarjeta
2023/02/25 08:27:17.081 - MENSAJE: Sin_Tarjeta
2023/02/25 08:27:18.088 - MENSAJE: Sin_Tarjeta
2023/02/25 08:27:19.082 - MENSAJE: Sin_Tarjeta
2023/02/25 08:27:20.091 - MENSAJE: Sin_Tarjeta
2023/02/25 08:27:21.096 - MENSAJE: Sin_Tarjeta
2023/02/25 08:27:22.093 - MENSAJE: Sin_Tarjeta
2023/02/25 08:27:23.085 - MENSAJE: Sin_Tarjeta
2023/02/25 08:27:24.081 - MENSAJE: Sin_Tarjeta
2023/02/25 08:27:25.078 - MENSAJE: Sin_Tarjeta
2023/02/25 08:27:26.088 - MENSAJE: Sin_Tarjeta
2023/02/25 08:27:27.081 - MENSAJE: Sin_Tarjeta
2023/02/25 08:27:28.092 - MENSAJE: Sin_Tarjeta
2023/02/25 08:27:29.090 - MENSAJE: Sin_Tarjeta
2023/02/25 08:27:30.087 - MENSAJE: Sin_Tarjeta
2023/02/25 08:27:31.081 - MENSAJE: Sin_Tarjeta
2023/02/25 08:27:32.095 - MENSAJE: Sin_Tarjeta
2023/02/25 08:27:33.089 - MENSAJE: Sin_Tarjeta
2023/02/25 08:27:34.088 - MENSAJE: Sin_Tarjeta
2023/02/25 08:27:35.080 - MENSAJE: Sin_Tarjeta
2023/02/25 08:27:36.093 - MENSAJE: Sin_Tarjeta
2023/02/25 08:27:37.083 - MENSAJE: Sin_Tarjeta
2023/02/25 08:27:38.092 - MENSAJE: Sin_Tarjeta
2023/02/25 08:27:39.088 - MENSAJE: Sin_Tarjeta
2023/02/25 08:27:40.079 - MENSAJE: Sin_Tarjeta
2023/02/25 08:27:41.090 - MENSAJE: Sin_Tarjeta
2023/02/25 08:27:42.086 - MENSAJE: Sin_Tarjeta
2023/02/25 08:27:43.079 - MENSAJE: Sin_Tarjeta
2023/02/25 08:27:44.090 - MENSAJE: Sin_Tarjeta
2023/02/25 08:27:45.086 - MENSAJE: Sin_Tarjeta
2023/02/25 08:27:46.074 - MENSAJE: Sin_Tarjeta
2023/02/25 08:27:47.083 - MENSAJE: Sin_Tarjeta
2023/02/25 08:27:48.078 - MENSAJE: Sin_Tarjeta
2023/02/25 08:27:49.091 - MENSAJE: Sin_Tarjeta
2023/02/25 08:27:50.087 - MENSAJE: Sin_Tarjeta
2023/02/25 08:27:51.077 - MENSAJE: Sin_Tarjeta
2023/02/25 08:27:52.090 - MENSAJE: Sin_Tarjeta
2023/02/25 08:27:53.080 - MENSAJE: Sin_Tarjeta
2023/02/25 08:27:54.076 - MENSAJE: Sin_Tarjeta
2023/02/25 08:27:55.086 - MENSAJE: Sin_Tarjeta
2023/02/25 08:27:56.082 - MENSAJE: Sin_Tarjeta
2023/02/25 08:27:57.093 - MENSAJE: Sin_Tarjeta
2023/02/25 08:27:58.087 - MENSAJE: Sin_Tarjeta
2023/02/25 08:27:59.082 - MENSAJE: Sin_Tarjeta
2023/02/25 08:28:00.089 - MENSAJE: Sin_Tarjeta
2023/02/25 08:28:01.083 - MENSAJE: Sin_Tarjeta
2023/02/25 08:28:02.090 - MENSAJE: Sin_Tarjeta
2023/02/25 08:28:03.084 - MENSAJE: Sin_Tarjeta
2023/02/25 08:28:04.072 - MENSAJE: Sin_Tarjeta
2023/02/25 08:28:05.079 - MENSAJE: Sin_Tarjeta
2023/02/25 08:28:06.093 - MENSAJE: Sin_Tarjeta
2023/02/25 08:28:07.091 - MENSAJE: Sin_Tarjeta
2023/02/25 08:28:07.113 - MENSAJE: Vehiculo En Mueble
2023/02/25 08:28:07.114 - MENSAJE: (FrontEnd Antes AlistarTarjetaNew)
2023/02/25 08:28:08.846 - MENSAJE: Tarjeta_Alistada
2023/02/25 08:28:08.882 - MENSAJE: Tarjeta Encontrada: A44C46ED
2023/02/25 08:28:08.883 - MENSAJE: (FrontEnd Antes CapturaPlaca) 
2023/02/25 08:28:09.037 - MENSAJE: (FrontEnd CapturaPlaca) ------
2023/02/25 08:28:09.059 - MENSAJE: Vehiculo En Mueble
2023/02/25 08:28:11.162 - MENSAJE: Tarjeta_Escrita
2023/02/25 08:28:11.173 - MENSAJE: Tarjeta_MovidaReceptor_RF_TO_FRONT
2023/02/25 08:28:11.770 - MENSAJE: Tarjeta_En_Boca
2023/02/25 08:28:11.770 - MENSAJE: Tarjeta_En_Boca
2023/02/25 08:28:11.807 - MENSAJE: Vehiculo En Mueble
2023/02/25 08:28:12.414 - MENSAJE: Tarjeta_En_Boca
2023/02/25 08:28:12.415 - MENSAJE: Tarjeta_En_Boca
2023/02/25 08:28:12.453 - MENSAJE: Vehiculo En Mueble
2023/02/25 08:28:13.093 - MENSAJE: Tarjeta_En_Boca
2023/02/25 08:28:13.094 - MENSAJE: Tarjeta_En_Boca
2023/02/25 08:28:13.131 - MENSAJE: Vehiculo En Mueble
2023/02/25 08:28:14.089 - MENSAJE: Sin_Tarjeta
2023/02/25 08:28:14.144 - MENSAJE: Talanquera Abierta
2023/02/25 08:28:14.159 - MENSAJE: (Presenter CapturaFoto) admin saf12345
2023/02/25 08:28:14.160 - MENSAJE: (Presenter CapturaFoto) COMANDO http://172.16.63.74/Streaming/channels/101/picture
2023/02/25 08:28:14.198 - MENSAJE: (Presenter CapturaFoto) Error: ALARMA CAMARA IPCamMueble
2023/02/25 08:28:14.199 - MENSAJE: (Presenter CapturaFoto) admin saf12345
2023/02/25 08:28:14.200 - MENSAJE: (Presenter CapturaFoto) COMANDO http://172.16.63.77/Streaming/channels/101/picture
2023/02/25 08:28:14.233 - MENSAJE: (Presenter CapturaFoto) Error: ALARMA CAMARA IPDomo1
2023/02/25 08:28:14.585 - MENSAJE: Vehiculo En Talanquera
2023/02/25 08:28:15.581 - MENSAJE: Vehiculo Salio Talanquera
2023/02/25 08:28:15.644 - MENSAJE: (PRESENTER) Borrado Exitoso Variables PLC
2023/02/25 08:28:15.804 - MENSAJE: (PRESENTER) Borrado Exitoso Variables PLC
2023/02/25 08:28:17.089 - MENSAJE: Sin_Tarjeta
2023/02/25 08:28:18.078 - MENSAJE: Sin_Tarjeta
2023/02/25 08:28:19.086 - MENSAJE: Sin_Tarjeta
2023/02/25 08:28:20.083 - MENSAJE: Sin_Tarjeta
2023/02/25 08:28:21.077 - MENSAJE: Sin_Tarjeta
2023/02/25 08:28:22.090 - MENSAJE: Sin_Tarjeta
2023/02/25 08:28:23.085 - MENSAJE: Sin_Tarjeta
2023/02/25 08:28:24.079 - MENSAJE: Sin_Tarjeta
2023/02/25 08:28:25.090 - MENSAJE: Sin_Tarjeta
2023/02/25 08:28:26.086 - MENSAJE: Sin_Tarjeta
2023/02/25 08:28:27.077 - MENSAJE: Sin_Tarjeta
2023/02/25 08:28:28.086 - MENSAJE: Sin_Tarjeta
2023/02/25 08:28:29.082 - MENSAJE: Sin_Tarjeta
2023/02/25 08:28:30.075 - MENSAJE: Sin_Tarjeta
2023/02/25 08:28:31.086 - MENSAJE: Sin_Tarjeta
2023/02/25 08:28:32.078 - MENSAJE: Sin_Tarjeta
2023/02/25 08:28:33.075 - MENSAJE: Sin_Tarjeta
2023/02/25 08:28:34.083 - MENSAJE: Sin_Tarjeta
2023/02/25 08:28:35.080 - MENSAJE: Sin_Tarjeta
2023/02/25 08:28:36.076 - MENSAJE: Sin_Tarjeta
2023/02/25 08:28:37.085 - MENSAJE: Sin_Tarjeta
2023/02/25 08:28:38.077 - MENSAJE: Sin_Tarjeta
2023/02/25 08:28:39.086 - MENSAJE: Sin_Tarjeta
2023/02/25 08:28:40.076 - MENSAJE: Sin_Tarjeta
2023/02/25 08:28:41.088 - MENSAJE: Sin_Tarjeta
2023/02/25 08:28:42.078 - MENSAJE: Sin_Tarjeta
2023/02/25 08:28:43.085 - MENSAJE: Sin_Tarjeta
2023/02/25 08:28:44.077 - MENSAJE: Sin_Tarjeta
2023/02/25 08:28:45.080 - MENSAJE: Sin_Tarjeta
2023/02/25 08:30:04.351 - INICIO REGISTRO
2023/02/25 08:30:04.362 - MENSAJE: (FrondEnd CargaRecursos): Carga Controles - OK
2023/02/25 08:30:04.536 - MENSAJE: (FrondEnd CargaImagenes): Carga Imagenes - OK
2023/02/25 08:30:09.750 - MENSAJE: (Presenter ObtenerInfoModulo) OK
2023/02/25 08:30:09.789 - MENSAJE: (Presenter ObtenerInfoPartes) OK
2023/02/25 08:30:09.815 - MENSAJE: (Presenter ObtenerInfoParametros) OK
2023/02/25 08:30:10.017 - MENSAJE: (PRESENTER) Conexion Exitosa PLC
2023/02/25 08:30:10.208 - MENSAJE: (PRESENTER) Borrado Exitoso Variables PLC
2023/02/25 08:30:10.254 - MENSAJE: ConexionExitosa_Dispensador
2023/02/25 08:30:10.332 - MENSAJE: (PRESENTER) Borrado Exitoso Variables PLC
2023/02/25 08:30:10.973 - MENSAJE: Sin_Tarjeta
2023/02/25 08:30:11.888 - MENSAJE: Sin_Tarjeta
2023/02/25 08:30:12.899 - MENSAJE: Sin_Tarjeta
2023/02/25 08:30:13.892 - MENSAJE: Sin_Tarjeta
2023/02/25 08:30:14.885 - MENSAJE: Sin_Tarjeta
2023/02/25 08:30:15.892 - MENSAJE: Sin_Tarjeta
2023/02/25 08:30:16.890 - MENSAJE: Sin_Tarjeta
2023/02/25 08:30:17.889 - MENSAJE: Sin_Tarjeta
2023/02/25 08:30:18.898 - MENSAJE: Sin_Tarjeta
2023/02/25 08:30:19.890 - MENSAJE: Sin_Tarjeta
2023/02/25 08:30:20.882 - MENSAJE: Sin_Tarjeta
2023/02/25 08:30:21.893 - MENSAJE: Sin_Tarjeta
2023/02/25 08:30:22.890 - MENSAJE: Sin_Tarjeta
2023/02/25 08:30:23.898 - MENSAJE: Sin_Tarjeta
2023/02/25 08:30:24.897 - MENSAJE: Sin_Tarjeta
2023/02/25 08:30:25.896 - MENSAJE: Sin_Tarjeta
2023/02/25 08:30:26.890 - MENSAJE: Sin_Tarjeta
2023/02/25 08:30:27.882 - MENSAJE: Sin_Tarjeta
2023/02/25 08:30:28.892 - MENSAJE: Sin_Tarjeta
2023/02/25 08:30:29.888 - MENSAJE: Sin_Tarjeta
2023/02/25 08:30:30.899 - MENSAJE: Sin_Tarjeta
2023/02/25 08:30:31.896 - MENSAJE: Sin_Tarjeta
2023/02/25 08:30:32.888 - MENSAJE: Sin_Tarjeta
2023/02/25 08:30:32.911 - MENSAJE: Vehiculo En Mueble
2023/02/25 08:30:32.912 - MENSAJE: (FrontEnd Antes AlistarTarjetaNew)
2023/02/25 08:30:34.652 - MENSAJE: Tarjeta_Alistada
2023/02/25 08:30:34.707 - MENSAJE: Tarjeta Encontrada: 769D3827
2023/02/25 08:30:34.708 - MENSAJE: (FrontEnd Antes CapturaPlaca) 
2023/02/25 08:30:34.946 - MENSAJE: (FrontEnd CapturaPlaca) ------
2023/02/25 08:30:35.007 - MENSAJE: Vehiculo En Mueble
2023/02/25 08:30:37.132 - MENSAJE: Tarjeta_Escrita
2023/02/25 08:30:37.144 - MENSAJE: Tarjeta_MovidaReceptor_RF_TO_FRONT
2023/02/25 08:30:37.835 - MENSAJE: Tarjeta_En_Boca
2023/02/25 08:30:37.835 - MENSAJE: Tarjeta_En_Boca
2023/02/25 08:30:37.872 - MENSAJE: Vehiculo En Mueble
2023/02/25 08:30:38.468 - MENSAJE: Sin_Tarjeta
2023/02/25 08:30:38.505 - MENSAJE: Talanquera Abierta
2023/02/25 08:30:38.516 - MENSAJE: (Presenter CapturaFoto) admin saf12345
2023/02/25 08:30:38.517 - MENSAJE: (Presenter CapturaFoto) COMANDO http://172.16.63.74/Streaming/channels/101/picture
2023/02/25 08:30:38.607 - MENSAJE: (Presenter CapturaFoto) Error: ALARMA CAMARA IPCamMueble
2023/02/25 08:30:38.608 - MENSAJE: (Presenter CapturaFoto) admin saf12345
2023/02/25 08:30:38.609 - MENSAJE: (Presenter CapturaFoto) COMANDO http://172.16.63.77/Streaming/channels/101/picture
2023/02/25 08:30:38.680 - MENSAJE: (Presenter CapturaFoto) Error: ALARMA CAMARA IPDomo1
2023/02/25 08:30:42.387 - MENSAJE: Vehiculo En Talanquera
2023/02/25 08:30:43.397 - MENSAJE: Vehiculo Salio Talanquera
2023/02/25 08:30:43.462 - MENSAJE: (PRESENTER) Borrado Exitoso Variables PLC
2023/02/25 08:30:43.572 - MENSAJE: (PRESENTER) Borrado Exitoso Variables PLC
2023/02/25 08:30:44.907 - MENSAJE: Sin_Tarjeta
2023/02/25 08:30:44.928 - MENSAJE: Vehiculo En Mueble
2023/02/25 08:30:44.932 - MENSAJE: (FrontEnd Antes AlistarTarjetaNew)
2023/02/25 08:30:46.665 - MENSAJE: Tarjeta_Alistada
2023/02/25 08:30:46.704 - MENSAJE: Tarjeta Encontrada: E66C2E27
2023/02/25 08:30:46.705 - MENSAJE: (FrontEnd Antes CapturaPlaca) 
2023/02/25 08:30:46.892 - MENSAJE: (FrontEnd CapturaPlaca) GYY183
2023/02/25 08:30:46.893 - MENSAJE: oAutorizado.PlacaAuto : GYY183
2023/02/25 08:30:46.959 - MENSAJE: Vehiculo En Mueble
2023/02/25 08:30:49.078 - MENSAJE: Tarjeta_Escrita
2023/02/25 08:30:49.089 - MENSAJE: Tarjeta_MovidaReceptor_RF_TO_FRONT
2023/02/25 08:30:49.765 - MENSAJE: Tarjeta_En_Boca
2023/02/25 08:30:49.765 - MENSAJE: Tarjeta_En_Boca
2023/02/25 08:30:49.766 - MENSAJE: oAutorizado.PlacaAuto : GYY183
2023/02/25 08:30:49.803 - MENSAJE: Vehiculo En Mueble
2023/02/25 08:30:51.049 - MENSAJE: Tarjeta_En_Boca
2023/02/25 08:30:51.050 - MENSAJE: Tarjeta_En_Boca
2023/02/25 08:30:51.081 - MENSAJE: Vehiculo En Mueble
2023/02/25 08:30:51.754 - MENSAJE: Sin_Tarjeta
2023/02/25 08:30:51.789 - MENSAJE: Talanquera Abierta
2023/02/25 08:30:51.795 - MENSAJE: (Presenter CapturaFoto) admin saf12345
2023/02/25 08:30:51.796 - MENSAJE: (Presenter CapturaFoto) COMANDO http://172.16.63.74/Streaming/channels/101/picture
2023/02/25 08:30:51.853 - MENSAJE: (Presenter CapturaFoto) Error: ALARMA CAMARA IPCamMueble
2023/02/25 08:30:51.854 - MENSAJE: (Presenter CapturaFoto) admin saf12345
2023/02/25 08:30:51.855 - MENSAJE: (Presenter CapturaFoto) COMANDO http://172.16.63.77/Streaming/channels/101/picture
2023/02/25 08:30:51.920 - MENSAJE: (Presenter CapturaFoto) Error: ALARMA CAMARA IPDomo1
2023/02/25 08:30:55.387 - MENSAJE: Vehiculo En Talanquera
2023/02/25 08:30:56.397 - MENSAJE: Vehiculo Salio Talanquera
2023/02/25 08:30:56.462 - MENSAJE: (PRESENTER) Borrado Exitoso Variables PLC
2023/02/25 08:30:56.635 - MENSAJE: (PRESENTER) Borrado Exitoso Variables PLC
2023/02/25 08:30:57.893 - MENSAJE: Sin_Tarjeta
2023/02/25 08:30:58.887 - MENSAJE: Sin_Tarjeta
2023/02/25 08:30:59.906 - MENSAJE: Sin_Tarjeta
2023/02/25 08:31:00.883 - MENSAJE: Sin_Tarjeta
2023/02/25 08:31:01.907 - MENSAJE: Sin_Tarjeta
2023/02/25 08:31:01.930 - MENSAJE: Vehiculo En Mueble
2023/02/25 08:31:01.931 - MENSAJE: (FrontEnd Antes AlistarTarjetaNew)
2023/02/25 08:31:03.664 - MENSAJE: Tarjeta_Alistada
2023/02/25 08:31:03.700 - MENSAJE: Tarjeta Encontrada: B3259679
2023/02/25 08:31:03.701 - MENSAJE: (FrontEnd Antes CapturaPlaca) 
2023/02/25 08:31:03.826 - MENSAJE: (FrontEnd CapturaPlaca) CYM676
2023/02/25 08:31:03.827 - MENSAJE: oAutorizado.PlacaAuto : CYM676
2023/02/25 08:31:03.862 - MENSAJE: Vehiculo En Mueble
2023/02/25 08:31:05.965 - MENSAJE: Tarjeta_Escrita
2023/02/25 08:31:05.977 - MENSAJE: Tarjeta_MovidaReceptor_RF_TO_FRONT
2023/02/25 08:31:06.605 - MENSAJE: Sin_Tarjeta
2023/02/25 08:31:06.658 - MENSAJE: Talanquera Abierta
2023/02/25 08:31:06.664 - MENSAJE: (Presenter CapturaFoto) admin saf12345
2023/02/25 08:31:06.666 - MENSAJE: (Presenter CapturaFoto) COMANDO http://172.16.63.74/Streaming/channels/101/picture
2023/02/25 08:31:06.700 - MENSAJE: (Presenter CapturaFoto) Error: ALARMA CAMARA IPCamMueble
2023/02/25 08:31:06.704 - MENSAJE: (Presenter CapturaFoto) admin saf12345
2023/02/25 08:31:06.705 - MENSAJE: (Presenter CapturaFoto) COMANDO http://172.16.63.77/Streaming/channels/101/picture
2023/02/25 08:31:06.775 - MENSAJE: (Presenter CapturaFoto) Error: ALARMA CAMARA IPDomo1
2023/02/25 08:31:11.404 - MENSAJE: Vehiculo En Talanquera
2023/02/25 08:31:12.412 - MENSAJE: Vehiculo Salio Talanquera
2023/02/25 08:31:12.475 - MENSAJE: (PRESENTER) Borrado Exitoso Variables PLC
2023/02/25 08:31:12.601 - MENSAJE: (PRESENTER) Borrado Exitoso Variables PLC
2023/02/25 08:31:13.903 - MENSAJE: Sin_Tarjeta
2023/02/25 08:31:14.907 - MENSAJE: Sin_Tarjeta
2023/02/25 08:31:15.900 - MENSAJE: Sin_Tarjeta
2023/02/25 08:31:16.911 - MENSAJE: Sin_Tarjeta
2023/02/25 08:31:17.905 - MENSAJE: Sin_Tarjeta
2023/02/25 08:31:18.912 - MENSAJE: Sin_Tarjeta
2023/02/25 08:31:19.917 - MENSAJE: Sin_Tarjeta
2023/02/25 08:31:20.924 - MENSAJE: Sin_Tarjeta
2023/02/25 08:31:21.918 - MENSAJE: Sin_Tarjeta
2023/02/25 08:31:22.917 - MENSAJE: Sin_Tarjeta
2023/02/25 08:31:23.925 - MENSAJE: Sin_Tarjeta
2023/02/25 08:31:24.922 - MENSAJE: Sin_Tarjeta
2023/02/25 08:31:25.916 - MENSAJE: Sin_Tarjeta
2023/02/25 08:31:26.926 - MENSAJE: Sin_Tarjeta
2023/02/25 08:31:27.920 - MENSAJE: Sin_Tarjeta
2023/02/25 08:31:28.912 - MENSAJE: Sin_Tarjeta
2023/02/25 08:31:29.921 - MENSAJE: Sin_Tarjeta
2023/02/25 08:31:30.913 - MENSAJE: Sin_Tarjeta
2023/02/25 08:31:31.923 - MENSAJE: Sin_Tarjeta
2023/02/25 08:31:32.919 - MENSAJE: Sin_Tarjeta
2023/02/25 08:31:33.913 - MENSAJE: Sin_Tarjeta
2023/02/25 08:31:34.922 - MENSAJE: Sin_Tarjeta
2023/02/25 08:31:35.919 - MENSAJE: Sin_Tarjeta
2023/02/25 08:31:36.930 - MENSAJE: Sin_Tarjeta
2023/02/25 08:31:37.926 - MENSAJE: Sin_Tarjeta
2023/02/25 08:31:38.921 - MENSAJE: Sin_Tarjeta
2023/02/25 08:31:39.926 - MENSAJE: Sin_Tarjeta
2023/02/25 08:31:40.918 - MENSAJE: Sin_Tarjeta
2023/02/25 08:31:41.926 - MENSAJE: Sin_Tarjeta
2023/02/25 08:31:42.925 - MENSAJE: Sin_Tarjeta
2023/02/25 08:31:43.922 - MENSAJE: Sin_Tarjeta
2023/02/25 08:31:44.927 - MENSAJE: Sin_Tarjeta
2023/02/25 08:31:45.920 - MENSAJE: Sin_Tarjeta
2023/02/25 08:31:46.913 - MENSAJE: Sin_Tarjeta
2023/02/25 08:31:47.918 - MENSAJE: Sin_Tarjeta
2023/02/25 08:31:48.931 - MENSAJE: Sin_Tarjeta
2023/02/25 08:31:49.925 - MENSAJE: Sin_Tarjeta
2023/02/25 08:31:50.920 - MENSAJE: Sin_Tarjeta
2023/02/25 08:31:51.910 - MENSAJE: Sin_Tarjeta
2023/02/25 08:31:52.922 - MENSAJE: Sin_Tarjeta
2023/02/25 08:31:53.916 - MENSAJE: Sin_Tarjeta
2023/02/25 08:31:54.924 - MENSAJE: Sin_Tarjeta
2023/02/25 08:31:55.919 - MENSAJE: Sin_Tarjeta
2023/02/25 08:31:56.930 - MENSAJE: Sin_Tarjeta
2023/02/25 08:31:57.925 - MENSAJE: Sin_Tarjeta
2023/02/25 08:31:57.945 - MENSAJE: Vehiculo En Mueble
2023/02/25 08:31:57.946 - MENSAJE: (FrontEnd Antes AlistarTarjetaNew)
2023/02/25 08:31:59.684 - MENSAJE: Tarjeta_Alistada
2023/02/25 08:31:59.714 - MENSAJE: Tarjeta Encontrada: F6D14428
2023/02/25 08:31:59.715 - MENSAJE: (FrontEnd Antes CapturaPlaca) 
2023/02/25 08:31:59.842 - MENSAJE: (FrontEnd CapturaPlaca) IPS116
2023/02/25 08:31:59.842 - MENSAJE: oAutorizado.PlacaAuto : IPS116
2023/02/25 08:31:59.881 - MENSAJE: Vehiculo En Mueble
2023/02/25 08:32:02.003 - MENSAJE: Tarjeta_Escrita
2023/02/25 08:32:02.014 - MENSAJE: Tarjeta_MovidaReceptor_RF_TO_FRONT
2023/02/25 08:32:02.722 - MENSAJE: Sin_Tarjeta
2023/02/25 08:32:02.775 - MENSAJE: Talanquera Abierta
2023/02/25 08:32:02.781 - MENSAJE: (Presenter CapturaFoto) admin saf12345
2023/02/25 08:32:02.782 - MENSAJE: (Presenter CapturaFoto) COMANDO http://172.16.63.74/Streaming/channels/101/picture
2023/02/25 08:32:02.818 - MENSAJE: (Presenter CapturaFoto) Error: ALARMA CAMARA IPCamMueble
2023/02/25 08:32:02.819 - MENSAJE: (Presenter CapturaFoto) admin saf12345
2023/02/25 08:32:02.820 - MENSAJE: (Presenter CapturaFoto) COMANDO http://172.16.63.77/Streaming/channels/101/picture
2023/02/25 08:32:02.878 - MENSAJE: (Presenter CapturaFoto) Error: ALARMA CAMARA IPDomo1
2023/02/25 08:32:06.423 - MENSAJE: Vehiculo En Talanquera
2023/02/25 08:32:07.421 - MENSAJE: Vehiculo Salio Talanquera
2023/02/25 08:32:07.486 - MENSAJE: (PRESENTER) Borrado Exitoso Variables PLC
2023/02/25 08:32:07.610 - MENSAJE: (PRESENTER) Borrado Exitoso Variables PLC
2023/02/25 08:32:08.927 - MENSAJE: Sin_Tarjeta
2023/02/25 08:32:09.925 - MENSAJE: Sin_Tarjeta
2023/02/25 08:32:10.918 - MENSAJE: Sin_Tarjeta
2023/02/25 08:32:10.940 - MENSAJE: Vehiculo En Mueble
2023/02/25 08:32:10.940 - MENSAJE: (FrontEnd Antes AlistarTarjetaNew)
2023/02/25 08:32:12.675 - MENSAJE: Tarjeta_Alistada
2023/02/25 08:32:12.705 - MENSAJE: Tarjeta Encontrada: 33849879
2023/02/25 08:32:12.705 - MENSAJE: (FrontEnd Antes CapturaPlaca) 
2023/02/25 08:32:12.821 - MENSAJE: (FrontEnd CapturaPlaca) PIS905
2023/02/25 08:32:12.821 - MENSAJE: oAutorizado.PlacaAuto : PIS905
2023/02/25 08:32:12.872 - MENSAJE: Vehiculo En Mueble
2023/02/25 08:32:14.993 - MENSAJE: Tarjeta_Escrita
2023/02/25 08:32:15.004 - MENSAJE: Tarjeta_MovidaReceptor_RF_TO_FRONT
2023/02/25 08:32:15.691 - MENSAJE: Sin_Tarjeta
2023/02/25 08:32:15.744 - MENSAJE: Talanquera Abierta
2023/02/25 08:32:15.750 - MENSAJE: (Presenter CapturaFoto) admin saf12345
2023/02/25 08:32:15.751 - MENSAJE: (Presenter CapturaFoto) COMANDO http://172.16.63.74/Streaming/channels/101/picture
2023/02/25 08:32:15.783 - MENSAJE: (Presenter CapturaFoto) Error: ALARMA CAMARA IPCamMueble
2023/02/25 08:32:15.785 - MENSAJE: (Presenter CapturaFoto) admin saf12345
2023/02/25 08:32:15.787 - MENSAJE: (Presenter CapturaFoto) COMANDO http://172.16.63.77/Streaming/channels/101/picture
2023/02/25 08:32:15.840 - MENSAJE: (Presenter CapturaFoto) Error: ALARMA CAMARA IPDomo1
2023/02/25 08:32:21.422 - MENSAJE: Vehiculo En Talanquera
2023/02/25 08:32:22.428 - MENSAJE: Vehiculo Salio Talanquera
2023/02/25 08:32:22.491 - MENSAJE: (PRESENTER) Borrado Exitoso Variables PLC
2023/02/25 08:32:22.603 - MENSAJE: (PRESENTER) Borrado Exitoso Variables PLC
2023/02/25 08:32:23.953 - MENSAJE: Sin_Tarjeta
2023/02/25 08:32:24.927 - MENSAJE: Sin_Tarjeta
2023/02/25 08:32:25.935 - MENSAJE: Sin_Tarjeta
2023/02/25 08:32:26.927 - MENSAJE: Sin_Tarjeta
2023/02/25 08:32:27.938 - MENSAJE: Sin_Tarjeta
2023/02/25 08:32:28.935 - MENSAJE: Sin_Tarjeta
2023/02/25 08:32:29.931 - MENSAJE: Sin_Tarjeta
2023/02/25 08:32:30.928 - MENSAJE: Sin_Tarjeta
2023/02/25 08:32:31.941 - MENSAJE: Sin_Tarjeta
2023/02/25 08:32:32.935 - MENSAJE: Sin_Tarjeta
2023/02/25 08:32:33.936 - MENSAJE: Sin_Tarjeta
2023/02/25 08:32:34.926 - MENSAJE: Sin_Tarjeta
2023/02/25 08:32:35.929 - MENSAJE: Sin_Tarjeta
2023/02/25 08:32:36.936 - MENSAJE: Sin_Tarjeta
2023/02/25 08:32:37.925 - MENSAJE: Sin_Tarjeta
2023/02/25 08:32:38.937 - MENSAJE: Sin_Tarjeta
2023/02/25 08:32:39.934 - MENSAJE: Sin_Tarjeta
2023/02/25 08:32:40.924 - MENSAJE: Sin_Tarjeta
2023/02/25 08:32:41.931 - MENSAJE: Sin_Tarjeta
2023/02/25 08:32:42.942 - MENSAJE: Sin_Tarjeta
2023/02/25 08:32:43.936 - MENSAJE: Sin_Tarjeta
2023/02/25 08:32:44.933 - MENSAJE: Sin_Tarjeta
2023/02/25 08:32:45.940 - MENSAJE: Sin_Tarjeta
2023/02/25 08:32:46.934 - MENSAJE: Sin_Tarjeta
2023/02/25 08:32:47.932 - MENSAJE: Sin_Tarjeta
2023/02/25 08:32:48.931 - MENSAJE: Sin_Tarjeta
2023/02/25 08:32:49.942 - MENSAJE: Sin_Tarjeta
2023/02/25 08:32:50.953 - MENSAJE: Sin_Tarjeta
2023/02/25 08:32:51.947 - MENSAJE: Sin_Tarjeta
2023/02/25 08:32:52.956 - MENSAJE: Sin_Tarjeta
2023/02/25 08:32:53.968 - MENSAJE: Sin_Tarjeta
2023/02/25 08:32:54.964 - MENSAJE: Sin_Tarjeta
2023/02/25 08:32:55.961 - MENSAJE: Sin_Tarjeta
2023/02/25 08:32:56.971 - MENSAJE: Sin_Tarjeta
2023/02/25 08:32:57.964 - MENSAJE: Sin_Tarjeta
2023/02/25 08:32:58.962 - MENSAJE: Sin_Tarjeta
2023/02/25 08:32:59.971 - MENSAJE: Sin_Tarjeta
2023/02/25 08:33:00.964 - MENSAJE: Sin_Tarjeta
2023/02/25 08:33:01.958 - MENSAJE: Sin_Tarjeta
2023/02/25 08:33:02.966 - MENSAJE: Sin_Tarjeta
2023/02/25 08:33:03.974 - MENSAJE: Sin_Tarjeta
2023/02/25 08:33:04.966 - MENSAJE: Sin_Tarjeta
2023/02/25 08:33:05.960 - MENSAJE: Sin_Tarjeta
2023/02/25 08:33:06.972 - MENSAJE: Sin_Tarjeta
2023/02/25 08:33:07.964 - MENSAJE: Sin_Tarjeta
2023/02/25 08:33:08.960 - MENSAJE: Sin_Tarjeta
2023/02/25 08:33:09.971 - MENSAJE: Sin_Tarjeta
2023/02/25 08:33:10.966 - MENSAJE: Sin_Tarjeta
2023/02/25 08:33:11.966 - MENSAJE: Sin_Tarjeta
2023/02/25 08:33:12.956 - MENSAJE: Sin_Tarjeta
2023/02/25 08:33:13.963 - MENSAJE: Sin_Tarjeta
2023/02/25 08:33:14.963 - MENSAJE: Sin_Tarjeta
2023/02/25 08:33:15.969 - MENSAJE: Sin_Tarjeta
2023/02/25 08:33:16.957 - MENSAJE: Sin_Tarjeta
2023/02/25 08:33:26.772 - INICIO REGISTRO
2023/02/25 08:33:26.784 - MENSAJE: (FrondEnd CargaRecursos): Carga Controles - OK
2023/02/25 08:33:26.948 - MENSAJE: (FrondEnd CargaImagenes): Carga Imagenes - OK
2023/02/25 08:33:32.203 - MENSAJE: (Presenter ObtenerInfoModulo) OK
2023/02/25 08:33:32.241 - MENSAJE: (Presenter ObtenerInfoPartes) OK
2023/02/25 08:33:32.264 - MENSAJE: (Presenter ObtenerInfoParametros) OK
2023/02/25 08:33:32.482 - MENSAJE: (PRESENTER) Conexion Exitosa PLC
2023/02/25 08:33:32.685 - MENSAJE: (PRESENTER) Borrado Exitoso Variables PLC
2023/02/25 08:33:32.732 - MENSAJE: ConexionExitosa_Dispensador
2023/02/25 08:33:32.809 - MENSAJE: (PRESENTER) Borrado Exitoso Variables PLC
2023/02/25 08:33:33.494 - MENSAJE: Sin_Tarjeta
2023/02/25 08:33:33.547 - MENSAJE: Vehiculo En Mueble
2023/02/25 08:33:33.548 - MENSAJE: (FrontEnd Antes AlistarTarjetaNew)
2023/02/25 08:33:35.293 - MENSAJE: Tarjeta_Alistada
2023/02/25 08:33:35.334 - MENSAJE: Tarjeta Encontrada: 26D42627
2023/02/25 08:33:35.335 - MENSAJE: (FrontEnd Antes CapturaPlaca) 
2023/02/25 08:33:35.473 - MENSAJE: (FrontEnd CapturaPlaca) SUF915
2023/02/25 08:33:35.474 - MENSAJE: oAutorizado.PlacaAuto : SUF915
2023/02/25 08:33:35.522 - MENSAJE: Vehiculo En Mueble
2023/02/25 08:33:37.654 - MENSAJE: Tarjeta_Escrita
2023/02/25 08:33:37.667 - MENSAJE: Tarjeta_MovidaReceptor_RF_TO_FRONT
2023/02/25 08:33:38.404 - MENSAJE: Sin_Tarjeta
2023/02/25 08:33:38.425 - MENSAJE: Talanquera Abierta
2023/02/25 08:33:38.437 - MENSAJE: (Presenter CapturaFoto) admin saf12345
2023/02/25 08:33:38.440 - MENSAJE: (Presenter CapturaFoto) COMANDO http://172.16.63.74/Streaming/channels/101/picture
2023/02/25 08:33:38.505 - MENSAJE: (Presenter CapturaFoto) Error: ALARMA CAMARA IPCamMueble
2023/02/25 08:33:38.506 - MENSAJE: (Presenter CapturaFoto) admin saf12345
2023/02/25 08:33:38.514 - MENSAJE: (Presenter CapturaFoto) COMANDO http://172.16.63.77/Streaming/channels/101/picture
2023/02/25 08:33:38.560 - MENSAJE: (Presenter CapturaFoto) Error: ALARMA CAMARA IPDomo1
2023/02/25 08:33:42.815 - MENSAJE: Vehiculo En Talanquera
2023/02/25 08:33:43.829 - MENSAJE: Vehiculo Salio Talanquera
2023/02/25 08:33:43.891 - MENSAJE: (PRESENTER) Borrado Exitoso Variables PLC
2023/02/25 08:33:44.062 - MENSAJE: (PRESENTER) Borrado Exitoso Variables PLC
2023/02/25 08:33:45.316 - MENSAJE: Sin_Tarjeta
2023/02/25 08:33:46.325 - MENSAJE: Sin_Tarjeta
2023/02/25 08:33:46.346 - MENSAJE: Vehiculo En Mueble
2023/02/25 08:33:46.347 - MENSAJE: (FrontEnd Antes AlistarTarjetaNew)
2023/02/25 08:33:48.079 - MENSAJE: Tarjeta_Alistada
2023/02/25 08:33:48.107 - MENSAJE: Tarjeta Encontrada: D6BC2627
2023/02/25 08:33:48.108 - MENSAJE: (FrontEnd Antes CapturaPlaca) 
2023/02/25 08:33:48.225 - MENSAJE: (FrontEnd CapturaPlaca) HHK985
2023/02/25 08:33:48.226 - MENSAJE: oAutorizado.PlacaAuto : HHK985
2023/02/25 08:33:48.261 - MENSAJE: Vehiculo En Mueble
2023/02/25 08:33:50.386 - MENSAJE: Tarjeta_Escrita
2023/02/25 08:33:50.398 - MENSAJE: Tarjeta_MovidaReceptor_RF_TO_FRONT
2023/02/25 08:33:51.026 - MENSAJE: Tarjeta_En_Boca
2023/02/25 08:33:51.026 - MENSAJE: Tarjeta_En_Boca
2023/02/25 08:33:51.027 - MENSAJE: oAutorizado.PlacaAuto : HHK985
2023/02/25 08:33:51.065 - MENSAJE: Vehiculo En Mueble
2023/02/25 08:33:52.310 - MENSAJE: Tarjeta_En_Boca
2023/02/25 08:33:52.310 - MENSAJE: Tarjeta_En_Boca
2023/02/25 08:33:52.343 - MENSAJE: Vehiculo En Mueble
2023/02/25 08:33:52.953 - MENSAJE: Sin_Tarjeta
2023/02/25 08:33:53.007 - MENSAJE: Talanquera Abierta
2023/02/25 08:33:53.013 - MENSAJE: (Presenter CapturaFoto) admin saf12345
2023/02/25 08:33:53.014 - MENSAJE: (Presenter CapturaFoto) COMANDO http://172.16.63.74/Streaming/channels/101/picture
2023/02/25 08:33:53.072 - MENSAJE: (Presenter CapturaFoto) Error: ALARMA CAMARA IPCamMueble
2023/02/25 08:33:53.073 - MENSAJE: (Presenter CapturaFoto) admin saf12345
2023/02/25 08:33:53.073 - MENSAJE: (Presenter CapturaFoto) COMANDO http://172.16.63.77/Streaming/channels/101/picture
2023/02/25 08:33:53.154 - MENSAJE: (Presenter CapturaFoto) Error: ALARMA CAMARA IPDomo1
2023/02/25 08:33:56.820 - MENSAJE: Vehiculo En Talanquera
2023/02/25 08:33:57.824 - MENSAJE: Vehiculo Salio Talanquera
2023/02/25 08:33:57.885 - MENSAJE: (PRESENTER) Borrado Exitoso Variables PLC
2023/02/25 08:33:57.947 - MENSAJE: (PRESENTER) Borrado Exitoso Variables PLC
2023/02/25 08:33:59.317 - MENSAJE: Sin_Tarjeta
2023/02/25 08:34:27.052 - INICIO REGISTRO
2023/02/25 08:34:27.062 - MENSAJE: (FrondEnd CargaRecursos): Carga Controles - OK
2023/02/25 08:34:27.185 - MENSAJE: (FrondEnd CargaImagenes): Carga Imagenes - OK
2023/02/25 08:34:32.490 - MENSAJE: (Presenter ObtenerInfoModulo) OK
2023/02/25 08:34:32.518 - MENSAJE: (Presenter ObtenerInfoPartes) OK
2023/02/25 08:34:32.543 - MENSAJE: (Presenter ObtenerInfoParametros) OK
2023/02/25 08:34:32.754 - MENSAJE: (PRESENTER) Conexion Exitosa PLC
2023/02/25 08:34:32.943 - MENSAJE: (PRESENTER) Borrado Exitoso Variables PLC
2023/02/25 08:34:32.990 - MENSAJE: ConexionExitosa_Dispensador
2023/02/25 08:34:33.085 - MENSAJE: (PRESENTER) Borrado Exitoso Variables PLC
2023/02/25 08:34:33.725 - MENSAJE: Sin_Tarjeta
2023/02/25 08:34:34.592 - MENSAJE: Sin_Tarjeta
2023/02/25 08:34:35.586 - MENSAJE: Sin_Tarjeta
2023/02/25 08:34:36.587 - MENSAJE: Sin_Tarjeta
2023/02/25 08:34:37.586 - MENSAJE: Sin_Tarjeta
2023/02/25 08:34:38.582 - MENSAJE: Sin_Tarjeta
2023/02/25 08:34:39.596 - MENSAJE: Sin_Tarjeta
2023/02/25 08:34:40.594 - MENSAJE: Sin_Tarjeta
2023/02/25 08:34:41.590 - MENSAJE: Sin_Tarjeta
2023/02/25 08:34:42.589 - MENSAJE: Sin_Tarjeta
2023/02/25 08:34:43.588 - MENSAJE: Sin_Tarjeta
2023/02/25 08:34:44.597 - MENSAJE: Sin_Tarjeta
2023/02/25 08:34:45.590 - MENSAJE: Sin_Tarjeta
2023/02/25 08:34:46.587 - MENSAJE: Sin_Tarjeta
2023/02/25 08:34:47.585 - MENSAJE: Sin_Tarjeta
2023/02/25 08:34:48.591 - MENSAJE: Sin_Tarjeta
2023/02/25 08:34:49.587 - MENSAJE: Sin_Tarjeta
2023/02/25 08:34:50.581 - MENSAJE: Sin_Tarjeta
2023/02/25 08:34:51.592 - MENSAJE: Sin_Tarjeta
2023/02/25 08:34:52.587 - MENSAJE: Sin_Tarjeta
2023/02/25 08:34:52.608 - MENSAJE: Vehiculo En Mueble
2023/02/25 08:34:52.609 - MENSAJE: (FrontEnd Antes AlistarTarjetaNew)
2023/02/25 08:34:54.360 - MENSAJE: Tarjeta_Alistada
2023/02/25 08:34:54.405 - MENSAJE: Tarjeta Encontrada: 64154CED
2023/02/25 08:34:54.406 - MENSAJE: (FrontEnd Antes CapturaPlaca) 
2023/02/25 08:34:58.347 - MENSAJE: (FrontEnd CapturaPlaca) HDM257
2023/02/25 08:35:00.743 - MENSAJE: oAutorizado.PlacaAuto : HDM257
2023/02/25 08:35:17.673 - MENSAJE: Talanquera Abierta
2023/02/25 08:35:41.096 - MENSAJE: Vehiculo En Talanquera
2023/02/25 08:35:42.104 - MENSAJE: Vehiculo Salio Talanquera
2023/02/25 08:35:42.168 - MENSAJE: (PRESENTER) Borrado Exitoso Variables PLC
2023/02/25 08:35:42.264 - MENSAJE: (PRESENTER) Borrado Exitoso Variables PLC
2023/02/25 08:35:43.618 - MENSAJE: Vehiculo En Mueble
2023/02/25 08:35:43.619 - MENSAJE: (FrontEnd Antes AlistarTarjetaNew)
2023/02/25 08:35:45.367 - MENSAJE: Tarjeta_Alistada
2023/02/25 08:35:45.395 - MENSAJE: Tarjeta Encontrada: 64154CED
2023/02/25 08:35:45.396 - MENSAJE: (FrontEnd Antes CapturaPlaca) 
